2018-11-08 17:53:30 ERROR Crawler:264 - [ERR URL] http://domeggook.com/8125503?sfc=ttl&sf=ttl&sw=%B1%E8
2018-11-08 17:53:30 ERROR Crawler:267 - L ERR_WRITE : Contents write failed : Duplicate entry '8125503' for key 'PRIMARY'
2018-11-08 17:53:30 ERROR Crawler:250 - Session ID is null. Using WebDriver after calling quit()?
Build info: version: '3.11.0', revision: 'e59cfb3', time: '2018-03-11T20:26:55.152Z'
System info: host: 'LAPTOP-94HKRVCK', ip: '192.168.56.1', os.name: 'Windows 10', os.arch: 'amd64', os.version: '10.0', java.version: '1.8.0_161'
Driver info: driver.version: RemoteWebDriver
org.openqa.selenium.NoSuchSessionException: Session ID is null. Using WebDriver after calling quit()?
Build info: version: '3.11.0', revision: 'e59cfb3', time: '2018-03-11T20:26:55.152Z'
System info: host: 'LAPTOP-94HKRVCK', ip: '192.168.56.1', os.name: 'Windows 10', os.arch: 'amd64', os.version: '10.0', java.version: '1.8.0_161'
Driver info: driver.version: RemoteWebDriver
	at org.openqa.selenium.remote.HttpCommandExecutor.execute(HttpCommandExecutor.java:125)
	at org.openqa.selenium.remote.service.DriverCommandExecutor.execute(DriverCommandExecutor.java:83)
	at org.openqa.selenium.remote.RemoteWebDriver.execute(RemoteWebDriver.java:545)
	at org.openqa.selenium.remote.RemoteWebDriver$RemoteWebDriverOptions$RemoteWindow.setSize(RemoteWebDriver.java:801)
	at com.onycom.crawler.scraper.SeleniumScraper.connectSelenium(SeleniumScraper.java:363)
	at com.onycom.crawler.scraper.SeleniumScraper.open(SeleniumScraper.java:51)
	at com.onycom.SettingBasedCrawler.Crawler$1.start(Crawler.java:246)
	at com.onycom.crawler.core.WorkManager.start(WorkManager.java:83)
	at com.onycom.SettingBasedCrawler.Crawler.start(Crawler.java:207)
	at com.onycom.SettingBasedCrawler.App.main(App.java:57)
2018-11-08 17:53:30 ERROR Crawler:255 - Can't start Crawler. Initialization failed.
