2018-11-02 15:26:40 INFO  Crawler:218 - ============== Start Crawler =============
2018-11-02 15:26:40 INFO  Crawler:219 - CONFIG FILE    : ./config/config_action.json
2018-11-02 15:26:40 INFO  Crawler:221 - CMD PARAM 00   : 그래픽카드
2018-11-02 15:26:40 INFO  Crawler:223 - CRAWLER NAME   : 액션기반_크롤링
2018-11-02 15:26:40 INFO  Crawler:224 - CRAWLER TYPE   : SCENARIO_DYNAMIC
2018-11-02 15:26:40 INFO  Crawler:225 - IGNORE ROBOTS  : false
2018-11-02 15:26:40 INFO  Crawler:226 - LIMIT_COUNT    : 16
2018-11-02 15:26:40 INFO  Crawler:227 - FILTER COUNT   : 0
2018-11-02 15:26:40 INFO  Crawler:231 - SCENARIO COUNT : 2
2018-11-02 15:26:40 INFO  Crawler:232 - COLLECT COUNT  : 1
2018-11-02 15:26:40 INFO  Crawler:233 - SAVE TYPE      : CSV
2018-11-02 15:26:40 INFO  Crawler:234 - SAVE HTML      : true
2018-11-02 15:26:40 INFO  Crawler:235 - ==========================================
2018-11-02 15:26:48 INFO  Crawler:264 - [Progress 1] save : 0, err : 0, remain_work : 1, total : 2
2018-11-02 15:26:50 INFO  Crawler:264 - [Progress 2] save : 0, err : 0, remain_work : 3, total : 5
2018-11-02 15:27:00 ERROR Crawler:257 - [ERR URL] http://www.naver.com?search_keyword=%EA%B7%B8%EB%9E%98%ED%94%BD%EC%B9%B4%EB%93%9C
2018-11-02 15:27:00 ERROR Crawler:260 - L ERR_ACTION : #search_deal_area > li:nth-child(1) > span > a > span.box_desc > strong.tit_desc
2018-11-02 15:27:00 INFO  Crawler:264 - [Progress 3] save : 0, err : 1, remain_work : 2, total : 5
2018-11-02 15:27:10 ERROR Crawler:257 - [ERR URL] http://www.naver.com?search_keyword=%EA%B7%B8%EB%9E%98%ED%94%BD%EC%B9%B4%EB%93%9C
2018-11-02 15:27:10 ERROR Crawler:260 - L ERR_ACTION : #search_deal_area > li:nth-child(1) > span > a > span.box_desc > strong.tit_desc
2018-11-02 15:27:10 INFO  Crawler:264 - [Progress 4] save : 0, err : 2, remain_work : 1, total : 5
2018-11-02 15:27:21 ERROR Crawler:257 - [ERR URL] http://www.naver.com?search_keyword=%EA%B7%B8%EB%9E%98%ED%94%BD%EC%B9%B4%EB%93%9C
2018-11-02 15:27:21 ERROR Crawler:260 - L ERR_ACTION : #search_deal_area > li:nth-child(1) > span > a > span.box_desc > strong.tit_desc
2018-11-02 15:27:21 INFO  Crawler:264 - [Progress 5] save : 0, err : 3, remain_work : 0, total : 5
2018-11-02 15:27:21 INFO  Crawler:298 - ============== Finish Crawler =============
2018-11-02 15:27:21 INFO  Crawler:299 - [total time] 00:00:40
2018-11-02 15:27:21 INFO  Crawler:300 - [save contents] 0
2018-11-02 15:27:21 INFO  Crawler:301 - [error work] 3
2018-11-02 15:27:21 INFO  Crawler:302 - [remain work] 0
2018-11-02 15:27:21 INFO  Crawler:303 - [total processed work] 5
