2018-11-18 18:29:32 ERROR Crawler:288 - [ERR URL] https://search.shopping.naver.com/search/all.nhn?frm=NVSHATC&pagingSize=80&query=%EA%B8%B0%EC%95%84
2018-11-18 18:29:32 ERROR Crawler:292 - L ERR_CONTENTS_COL : category, span.depth > a, text
2018-11-18 18:29:32 ERROR Crawler:292 - L ERR_CONTENTS_COL : category, span.depth > a, text
2018-11-18 18:29:32 ERROR Crawler:292 - L ERR_CONTENTS_COL : category, span.depth > a, text
2018-11-18 18:29:32 ERROR Crawler:292 - L ERR_CONTENTS_COL : category, span.depth > a, text
2018-11-18 18:29:32 ERROR Crawler:292 - L ERR_CONTENTS_COL : category, span.depth > a, text
2018-11-18 18:29:32 ERROR Crawler:292 - L ERR_CONTENTS_COL : category, span.depth > a, text
2018-11-18 18:29:32 ERROR Crawler:292 - L ERR_CONTENTS_COL : category, span.depth > a, text
2018-11-18 18:29:32 ERROR Crawler:292 - L ERR_CONTENTS_COL : category, span.depth > a, text
2018-11-18 18:29:32 ERROR Crawler:292 - L ERR_WRITE : Contents write failed : [SQLITE_CONSTRAINT]  Abort due to constraint violation (UNIQUE constraint failed: DATA.GOODS_ID)
2018-11-18 18:29:32 ERROR Crawler:292 - L ERR_WRITE : Contents write failed : [SQLITE_CONSTRAINT]  Abort due to constraint violation (UNIQUE constraint failed: DATA.GOODS_ID)
2018-11-18 18:29:32 ERROR Crawler:292 - L ERR_WRITE : Contents write failed : [SQLITE_CONSTRAINT]  Abort due to constraint violation (UNIQUE constraint failed: DATA.GOODS_ID)
2018-11-18 18:29:32 ERROR Crawler:292 - L ERR_WRITE : Contents write failed : [SQLITE_CONSTRAINT]  Abort due to constraint violation (UNIQUE constraint failed: DATA.GOODS_ID)
2018-11-18 18:29:32 ERROR Crawler:292 - L ERR_WRITE : Contents write failed : [SQLITE_CONSTRAINT]  Abort due to constraint violation (UNIQUE constraint failed: DATA.GOODS_ID)
2018-11-18 18:29:32 ERROR Crawler:292 - L ERR_WRITE : Contents write failed : [SQLITE_CONSTRAINT]  Abort due to constraint violation (UNIQUE constraint failed: DATA.GOODS_ID)
2018-11-18 18:29:32 ERROR Crawler:292 - L ERR_WRITE : Contents write failed : [SQLITE_CONSTRAINT]  Abort due to constraint violation (UNIQUE constraint failed: DATA.GOODS_ID)
2018-11-18 18:29:32 ERROR Crawler:292 - L ERR_WRITE : Contents write failed : [SQLITE_CONSTRAINT]  Abort due to constraint violation (UNIQUE constraint failed: DATA.GOODS_ID)
2018-11-18 18:29:32 ERROR Crawler:292 - L ERR_WRITE : Contents write failed : [SQLITE_CONSTRAINT]  Abort due to constraint violation (UNIQUE constraint failed: DATA.GOODS_ID)
2018-11-18 18:29:32 ERROR Crawler:292 - L ERR_WRITE : Contents write failed : [SQLITE_CONSTRAINT]  Abort due to constraint violation (UNIQUE constraint failed: DATA.GOODS_ID)
2018-11-18 18:29:32 ERROR Crawler:292 - L ERR_WRITE : Contents write failed : [SQLITE_CONSTRAINT]  Abort due to constraint violation (UNIQUE constraint failed: DATA.GOODS_ID)
2018-11-18 18:29:32 ERROR Crawler:292 - L ERR_WRITE : Contents write failed : [SQLITE_CONSTRAINT]  Abort due to constraint violation (UNIQUE constraint failed: DATA.GOODS_ID)
2018-11-18 18:29:32 ERROR Crawler:292 - L ERR_WRITE : Contents write failed : [SQLITE_CONSTRAINT]  Abort due to constraint violation (UNIQUE constraint failed: DATA.GOODS_ID)
2018-11-18 18:29:32 ERROR Crawler:292 - L ERR_WRITE : Contents write failed : [SQLITE_CONSTRAINT]  Abort due to constraint violation (UNIQUE constraint failed: DATA.GOODS_ID)
2018-11-18 18:29:32 ERROR Crawler:292 - L ERR_WRITE : Contents write failed : [SQLITE_CONSTRAINT]  Abort due to constraint violation (UNIQUE constraint failed: DATA.GOODS_ID)
2018-11-18 18:29:32 ERROR Crawler:292 - L ERR_WRITE : Contents write failed : [SQLITE_CONSTRAINT]  Abort due to constraint violation (UNIQUE constraint failed: DATA.GOODS_ID)
2018-11-18 18:29:32 ERROR Crawler:292 - L ERR_WRITE : Contents write failed : [SQLITE_CONSTRAINT]  Abort due to constraint violation (UNIQUE constraint failed: DATA.GOODS_ID)
2018-11-18 18:29:32 ERROR Crawler:292 - L ERR_WRITE : Contents write failed : [SQLITE_CONSTRAINT]  Abort due to constraint violation (UNIQUE constraint failed: DATA.GOODS_ID)
2018-11-18 18:29:32 ERROR Crawler:292 - L ERR_WRITE : Contents write failed : [SQLITE_CONSTRAINT]  Abort due to constraint violation (UNIQUE constraint failed: DATA.GOODS_ID)
2018-11-18 18:29:32 ERROR Crawler:292 - L ERR_WRITE : Contents write failed : [SQLITE_CONSTRAINT]  Abort due to constraint violation (UNIQUE constraint failed: DATA.GOODS_ID)
2018-11-18 18:29:32 ERROR Crawler:292 - L ERR_WRITE : Contents write failed : [SQLITE_CONSTRAINT]  Abort due to constraint violation (UNIQUE constraint failed: DATA.GOODS_ID)
2018-11-18 18:29:32 ERROR Crawler:292 - L ERR_WRITE : Contents write failed : [SQLITE_CONSTRAINT]  Abort due to constraint violation (UNIQUE constraint failed: DATA.GOODS_ID)
2018-11-18 18:29:32 ERROR Crawler:292 - L ERR_WRITE : Contents write failed : [SQLITE_CONSTRAINT]  Abort due to constraint violation (UNIQUE constraint failed: DATA.GOODS_ID)
2018-11-18 18:29:32 ERROR Crawler:292 - L ERR_WRITE : Contents write failed : [SQLITE_CONSTRAINT]  Abort due to constraint violation (UNIQUE constraint failed: DATA.GOODS_ID)
2018-11-18 18:29:32 ERROR Crawler:292 - L ERR_WRITE : Contents write failed : [SQLITE_CONSTRAINT]  Abort due to constraint violation (UNIQUE constraint failed: DATA.GOODS_ID)
2018-11-18 18:29:32 ERROR Crawler:292 - L ERR_WRITE : Contents write failed : [SQLITE_CONSTRAINT]  Abort due to constraint violation (UNIQUE constraint failed: DATA.GOODS_ID)
2018-11-18 18:29:32 ERROR Crawler:292 - L ERR_WRITE : Contents write failed : [SQLITE_CONSTRAINT]  Abort due to constraint violation (UNIQUE constraint failed: DATA.GOODS_ID)
2018-11-18 18:29:32 ERROR Crawler:292 - L ERR_WRITE : Contents write failed : [SQLITE_CONSTRAINT]  Abort due to constraint violation (UNIQUE constraint failed: DATA.GOODS_ID)
2018-11-18 18:29:32 ERROR Crawler:292 - L ERR_WRITE : Contents write failed : [SQLITE_CONSTRAINT]  Abort due to constraint violation (UNIQUE constraint failed: DATA.GOODS_ID)
2018-11-18 18:29:32 ERROR Crawler:292 - L ERR_WRITE : Contents write failed : [SQLITE_CONSTRAINT]  Abort due to constraint violation (UNIQUE constraint failed: DATA.GOODS_ID)
2018-11-18 18:29:32 ERROR Crawler:292 - L ERR_WRITE : Contents write failed : [SQLITE_CONSTRAINT]  Abort due to constraint violation (UNIQUE constraint failed: DATA.GOODS_ID)
2018-11-18 18:29:32 ERROR Crawler:292 - L ERR_WRITE : Contents write failed : [SQLITE_CONSTRAINT]  Abort due to constraint violation (UNIQUE constraint failed: DATA.GOODS_ID)
2018-11-18 18:29:32 ERROR Crawler:292 - L ERR_WRITE : Contents write failed : [SQLITE_CONSTRAINT]  Abort due to constraint violation (UNIQUE constraint failed: DATA.GOODS_ID)
2018-11-18 18:29:32 ERROR Crawler:292 - L ERR_WRITE : Contents write failed : [SQLITE_CONSTRAINT]  Abort due to constraint violation (UNIQUE constraint failed: DATA.GOODS_ID)
2018-11-18 18:29:32 ERROR Crawler:292 - L ERR_WRITE : Contents write failed : [SQLITE_CONSTRAINT]  Abort due to constraint violation (UNIQUE constraint failed: DATA.GOODS_ID)
2018-11-18 18:29:32 ERROR Crawler:292 - L ERR_WRITE : Contents write failed : [SQLITE_CONSTRAINT]  Abort due to constraint violation (UNIQUE constraint failed: DATA.GOODS_ID)
2018-11-18 18:29:32 ERROR Crawler:292 - L ERR_WRITE : Contents write failed : [SQLITE_CONSTRAINT]  Abort due to constraint violation (UNIQUE constraint failed: DATA.GOODS_ID)
2018-11-18 18:29:32 ERROR Crawler:292 - L ERR_WRITE : Contents write failed : [SQLITE_CONSTRAINT]  Abort due to constraint violation (UNIQUE constraint failed: DATA.GOODS_ID)
2018-11-18 18:29:32 ERROR Crawler:292 - L ERR_WRITE : Contents write failed : [SQLITE_CONSTRAINT]  Abort due to constraint violation (UNIQUE constraint failed: DATA.GOODS_ID)
2018-11-18 18:29:32 ERROR Crawler:292 - L ERR_WRITE : Contents write failed : [SQLITE_CONSTRAINT]  Abort due to constraint violation (UNIQUE constraint failed: DATA.GOODS_ID)
2018-11-18 18:29:32 ERROR Crawler:292 - L ERR_WRITE : Contents write failed : [SQLITE_CONSTRAINT]  Abort due to constraint violation (UNIQUE constraint failed: DATA.GOODS_ID)
2018-11-18 18:29:32 ERROR Crawler:292 - L ERR_WRITE : Contents write failed : [SQLITE_CONSTRAINT]  Abort due to constraint violation (UNIQUE constraint failed: DATA.GOODS_ID)
2018-11-18 18:29:32 ERROR Crawler:292 - L ERR_WRITE : Contents write failed : [SQLITE_CONSTRAINT]  Abort due to constraint violation (UNIQUE constraint failed: DATA.GOODS_ID)
2018-11-18 18:29:32 ERROR Crawler:292 - L ERR_WRITE : Contents write failed : [SQLITE_CONSTRAINT]  Abort due to constraint violation (UNIQUE constraint failed: DATA.GOODS_ID)
2018-11-18 18:29:32 ERROR Crawler:292 - L ERR_WRITE : Contents write failed : [SQLITE_CONSTRAINT]  Abort due to constraint violation (UNIQUE constraint failed: DATA.GOODS_ID)
2018-11-18 18:29:32 ERROR Crawler:292 - L ERR_WRITE : Contents write failed : [SQLITE_CONSTRAINT]  Abort due to constraint violation (UNIQUE constraint failed: DATA.GOODS_ID)
2018-11-18 18:29:32 ERROR Crawler:292 - L ERR_WRITE : Contents write failed : [SQLITE_CONSTRAINT]  Abort due to constraint violation (UNIQUE constraint failed: DATA.GOODS_ID)
2018-11-18 18:29:32 ERROR Crawler:292 - L ERR_WRITE : Contents write failed : [SQLITE_CONSTRAINT]  Abort due to constraint violation (UNIQUE constraint failed: DATA.GOODS_ID)
2018-11-18 18:29:32 ERROR Crawler:292 - L ERR_WRITE : Contents write failed : [SQLITE_CONSTRAINT]  Abort due to constraint violation (UNIQUE constraint failed: DATA.GOODS_ID)
2018-11-18 18:29:32 ERROR Crawler:292 - L ERR_WRITE : Contents write failed : [SQLITE_CONSTRAINT]  Abort due to constraint violation (UNIQUE constraint failed: DATA.GOODS_ID)
2018-11-18 18:29:32 ERROR Crawler:292 - L ERR_WRITE : Contents write failed : [SQLITE_CONSTRAINT]  Abort due to constraint violation (UNIQUE constraint failed: DATA.GOODS_ID)
2018-11-18 18:29:32 ERROR Crawler:292 - L ERR_WRITE : Contents write failed : [SQLITE_CONSTRAINT]  Abort due to constraint violation (UNIQUE constraint failed: DATA.GOODS_ID)
2018-11-18 18:29:32 ERROR Crawler:292 - L ERR_WRITE : Contents write failed : [SQLITE_CONSTRAINT]  Abort due to constraint violation (UNIQUE constraint failed: DATA.GOODS_ID)
2018-11-18 18:29:32 ERROR Crawler:292 - L ERR_WRITE : Contents write failed : [SQLITE_CONSTRAINT]  Abort due to constraint violation (UNIQUE constraint failed: DATA.GOODS_ID)
2018-11-18 18:29:32 ERROR Crawler:292 - L ERR_WRITE : Contents write failed : [SQLITE_CONSTRAINT]  Abort due to constraint violation (UNIQUE constraint failed: DATA.GOODS_ID)
2018-11-18 18:29:32 ERROR Crawler:292 - L ERR_WRITE : Contents write failed : [SQLITE_CONSTRAINT]  Abort due to constraint violation (UNIQUE constraint failed: DATA.GOODS_ID)
2018-11-18 18:29:32 ERROR Crawler:292 - L ERR_WRITE : Contents write failed : [SQLITE_CONSTRAINT]  Abort due to constraint violation (UNIQUE constraint failed: DATA.GOODS_ID)
2018-11-18 18:29:32 ERROR Crawler:292 - L ERR_WRITE : Contents write failed : [SQLITE_CONSTRAINT]  Abort due to constraint violation (UNIQUE constraint failed: DATA.GOODS_ID)
2018-11-18 18:29:32 ERROR Crawler:292 - L ERR_WRITE : Contents write failed : [SQLITE_CONSTRAINT]  Abort due to constraint violation (UNIQUE constraint failed: DATA.GOODS_ID)
2018-11-18 18:29:32 ERROR Crawler:292 - L ERR_WRITE : Contents write failed : [SQLITE_CONSTRAINT]  Abort due to constraint violation (UNIQUE constraint failed: DATA.GOODS_ID)
2018-11-18 18:29:32 ERROR Crawler:292 - L ERR_WRITE : Contents write failed : [SQLITE_CONSTRAINT]  Abort due to constraint violation (UNIQUE constraint failed: DATA.GOODS_ID)
2018-11-18 18:29:32 ERROR Crawler:292 - L ERR_WRITE : Contents write failed : [SQLITE_CONSTRAINT]  Abort due to constraint violation (UNIQUE constraint failed: DATA.GOODS_ID)
2018-11-18 18:29:32 ERROR Crawler:292 - L ERR_WRITE : Contents write failed : [SQLITE_CONSTRAINT]  Abort due to constraint violation (UNIQUE constraint failed: DATA.GOODS_ID)
2018-11-18 18:29:32 ERROR Crawler:292 - L ERR_WRITE : Contents write failed : [SQLITE_CONSTRAINT]  Abort due to constraint violation (UNIQUE constraint failed: DATA.GOODS_ID)
2018-11-18 18:29:32 ERROR Crawler:292 - L ERR_WRITE : Contents write failed : [SQLITE_CONSTRAINT]  Abort due to constraint violation (UNIQUE constraint failed: DATA.GOODS_ID)
2018-11-18 18:29:32 ERROR Crawler:292 - L ERR_WRITE : Contents write failed : [SQLITE_CONSTRAINT]  Abort due to constraint violation (UNIQUE constraint failed: DATA.GOODS_ID)
2018-11-18 18:29:32 ERROR Crawler:292 - L ERR_WRITE : Contents write failed : [SQLITE_CONSTRAINT]  Abort due to constraint violation (UNIQUE constraint failed: DATA.GOODS_ID)
2018-11-18 18:29:32 ERROR Crawler:292 - L ERR_WRITE : Contents write failed : [SQLITE_CONSTRAINT]  Abort due to constraint violation (UNIQUE constraint failed: DATA.GOODS_ID)
2018-11-18 18:29:32 ERROR Crawler:292 - L ERR_WRITE : Contents write failed : [SQLITE_CONSTRAINT]  Abort due to constraint violation (UNIQUE constraint failed: DATA.GOODS_ID)
2018-11-18 18:29:32 ERROR Crawler:292 - L ERR_WRITE : Contents write failed : [SQLITE_CONSTRAINT]  Abort due to constraint violation (UNIQUE constraint failed: DATA.GOODS_ID)
2018-11-18 18:29:32 ERROR Crawler:292 - L ERR_WRITE : Contents write failed : [SQLITE_CONSTRAINT]  Abort due to constraint violation (UNIQUE constraint failed: DATA.GOODS_ID)
2018-11-18 18:29:32 ERROR Crawler:292 - L ERR_WRITE : Contents write failed : [SQLITE_CONSTRAINT]  Abort due to constraint violation (UNIQUE constraint failed: DATA.GOODS_ID)
2018-11-18 18:29:32 ERROR Crawler:292 - L ERR_WRITE : Contents write failed : [SQLITE_CONSTRAINT]  Abort due to constraint violation (UNIQUE constraint failed: DATA.GOODS_ID)
2018-11-18 18:29:32 ERROR Crawler:292 - L ERR_WRITE : Contents write failed : [SQLITE_CONSTRAINT]  Abort due to constraint violation (UNIQUE constraint failed: DATA.GOODS_ID)
2018-11-18 18:29:32 ERROR Crawler:292 - L ERR_WRITE : Contents write failed : [SQLITE_CONSTRAINT]  Abort due to constraint violation (UNIQUE constraint failed: DATA.GOODS_ID)
2018-11-18 18:29:32 ERROR Crawler:292 - L ERR_WRITE : Contents write failed : [SQLITE_CONSTRAINT]  Abort due to constraint violation (UNIQUE constraint failed: DATA.GOODS_ID)
2018-11-18 18:29:32 ERROR Crawler:292 - L ERR_WRITE : Contents write failed : [SQLITE_CONSTRAINT]  Abort due to constraint violation (UNIQUE constraint failed: DATA.GOODS_ID)
2018-11-18 18:29:32 ERROR Crawler:292 - L ERR_WRITE : Contents write failed : [SQLITE_CONSTRAINT]  Abort due to constraint violation (UNIQUE constraint failed: DATA.GOODS_ID)
2018-11-18 18:29:32 ERROR Crawler:292 - L ERR_WRITE : Contents write failed : [SQLITE_CONSTRAINT]  Abort due to constraint violation (UNIQUE constraint failed: DATA.GOODS_ID)
2018-11-18 18:29:32 ERROR Crawler:292 - L ERR_WRITE : Contents write failed : [SQLITE_CONSTRAINT]  Abort due to constraint violation (UNIQUE constraint failed: DATA.GOODS_ID)
2018-11-18 18:29:35 ERROR Crawler:288 - [ERR URL] https://search.shopping.naver.com/search/all.nhn?frm=NVSHATC&pagingSize=80&query=%ED%98%84%EB%8C%80
2018-11-18 18:29:35 ERROR Crawler:292 - L ERR_CONTENTS_COL : category, span.depth > a, text
2018-11-18 18:29:35 ERROR Crawler:292 - L ERR_CONTENTS_COL : category, span.depth > a, text
2018-11-18 18:29:35 ERROR Crawler:292 - L ERR_CONTENTS_COL : category, span.depth > a, text
2018-11-18 18:29:35 ERROR Crawler:292 - L ERR_CONTENTS_COL : category, span.depth > a, text
2018-11-18 18:29:35 ERROR Crawler:292 - L ERR_CONTENTS_COL : category, span.depth > a, text
2018-11-18 18:29:35 ERROR Crawler:292 - L ERR_CONTENTS_COL : category, span.depth > a, text
2018-11-18 18:29:35 ERROR Crawler:292 - L ERR_CONTENTS_COL : category, span.depth > a, text
2018-11-18 18:29:35 ERROR Crawler:292 - L ERR_CONTENTS_COL : category, span.depth > a, text
2018-11-18 18:29:35 ERROR Crawler:292 - L ERR_WRITE : Contents write failed : [SQLITE_CONSTRAINT]  Abort due to constraint violation (UNIQUE constraint failed: DATA.GOODS_ID)
2018-11-18 18:29:35 ERROR Crawler:292 - L ERR_WRITE : Contents write failed : [SQLITE_CONSTRAINT]  Abort due to constraint violation (UNIQUE constraint failed: DATA.GOODS_ID)
2018-11-18 18:29:35 ERROR Crawler:292 - L ERR_WRITE : Contents write failed : [SQLITE_CONSTRAINT]  Abort due to constraint violation (UNIQUE constraint failed: DATA.GOODS_ID)
2018-11-18 18:29:35 ERROR Crawler:292 - L ERR_WRITE : Contents write failed : [SQLITE_CONSTRAINT]  Abort due to constraint violation (UNIQUE constraint failed: DATA.GOODS_ID)
2018-11-18 18:29:35 ERROR Crawler:292 - L ERR_WRITE : Contents write failed : [SQLITE_CONSTRAINT]  Abort due to constraint violation (UNIQUE constraint failed: DATA.GOODS_ID)
2018-11-18 18:29:35 ERROR Crawler:292 - L ERR_WRITE : Contents write failed : [SQLITE_CONSTRAINT]  Abort due to constraint violation (UNIQUE constraint failed: DATA.GOODS_ID)
2018-11-18 18:29:35 ERROR Crawler:292 - L ERR_WRITE : Contents write failed : [SQLITE_CONSTRAINT]  Abort due to constraint violation (UNIQUE constraint failed: DATA.GOODS_ID)
2018-11-18 18:29:35 ERROR Crawler:292 - L ERR_WRITE : Contents write failed : [SQLITE_CONSTRAINT]  Abort due to constraint violation (UNIQUE constraint failed: DATA.GOODS_ID)
2018-11-18 18:29:35 ERROR Crawler:292 - L ERR_WRITE : Contents write failed : [SQLITE_CONSTRAINT]  Abort due to constraint violation (UNIQUE constraint failed: DATA.GOODS_ID)
2018-11-18 18:29:35 ERROR Crawler:292 - L ERR_WRITE : Contents write failed : [SQLITE_CONSTRAINT]  Abort due to constraint violation (UNIQUE constraint failed: DATA.GOODS_ID)
2018-11-18 18:29:35 ERROR Crawler:292 - L ERR_WRITE : Contents write failed : [SQLITE_CONSTRAINT]  Abort due to constraint violation (UNIQUE constraint failed: DATA.GOODS_ID)
2018-11-18 18:29:35 ERROR Crawler:292 - L ERR_WRITE : Contents write failed : [SQLITE_CONSTRAINT]  Abort due to constraint violation (UNIQUE constraint failed: DATA.GOODS_ID)
2018-11-18 18:29:35 ERROR Crawler:292 - L ERR_WRITE : Contents write failed : [SQLITE_CONSTRAINT]  Abort due to constraint violation (UNIQUE constraint failed: DATA.GOODS_ID)
2018-11-18 18:29:35 ERROR Crawler:292 - L ERR_WRITE : Contents write failed : [SQLITE_CONSTRAINT]  Abort due to constraint violation (UNIQUE constraint failed: DATA.GOODS_ID)
2018-11-18 18:29:35 ERROR Crawler:292 - L ERR_WRITE : Contents write failed : [SQLITE_CONSTRAINT]  Abort due to constraint violation (UNIQUE constraint failed: DATA.GOODS_ID)
2018-11-18 18:29:35 ERROR Crawler:292 - L ERR_WRITE : Contents write failed : [SQLITE_CONSTRAINT]  Abort due to constraint violation (UNIQUE constraint failed: DATA.GOODS_ID)
2018-11-18 18:29:35 ERROR Crawler:292 - L ERR_WRITE : Contents write failed : [SQLITE_CONSTRAINT]  Abort due to constraint violation (UNIQUE constraint failed: DATA.GOODS_ID)
2018-11-18 18:29:35 ERROR Crawler:292 - L ERR_WRITE : Contents write failed : [SQLITE_CONSTRAINT]  Abort due to constraint violation (UNIQUE constraint failed: DATA.GOODS_ID)
2018-11-18 18:29:35 ERROR Crawler:292 - L ERR_WRITE : Contents write failed : [SQLITE_CONSTRAINT]  Abort due to constraint violation (UNIQUE constraint failed: DATA.GOODS_ID)
2018-11-18 18:29:35 ERROR Crawler:292 - L ERR_WRITE : Contents write failed : [SQLITE_CONSTRAINT]  Abort due to constraint violation (UNIQUE constraint failed: DATA.GOODS_ID)
2018-11-18 18:29:35 ERROR Crawler:292 - L ERR_WRITE : Contents write failed : [SQLITE_CONSTRAINT]  Abort due to constraint violation (UNIQUE constraint failed: DATA.GOODS_ID)
2018-11-18 18:29:35 ERROR Crawler:292 - L ERR_WRITE : Contents write failed : [SQLITE_CONSTRAINT]  Abort due to constraint violation (UNIQUE constraint failed: DATA.GOODS_ID)
2018-11-18 18:29:35 ERROR Crawler:292 - L ERR_WRITE : Contents write failed : [SQLITE_CONSTRAINT]  Abort due to constraint violation (UNIQUE constraint failed: DATA.GOODS_ID)
2018-11-18 18:29:35 ERROR Crawler:292 - L ERR_WRITE : Contents write failed : [SQLITE_CONSTRAINT]  Abort due to constraint violation (UNIQUE constraint failed: DATA.GOODS_ID)
2018-11-18 18:29:35 ERROR Crawler:292 - L ERR_WRITE : Contents write failed : [SQLITE_CONSTRAINT]  Abort due to constraint violation (UNIQUE constraint failed: DATA.GOODS_ID)
2018-11-18 18:29:35 ERROR Crawler:292 - L ERR_WRITE : Contents write failed : [SQLITE_CONSTRAINT]  Abort due to constraint violation (UNIQUE constraint failed: DATA.GOODS_ID)
2018-11-18 18:29:35 ERROR Crawler:292 - L ERR_WRITE : Contents write failed : [SQLITE_CONSTRAINT]  Abort due to constraint violation (UNIQUE constraint failed: DATA.GOODS_ID)
2018-11-18 18:29:35 ERROR Crawler:292 - L ERR_WRITE : Contents write failed : [SQLITE_CONSTRAINT]  Abort due to constraint violation (UNIQUE constraint failed: DATA.GOODS_ID)
2018-11-18 18:29:35 ERROR Crawler:292 - L ERR_WRITE : Contents write failed : [SQLITE_CONSTRAINT]  Abort due to constraint violation (UNIQUE constraint failed: DATA.GOODS_ID)
2018-11-18 18:29:35 ERROR Crawler:292 - L ERR_WRITE : Contents write failed : [SQLITE_CONSTRAINT]  Abort due to constraint violation (UNIQUE constraint failed: DATA.GOODS_ID)
2018-11-18 18:29:35 ERROR Crawler:292 - L ERR_WRITE : Contents write failed : [SQLITE_CONSTRAINT]  Abort due to constraint violation (UNIQUE constraint failed: DATA.GOODS_ID)
2018-11-18 18:29:35 ERROR Crawler:292 - L ERR_WRITE : Contents write failed : [SQLITE_CONSTRAINT]  Abort due to constraint violation (UNIQUE constraint failed: DATA.GOODS_ID)
2018-11-18 18:29:35 ERROR Crawler:292 - L ERR_WRITE : Contents write failed : [SQLITE_CONSTRAINT]  Abort due to constraint violation (UNIQUE constraint failed: DATA.GOODS_ID)
2018-11-18 18:29:35 ERROR Crawler:292 - L ERR_WRITE : Contents write failed : [SQLITE_CONSTRAINT]  Abort due to constraint violation (UNIQUE constraint failed: DATA.GOODS_ID)
2018-11-18 18:29:35 ERROR Crawler:292 - L ERR_WRITE : Contents write failed : [SQLITE_CONSTRAINT]  Abort due to constraint violation (UNIQUE constraint failed: DATA.GOODS_ID)
2018-11-18 18:29:35 ERROR Crawler:292 - L ERR_WRITE : Contents write failed : [SQLITE_CONSTRAINT]  Abort due to constraint violation (UNIQUE constraint failed: DATA.GOODS_ID)
2018-11-18 18:29:35 ERROR Crawler:292 - L ERR_WRITE : Contents write failed : [SQLITE_CONSTRAINT]  Abort due to constraint violation (UNIQUE constraint failed: DATA.GOODS_ID)
2018-11-18 18:29:35 ERROR Crawler:292 - L ERR_WRITE : Contents write failed : [SQLITE_CONSTRAINT]  Abort due to constraint violation (UNIQUE constraint failed: DATA.GOODS_ID)
2018-11-18 18:29:35 ERROR Crawler:292 - L ERR_WRITE : Contents write failed : [SQLITE_CONSTRAINT]  Abort due to constraint violation (UNIQUE constraint failed: DATA.GOODS_ID)
2018-11-18 18:29:35 ERROR Crawler:292 - L ERR_WRITE : Contents write failed : [SQLITE_CONSTRAINT]  Abort due to constraint violation (UNIQUE constraint failed: DATA.GOODS_ID)
2018-11-18 18:29:35 ERROR Crawler:292 - L ERR_WRITE : Contents write failed : [SQLITE_CONSTRAINT]  Abort due to constraint violation (UNIQUE constraint failed: DATA.GOODS_ID)
2018-11-18 18:29:35 ERROR Crawler:292 - L ERR_WRITE : Contents write failed : [SQLITE_CONSTRAINT]  Abort due to constraint violation (UNIQUE constraint failed: DATA.GOODS_ID)
2018-11-18 18:29:35 ERROR Crawler:292 - L ERR_WRITE : Contents write failed : [SQLITE_CONSTRAINT]  Abort due to constraint violation (UNIQUE constraint failed: DATA.GOODS_ID)
2018-11-18 18:29:35 ERROR Crawler:292 - L ERR_WRITE : Contents write failed : [SQLITE_CONSTRAINT]  Abort due to constraint violation (UNIQUE constraint failed: DATA.GOODS_ID)
2018-11-18 18:29:35 ERROR Crawler:292 - L ERR_WRITE : Contents write failed : [SQLITE_CONSTRAINT]  Abort due to constraint violation (UNIQUE constraint failed: DATA.GOODS_ID)
2018-11-18 18:29:35 ERROR Crawler:292 - L ERR_WRITE : Contents write failed : [SQLITE_CONSTRAINT]  Abort due to constraint violation (UNIQUE constraint failed: DATA.GOODS_ID)
2018-11-18 18:29:35 ERROR Crawler:292 - L ERR_WRITE : Contents write failed : [SQLITE_CONSTRAINT]  Abort due to constraint violation (UNIQUE constraint failed: DATA.GOODS_ID)
2018-11-18 18:29:35 ERROR Crawler:292 - L ERR_WRITE : Contents write failed : [SQLITE_CONSTRAINT]  Abort due to constraint violation (UNIQUE constraint failed: DATA.GOODS_ID)
2018-11-18 18:29:35 ERROR Crawler:292 - L ERR_WRITE : Contents write failed : [SQLITE_CONSTRAINT]  Abort due to constraint violation (UNIQUE constraint failed: DATA.GOODS_ID)
2018-11-18 18:29:35 ERROR Crawler:292 - L ERR_WRITE : Contents write failed : [SQLITE_CONSTRAINT]  Abort due to constraint violation (UNIQUE constraint failed: DATA.GOODS_ID)
2018-11-18 18:29:35 ERROR Crawler:292 - L ERR_WRITE : Contents write failed : [SQLITE_CONSTRAINT]  Abort due to constraint violation (UNIQUE constraint failed: DATA.GOODS_ID)
2018-11-18 18:29:35 ERROR Crawler:292 - L ERR_WRITE : Contents write failed : [SQLITE_CONSTRAINT]  Abort due to constraint violation (UNIQUE constraint failed: DATA.GOODS_ID)
2018-11-18 18:29:35 ERROR Crawler:292 - L ERR_WRITE : Contents write failed : [SQLITE_CONSTRAINT]  Abort due to constraint violation (UNIQUE constraint failed: DATA.GOODS_ID)
2018-11-18 18:29:35 ERROR Crawler:292 - L ERR_WRITE : Contents write failed : [SQLITE_CONSTRAINT]  Abort due to constraint violation (UNIQUE constraint failed: DATA.GOODS_ID)
2018-11-18 18:29:35 ERROR Crawler:292 - L ERR_WRITE : Contents write failed : [SQLITE_CONSTRAINT]  Abort due to constraint violation (UNIQUE constraint failed: DATA.GOODS_ID)
2018-11-18 18:29:35 ERROR Crawler:292 - L ERR_WRITE : Contents write failed : [SQLITE_CONSTRAINT]  Abort due to constraint violation (UNIQUE constraint failed: DATA.GOODS_ID)
2018-11-18 18:29:35 ERROR Crawler:292 - L ERR_WRITE : Contents write failed : [SQLITE_CONSTRAINT]  Abort due to constraint violation (UNIQUE constraint failed: DATA.GOODS_ID)
2018-11-18 18:29:35 ERROR Crawler:292 - L ERR_WRITE : Contents write failed : [SQLITE_CONSTRAINT]  Abort due to constraint violation (UNIQUE constraint failed: DATA.GOODS_ID)
2018-11-18 18:29:35 ERROR Crawler:292 - L ERR_WRITE : Contents write failed : [SQLITE_CONSTRAINT]  Abort due to constraint violation (UNIQUE constraint failed: DATA.GOODS_ID)
2018-11-18 18:29:35 ERROR Crawler:292 - L ERR_WRITE : Contents write failed : [SQLITE_CONSTRAINT]  Abort due to constraint violation (UNIQUE constraint failed: DATA.GOODS_ID)
2018-11-18 18:29:35 ERROR Crawler:292 - L ERR_WRITE : Contents write failed : [SQLITE_CONSTRAINT]  Abort due to constraint violation (UNIQUE constraint failed: DATA.GOODS_ID)
2018-11-18 18:29:35 ERROR Crawler:292 - L ERR_WRITE : Contents write failed : [SQLITE_CONSTRAINT]  Abort due to constraint violation (UNIQUE constraint failed: DATA.GOODS_ID)
2018-11-18 18:29:35 ERROR Crawler:292 - L ERR_WRITE : Contents write failed : [SQLITE_CONSTRAINT]  Abort due to constraint violation (UNIQUE constraint failed: DATA.GOODS_ID)
2018-11-18 18:29:35 ERROR Crawler:292 - L ERR_WRITE : Contents write failed : [SQLITE_CONSTRAINT]  Abort due to constraint violation (UNIQUE constraint failed: DATA.GOODS_ID)
2018-11-18 18:29:35 ERROR Crawler:292 - L ERR_WRITE : Contents write failed : [SQLITE_CONSTRAINT]  Abort due to constraint violation (UNIQUE constraint failed: DATA.GOODS_ID)
2018-11-18 18:29:35 ERROR Crawler:292 - L ERR_WRITE : Contents write failed : [SQLITE_CONSTRAINT]  Abort due to constraint violation (UNIQUE constraint failed: DATA.GOODS_ID)
2018-11-18 18:29:35 ERROR Crawler:292 - L ERR_WRITE : Contents write failed : [SQLITE_CONSTRAINT]  Abort due to constraint violation (UNIQUE constraint failed: DATA.GOODS_ID)
2018-11-18 18:29:35 ERROR Crawler:292 - L ERR_WRITE : Contents write failed : [SQLITE_CONSTRAINT]  Abort due to constraint violation (UNIQUE constraint failed: DATA.GOODS_ID)
2018-11-18 18:29:35 ERROR Crawler:292 - L ERR_WRITE : Contents write failed : [SQLITE_CONSTRAINT]  Abort due to constraint violation (UNIQUE constraint failed: DATA.GOODS_ID)
2018-11-18 18:29:35 ERROR Crawler:292 - L ERR_WRITE : Contents write failed : [SQLITE_CONSTRAINT]  Abort due to constraint violation (UNIQUE constraint failed: DATA.GOODS_ID)
2018-11-18 18:29:35 ERROR Crawler:292 - L ERR_WRITE : Contents write failed : [SQLITE_CONSTRAINT]  Abort due to constraint violation (UNIQUE constraint failed: DATA.GOODS_ID)
2018-11-18 18:29:35 ERROR Crawler:292 - L ERR_WRITE : Contents write failed : [SQLITE_CONSTRAINT]  Abort due to constraint violation (UNIQUE constraint failed: DATA.GOODS_ID)
2018-11-18 18:29:35 ERROR Crawler:292 - L ERR_WRITE : Contents write failed : [SQLITE_CONSTRAINT]  Abort due to constraint violation (UNIQUE constraint failed: DATA.GOODS_ID)
2018-11-18 18:29:35 ERROR Crawler:292 - L ERR_WRITE : Contents write failed : [SQLITE_CONSTRAINT]  Abort due to constraint violation (UNIQUE constraint failed: DATA.GOODS_ID)
2018-11-18 18:29:35 ERROR Crawler:292 - L ERR_WRITE : Contents write failed : [SQLITE_CONSTRAINT]  Abort due to constraint violation (UNIQUE constraint failed: DATA.GOODS_ID)
2018-11-18 18:29:35 ERROR Crawler:292 - L ERR_WRITE : Contents write failed : [SQLITE_CONSTRAINT]  Abort due to constraint violation (UNIQUE constraint failed: DATA.GOODS_ID)
2018-11-18 18:29:35 ERROR Crawler:292 - L ERR_WRITE : Contents write failed : [SQLITE_CONSTRAINT]  Abort due to constraint violation (UNIQUE constraint failed: DATA.GOODS_ID)
2018-11-18 18:29:35 ERROR Crawler:292 - L ERR_WRITE : Contents write failed : [SQLITE_CONSTRAINT]  Abort due to constraint violation (UNIQUE constraint failed: DATA.GOODS_ID)
2018-11-18 18:29:35 ERROR Crawler:292 - L ERR_WRITE : Contents write failed : [SQLITE_CONSTRAINT]  Abort due to constraint violation (UNIQUE constraint failed: DATA.GOODS_ID)
2018-11-18 18:29:35 ERROR Crawler:292 - L ERR_WRITE : Contents write failed : [SQLITE_CONSTRAINT]  Abort due to constraint violation (UNIQUE constraint failed: DATA.GOODS_ID)
2018-11-18 18:29:39 ERROR Crawler:288 - [ERR URL] https://search.shopping.naver.com/search/all.nhn?frm=NVSHATC&pagingSize=80&query=%EC%9E%90%EB%8F%99%EC%B0%A8
2018-11-18 18:29:39 ERROR Crawler:292 - L ERR_CONTENTS_COL : category, span.depth > a, text
2018-11-18 18:29:39 ERROR Crawler:292 - L ERR_CONTENTS_COL : category, span.depth > a, text
2018-11-18 18:29:39 ERROR Crawler:292 - L ERR_CONTENTS_COL : category, span.depth > a, text
2018-11-18 18:29:39 ERROR Crawler:292 - L ERR_CONTENTS_COL : category, span.depth > a, text
2018-11-18 18:29:39 ERROR Crawler:292 - L ERR_CONTENTS_COL : category, span.depth > a, text
2018-11-18 18:29:39 ERROR Crawler:292 - L ERR_CONTENTS_COL : category, span.depth > a, text
2018-11-18 18:29:39 ERROR Crawler:292 - L ERR_CONTENTS_COL : category, span.depth > a, text
2018-11-18 18:29:39 ERROR Crawler:292 - L ERR_CONTENTS_COL : category, span.depth > a, text
2018-11-18 18:29:39 ERROR Crawler:292 - L ERR_WRITE : Contents write failed : [SQLITE_CONSTRAINT]  Abort due to constraint violation (UNIQUE constraint failed: DATA.GOODS_ID)
2018-11-18 18:29:39 ERROR Crawler:292 - L ERR_WRITE : Contents write failed : [SQLITE_CONSTRAINT]  Abort due to constraint violation (UNIQUE constraint failed: DATA.GOODS_ID)
2018-11-18 18:29:39 ERROR Crawler:292 - L ERR_WRITE : Contents write failed : [SQLITE_CONSTRAINT]  Abort due to constraint violation (UNIQUE constraint failed: DATA.GOODS_ID)
2018-11-18 18:29:39 ERROR Crawler:292 - L ERR_WRITE : Contents write failed : [SQLITE_CONSTRAINT]  Abort due to constraint violation (UNIQUE constraint failed: DATA.GOODS_ID)
2018-11-18 18:29:39 ERROR Crawler:292 - L ERR_WRITE : Contents write failed : [SQLITE_CONSTRAINT]  Abort due to constraint violation (UNIQUE constraint failed: DATA.GOODS_ID)
2018-11-18 18:29:39 ERROR Crawler:292 - L ERR_WRITE : Contents write failed : [SQLITE_CONSTRAINT]  Abort due to constraint violation (UNIQUE constraint failed: DATA.GOODS_ID)
2018-11-18 18:29:39 ERROR Crawler:292 - L ERR_WRITE : Contents write failed : [SQLITE_CONSTRAINT]  Abort due to constraint violation (UNIQUE constraint failed: DATA.GOODS_ID)
2018-11-18 18:29:39 ERROR Crawler:292 - L ERR_WRITE : Contents write failed : [SQLITE_CONSTRAINT]  Abort due to constraint violation (UNIQUE constraint failed: DATA.GOODS_ID)
2018-11-18 18:29:39 ERROR Crawler:292 - L ERR_WRITE : Contents write failed : [SQLITE_CONSTRAINT]  Abort due to constraint violation (UNIQUE constraint failed: DATA.GOODS_ID)
2018-11-18 18:29:39 ERROR Crawler:292 - L ERR_WRITE : Contents write failed : [SQLITE_CONSTRAINT]  Abort due to constraint violation (UNIQUE constraint failed: DATA.GOODS_ID)
2018-11-18 18:29:39 ERROR Crawler:292 - L ERR_WRITE : Contents write failed : [SQLITE_CONSTRAINT]  Abort due to constraint violation (UNIQUE constraint failed: DATA.GOODS_ID)
2018-11-18 18:29:39 ERROR Crawler:292 - L ERR_WRITE : Contents write failed : [SQLITE_CONSTRAINT]  Abort due to constraint violation (UNIQUE constraint failed: DATA.GOODS_ID)
2018-11-18 18:29:39 ERROR Crawler:292 - L ERR_WRITE : Contents write failed : [SQLITE_CONSTRAINT]  Abort due to constraint violation (UNIQUE constraint failed: DATA.GOODS_ID)
2018-11-18 18:29:39 ERROR Crawler:292 - L ERR_WRITE : Contents write failed : [SQLITE_CONSTRAINT]  Abort due to constraint violation (UNIQUE constraint failed: DATA.GOODS_ID)
2018-11-18 18:29:39 ERROR Crawler:292 - L ERR_WRITE : Contents write failed : [SQLITE_CONSTRAINT]  Abort due to constraint violation (UNIQUE constraint failed: DATA.GOODS_ID)
2018-11-18 18:29:39 ERROR Crawler:292 - L ERR_WRITE : Contents write failed : [SQLITE_CONSTRAINT]  Abort due to constraint violation (UNIQUE constraint failed: DATA.GOODS_ID)
2018-11-18 18:29:39 ERROR Crawler:292 - L ERR_WRITE : Contents write failed : [SQLITE_CONSTRAINT]  Abort due to constraint violation (UNIQUE constraint failed: DATA.GOODS_ID)
2018-11-18 18:29:39 ERROR Crawler:292 - L ERR_WRITE : Contents write failed : [SQLITE_CONSTRAINT]  Abort due to constraint violation (UNIQUE constraint failed: DATA.GOODS_ID)
2018-11-18 18:29:39 ERROR Crawler:292 - L ERR_WRITE : Contents write failed : [SQLITE_CONSTRAINT]  Abort due to constraint violation (UNIQUE constraint failed: DATA.GOODS_ID)
2018-11-18 18:29:39 ERROR Crawler:292 - L ERR_WRITE : Contents write failed : [SQLITE_CONSTRAINT]  Abort due to constraint violation (UNIQUE constraint failed: DATA.GOODS_ID)
2018-11-18 18:29:39 ERROR Crawler:292 - L ERR_WRITE : Contents write failed : [SQLITE_CONSTRAINT]  Abort due to constraint violation (UNIQUE constraint failed: DATA.GOODS_ID)
2018-11-18 18:29:39 ERROR Crawler:292 - L ERR_WRITE : Contents write failed : [SQLITE_CONSTRAINT]  Abort due to constraint violation (UNIQUE constraint failed: DATA.GOODS_ID)
2018-11-18 18:29:39 ERROR Crawler:292 - L ERR_WRITE : Contents write failed : [SQLITE_CONSTRAINT]  Abort due to constraint violation (UNIQUE constraint failed: DATA.GOODS_ID)
2018-11-18 18:29:39 ERROR Crawler:292 - L ERR_WRITE : Contents write failed : [SQLITE_CONSTRAINT]  Abort due to constraint violation (UNIQUE constraint failed: DATA.GOODS_ID)
2018-11-18 18:29:39 ERROR Crawler:292 - L ERR_WRITE : Contents write failed : [SQLITE_CONSTRAINT]  Abort due to constraint violation (UNIQUE constraint failed: DATA.GOODS_ID)
2018-11-18 18:29:39 ERROR Crawler:292 - L ERR_WRITE : Contents write failed : [SQLITE_CONSTRAINT]  Abort due to constraint violation (UNIQUE constraint failed: DATA.GOODS_ID)
2018-11-18 18:29:39 ERROR Crawler:292 - L ERR_WRITE : Contents write failed : [SQLITE_CONSTRAINT]  Abort due to constraint violation (UNIQUE constraint failed: DATA.GOODS_ID)
2018-11-18 18:29:39 ERROR Crawler:292 - L ERR_WRITE : Contents write failed : [SQLITE_CONSTRAINT]  Abort due to constraint violation (UNIQUE constraint failed: DATA.GOODS_ID)
2018-11-18 18:29:39 ERROR Crawler:292 - L ERR_WRITE : Contents write failed : [SQLITE_CONSTRAINT]  Abort due to constraint violation (UNIQUE constraint failed: DATA.GOODS_ID)
2018-11-18 18:29:39 ERROR Crawler:292 - L ERR_WRITE : Contents write failed : [SQLITE_CONSTRAINT]  Abort due to constraint violation (UNIQUE constraint failed: DATA.GOODS_ID)
2018-11-18 18:29:39 ERROR Crawler:292 - L ERR_WRITE : Contents write failed : [SQLITE_CONSTRAINT]  Abort due to constraint violation (UNIQUE constraint failed: DATA.GOODS_ID)
2018-11-18 18:29:39 ERROR Crawler:292 - L ERR_WRITE : Contents write failed : [SQLITE_CONSTRAINT]  Abort due to constraint violation (UNIQUE constraint failed: DATA.GOODS_ID)
2018-11-18 18:29:39 ERROR Crawler:292 - L ERR_WRITE : Contents write failed : [SQLITE_CONSTRAINT]  Abort due to constraint violation (UNIQUE constraint failed: DATA.GOODS_ID)
2018-11-18 18:29:39 ERROR Crawler:292 - L ERR_WRITE : Contents write failed : [SQLITE_CONSTRAINT]  Abort due to constraint violation (UNIQUE constraint failed: DATA.GOODS_ID)
2018-11-18 18:29:39 ERROR Crawler:292 - L ERR_WRITE : Contents write failed : [SQLITE_CONSTRAINT]  Abort due to constraint violation (UNIQUE constraint failed: DATA.GOODS_ID)
2018-11-18 18:29:39 ERROR Crawler:292 - L ERR_WRITE : Contents write failed : [SQLITE_CONSTRAINT]  Abort due to constraint violation (UNIQUE constraint failed: DATA.GOODS_ID)
2018-11-18 18:29:39 ERROR Crawler:292 - L ERR_WRITE : Contents write failed : [SQLITE_CONSTRAINT]  Abort due to constraint violation (UNIQUE constraint failed: DATA.GOODS_ID)
2018-11-18 18:29:39 ERROR Crawler:292 - L ERR_WRITE : Contents write failed : [SQLITE_CONSTRAINT]  Abort due to constraint violation (UNIQUE constraint failed: DATA.GOODS_ID)
2018-11-18 18:29:39 ERROR Crawler:292 - L ERR_WRITE : Contents write failed : [SQLITE_CONSTRAINT]  Abort due to constraint violation (UNIQUE constraint failed: DATA.GOODS_ID)
2018-11-18 18:29:39 ERROR Crawler:292 - L ERR_WRITE : Contents write failed : [SQLITE_CONSTRAINT]  Abort due to constraint violation (UNIQUE constraint failed: DATA.GOODS_ID)
2018-11-18 18:29:39 ERROR Crawler:292 - L ERR_WRITE : Contents write failed : [SQLITE_CONSTRAINT]  Abort due to constraint violation (UNIQUE constraint failed: DATA.GOODS_ID)
2018-11-18 18:29:39 ERROR Crawler:292 - L ERR_WRITE : Contents write failed : [SQLITE_CONSTRAINT]  Abort due to constraint violation (UNIQUE constraint failed: DATA.GOODS_ID)
2018-11-18 18:29:39 ERROR Crawler:292 - L ERR_WRITE : Contents write failed : [SQLITE_CONSTRAINT]  Abort due to constraint violation (UNIQUE constraint failed: DATA.GOODS_ID)
2018-11-18 18:29:39 ERROR Crawler:292 - L ERR_WRITE : Contents write failed : [SQLITE_CONSTRAINT]  Abort due to constraint violation (UNIQUE constraint failed: DATA.GOODS_ID)
2018-11-18 18:29:39 ERROR Crawler:292 - L ERR_WRITE : Contents write failed : [SQLITE_CONSTRAINT]  Abort due to constraint violation (UNIQUE constraint failed: DATA.GOODS_ID)
2018-11-18 18:29:39 ERROR Crawler:292 - L ERR_WRITE : Contents write failed : [SQLITE_CONSTRAINT]  Abort due to constraint violation (UNIQUE constraint failed: DATA.GOODS_ID)
2018-11-18 18:29:39 ERROR Crawler:292 - L ERR_WRITE : Contents write failed : [SQLITE_CONSTRAINT]  Abort due to constraint violation (UNIQUE constraint failed: DATA.GOODS_ID)
2018-11-18 18:29:39 ERROR Crawler:292 - L ERR_WRITE : Contents write failed : [SQLITE_CONSTRAINT]  Abort due to constraint violation (UNIQUE constraint failed: DATA.GOODS_ID)
2018-11-18 18:29:39 ERROR Crawler:292 - L ERR_WRITE : Contents write failed : [SQLITE_CONSTRAINT]  Abort due to constraint violation (UNIQUE constraint failed: DATA.GOODS_ID)
2018-11-18 18:29:39 ERROR Crawler:292 - L ERR_WRITE : Contents write failed : [SQLITE_CONSTRAINT]  Abort due to constraint violation (UNIQUE constraint failed: DATA.GOODS_ID)
2018-11-18 18:29:39 ERROR Crawler:292 - L ERR_WRITE : Contents write failed : [SQLITE_CONSTRAINT]  Abort due to constraint violation (UNIQUE constraint failed: DATA.GOODS_ID)
2018-11-18 18:29:39 ERROR Crawler:292 - L ERR_WRITE : Contents write failed : [SQLITE_CONSTRAINT]  Abort due to constraint violation (UNIQUE constraint failed: DATA.GOODS_ID)
2018-11-18 18:29:39 ERROR Crawler:292 - L ERR_WRITE : Contents write failed : [SQLITE_CONSTRAINT]  Abort due to constraint violation (UNIQUE constraint failed: DATA.GOODS_ID)
2018-11-18 18:29:39 ERROR Crawler:292 - L ERR_WRITE : Contents write failed : [SQLITE_CONSTRAINT]  Abort due to constraint violation (UNIQUE constraint failed: DATA.GOODS_ID)
2018-11-18 18:29:39 ERROR Crawler:292 - L ERR_WRITE : Contents write failed : [SQLITE_CONSTRAINT]  Abort due to constraint violation (UNIQUE constraint failed: DATA.GOODS_ID)
2018-11-18 18:29:39 ERROR Crawler:292 - L ERR_WRITE : Contents write failed : [SQLITE_CONSTRAINT]  Abort due to constraint violation (UNIQUE constraint failed: DATA.GOODS_ID)
2018-11-18 18:29:39 ERROR Crawler:292 - L ERR_WRITE : Contents write failed : [SQLITE_CONSTRAINT]  Abort due to constraint violation (UNIQUE constraint failed: DATA.GOODS_ID)
2018-11-18 18:29:39 ERROR Crawler:292 - L ERR_WRITE : Contents write failed : [SQLITE_CONSTRAINT]  Abort due to constraint violation (UNIQUE constraint failed: DATA.GOODS_ID)
2018-11-18 18:29:39 ERROR Crawler:292 - L ERR_WRITE : Contents write failed : [SQLITE_CONSTRAINT]  Abort due to constraint violation (UNIQUE constraint failed: DATA.GOODS_ID)
2018-11-18 18:29:39 ERROR Crawler:292 - L ERR_WRITE : Contents write failed : [SQLITE_CONSTRAINT]  Abort due to constraint violation (UNIQUE constraint failed: DATA.GOODS_ID)
2018-11-18 18:29:39 ERROR Crawler:292 - L ERR_WRITE : Contents write failed : [SQLITE_CONSTRAINT]  Abort due to constraint violation (UNIQUE constraint failed: DATA.GOODS_ID)
2018-11-18 18:29:39 ERROR Crawler:292 - L ERR_WRITE : Contents write failed : [SQLITE_CONSTRAINT]  Abort due to constraint violation (UNIQUE constraint failed: DATA.GOODS_ID)
2018-11-18 18:29:39 ERROR Crawler:292 - L ERR_WRITE : Contents write failed : [SQLITE_CONSTRAINT]  Abort due to constraint violation (UNIQUE constraint failed: DATA.GOODS_ID)
2018-11-18 18:29:39 ERROR Crawler:292 - L ERR_WRITE : Contents write failed : [SQLITE_CONSTRAINT]  Abort due to constraint violation (UNIQUE constraint failed: DATA.GOODS_ID)
2018-11-18 18:29:39 ERROR Crawler:292 - L ERR_WRITE : Contents write failed : [SQLITE_CONSTRAINT]  Abort due to constraint violation (UNIQUE constraint failed: DATA.GOODS_ID)
2018-11-18 18:29:39 ERROR Crawler:292 - L ERR_WRITE : Contents write failed : [SQLITE_CONSTRAINT]  Abort due to constraint violation (UNIQUE constraint failed: DATA.GOODS_ID)
2018-11-18 18:29:39 ERROR Crawler:292 - L ERR_WRITE : Contents write failed : [SQLITE_CONSTRAINT]  Abort due to constraint violation (UNIQUE constraint failed: DATA.GOODS_ID)
2018-11-18 18:29:39 ERROR Crawler:292 - L ERR_WRITE : Contents write failed : [SQLITE_CONSTRAINT]  Abort due to constraint violation (UNIQUE constraint failed: DATA.GOODS_ID)
2018-11-18 18:29:39 ERROR Crawler:292 - L ERR_WRITE : Contents write failed : [SQLITE_CONSTRAINT]  Abort due to constraint violation (UNIQUE constraint failed: DATA.GOODS_ID)
2018-11-18 18:29:39 ERROR Crawler:292 - L ERR_WRITE : Contents write failed : [SQLITE_CONSTRAINT]  Abort due to constraint violation (UNIQUE constraint failed: DATA.GOODS_ID)
2018-11-18 18:29:39 ERROR Crawler:292 - L ERR_WRITE : Contents write failed : [SQLITE_CONSTRAINT]  Abort due to constraint violation (UNIQUE constraint failed: DATA.GOODS_ID)
2018-11-18 18:29:39 ERROR Crawler:292 - L ERR_WRITE : Contents write failed : [SQLITE_CONSTRAINT]  Abort due to constraint violation (UNIQUE constraint failed: DATA.GOODS_ID)
2018-11-18 18:29:39 ERROR Crawler:292 - L ERR_WRITE : Contents write failed : [SQLITE_CONSTRAINT]  Abort due to constraint violation (UNIQUE constraint failed: DATA.GOODS_ID)
2018-11-18 18:29:39 ERROR Crawler:292 - L ERR_WRITE : Contents write failed : [SQLITE_CONSTRAINT]  Abort due to constraint violation (UNIQUE constraint failed: DATA.GOODS_ID)
2018-11-18 18:29:39 ERROR Crawler:292 - L ERR_WRITE : Contents write failed : [SQLITE_CONSTRAINT]  Abort due to constraint violation (UNIQUE constraint failed: DATA.GOODS_ID)
2018-11-18 18:29:39 ERROR Crawler:292 - L ERR_WRITE : Contents write failed : [SQLITE_CONSTRAINT]  Abort due to constraint violation (UNIQUE constraint failed: DATA.GOODS_ID)
2018-11-18 18:29:39 ERROR Crawler:292 - L ERR_WRITE : Contents write failed : [SQLITE_CONSTRAINT]  Abort due to constraint violation (UNIQUE constraint failed: DATA.GOODS_ID)
2018-11-18 18:29:39 ERROR Crawler:292 - L ERR_WRITE : Contents write failed : [SQLITE_CONSTRAINT]  Abort due to constraint violation (UNIQUE constraint failed: DATA.GOODS_ID)
2018-11-18 18:29:39 ERROR Crawler:292 - L ERR_WRITE : Contents write failed : [SQLITE_CONSTRAINT]  Abort due to constraint violation (UNIQUE constraint failed: DATA.GOODS_ID)
2018-11-18 18:29:39 ERROR Crawler:292 - L ERR_WRITE : Contents write failed : [SQLITE_CONSTRAINT]  Abort due to constraint violation (UNIQUE constraint failed: DATA.GOODS_ID)
2018-11-18 18:29:41 ERROR Crawler:288 - [ERR URL] https://search.shopping.naver.com/search/all.nhn?frm=NVSHATC&pagingSize=80&query=%EA%B9%80
2018-11-18 18:29:41 ERROR Crawler:292 - L ERR_CONTENTS_COL : category, span.depth > a, text
2018-11-18 18:29:41 ERROR Crawler:292 - L ERR_CONTENTS_COL : category, span.depth > a, text
2018-11-18 18:29:41 ERROR Crawler:292 - L ERR_CONTENTS_COL : category, span.depth > a, text
2018-11-18 18:29:41 ERROR Crawler:292 - L ERR_CONTENTS_COL : category, span.depth > a, text
2018-11-18 18:29:41 ERROR Crawler:292 - L ERR_CONTENTS_COL : category, span.depth > a, text
2018-11-18 18:29:41 ERROR Crawler:292 - L ERR_CONTENTS_COL : category, span.depth > a, text
2018-11-18 18:29:41 ERROR Crawler:292 - L ERR_CONTENTS_COL : category, span.depth > a, text
2018-11-18 18:29:41 ERROR Crawler:292 - L ERR_CONTENTS_COL : category, span.depth > a, text
2018-11-18 18:29:41 ERROR Crawler:292 - L ERR_WRITE : Contents write failed : [SQLITE_CONSTRAINT]  Abort due to constraint violation (UNIQUE constraint failed: DATA.GOODS_ID)
2018-11-18 18:29:41 ERROR Crawler:292 - L ERR_WRITE : Contents write failed : [SQLITE_CONSTRAINT]  Abort due to constraint violation (UNIQUE constraint failed: DATA.GOODS_ID)
2018-11-18 18:29:41 ERROR Crawler:292 - L ERR_WRITE : Contents write failed : [SQLITE_CONSTRAINT]  Abort due to constraint violation (UNIQUE constraint failed: DATA.GOODS_ID)
2018-11-18 18:29:41 ERROR Crawler:292 - L ERR_WRITE : Contents write failed : [SQLITE_CONSTRAINT]  Abort due to constraint violation (UNIQUE constraint failed: DATA.GOODS_ID)
2018-11-18 18:29:41 ERROR Crawler:292 - L ERR_WRITE : Contents write failed : [SQLITE_CONSTRAINT]  Abort due to constraint violation (UNIQUE constraint failed: DATA.GOODS_ID)
2018-11-18 18:29:41 ERROR Crawler:292 - L ERR_WRITE : Contents write failed : [SQLITE_CONSTRAINT]  Abort due to constraint violation (UNIQUE constraint failed: DATA.GOODS_ID)
2018-11-18 18:29:41 ERROR Crawler:292 - L ERR_WRITE : Contents write failed : [SQLITE_CONSTRAINT]  Abort due to constraint violation (UNIQUE constraint failed: DATA.GOODS_ID)
2018-11-18 18:29:41 ERROR Crawler:292 - L ERR_WRITE : Contents write failed : [SQLITE_CONSTRAINT]  Abort due to constraint violation (UNIQUE constraint failed: DATA.GOODS_ID)
2018-11-18 18:29:41 ERROR Crawler:292 - L ERR_WRITE : Contents write failed : [SQLITE_CONSTRAINT]  Abort due to constraint violation (UNIQUE constraint failed: DATA.GOODS_ID)
2018-11-18 18:29:41 ERROR Crawler:292 - L ERR_WRITE : Contents write failed : [SQLITE_CONSTRAINT]  Abort due to constraint violation (UNIQUE constraint failed: DATA.GOODS_ID)
2018-11-18 18:29:41 ERROR Crawler:292 - L ERR_WRITE : Contents write failed : [SQLITE_CONSTRAINT]  Abort due to constraint violation (UNIQUE constraint failed: DATA.GOODS_ID)
2018-11-18 18:29:41 ERROR Crawler:292 - L ERR_WRITE : Contents write failed : [SQLITE_CONSTRAINT]  Abort due to constraint violation (UNIQUE constraint failed: DATA.GOODS_ID)
2018-11-18 18:29:41 ERROR Crawler:292 - L ERR_WRITE : Contents write failed : [SQLITE_CONSTRAINT]  Abort due to constraint violation (UNIQUE constraint failed: DATA.GOODS_ID)
2018-11-18 18:29:41 ERROR Crawler:292 - L ERR_WRITE : Contents write failed : [SQLITE_CONSTRAINT]  Abort due to constraint violation (UNIQUE constraint failed: DATA.GOODS_ID)
2018-11-18 18:29:41 ERROR Crawler:292 - L ERR_WRITE : Contents write failed : [SQLITE_CONSTRAINT]  Abort due to constraint violation (UNIQUE constraint failed: DATA.GOODS_ID)
2018-11-18 18:29:41 ERROR Crawler:292 - L ERR_WRITE : Contents write failed : [SQLITE_CONSTRAINT]  Abort due to constraint violation (UNIQUE constraint failed: DATA.GOODS_ID)
2018-11-18 18:29:41 ERROR Crawler:292 - L ERR_WRITE : Contents write failed : [SQLITE_CONSTRAINT]  Abort due to constraint violation (UNIQUE constraint failed: DATA.GOODS_ID)
2018-11-18 18:29:41 ERROR Crawler:292 - L ERR_WRITE : Contents write failed : [SQLITE_CONSTRAINT]  Abort due to constraint violation (UNIQUE constraint failed: DATA.GOODS_ID)
2018-11-18 18:29:41 ERROR Crawler:292 - L ERR_WRITE : Contents write failed : [SQLITE_CONSTRAINT]  Abort due to constraint violation (UNIQUE constraint failed: DATA.GOODS_ID)
2018-11-18 18:29:41 ERROR Crawler:292 - L ERR_WRITE : Contents write failed : [SQLITE_CONSTRAINT]  Abort due to constraint violation (UNIQUE constraint failed: DATA.GOODS_ID)
2018-11-18 18:29:41 ERROR Crawler:292 - L ERR_WRITE : Contents write failed : [SQLITE_CONSTRAINT]  Abort due to constraint violation (UNIQUE constraint failed: DATA.GOODS_ID)
2018-11-18 18:29:41 ERROR Crawler:292 - L ERR_WRITE : Contents write failed : [SQLITE_CONSTRAINT]  Abort due to constraint violation (UNIQUE constraint failed: DATA.GOODS_ID)
2018-11-18 18:29:41 ERROR Crawler:292 - L ERR_WRITE : Contents write failed : [SQLITE_CONSTRAINT]  Abort due to constraint violation (UNIQUE constraint failed: DATA.GOODS_ID)
2018-11-18 18:29:41 ERROR Crawler:292 - L ERR_WRITE : Contents write failed : [SQLITE_CONSTRAINT]  Abort due to constraint violation (UNIQUE constraint failed: DATA.GOODS_ID)
2018-11-18 18:29:41 ERROR Crawler:292 - L ERR_WRITE : Contents write failed : [SQLITE_CONSTRAINT]  Abort due to constraint violation (UNIQUE constraint failed: DATA.GOODS_ID)
2018-11-18 18:29:41 ERROR Crawler:292 - L ERR_WRITE : Contents write failed : [SQLITE_CONSTRAINT]  Abort due to constraint violation (UNIQUE constraint failed: DATA.GOODS_ID)
2018-11-18 18:29:41 ERROR Crawler:292 - L ERR_WRITE : Contents write failed : [SQLITE_CONSTRAINT]  Abort due to constraint violation (UNIQUE constraint failed: DATA.GOODS_ID)
2018-11-18 18:29:41 ERROR Crawler:292 - L ERR_WRITE : Contents write failed : [SQLITE_CONSTRAINT]  Abort due to constraint violation (UNIQUE constraint failed: DATA.GOODS_ID)
2018-11-18 18:29:41 ERROR Crawler:292 - L ERR_WRITE : Contents write failed : [SQLITE_CONSTRAINT]  Abort due to constraint violation (UNIQUE constraint failed: DATA.GOODS_ID)
2018-11-18 18:29:41 ERROR Crawler:292 - L ERR_WRITE : Contents write failed : [SQLITE_CONSTRAINT]  Abort due to constraint violation (UNIQUE constraint failed: DATA.GOODS_ID)
2018-11-18 18:29:41 ERROR Crawler:292 - L ERR_WRITE : Contents write failed : [SQLITE_CONSTRAINT]  Abort due to constraint violation (UNIQUE constraint failed: DATA.GOODS_ID)
2018-11-18 18:29:41 ERROR Crawler:292 - L ERR_WRITE : Contents write failed : [SQLITE_CONSTRAINT]  Abort due to constraint violation (UNIQUE constraint failed: DATA.GOODS_ID)
2018-11-18 18:29:41 ERROR Crawler:292 - L ERR_WRITE : Contents write failed : [SQLITE_CONSTRAINT]  Abort due to constraint violation (UNIQUE constraint failed: DATA.GOODS_ID)
2018-11-18 18:29:41 ERROR Crawler:292 - L ERR_WRITE : Contents write failed : [SQLITE_CONSTRAINT]  Abort due to constraint violation (UNIQUE constraint failed: DATA.GOODS_ID)
2018-11-18 18:29:41 ERROR Crawler:292 - L ERR_WRITE : Contents write failed : [SQLITE_CONSTRAINT]  Abort due to constraint violation (UNIQUE constraint failed: DATA.GOODS_ID)
2018-11-18 18:29:41 ERROR Crawler:292 - L ERR_WRITE : Contents write failed : [SQLITE_CONSTRAINT]  Abort due to constraint violation (UNIQUE constraint failed: DATA.GOODS_ID)
2018-11-18 18:29:41 ERROR Crawler:292 - L ERR_WRITE : Contents write failed : [SQLITE_CONSTRAINT]  Abort due to constraint violation (UNIQUE constraint failed: DATA.GOODS_ID)
2018-11-18 18:29:41 ERROR Crawler:292 - L ERR_WRITE : Contents write failed : [SQLITE_CONSTRAINT]  Abort due to constraint violation (UNIQUE constraint failed: DATA.GOODS_ID)
2018-11-18 18:29:41 ERROR Crawler:292 - L ERR_WRITE : Contents write failed : [SQLITE_CONSTRAINT]  Abort due to constraint violation (UNIQUE constraint failed: DATA.GOODS_ID)
2018-11-18 18:29:41 ERROR Crawler:292 - L ERR_WRITE : Contents write failed : [SQLITE_CONSTRAINT]  Abort due to constraint violation (UNIQUE constraint failed: DATA.GOODS_ID)
2018-11-18 18:29:41 ERROR Crawler:292 - L ERR_WRITE : Contents write failed : [SQLITE_CONSTRAINT]  Abort due to constraint violation (UNIQUE constraint failed: DATA.GOODS_ID)
2018-11-18 18:29:41 ERROR Crawler:292 - L ERR_WRITE : Contents write failed : [SQLITE_CONSTRAINT]  Abort due to constraint violation (UNIQUE constraint failed: DATA.GOODS_ID)
2018-11-18 18:29:41 ERROR Crawler:292 - L ERR_WRITE : Contents write failed : [SQLITE_CONSTRAINT]  Abort due to constraint violation (UNIQUE constraint failed: DATA.GOODS_ID)
2018-11-18 18:29:41 ERROR Crawler:292 - L ERR_WRITE : Contents write failed : [SQLITE_CONSTRAINT]  Abort due to constraint violation (UNIQUE constraint failed: DATA.GOODS_ID)
2018-11-18 18:29:41 ERROR Crawler:292 - L ERR_WRITE : Contents write failed : [SQLITE_CONSTRAINT]  Abort due to constraint violation (UNIQUE constraint failed: DATA.GOODS_ID)
2018-11-18 18:29:41 ERROR Crawler:292 - L ERR_WRITE : Contents write failed : [SQLITE_CONSTRAINT]  Abort due to constraint violation (UNIQUE constraint failed: DATA.GOODS_ID)
2018-11-18 18:29:41 ERROR Crawler:292 - L ERR_WRITE : Contents write failed : [SQLITE_CONSTRAINT]  Abort due to constraint violation (UNIQUE constraint failed: DATA.GOODS_ID)
2018-11-18 18:29:41 ERROR Crawler:292 - L ERR_WRITE : Contents write failed : [SQLITE_CONSTRAINT]  Abort due to constraint violation (UNIQUE constraint failed: DATA.GOODS_ID)
2018-11-18 18:29:41 ERROR Crawler:292 - L ERR_WRITE : Contents write failed : [SQLITE_CONSTRAINT]  Abort due to constraint violation (UNIQUE constraint failed: DATA.GOODS_ID)
2018-11-18 18:29:41 ERROR Crawler:292 - L ERR_WRITE : Contents write failed : [SQLITE_CONSTRAINT]  Abort due to constraint violation (UNIQUE constraint failed: DATA.GOODS_ID)
2018-11-18 18:29:41 ERROR Crawler:292 - L ERR_WRITE : Contents write failed : [SQLITE_CONSTRAINT]  Abort due to constraint violation (UNIQUE constraint failed: DATA.GOODS_ID)
2018-11-18 18:29:41 ERROR Crawler:292 - L ERR_WRITE : Contents write failed : [SQLITE_CONSTRAINT]  Abort due to constraint violation (UNIQUE constraint failed: DATA.GOODS_ID)
2018-11-18 18:29:41 ERROR Crawler:292 - L ERR_WRITE : Contents write failed : [SQLITE_CONSTRAINT]  Abort due to constraint violation (UNIQUE constraint failed: DATA.GOODS_ID)
2018-11-18 18:29:41 ERROR Crawler:292 - L ERR_WRITE : Contents write failed : [SQLITE_CONSTRAINT]  Abort due to constraint violation (UNIQUE constraint failed: DATA.GOODS_ID)
2018-11-18 18:29:41 ERROR Crawler:292 - L ERR_WRITE : Contents write failed : [SQLITE_CONSTRAINT]  Abort due to constraint violation (UNIQUE constraint failed: DATA.GOODS_ID)
2018-11-18 18:29:41 ERROR Crawler:292 - L ERR_WRITE : Contents write failed : [SQLITE_CONSTRAINT]  Abort due to constraint violation (UNIQUE constraint failed: DATA.GOODS_ID)
2018-11-18 18:29:41 ERROR Crawler:292 - L ERR_WRITE : Contents write failed : [SQLITE_CONSTRAINT]  Abort due to constraint violation (UNIQUE constraint failed: DATA.GOODS_ID)
2018-11-18 18:29:41 ERROR Crawler:292 - L ERR_WRITE : Contents write failed : [SQLITE_CONSTRAINT]  Abort due to constraint violation (UNIQUE constraint failed: DATA.GOODS_ID)
2018-11-18 18:29:41 ERROR Crawler:292 - L ERR_WRITE : Contents write failed : [SQLITE_CONSTRAINT]  Abort due to constraint violation (UNIQUE constraint failed: DATA.GOODS_ID)
2018-11-18 18:29:41 ERROR Crawler:292 - L ERR_WRITE : Contents write failed : [SQLITE_CONSTRAINT]  Abort due to constraint violation (UNIQUE constraint failed: DATA.GOODS_ID)
2018-11-18 18:29:41 ERROR Crawler:292 - L ERR_WRITE : Contents write failed : [SQLITE_CONSTRAINT]  Abort due to constraint violation (UNIQUE constraint failed: DATA.GOODS_ID)
2018-11-18 18:29:41 ERROR Crawler:292 - L ERR_WRITE : Contents write failed : [SQLITE_CONSTRAINT]  Abort due to constraint violation (UNIQUE constraint failed: DATA.GOODS_ID)
2018-11-18 18:29:41 ERROR Crawler:292 - L ERR_WRITE : Contents write failed : [SQLITE_CONSTRAINT]  Abort due to constraint violation (UNIQUE constraint failed: DATA.GOODS_ID)
2018-11-18 18:29:41 ERROR Crawler:292 - L ERR_WRITE : Contents write failed : [SQLITE_CONSTRAINT]  Abort due to constraint violation (UNIQUE constraint failed: DATA.GOODS_ID)
2018-11-18 18:29:41 ERROR Crawler:292 - L ERR_WRITE : Contents write failed : [SQLITE_CONSTRAINT]  Abort due to constraint violation (UNIQUE constraint failed: DATA.GOODS_ID)
2018-11-18 18:29:41 ERROR Crawler:292 - L ERR_WRITE : Contents write failed : [SQLITE_CONSTRAINT]  Abort due to constraint violation (UNIQUE constraint failed: DATA.GOODS_ID)
2018-11-18 18:29:41 ERROR Crawler:292 - L ERR_WRITE : Contents write failed : [SQLITE_CONSTRAINT]  Abort due to constraint violation (UNIQUE constraint failed: DATA.GOODS_ID)
2018-11-18 18:29:41 ERROR Crawler:292 - L ERR_WRITE : Contents write failed : [SQLITE_CONSTRAINT]  Abort due to constraint violation (UNIQUE constraint failed: DATA.GOODS_ID)
2018-11-18 18:29:41 ERROR Crawler:292 - L ERR_WRITE : Contents write failed : [SQLITE_CONSTRAINT]  Abort due to constraint violation (UNIQUE constraint failed: DATA.GOODS_ID)
2018-11-18 18:29:41 ERROR Crawler:292 - L ERR_WRITE : Contents write failed : [SQLITE_CONSTRAINT]  Abort due to constraint violation (UNIQUE constraint failed: DATA.GOODS_ID)
2018-11-18 18:29:41 ERROR Crawler:292 - L ERR_WRITE : Contents write failed : [SQLITE_CONSTRAINT]  Abort due to constraint violation (UNIQUE constraint failed: DATA.GOODS_ID)
2018-11-18 18:29:41 ERROR Crawler:292 - L ERR_WRITE : Contents write failed : [SQLITE_CONSTRAINT]  Abort due to constraint violation (UNIQUE constraint failed: DATA.GOODS_ID)
2018-11-18 18:29:41 ERROR Crawler:292 - L ERR_WRITE : Contents write failed : [SQLITE_CONSTRAINT]  Abort due to constraint violation (UNIQUE constraint failed: DATA.GOODS_ID)
2018-11-18 18:29:41 ERROR Crawler:292 - L ERR_WRITE : Contents write failed : [SQLITE_CONSTRAINT]  Abort due to constraint violation (UNIQUE constraint failed: DATA.GOODS_ID)
2018-11-18 18:29:41 ERROR Crawler:292 - L ERR_WRITE : Contents write failed : [SQLITE_CONSTRAINT]  Abort due to constraint violation (UNIQUE constraint failed: DATA.GOODS_ID)
2018-11-18 18:29:41 ERROR Crawler:292 - L ERR_WRITE : Contents write failed : [SQLITE_CONSTRAINT]  Abort due to constraint violation (UNIQUE constraint failed: DATA.GOODS_ID)
2018-11-18 18:29:41 ERROR Crawler:292 - L ERR_WRITE : Contents write failed : [SQLITE_CONSTRAINT]  Abort due to constraint violation (UNIQUE constraint failed: DATA.GOODS_ID)
2018-11-18 18:29:41 ERROR Crawler:292 - L ERR_WRITE : Contents write failed : [SQLITE_CONSTRAINT]  Abort due to constraint violation (UNIQUE constraint failed: DATA.GOODS_ID)
2018-11-18 18:29:41 ERROR Crawler:292 - L ERR_WRITE : Contents write failed : [SQLITE_CONSTRAINT]  Abort due to constraint violation (UNIQUE constraint failed: DATA.GOODS_ID)
2018-11-18 18:29:41 ERROR Crawler:292 - L ERR_WRITE : Contents write failed : [SQLITE_CONSTRAINT]  Abort due to constraint violation (UNIQUE constraint failed: DATA.GOODS_ID)
2018-11-18 18:29:41 ERROR Crawler:292 - L ERR_WRITE : Contents write failed : [SQLITE_CONSTRAINT]  Abort due to constraint violation (UNIQUE constraint failed: DATA.GOODS_ID)
2018-11-18 18:29:41 ERROR Crawler:292 - L ERR_WRITE : Contents write failed : [SQLITE_CONSTRAINT]  Abort due to constraint violation (UNIQUE constraint failed: DATA.GOODS_ID)
2018-11-18 18:29:41 ERROR Crawler:292 - L ERR_WRITE : Contents write failed : [SQLITE_CONSTRAINT]  Abort due to constraint violation (UNIQUE constraint failed: DATA.GOODS_ID)
2018-11-18 18:29:44 ERROR Crawler:288 - [ERR URL] https://search.shopping.naver.com/search/all.nhn?frm=NVSHATC&pagingSize=80&query=%EA%B4%91%EC%B2%9C%EA%B9%80
2018-11-18 18:29:44 ERROR Crawler:292 - L ERR_CONTENTS_COL : category, span.depth > a, text
2018-11-18 18:29:44 ERROR Crawler:292 - L ERR_CONTENTS_COL : category, span.depth > a, text
2018-11-18 18:29:44 ERROR Crawler:292 - L ERR_CONTENTS_COL : category, span.depth > a, text
2018-11-18 18:29:44 ERROR Crawler:292 - L ERR_CONTENTS_COL : category, span.depth > a, text
2018-11-18 18:29:44 ERROR Crawler:292 - L ERR_CONTENTS_COL : category, span.depth > a, text
2018-11-18 18:29:44 ERROR Crawler:292 - L ERR_CONTENTS_COL : category, span.depth > a, text
2018-11-18 18:29:44 ERROR Crawler:292 - L ERR_CONTENTS_COL : category, span.depth > a, text
2018-11-18 18:29:44 ERROR Crawler:292 - L ERR_CONTENTS_COL : category, span.depth > a, text
2018-11-18 18:29:44 ERROR Crawler:292 - L ERR_WRITE : Contents write failed : [SQLITE_CONSTRAINT]  Abort due to constraint violation (UNIQUE constraint failed: DATA.GOODS_ID)
2018-11-18 18:29:44 ERROR Crawler:292 - L ERR_WRITE : Contents write failed : [SQLITE_CONSTRAINT]  Abort due to constraint violation (UNIQUE constraint failed: DATA.GOODS_ID)
2018-11-18 18:29:44 ERROR Crawler:292 - L ERR_WRITE : Contents write failed : [SQLITE_CONSTRAINT]  Abort due to constraint violation (UNIQUE constraint failed: DATA.GOODS_ID)
2018-11-18 18:29:44 ERROR Crawler:292 - L ERR_WRITE : Contents write failed : [SQLITE_CONSTRAINT]  Abort due to constraint violation (UNIQUE constraint failed: DATA.GOODS_ID)
2018-11-18 18:29:44 ERROR Crawler:292 - L ERR_WRITE : Contents write failed : [SQLITE_CONSTRAINT]  Abort due to constraint violation (UNIQUE constraint failed: DATA.GOODS_ID)
2018-11-18 18:29:44 ERROR Crawler:292 - L ERR_WRITE : Contents write failed : [SQLITE_CONSTRAINT]  Abort due to constraint violation (UNIQUE constraint failed: DATA.GOODS_ID)
2018-11-18 18:29:44 ERROR Crawler:292 - L ERR_WRITE : Contents write failed : [SQLITE_CONSTRAINT]  Abort due to constraint violation (UNIQUE constraint failed: DATA.GOODS_ID)
2018-11-18 18:29:44 ERROR Crawler:292 - L ERR_WRITE : Contents write failed : [SQLITE_CONSTRAINT]  Abort due to constraint violation (UNIQUE constraint failed: DATA.GOODS_ID)
2018-11-18 18:29:44 ERROR Crawler:292 - L ERR_WRITE : Contents write failed : [SQLITE_CONSTRAINT]  Abort due to constraint violation (UNIQUE constraint failed: DATA.GOODS_ID)
2018-11-18 18:29:44 ERROR Crawler:292 - L ERR_WRITE : Contents write failed : [SQLITE_CONSTRAINT]  Abort due to constraint violation (UNIQUE constraint failed: DATA.GOODS_ID)
2018-11-18 18:29:44 ERROR Crawler:292 - L ERR_WRITE : Contents write failed : [SQLITE_CONSTRAINT]  Abort due to constraint violation (UNIQUE constraint failed: DATA.GOODS_ID)
2018-11-18 18:29:44 ERROR Crawler:292 - L ERR_WRITE : Contents write failed : [SQLITE_CONSTRAINT]  Abort due to constraint violation (UNIQUE constraint failed: DATA.GOODS_ID)
2018-11-18 18:29:44 ERROR Crawler:292 - L ERR_WRITE : Contents write failed : [SQLITE_CONSTRAINT]  Abort due to constraint violation (UNIQUE constraint failed: DATA.GOODS_ID)
2018-11-18 18:29:44 ERROR Crawler:292 - L ERR_WRITE : Contents write failed : [SQLITE_CONSTRAINT]  Abort due to constraint violation (UNIQUE constraint failed: DATA.GOODS_ID)
2018-11-18 18:29:44 ERROR Crawler:292 - L ERR_WRITE : Contents write failed : [SQLITE_CONSTRAINT]  Abort due to constraint violation (UNIQUE constraint failed: DATA.GOODS_ID)
2018-11-18 18:29:44 ERROR Crawler:292 - L ERR_WRITE : Contents write failed : [SQLITE_CONSTRAINT]  Abort due to constraint violation (UNIQUE constraint failed: DATA.GOODS_ID)
2018-11-18 18:29:44 ERROR Crawler:292 - L ERR_WRITE : Contents write failed : [SQLITE_CONSTRAINT]  Abort due to constraint violation (UNIQUE constraint failed: DATA.GOODS_ID)
2018-11-18 18:29:44 ERROR Crawler:292 - L ERR_WRITE : Contents write failed : [SQLITE_CONSTRAINT]  Abort due to constraint violation (UNIQUE constraint failed: DATA.GOODS_ID)
2018-11-18 18:29:44 ERROR Crawler:292 - L ERR_WRITE : Contents write failed : [SQLITE_CONSTRAINT]  Abort due to constraint violation (UNIQUE constraint failed: DATA.GOODS_ID)
2018-11-18 18:29:44 ERROR Crawler:292 - L ERR_WRITE : Contents write failed : [SQLITE_CONSTRAINT]  Abort due to constraint violation (UNIQUE constraint failed: DATA.GOODS_ID)
2018-11-18 18:29:44 ERROR Crawler:292 - L ERR_WRITE : Contents write failed : [SQLITE_CONSTRAINT]  Abort due to constraint violation (UNIQUE constraint failed: DATA.GOODS_ID)
2018-11-18 18:29:44 ERROR Crawler:292 - L ERR_WRITE : Contents write failed : [SQLITE_CONSTRAINT]  Abort due to constraint violation (UNIQUE constraint failed: DATA.GOODS_ID)
2018-11-18 18:29:44 ERROR Crawler:292 - L ERR_WRITE : Contents write failed : [SQLITE_CONSTRAINT]  Abort due to constraint violation (UNIQUE constraint failed: DATA.GOODS_ID)
2018-11-18 18:29:44 ERROR Crawler:292 - L ERR_WRITE : Contents write failed : [SQLITE_CONSTRAINT]  Abort due to constraint violation (UNIQUE constraint failed: DATA.GOODS_ID)
2018-11-18 18:29:44 ERROR Crawler:292 - L ERR_WRITE : Contents write failed : [SQLITE_CONSTRAINT]  Abort due to constraint violation (UNIQUE constraint failed: DATA.GOODS_ID)
2018-11-18 18:29:44 ERROR Crawler:292 - L ERR_WRITE : Contents write failed : [SQLITE_CONSTRAINT]  Abort due to constraint violation (UNIQUE constraint failed: DATA.GOODS_ID)
2018-11-18 18:29:44 ERROR Crawler:292 - L ERR_WRITE : Contents write failed : [SQLITE_CONSTRAINT]  Abort due to constraint violation (UNIQUE constraint failed: DATA.GOODS_ID)
2018-11-18 18:29:44 ERROR Crawler:292 - L ERR_WRITE : Contents write failed : [SQLITE_CONSTRAINT]  Abort due to constraint violation (UNIQUE constraint failed: DATA.GOODS_ID)
2018-11-18 18:29:44 ERROR Crawler:292 - L ERR_WRITE : Contents write failed : [SQLITE_CONSTRAINT]  Abort due to constraint violation (UNIQUE constraint failed: DATA.GOODS_ID)
2018-11-18 18:29:44 ERROR Crawler:292 - L ERR_WRITE : Contents write failed : [SQLITE_CONSTRAINT]  Abort due to constraint violation (UNIQUE constraint failed: DATA.GOODS_ID)
2018-11-18 18:29:44 ERROR Crawler:292 - L ERR_WRITE : Contents write failed : [SQLITE_CONSTRAINT]  Abort due to constraint violation (UNIQUE constraint failed: DATA.GOODS_ID)
2018-11-18 18:29:44 ERROR Crawler:292 - L ERR_WRITE : Contents write failed : [SQLITE_CONSTRAINT]  Abort due to constraint violation (UNIQUE constraint failed: DATA.GOODS_ID)
2018-11-18 18:29:44 ERROR Crawler:292 - L ERR_WRITE : Contents write failed : [SQLITE_CONSTRAINT]  Abort due to constraint violation (UNIQUE constraint failed: DATA.GOODS_ID)
2018-11-18 18:29:44 ERROR Crawler:292 - L ERR_WRITE : Contents write failed : [SQLITE_CONSTRAINT]  Abort due to constraint violation (UNIQUE constraint failed: DATA.GOODS_ID)
2018-11-18 18:29:44 ERROR Crawler:292 - L ERR_WRITE : Contents write failed : [SQLITE_CONSTRAINT]  Abort due to constraint violation (UNIQUE constraint failed: DATA.GOODS_ID)
2018-11-18 18:29:44 ERROR Crawler:292 - L ERR_WRITE : Contents write failed : [SQLITE_CONSTRAINT]  Abort due to constraint violation (UNIQUE constraint failed: DATA.GOODS_ID)
2018-11-18 18:29:44 ERROR Crawler:292 - L ERR_WRITE : Contents write failed : [SQLITE_CONSTRAINT]  Abort due to constraint violation (UNIQUE constraint failed: DATA.GOODS_ID)
2018-11-18 18:29:44 ERROR Crawler:292 - L ERR_WRITE : Contents write failed : [SQLITE_CONSTRAINT]  Abort due to constraint violation (UNIQUE constraint failed: DATA.GOODS_ID)
2018-11-18 18:29:44 ERROR Crawler:292 - L ERR_WRITE : Contents write failed : [SQLITE_CONSTRAINT]  Abort due to constraint violation (UNIQUE constraint failed: DATA.GOODS_ID)
2018-11-18 18:29:44 ERROR Crawler:292 - L ERR_WRITE : Contents write failed : [SQLITE_CONSTRAINT]  Abort due to constraint violation (UNIQUE constraint failed: DATA.GOODS_ID)
2018-11-18 18:29:44 ERROR Crawler:292 - L ERR_WRITE : Contents write failed : [SQLITE_CONSTRAINT]  Abort due to constraint violation (UNIQUE constraint failed: DATA.GOODS_ID)
2018-11-18 18:29:44 ERROR Crawler:292 - L ERR_WRITE : Contents write failed : [SQLITE_CONSTRAINT]  Abort due to constraint violation (UNIQUE constraint failed: DATA.GOODS_ID)
2018-11-18 18:29:44 ERROR Crawler:292 - L ERR_WRITE : Contents write failed : [SQLITE_CONSTRAINT]  Abort due to constraint violation (UNIQUE constraint failed: DATA.GOODS_ID)
2018-11-18 18:29:44 ERROR Crawler:292 - L ERR_WRITE : Contents write failed : [SQLITE_CONSTRAINT]  Abort due to constraint violation (UNIQUE constraint failed: DATA.GOODS_ID)
2018-11-18 18:29:44 ERROR Crawler:292 - L ERR_WRITE : Contents write failed : [SQLITE_CONSTRAINT]  Abort due to constraint violation (UNIQUE constraint failed: DATA.GOODS_ID)
2018-11-18 18:29:44 ERROR Crawler:292 - L ERR_WRITE : Contents write failed : [SQLITE_CONSTRAINT]  Abort due to constraint violation (UNIQUE constraint failed: DATA.GOODS_ID)
2018-11-18 18:29:44 ERROR Crawler:292 - L ERR_WRITE : Contents write failed : [SQLITE_CONSTRAINT]  Abort due to constraint violation (UNIQUE constraint failed: DATA.GOODS_ID)
2018-11-18 18:29:44 ERROR Crawler:292 - L ERR_WRITE : Contents write failed : [SQLITE_CONSTRAINT]  Abort due to constraint violation (UNIQUE constraint failed: DATA.GOODS_ID)
2018-11-18 18:29:44 ERROR Crawler:292 - L ERR_WRITE : Contents write failed : [SQLITE_CONSTRAINT]  Abort due to constraint violation (UNIQUE constraint failed: DATA.GOODS_ID)
2018-11-18 18:29:44 ERROR Crawler:292 - L ERR_WRITE : Contents write failed : [SQLITE_CONSTRAINT]  Abort due to constraint violation (UNIQUE constraint failed: DATA.GOODS_ID)
2018-11-18 18:29:44 ERROR Crawler:292 - L ERR_WRITE : Contents write failed : [SQLITE_CONSTRAINT]  Abort due to constraint violation (UNIQUE constraint failed: DATA.GOODS_ID)
2018-11-18 18:29:44 ERROR Crawler:292 - L ERR_WRITE : Contents write failed : [SQLITE_CONSTRAINT]  Abort due to constraint violation (UNIQUE constraint failed: DATA.GOODS_ID)
2018-11-18 18:29:44 ERROR Crawler:292 - L ERR_WRITE : Contents write failed : [SQLITE_CONSTRAINT]  Abort due to constraint violation (UNIQUE constraint failed: DATA.GOODS_ID)
2018-11-18 18:29:44 ERROR Crawler:292 - L ERR_WRITE : Contents write failed : [SQLITE_CONSTRAINT]  Abort due to constraint violation (UNIQUE constraint failed: DATA.GOODS_ID)
2018-11-18 18:29:44 ERROR Crawler:292 - L ERR_WRITE : Contents write failed : [SQLITE_CONSTRAINT]  Abort due to constraint violation (UNIQUE constraint failed: DATA.GOODS_ID)
2018-11-18 18:29:44 ERROR Crawler:292 - L ERR_WRITE : Contents write failed : [SQLITE_CONSTRAINT]  Abort due to constraint violation (UNIQUE constraint failed: DATA.GOODS_ID)
2018-11-18 18:29:44 ERROR Crawler:292 - L ERR_WRITE : Contents write failed : [SQLITE_CONSTRAINT]  Abort due to constraint violation (UNIQUE constraint failed: DATA.GOODS_ID)
2018-11-18 18:29:44 ERROR Crawler:292 - L ERR_WRITE : Contents write failed : [SQLITE_CONSTRAINT]  Abort due to constraint violation (UNIQUE constraint failed: DATA.GOODS_ID)
2018-11-18 18:29:44 ERROR Crawler:292 - L ERR_WRITE : Contents write failed : [SQLITE_CONSTRAINT]  Abort due to constraint violation (UNIQUE constraint failed: DATA.GOODS_ID)
2018-11-18 18:29:44 ERROR Crawler:292 - L ERR_WRITE : Contents write failed : [SQLITE_CONSTRAINT]  Abort due to constraint violation (UNIQUE constraint failed: DATA.GOODS_ID)
2018-11-18 18:29:44 ERROR Crawler:292 - L ERR_WRITE : Contents write failed : [SQLITE_CONSTRAINT]  Abort due to constraint violation (UNIQUE constraint failed: DATA.GOODS_ID)
2018-11-18 18:29:44 ERROR Crawler:292 - L ERR_WRITE : Contents write failed : [SQLITE_CONSTRAINT]  Abort due to constraint violation (UNIQUE constraint failed: DATA.GOODS_ID)
2018-11-18 18:29:44 ERROR Crawler:292 - L ERR_WRITE : Contents write failed : [SQLITE_CONSTRAINT]  Abort due to constraint violation (UNIQUE constraint failed: DATA.GOODS_ID)
2018-11-18 18:29:44 ERROR Crawler:292 - L ERR_WRITE : Contents write failed : [SQLITE_CONSTRAINT]  Abort due to constraint violation (UNIQUE constraint failed: DATA.GOODS_ID)
2018-11-18 18:29:44 ERROR Crawler:292 - L ERR_WRITE : Contents write failed : [SQLITE_CONSTRAINT]  Abort due to constraint violation (UNIQUE constraint failed: DATA.GOODS_ID)
2018-11-18 18:29:44 ERROR Crawler:292 - L ERR_WRITE : Contents write failed : [SQLITE_CONSTRAINT]  Abort due to constraint violation (UNIQUE constraint failed: DATA.GOODS_ID)
2018-11-18 18:29:44 ERROR Crawler:292 - L ERR_WRITE : Contents write failed : [SQLITE_CONSTRAINT]  Abort due to constraint violation (UNIQUE constraint failed: DATA.GOODS_ID)
2018-11-18 18:29:44 ERROR Crawler:292 - L ERR_WRITE : Contents write failed : [SQLITE_CONSTRAINT]  Abort due to constraint violation (UNIQUE constraint failed: DATA.GOODS_ID)
2018-11-18 18:29:44 ERROR Crawler:292 - L ERR_WRITE : Contents write failed : [SQLITE_CONSTRAINT]  Abort due to constraint violation (UNIQUE constraint failed: DATA.GOODS_ID)
2018-11-18 18:29:44 ERROR Crawler:292 - L ERR_WRITE : Contents write failed : [SQLITE_CONSTRAINT]  Abort due to constraint violation (UNIQUE constraint failed: DATA.GOODS_ID)
2018-11-18 18:29:44 ERROR Crawler:292 - L ERR_WRITE : Contents write failed : [SQLITE_CONSTRAINT]  Abort due to constraint violation (UNIQUE constraint failed: DATA.GOODS_ID)
2018-11-18 18:29:44 ERROR Crawler:292 - L ERR_WRITE : Contents write failed : [SQLITE_CONSTRAINT]  Abort due to constraint violation (UNIQUE constraint failed: DATA.GOODS_ID)
2018-11-18 18:29:44 ERROR Crawler:292 - L ERR_WRITE : Contents write failed : [SQLITE_CONSTRAINT]  Abort due to constraint violation (UNIQUE constraint failed: DATA.GOODS_ID)
2018-11-18 18:29:44 ERROR Crawler:292 - L ERR_WRITE : Contents write failed : [SQLITE_CONSTRAINT]  Abort due to constraint violation (UNIQUE constraint failed: DATA.GOODS_ID)
2018-11-18 18:29:44 ERROR Crawler:292 - L ERR_WRITE : Contents write failed : [SQLITE_CONSTRAINT]  Abort due to constraint violation (UNIQUE constraint failed: DATA.GOODS_ID)
2018-11-18 18:29:44 ERROR Crawler:292 - L ERR_WRITE : Contents write failed : [SQLITE_CONSTRAINT]  Abort due to constraint violation (UNIQUE constraint failed: DATA.GOODS_ID)
2018-11-18 18:29:44 ERROR Crawler:292 - L ERR_WRITE : Contents write failed : [SQLITE_CONSTRAINT]  Abort due to constraint violation (UNIQUE constraint failed: DATA.GOODS_ID)
2018-11-18 18:29:44 ERROR Crawler:292 - L ERR_WRITE : Contents write failed : [SQLITE_CONSTRAINT]  Abort due to constraint violation (UNIQUE constraint failed: DATA.GOODS_ID)
2018-11-18 18:29:44 ERROR Crawler:292 - L ERR_WRITE : Contents write failed : [SQLITE_CONSTRAINT]  Abort due to constraint violation (UNIQUE constraint failed: DATA.GOODS_ID)
2018-11-18 18:29:44 ERROR Crawler:292 - L ERR_WRITE : Contents write failed : [SQLITE_CONSTRAINT]  Abort due to constraint violation (UNIQUE constraint failed: DATA.GOODS_ID)
2018-11-18 18:29:44 ERROR Crawler:292 - L ERR_WRITE : Contents write failed : [SQLITE_CONSTRAINT]  Abort due to constraint violation (UNIQUE constraint failed: DATA.GOODS_ID)
2018-11-18 18:29:44 ERROR Crawler:292 - L ERR_WRITE : Contents write failed : [SQLITE_CONSTRAINT]  Abort due to constraint violation (UNIQUE constraint failed: DATA.GOODS_ID)
2018-11-18 18:29:44 ERROR Crawler:292 - L ERR_WRITE : Contents write failed : [SQLITE_CONSTRAINT]  Abort due to constraint violation (UNIQUE constraint failed: DATA.GOODS_ID)
2018-11-18 18:29:44 ERROR Crawler:292 - L ERR_WRITE : Contents write failed : [SQLITE_CONSTRAINT]  Abort due to constraint violation (UNIQUE constraint failed: DATA.GOODS_ID)
2018-11-18 18:29:47 ERROR Crawler:288 - [ERR URL] https://search.shopping.naver.com/search/all.nhn?frm=NVSHATC&pagingSize=80&query=%EB%9D%BC%EB%A9%B4
2018-11-18 18:29:47 ERROR Crawler:292 - L ERR_CONTENTS_COL : category, span.depth > a, text
2018-11-18 18:29:47 ERROR Crawler:292 - L ERR_CONTENTS_COL : category, span.depth > a, text
2018-11-18 18:29:47 ERROR Crawler:292 - L ERR_CONTENTS_COL : category, span.depth > a, text
2018-11-18 18:29:47 ERROR Crawler:292 - L ERR_CONTENTS_COL : category, span.depth > a, text
2018-11-18 18:29:47 ERROR Crawler:292 - L ERR_CONTENTS_COL : category, span.depth > a, text
2018-11-18 18:29:47 ERROR Crawler:292 - L ERR_CONTENTS_COL : category, span.depth > a, text
2018-11-18 18:29:47 ERROR Crawler:292 - L ERR_CONTENTS_COL : category, span.depth > a, text
2018-11-18 18:29:47 ERROR Crawler:292 - L ERR_CONTENTS_COL : category, span.depth > a, text
2018-11-18 18:29:47 ERROR Crawler:292 - L ERR_WRITE : Contents write failed : [SQLITE_CONSTRAINT]  Abort due to constraint violation (UNIQUE constraint failed: DATA.GOODS_ID)
2018-11-18 18:29:47 ERROR Crawler:292 - L ERR_WRITE : Contents write failed : [SQLITE_CONSTRAINT]  Abort due to constraint violation (UNIQUE constraint failed: DATA.GOODS_ID)
2018-11-18 18:29:47 ERROR Crawler:292 - L ERR_WRITE : Contents write failed : [SQLITE_CONSTRAINT]  Abort due to constraint violation (UNIQUE constraint failed: DATA.GOODS_ID)
2018-11-18 18:29:47 ERROR Crawler:292 - L ERR_WRITE : Contents write failed : [SQLITE_CONSTRAINT]  Abort due to constraint violation (UNIQUE constraint failed: DATA.GOODS_ID)
2018-11-18 18:29:47 ERROR Crawler:292 - L ERR_WRITE : Contents write failed : [SQLITE_CONSTRAINT]  Abort due to constraint violation (UNIQUE constraint failed: DATA.GOODS_ID)
2018-11-18 18:29:47 ERROR Crawler:292 - L ERR_WRITE : Contents write failed : [SQLITE_CONSTRAINT]  Abort due to constraint violation (UNIQUE constraint failed: DATA.GOODS_ID)
2018-11-18 18:29:47 ERROR Crawler:292 - L ERR_WRITE : Contents write failed : [SQLITE_CONSTRAINT]  Abort due to constraint violation (UNIQUE constraint failed: DATA.GOODS_ID)
2018-11-18 18:29:47 ERROR Crawler:292 - L ERR_WRITE : Contents write failed : [SQLITE_CONSTRAINT]  Abort due to constraint violation (UNIQUE constraint failed: DATA.GOODS_ID)
2018-11-18 18:29:47 ERROR Crawler:292 - L ERR_WRITE : Contents write failed : [SQLITE_CONSTRAINT]  Abort due to constraint violation (UNIQUE constraint failed: DATA.GOODS_ID)
2018-11-18 18:29:47 ERROR Crawler:292 - L ERR_WRITE : Contents write failed : [SQLITE_CONSTRAINT]  Abort due to constraint violation (UNIQUE constraint failed: DATA.GOODS_ID)
2018-11-18 18:29:47 ERROR Crawler:292 - L ERR_WRITE : Contents write failed : [SQLITE_CONSTRAINT]  Abort due to constraint violation (UNIQUE constraint failed: DATA.GOODS_ID)
2018-11-18 18:29:47 ERROR Crawler:292 - L ERR_WRITE : Contents write failed : [SQLITE_CONSTRAINT]  Abort due to constraint violation (UNIQUE constraint failed: DATA.GOODS_ID)
2018-11-18 18:29:47 ERROR Crawler:292 - L ERR_WRITE : Contents write failed : [SQLITE_CONSTRAINT]  Abort due to constraint violation (UNIQUE constraint failed: DATA.GOODS_ID)
2018-11-18 18:29:47 ERROR Crawler:292 - L ERR_WRITE : Contents write failed : [SQLITE_CONSTRAINT]  Abort due to constraint violation (UNIQUE constraint failed: DATA.GOODS_ID)
2018-11-18 18:29:47 ERROR Crawler:292 - L ERR_WRITE : Contents write failed : [SQLITE_CONSTRAINT]  Abort due to constraint violation (UNIQUE constraint failed: DATA.GOODS_ID)
2018-11-18 18:29:47 ERROR Crawler:292 - L ERR_WRITE : Contents write failed : [SQLITE_CONSTRAINT]  Abort due to constraint violation (UNIQUE constraint failed: DATA.GOODS_ID)
2018-11-18 18:29:47 ERROR Crawler:292 - L ERR_WRITE : Contents write failed : [SQLITE_CONSTRAINT]  Abort due to constraint violation (UNIQUE constraint failed: DATA.GOODS_ID)
2018-11-18 18:29:47 ERROR Crawler:292 - L ERR_WRITE : Contents write failed : [SQLITE_CONSTRAINT]  Abort due to constraint violation (UNIQUE constraint failed: DATA.GOODS_ID)
2018-11-18 18:29:47 ERROR Crawler:292 - L ERR_WRITE : Contents write failed : [SQLITE_CONSTRAINT]  Abort due to constraint violation (UNIQUE constraint failed: DATA.GOODS_ID)
2018-11-18 18:29:47 ERROR Crawler:292 - L ERR_WRITE : Contents write failed : [SQLITE_CONSTRAINT]  Abort due to constraint violation (UNIQUE constraint failed: DATA.GOODS_ID)
2018-11-18 18:29:47 ERROR Crawler:292 - L ERR_WRITE : Contents write failed : [SQLITE_CONSTRAINT]  Abort due to constraint violation (UNIQUE constraint failed: DATA.GOODS_ID)
2018-11-18 18:29:47 ERROR Crawler:292 - L ERR_WRITE : Contents write failed : [SQLITE_CONSTRAINT]  Abort due to constraint violation (UNIQUE constraint failed: DATA.GOODS_ID)
2018-11-18 18:29:47 ERROR Crawler:292 - L ERR_WRITE : Contents write failed : [SQLITE_CONSTRAINT]  Abort due to constraint violation (UNIQUE constraint failed: DATA.GOODS_ID)
2018-11-18 18:29:47 ERROR Crawler:292 - L ERR_WRITE : Contents write failed : [SQLITE_CONSTRAINT]  Abort due to constraint violation (UNIQUE constraint failed: DATA.GOODS_ID)
2018-11-18 18:29:47 ERROR Crawler:292 - L ERR_WRITE : Contents write failed : [SQLITE_CONSTRAINT]  Abort due to constraint violation (UNIQUE constraint failed: DATA.GOODS_ID)
2018-11-18 18:29:47 ERROR Crawler:292 - L ERR_WRITE : Contents write failed : [SQLITE_CONSTRAINT]  Abort due to constraint violation (UNIQUE constraint failed: DATA.GOODS_ID)
2018-11-18 18:29:47 ERROR Crawler:292 - L ERR_WRITE : Contents write failed : [SQLITE_CONSTRAINT]  Abort due to constraint violation (UNIQUE constraint failed: DATA.GOODS_ID)
2018-11-18 18:29:47 ERROR Crawler:292 - L ERR_WRITE : Contents write failed : [SQLITE_CONSTRAINT]  Abort due to constraint violation (UNIQUE constraint failed: DATA.GOODS_ID)
2018-11-18 18:29:47 ERROR Crawler:292 - L ERR_WRITE : Contents write failed : [SQLITE_CONSTRAINT]  Abort due to constraint violation (UNIQUE constraint failed: DATA.GOODS_ID)
2018-11-18 18:29:47 ERROR Crawler:292 - L ERR_WRITE : Contents write failed : [SQLITE_CONSTRAINT]  Abort due to constraint violation (UNIQUE constraint failed: DATA.GOODS_ID)
2018-11-18 18:29:47 ERROR Crawler:292 - L ERR_WRITE : Contents write failed : [SQLITE_CONSTRAINT]  Abort due to constraint violation (UNIQUE constraint failed: DATA.GOODS_ID)
2018-11-18 18:29:47 ERROR Crawler:292 - L ERR_WRITE : Contents write failed : [SQLITE_CONSTRAINT]  Abort due to constraint violation (UNIQUE constraint failed: DATA.GOODS_ID)
2018-11-18 18:29:47 ERROR Crawler:292 - L ERR_WRITE : Contents write failed : [SQLITE_CONSTRAINT]  Abort due to constraint violation (UNIQUE constraint failed: DATA.GOODS_ID)
2018-11-18 18:29:47 ERROR Crawler:292 - L ERR_WRITE : Contents write failed : [SQLITE_CONSTRAINT]  Abort due to constraint violation (UNIQUE constraint failed: DATA.GOODS_ID)
2018-11-18 18:29:47 ERROR Crawler:292 - L ERR_WRITE : Contents write failed : [SQLITE_CONSTRAINT]  Abort due to constraint violation (UNIQUE constraint failed: DATA.GOODS_ID)
2018-11-18 18:29:47 ERROR Crawler:292 - L ERR_WRITE : Contents write failed : [SQLITE_CONSTRAINT]  Abort due to constraint violation (UNIQUE constraint failed: DATA.GOODS_ID)
2018-11-18 18:29:47 ERROR Crawler:292 - L ERR_WRITE : Contents write failed : [SQLITE_CONSTRAINT]  Abort due to constraint violation (UNIQUE constraint failed: DATA.GOODS_ID)
2018-11-18 18:29:47 ERROR Crawler:292 - L ERR_WRITE : Contents write failed : [SQLITE_CONSTRAINT]  Abort due to constraint violation (UNIQUE constraint failed: DATA.GOODS_ID)
2018-11-18 18:29:47 ERROR Crawler:292 - L ERR_WRITE : Contents write failed : [SQLITE_CONSTRAINT]  Abort due to constraint violation (UNIQUE constraint failed: DATA.GOODS_ID)
2018-11-18 18:29:47 ERROR Crawler:292 - L ERR_WRITE : Contents write failed : [SQLITE_CONSTRAINT]  Abort due to constraint violation (UNIQUE constraint failed: DATA.GOODS_ID)
2018-11-18 18:29:47 ERROR Crawler:292 - L ERR_WRITE : Contents write failed : [SQLITE_CONSTRAINT]  Abort due to constraint violation (UNIQUE constraint failed: DATA.GOODS_ID)
2018-11-18 18:29:47 ERROR Crawler:292 - L ERR_WRITE : Contents write failed : [SQLITE_CONSTRAINT]  Abort due to constraint violation (UNIQUE constraint failed: DATA.GOODS_ID)
2018-11-18 18:29:47 ERROR Crawler:292 - L ERR_WRITE : Contents write failed : [SQLITE_CONSTRAINT]  Abort due to constraint violation (UNIQUE constraint failed: DATA.GOODS_ID)
2018-11-18 18:29:47 ERROR Crawler:292 - L ERR_WRITE : Contents write failed : [SQLITE_CONSTRAINT]  Abort due to constraint violation (UNIQUE constraint failed: DATA.GOODS_ID)
2018-11-18 18:29:47 ERROR Crawler:292 - L ERR_WRITE : Contents write failed : [SQLITE_CONSTRAINT]  Abort due to constraint violation (UNIQUE constraint failed: DATA.GOODS_ID)
2018-11-18 18:29:47 ERROR Crawler:292 - L ERR_WRITE : Contents write failed : [SQLITE_CONSTRAINT]  Abort due to constraint violation (UNIQUE constraint failed: DATA.GOODS_ID)
2018-11-18 18:29:47 ERROR Crawler:292 - L ERR_WRITE : Contents write failed : [SQLITE_CONSTRAINT]  Abort due to constraint violation (UNIQUE constraint failed: DATA.GOODS_ID)
2018-11-18 18:29:47 ERROR Crawler:292 - L ERR_WRITE : Contents write failed : [SQLITE_CONSTRAINT]  Abort due to constraint violation (UNIQUE constraint failed: DATA.GOODS_ID)
2018-11-18 18:29:47 ERROR Crawler:292 - L ERR_WRITE : Contents write failed : [SQLITE_CONSTRAINT]  Abort due to constraint violation (UNIQUE constraint failed: DATA.GOODS_ID)
2018-11-18 18:29:47 ERROR Crawler:292 - L ERR_WRITE : Contents write failed : [SQLITE_CONSTRAINT]  Abort due to constraint violation (UNIQUE constraint failed: DATA.GOODS_ID)
2018-11-18 18:29:47 ERROR Crawler:292 - L ERR_WRITE : Contents write failed : [SQLITE_CONSTRAINT]  Abort due to constraint violation (UNIQUE constraint failed: DATA.GOODS_ID)
2018-11-18 18:29:47 ERROR Crawler:292 - L ERR_WRITE : Contents write failed : [SQLITE_CONSTRAINT]  Abort due to constraint violation (UNIQUE constraint failed: DATA.GOODS_ID)
2018-11-18 18:29:47 ERROR Crawler:292 - L ERR_WRITE : Contents write failed : [SQLITE_CONSTRAINT]  Abort due to constraint violation (UNIQUE constraint failed: DATA.GOODS_ID)
2018-11-18 18:29:47 ERROR Crawler:292 - L ERR_WRITE : Contents write failed : [SQLITE_CONSTRAINT]  Abort due to constraint violation (UNIQUE constraint failed: DATA.GOODS_ID)
2018-11-18 18:29:47 ERROR Crawler:292 - L ERR_WRITE : Contents write failed : [SQLITE_CONSTRAINT]  Abort due to constraint violation (UNIQUE constraint failed: DATA.GOODS_ID)
2018-11-18 18:29:47 ERROR Crawler:292 - L ERR_WRITE : Contents write failed : [SQLITE_CONSTRAINT]  Abort due to constraint violation (UNIQUE constraint failed: DATA.GOODS_ID)
2018-11-18 18:29:47 ERROR Crawler:292 - L ERR_WRITE : Contents write failed : [SQLITE_CONSTRAINT]  Abort due to constraint violation (UNIQUE constraint failed: DATA.GOODS_ID)
2018-11-18 18:29:47 ERROR Crawler:292 - L ERR_WRITE : Contents write failed : [SQLITE_CONSTRAINT]  Abort due to constraint violation (UNIQUE constraint failed: DATA.GOODS_ID)
2018-11-18 18:29:47 ERROR Crawler:292 - L ERR_WRITE : Contents write failed : [SQLITE_CONSTRAINT]  Abort due to constraint violation (UNIQUE constraint failed: DATA.GOODS_ID)
2018-11-18 18:29:47 ERROR Crawler:292 - L ERR_WRITE : Contents write failed : [SQLITE_CONSTRAINT]  Abort due to constraint violation (UNIQUE constraint failed: DATA.GOODS_ID)
2018-11-18 18:29:47 ERROR Crawler:292 - L ERR_WRITE : Contents write failed : [SQLITE_CONSTRAINT]  Abort due to constraint violation (UNIQUE constraint failed: DATA.GOODS_ID)
2018-11-18 18:29:47 ERROR Crawler:292 - L ERR_WRITE : Contents write failed : [SQLITE_CONSTRAINT]  Abort due to constraint violation (UNIQUE constraint failed: DATA.GOODS_ID)
2018-11-18 18:29:47 ERROR Crawler:292 - L ERR_WRITE : Contents write failed : [SQLITE_CONSTRAINT]  Abort due to constraint violation (UNIQUE constraint failed: DATA.GOODS_ID)
2018-11-18 18:29:47 ERROR Crawler:292 - L ERR_WRITE : Contents write failed : [SQLITE_CONSTRAINT]  Abort due to constraint violation (UNIQUE constraint failed: DATA.GOODS_ID)
2018-11-18 18:29:47 ERROR Crawler:292 - L ERR_WRITE : Contents write failed : [SQLITE_CONSTRAINT]  Abort due to constraint violation (UNIQUE constraint failed: DATA.GOODS_ID)
2018-11-18 18:29:47 ERROR Crawler:292 - L ERR_WRITE : Contents write failed : [SQLITE_CONSTRAINT]  Abort due to constraint violation (UNIQUE constraint failed: DATA.GOODS_ID)
2018-11-18 18:29:47 ERROR Crawler:292 - L ERR_WRITE : Contents write failed : [SQLITE_CONSTRAINT]  Abort due to constraint violation (UNIQUE constraint failed: DATA.GOODS_ID)
2018-11-18 18:29:47 ERROR Crawler:292 - L ERR_WRITE : Contents write failed : [SQLITE_CONSTRAINT]  Abort due to constraint violation (UNIQUE constraint failed: DATA.GOODS_ID)
2018-11-18 18:29:47 ERROR Crawler:292 - L ERR_WRITE : Contents write failed : [SQLITE_CONSTRAINT]  Abort due to constraint violation (UNIQUE constraint failed: DATA.GOODS_ID)
2018-11-18 18:29:47 ERROR Crawler:292 - L ERR_WRITE : Contents write failed : [SQLITE_CONSTRAINT]  Abort due to constraint violation (UNIQUE constraint failed: DATA.GOODS_ID)
2018-11-18 18:29:47 ERROR Crawler:292 - L ERR_WRITE : Contents write failed : [SQLITE_CONSTRAINT]  Abort due to constraint violation (UNIQUE constraint failed: DATA.GOODS_ID)
2018-11-18 18:29:47 ERROR Crawler:292 - L ERR_WRITE : Contents write failed : [SQLITE_CONSTRAINT]  Abort due to constraint violation (UNIQUE constraint failed: DATA.GOODS_ID)
2018-11-18 18:29:47 ERROR Crawler:292 - L ERR_WRITE : Contents write failed : [SQLITE_CONSTRAINT]  Abort due to constraint violation (UNIQUE constraint failed: DATA.GOODS_ID)
2018-11-18 18:29:47 ERROR Crawler:292 - L ERR_WRITE : Contents write failed : [SQLITE_CONSTRAINT]  Abort due to constraint violation (UNIQUE constraint failed: DATA.GOODS_ID)
2018-11-18 18:29:47 ERROR Crawler:292 - L ERR_WRITE : Contents write failed : [SQLITE_CONSTRAINT]  Abort due to constraint violation (UNIQUE constraint failed: DATA.GOODS_ID)
2018-11-18 18:29:47 ERROR Crawler:292 - L ERR_WRITE : Contents write failed : [SQLITE_CONSTRAINT]  Abort due to constraint violation (UNIQUE constraint failed: DATA.GOODS_ID)
2018-11-18 18:29:47 ERROR Crawler:292 - L ERR_WRITE : Contents write failed : [SQLITE_CONSTRAINT]  Abort due to constraint violation (UNIQUE constraint failed: DATA.GOODS_ID)
2018-11-18 18:29:47 ERROR Crawler:292 - L ERR_WRITE : Contents write failed : [SQLITE_CONSTRAINT]  Abort due to constraint violation (UNIQUE constraint failed: DATA.GOODS_ID)
2018-11-18 18:29:47 ERROR Crawler:292 - L ERR_WRITE : Contents write failed : [SQLITE_CONSTRAINT]  Abort due to constraint violation (UNIQUE constraint failed: DATA.GOODS_ID)
2018-11-18 18:29:47 ERROR Crawler:292 - L ERR_WRITE : Contents write failed : [SQLITE_CONSTRAINT]  Abort due to constraint violation (UNIQUE constraint failed: DATA.GOODS_ID)
2018-11-18 18:29:47 ERROR Crawler:292 - L ERR_WRITE : Contents write failed : [SQLITE_CONSTRAINT]  Abort due to constraint violation (UNIQUE constraint failed: DATA.GOODS_ID)
2018-11-18 18:29:47 ERROR Crawler:292 - L ERR_WRITE : Contents write failed : [SQLITE_CONSTRAINT]  Abort due to constraint violation (UNIQUE constraint failed: DATA.GOODS_ID)
2018-11-18 18:29:47 ERROR Crawler:292 - L ERR_WRITE : Contents write failed : [SQLITE_CONSTRAINT]  Abort due to constraint violation (UNIQUE constraint failed: DATA.GOODS_ID)
2018-11-18 18:29:47 ERROR Crawler:292 - L ERR_WRITE : Contents write failed : [SQLITE_CONSTRAINT]  Abort due to constraint violation (UNIQUE constraint failed: DATA.GOODS_ID)
