2018-11-18 16:57:18 INFO  Crawler:229 - ============== Start Crawler =============
2018-11-18 16:57:18 INFO  Crawler:230 - CONFIG FILE    : ./config/config_naver_shopping_category.json
2018-11-18 16:57:18 INFO  Crawler:232 - ARG LIST COUNT : 19
2018-11-18 16:57:18 INFO  Crawler:237 - CMD PARAM 00   : 기아
2018-11-18 16:57:18 INFO  Crawler:240 - CRAWLER NAME   : naver_category
2018-11-18 16:57:18 INFO  Crawler:241 - CRAWLER TYPE   : SCENARIO_DYNAMIC
2018-11-18 16:57:18 INFO  Crawler:242 - CRAWLER DELAY  : 0.8 sec
2018-11-18 16:57:18 INFO  Crawler:243 - IGNORE ROBOTS  : true
2018-11-18 16:57:18 INFO  Crawler:244 - LIMIT_COUNT    : 10
2018-11-18 16:57:18 INFO  Crawler:245 - FILTER COUNT   : 0
2018-11-18 16:57:19 INFO  Crawler:249 - SCENARIO COUNT : 1
2018-11-18 16:57:19 INFO  Crawler:250 - COLLECT COUNT  : 1
2018-11-18 16:57:19 INFO  Crawler:251 - SAVE TYPE      : DB
2018-11-18 16:57:19 INFO  Crawler:252 - SAVE HTML      : false
2018-11-18 16:57:19 INFO  Crawler:253 - ==========================================
2018-11-18 16:57:26 INFO  Crawler:297 - [Progress 1] elaped time : 00:00:07, curSave : 0, Totalsave : 0, curErr : 0, totalErr : 0, remain_work : 2, total : 3
2018-11-18 16:57:27 ERROR Crawler:288 - [ERR URL] https://search.shopping.naver.com/search/all.nhn?frm=NVSHATC&pagingSize=80&query=%EA%B8%B0%EC%95%84
2018-11-18 16:57:27 ERROR Crawler:292 - L ERR_CONTENTS_COL : category, span.depth > a, text
2018-11-18 16:57:27 ERROR Crawler:292 - L ERR_CONTENTS_COL : category, span.depth > a, text
2018-11-18 16:57:27 ERROR Crawler:292 - L ERR_CONTENTS_COL : category, span.depth > a, text
2018-11-18 16:57:27 ERROR Crawler:292 - L ERR_CONTENTS_COL : category, span.depth > a, text
2018-11-18 16:57:27 ERROR Crawler:292 - L ERR_CONTENTS_COL : category, span.depth > a, text
2018-11-18 16:57:27 ERROR Crawler:292 - L ERR_CONTENTS_COL : category, span.depth > a, text
2018-11-18 16:57:27 ERROR Crawler:292 - L ERR_CONTENTS_COL : category, span.depth > a, text
2018-11-18 16:57:27 ERROR Crawler:292 - L ERR_CONTENTS_COL : category, span.depth > a, text
2018-11-18 16:57:27 INFO  Crawler:297 - [Progress 2] elaped time : 00:00:08, curSave : 1, Totalsave : 1, curErr : 8, totalErr : 8, remain_work : 1, total : 3
2018-11-18 16:57:28 INFO  Crawler:297 - [Progress 3] elaped time : 00:00:09, curSave : 1, Totalsave : 1, curErr : 8, totalErr : 8, remain_work : 2, total : 5
2018-11-18 16:57:29 ERROR Crawler:288 - [ERR URL] https://search.shopping.naver.com/search/all.nhn?frm=NVSHPAG&pagingSize=80&query=%EA%B8%B0%EC%95%84&origQuery=%EA%B8%B0%EC%95%84&pagingIndex=2&viewType=list&sort=rel
2018-11-18 16:57:29 ERROR Crawler:292 - L ERR_CONTENTS_COL : category, span.depth > a, text
2018-11-18 16:57:29 ERROR Crawler:292 - L ERR_CONTENTS_COL : category, span.depth > a, text
2018-11-18 16:57:29 ERROR Crawler:292 - L ERR_CONTENTS_COL : category, span.depth > a, text
2018-11-18 16:57:29 ERROR Crawler:292 - L ERR_CONTENTS_COL : category, span.depth > a, text
2018-11-18 16:57:29 ERROR Crawler:292 - L ERR_CONTENTS_COL : category, span.depth > a, text
2018-11-18 16:57:29 ERROR Crawler:292 - L ERR_CONTENTS_COL : category, span.depth > a, text
2018-11-18 16:57:29 ERROR Crawler:292 - L ERR_CONTENTS_COL : category, span.depth > a, text
2018-11-18 16:57:29 ERROR Crawler:292 - L ERR_CONTENTS_COL : category, span.depth > a, text
2018-11-18 16:57:29 INFO  Crawler:297 - [Progress 4] elaped time : 00:00:10, curSave : 4, Totalsave : 4, curErr : 16, totalErr : 16, remain_work : 1, total : 5
2018-11-18 16:57:29 INFO  Crawler:256 - ============== update params =============
2018-11-18 16:57:29 INFO  Crawler:259 - CMD PARAM 00   : 현대
2018-11-18 16:57:29 INFO  Crawler:261 - ==========================================
2018-11-18 16:57:32 INFO  Crawler:297 - [Progress 5] elaped time : 00:00:13, curSave : 0, Totalsave : 4, curErr : 0, totalErr : 16, remain_work : 2, total : 8
2018-11-18 16:57:35 ERROR Crawler:288 - [ERR URL] https://search.shopping.naver.com/search/all.nhn?frm=NVSHATC&pagingSize=80&query=%ED%98%84%EB%8C%80
2018-11-18 16:57:35 ERROR Crawler:292 - L ERR_CONTENTS_COL : category, span.depth > a, text
2018-11-18 16:57:35 ERROR Crawler:292 - L ERR_CONTENTS_COL : category, span.depth > a, text
2018-11-18 16:57:35 ERROR Crawler:292 - L ERR_CONTENTS_COL : category, span.depth > a, text
2018-11-18 16:57:35 ERROR Crawler:292 - L ERR_CONTENTS_COL : category, span.depth > a, text
2018-11-18 16:57:35 ERROR Crawler:292 - L ERR_CONTENTS_COL : category, span.depth > a, text
2018-11-18 16:57:35 ERROR Crawler:292 - L ERR_CONTENTS_COL : category, span.depth > a, text
2018-11-18 16:57:35 ERROR Crawler:292 - L ERR_CONTENTS_COL : category, span.depth > a, text
2018-11-18 16:57:35 ERROR Crawler:292 - L ERR_CONTENTS_COL : category, span.depth > a, text
2018-11-18 16:57:35 INFO  Crawler:297 - [Progress 6] elaped time : 00:00:16, curSave : 78, Totalsave : 82, curErr : 8, totalErr : 24, remain_work : 1, total : 8
2018-11-18 16:57:35 INFO  Crawler:256 - ============== update params =============
2018-11-18 16:57:35 INFO  Crawler:259 - CMD PARAM 00   : 자동차
2018-11-18 16:57:35 INFO  Crawler:261 - ==========================================
2018-11-18 16:57:37 INFO  Crawler:297 - [Progress 7] elaped time : 00:00:18, curSave : 0, Totalsave : 82, curErr : 0, totalErr : 24, remain_work : 2, total : 11
