2018-11-20 10:03:00 INFO  Crawler:229 - ============== Start Crawler =============
2018-11-20 10:03:00 INFO  Crawler:230 - CONFIG FILE    : ./config/config_naver_shopping_category.json
2018-11-20 10:03:00 INFO  Crawler:232 - ARG LIST COUNT : 366
2018-11-20 10:03:00 INFO  Crawler:237 - CMD PARAM 00   : 기아
2018-11-20 10:03:00 INFO  Crawler:240 - CRAWLER NAME   : naver_category
2018-11-20 10:03:00 INFO  Crawler:241 - CRAWLER TYPE   : SCENARIO_DYNAMIC
2018-11-20 10:03:00 INFO  Crawler:242 - CRAWLER DELAY  : 0.0 sec
2018-11-20 10:03:00 INFO  Crawler:243 - IGNORE ROBOTS  : true
2018-11-20 10:03:00 INFO  Crawler:244 - LIMIT_COUNT    : 9000
2018-11-20 10:03:00 INFO  Crawler:245 - FILTER COUNT   : 0
2018-11-20 10:03:00 INFO  Crawler:249 - SCENARIO COUNT : 1
2018-11-20 10:03:00 INFO  Crawler:250 - COLLECT COUNT  : 1
2018-11-20 10:03:00 INFO  Crawler:251 - SAVE TYPE      : DB
2018-11-20 10:03:00 INFO  Crawler:252 - SAVE HTML      : false
2018-11-20 10:03:00 INFO  Crawler:253 - ==========================================
2018-11-20 10:03:07 INFO  Crawler:297 - [Progress 1] elaped time : 00:00:06, curSave : 0, Totalsave : 0, curErr : 0, totalErr : 0, remain_work : 3, total : 4
2018-11-20 10:03:07 ERROR Crawler:288 - [ERR URL] https://search.shopping.naver.com/search/all.nhn?frm=NVSHATC&pagingSize=80&query=%EA%B8%B0%EC%95%84
2018-11-20 10:03:07 ERROR Crawler:292 - L ERR_CONTENTS_COL : category, span.depth > a, text
2018-11-20 10:03:07 ERROR Crawler:292 - L ERR_CONTENTS_COL : category, span.depth > a, text
2018-11-20 10:03:07 ERROR Crawler:292 - L ERR_CONTENTS_COL : category, span.depth > a, text
2018-11-20 10:03:07 ERROR Crawler:292 - L ERR_CONTENTS_COL : category, span.depth > a, text
2018-11-20 10:03:07 ERROR Crawler:292 - L ERR_CONTENTS_COL : category, span.depth > a, text
2018-11-20 10:03:07 ERROR Crawler:292 - L ERR_CONTENTS_COL : category, span.depth > a, text
2018-11-20 10:03:07 ERROR Crawler:292 - L ERR_CONTENTS_COL : category, span.depth > a, text
2018-11-20 10:03:07 ERROR Crawler:292 - L ERR_CONTENTS_COL : category, span.depth > a, text
2018-11-20 10:03:07 ERROR Crawler:292 - L ERR_WRITE : Contents write failed : Duplicate entry '13542071241' for key 'PRIMARY'
2018-11-20 10:03:07 ERROR Crawler:292 - L ERR_WRITE : Contents write failed : Duplicate entry '13469862595' for key 'PRIMARY'
2018-11-20 10:03:07 ERROR Crawler:292 - L ERR_WRITE : Contents write failed : Duplicate entry '81349328290' for key 'PRIMARY'
2018-11-20 10:03:07 ERROR Crawler:292 - L ERR_WRITE : Contents write failed : Duplicate entry '10587370024' for key 'PRIMARY'
2018-11-20 10:03:07 ERROR Crawler:292 - L ERR_WRITE : Contents write failed : Duplicate entry '10591890531' for key 'PRIMARY'
2018-11-20 10:03:07 ERROR Crawler:292 - L ERR_WRITE : Contents write failed : Duplicate entry '9745212006' for key 'PRIMARY'
2018-11-20 10:03:07 ERROR Crawler:292 - L ERR_WRITE : Contents write failed : Duplicate entry '13470070947' for key 'PRIMARY'
2018-11-20 10:03:07 ERROR Crawler:292 - L ERR_WRITE : Contents write failed : Duplicate entry '13956022805' for key 'PRIMARY'
2018-11-20 10:03:07 ERROR Crawler:292 - L ERR_WRITE : Contents write failed : Duplicate entry '13496434924' for key 'PRIMARY'
2018-11-20 10:03:07 ERROR Crawler:292 - L ERR_WRITE : Contents write failed : Duplicate entry '13964401790' for key 'PRIMARY'
2018-11-20 10:03:07 ERROR Crawler:292 - L ERR_WRITE : Contents write failed : Duplicate entry '13956419147' for key 'PRIMARY'
2018-11-20 10:03:07 ERROR Crawler:292 - L ERR_WRITE : Contents write failed : Duplicate entry '13470066686' for key 'PRIMARY'
2018-11-20 10:03:07 ERROR Crawler:292 - L ERR_WRITE : Contents write failed : Duplicate entry '14840258805' for key 'PRIMARY'
2018-11-20 10:03:07 ERROR Crawler:292 - L ERR_WRITE : Contents write failed : Duplicate entry '14840387569' for key 'PRIMARY'
2018-11-20 10:03:07 ERROR Crawler:292 - L ERR_WRITE : Contents write failed : Duplicate entry '12705992779' for key 'PRIMARY'
2018-11-20 10:03:07 ERROR Crawler:292 - L ERR_WRITE : Contents write failed : Duplicate entry '80517661505' for key 'PRIMARY'
2018-11-20 10:03:07 ERROR Crawler:292 - L ERR_WRITE : Contents write failed : Duplicate entry '12738761749' for key 'PRIMARY'
2018-11-20 10:03:07 ERROR Crawler:292 - L ERR_WRITE : Contents write failed : Duplicate entry '13887655401' for key 'PRIMARY'
2018-11-20 10:03:07 ERROR Crawler:292 - L ERR_WRITE : Contents write failed : Duplicate entry '80777151727' for key 'PRIMARY'
2018-11-20 10:03:07 ERROR Crawler:292 - L ERR_WRITE : Contents write failed : Duplicate entry '14069554289' for key 'PRIMARY'
2018-11-20 10:03:07 ERROR Crawler:292 - L ERR_WRITE : Contents write failed : Duplicate entry '11459876552' for key 'PRIMARY'
2018-11-20 10:03:07 ERROR Crawler:292 - L ERR_WRITE : Contents write failed : Duplicate entry '7573344810' for key 'PRIMARY'
2018-11-20 10:03:07 ERROR Crawler:292 - L ERR_WRITE : Contents write failed : Duplicate entry '14012481911' for key 'PRIMARY'
2018-11-20 10:03:07 ERROR Crawler:292 - L ERR_WRITE : Contents write failed : Duplicate entry '12200135594' for key 'PRIMARY'
2018-11-20 10:03:07 ERROR Crawler:292 - L ERR_WRITE : Contents write failed : Duplicate entry '8803669283' for key 'PRIMARY'
2018-11-20 10:03:07 ERROR Crawler:292 - L ERR_WRITE : Contents write failed : Duplicate entry '13460809534' for key 'PRIMARY'
2018-11-20 10:03:07 ERROR Crawler:292 - L ERR_WRITE : Contents write failed : Duplicate entry '80214715755' for key 'PRIMARY'
2018-11-20 10:03:07 ERROR Crawler:292 - L ERR_WRITE : Contents write failed : Duplicate entry '9579336127' for key 'PRIMARY'
2018-11-20 10:03:07 ERROR Crawler:292 - L ERR_WRITE : Contents write failed : Duplicate entry '7573344811' for key 'PRIMARY'
2018-11-20 10:03:07 ERROR Crawler:292 - L ERR_WRITE : Contents write failed : Duplicate entry '9877553097' for key 'PRIMARY'
2018-11-20 10:03:07 ERROR Crawler:292 - L ERR_WRITE : Contents write failed : Duplicate entry '13747450639' for key 'PRIMARY'
2018-11-20 10:03:07 ERROR Crawler:292 - L ERR_WRITE : Contents write failed : Duplicate entry '80499420655' for key 'PRIMARY'
2018-11-20 10:03:07 ERROR Crawler:292 - L ERR_WRITE : Contents write failed : Duplicate entry '12936820956' for key 'PRIMARY'
2018-11-20 10:03:07 ERROR Crawler:292 - L ERR_WRITE : Contents write failed : Duplicate entry '80176778482' for key 'PRIMARY'
2018-11-20 10:03:07 ERROR Crawler:292 - L ERR_WRITE : Contents write failed : Duplicate entry '16192677980' for key 'PRIMARY'
2018-11-20 10:03:07 ERROR Crawler:292 - L ERR_WRITE : Contents write failed : Duplicate entry '16174219829' for key 'PRIMARY'
2018-11-20 10:03:07 ERROR Crawler:292 - L ERR_WRITE : Contents write failed : Duplicate entry '16180110233' for key 'PRIMARY'
2018-11-20 10:03:07 ERROR Crawler:292 - L ERR_WRITE : Contents write failed : Duplicate entry '15771595012' for key 'PRIMARY'
2018-11-20 10:03:07 ERROR Crawler:292 - L ERR_WRITE : Contents write failed : Duplicate entry '16171472257' for key 'PRIMARY'
2018-11-20 10:03:07 ERROR Crawler:292 - L ERR_WRITE : Contents write failed : Duplicate entry '14374603285' for key 'PRIMARY'
2018-11-20 10:03:07 ERROR Crawler:292 - L ERR_WRITE : Contents write failed : Duplicate entry '16140912797' for key 'PRIMARY'
2018-11-20 10:03:07 ERROR Crawler:292 - L ERR_WRITE : Contents write failed : Duplicate entry '16149703345' for key 'PRIMARY'
2018-11-20 10:03:07 ERROR Crawler:292 - L ERR_WRITE : Contents write failed : Duplicate entry '16148081607' for key 'PRIMARY'
2018-11-20 10:03:07 ERROR Crawler:292 - L ERR_WRITE : Contents write failed : Duplicate entry '16143555803' for key 'PRIMARY'
2018-11-20 10:03:07 ERROR Crawler:292 - L ERR_WRITE : Contents write failed : Duplicate entry '16143286398' for key 'PRIMARY'
2018-11-20 10:03:07 ERROR Crawler:292 - L ERR_WRITE : Contents write failed : Duplicate entry '16143027901' for key 'PRIMARY'
2018-11-20 10:03:07 ERROR Crawler:292 - L ERR_WRITE : Contents write failed : Duplicate entry '16137756640' for key 'PRIMARY'
2018-11-20 10:03:07 ERROR Crawler:292 - L ERR_WRITE : Contents write failed : Duplicate entry '16135910237' for key 'PRIMARY'
2018-11-20 10:03:07 ERROR Crawler:292 - L ERR_WRITE : Contents write failed : Duplicate entry '16134219124' for key 'PRIMARY'
2018-11-20 10:03:07 ERROR Crawler:292 - L ERR_WRITE : Contents write failed : Duplicate entry '16114534336' for key 'PRIMARY'
2018-11-20 10:03:07 ERROR Crawler:292 - L ERR_WRITE : Contents write failed : Duplicate entry '16114500006' for key 'PRIMARY'
2018-11-20 10:03:07 ERROR Crawler:292 - L ERR_WRITE : Contents write failed : Duplicate entry '16112852664' for key 'PRIMARY'
2018-11-20 10:03:07 ERROR Crawler:292 - L ERR_WRITE : Contents write failed : Duplicate entry '16112724627' for key 'PRIMARY'
2018-11-20 10:03:07 ERROR Crawler:292 - L ERR_WRITE : Contents write failed : Duplicate entry '81373725370' for key 'PRIMARY'
2018-11-20 10:03:07 ERROR Crawler:292 - L ERR_WRITE : Contents write failed : Duplicate entry '16110722186' for key 'PRIMARY'
2018-11-20 10:03:07 ERROR Crawler:292 - L ERR_WRITE : Contents write failed : Duplicate entry '16100566850' for key 'PRIMARY'
2018-11-20 10:03:07 ERROR Crawler:292 - L ERR_WRITE : Contents write failed : Duplicate entry '16098932213' for key 'PRIMARY'
2018-11-20 10:03:07 ERROR Crawler:292 - L ERR_WRITE : Contents write failed : Duplicate entry '12695462220' for key 'PRIMARY'
2018-11-20 10:03:07 ERROR Crawler:292 - L ERR_WRITE : Contents write failed : Duplicate entry '16095396325' for key 'PRIMARY'
2018-11-20 10:03:07 ERROR Crawler:292 - L ERR_WRITE : Contents write failed : Duplicate entry '13887667734' for key 'PRIMARY'
2018-11-20 10:03:07 ERROR Crawler:292 - L ERR_WRITE : Contents write failed : Duplicate entry '16095026166' for key 'PRIMARY'
2018-11-20 10:03:07 ERROR Crawler:292 - L ERR_WRITE : Contents write failed : Duplicate entry '16094763265' for key 'PRIMARY'
2018-11-20 10:03:07 ERROR Crawler:292 - L ERR_WRITE : Contents write failed : Duplicate entry '81373437174' for key 'PRIMARY'
2018-11-20 10:03:07 ERROR Crawler:292 - L ERR_WRITE : Contents write failed : Duplicate entry '16078824802' for key 'PRIMARY'
2018-11-20 10:03:07 ERROR Crawler:292 - L ERR_WRITE : Contents write failed : Duplicate entry '16050081184' for key 'PRIMARY'
2018-11-20 10:03:07 ERROR Crawler:292 - L ERR_WRITE : Contents write failed : Duplicate entry '16044758526' for key 'PRIMARY'
2018-11-20 10:03:07 ERROR Crawler:292 - L ERR_WRITE : Contents write failed : Duplicate entry '81371572670' for key 'PRIMARY'
2018-11-20 10:03:07 ERROR Crawler:292 - L ERR_WRITE : Contents write failed : Duplicate entry '16050218224' for key 'PRIMARY'
2018-11-20 10:03:07 ERROR Crawler:292 - L ERR_WRITE : Contents write failed : Duplicate entry '16050191184' for key 'PRIMARY'
2018-11-20 10:03:07 ERROR Crawler:292 - L ERR_WRITE : Contents write failed : Duplicate entry '16045434368' for key 'PRIMARY'
2018-11-20 10:03:07 ERROR Crawler:292 - L ERR_WRITE : Contents write failed : Duplicate entry '16041014420' for key 'PRIMARY'
2018-11-20 10:03:07 ERROR Crawler:292 - L ERR_WRITE : Contents write failed : Duplicate entry '16040976745' for key 'PRIMARY'
2018-11-20 10:03:07 ERROR Crawler:292 - L ERR_WRITE : Contents write failed : Duplicate entry '81364117268' for key 'PRIMARY'
2018-11-20 10:03:07 ERROR Crawler:292 - L ERR_WRITE : Contents write failed : Duplicate entry '15999815558' for key 'PRIMARY'
2018-11-20 10:03:07 ERROR Crawler:292 - L ERR_WRITE : Contents write failed : Duplicate entry '81362904747' for key 'PRIMARY'
2018-11-20 10:03:07 ERROR Crawler:292 - L ERR_WRITE : Contents write failed : Duplicate entry '15926502885' for key 'PRIMARY'
2018-11-20 10:03:07 ERROR Crawler:292 - L ERR_WRITE : Contents write failed : Duplicate entry '81362333718' for key 'PRIMARY'
2018-11-20 10:03:07 ERROR Crawler:292 - L ERR_WRITE : Contents write failed : Duplicate entry '14523117821' for key 'PRIMARY'
2018-11-20 10:03:07 ERROR Crawler:292 - L ERR_WRITE : Contents write failed : Duplicate entry '15724667841' for key 'PRIMARY'
2018-11-20 10:03:07 ERROR Crawler:292 - L ERR_WRITE : Contents write failed : Duplicate entry '13882021962' for key 'PRIMARY'
2018-11-20 10:03:07 INFO  Crawler:297 - [Progress 2] elaped time : 00:00:07, curSave : 0, Totalsave : 0, curErr : 88, totalErr : 88, remain_work : 2, total : 4
2018-11-20 10:03:07 INFO  Crawler:297 - [Progress 3] elaped time : 00:00:07, curSave : 0, Totalsave : 0, curErr : 88, totalErr : 88, remain_work : 1, total : 4
2018-11-20 10:03:08 INFO  Crawler:297 - [Progress 4] elaped time : 00:00:07, curSave : 0, Totalsave : 0, curErr : 88, totalErr : 88, remain_work : 3, total : 7
2018-11-20 10:03:08 INFO  Crawler:297 - [Progress 5] elaped time : 00:00:07, curSave : 0, Totalsave : 0, curErr : 88, totalErr : 88, remain_work : 2, total : 7
2018-11-20 10:03:08 INFO  Crawler:297 - [Progress 6] elaped time : 00:00:08, curSave : 0, Totalsave : 0, curErr : 88, totalErr : 88, remain_work : 1, total : 7
2018-11-20 10:03:09 INFO  Crawler:297 - [Progress 7] elaped time : 00:00:08, curSave : 0, Totalsave : 0, curErr : 88, totalErr : 88, remain_work : 3, total : 10
2018-11-20 10:03:09 ERROR Crawler:288 - [ERR URL] https://search.shopping.naver.com/search/all.nhn?frm=NVSHPAG&pagingSize=80&query=%EA%B8%B0%EC%95%84&origQuery=%EA%B8%B0%EC%95%84&pagingIndex=2&viewType=list&sort=rel
2018-11-20 10:03:09 ERROR Crawler:292 - L ERR_CONTENTS_COL : category, span.depth > a, text
2018-11-20 10:03:09 ERROR Crawler:292 - L ERR_CONTENTS_COL : category, span.depth > a, text
2018-11-20 10:03:09 ERROR Crawler:292 - L ERR_CONTENTS_COL : category, span.depth > a, text
2018-11-20 10:03:09 ERROR Crawler:292 - L ERR_CONTENTS_COL : category, span.depth > a, text
2018-11-20 10:03:09 ERROR Crawler:292 - L ERR_CONTENTS_COL : category, span.depth > a, text
2018-11-20 10:03:09 ERROR Crawler:292 - L ERR_CONTENTS_COL : category, span.depth > a, text
2018-11-20 10:03:09 ERROR Crawler:292 - L ERR_CONTENTS_COL : category, span.depth > a, text
2018-11-20 10:03:09 ERROR Crawler:292 - L ERR_CONTENTS_COL : category, span.depth > a, text
2018-11-20 10:03:09 ERROR Crawler:292 - L ERR_WRITE : Contents write failed : Duplicate entry '15942738917' for key 'PRIMARY'
2018-11-20 10:03:09 ERROR Crawler:292 - L ERR_WRITE : Contents write failed : Duplicate entry '81358298544' for key 'PRIMARY'
2018-11-20 10:03:09 ERROR Crawler:292 - L ERR_WRITE : Contents write failed : Duplicate entry '15771595012' for key 'PRIMARY'
2018-11-20 10:03:09 ERROR Crawler:292 - L ERR_WRITE : Contents write failed : Duplicate entry '81358006175' for key 'PRIMARY'
2018-11-20 10:03:09 ERROR Crawler:292 - L ERR_WRITE : Contents write failed : Duplicate entry '15658988080' for key 'PRIMARY'
2018-11-20 10:03:09 ERROR Crawler:292 - L ERR_WRITE : Contents write failed : Duplicate entry '81354828251' for key 'PRIMARY'
2018-11-20 10:03:09 ERROR Crawler:292 - L ERR_WRITE : Contents write failed : Duplicate entry '15620415532' for key 'PRIMARY'
2018-11-20 10:03:09 ERROR Crawler:292 - L ERR_WRITE : Contents write failed : Duplicate entry '81351705671' for key 'PRIMARY'
2018-11-20 10:03:09 ERROR Crawler:292 - L ERR_WRITE : Contents write failed : Duplicate entry '15563520161' for key 'PRIMARY'
2018-11-20 10:03:09 ERROR Crawler:292 - L ERR_WRITE : Contents write failed : Duplicate entry '15300722828' for key 'PRIMARY'
2018-11-20 10:03:09 ERROR Crawler:292 - L ERR_WRITE : Contents write failed : Duplicate entry '81346674890' for key 'PRIMARY'
2018-11-20 10:03:09 ERROR Crawler:292 - L ERR_WRITE : Contents write failed : Duplicate entry '14845211523' for key 'PRIMARY'
2018-11-20 10:03:09 ERROR Crawler:292 - L ERR_WRITE : Contents write failed : Duplicate entry '81345478905' for key 'PRIMARY'
2018-11-20 10:03:09 ERROR Crawler:292 - L ERR_WRITE : Contents write failed : Duplicate entry '13920773000' for key 'PRIMARY'
2018-11-20 10:03:09 ERROR Crawler:292 - L ERR_WRITE : Contents write failed : Duplicate entry '14369879203' for key 'PRIMARY'
2018-11-20 10:03:09 ERROR Crawler:292 - L ERR_WRITE : Contents write failed : Duplicate entry '81342630493' for key 'PRIMARY'
2018-11-20 10:03:09 ERROR Crawler:292 - L ERR_WRITE : Contents write failed : Duplicate entry '14248411035' for key 'PRIMARY'
2018-11-20 10:03:09 ERROR Crawler:292 - L ERR_WRITE : Contents write failed : Duplicate entry '14072385788' for key 'PRIMARY'
2018-11-20 10:03:09 ERROR Crawler:292 - L ERR_WRITE : Contents write failed : Duplicate entry '81342573218' for key 'PRIMARY'
2018-11-20 10:03:09 ERROR Crawler:292 - L ERR_WRITE : Contents write failed : Duplicate entry '11904512123' for key 'PRIMARY'
2018-11-20 10:03:09 ERROR Crawler:292 - L ERR_WRITE : Contents write failed : Duplicate entry '81342037198' for key 'PRIMARY'
2018-11-20 10:03:09 ERROR Crawler:292 - L ERR_WRITE : Contents write failed : Duplicate entry '81340464850' for key 'PRIMARY'
2018-11-20 10:03:09 ERROR Crawler:292 - L ERR_WRITE : Contents write failed : Duplicate entry '81354299346' for key 'PRIMARY'
2018-11-20 10:03:09 ERROR Crawler:292 - L ERR_WRITE : Contents write failed : Duplicate entry '81326559507' for key 'PRIMARY'
2018-11-20 10:03:09 ERROR Crawler:292 - L ERR_WRITE : Contents write failed : Duplicate entry '81353328743' for key 'PRIMARY'
2018-11-20 10:03:09 ERROR Crawler:292 - L ERR_WRITE : Contents write failed : Duplicate entry '13034005192' for key 'PRIMARY'
2018-11-20 10:03:09 ERROR Crawler:292 - L ERR_WRITE : Contents write failed : Duplicate entry '16171295023' for key 'PRIMARY'
2018-11-20 10:03:09 ERROR Crawler:292 - L ERR_WRITE : Contents write failed : Duplicate entry '16152306615' for key 'PRIMARY'
2018-11-20 10:03:09 ERROR Crawler:292 - L ERR_WRITE : Contents write failed : Duplicate entry '16149702740' for key 'PRIMARY'
2018-11-20 10:03:09 ERROR Crawler:292 - L ERR_WRITE : Contents write failed : Duplicate entry '16148063572' for key 'PRIMARY'
2018-11-20 10:03:09 ERROR Crawler:292 - L ERR_WRITE : Contents write failed : Duplicate entry '16147080185' for key 'PRIMARY'
2018-11-20 10:03:09 ERROR Crawler:292 - L ERR_WRITE : Contents write failed : Duplicate entry '16143505870' for key 'PRIMARY'
2018-11-20 10:03:09 ERROR Crawler:292 - L ERR_WRITE : Contents write failed : Duplicate entry '16143286410' for key 'PRIMARY'
2018-11-20 10:03:09 ERROR Crawler:292 - L ERR_WRITE : Contents write failed : Duplicate entry '16142934507' for key 'PRIMARY'
2018-11-20 10:03:09 ERROR Crawler:292 - L ERR_WRITE : Contents write failed : Duplicate entry '16137549686' for key 'PRIMARY'
2018-11-20 10:03:09 ERROR Crawler:292 - L ERR_WRITE : Contents write failed : Duplicate entry '16135892227' for key 'PRIMARY'
2018-11-20 10:03:09 ERROR Crawler:292 - L ERR_WRITE : Contents write failed : Duplicate entry '16134089052' for key 'PRIMARY'
2018-11-20 10:03:09 ERROR Crawler:292 - L ERR_WRITE : Contents write failed : Duplicate entry '13429812435' for key 'PRIMARY'
2018-11-20 10:03:09 ERROR Crawler:292 - L ERR_WRITE : Contents write failed : Duplicate entry '16114449328' for key 'PRIMARY'
2018-11-20 10:03:09 ERROR Crawler:292 - L ERR_WRITE : Contents write failed : Duplicate entry '15798931316' for key 'PRIMARY'
2018-11-20 10:03:09 ERROR Crawler:292 - L ERR_WRITE : Contents write failed : Duplicate entry '16114399608' for key 'PRIMARY'
2018-11-20 10:03:09 ERROR Crawler:292 - L ERR_WRITE : Contents write failed : Duplicate entry '16112832718' for key 'PRIMARY'
2018-11-20 10:03:09 ERROR Crawler:292 - L ERR_WRITE : Contents write failed : Duplicate entry '16112725177' for key 'PRIMARY'
2018-11-20 10:03:09 ERROR Crawler:292 - L ERR_WRITE : Contents write failed : Duplicate entry '16110573323' for key 'PRIMARY'
2018-11-20 10:03:09 ERROR Crawler:292 - L ERR_WRITE : Contents write failed : Duplicate entry '16100445074' for key 'PRIMARY'
2018-11-20 10:03:09 ERROR Crawler:292 - L ERR_WRITE : Contents write failed : Duplicate entry '16098928814' for key 'PRIMARY'
2018-11-20 10:03:09 ERROR Crawler:292 - L ERR_WRITE : Contents write failed : Duplicate entry '16095335180' for key 'PRIMARY'
2018-11-20 10:03:09 ERROR Crawler:292 - L ERR_WRITE : Contents write failed : Duplicate entry '16095025616' for key 'PRIMARY'
2018-11-20 10:03:09 ERROR Crawler:292 - L ERR_WRITE : Contents write failed : Duplicate entry '16094757853' for key 'PRIMARY'
2018-11-20 10:03:09 ERROR Crawler:292 - L ERR_WRITE : Contents write failed : Duplicate entry '16150404956' for key 'PRIMARY'
2018-11-20 10:03:09 ERROR Crawler:292 - L ERR_WRITE : Contents write failed : Duplicate entry '16050112407' for key 'PRIMARY'
2018-11-20 10:03:09 ERROR Crawler:292 - L ERR_WRITE : Contents write failed : Duplicate entry '16050102814' for key 'PRIMARY'
2018-11-20 10:03:09 ERROR Crawler:292 - L ERR_WRITE : Contents write failed : Duplicate entry '16118550431' for key 'PRIMARY'
2018-11-20 10:03:09 ERROR Crawler:292 - L ERR_WRITE : Contents write failed : Duplicate entry '80046369761' for key 'PRIMARY'
2018-11-20 10:03:09 ERROR Crawler:292 - L ERR_WRITE : Contents write failed : Duplicate entry '16045360884' for key 'PRIMARY'
2018-11-20 10:03:09 ERROR Crawler:292 - L ERR_WRITE : Contents write failed : Duplicate entry '16192521591' for key 'PRIMARY'
2018-11-20 10:03:09 ERROR Crawler:292 - L ERR_WRITE : Contents write failed : Duplicate entry '16110248268' for key 'PRIMARY'
2018-11-20 10:03:09 ERROR Crawler:292 - L ERR_WRITE : Contents write failed : Duplicate entry '11313040803' for key 'PRIMARY'
2018-11-20 10:03:09 ERROR Crawler:292 - L ERR_WRITE : Contents write failed : Duplicate entry '16094775884' for key 'PRIMARY'
2018-11-20 10:03:09 ERROR Crawler:292 - L ERR_WRITE : Contents write failed : Duplicate entry '12261573870' for key 'PRIMARY'
2018-11-20 10:03:09 ERROR Crawler:292 - L ERR_WRITE : Contents write failed : Duplicate entry '16093435342' for key 'PRIMARY'
2018-11-20 10:03:09 ERROR Crawler:292 - L ERR_WRITE : Contents write failed : Duplicate entry '80046598367' for key 'PRIMARY'
2018-11-20 10:03:09 ERROR Crawler:292 - L ERR_WRITE : Contents write failed : Duplicate entry '16194843962' for key 'PRIMARY'
2018-11-20 10:03:09 ERROR Crawler:292 - L ERR_WRITE : Contents write failed : Duplicate entry '80046360321' for key 'PRIMARY'
2018-11-20 10:03:09 ERROR Crawler:292 - L ERR_WRITE : Contents write failed : Duplicate entry '80046385505' for key 'PRIMARY'
2018-11-20 10:03:09 ERROR Crawler:292 - L ERR_WRITE : Contents write failed : Duplicate entry '16044691377' for key 'PRIMARY'
2018-11-20 10:03:09 ERROR Crawler:292 - L ERR_WRITE : Contents write failed : Duplicate entry '16109070924' for key 'PRIMARY'
2018-11-20 10:03:09 ERROR Crawler:292 - L ERR_WRITE : Contents write failed : Duplicate entry '16078916388' for key 'PRIMARY'
2018-11-20 10:03:09 ERROR Crawler:292 - L ERR_WRITE : Contents write failed : Duplicate entry '16147169196' for key 'PRIMARY'
2018-11-20 10:03:09 ERROR Crawler:292 - L ERR_WRITE : Contents write failed : Duplicate entry '16050107952' for key 'PRIMARY'
2018-11-20 10:03:09 ERROR Crawler:292 - L ERR_WRITE : Contents write failed : Duplicate entry '15787001505' for key 'PRIMARY'
2018-11-20 10:03:09 ERROR Crawler:292 - L ERR_WRITE : Contents write failed : Duplicate entry '16112896534' for key 'PRIMARY'
2018-11-20 10:03:09 ERROR Crawler:292 - L ERR_WRITE : Contents write failed : Duplicate entry '15620415533' for key 'PRIMARY'
2018-11-20 10:03:09 ERROR Crawler:292 - L ERR_WRITE : Contents write failed : Duplicate entry '81195982851' for key 'PRIMARY'
2018-11-20 10:03:09 ERROR Crawler:292 - L ERR_WRITE : Contents write failed : Duplicate entry '15620419197' for key 'PRIMARY'
2018-11-20 10:03:09 ERROR Crawler:292 - L ERR_WRITE : Contents write failed : Duplicate entry '11827231085' for key 'PRIMARY'
2018-11-20 10:03:09 ERROR Crawler:292 - L ERR_WRITE : Contents write failed : Duplicate entry '81065125803' for key 'PRIMARY'
2018-11-20 10:03:09 ERROR Crawler:292 - L ERR_WRITE : Contents write failed : Duplicate entry '11539585414' for key 'PRIMARY'
2018-11-20 10:03:09 ERROR Crawler:292 - L ERR_WRITE : Contents write failed : Duplicate entry '13955244516' for key 'PRIMARY'
2018-11-20 10:03:09 ERROR Crawler:292 - L ERR_WRITE : Contents write failed : Duplicate entry '15488474547' for key 'PRIMARY'
2018-11-20 10:03:09 INFO  Crawler:297 - [Progress 8] elaped time : 00:00:08, curSave : 0, Totalsave : 0, curErr : 176, totalErr : 176, remain_work : 2, total : 10
2018-11-20 10:03:09 INFO  Crawler:297 - [Progress 9] elaped time : 00:00:08, curSave : 0, Totalsave : 0, curErr : 176, totalErr : 176, remain_work : 1, total : 10
2018-11-20 10:03:09 INFO  Crawler:297 - [Progress 10] elaped time : 00:00:09, curSave : 0, Totalsave : 0, curErr : 176, totalErr : 176, remain_work : 3, total : 13
2018-11-20 10:03:10 ERROR Crawler:288 - [ERR URL] https://search.shopping.naver.com/search/all.nhn?frm=NVSHPAG&pagingSize=80&query=%EA%B8%B0%EC%95%84&origQuery=%EA%B8%B0%EC%95%84&pagingIndex=3&viewType=list&sort=rel
2018-11-20 10:03:10 ERROR Crawler:292 - L ERR_CONTENTS_COL : category, span.depth > a, text
2018-11-20 10:03:10 ERROR Crawler:292 - L ERR_CONTENTS_COL : category, span.depth > a, text
2018-11-20 10:03:10 ERROR Crawler:292 - L ERR_CONTENTS_COL : category, span.depth > a, text
2018-11-20 10:03:10 ERROR Crawler:292 - L ERR_CONTENTS_COL : category, span.depth > a, text
2018-11-20 10:03:10 ERROR Crawler:292 - L ERR_CONTENTS_COL : category, span.depth > a, text
2018-11-20 10:03:10 ERROR Crawler:292 - L ERR_CONTENTS_COL : category, span.depth > a, text
2018-11-20 10:03:10 ERROR Crawler:292 - L ERR_CONTENTS_COL : category, span.depth > a, text
2018-11-20 10:03:10 ERROR Crawler:292 - L ERR_CONTENTS_COL : category, span.depth > a, text
2018-11-20 10:03:10 ERROR Crawler:292 - L ERR_WRITE : Contents write failed : Duplicate entry '14428158697' for key 'PRIMARY'
2018-11-20 10:03:10 INFO  Crawler:297 - [Progress 11] elaped time : 00:00:09, curSave : 79, Totalsave : 79, curErr : 185, totalErr : 185, remain_work : 2, total : 13
2018-11-20 10:03:10 INFO  Crawler:297 - [Progress 12] elaped time : 00:00:09, curSave : 79, Totalsave : 79, curErr : 185, totalErr : 185, remain_work : 1, total : 13
2018-11-20 10:03:10 INFO  Crawler:297 - [Progress 13] elaped time : 00:00:09, curSave : 79, Totalsave : 79, curErr : 185, totalErr : 185, remain_work : 3, total : 16
2018-11-20 10:03:10 INFO  Crawler:297 - [Progress 14] elaped time : 00:00:09, curSave : 79, Totalsave : 79, curErr : 185, totalErr : 185, remain_work : 2, total : 16
2018-11-20 10:03:11 INFO  Crawler:297 - [Progress 15] elaped time : 00:00:10, curSave : 79, Totalsave : 79, curErr : 185, totalErr : 185, remain_work : 1, total : 16
2018-11-20 10:03:11 INFO  Crawler:297 - [Progress 16] elaped time : 00:00:10, curSave : 79, Totalsave : 79, curErr : 185, totalErr : 185, remain_work : 3, total : 19
2018-11-20 10:03:11 ERROR Crawler:288 - [ERR URL] https://search.shopping.naver.com/search/all.nhn?frm=NVSHPAG&pagingSize=80&query=%EA%B8%B0%EC%95%84&origQuery=%EA%B8%B0%EC%95%84&pagingIndex=5&viewType=list&sort=rel
2018-11-20 10:03:11 ERROR Crawler:292 - L ERR_CONTENTS_COL : category, span.depth > a, text
2018-11-20 10:03:11 ERROR Crawler:292 - L ERR_CONTENTS_COL : category, span.depth > a, text
2018-11-20 10:03:11 ERROR Crawler:292 - L ERR_CONTENTS_COL : category, span.depth > a, text
2018-11-20 10:03:11 ERROR Crawler:292 - L ERR_CONTENTS_COL : category, span.depth > a, text
2018-11-20 10:03:11 ERROR Crawler:292 - L ERR_CONTENTS_COL : category, span.depth > a, text
2018-11-20 10:03:11 ERROR Crawler:292 - L ERR_CONTENTS_COL : category, span.depth > a, text
2018-11-20 10:03:11 ERROR Crawler:292 - L ERR_CONTENTS_COL : category, span.depth > a, text
2018-11-20 10:03:11 ERROR Crawler:292 - L ERR_CONTENTS_COL : category, span.depth > a, text
2018-11-20 10:03:11 INFO  Crawler:297 - [Progress 17] elaped time : 00:00:10, curSave : 159, Totalsave : 159, curErr : 193, totalErr : 193, remain_work : 2, total : 19
2018-11-20 10:03:11 INFO  Crawler:297 - [Progress 18] elaped time : 00:00:11, curSave : 159, Totalsave : 159, curErr : 193, totalErr : 193, remain_work : 1, total : 19
2018-11-20 10:03:12 INFO  Crawler:297 - [Progress 19] elaped time : 00:00:11, curSave : 159, Totalsave : 159, curErr : 193, totalErr : 193, remain_work : 3, total : 22
2018-11-20 10:03:12 INFO  Crawler:297 - [Progress 20] elaped time : 00:00:11, curSave : 159, Totalsave : 159, curErr : 193, totalErr : 193, remain_work : 2, total : 22
2018-11-20 10:03:12 INFO  Crawler:297 - [Progress 21] elaped time : 00:00:11, curSave : 159, Totalsave : 159, curErr : 193, totalErr : 193, remain_work : 1, total : 22
2018-11-20 10:03:12 INFO  Crawler:297 - [Progress 22] elaped time : 00:00:11, curSave : 159, Totalsave : 159, curErr : 193, totalErr : 193, remain_work : 3, total : 25
2018-11-20 10:03:12 INFO  Crawler:297 - [Progress 23] elaped time : 00:00:11, curSave : 159, Totalsave : 159, curErr : 193, totalErr : 193, remain_work : 2, total : 25
2018-11-20 10:03:12 INFO  Crawler:297 - [Progress 24] elaped time : 00:00:12, curSave : 159, Totalsave : 159, curErr : 193, totalErr : 193, remain_work : 1, total : 25
2018-11-20 10:03:12 INFO  Crawler:297 - [Progress 25] elaped time : 00:00:12, curSave : 159, Totalsave : 159, curErr : 193, totalErr : 193, remain_work : 3, total : 28
2018-11-20 10:03:13 INFO  Crawler:297 - [Progress 26] elaped time : 00:00:12, curSave : 159, Totalsave : 159, curErr : 193, totalErr : 193, remain_work : 2, total : 28
2018-11-20 10:03:13 INFO  Crawler:297 - [Progress 27] elaped time : 00:00:12, curSave : 159, Totalsave : 159, curErr : 193, totalErr : 193, remain_work : 1, total : 28
2018-11-20 10:03:13 INFO  Crawler:297 - [Progress 28] elaped time : 00:00:12, curSave : 159, Totalsave : 159, curErr : 193, totalErr : 193, remain_work : 3, total : 31
2018-11-20 10:03:13 ERROR Crawler:288 - [ERR URL] https://search.shopping.naver.com/search/all.nhn?frm=NVSHPAG&pagingSize=80&query=%EA%B8%B0%EC%95%84&origQuery=%EA%B8%B0%EC%95%84&pagingIndex=8&viewType=list&sort=rel
2018-11-20 10:03:13 ERROR Crawler:292 - L ERR_CONTENTS_COL : category, span.depth > a, text
2018-11-20 10:03:13 ERROR Crawler:292 - L ERR_CONTENTS_COL : category, span.depth > a, text
2018-11-20 10:03:13 ERROR Crawler:292 - L ERR_CONTENTS_COL : category, span.depth > a, text
2018-11-20 10:03:13 ERROR Crawler:292 - L ERR_CONTENTS_COL : category, span.depth > a, text
2018-11-20 10:03:13 ERROR Crawler:292 - L ERR_CONTENTS_COL : category, span.depth > a, text
2018-11-20 10:03:13 ERROR Crawler:292 - L ERR_CONTENTS_COL : category, span.depth > a, text
2018-11-20 10:03:13 ERROR Crawler:292 - L ERR_CONTENTS_COL : category, span.depth > a, text
2018-11-20 10:03:13 ERROR Crawler:292 - L ERR_CONTENTS_COL : category, span.depth > a, text
2018-11-20 10:03:13 ERROR Crawler:292 - L ERR_WRITE : Contents write failed : Duplicate entry '81354625445' for key 'PRIMARY'
2018-11-20 10:03:13 ERROR Crawler:292 - L ERR_WRITE : Contents write failed : Duplicate entry '81354536545' for key 'PRIMARY'
2018-11-20 10:03:13 ERROR Crawler:292 - L ERR_WRITE : Contents write failed : Duplicate entry '81354473170' for key 'PRIMARY'
2018-11-20 10:03:13 ERROR Crawler:292 - L ERR_WRITE : Contents write failed : Duplicate entry '81354434091' for key 'PRIMARY'
2018-11-20 10:03:13 ERROR Crawler:292 - L ERR_WRITE : Contents write failed : Duplicate entry '81354431634' for key 'PRIMARY'
2018-11-20 10:03:13 ERROR Crawler:292 - L ERR_WRITE : Contents write failed : Duplicate entry '81354275081' for key 'PRIMARY'
2018-11-20 10:03:13 ERROR Crawler:292 - L ERR_WRITE : Contents write failed : Duplicate entry '16140710902' for key 'PRIMARY'
2018-11-20 10:03:13 ERROR Crawler:292 - L ERR_WRITE : Contents write failed : Duplicate entry '16140704183' for key 'PRIMARY'
2018-11-20 10:03:13 ERROR Crawler:292 - L ERR_WRITE : Contents write failed : Duplicate entry '81354245706' for key 'PRIMARY'
2018-11-20 10:03:13 ERROR Crawler:292 - L ERR_WRITE : Contents write failed : Duplicate entry '81354128697' for key 'PRIMARY'
2018-11-20 10:03:13 ERROR Crawler:292 - L ERR_WRITE : Contents write failed : Duplicate entry '81354129012' for key 'PRIMARY'
2018-11-20 10:03:13 ERROR Crawler:292 - L ERR_WRITE : Contents write failed : Duplicate entry '81354072385' for key 'PRIMARY'
2018-11-20 10:03:13 ERROR Crawler:292 - L ERR_WRITE : Contents write failed : Duplicate entry '81353942472' for key 'PRIMARY'
2018-11-20 10:03:13 ERROR Crawler:292 - L ERR_WRITE : Contents write failed : Duplicate entry '81353927037' for key 'PRIMARY'
2018-11-20 10:03:13 ERROR Crawler:292 - L ERR_WRITE : Contents write failed : Duplicate entry '81353877170' for key 'PRIMARY'
2018-11-20 10:03:13 ERROR Crawler:292 - L ERR_WRITE : Contents write failed : Duplicate entry '81353744943' for key 'PRIMARY'
2018-11-20 10:03:13 ERROR Crawler:292 - L ERR_WRITE : Contents write failed : Duplicate entry '81353729324' for key 'PRIMARY'
2018-11-20 10:03:13 ERROR Crawler:292 - L ERR_WRITE : Contents write failed : Duplicate entry '10388951958' for key 'PRIMARY'
2018-11-20 10:03:13 ERROR Crawler:292 - L ERR_WRITE : Contents write failed : Duplicate entry '81353733986' for key 'PRIMARY'
2018-11-20 10:03:13 ERROR Crawler:292 - L ERR_WRITE : Contents write failed : Duplicate entry '14462492155' for key 'PRIMARY'
2018-11-20 10:03:13 ERROR Crawler:292 - L ERR_WRITE : Contents write failed : Duplicate entry '81353668172' for key 'PRIMARY'
2018-11-20 10:03:13 ERROR Crawler:292 - L ERR_WRITE : Contents write failed : Duplicate entry '81353631288' for key 'PRIMARY'
2018-11-20 10:03:13 ERROR Crawler:292 - L ERR_WRITE : Contents write failed : Duplicate entry '81353652212' for key 'PRIMARY'
2018-11-20 10:03:13 ERROR Crawler:292 - L ERR_WRITE : Contents write failed : Duplicate entry '81353418950' for key 'PRIMARY'
2018-11-20 10:03:13 ERROR Crawler:292 - L ERR_WRITE : Contents write failed : Duplicate entry '81353384930' for key 'PRIMARY'
2018-11-20 10:03:13 ERROR Crawler:292 - L ERR_WRITE : Contents write failed : Duplicate entry '16122434253' for key 'PRIMARY'
2018-11-20 10:03:13 ERROR Crawler:292 - L ERR_WRITE : Contents write failed : Duplicate entry '16133315854' for key 'PRIMARY'
2018-11-20 10:03:13 ERROR Crawler:292 - L ERR_WRITE : Contents write failed : Duplicate entry '16133291138' for key 'PRIMARY'
2018-11-20 10:03:13 ERROR Crawler:292 - L ERR_WRITE : Contents write failed : Duplicate entry '16101788387' for key 'PRIMARY'
2018-11-20 10:03:13 ERROR Crawler:292 - L ERR_WRITE : Contents write failed : Duplicate entry '81352530095' for key 'PRIMARY'
2018-11-20 10:03:13 ERROR Crawler:292 - L ERR_WRITE : Contents write failed : Duplicate entry '15918678082' for key 'PRIMARY'
2018-11-20 10:03:13 ERROR Crawler:292 - L ERR_WRITE : Contents write failed : Duplicate entry '16078438933' for key 'PRIMARY'
2018-11-20 10:03:13 ERROR Crawler:292 - L ERR_WRITE : Contents write failed : Duplicate entry '16129690967' for key 'PRIMARY'
2018-11-20 10:03:13 ERROR Crawler:292 - L ERR_WRITE : Contents write failed : Duplicate entry '16129365877' for key 'PRIMARY'
2018-11-20 10:03:13 ERROR Crawler:292 - L ERR_WRITE : Contents write failed : Duplicate entry '16128353640' for key 'PRIMARY'
2018-11-20 10:03:13 ERROR Crawler:292 - L ERR_WRITE : Contents write failed : Duplicate entry '16126565656' for key 'PRIMARY'
2018-11-20 10:03:13 ERROR Crawler:292 - L ERR_WRITE : Contents write failed : Duplicate entry '81351907247' for key 'PRIMARY'
2018-11-20 10:03:13 ERROR Crawler:292 - L ERR_WRITE : Contents write failed : Duplicate entry '15844259572' for key 'PRIMARY'
2018-11-20 10:03:13 ERROR Crawler:292 - L ERR_WRITE : Contents write failed : Duplicate entry '16204264504' for key 'PRIMARY'
2018-11-20 10:03:13 ERROR Crawler:292 - L ERR_WRITE : Contents write failed : Duplicate entry '13472073789' for key 'PRIMARY'
2018-11-20 10:03:13 ERROR Crawler:292 - L ERR_WRITE : Contents write failed : Duplicate entry '15987995315' for key 'PRIMARY'
2018-11-20 10:03:13 ERROR Crawler:292 - L ERR_WRITE : Contents write failed : Duplicate entry '81351604003' for key 'PRIMARY'
2018-11-20 10:03:13 ERROR Crawler:292 - L ERR_WRITE : Contents write failed : Duplicate entry '81351557362' for key 'PRIMARY'
2018-11-20 10:03:13 ERROR Crawler:292 - L ERR_WRITE : Contents write failed : Duplicate entry '81351538322' for key 'PRIMARY'
2018-11-20 10:03:13 ERROR Crawler:292 - L ERR_WRITE : Contents write failed : Duplicate entry '81351508788' for key 'PRIMARY'
2018-11-20 10:03:13 ERROR Crawler:292 - L ERR_WRITE : Contents write failed : Duplicate entry '81351461832' for key 'PRIMARY'
2018-11-20 10:03:13 ERROR Crawler:292 - L ERR_WRITE : Contents write failed : Duplicate entry '81351260917' for key 'PRIMARY'
2018-11-20 10:03:13 ERROR Crawler:292 - L ERR_WRITE : Contents write failed : Duplicate entry '81351156370' for key 'PRIMARY'
2018-11-20 10:03:13 ERROR Crawler:292 - L ERR_WRITE : Contents write failed : Duplicate entry '81351059804' for key 'PRIMARY'
2018-11-20 10:03:13 ERROR Crawler:292 - L ERR_WRITE : Contents write failed : Duplicate entry '81350964198' for key 'PRIMARY'
2018-11-20 10:03:13 ERROR Crawler:292 - L ERR_WRITE : Contents write failed : Duplicate entry '81350967911' for key 'PRIMARY'
2018-11-20 10:03:13 ERROR Crawler:292 - L ERR_WRITE : Contents write failed : Duplicate entry '81350873324' for key 'PRIMARY'
2018-11-20 10:03:13 ERROR Crawler:292 - L ERR_WRITE : Contents write failed : Duplicate entry '81350823191' for key 'PRIMARY'
2018-11-20 10:03:13 ERROR Crawler:292 - L ERR_WRITE : Contents write failed : Duplicate entry '16123025633' for key 'PRIMARY'
2018-11-20 10:03:13 ERROR Crawler:292 - L ERR_WRITE : Contents write failed : Duplicate entry '16122611485' for key 'PRIMARY'
2018-11-20 10:03:13 ERROR Crawler:292 - L ERR_WRITE : Contents write failed : Duplicate entry '81350615905' for key 'PRIMARY'
2018-11-20 10:03:13 ERROR Crawler:292 - L ERR_WRITE : Contents write failed : Duplicate entry '81350566622' for key 'PRIMARY'
2018-11-20 10:03:13 ERROR Crawler:292 - L ERR_WRITE : Contents write failed : Duplicate entry '15844273424' for key 'PRIMARY'
2018-11-20 10:03:13 ERROR Crawler:292 - L ERR_WRITE : Contents write failed : Duplicate entry '81350562685' for key 'PRIMARY'
2018-11-20 10:03:13 ERROR Crawler:292 - L ERR_WRITE : Contents write failed : Duplicate entry '11950595592' for key 'PRIMARY'
2018-11-20 10:03:13 ERROR Crawler:292 - L ERR_WRITE : Contents write failed : Duplicate entry '15937882444' for key 'PRIMARY'
2018-11-20 10:03:13 ERROR Crawler:292 - L ERR_WRITE : Contents write failed : Duplicate entry '81350230056' for key 'PRIMARY'
2018-11-20 10:03:13 ERROR Crawler:292 - L ERR_WRITE : Contents write failed : Duplicate entry '81350214485' for key 'PRIMARY'
2018-11-20 10:03:14 ERROR Crawler:292 - L ERR_WRITE : Contents write failed : Duplicate entry '81350204630' for key 'PRIMARY'
2018-11-20 10:03:14 ERROR Crawler:292 - L ERR_WRITE : Contents write failed : Duplicate entry '81350128902' for key 'PRIMARY'
2018-11-20 10:03:14 ERROR Crawler:292 - L ERR_WRITE : Contents write failed : Duplicate entry '81350127259' for key 'PRIMARY'
2018-11-20 10:03:14 ERROR Crawler:292 - L ERR_WRITE : Contents write failed : Duplicate entry '81350133026' for key 'PRIMARY'
2018-11-20 10:03:14 ERROR Crawler:292 - L ERR_WRITE : Contents write failed : Duplicate entry '81350132981' for key 'PRIMARY'
2018-11-20 10:03:14 ERROR Crawler:292 - L ERR_WRITE : Contents write failed : Duplicate entry '81350127223' for key 'PRIMARY'
2018-11-20 10:03:14 ERROR Crawler:292 - L ERR_WRITE : Contents write failed : Duplicate entry '81350131737' for key 'PRIMARY'
2018-11-20 10:03:14 ERROR Crawler:292 - L ERR_WRITE : Contents write failed : Duplicate entry '81350127134' for key 'PRIMARY'
2018-11-20 10:03:14 ERROR Crawler:292 - L ERR_WRITE : Contents write failed : Duplicate entry '81350133668' for key 'PRIMARY'
2018-11-20 10:03:14 ERROR Crawler:292 - L ERR_WRITE : Contents write failed : Duplicate entry '81350130022' for key 'PRIMARY'
2018-11-20 10:03:14 ERROR Crawler:292 - L ERR_WRITE : Contents write failed : Duplicate entry '81350128784' for key 'PRIMARY'
2018-11-20 10:03:14 ERROR Crawler:292 - L ERR_WRITE : Contents write failed : Duplicate entry '81350128462' for key 'PRIMARY'
2018-11-20 10:03:14 ERROR Crawler:292 - L ERR_WRITE : Contents write failed : Duplicate entry '81350134366' for key 'PRIMARY'
2018-11-20 10:03:14 ERROR Crawler:292 - L ERR_WRITE : Contents write failed : Duplicate entry '81350134180' for key 'PRIMARY'
2018-11-20 10:03:14 ERROR Crawler:292 - L ERR_WRITE : Contents write failed : Duplicate entry '10308687892' for key 'PRIMARY'
2018-11-20 10:03:14 ERROR Crawler:292 - L ERR_WRITE : Contents write failed : Duplicate entry '81350133750' for key 'PRIMARY'
2018-11-20 10:03:14 ERROR Crawler:292 - L ERR_WRITE : Contents write failed : Duplicate entry '15797909630' for key 'PRIMARY'
2018-11-20 10:03:14 INFO  Crawler:297 - [Progress 29] elaped time : 00:00:13, curSave : 159, Totalsave : 159, curErr : 281, totalErr : 281, remain_work : 2, total : 31
2018-11-20 10:03:14 INFO  Crawler:297 - [Progress 30] elaped time : 00:00:13, curSave : 159, Totalsave : 159, curErr : 281, totalErr : 281, remain_work : 1, total : 31
2018-11-20 10:03:14 INFO  Crawler:297 - [Progress 31] elaped time : 00:00:13, curSave : 159, Totalsave : 159, curErr : 281, totalErr : 281, remain_work : 3, total : 34
2018-11-20 10:03:14 INFO  Crawler:297 - [Progress 32] elaped time : 00:00:13, curSave : 159, Totalsave : 159, curErr : 281, totalErr : 281, remain_work : 2, total : 34
2018-11-20 10:03:14 INFO  Crawler:297 - [Progress 33] elaped time : 00:00:13, curSave : 159, Totalsave : 159, curErr : 281, totalErr : 281, remain_work : 1, total : 34
2018-11-20 10:03:15 INFO  Crawler:297 - [Progress 34] elaped time : 00:00:14, curSave : 159, Totalsave : 159, curErr : 281, totalErr : 281, remain_work : 3, total : 37
2018-11-20 10:03:15 ERROR Crawler:288 - [ERR URL] https://search.shopping.naver.com/search/all.nhn?frm=NVSHPAG&pagingSize=80&query=%EA%B8%B0%EC%95%84&origQuery=%EA%B8%B0%EC%95%84&pagingIndex=9&viewType=list&sort=rel
2018-11-20 10:03:15 ERROR Crawler:292 - L ERR_CONTENTS_COL : category, span.depth > a, text
2018-11-20 10:03:15 ERROR Crawler:292 - L ERR_CONTENTS_COL : category, span.depth > a, text
2018-11-20 10:03:15 ERROR Crawler:292 - L ERR_CONTENTS_COL : category, span.depth > a, text
2018-11-20 10:03:15 ERROR Crawler:292 - L ERR_CONTENTS_COL : category, span.depth > a, text
2018-11-20 10:03:15 ERROR Crawler:292 - L ERR_CONTENTS_COL : category, span.depth > a, text
2018-11-20 10:03:15 ERROR Crawler:292 - L ERR_CONTENTS_COL : category, span.depth > a, text
2018-11-20 10:03:15 ERROR Crawler:292 - L ERR_CONTENTS_COL : category, span.depth > a, text
2018-11-20 10:03:15 ERROR Crawler:292 - L ERR_CONTENTS_COL : category, span.depth > a, text
2018-11-20 10:03:15 ERROR Crawler:292 - L ERR_WRITE : Contents write failed : Duplicate entry '81350128423' for key 'PRIMARY'
2018-11-20 10:03:15 ERROR Crawler:292 - L ERR_WRITE : Contents write failed : Duplicate entry '81350128090' for key 'PRIMARY'
2018-11-20 10:03:15 ERROR Crawler:292 - L ERR_WRITE : Contents write failed : Duplicate entry '81350133290' for key 'PRIMARY'
2018-11-20 10:03:15 ERROR Crawler:292 - L ERR_WRITE : Contents write failed : Duplicate entry '81350126666' for key 'PRIMARY'
2018-11-20 10:03:15 ERROR Crawler:292 - L ERR_WRITE : Contents write failed : Duplicate entry '81350131378' for key 'PRIMARY'
2018-11-20 10:03:15 ERROR Crawler:292 - L ERR_WRITE : Contents write failed : Duplicate entry '81350128499' for key 'PRIMARY'
2018-11-20 10:03:15 ERROR Crawler:292 - L ERR_WRITE : Contents write failed : Duplicate entry '81350133492' for key 'PRIMARY'
2018-11-20 10:03:15 ERROR Crawler:292 - L ERR_WRITE : Contents write failed : Duplicate entry '81350129176' for key 'PRIMARY'
2018-11-20 10:03:15 ERROR Crawler:292 - L ERR_WRITE : Contents write failed : Duplicate entry '81350127990' for key 'PRIMARY'
2018-11-20 10:03:15 ERROR Crawler:292 - L ERR_WRITE : Contents write failed : Duplicate entry '81350128534' for key 'PRIMARY'
2018-11-20 10:03:15 ERROR Crawler:292 - L ERR_WRITE : Contents write failed : Duplicate entry '81350127312' for key 'PRIMARY'
2018-11-20 10:03:15 ERROR Crawler:292 - L ERR_WRITE : Contents write failed : Duplicate entry '81350132661' for key 'PRIMARY'
2018-11-20 10:03:15 ERROR Crawler:292 - L ERR_WRITE : Contents write failed : Duplicate entry '81350132934' for key 'PRIMARY'
2018-11-20 10:03:15 ERROR Crawler:292 - L ERR_WRITE : Contents write failed : Duplicate entry '81350128566' for key 'PRIMARY'
2018-11-20 10:03:15 ERROR Crawler:292 - L ERR_WRITE : Contents write failed : Duplicate entry '81350126748' for key 'PRIMARY'
2018-11-20 10:03:15 ERROR Crawler:292 - L ERR_WRITE : Contents write failed : Duplicate entry '81350128389' for key 'PRIMARY'
2018-11-20 10:03:15 ERROR Crawler:292 - L ERR_WRITE : Contents write failed : Duplicate entry '81350129404' for key 'PRIMARY'
2018-11-20 10:03:15 ERROR Crawler:292 - L ERR_WRITE : Contents write failed : Duplicate entry '15844273423' for key 'PRIMARY'
2018-11-20 10:03:15 ERROR Crawler:292 - L ERR_WRITE : Contents write failed : Duplicate entry '81350132483' for key 'PRIMARY'
2018-11-20 10:03:15 ERROR Crawler:292 - L ERR_WRITE : Contents write failed : Duplicate entry '14239416610' for key 'PRIMARY'
2018-11-20 10:03:15 ERROR Crawler:292 - L ERR_WRITE : Contents write failed : Duplicate entry '81350083736' for key 'PRIMARY'
2018-11-20 10:03:15 ERROR Crawler:292 - L ERR_WRITE : Contents write failed : Duplicate entry '81349920627' for key 'PRIMARY'
2018-11-20 10:03:15 ERROR Crawler:292 - L ERR_WRITE : Contents write failed : Duplicate entry '81349912987' for key 'PRIMARY'
2018-11-20 10:03:15 ERROR Crawler:292 - L ERR_WRITE : Contents write failed : Duplicate entry '81349840986' for key 'PRIMARY'
2018-11-20 10:03:15 ERROR Crawler:292 - L ERR_WRITE : Contents write failed : Duplicate entry '81349680296' for key 'PRIMARY'
2018-11-20 10:03:15 ERROR Crawler:292 - L ERR_WRITE : Contents write failed : Duplicate entry '81349622771' for key 'PRIMARY'
2018-11-20 10:03:15 ERROR Crawler:292 - L ERR_WRITE : Contents write failed : Duplicate entry '81349377422' for key 'PRIMARY'
2018-11-20 10:03:15 ERROR Crawler:292 - L ERR_WRITE : Contents write failed : Duplicate entry '81370045562' for key 'PRIMARY'
2018-11-20 10:03:15 ERROR Crawler:292 - L ERR_WRITE : Contents write failed : Duplicate entry '81370045854' for key 'PRIMARY'
2018-11-20 10:03:15 ERROR Crawler:292 - L ERR_WRITE : Contents write failed : Duplicate entry '81372553922' for key 'PRIMARY'
2018-11-20 10:03:15 ERROR Crawler:292 - L ERR_WRITE : Contents write failed : Duplicate entry '81349256364' for key 'PRIMARY'
2018-11-20 10:03:15 ERROR Crawler:292 - L ERR_WRITE : Contents write failed : Duplicate entry '81349214711' for key 'PRIMARY'
2018-11-20 10:03:15 ERROR Crawler:292 - L ERR_WRITE : Contents write failed : Duplicate entry '81349133670' for key 'PRIMARY'
2018-11-20 10:03:15 ERROR Crawler:292 - L ERR_WRITE : Contents write failed : Duplicate entry '81349105703' for key 'PRIMARY'
2018-11-20 10:03:15 ERROR Crawler:292 - L ERR_WRITE : Contents write failed : Duplicate entry '81349106929' for key 'PRIMARY'
2018-11-20 10:03:15 ERROR Crawler:292 - L ERR_WRITE : Contents write failed : Duplicate entry '81349106228' for key 'PRIMARY'
2018-11-20 10:03:15 ERROR Crawler:292 - L ERR_WRITE : Contents write failed : Duplicate entry '81349104990' for key 'PRIMARY'
2018-11-20 10:03:15 ERROR Crawler:292 - L ERR_WRITE : Contents write failed : Duplicate entry '10090552500' for key 'PRIMARY'
2018-11-20 10:03:15 ERROR Crawler:292 - L ERR_WRITE : Contents write failed : Duplicate entry '81349103894' for key 'PRIMARY'
2018-11-20 10:03:15 ERROR Crawler:292 - L ERR_WRITE : Contents write failed : Duplicate entry '15556377331' for key 'PRIMARY'
2018-11-20 10:03:15 ERROR Crawler:292 - L ERR_WRITE : Contents write failed : Duplicate entry '81349106119' for key 'PRIMARY'
2018-11-20 10:03:15 ERROR Crawler:292 - L ERR_WRITE : Contents write failed : Duplicate entry '81349106792' for key 'PRIMARY'
2018-11-20 10:03:15 ERROR Crawler:292 - L ERR_WRITE : Contents write failed : Duplicate entry '81349103775' for key 'PRIMARY'
2018-11-20 10:03:15 ERROR Crawler:292 - L ERR_WRITE : Contents write failed : Duplicate entry '81349104118' for key 'PRIMARY'
2018-11-20 10:03:15 ERROR Crawler:292 - L ERR_WRITE : Contents write failed : Duplicate entry '81349097862' for key 'PRIMARY'
2018-11-20 10:03:15 ERROR Crawler:292 - L ERR_WRITE : Contents write failed : Duplicate entry '81349097431' for key 'PRIMARY'
2018-11-20 10:03:15 ERROR Crawler:292 - L ERR_WRITE : Contents write failed : Duplicate entry '81349095193' for key 'PRIMARY'
2018-11-20 10:03:15 ERROR Crawler:292 - L ERR_WRITE : Contents write failed : Duplicate entry '81349102447' for key 'PRIMARY'
2018-11-20 10:03:15 ERROR Crawler:292 - L ERR_WRITE : Contents write failed : Duplicate entry '81349095874' for key 'PRIMARY'
2018-11-20 10:03:15 ERROR Crawler:292 - L ERR_WRITE : Contents write failed : Duplicate entry '81349092764' for key 'PRIMARY'
2018-11-20 10:03:15 ERROR Crawler:292 - L ERR_WRITE : Contents write failed : Duplicate entry '81349091284' for key 'PRIMARY'
2018-11-20 10:03:15 ERROR Crawler:292 - L ERR_WRITE : Contents write failed : Duplicate entry '81349091050' for key 'PRIMARY'
2018-11-20 10:03:15 ERROR Crawler:292 - L ERR_WRITE : Contents write failed : Duplicate entry '81349099164' for key 'PRIMARY'
2018-11-20 10:03:15 ERROR Crawler:292 - L ERR_WRITE : Contents write failed : Duplicate entry '81349095084' for key 'PRIMARY'
2018-11-20 10:03:15 ERROR Crawler:292 - L ERR_WRITE : Contents write failed : Duplicate entry '81349094128' for key 'PRIMARY'
2018-11-20 10:03:15 ERROR Crawler:292 - L ERR_WRITE : Contents write failed : Duplicate entry '81349090241' for key 'PRIMARY'
2018-11-20 10:03:15 ERROR Crawler:292 - L ERR_WRITE : Contents write failed : Duplicate entry '81349094531' for key 'PRIMARY'
2018-11-20 10:03:15 ERROR Crawler:292 - L ERR_WRITE : Contents write failed : Duplicate entry '15844223576' for key 'PRIMARY'
2018-11-20 10:03:15 ERROR Crawler:292 - L ERR_WRITE : Contents write failed : Duplicate entry '81349094054' for key 'PRIMARY'
2018-11-20 10:03:15 ERROR Crawler:292 - L ERR_WRITE : Contents write failed : Duplicate entry '15079475676' for key 'PRIMARY'
2018-11-20 10:03:15 ERROR Crawler:292 - L ERR_WRITE : Contents write failed : Duplicate entry '81349089265' for key 'PRIMARY'
2018-11-20 10:03:15 ERROR Crawler:292 - L ERR_WRITE : Contents write failed : Duplicate entry '81349090203' for key 'PRIMARY'
2018-11-20 10:03:15 ERROR Crawler:292 - L ERR_WRITE : Contents write failed : Duplicate entry '81349094719' for key 'PRIMARY'
2018-11-20 10:03:15 ERROR Crawler:292 - L ERR_WRITE : Contents write failed : Duplicate entry '81349096357' for key 'PRIMARY'
2018-11-20 10:03:15 ERROR Crawler:292 - L ERR_WRITE : Contents write failed : Duplicate entry '81349098242' for key 'PRIMARY'
2018-11-20 10:03:15 ERROR Crawler:292 - L ERR_WRITE : Contents write failed : Duplicate entry '81349094250' for key 'PRIMARY'
2018-11-20 10:03:15 ERROR Crawler:292 - L ERR_WRITE : Contents write failed : Duplicate entry '81349091229' for key 'PRIMARY'
2018-11-20 10:03:15 ERROR Crawler:292 - L ERR_WRITE : Contents write failed : Duplicate entry '81349089359' for key 'PRIMARY'
2018-11-20 10:03:15 ERROR Crawler:292 - L ERR_WRITE : Contents write failed : Duplicate entry '81349094399' for key 'PRIMARY'
2018-11-20 10:03:15 ERROR Crawler:292 - L ERR_WRITE : Contents write failed : Duplicate entry '16116756535' for key 'PRIMARY'
2018-11-20 10:03:15 ERROR Crawler:292 - L ERR_WRITE : Contents write failed : Duplicate entry '16116680388' for key 'PRIMARY'
2018-11-20 10:03:15 ERROR Crawler:292 - L ERR_WRITE : Contents write failed : Duplicate entry '16116001876' for key 'PRIMARY'
2018-11-20 10:03:15 ERROR Crawler:292 - L ERR_WRITE : Contents write failed : Duplicate entry '16115673363' for key 'PRIMARY'
2018-11-20 10:03:15 ERROR Crawler:292 - L ERR_WRITE : Contents write failed : Duplicate entry '81348916147' for key 'PRIMARY'
2018-11-20 10:03:15 ERROR Crawler:292 - L ERR_WRITE : Contents write failed : Duplicate entry '16115062726' for key 'PRIMARY'
2018-11-20 10:03:15 ERROR Crawler:292 - L ERR_WRITE : Contents write failed : Duplicate entry '81348858917' for key 'PRIMARY'
2018-11-20 10:03:15 ERROR Crawler:292 - L ERR_WRITE : Contents write failed : Duplicate entry '81348681192' for key 'PRIMARY'
2018-11-20 10:03:15 ERROR Crawler:292 - L ERR_WRITE : Contents write failed : Duplicate entry '15844237373' for key 'PRIMARY'
2018-11-20 10:03:15 ERROR Crawler:292 - L ERR_WRITE : Contents write failed : Duplicate entry '81348622497' for key 'PRIMARY'
2018-11-20 10:03:15 ERROR Crawler:292 - L ERR_WRITE : Contents write failed : Duplicate entry '8314216610' for key 'PRIMARY'
2018-11-20 10:03:15 INFO  Crawler:297 - [Progress 35] elaped time : 00:00:14, curSave : 159, Totalsave : 159, curErr : 369, totalErr : 369, remain_work : 2, total : 37
2018-11-20 10:03:15 INFO  Crawler:297 - [Progress 36] elaped time : 00:00:14, curSave : 159, Totalsave : 159, curErr : 369, totalErr : 369, remain_work : 1, total : 37
2018-11-20 10:03:15 INFO  Crawler:297 - [Progress 37] elaped time : 00:00:15, curSave : 159, Totalsave : 159, curErr : 369, totalErr : 369, remain_work : 3, total : 40
2018-11-20 10:03:15 INFO  Crawler:297 - [Progress 38] elaped time : 00:00:15, curSave : 159, Totalsave : 159, curErr : 369, totalErr : 369, remain_work : 2, total : 40
2018-11-20 10:03:15 INFO  Crawler:297 - [Progress 39] elaped time : 00:00:15, curSave : 159, Totalsave : 159, curErr : 369, totalErr : 369, remain_work : 1, total : 40
2018-11-20 10:03:16 INFO  Crawler:297 - [Progress 40] elaped time : 00:00:15, curSave : 159, Totalsave : 159, curErr : 369, totalErr : 369, remain_work : 3, total : 43
2018-11-20 10:03:16 ERROR Crawler:288 - [ERR URL] https://search.shopping.naver.com/search/all.nhn?frm=NVSHPAG&pagingSize=80&query=%EA%B8%B0%EC%95%84&origQuery=%EA%B8%B0%EC%95%84&pagingIndex=10&viewType=list&sort=rel
2018-11-20 10:03:16 ERROR Crawler:292 - L ERR_CONTENTS_COL : category, span.depth > a, text
2018-11-20 10:03:16 ERROR Crawler:292 - L ERR_CONTENTS_COL : category, span.depth > a, text
2018-11-20 10:03:16 ERROR Crawler:292 - L ERR_CONTENTS_COL : category, span.depth > a, text
2018-11-20 10:03:16 ERROR Crawler:292 - L ERR_CONTENTS_COL : category, span.depth > a, text
2018-11-20 10:03:16 ERROR Crawler:292 - L ERR_CONTENTS_COL : category, span.depth > a, text
2018-11-20 10:03:16 ERROR Crawler:292 - L ERR_CONTENTS_COL : category, span.depth > a, text
2018-11-20 10:03:16 ERROR Crawler:292 - L ERR_CONTENTS_COL : category, span.depth > a, text
2018-11-20 10:03:16 ERROR Crawler:292 - L ERR_CONTENTS_COL : category, span.depth > a, text
2018-11-20 10:03:16 ERROR Crawler:292 - L ERR_WRITE : Contents write failed : Duplicate entry '81348613717' for key 'PRIMARY'
2018-11-20 10:03:16 ERROR Crawler:292 - L ERR_WRITE : Contents write failed : Duplicate entry '81348627946' for key 'PRIMARY'
2018-11-20 10:03:16 ERROR Crawler:292 - L ERR_WRITE : Contents write failed : Duplicate entry '81348584496' for key 'PRIMARY'
2018-11-20 10:03:16 ERROR Crawler:292 - L ERR_WRITE : Contents write failed : Duplicate entry '81348572709' for key 'PRIMARY'
2018-11-20 10:03:16 ERROR Crawler:292 - L ERR_WRITE : Contents write failed : Duplicate entry '81348429342' for key 'PRIMARY'
2018-11-20 10:03:16 ERROR Crawler:292 - L ERR_WRITE : Contents write failed : Duplicate entry '16113773217' for key 'PRIMARY'
2018-11-20 10:03:16 ERROR Crawler:292 - L ERR_WRITE : Contents write failed : Duplicate entry '16113772695' for key 'PRIMARY'
2018-11-20 10:03:16 ERROR Crawler:292 - L ERR_WRITE : Contents write failed : Duplicate entry '16113775821' for key 'PRIMARY'
2018-11-20 10:03:16 ERROR Crawler:292 - L ERR_WRITE : Contents write failed : Duplicate entry '16113773231' for key 'PRIMARY'
2018-11-20 10:03:16 ERROR Crawler:292 - L ERR_WRITE : Contents write failed : Duplicate entry '81348160686' for key 'PRIMARY'
2018-11-20 10:03:16 ERROR Crawler:292 - L ERR_WRITE : Contents write failed : Duplicate entry '81348052182' for key 'PRIMARY'
2018-11-20 10:03:16 ERROR Crawler:292 - L ERR_WRITE : Contents write failed : Duplicate entry '81347998489' for key 'PRIMARY'
2018-11-20 10:03:16 ERROR Crawler:292 - L ERR_WRITE : Contents write failed : Duplicate entry '81347969268' for key 'PRIMARY'
2018-11-20 10:03:16 ERROR Crawler:292 - L ERR_WRITE : Contents write failed : Duplicate entry '81347918839' for key 'PRIMARY'
2018-11-20 10:03:16 ERROR Crawler:292 - L ERR_WRITE : Contents write failed : Duplicate entry '81347829486' for key 'PRIMARY'
2018-11-20 10:03:16 ERROR Crawler:292 - L ERR_WRITE : Contents write failed : Duplicate entry '81347612346' for key 'PRIMARY'
2018-11-20 10:03:16 ERROR Crawler:292 - L ERR_WRITE : Contents write failed : Duplicate entry '81347611599' for key 'PRIMARY'
2018-11-20 10:03:16 ERROR Crawler:292 - L ERR_WRITE : Contents write failed : Duplicate entry '11763949679' for key 'PRIMARY'
2018-11-20 10:03:16 ERROR Crawler:292 - L ERR_WRITE : Contents write failed : Duplicate entry '81347612196' for key 'PRIMARY'
2018-11-20 10:03:16 ERROR Crawler:292 - L ERR_WRITE : Contents write failed : Duplicate entry '7388539872' for key 'PRIMARY'
2018-11-20 10:03:16 ERROR Crawler:292 - L ERR_WRITE : Contents write failed : Duplicate entry '81347611451' for key 'PRIMARY'
2018-11-20 10:03:16 ERROR Crawler:292 - L ERR_WRITE : Contents write failed : Duplicate entry '81347611545' for key 'PRIMARY'
2018-11-20 10:03:16 ERROR Crawler:292 - L ERR_WRITE : Contents write failed : Duplicate entry '81347623367' for key 'PRIMARY'
2018-11-20 10:03:16 ERROR Crawler:292 - L ERR_WRITE : Contents write failed : Duplicate entry '81347568412' for key 'PRIMARY'
2018-11-20 10:03:16 ERROR Crawler:292 - L ERR_WRITE : Contents write failed : Duplicate entry '81347562005' for key 'PRIMARY'
2018-11-20 10:03:16 ERROR Crawler:292 - L ERR_WRITE : Contents write failed : Duplicate entry '16101792804' for key 'PRIMARY'
2018-11-20 10:03:16 ERROR Crawler:292 - L ERR_WRITE : Contents write failed : Duplicate entry '81347523770' for key 'PRIMARY'
2018-11-20 10:03:16 ERROR Crawler:292 - L ERR_WRITE : Contents write failed : Duplicate entry '81347461778' for key 'PRIMARY'
2018-11-20 10:03:16 ERROR Crawler:292 - L ERR_WRITE : Contents write failed : Duplicate entry '81347394380' for key 'PRIMARY'
2018-11-20 10:03:16 ERROR Crawler:292 - L ERR_WRITE : Contents write failed : Duplicate entry '81371074585' for key 'PRIMARY'
2018-11-20 10:03:16 ERROR Crawler:292 - L ERR_WRITE : Contents write failed : Duplicate entry '81347306562' for key 'PRIMARY'
2018-11-20 10:03:16 ERROR Crawler:292 - L ERR_WRITE : Contents write failed : Duplicate entry '81347259675' for key 'PRIMARY'
2018-11-20 10:03:16 ERROR Crawler:292 - L ERR_WRITE : Contents write failed : Duplicate entry '81363120513' for key 'PRIMARY'
2018-11-20 10:03:16 ERROR Crawler:292 - L ERR_WRITE : Contents write failed : Duplicate entry '16108764276' for key 'PRIMARY'
2018-11-20 10:03:16 ERROR Crawler:292 - L ERR_WRITE : Contents write failed : Duplicate entry '16161545773' for key 'PRIMARY'
2018-11-20 10:03:16 ERROR Crawler:292 - L ERR_WRITE : Contents write failed : Duplicate entry '16107816048' for key 'PRIMARY'
2018-11-20 10:03:16 ERROR Crawler:292 - L ERR_WRITE : Contents write failed : Duplicate entry '16107816151' for key 'PRIMARY'
2018-11-20 10:03:16 ERROR Crawler:292 - L ERR_WRITE : Contents write failed : Duplicate entry '12425595028' for key 'PRIMARY'
2018-11-20 10:03:16 ERROR Crawler:292 - L ERR_WRITE : Contents write failed : Duplicate entry '16107816061' for key 'PRIMARY'
2018-11-20 10:03:16 ERROR Crawler:292 - L ERR_WRITE : Contents write failed : Duplicate entry '15844223577' for key 'PRIMARY'
2018-11-20 10:03:16 ERROR Crawler:292 - L ERR_WRITE : Contents write failed : Duplicate entry '16107816115' for key 'PRIMARY'
2018-11-20 10:03:16 ERROR Crawler:292 - L ERR_WRITE : Contents write failed : Duplicate entry '16107816086' for key 'PRIMARY'
2018-11-20 10:03:16 ERROR Crawler:292 - L ERR_WRITE : Contents write failed : Duplicate entry '16107816046' for key 'PRIMARY'
2018-11-20 10:03:16 ERROR Crawler:292 - L ERR_WRITE : Contents write failed : Duplicate entry '81346742203' for key 'PRIMARY'
2018-11-20 10:03:16 ERROR Crawler:292 - L ERR_WRITE : Contents write failed : Duplicate entry '81346732137' for key 'PRIMARY'
2018-11-20 10:03:16 ERROR Crawler:292 - L ERR_WRITE : Contents write failed : Duplicate entry '16104733202' for key 'PRIMARY'
2018-11-20 10:03:16 ERROR Crawler:292 - L ERR_WRITE : Contents write failed : Duplicate entry '16104733174' for key 'PRIMARY'
2018-11-20 10:03:16 ERROR Crawler:292 - L ERR_WRITE : Contents write failed : Duplicate entry '16104733231' for key 'PRIMARY'
2018-11-20 10:03:16 ERROR Crawler:292 - L ERR_WRITE : Contents write failed : Duplicate entry '16104733135' for key 'PRIMARY'
2018-11-20 10:03:16 ERROR Crawler:292 - L ERR_WRITE : Contents write failed : Duplicate entry '16104733137' for key 'PRIMARY'
2018-11-20 10:03:16 ERROR Crawler:292 - L ERR_WRITE : Contents write failed : Duplicate entry '16104733150' for key 'PRIMARY'
2018-11-20 10:03:16 ERROR Crawler:292 - L ERR_WRITE : Contents write failed : Duplicate entry '16089635891' for key 'PRIMARY'
2018-11-20 10:03:16 ERROR Crawler:292 - L ERR_WRITE : Contents write failed : Duplicate entry '81345761183' for key 'PRIMARY'
2018-11-20 10:03:16 ERROR Crawler:292 - L ERR_WRITE : Contents write failed : Duplicate entry '81345757483' for key 'PRIMARY'
2018-11-20 10:03:16 ERROR Crawler:292 - L ERR_WRITE : Contents write failed : Duplicate entry '81345652420' for key 'PRIMARY'
2018-11-20 10:03:16 ERROR Crawler:292 - L ERR_WRITE : Contents write failed : Duplicate entry '81345626626' for key 'PRIMARY'
2018-11-20 10:03:16 ERROR Crawler:292 - L ERR_WRITE : Contents write failed : Duplicate entry '16103572896' for key 'PRIMARY'
2018-11-20 10:03:16 ERROR Crawler:292 - L ERR_WRITE : Contents write failed : Duplicate entry '12871107344' for key 'PRIMARY'
2018-11-20 10:03:16 ERROR Crawler:292 - L ERR_WRITE : Contents write failed : Duplicate entry '16103572944' for key 'PRIMARY'
2018-11-20 10:03:16 ERROR Crawler:292 - L ERR_WRITE : Contents write failed : Duplicate entry '15797908063' for key 'PRIMARY'
2018-11-20 10:03:16 ERROR Crawler:292 - L ERR_WRITE : Contents write failed : Duplicate entry '16103573665' for key 'PRIMARY'
2018-11-20 10:03:16 ERROR Crawler:292 - L ERR_WRITE : Contents write failed : Duplicate entry '16103572899' for key 'PRIMARY'
2018-11-20 10:03:16 ERROR Crawler:292 - L ERR_WRITE : Contents write failed : Duplicate entry '16103573285' for key 'PRIMARY'
2018-11-20 10:03:16 ERROR Crawler:292 - L ERR_WRITE : Contents write failed : Duplicate entry '16103573286' for key 'PRIMARY'
2018-11-20 10:03:16 ERROR Crawler:292 - L ERR_WRITE : Contents write failed : Duplicate entry '16103573287' for key 'PRIMARY'
2018-11-20 10:03:16 ERROR Crawler:292 - L ERR_WRITE : Contents write failed : Duplicate entry '16103573240' for key 'PRIMARY'
2018-11-20 10:03:16 ERROR Crawler:292 - L ERR_WRITE : Contents write failed : Duplicate entry '16103573241' for key 'PRIMARY'
2018-11-20 10:03:16 ERROR Crawler:292 - L ERR_WRITE : Contents write failed : Duplicate entry '16103573242' for key 'PRIMARY'
2018-11-20 10:03:16 ERROR Crawler:292 - L ERR_WRITE : Contents write failed : Duplicate entry '16103572906' for key 'PRIMARY'
2018-11-20 10:03:16 ERROR Crawler:292 - L ERR_WRITE : Contents write failed : Duplicate entry '16103573243' for key 'PRIMARY'
2018-11-20 10:03:16 ERROR Crawler:292 - L ERR_WRITE : Contents write failed : Duplicate entry '16103573483' for key 'PRIMARY'
2018-11-20 10:03:16 ERROR Crawler:292 - L ERR_WRITE : Contents write failed : Duplicate entry '16103573435' for key 'PRIMARY'
2018-11-20 10:03:16 ERROR Crawler:292 - L ERR_WRITE : Contents write failed : Duplicate entry '16103573244' for key 'PRIMARY'
2018-11-20 10:03:16 ERROR Crawler:292 - L ERR_WRITE : Contents write failed : Duplicate entry '16103573245' for key 'PRIMARY'
2018-11-20 10:03:16 ERROR Crawler:292 - L ERR_WRITE : Contents write failed : Duplicate entry '16103573485' for key 'PRIMARY'
2018-11-20 10:03:16 ERROR Crawler:292 - L ERR_WRITE : Contents write failed : Duplicate entry '16103573293' for key 'PRIMARY'
2018-11-20 10:03:16 ERROR Crawler:292 - L ERR_WRITE : Contents write failed : Duplicate entry '16103572526' for key 'PRIMARY'
2018-11-20 10:03:16 ERROR Crawler:292 - L ERR_WRITE : Contents write failed : Duplicate entry '14744776888' for key 'PRIMARY'
2018-11-20 10:03:16 ERROR Crawler:292 - L ERR_WRITE : Contents write failed : Duplicate entry '16103573294' for key 'PRIMARY'
2018-11-20 10:03:16 ERROR Crawler:292 - L ERR_WRITE : Contents write failed : Duplicate entry '15231917238' for key 'PRIMARY'
2018-11-20 10:03:16 INFO  Crawler:297 - [Progress 41] elaped time : 00:00:16, curSave : 159, Totalsave : 159, curErr : 457, totalErr : 457, remain_work : 2, total : 43
2018-11-20 10:03:16 INFO  Crawler:297 - [Progress 42] elaped time : 00:00:16, curSave : 159, Totalsave : 159, curErr : 457, totalErr : 457, remain_work : 1, total : 43
2018-11-20 10:03:17 INFO  Crawler:297 - [Progress 43] elaped time : 00:00:16, curSave : 159, Totalsave : 159, curErr : 457, totalErr : 457, remain_work : 3, total : 46
2018-11-20 10:03:17 INFO  Crawler:297 - [Progress 44] elaped time : 00:00:16, curSave : 159, Totalsave : 159, curErr : 457, totalErr : 457, remain_work : 2, total : 46
2018-11-20 10:03:17 INFO  Crawler:297 - [Progress 45] elaped time : 00:00:16, curSave : 159, Totalsave : 159, curErr : 457, totalErr : 457, remain_work : 1, total : 46
2018-11-20 10:03:17 INFO  Crawler:297 - [Progress 46] elaped time : 00:00:16, curSave : 159, Totalsave : 159, curErr : 457, totalErr : 457, remain_work : 3, total : 49
2018-11-20 10:03:18 ERROR Crawler:288 - [ERR URL] https://search.shopping.naver.com/search/all.nhn?frm=NVSHPAG&pagingSize=80&query=%EA%B8%B0%EC%95%84&origQuery=%EA%B8%B0%EC%95%84&pagingIndex=11&viewType=list&sort=rel
2018-11-20 10:03:18 ERROR Crawler:292 - L ERR_CONTENTS_COL : category, span.depth > a, text
2018-11-20 10:03:18 ERROR Crawler:292 - L ERR_CONTENTS_COL : category, span.depth > a, text
2018-11-20 10:03:18 ERROR Crawler:292 - L ERR_CONTENTS_COL : category, span.depth > a, text
2018-11-20 10:03:18 ERROR Crawler:292 - L ERR_CONTENTS_COL : category, span.depth > a, text
2018-11-20 10:03:18 ERROR Crawler:292 - L ERR_CONTENTS_COL : category, span.depth > a, text
2018-11-20 10:03:18 ERROR Crawler:292 - L ERR_CONTENTS_COL : category, span.depth > a, text
2018-11-20 10:03:18 ERROR Crawler:292 - L ERR_CONTENTS_COL : category, span.depth > a, text
2018-11-20 10:03:18 ERROR Crawler:292 - L ERR_CONTENTS_COL : category, span.depth > a, text
2018-11-20 10:03:18 ERROR Crawler:292 - L ERR_WRITE : Contents write failed : Duplicate entry '15646897673' for key 'PRIMARY'
2018-11-20 10:03:18 INFO  Crawler:297 - [Progress 47] elaped time : 00:00:17, curSave : 238, Totalsave : 238, curErr : 466, totalErr : 466, remain_work : 2, total : 49
2018-11-20 10:03:18 INFO  Crawler:297 - [Progress 48] elaped time : 00:00:17, curSave : 238, Totalsave : 238, curErr : 466, totalErr : 466, remain_work : 1, total : 49
2018-11-20 10:03:18 INFO  Crawler:297 - [Progress 49] elaped time : 00:00:17, curSave : 238, Totalsave : 238, curErr : 466, totalErr : 466, remain_work : 3, total : 52
2018-11-20 10:03:18 INFO  Crawler:297 - [Progress 50] elaped time : 00:00:17, curSave : 238, Totalsave : 238, curErr : 466, totalErr : 466, remain_work : 2, total : 52
2018-11-20 10:03:18 INFO  Crawler:297 - [Progress 51] elaped time : 00:00:17, curSave : 238, Totalsave : 238, curErr : 466, totalErr : 466, remain_work : 1, total : 52
2018-11-20 10:03:18 ERROR WorkRunnable:82 - not found element stale element reference: element is not attached to the page document
  (Session info: chrome=70.0.3538.102)
  (Driver info: chromedriver=2.43.600210 (68dcf5eebde37173d4027fa8635e332711d2874a),platform=Windows NT 10.0.17134 x86_64) (WARNING: The server did not provide any stacktrace information)
Command duration or timeout: 0 milliseconds
For documentation on this error, please visit: http://seleniumhq.org/exceptions/stale_element_reference.html
Build info: version: '3.11.0', revision: 'e59cfb3', time: '2018-03-11T20:26:55.152Z'
System info: host: 'LAPTOP-94HKRVCK', ip: '192.168.56.1', os.name: 'Windows 10', os.arch: 'amd64', os.version: '10.0', java.version: '1.8.0_161'
Driver info: org.openqa.selenium.chrome.ChromeDriver
Capabilities {acceptInsecureCerts: false, acceptSslCerts: false, applicationCacheEnabled: false, browserConnectionEnabled: false, browserName: chrome, chrome: {chromedriverVersion: 2.43.600210 (68dcf5eebde371..., userDataDir: C:\Users\onycom\AppData\Loc...}, cssSelectorsEnabled: true, databaseEnabled: false, goog:chromeOptions: {debuggerAddress: localhost:13923}, handlesAlerts: true, hasTouchScreen: false, javascriptEnabled: true, locationContextEnabled: true, mobileEmulationEnabled: false, nativeEvents: true, networkConnectionEnabled: false, pageLoadStrategy: normal, platform: XP, platformName: XP, rotatable: false, setWindowRect: true, takesHeapSnapshot: true, takesScreenshot: true, unexpectedAlertBehaviour: , unhandledPromptBehavior: , version: 70.0.3538.102, webStorageEnabled: true}
Session ID: e01439a1db7dd606b71f9fdc9fc62111
org.openqa.selenium.StaleElementReferenceException: stale element reference: element is not attached to the page document
  (Session info: chrome=70.0.3538.102)
  (Driver info: chromedriver=2.43.600210 (68dcf5eebde37173d4027fa8635e332711d2874a),platform=Windows NT 10.0.17134 x86_64) (WARNING: The server did not provide any stacktrace information)
Command duration or timeout: 0 milliseconds
For documentation on this error, please visit: http://seleniumhq.org/exceptions/stale_element_reference.html
Build info: version: '3.11.0', revision: 'e59cfb3', time: '2018-03-11T20:26:55.152Z'
System info: host: 'LAPTOP-94HKRVCK', ip: '192.168.56.1', os.name: 'Windows 10', os.arch: 'amd64', os.version: '10.0', java.version: '1.8.0_161'
Driver info: org.openqa.selenium.chrome.ChromeDriver
Capabilities {acceptInsecureCerts: false, acceptSslCerts: false, applicationCacheEnabled: false, browserConnectionEnabled: false, browserName: chrome, chrome: {chromedriverVersion: 2.43.600210 (68dcf5eebde371..., userDataDir: C:\Users\onycom\AppData\Loc...}, cssSelectorsEnabled: true, databaseEnabled: false, goog:chromeOptions: {debuggerAddress: localhost:13923}, handlesAlerts: true, hasTouchScreen: false, javascriptEnabled: true, locationContextEnabled: true, mobileEmulationEnabled: false, nativeEvents: true, networkConnectionEnabled: false, pageLoadStrategy: normal, platform: XP, platformName: XP, rotatable: false, setWindowRect: true, takesHeapSnapshot: true, takesScreenshot: true, unexpectedAlertBehaviour: , unhandledPromptBehavior: , version: 70.0.3538.102, webStorageEnabled: true}
Session ID: e01439a1db7dd606b71f9fdc9fc62111
	at com.onycom.crawler.core.WorkRunnable.run(WorkRunnable.java:82)
	at java.lang.Thread.run(Thread.java:748)
2018-11-20 10:03:18 ERROR Crawler:288 - [ERR URL] https://search.shopping.naver.com/search/all.nhn?frm=NVSHPAG&pagingSize=80&query=%EA%B8%B0%EC%95%84&origQuery=%EA%B8%B0%EC%95%84&pagingIndex=11&viewType=list&sort=rel
2018-11-20 10:03:18 ERROR Crawler:292 - L ERR : not found element [#_result_paging > a.next ] stale element reference: element is not attached to the page document
  (Session info: chrome=70.0.3538.102)
  (Driver info: chromedriver=2.43.600210 (68dcf5eebde37173d4027fa8635e332711d2874a),platform=Windows NT 10.0.17134 x86_64) (WARNING: The server did not provide any stacktrace information)
Command duration or timeout: 0 milliseconds
For documentation on this error, please visit: http://seleniumhq.org/exceptions/stale_element_reference.html
Build info: version: '3.11.0', revision: 'e59cfb3', time: '2018-03-11T20:26:55.152Z'
System info: host: 'LAPTOP-94HKRVCK', ip: '192.168.56.1', os.name: 'Windows 10', os.arch: 'amd64', os.version: '10.0', java.version: '1.8.0_161'
Driver info: org.openqa.selenium.chrome.ChromeDriver
Capabilities {acceptInsecureCerts: false, acceptSslCerts: false, applicationCacheEnabled: false, browserConnectionEnabled: false, browserName: chrome, chrome: {chromedriverVersion: 2.43.600210 (68dcf5eebde371..., userDataDir: C:\Users\onycom\AppData\Loc...}, cssSelectorsEnabled: true, databaseEnabled: false, goog:chromeOptions: {debuggerAddress: localhost:13923}, handlesAlerts: true, hasTouchScreen: false, javascriptEnabled: true, locationContextEnabled: true, mobileEmulationEnabled: false, nativeEvents: true, networkConnectionEnabled: false, pageLoadStrategy: normal, platform: XP, platformName: XP, rotatable: false, setWindowRect: true, takesHeapSnapshot: true, takesScreenshot: true, unexpectedAlertBehaviour: , unhandledPromptBehavior: , version: 70.0.3538.102, webStorageEnabled: true}
Session ID: e01439a1db7dd606b71f9fdc9fc62111
2018-11-20 10:03:18 INFO  Crawler:297 - [Progress 52] elaped time : 00:00:18, curSave : 238, Totalsave : 238, curErr : 467, totalErr : 467, remain_work : 0, total : 52
2018-11-20 10:03:19 INFO  Crawler:256 - ============== update params =============
2018-11-20 10:03:19 INFO  Crawler:259 - CMD PARAM 00   : 현대
2018-11-20 10:03:19 INFO  Crawler:261 - ==========================================
2018-11-20 10:03:21 INFO  Crawler:297 - [Progress 53] elaped time : 00:00:20, curSave : 0, Totalsave : 238, curErr : 0, totalErr : 467, remain_work : 3, total : 56
2018-11-20 10:03:21 ERROR Crawler:288 - [ERR URL] https://search.shopping.naver.com/search/all.nhn?frm=NVSHATC&pagingSize=80&query=%ED%98%84%EB%8C%80
2018-11-20 10:03:21 ERROR Crawler:292 - L ERR_CONTENTS_COL : category, span.depth > a, text
2018-11-20 10:03:21 ERROR Crawler:292 - L ERR_CONTENTS_COL : category, span.depth > a, text
2018-11-20 10:03:21 ERROR Crawler:292 - L ERR_CONTENTS_COL : category, span.depth > a, text
2018-11-20 10:03:21 ERROR Crawler:292 - L ERR_CONTENTS_COL : category, span.depth > a, text
2018-11-20 10:03:21 ERROR Crawler:292 - L ERR_CONTENTS_COL : category, span.depth > a, text
2018-11-20 10:03:21 ERROR Crawler:292 - L ERR_CONTENTS_COL : category, span.depth > a, text
2018-11-20 10:03:21 ERROR Crawler:292 - L ERR_CONTENTS_COL : category, span.depth > a, text
2018-11-20 10:03:21 ERROR Crawler:292 - L ERR_CONTENTS_COL : category, span.depth > a, text
2018-11-20 10:03:21 ERROR Crawler:292 - L ERR_WRITE : Contents write failed : Duplicate entry '11546133649' for key 'PRIMARY'
2018-11-20 10:03:21 ERROR Crawler:292 - L ERR_WRITE : Contents write failed : Duplicate entry '9725529999' for key 'PRIMARY'
2018-11-20 10:03:21 ERROR Crawler:292 - L ERR_WRITE : Contents write failed : Duplicate entry '15621134005' for key 'PRIMARY'
2018-11-20 10:03:21 ERROR Crawler:292 - L ERR_WRITE : Contents write failed : Duplicate entry '16084587149' for key 'PRIMARY'
2018-11-20 10:03:21 ERROR Crawler:292 - L ERR_WRITE : Contents write failed : Duplicate entry '15990495118' for key 'PRIMARY'
2018-11-20 10:03:21 ERROR Crawler:292 - L ERR_WRITE : Contents write failed : Duplicate entry '16179347002' for key 'PRIMARY'
2018-11-20 10:03:21 ERROR Crawler:292 - L ERR_WRITE : Contents write failed : Duplicate entry '11123149561' for key 'PRIMARY'
2018-11-20 10:03:21 ERROR Crawler:292 - L ERR_WRITE : Contents write failed : Duplicate entry '16200037183' for key 'PRIMARY'
2018-11-20 10:03:21 ERROR Crawler:292 - L ERR_WRITE : Contents write failed : Duplicate entry '16194476908' for key 'PRIMARY'
2018-11-20 10:03:21 ERROR Crawler:292 - L ERR_WRITE : Contents write failed : Duplicate entry '6203130077' for key 'PRIMARY'
2018-11-20 10:03:21 ERROR Crawler:292 - L ERR_WRITE : Contents write failed : Duplicate entry '16193906933' for key 'PRIMARY'
2018-11-20 10:03:21 ERROR Crawler:292 - L ERR_WRITE : Contents write failed : Duplicate entry '16130515778' for key 'PRIMARY'
2018-11-20 10:03:21 ERROR Crawler:292 - L ERR_WRITE : Contents write failed : Duplicate entry '16182550375' for key 'PRIMARY'
2018-11-20 10:03:21 ERROR Crawler:292 - L ERR_WRITE : Contents write failed : Duplicate entry '11005348713' for key 'PRIMARY'
2018-11-20 10:03:21 ERROR Crawler:292 - L ERR_WRITE : Contents write failed : Duplicate entry '7589077377' for key 'PRIMARY'
2018-11-20 10:03:21 ERROR Crawler:292 - L ERR_WRITE : Contents write failed : Duplicate entry '16163604452' for key 'PRIMARY'
2018-11-20 10:03:21 ERROR Crawler:292 - L ERR_WRITE : Contents write failed : Duplicate entry '16089283041' for key 'PRIMARY'
2018-11-20 10:03:21 ERROR Crawler:292 - L ERR_WRITE : Contents write failed : Duplicate entry '11123149561' for key 'PRIMARY'
2018-11-20 10:03:21 ERROR Crawler:292 - L ERR_WRITE : Contents write failed : Duplicate entry '16087817033' for key 'PRIMARY'
2018-11-20 10:03:21 ERROR Crawler:292 - L ERR_WRITE : Contents write failed : Duplicate entry '15327889319' for key 'PRIMARY'
2018-11-20 10:03:21 ERROR Crawler:292 - L ERR_WRITE : Contents write failed : Duplicate entry '16144767763' for key 'PRIMARY'
2018-11-20 10:03:21 ERROR Crawler:292 - L ERR_WRITE : Contents write failed : Duplicate entry '16139141813' for key 'PRIMARY'
2018-11-20 10:03:21 ERROR Crawler:292 - L ERR_WRITE : Contents write failed : Duplicate entry '16163635073' for key 'PRIMARY'
2018-11-20 10:03:21 ERROR Crawler:292 - L ERR_WRITE : Contents write failed : Duplicate entry '16134520944' for key 'PRIMARY'
2018-11-20 10:03:21 ERROR Crawler:292 - L ERR_WRITE : Contents write failed : Duplicate entry '16129256248' for key 'PRIMARY'
2018-11-20 10:03:21 ERROR Crawler:292 - L ERR_WRITE : Contents write failed : Duplicate entry '16128392875' for key 'PRIMARY'
2018-11-20 10:03:21 ERROR Crawler:292 - L ERR_WRITE : Contents write failed : Duplicate entry '16117199008' for key 'PRIMARY'
2018-11-20 10:03:21 ERROR Crawler:292 - L ERR_WRITE : Contents write failed : Duplicate entry '16117057912' for key 'PRIMARY'
2018-11-20 10:03:21 ERROR Crawler:292 - L ERR_WRITE : Contents write failed : Duplicate entry '16113071926' for key 'PRIMARY'
2018-11-20 10:03:21 ERROR Crawler:292 - L ERR_WRITE : Contents write failed : Duplicate entry '81309900910' for key 'PRIMARY'
2018-11-20 10:03:21 ERROR Crawler:292 - L ERR_WRITE : Contents write failed : Duplicate entry '16109745571' for key 'PRIMARY'
2018-11-20 10:03:21 ERROR Crawler:292 - L ERR_WRITE : Contents write failed : Duplicate entry '16105361029' for key 'PRIMARY'
2018-11-20 10:03:21 ERROR Crawler:292 - L ERR_WRITE : Contents write failed : Duplicate entry '16139381296' for key 'PRIMARY'
2018-11-20 10:03:21 ERROR Crawler:292 - L ERR_WRITE : Contents write failed : Duplicate entry '16102157234' for key 'PRIMARY'
2018-11-20 10:03:21 ERROR Crawler:292 - L ERR_WRITE : Contents write failed : Duplicate entry '16101364161' for key 'PRIMARY'
2018-11-20 10:03:21 ERROR Crawler:292 - L ERR_WRITE : Contents write failed : Duplicate entry '16084903985' for key 'PRIMARY'
2018-11-20 10:03:21 ERROR Crawler:292 - L ERR_WRITE : Contents write failed : Duplicate entry '16095973112' for key 'PRIMARY'
2018-11-20 10:03:21 ERROR Crawler:292 - L ERR_WRITE : Contents write failed : Duplicate entry '15467397849' for key 'PRIMARY'
2018-11-20 10:03:21 ERROR Crawler:292 - L ERR_WRITE : Contents write failed : Duplicate entry '16116495984' for key 'PRIMARY'
2018-11-20 10:03:21 ERROR Crawler:292 - L ERR_WRITE : Contents write failed : Duplicate entry '13920346913' for key 'PRIMARY'
2018-11-20 10:03:21 ERROR Crawler:292 - L ERR_WRITE : Contents write failed : Duplicate entry '16088087435' for key 'PRIMARY'
2018-11-20 10:03:21 ERROR Crawler:292 - L ERR_WRITE : Contents write failed : Duplicate entry '16087654454' for key 'PRIMARY'
2018-11-20 10:03:21 ERROR Crawler:292 - L ERR_WRITE : Contents write failed : Duplicate entry '16073807486' for key 'PRIMARY'
2018-11-20 10:03:21 ERROR Crawler:292 - L ERR_WRITE : Contents write failed : Duplicate entry '81374054615' for key 'PRIMARY'
2018-11-20 10:03:21 ERROR Crawler:292 - L ERR_WRITE : Contents write failed : Duplicate entry '16072378040' for key 'PRIMARY'
2018-11-20 10:03:21 ERROR Crawler:292 - L ERR_WRITE : Contents write failed : Duplicate entry '16069142021' for key 'PRIMARY'
2018-11-20 10:03:21 ERROR Crawler:292 - L ERR_WRITE : Contents write failed : Duplicate entry '16067017933' for key 'PRIMARY'
2018-11-20 10:03:21 ERROR Crawler:292 - L ERR_WRITE : Contents write failed : Duplicate entry '16059092373' for key 'PRIMARY'
2018-11-20 10:03:21 ERROR Crawler:292 - L ERR_WRITE : Contents write failed : Duplicate entry '16058057796' for key 'PRIMARY'
2018-11-20 10:03:21 ERROR Crawler:292 - L ERR_WRITE : Contents write failed : Duplicate entry '16054510964' for key 'PRIMARY'
2018-11-20 10:03:21 ERROR Crawler:292 - L ERR_WRITE : Contents write failed : Duplicate entry '16053933053' for key 'PRIMARY'
2018-11-20 10:03:21 ERROR Crawler:292 - L ERR_WRITE : Contents write failed : Duplicate entry '81374019827' for key 'PRIMARY'
2018-11-20 10:03:21 ERROR Crawler:292 - L ERR_WRITE : Contents write failed : Duplicate entry '16037139000' for key 'PRIMARY'
2018-11-20 10:03:21 ERROR Crawler:292 - L ERR_WRITE : Contents write failed : Duplicate entry '15971848465' for key 'PRIMARY'
2018-11-20 10:03:21 ERROR Crawler:292 - L ERR_WRITE : Contents write failed : Duplicate entry '16028035138' for key 'PRIMARY'
2018-11-20 10:03:21 ERROR Crawler:292 - L ERR_WRITE : Contents write failed : Duplicate entry '16027363816' for key 'PRIMARY'
2018-11-20 10:03:21 ERROR Crawler:292 - L ERR_WRITE : Contents write failed : Duplicate entry '16053795901' for key 'PRIMARY'
2018-11-20 10:03:21 ERROR Crawler:292 - L ERR_WRITE : Contents write failed : Duplicate entry '10090552500' for key 'PRIMARY'
2018-11-20 10:03:21 ERROR Crawler:292 - L ERR_WRITE : Contents write failed : Duplicate entry '81372792646' for key 'PRIMARY'
2018-11-20 10:03:21 ERROR Crawler:292 - L ERR_WRITE : Contents write failed : Duplicate entry '15621134005' for key 'PRIMARY'
2018-11-20 10:03:21 ERROR Crawler:292 - L ERR_WRITE : Contents write failed : Duplicate entry '16019746339' for key 'PRIMARY'
2018-11-20 10:03:21 ERROR Crawler:292 - L ERR_WRITE : Contents write failed : Duplicate entry '16018175749' for key 'PRIMARY'
2018-11-20 10:03:21 ERROR Crawler:292 - L ERR_WRITE : Contents write failed : Duplicate entry '16017775496' for key 'PRIMARY'
2018-11-20 10:03:21 ERROR Crawler:292 - L ERR_WRITE : Contents write failed : Duplicate entry '16017565816' for key 'PRIMARY'
2018-11-20 10:03:21 ERROR Crawler:292 - L ERR_WRITE : Contents write failed : Duplicate entry '16002826656' for key 'PRIMARY'
2018-11-20 10:03:21 ERROR Crawler:292 - L ERR_WRITE : Contents write failed : Duplicate entry '81371452375' for key 'PRIMARY'
2018-11-20 10:03:21 ERROR Crawler:292 - L ERR_WRITE : Contents write failed : Duplicate entry '15969591584' for key 'PRIMARY'
2018-11-20 10:03:21 ERROR Crawler:292 - L ERR_WRITE : Contents write failed : Duplicate entry '15956128852' for key 'PRIMARY'
2018-11-20 10:03:21 ERROR Crawler:292 - L ERR_WRITE : Contents write failed : Duplicate entry '15953117521' for key 'PRIMARY'
2018-11-20 10:03:21 ERROR Crawler:292 - L ERR_WRITE : Contents write failed : Duplicate entry '81370039177' for key 'PRIMARY'
2018-11-20 10:03:21 ERROR Crawler:292 - L ERR_WRITE : Contents write failed : Duplicate entry '15968996751' for key 'PRIMARY'
2018-11-20 10:03:21 ERROR Crawler:292 - L ERR_WRITE : Contents write failed : Duplicate entry '15941856848' for key 'PRIMARY'
2018-11-20 10:03:21 ERROR Crawler:292 - L ERR_WRITE : Contents write failed : Duplicate entry '15939200256' for key 'PRIMARY'
2018-11-20 10:03:21 ERROR Crawler:292 - L ERR_WRITE : Contents write failed : Duplicate entry '15932112166' for key 'PRIMARY'
2018-11-20 10:03:21 ERROR Crawler:292 - L ERR_WRITE : Contents write failed : Duplicate entry '15954473534' for key 'PRIMARY'
2018-11-20 10:03:21 ERROR Crawler:292 - L ERR_WRITE : Contents write failed : Duplicate entry '81358448911' for key 'PRIMARY'
2018-11-20 10:03:21 ERROR Crawler:292 - L ERR_WRITE : Contents write failed : Duplicate entry '15912303745' for key 'PRIMARY'
2018-11-20 10:03:21 ERROR Crawler:292 - L ERR_WRITE : Contents write failed : Duplicate entry '13751586432' for key 'PRIMARY'
2018-11-20 10:03:21 ERROR Crawler:292 - L ERR_WRITE : Contents write failed : Duplicate entry '15912306741' for key 'PRIMARY'
2018-11-20 10:03:21 ERROR Crawler:292 - L ERR_WRITE : Contents write failed : Duplicate entry '14462961727' for key 'PRIMARY'
2018-11-20 10:03:21 INFO  Crawler:297 - [Progress 54] elaped time : 00:00:20, curSave : 0, Totalsave : 238, curErr : 88, totalErr : 555, remain_work : 2, total : 56
2018-11-20 10:03:21 INFO  Crawler:297 - [Progress 55] elaped time : 00:00:21, curSave : 0, Totalsave : 238, curErr : 88, totalErr : 555, remain_work : 1, total : 56
2018-11-20 10:03:21 INFO  Crawler:297 - [Progress 56] elaped time : 00:00:21, curSave : 0, Totalsave : 238, curErr : 88, totalErr : 555, remain_work : 3, total : 59
2018-11-20 10:03:22 INFO  Crawler:297 - [Progress 57] elaped time : 00:00:21, curSave : 0, Totalsave : 238, curErr : 88, totalErr : 555, remain_work : 2, total : 59
