2018-11-05 20:21:00 ERROR Crawler:258 - [ERR URL] https://news.naver.com/main/list.nhn?mode=LPOD&date=20181105&mid=sec&oid=138&listType=title
2018-11-05 20:21:00 ERROR Crawler:261 - L ERR_SCEN_ELEMENT : #main_content > div.paging > a
2018-11-05 20:23:37 ERROR Crawler:258 - [ERR URL] https://news.naver.com//main/list.nhn?mode=LPOD&date=20181104&mid=sec&oid=138&listType=title
2018-11-05 20:23:37 ERROR Crawler:261 - L ERR_SCEN_ELEMENT : #main_content > div.paging > a
2018-11-05 20:23:41 ERROR Crawler:258 - [ERR URL] https://news.naver.com//main/list.nhn?mode=LPOD&date=20181103&mid=sec&oid=138&listType=title
2018-11-05 20:23:41 ERROR Crawler:261 - L ERR_SCEN_ELEMENT : #main_content > div.paging > a
2018-11-05 20:28:57 ERROR Crawler:258 - [ERR URL] https://news.naver.com///main/list.nhn?mode=LPOD&date=20181102&mid=sec&oid=138&listType=title
2018-11-05 20:28:57 ERROR Crawler:261 - L ERR_SCEN_ELEMENT : #main_content > div.paging > a
2018-11-05 20:41:27 ERROR Crawler:258 - [ERR URL] https://news.naver.com///////main/list.nhn?mode=LPOD&date=20181029&mid=sec&oid=138&listType=title
2018-11-05 20:41:27 ERROR Crawler:261 - L ERR_SCEN_ELEMENT : #main_content > div.paging > a
2018-11-05 20:44:36 ERROR Crawler:258 - [ERR URL] https://news.naver.com////////main/list.nhn?mode=LPOD&date=20181028&mid=sec&oid=138&listType=title
2018-11-05 20:44:36 ERROR Crawler:261 - L ERR_SCEN_ELEMENT : #main_content > div.paging > a
2018-11-05 20:47:14 ERROR Crawler:258 - [ERR URL] https://news.naver.com/////////main/list.nhn?mode=LPOD&date=20181026&mid=sec&oid=138&listType=title
2018-11-05 20:47:14 ERROR Crawler:261 - L ERR_SCEN_ELEMENT : #main_content > div.paging > a
2018-11-05 20:55:41 ERROR Crawler:258 - [ERR URL] https://news.naver.com////////////main/list.nhn?mode=LPOD&date=20181023&mid=sec&oid=138&listType=title
2018-11-05 20:55:41 ERROR Crawler:261 - L ERR_SCEN_ELEMENT : #main_content > div.paging > a
2018-11-05 20:59:06 ERROR Crawler:258 - [ERR URL] https://news.naver.com/////////////main/list.nhn?mode=LPOD&date=20181022&mid=sec&oid=138&listType=title
2018-11-05 20:59:06 ERROR Crawler:261 - L ERR_SCEN_ELEMENT : #main_content > div.paging > a
2018-11-05 21:01:44 ERROR Crawler:258 - [ERR URL] https://news.naver.com//////////////main/list.nhn?mode=LPOD&date=20181021&mid=sec&oid=138&listType=title
2018-11-05 21:01:44 ERROR Crawler:261 - L ERR_SCEN_ELEMENT : #main_content > div.paging > a
2018-11-05 21:04:22 ERROR Crawler:258 - [ERR URL] https://news.naver.com///////////////main/list.nhn?mode=LPOD&date=20181019&mid=sec&oid=138&listType=title
2018-11-05 21:04:22 ERROR Crawler:261 - L ERR_SCEN_ELEMENT : #main_content > div.paging > a
2018-11-05 21:07:00 ERROR Crawler:258 - [ERR URL] https://news.naver.com////////////////main/list.nhn?mode=LPOD&date=20181018&mid=sec&oid=138&listType=title
2018-11-05 21:07:00 ERROR Crawler:261 - L ERR_SCEN_ELEMENT : #main_content > div.paging > a
2018-11-05 21:09:38 ERROR Crawler:258 - [ERR URL] https://news.naver.com/////////////////main/list.nhn?mode=LPOD&date=20181017&mid=sec&oid=138&listType=title
2018-11-05 21:09:38 ERROR Crawler:261 - L ERR_SCEN_ELEMENT : #main_content > div.paging > a
2018-11-05 21:12:16 ERROR Crawler:258 - [ERR URL] https://news.naver.com//////////////////main/list.nhn?mode=LPOD&date=20181016&mid=sec&oid=138&listType=title
2018-11-05 21:12:16 ERROR Crawler:261 - L ERR_SCEN_ELEMENT : #main_content > div.paging > a
2018-11-05 21:14:54 ERROR Crawler:258 - [ERR URL] https://news.naver.com///////////////////main/list.nhn?mode=LPOD&date=20181015&mid=sec&oid=138&listType=title
2018-11-05 21:14:54 ERROR Crawler:261 - L ERR_SCEN_ELEMENT : #main_content > div.paging > a
2018-11-05 21:17:32 ERROR Crawler:258 - [ERR URL] https://news.naver.com////////////////////main/list.nhn?mode=LPOD&date=20181014&mid=sec&oid=138&listType=title
2018-11-05 21:17:32 ERROR Crawler:261 - L ERR_SCEN_ELEMENT : #main_content > div.paging > a
2018-11-05 21:20:10 ERROR Crawler:258 - [ERR URL] https://news.naver.com/////////////////////main/list.nhn?mode=LPOD&date=20181012&mid=sec&oid=138&listType=title
2018-11-05 21:20:10 ERROR Crawler:261 - L ERR_SCEN_ELEMENT : #main_content > div.paging > a
2018-11-05 21:28:27 ERROR Crawler:258 - [ERR URL] https://news.naver.com////////////////////////main/list.nhn?mode=LPOD&date=20181009&mid=sec&oid=138&listType=title
2018-11-05 21:28:27 ERROR Crawler:261 - L ERR_SCEN_ELEMENT : #main_content > div.paging > a
2018-11-05 21:32:13 ERROR Crawler:258 - [ERR URL] https://news.naver.com/////////////////////////main/list.nhn?mode=LPOD&date=20181008&mid=sec&oid=138&listType=title
2018-11-05 21:32:13 ERROR Crawler:261 - L ERR_SCEN_ELEMENT : #main_content > div.paging > a
2018-11-05 21:34:51 ERROR Crawler:258 - [ERR URL] https://news.naver.com//////////////////////////main/list.nhn?mode=LPOD&date=20181007&mid=sec&oid=138&listType=title
2018-11-05 21:34:51 ERROR Crawler:261 - L ERR_SCEN_ELEMENT : #main_content > div.paging > a
2018-11-05 21:37:30 ERROR Crawler:258 - [ERR URL] https://news.naver.com///////////////////////////main/list.nhn?mode=LPOD&date=20181006&mid=sec&oid=138&listType=title
2018-11-05 21:37:30 ERROR Crawler:261 - L ERR_SCEN_ELEMENT : #main_content > div.paging > a
2018-11-05 21:40:08 ERROR Crawler:258 - [ERR URL] https://news.naver.com////////////////////////////main/list.nhn?mode=LPOD&date=20181005&mid=sec&oid=138&listType=title
2018-11-05 21:40:08 ERROR Crawler:261 - L ERR_SCEN_ELEMENT : #main_content > div.paging > a
2018-11-05 21:45:27 ERROR Crawler:258 - [ERR URL] https://news.naver.com//////////////////////////////main/list.nhn?mode=LPOD&date=20181003&mid=sec&oid=138&listType=title
2018-11-05 21:45:27 ERROR Crawler:261 - L ERR_SCEN_ELEMENT : #main_content > div.paging > a
2018-11-05 21:48:08 ERROR Crawler:258 - [ERR URL] https://news.naver.com///////////////////////////////main/list.nhn?mode=LPOD&date=20181002&mid=sec&oid=138&listType=title
2018-11-05 21:48:08 ERROR Crawler:261 - L ERR_SCEN_ELEMENT : #main_content > div.paging > a
2018-11-05 21:50:45 ERROR Crawler:258 - [ERR URL] https://news.naver.com////////////////////////////////main/list.nhn?mode=LPOD&date=20181001&mid=sec&oid=138&listType=title
2018-11-05 21:50:45 ERROR Crawler:261 - L ERR_SCEN_ELEMENT : #main_content > div.paging > a
2018-11-05 21:53:25 ERROR Crawler:258 - [ERR URL] https://news.naver.com/////////////////////////////////main/list.nhn?mode=LPOD&date=20180930&mid=sec&oid=138&listType=title
2018-11-05 21:53:25 ERROR Crawler:261 - L ERR_SCEN_ELEMENT : #main_content > div.paging > a
2018-11-05 21:56:03 ERROR Crawler:258 - [ERR URL] https://news.naver.com//////////////////////////////////main/list.nhn?mode=LPOD&date=20180928&mid=sec&oid=138&listType=title
2018-11-05 21:56:03 ERROR Crawler:261 - L ERR_SCEN_ELEMENT : #main_content > div.paging > a
2018-11-05 21:58:41 ERROR Crawler:258 - [ERR URL] https://news.naver.com///////////////////////////////////main/list.nhn?mode=LPOD&date=20180927&mid=sec&oid=138&listType=title
2018-11-05 21:58:41 ERROR Crawler:261 - L ERR_SCEN_ELEMENT : #main_content > div.paging > a
2018-11-05 22:01:20 ERROR Crawler:258 - [ERR URL] https://news.naver.com////////////////////////////////////main/list.nhn?mode=LPOD&date=20180926&mid=sec&oid=138&listType=title
2018-11-05 22:01:20 ERROR Crawler:261 - L ERR_SCEN_ELEMENT : #main_content > div.paging > a
2018-11-05 22:03:58 ERROR Crawler:258 - [ERR URL] https://news.naver.com/////////////////////////////////////main/list.nhn?mode=LPOD&date=20180925&mid=sec&oid=138&listType=title
2018-11-05 22:03:58 ERROR Crawler:261 - L ERR_SCEN_ELEMENT : #main_content > div.paging > a
