2018-10-31 16:58:12 ERROR WorkRunnable:82 - not found element Error 404: Not Found
File not found
Command duration or timeout: 8 milliseconds
Build info: version: '3.11.0', revision: 'e59cfb3', time: '2018-03-11T20:26:55.152Z'
System info: host: 'LAPTOP-94HKRVCK', ip: '192.168.56.1', os.name: 'Windows 10', os.arch: 'amd64', os.version: '10.0', java.version: '1.8.0_161'
Driver info: org.openqa.selenium.phantomjs.PhantomJSDriver
Capabilities {acceptSslCerts: false, applicationCacheEnabled: false, browserConnectionEnabled: false, browserName: phantomjs, cssSelectorsEnabled: true, databaseEnabled: false, driverName: ghostdriver, driverVersion: 1.2.0, handlesAlerts: false, javascriptEnabled: true, locationContextEnabled: false, nativeEvents: true, platform: XP, platformName: XP, proxy: Proxy(direct), rotatable: false, takesScreenshot: true, version: 2.1.1, webStorageEnabled: false}
Session ID: 6979f500-dce2-11e8-b4f5-9bd3d5048043
org.openqa.selenium.UnsupportedCommandException: Error 404: Not Found
File not found
Command duration or timeout: 8 milliseconds
Build info: version: '3.11.0', revision: 'e59cfb3', time: '2018-03-11T20:26:55.152Z'
System info: host: 'LAPTOP-94HKRVCK', ip: '192.168.56.1', os.name: 'Windows 10', os.arch: 'amd64', os.version: '10.0', java.version: '1.8.0_161'
Driver info: org.openqa.selenium.phantomjs.PhantomJSDriver
Capabilities {acceptSslCerts: false, applicationCacheEnabled: false, browserConnectionEnabled: false, browserName: phantomjs, cssSelectorsEnabled: true, databaseEnabled: false, driverName: ghostdriver, driverVersion: 1.2.0, handlesAlerts: false, javascriptEnabled: true, locationContextEnabled: false, nativeEvents: true, platform: XP, platformName: XP, proxy: Proxy(direct), rotatable: false, takesScreenshot: true, version: 2.1.1, webStorageEnabled: false}
Session ID: 6979f500-dce2-11e8-b4f5-9bd3d5048043
	at com.onycom.crawler.core.WorkRunnable.run(WorkRunnable.java:82)
	at java.lang.Thread.run(Thread.java:748)
2018-10-31 16:58:12 ERROR Crawler:257 - [ERR URL] http://search.wemakeprice.com?search_keyword=%EA%B7%B8%EB%9E%98%ED%94%BD%EC%B9%B4%EB%93%9C
2018-10-31 16:58:12 ERROR Crawler:260 - L ERR : not found element Error 404: Not Found
File not found
Command duration or timeout: 8 milliseconds
Build info: version: '3.11.0', revision: 'e59cfb3', time: '2018-03-11T20:26:55.152Z'
System info: host: 'LAPTOP-94HKRVCK', ip: '192.168.56.1', os.name: 'Windows 10', os.arch: 'amd64', os.version: '10.0', java.version: '1.8.0_161'
Driver info: org.openqa.selenium.phantomjs.PhantomJSDriver
Capabilities {acceptSslCerts: false, applicationCacheEnabled: false, browserConnectionEnabled: false, browserName: phantomjs, cssSelectorsEnabled: true, databaseEnabled: false, driverName: ghostdriver, driverVersion: 1.2.0, handlesAlerts: false, javascriptEnabled: true, locationContextEnabled: false, nativeEvents: true, platform: XP, platformName: XP, proxy: Proxy(direct), rotatable: false, takesScreenshot: true, version: 2.1.1, webStorageEnabled: false}
Session ID: 6979f500-dce2-11e8-b4f5-9bd3d5048043
2018-10-31 16:58:12 ERROR WorkRunnable:82 - not found element Error 404: Not Found
File not found
Command duration or timeout: 3 milliseconds
Build info: version: '3.11.0', revision: 'e59cfb3', time: '2018-03-11T20:26:55.152Z'
System info: host: 'LAPTOP-94HKRVCK', ip: '192.168.56.1', os.name: 'Windows 10', os.arch: 'amd64', os.version: '10.0', java.version: '1.8.0_161'
Driver info: org.openqa.selenium.phantomjs.PhantomJSDriver
Capabilities {acceptSslCerts: false, applicationCacheEnabled: false, browserConnectionEnabled: false, browserName: phantomjs, cssSelectorsEnabled: true, databaseEnabled: false, driverName: ghostdriver, driverVersion: 1.2.0, handlesAlerts: false, javascriptEnabled: true, locationContextEnabled: false, nativeEvents: true, platform: XP, platformName: XP, proxy: Proxy(direct), rotatable: false, takesScreenshot: true, version: 2.1.1, webStorageEnabled: false}
Session ID: 6979f500-dce2-11e8-b4f5-9bd3d5048043
*** Element info: {Using=css selector, value=#search_deal_area > li:nth-child(1) > span > a > span.box_desc > strong.tit_desc}
org.openqa.selenium.UnsupportedCommandException: Error 404: Not Found
File not found
Command duration or timeout: 3 milliseconds
Build info: version: '3.11.0', revision: 'e59cfb3', time: '2018-03-11T20:26:55.152Z'
System info: host: 'LAPTOP-94HKRVCK', ip: '192.168.56.1', os.name: 'Windows 10', os.arch: 'amd64', os.version: '10.0', java.version: '1.8.0_161'
Driver info: org.openqa.selenium.phantomjs.PhantomJSDriver
Capabilities {acceptSslCerts: false, applicationCacheEnabled: false, browserConnectionEnabled: false, browserName: phantomjs, cssSelectorsEnabled: true, databaseEnabled: false, driverName: ghostdriver, driverVersion: 1.2.0, handlesAlerts: false, javascriptEnabled: true, locationContextEnabled: false, nativeEvents: true, platform: XP, platformName: XP, proxy: Proxy(direct), rotatable: false, takesScreenshot: true, version: 2.1.1, webStorageEnabled: false}
Session ID: 6979f500-dce2-11e8-b4f5-9bd3d5048043
*** Element info: {Using=css selector, value=#search_deal_area > li:nth-child(1) > span > a > span.box_desc > strong.tit_desc}
	at com.onycom.crawler.core.WorkRunnable.run(WorkRunnable.java:82)
	at java.lang.Thread.run(Thread.java:748)
2018-10-31 16:58:12 ERROR Crawler:257 - [ERR URL] http://search.wemakeprice.com?search_keyword=%EA%B7%B8%EB%9E%98%ED%94%BD%EC%B9%B4%EB%93%9C
2018-10-31 16:58:12 ERROR Crawler:260 - L ERR : not found element Error 404: Not Found
File not found
Command duration or timeout: 3 milliseconds
Build info: version: '3.11.0', revision: 'e59cfb3', time: '2018-03-11T20:26:55.152Z'
System info: host: 'LAPTOP-94HKRVCK', ip: '192.168.56.1', os.name: 'Windows 10', os.arch: 'amd64', os.version: '10.0', java.version: '1.8.0_161'
Driver info: org.openqa.selenium.phantomjs.PhantomJSDriver
Capabilities {acceptSslCerts: false, applicationCacheEnabled: false, browserConnectionEnabled: false, browserName: phantomjs, cssSelectorsEnabled: true, databaseEnabled: false, driverName: ghostdriver, driverVersion: 1.2.0, handlesAlerts: false, javascriptEnabled: true, locationContextEnabled: false, nativeEvents: true, platform: XP, platformName: XP, proxy: Proxy(direct), rotatable: false, takesScreenshot: true, version: 2.1.1, webStorageEnabled: false}
Session ID: 6979f500-dce2-11e8-b4f5-9bd3d5048043
*** Element info: {Using=css selector, value=#search_deal_area > li:nth-child(1) > span > a > span.box_desc > strong.tit_desc}
