2018-10-29 13:39:56 INFO  Crawler:218 - ============== Start Crawler =============
2018-10-29 13:39:56 INFO  Crawler:219 - CONFIG FILE    : ./config/config_action.json
2018-10-29 13:39:56 INFO  Crawler:221 - CMD PARAM 00   : 그래픽카드
2018-10-29 13:39:56 INFO  Crawler:223 - CRAWLER NAME   : 액션기반_크롤링
2018-10-29 13:39:56 INFO  Crawler:224 - CRAWLER TYPE   : SCENARIO_DYNAMIC
2018-10-29 13:39:56 INFO  Crawler:225 - IGNORE ROBOTS  : false
2018-10-29 13:39:56 INFO  Crawler:226 - LIMIT_COUNT    : 10
2018-10-29 13:39:56 INFO  Crawler:227 - FILTER COUNT   : 0
2018-10-29 13:39:56 INFO  Crawler:231 - SCENARIO COUNT : 2
2018-10-29 13:39:57 INFO  Crawler:232 - COLLECT COUNT  : 1
2018-10-29 13:39:57 INFO  Crawler:233 - SAVE TYPE      : CSV
2018-10-29 13:39:57 INFO  Crawler:234 - SAVE HTML      : true
2018-10-29 13:39:57 INFO  Crawler:235 - ==========================================
2018-10-29 13:40:01 INFO  Crawler:262 - [Progress 1] save : 0, err : 0, remain_work : 1, total : 2
2018-10-29 13:40:04 INFO  Crawler:262 - [Progress 2] save : 0, err : 0, remain_work : 3, total : 5
2018-10-29 13:40:04 INFO  Crawler:262 - [Progress 3] save : 0, err : 0, remain_work : 5, total : 8
2018-10-29 13:40:04 INFO  Crawler:262 - [Progress 4] save : 0, err : 0, remain_work : 7, total : 11
2018-10-29 13:40:04 INFO  Crawler:262 - [Progress 5] save : 0, err : 0, remain_work : 9, total : 14
2018-10-29 13:40:04 INFO  Crawler:262 - [Progress 6] save : 0, err : 0, remain_work : 11, total : 17
2018-10-29 13:40:05 INFO  Crawler:262 - [Progress 7] save : 0, err : 0, remain_work : 13, total : 20
2018-10-29 13:40:05 INFO  Crawler:262 - [Progress 8] save : 0, err : 0, remain_work : 15, total : 23
2018-10-29 13:40:05 INFO  Crawler:262 - [Progress 9] save : 0, err : 0, remain_work : 17, total : 26
2018-10-29 13:40:05 INFO  Crawler:262 - [Progress 10] save : 0, err : 0, remain_work : 19, total : 29
2018-10-29 13:40:05 INFO  Crawler:296 - ============== Finish Crawler =============
2018-10-29 13:40:05 INFO  Crawler:297 - [total time] 00:00:08
2018-10-29 13:40:05 INFO  Crawler:298 - [save contents] 0
2018-10-29 13:40:05 INFO  Crawler:299 - [error work] 0
2018-10-29 13:40:05 INFO  Crawler:300 - [remain work] 0
2018-10-29 13:40:05 INFO  Crawler:301 - [total processed work] 10
