2018-11-19 17:55:30 INFO  Crawler:229 - ============== Start Crawler =============
2018-11-19 17:55:30 INFO  Crawler:230 - CONFIG FILE    : ./config/config_naver_shopping_category.json
2018-11-19 17:55:30 INFO  Crawler:232 - ARG LIST COUNT : 366
2018-11-19 17:55:30 INFO  Crawler:237 - CMD PARAM 00   : 기아
2018-11-19 17:55:30 INFO  Crawler:240 - CRAWLER NAME   : naver_category
2018-11-19 17:55:30 INFO  Crawler:241 - CRAWLER TYPE   : SCENARIO_DYNAMIC
2018-11-19 17:55:30 INFO  Crawler:242 - CRAWLER DELAY  : 0.0 sec
2018-11-19 17:55:30 INFO  Crawler:243 - IGNORE ROBOTS  : true
2018-11-19 17:55:30 INFO  Crawler:244 - LIMIT_COUNT    : 9000
2018-11-19 17:55:30 INFO  Crawler:245 - FILTER COUNT   : 0
2018-11-19 17:55:30 INFO  Crawler:249 - SCENARIO COUNT : 1
2018-11-19 17:55:30 INFO  Crawler:250 - COLLECT COUNT  : 1
2018-11-19 17:55:30 INFO  Crawler:251 - SAVE TYPE      : DB
2018-11-19 17:55:30 INFO  Crawler:252 - SAVE HTML      : false
2018-11-19 17:55:30 INFO  Crawler:253 - ==========================================
2018-11-19 17:55:37 INFO  Crawler:297 - [Progress 1] elaped time : 00:00:06, curSave : 0, Totalsave : 0, curErr : 0, totalErr : 0, remain_work : 2, total : 3
2018-11-19 17:55:37 ERROR Crawler:288 - [ERR URL] https://search.shopping.naver.com/search/all.nhn?frm=NVSHATC&pagingSize=80&query=%EA%B8%B0%EC%95%84
2018-11-19 17:55:37 ERROR Crawler:292 - L ERR_CONTENTS_COL : category, span.depth > a, text
2018-11-19 17:55:37 ERROR Crawler:292 - L ERR_CONTENTS_COL : category, span.depth > a, text
2018-11-19 17:55:37 ERROR Crawler:292 - L ERR_CONTENTS_COL : category, span.depth > a, text
2018-11-19 17:55:37 ERROR Crawler:292 - L ERR_CONTENTS_COL : category, span.depth > a, text
2018-11-19 17:55:37 ERROR Crawler:292 - L ERR_CONTENTS_COL : category, span.depth > a, text
2018-11-19 17:55:37 ERROR Crawler:292 - L ERR_CONTENTS_COL : category, span.depth > a, text
2018-11-19 17:55:37 ERROR Crawler:292 - L ERR_CONTENTS_COL : category, span.depth > a, text
2018-11-19 17:55:37 ERROR Crawler:292 - L ERR_CONTENTS_COL : category, span.depth > a, text
2018-11-19 17:55:37 ERROR Crawler:292 - L ERR_WRITE : Contents write failed : Duplicate entry '13542071241' for key 'PRIMARY'
2018-11-19 17:55:37 ERROR Crawler:292 - L ERR_WRITE : Contents write failed : Duplicate entry '13469862595' for key 'PRIMARY'
2018-11-19 17:55:37 ERROR Crawler:292 - L ERR_WRITE : Contents write failed : Duplicate entry '81349328290' for key 'PRIMARY'
2018-11-19 17:55:37 ERROR Crawler:292 - L ERR_WRITE : Contents write failed : Duplicate entry '10587370024' for key 'PRIMARY'
2018-11-19 17:55:37 ERROR Crawler:292 - L ERR_WRITE : Contents write failed : Duplicate entry '10591890531' for key 'PRIMARY'
2018-11-19 17:55:37 ERROR Crawler:292 - L ERR_WRITE : Contents write failed : Duplicate entry '9745212006' for key 'PRIMARY'
2018-11-19 17:55:37 ERROR Crawler:292 - L ERR_WRITE : Contents write failed : Duplicate entry '13470070947' for key 'PRIMARY'
2018-11-19 17:55:37 ERROR Crawler:292 - L ERR_WRITE : Contents write failed : Duplicate entry '13956022805' for key 'PRIMARY'
2018-11-19 17:55:37 ERROR Crawler:292 - L ERR_WRITE : Contents write failed : Duplicate entry '13496434924' for key 'PRIMARY'
2018-11-19 17:55:37 ERROR Crawler:292 - L ERR_WRITE : Contents write failed : Duplicate entry '13964401790' for key 'PRIMARY'
2018-11-19 17:55:37 ERROR Crawler:292 - L ERR_WRITE : Contents write failed : Duplicate entry '13956419147' for key 'PRIMARY'
2018-11-19 17:55:37 ERROR Crawler:292 - L ERR_WRITE : Contents write failed : Duplicate entry '13470066686' for key 'PRIMARY'
2018-11-19 17:55:37 ERROR Crawler:292 - L ERR_WRITE : Contents write failed : Duplicate entry '14840258805' for key 'PRIMARY'
2018-11-19 17:55:37 ERROR Crawler:292 - L ERR_WRITE : Contents write failed : Duplicate entry '14840387569' for key 'PRIMARY'
2018-11-19 17:55:37 ERROR Crawler:292 - L ERR_WRITE : Contents write failed : Duplicate entry '12705992779' for key 'PRIMARY'
2018-11-19 17:55:37 ERROR Crawler:292 - L ERR_WRITE : Contents write failed : Duplicate entry '80517661505' for key 'PRIMARY'
2018-11-19 17:55:37 ERROR Crawler:292 - L ERR_WRITE : Contents write failed : Duplicate entry '12738761749' for key 'PRIMARY'
2018-11-19 17:55:37 ERROR Crawler:292 - L ERR_WRITE : Contents write failed : Duplicate entry '13887667734' for key 'PRIMARY'
2018-11-19 17:55:37 ERROR Crawler:292 - L ERR_WRITE : Contents write failed : Duplicate entry '80777151727' for key 'PRIMARY'
2018-11-19 17:55:37 ERROR Crawler:292 - L ERR_WRITE : Contents write failed : Duplicate entry '14069554289' for key 'PRIMARY'
2018-11-19 17:55:37 ERROR Crawler:292 - L ERR_WRITE : Contents write failed : Duplicate entry '11459876552' for key 'PRIMARY'
2018-11-19 17:55:37 ERROR Crawler:292 - L ERR_WRITE : Contents write failed : Duplicate entry '7573344810' for key 'PRIMARY'
2018-11-19 17:55:37 ERROR Crawler:292 - L ERR_WRITE : Contents write failed : Duplicate entry '14012481911' for key 'PRIMARY'
2018-11-19 17:55:37 ERROR Crawler:292 - L ERR_WRITE : Contents write failed : Duplicate entry '12200135594' for key 'PRIMARY'
2018-11-19 17:55:37 ERROR Crawler:292 - L ERR_WRITE : Contents write failed : Duplicate entry '8803669283' for key 'PRIMARY'
2018-11-19 17:55:37 ERROR Crawler:292 - L ERR_WRITE : Contents write failed : Duplicate entry '13460809534' for key 'PRIMARY'
2018-11-19 17:55:37 ERROR Crawler:292 - L ERR_WRITE : Contents write failed : Duplicate entry '80214715755' for key 'PRIMARY'
2018-11-19 17:55:37 ERROR Crawler:292 - L ERR_WRITE : Contents write failed : Duplicate entry '9579336127' for key 'PRIMARY'
2018-11-19 17:55:37 ERROR Crawler:292 - L ERR_WRITE : Contents write failed : Duplicate entry '7573344811' for key 'PRIMARY'
2018-11-19 17:55:37 ERROR Crawler:292 - L ERR_WRITE : Contents write failed : Duplicate entry '9877553097' for key 'PRIMARY'
2018-11-19 17:55:37 ERROR Crawler:292 - L ERR_WRITE : Contents write failed : Duplicate entry '13747450639' for key 'PRIMARY'
2018-11-19 17:55:37 ERROR Crawler:292 - L ERR_WRITE : Contents write failed : Duplicate entry '80499420655' for key 'PRIMARY'
2018-11-19 17:55:37 ERROR Crawler:292 - L ERR_WRITE : Contents write failed : Duplicate entry '12936820956' for key 'PRIMARY'
2018-11-19 17:55:37 ERROR Crawler:292 - L ERR_WRITE : Contents write failed : Duplicate entry '80176778482' for key 'PRIMARY'
2018-11-19 17:55:37 ERROR Crawler:292 - L ERR_WRITE : Contents write failed : Duplicate entry '16192677980' for key 'PRIMARY'
2018-11-19 17:55:37 ERROR Crawler:292 - L ERR_WRITE : Contents write failed : Duplicate entry '16174219829' for key 'PRIMARY'
2018-11-19 17:55:37 ERROR Crawler:292 - L ERR_WRITE : Contents write failed : Duplicate entry '16180110233' for key 'PRIMARY'
2018-11-19 17:55:37 ERROR Crawler:292 - L ERR_WRITE : Contents write failed : Duplicate entry '15771595012' for key 'PRIMARY'
2018-11-19 17:55:37 ERROR Crawler:292 - L ERR_WRITE : Contents write failed : Duplicate entry '16171472257' for key 'PRIMARY'
2018-11-19 17:55:37 ERROR Crawler:292 - L ERR_WRITE : Contents write failed : Duplicate entry '14374603285' for key 'PRIMARY'
2018-11-19 17:55:37 ERROR Crawler:292 - L ERR_WRITE : Contents write failed : Duplicate entry '16140912797' for key 'PRIMARY'
2018-11-19 17:55:37 ERROR Crawler:292 - L ERR_WRITE : Contents write failed : Duplicate entry '16149703345' for key 'PRIMARY'
2018-11-19 17:55:37 ERROR Crawler:292 - L ERR_WRITE : Contents write failed : Duplicate entry '16148081607' for key 'PRIMARY'
2018-11-19 17:55:37 ERROR Crawler:292 - L ERR_WRITE : Contents write failed : Duplicate entry '16143555803' for key 'PRIMARY'
2018-11-19 17:55:37 ERROR Crawler:292 - L ERR_WRITE : Contents write failed : Duplicate entry '16143286398' for key 'PRIMARY'
2018-11-19 17:55:37 ERROR Crawler:292 - L ERR_WRITE : Contents write failed : Duplicate entry '16143027901' for key 'PRIMARY'
2018-11-19 17:55:37 ERROR Crawler:292 - L ERR_WRITE : Contents write failed : Duplicate entry '16137756640' for key 'PRIMARY'
2018-11-19 17:55:37 ERROR Crawler:292 - L ERR_WRITE : Contents write failed : Duplicate entry '16135910237' for key 'PRIMARY'
2018-11-19 17:55:37 ERROR Crawler:292 - L ERR_WRITE : Contents write failed : Duplicate entry '16134219124' for key 'PRIMARY'
2018-11-19 17:55:37 ERROR Crawler:292 - L ERR_WRITE : Contents write failed : Duplicate entry '16114534336' for key 'PRIMARY'
2018-11-19 17:55:37 ERROR Crawler:292 - L ERR_WRITE : Contents write failed : Duplicate entry '16114500006' for key 'PRIMARY'
2018-11-19 17:55:37 ERROR Crawler:292 - L ERR_WRITE : Contents write failed : Duplicate entry '16112852664' for key 'PRIMARY'
2018-11-19 17:55:37 ERROR Crawler:292 - L ERR_WRITE : Contents write failed : Duplicate entry '16112724627' for key 'PRIMARY'
2018-11-19 17:55:37 ERROR Crawler:292 - L ERR_WRITE : Contents write failed : Duplicate entry '81371572670' for key 'PRIMARY'
2018-11-19 17:55:37 ERROR Crawler:292 - L ERR_WRITE : Contents write failed : Duplicate entry '16110722186' for key 'PRIMARY'
2018-11-19 17:55:37 ERROR Crawler:292 - L ERR_WRITE : Contents write failed : Duplicate entry '16100566850' for key 'PRIMARY'
2018-11-19 17:55:37 ERROR Crawler:292 - L ERR_WRITE : Contents write failed : Duplicate entry '16098932213' for key 'PRIMARY'
2018-11-19 17:55:37 ERROR Crawler:292 - L ERR_WRITE : Contents write failed : Duplicate entry '12695462220' for key 'PRIMARY'
2018-11-19 17:55:37 ERROR Crawler:292 - L ERR_WRITE : Contents write failed : Duplicate entry '16095396325' for key 'PRIMARY'
2018-11-19 17:55:37 ERROR Crawler:292 - L ERR_WRITE : Contents write failed : Duplicate entry '13887655401' for key 'PRIMARY'
2018-11-19 17:55:37 ERROR Crawler:292 - L ERR_WRITE : Contents write failed : Duplicate entry '16095026166' for key 'PRIMARY'
2018-11-19 17:55:37 ERROR Crawler:292 - L ERR_WRITE : Contents write failed : Duplicate entry '16094763265' for key 'PRIMARY'
2018-11-19 17:55:37 ERROR Crawler:292 - L ERR_WRITE : Contents write failed : Duplicate entry '16078824802' for key 'PRIMARY'
2018-11-19 17:55:37 ERROR Crawler:292 - L ERR_WRITE : Contents write failed : Duplicate entry '81364117268' for key 'PRIMARY'
2018-11-19 17:55:37 ERROR Crawler:292 - L ERR_WRITE : Contents write failed : Duplicate entry '16050081184' for key 'PRIMARY'
2018-11-19 17:55:37 ERROR Crawler:292 - L ERR_WRITE : Contents write failed : Duplicate entry '16044758526' for key 'PRIMARY'
2018-11-19 17:55:37 ERROR Crawler:292 - L ERR_WRITE : Contents write failed : Duplicate entry '16050218224' for key 'PRIMARY'
2018-11-19 17:55:37 ERROR Crawler:292 - L ERR_WRITE : Contents write failed : Duplicate entry '16050191184' for key 'PRIMARY'
2018-11-19 17:55:37 ERROR Crawler:292 - L ERR_WRITE : Contents write failed : Duplicate entry '81362904747' for key 'PRIMARY'
2018-11-19 17:55:37 ERROR Crawler:292 - L ERR_WRITE : Contents write failed : Duplicate entry '16045434368' for key 'PRIMARY'
2018-11-19 17:55:37 ERROR Crawler:292 - L ERR_WRITE : Contents write failed : Duplicate entry '16041014420' for key 'PRIMARY'
2018-11-19 17:55:37 ERROR Crawler:292 - L ERR_WRITE : Contents write failed : Duplicate entry '16040976745' for key 'PRIMARY'
2018-11-19 17:55:37 ERROR Crawler:292 - L ERR_WRITE : Contents write failed : Duplicate entry '81362333718' for key 'PRIMARY'
2018-11-19 17:55:37 ERROR Crawler:292 - L ERR_WRITE : Contents write failed : Duplicate entry '15999815558' for key 'PRIMARY'
2018-11-19 17:55:37 ERROR Crawler:292 - L ERR_WRITE : Contents write failed : Duplicate entry '81361829556' for key 'PRIMARY'
2018-11-19 17:55:37 ERROR Crawler:292 - L ERR_WRITE : Contents write failed : Duplicate entry '15926502885' for key 'PRIMARY'
2018-11-19 17:55:37 ERROR Crawler:292 - L ERR_WRITE : Contents write failed : Duplicate entry '81361131468' for key 'PRIMARY'
2018-11-19 17:55:37 ERROR Crawler:292 - L ERR_WRITE : Contents write failed : Duplicate entry '14523117821' for key 'PRIMARY'
2018-11-19 17:55:37 ERROR Crawler:292 - L ERR_WRITE : Contents write failed : Duplicate entry '15724667841' for key 'PRIMARY'
2018-11-19 17:55:37 ERROR Crawler:292 - L ERR_WRITE : Contents write failed : Duplicate entry '14072385788' for key 'PRIMARY'
2018-11-19 17:55:37 INFO  Crawler:297 - [Progress 2] elaped time : 00:00:06, curSave : 0, Totalsave : 0, curErr : 88, totalErr : 88, remain_work : 1, total : 3
2018-11-19 17:55:39 INFO  Crawler:297 - [Progress 3] elaped time : 00:00:08, curSave : 0, Totalsave : 0, curErr : 88, totalErr : 88, remain_work : 2, total : 5
2018-11-19 17:55:40 ERROR Crawler:288 - [ERR URL] https://search.shopping.naver.com/search/all.nhn?frm=NVSHPAG&pagingSize=80&query=%EA%B8%B0%EC%95%84&origQuery=%EA%B8%B0%EC%95%84&pagingIndex=2&viewType=list&sort=rel
2018-11-19 17:55:40 ERROR Crawler:292 - L ERR_CONTENTS_COL : category, span.depth > a, text
2018-11-19 17:55:40 ERROR Crawler:292 - L ERR_CONTENTS_COL : category, span.depth > a, text
2018-11-19 17:55:40 ERROR Crawler:292 - L ERR_CONTENTS_COL : category, span.depth > a, text
2018-11-19 17:55:40 ERROR Crawler:292 - L ERR_CONTENTS_COL : category, span.depth > a, text
2018-11-19 17:55:40 ERROR Crawler:292 - L ERR_CONTENTS_COL : category, span.depth > a, text
2018-11-19 17:55:40 ERROR Crawler:292 - L ERR_CONTENTS_COL : category, span.depth > a, text
2018-11-19 17:55:40 ERROR Crawler:292 - L ERR_CONTENTS_COL : category, span.depth > a, text
2018-11-19 17:55:40 ERROR Crawler:292 - L ERR_CONTENTS_COL : category, span.depth > a, text
2018-11-19 17:55:40 ERROR Crawler:292 - L ERR_WRITE : Contents write failed : Duplicate entry '15942738917' for key 'PRIMARY'
2018-11-19 17:55:40 ERROR Crawler:292 - L ERR_WRITE : Contents write failed : Duplicate entry '81358298544' for key 'PRIMARY'
2018-11-19 17:55:40 ERROR Crawler:292 - L ERR_WRITE : Contents write failed : Duplicate entry '15771595012' for key 'PRIMARY'
2018-11-19 17:55:40 ERROR Crawler:292 - L ERR_WRITE : Contents write failed : Duplicate entry '81358006175' for key 'PRIMARY'
2018-11-19 17:55:40 ERROR Crawler:292 - L ERR_WRITE : Contents write failed : Duplicate entry '15658988080' for key 'PRIMARY'
2018-11-19 17:55:40 ERROR Crawler:292 - L ERR_WRITE : Contents write failed : Duplicate entry '81354828251' for key 'PRIMARY'
2018-11-19 17:55:40 ERROR Crawler:292 - L ERR_WRITE : Contents write failed : Duplicate entry '15620415532' for key 'PRIMARY'
2018-11-19 17:55:40 ERROR Crawler:292 - L ERR_WRITE : Contents write failed : Duplicate entry '81351705671' for key 'PRIMARY'
2018-11-19 17:55:40 ERROR Crawler:292 - L ERR_WRITE : Contents write failed : Duplicate entry '15563520161' for key 'PRIMARY'
2018-11-19 17:55:40 ERROR Crawler:292 - L ERR_WRITE : Contents write failed : Duplicate entry '15300722828' for key 'PRIMARY'
2018-11-19 17:55:40 ERROR Crawler:292 - L ERR_WRITE : Contents write failed : Duplicate entry '81349026122' for key 'PRIMARY'
2018-11-19 17:55:40 ERROR Crawler:292 - L ERR_WRITE : Contents write failed : Duplicate entry '14845211523' for key 'PRIMARY'
2018-11-19 17:55:40 ERROR Crawler:292 - L ERR_WRITE : Contents write failed : Duplicate entry '81346674890' for key 'PRIMARY'
2018-11-19 17:55:40 ERROR Crawler:292 - L ERR_WRITE : Contents write failed : Duplicate entry '13920773000' for key 'PRIMARY'
2018-11-19 17:55:40 ERROR Crawler:292 - L ERR_WRITE : Contents write failed : Duplicate entry '14369879203' for key 'PRIMARY'
2018-11-19 17:55:40 ERROR Crawler:292 - L ERR_WRITE : Contents write failed : Duplicate entry '81345478905' for key 'PRIMARY'
2018-11-19 17:55:40 ERROR Crawler:292 - L ERR_WRITE : Contents write failed : Duplicate entry '14248411035' for key 'PRIMARY'
2018-11-19 17:55:40 ERROR Crawler:292 - L ERR_WRITE : Contents write failed : Duplicate entry '13882021962' for key 'PRIMARY'
2018-11-19 17:55:40 ERROR Crawler:292 - L ERR_WRITE : Contents write failed : Duplicate entry '81342630493' for key 'PRIMARY'
2018-11-19 17:55:40 ERROR Crawler:292 - L ERR_WRITE : Contents write failed : Duplicate entry '11904512123' for key 'PRIMARY'
2018-11-19 17:55:40 ERROR Crawler:292 - L ERR_WRITE : Contents write failed : Duplicate entry '81342573218' for key 'PRIMARY'
2018-11-19 17:55:40 ERROR Crawler:292 - L ERR_WRITE : Contents write failed : Duplicate entry '81342037198' for key 'PRIMARY'
2018-11-19 17:55:40 ERROR Crawler:292 - L ERR_WRITE : Contents write failed : Duplicate entry '81340464850' for key 'PRIMARY'
2018-11-19 17:55:40 ERROR Crawler:292 - L ERR_WRITE : Contents write failed : Duplicate entry '81354299346' for key 'PRIMARY'
2018-11-19 17:55:40 ERROR Crawler:292 - L ERR_WRITE : Contents write failed : Duplicate entry '81326559507' for key 'PRIMARY'
2018-11-19 17:55:40 ERROR Crawler:292 - L ERR_WRITE : Contents write failed : Duplicate entry '81353328743' for key 'PRIMARY'
2018-11-19 17:55:40 ERROR Crawler:292 - L ERR_WRITE : Contents write failed : Duplicate entry '16171295023' for key 'PRIMARY'
2018-11-19 17:55:40 ERROR Crawler:292 - L ERR_WRITE : Contents write failed : Duplicate entry '16152306615' for key 'PRIMARY'
2018-11-19 17:55:40 ERROR Crawler:292 - L ERR_WRITE : Contents write failed : Duplicate entry '16149702740' for key 'PRIMARY'
2018-11-19 17:55:40 ERROR Crawler:292 - L ERR_WRITE : Contents write failed : Duplicate entry '16148063572' for key 'PRIMARY'
2018-11-19 17:55:40 ERROR Crawler:292 - L ERR_WRITE : Contents write failed : Duplicate entry '16147080185' for key 'PRIMARY'
2018-11-19 17:55:40 ERROR Crawler:292 - L ERR_WRITE : Contents write failed : Duplicate entry '16143505870' for key 'PRIMARY'
2018-11-19 17:55:40 ERROR Crawler:292 - L ERR_WRITE : Contents write failed : Duplicate entry '16143286410' for key 'PRIMARY'
2018-11-19 17:55:40 ERROR Crawler:292 - L ERR_WRITE : Contents write failed : Duplicate entry '16142934507' for key 'PRIMARY'
2018-11-19 17:55:40 ERROR Crawler:292 - L ERR_WRITE : Contents write failed : Duplicate entry '16137549686' for key 'PRIMARY'
2018-11-19 17:55:40 ERROR Crawler:292 - L ERR_WRITE : Contents write failed : Duplicate entry '16135892227' for key 'PRIMARY'
2018-11-19 17:55:40 ERROR Crawler:292 - L ERR_WRITE : Contents write failed : Duplicate entry '16134089052' for key 'PRIMARY'
2018-11-19 17:55:40 ERROR Crawler:292 - L ERR_WRITE : Contents write failed : Duplicate entry '13429812435' for key 'PRIMARY'
2018-11-19 17:55:40 ERROR Crawler:292 - L ERR_WRITE : Contents write failed : Duplicate entry '16114449328' for key 'PRIMARY'
2018-11-19 17:55:40 ERROR Crawler:292 - L ERR_WRITE : Contents write failed : Duplicate entry '15798931316' for key 'PRIMARY'
2018-11-19 17:55:40 ERROR Crawler:292 - L ERR_WRITE : Contents write failed : Duplicate entry '16114399608' for key 'PRIMARY'
2018-11-19 17:55:40 ERROR Crawler:292 - L ERR_WRITE : Contents write failed : Duplicate entry '16112832718' for key 'PRIMARY'
2018-11-19 17:55:40 ERROR Crawler:292 - L ERR_WRITE : Contents write failed : Duplicate entry '16112725177' for key 'PRIMARY'
2018-11-19 17:55:40 ERROR Crawler:292 - L ERR_WRITE : Contents write failed : Duplicate entry '16110573323' for key 'PRIMARY'
2018-11-19 17:55:40 ERROR Crawler:292 - L ERR_WRITE : Contents write failed : Duplicate entry '16100445074' for key 'PRIMARY'
2018-11-19 17:55:40 ERROR Crawler:292 - L ERR_WRITE : Contents write failed : Duplicate entry '16098928814' for key 'PRIMARY'
2018-11-19 17:55:40 ERROR Crawler:292 - L ERR_WRITE : Contents write failed : Duplicate entry '16095335180' for key 'PRIMARY'
2018-11-19 17:55:40 ERROR Crawler:292 - L ERR_WRITE : Contents write failed : Duplicate entry '16095025616' for key 'PRIMARY'
2018-11-19 17:55:40 ERROR Crawler:292 - L ERR_WRITE : Contents write failed : Duplicate entry '16094757853' for key 'PRIMARY'
2018-11-19 17:55:40 ERROR Crawler:292 - L ERR_WRITE : Contents write failed : Duplicate entry '16150404956' for key 'PRIMARY'
2018-11-19 17:55:40 ERROR Crawler:292 - L ERR_WRITE : Contents write failed : Duplicate entry '16050112407' for key 'PRIMARY'
2018-11-19 17:55:40 ERROR Crawler:292 - L ERR_WRITE : Contents write failed : Duplicate entry '16050102814' for key 'PRIMARY'
2018-11-19 17:55:40 ERROR Crawler:292 - L ERR_WRITE : Contents write failed : Duplicate entry '16044691377' for key 'PRIMARY'
2018-11-19 17:55:40 ERROR Crawler:292 - L ERR_WRITE : Contents write failed : Duplicate entry '16118550431' for key 'PRIMARY'
2018-11-19 17:55:40 ERROR Crawler:292 - L ERR_WRITE : Contents write failed : Duplicate entry '80046360321' for key 'PRIMARY'
2018-11-19 17:55:40 ERROR Crawler:292 - L ERR_WRITE : Contents write failed : Duplicate entry '16146892010' for key 'PRIMARY'
2018-11-19 17:55:40 ERROR Crawler:292 - L ERR_WRITE : Contents write failed : Duplicate entry '16192521591' for key 'PRIMARY'
2018-11-19 17:55:40 ERROR Crawler:292 - L ERR_WRITE : Contents write failed : Duplicate entry '11944329566' for key 'PRIMARY'
2018-11-19 17:55:40 ERROR Crawler:292 - L ERR_WRITE : Contents write failed : Duplicate entry '16110248268' for key 'PRIMARY'
2018-11-19 17:55:40 ERROR Crawler:292 - L ERR_WRITE : Contents write failed : Duplicate entry '15488474547' for key 'PRIMARY'
2018-11-19 17:55:40 ERROR Crawler:292 - L ERR_WRITE : Contents write failed : Duplicate entry '16094775884' for key 'PRIMARY'
2018-11-19 17:55:40 ERROR Crawler:292 - L ERR_WRITE : Contents write failed : Duplicate entry '16093435342' for key 'PRIMARY'
2018-11-19 17:55:40 ERROR Crawler:292 - L ERR_WRITE : Contents write failed : Duplicate entry '16045360884' for key 'PRIMARY'
2018-11-19 17:55:40 ERROR Crawler:292 - L ERR_WRITE : Contents write failed : Duplicate entry '81362333758' for key 'PRIMARY'
2018-11-19 17:55:40 ERROR Crawler:292 - L ERR_WRITE : Contents write failed : Duplicate entry '80046400190' for key 'PRIMARY'
2018-11-19 17:55:40 ERROR Crawler:292 - L ERR_WRITE : Contents write failed : Duplicate entry '16109070924' for key 'PRIMARY'
2018-11-19 17:55:40 ERROR Crawler:292 - L ERR_WRITE : Contents write failed : Duplicate entry '16078916388' for key 'PRIMARY'
2018-11-19 17:55:40 ERROR Crawler:292 - L ERR_WRITE : Contents write failed : Duplicate entry '80046369761' for key 'PRIMARY'
2018-11-19 17:55:40 ERROR Crawler:292 - L ERR_WRITE : Contents write failed : Duplicate entry '16146975944' for key 'PRIMARY'
2018-11-19 17:55:40 ERROR Crawler:292 - L ERR_WRITE : Contents write failed : Duplicate entry '80046577416' for key 'PRIMARY'
2018-11-19 17:55:40 ERROR Crawler:292 - L ERR_WRITE : Contents write failed : Duplicate entry '13034005192' for key 'PRIMARY'
2018-11-19 17:55:40 ERROR Crawler:292 - L ERR_WRITE : Contents write failed : Duplicate entry '15787001505' for key 'PRIMARY'
2018-11-19 17:55:40 ERROR Crawler:292 - L ERR_WRITE : Contents write failed : Duplicate entry '16147169196' for key 'PRIMARY'
2018-11-19 17:55:40 ERROR Crawler:292 - L ERR_WRITE : Contents write failed : Duplicate entry '15620415533' for key 'PRIMARY'
2018-11-19 17:55:40 ERROR Crawler:292 - L ERR_WRITE : Contents write failed : Duplicate entry '81195982851' for key 'PRIMARY'
2018-11-19 17:55:40 ERROR Crawler:292 - L ERR_WRITE : Contents write failed : Duplicate entry '15620419197' for key 'PRIMARY'
2018-11-19 17:55:40 ERROR Crawler:292 - L ERR_WRITE : Contents write failed : Duplicate entry '11827231085' for key 'PRIMARY'
2018-11-19 17:55:40 ERROR Crawler:292 - L ERR_WRITE : Contents write failed : Duplicate entry '11313040803' for key 'PRIMARY'
2018-11-19 17:55:40 ERROR Crawler:292 - L ERR_WRITE : Contents write failed : Duplicate entry '81065125803' for key 'PRIMARY'
2018-11-19 17:55:40 ERROR Crawler:292 - L ERR_WRITE : Contents write failed : Duplicate entry '12261573870' for key 'PRIMARY'
2018-11-19 17:55:40 INFO  Crawler:297 - [Progress 4] elaped time : 00:00:09, curSave : 0, Totalsave : 0, curErr : 176, totalErr : 176, remain_work : 1, total : 5
2018-11-19 17:55:42 INFO  Crawler:297 - [Progress 5] elaped time : 00:00:11, curSave : 0, Totalsave : 0, curErr : 176, totalErr : 176, remain_work : 2, total : 7
2018-11-19 17:55:42 ERROR Crawler:288 - [ERR URL] https://search.shopping.naver.com/search/all.nhn?frm=NVSHPAG&pagingSize=80&query=%EA%B8%B0%EC%95%84&origQuery=%EA%B8%B0%EC%95%84&pagingIndex=3&viewType=list&sort=rel
2018-11-19 17:55:42 ERROR Crawler:292 - L ERR_CONTENTS_COL : category, span.depth > a, text
2018-11-19 17:55:42 ERROR Crawler:292 - L ERR_CONTENTS_COL : category, span.depth > a, text
2018-11-19 17:55:42 ERROR Crawler:292 - L ERR_CONTENTS_COL : category, span.depth > a, text
2018-11-19 17:55:42 ERROR Crawler:292 - L ERR_CONTENTS_COL : category, span.depth > a, text
2018-11-19 17:55:42 ERROR Crawler:292 - L ERR_CONTENTS_COL : category, span.depth > a, text
2018-11-19 17:55:42 ERROR Crawler:292 - L ERR_CONTENTS_COL : category, span.depth > a, text
2018-11-19 17:55:42 ERROR Crawler:292 - L ERR_CONTENTS_COL : category, span.depth > a, text
2018-11-19 17:55:42 ERROR Crawler:292 - L ERR_CONTENTS_COL : category, span.depth > a, text
2018-11-19 17:55:42 ERROR Crawler:292 - L ERR_WRITE : Contents write failed : Duplicate entry '13955244516' for key 'PRIMARY'
2018-11-19 17:55:42 ERROR Crawler:292 - L ERR_WRITE : Contents write failed : Duplicate entry '15479434547' for key 'PRIMARY'
2018-11-19 17:55:42 ERROR Crawler:292 - L ERR_WRITE : Contents write failed : Duplicate entry '14280019681' for key 'PRIMARY'
2018-11-19 17:55:42 ERROR Crawler:292 - L ERR_WRITE : Contents write failed : Duplicate entry '81127712094' for key 'PRIMARY'
2018-11-19 17:55:42 ERROR Crawler:292 - L ERR_WRITE : Contents write failed : Duplicate entry '7605616676' for key 'PRIMARY'
2018-11-19 17:55:42 ERROR Crawler:292 - L ERR_WRITE : Contents write failed : Duplicate entry '13956406810' for key 'PRIMARY'
2018-11-19 17:55:42 ERROR Crawler:292 - L ERR_WRITE : Contents write failed : Duplicate entry '81065197378' for key 'PRIMARY'
2018-11-19 17:55:42 ERROR Crawler:292 - L ERR_WRITE : Contents write failed : Duplicate entry '10588643150' for key 'PRIMARY'
2018-11-19 17:55:42 ERROR Crawler:292 - L ERR_WRITE : Contents write failed : Duplicate entry '14279970798' for key 'PRIMARY'
2018-11-19 17:55:42 ERROR Crawler:292 - L ERR_WRITE : Contents write failed : Duplicate entry '13956399779' for key 'PRIMARY'
2018-11-19 17:55:42 ERROR Crawler:292 - L ERR_WRITE : Contents write failed : Duplicate entry '12232628833' for key 'PRIMARY'
2018-11-19 17:55:42 ERROR Crawler:292 - L ERR_WRITE : Contents write failed : Duplicate entry '13955057704' for key 'PRIMARY'
2018-11-19 17:55:42 ERROR Crawler:292 - L ERR_WRITE : Contents write failed : Duplicate entry '14517321629' for key 'PRIMARY'
2018-11-19 17:55:42 ERROR Crawler:292 - L ERR_WRITE : Contents write failed : Duplicate entry '14279924571' for key 'PRIMARY'
2018-11-19 17:55:42 ERROR Crawler:292 - L ERR_WRITE : Contents write failed : Duplicate entry '14945811720' for key 'PRIMARY'
2018-11-19 17:55:42 ERROR Crawler:292 - L ERR_WRITE : Contents write failed : Duplicate entry '14732483539' for key 'PRIMARY'
2018-11-19 17:55:42 ERROR Crawler:292 - L ERR_WRITE : Contents write failed : Duplicate entry '16112896534' for key 'PRIMARY'
2018-11-19 17:55:42 ERROR Crawler:292 - L ERR_WRITE : Contents write failed : Duplicate entry '11539585414' for key 'PRIMARY'
2018-11-19 17:55:42 ERROR Crawler:292 - L ERR_WRITE : Contents write failed : Duplicate entry '13991215746' for key 'PRIMARY'
2018-11-19 17:55:42 ERROR Crawler:292 - L ERR_WRITE : Contents write failed : Duplicate entry '6190123697' for key 'PRIMARY'
2018-11-19 17:55:42 ERROR Crawler:292 - L ERR_WRITE : Contents write failed : Duplicate entry '11139404385' for key 'PRIMARY'
2018-11-19 17:55:42 ERROR Crawler:292 - L ERR_WRITE : Contents write failed : Duplicate entry '14279948820' for key 'PRIMARY'
2018-11-19 17:55:42 ERROR Crawler:292 - L ERR_WRITE : Contents write failed : Duplicate entry '13956259736' for key 'PRIMARY'
2018-11-19 17:55:42 ERROR Crawler:292 - L ERR_WRITE : Contents write failed : Duplicate entry '11139409220' for key 'PRIMARY'
2018-11-19 17:55:42 ERROR Crawler:292 - L ERR_WRITE : Contents write failed : Duplicate entry '14840257540' for key 'PRIMARY'
2018-11-19 17:55:42 ERROR Crawler:292 - L ERR_WRITE : Contents write failed : Duplicate entry '14330232624' for key 'PRIMARY'
2018-11-19 17:55:42 ERROR Crawler:292 - L ERR_WRITE : Contents write failed : Duplicate entry '13956414083' for key 'PRIMARY'
2018-11-19 17:55:42 ERROR Crawler:292 - L ERR_WRITE : Contents write failed : Duplicate entry '14286849216' for key 'PRIMARY'
2018-11-19 17:55:42 ERROR Crawler:292 - L ERR_WRITE : Contents write failed : Duplicate entry '14045894664' for key 'PRIMARY'
2018-11-19 17:55:42 ERROR Crawler:292 - L ERR_WRITE : Contents write failed : Duplicate entry '7605616677' for key 'PRIMARY'
2018-11-19 17:55:42 ERROR Crawler:292 - L ERR_WRITE : Contents write failed : Duplicate entry '13991210247' for key 'PRIMARY'
2018-11-19 17:55:42 ERROR Crawler:292 - L ERR_WRITE : Contents write failed : Duplicate entry '14548627446' for key 'PRIMARY'
2018-11-19 17:55:42 ERROR Crawler:292 - L ERR_WRITE : Contents write failed : Duplicate entry '14279994118' for key 'PRIMARY'
2018-11-19 17:55:42 ERROR Crawler:292 - L ERR_WRITE : Contents write failed : Duplicate entry '14279926104' for key 'PRIMARY'
2018-11-19 17:55:42 ERROR Crawler:292 - L ERR_WRITE : Contents write failed : Duplicate entry '13956333602' for key 'PRIMARY'
2018-11-19 17:55:42 ERROR Crawler:292 - L ERR_WRITE : Contents write failed : Duplicate entry '14079571405' for key 'PRIMARY'
2018-11-19 17:55:42 ERROR Crawler:292 - L ERR_WRITE : Contents write failed : Duplicate entry '13955031102' for key 'PRIMARY'
2018-11-19 17:55:42 ERROR Crawler:292 - L ERR_WRITE : Contents write failed : Duplicate entry '12260346762' for key 'PRIMARY'
2018-11-19 17:55:42 ERROR Crawler:292 - L ERR_WRITE : Contents write failed : Duplicate entry '14279910086' for key 'PRIMARY'
2018-11-19 17:55:42 ERROR Crawler:292 - L ERR_WRITE : Contents write failed : Duplicate entry '81303771187' for key 'PRIMARY'
2018-11-19 17:55:42 ERROR Crawler:292 - L ERR_WRITE : Contents write failed : Duplicate entry '13955031515' for key 'PRIMARY'
2018-11-19 17:55:42 ERROR Crawler:292 - L ERR_WRITE : Contents write failed : Duplicate entry '14279932718' for key 'PRIMARY'
2018-11-19 17:55:42 ERROR Crawler:292 - L ERR_WRITE : Contents write failed : Duplicate entry '13955849077' for key 'PRIMARY'
2018-11-19 17:55:42 ERROR Crawler:292 - L ERR_WRITE : Contents write failed : Duplicate entry '14279984215' for key 'PRIMARY'
2018-11-19 17:55:42 ERROR Crawler:292 - L ERR_WRITE : Contents write failed : Duplicate entry '14630074540' for key 'PRIMARY'
2018-11-19 17:55:42 ERROR Crawler:292 - L ERR_WRITE : Contents write failed : Duplicate entry '14637736411' for key 'PRIMARY'
2018-11-19 17:55:42 ERROR Crawler:292 - L ERR_WRITE : Contents write failed : Duplicate entry '13956256877' for key 'PRIMARY'
2018-11-19 17:55:42 ERROR Crawler:292 - L ERR_WRITE : Contents write failed : Duplicate entry '13956334543' for key 'PRIMARY'
2018-11-19 17:55:42 ERROR Crawler:292 - L ERR_WRITE : Contents write failed : Duplicate entry '14279983793' for key 'PRIMARY'
2018-11-19 17:55:42 ERROR Crawler:292 - L ERR_WRITE : Contents write failed : Duplicate entry '13991227783' for key 'PRIMARY'
2018-11-19 17:55:42 ERROR Crawler:292 - L ERR_WRITE : Contents write failed : Duplicate entry '14286810032' for key 'PRIMARY'
2018-11-19 17:55:42 ERROR Crawler:292 - L ERR_WRITE : Contents write failed : Duplicate entry '14146764934' for key 'PRIMARY'
2018-11-19 17:55:42 ERROR Crawler:292 - L ERR_WRITE : Contents write failed : Duplicate entry '13975904049' for key 'PRIMARY'
2018-11-19 17:55:42 ERROR Crawler:292 - L ERR_WRITE : Contents write failed : Duplicate entry '11918231568' for key 'PRIMARY'
2018-11-19 17:55:42 ERROR Crawler:292 - L ERR_WRITE : Contents write failed : Duplicate entry '13955828195' for key 'PRIMARY'
2018-11-19 17:55:42 ERROR Crawler:292 - L ERR_WRITE : Contents write failed : Duplicate entry '12390004713' for key 'PRIMARY'
2018-11-19 17:55:42 ERROR Crawler:292 - L ERR_WRITE : Contents write failed : Duplicate entry '14279972080' for key 'PRIMARY'
2018-11-19 17:55:42 ERROR Crawler:292 - L ERR_WRITE : Contents write failed : Duplicate entry '14739919229' for key 'PRIMARY'
2018-11-19 17:55:42 ERROR Crawler:292 - L ERR_WRITE : Contents write failed : Duplicate entry '14279938662' for key 'PRIMARY'
2018-11-19 17:55:42 ERROR Crawler:292 - L ERR_WRITE : Contents write failed : Duplicate entry '14428158697' for key 'PRIMARY'
2018-11-19 17:55:42 ERROR Crawler:292 - L ERR_WRITE : Contents write failed : Duplicate entry '13955808727' for key 'PRIMARY'
2018-11-19 17:55:42 ERROR Crawler:292 - L ERR_WRITE : Contents write failed : Duplicate entry '14286802533' for key 'PRIMARY'
2018-11-19 17:55:42 ERROR Crawler:292 - L ERR_WRITE : Contents write failed : Duplicate entry '14330218459' for key 'PRIMARY'
2018-11-19 17:55:42 ERROR Crawler:292 - L ERR_WRITE : Contents write failed : Duplicate entry '13956179348' for key 'PRIMARY'
2018-11-19 17:55:42 ERROR Crawler:292 - L ERR_WRITE : Contents write failed : Duplicate entry '14330265560' for key 'PRIMARY'
2018-11-19 17:55:42 ERROR Crawler:292 - L ERR_WRITE : Contents write failed : Duplicate entry '14338575141' for key 'PRIMARY'
2018-11-19 17:55:42 ERROR Crawler:292 - L ERR_WRITE : Contents write failed : Duplicate entry '13997170491' for key 'PRIMARY'
2018-11-19 17:55:42 ERROR Crawler:292 - L ERR_WRITE : Contents write failed : Duplicate entry '13955495268' for key 'PRIMARY'
2018-11-19 17:55:42 ERROR Crawler:292 - L ERR_WRITE : Contents write failed : Duplicate entry '13955495882' for key 'PRIMARY'
2018-11-19 17:55:42 ERROR Crawler:292 - L ERR_WRITE : Contents write failed : Duplicate entry '13956257359' for key 'PRIMARY'
2018-11-19 17:55:42 ERROR Crawler:292 - L ERR_WRITE : Contents write failed : Duplicate entry '13955807512' for key 'PRIMARY'
2018-11-19 17:55:42 ERROR Crawler:292 - L ERR_WRITE : Contents write failed : Duplicate entry '14220664323' for key 'PRIMARY'
2018-11-19 17:55:42 ERROR Crawler:292 - L ERR_WRITE : Contents write failed : Duplicate entry '13956406817' for key 'PRIMARY'
2018-11-19 17:55:42 ERROR Crawler:292 - L ERR_WRITE : Contents write failed : Duplicate entry '13955033933' for key 'PRIMARY'
2018-11-19 17:55:42 ERROR Crawler:292 - L ERR_WRITE : Contents write failed : Duplicate entry '13956053337' for key 'PRIMARY'
2018-11-19 17:55:42 ERROR Crawler:292 - L ERR_WRITE : Contents write failed : Duplicate entry '14279933585' for key 'PRIMARY'
2018-11-19 17:55:42 ERROR Crawler:292 - L ERR_WRITE : Contents write failed : Duplicate entry '14279927348' for key 'PRIMARY'
2018-11-19 17:55:42 ERROR Crawler:292 - L ERR_WRITE : Contents write failed : Duplicate entry '14101587154' for key 'PRIMARY'
2018-11-19 17:55:42 ERROR Crawler:292 - L ERR_WRITE : Contents write failed : Duplicate entry '13955796796' for key 'PRIMARY'
2018-11-19 17:55:42 ERROR Crawler:292 - L ERR_WRITE : Contents write failed : Duplicate entry '15990468285' for key 'PRIMARY'
2018-11-19 17:55:42 INFO  Crawler:297 - [Progress 6] elaped time : 00:00:11, curSave : 0, Totalsave : 0, curErr : 264, totalErr : 264, remain_work : 1, total : 7
2018-11-19 17:55:44 INFO  Crawler:297 - [Progress 7] elaped time : 00:00:13, curSave : 0, Totalsave : 0, curErr : 264, totalErr : 264, remain_work : 2, total : 9
2018-11-19 17:55:44 ERROR Crawler:288 - [ERR URL] https://search.shopping.naver.com/search/all.nhn?frm=NVSHPAG&pagingSize=80&query=%EA%B8%B0%EC%95%84&origQuery=%EA%B8%B0%EC%95%84&pagingIndex=4&viewType=list&sort=rel
2018-11-19 17:55:44 ERROR Crawler:292 - L ERR_CONTENTS_COL : category, span.depth > a, text
2018-11-19 17:55:44 ERROR Crawler:292 - L ERR_CONTENTS_COL : category, span.depth > a, text
2018-11-19 17:55:44 ERROR Crawler:292 - L ERR_CONTENTS_COL : category, span.depth > a, text
2018-11-19 17:55:44 ERROR Crawler:292 - L ERR_CONTENTS_COL : category, span.depth > a, text
2018-11-19 17:55:44 ERROR Crawler:292 - L ERR_CONTENTS_COL : category, span.depth > a, text
2018-11-19 17:55:44 ERROR Crawler:292 - L ERR_CONTENTS_COL : category, span.depth > a, text
2018-11-19 17:55:44 ERROR Crawler:292 - L ERR_CONTENTS_COL : category, span.depth > a, text
2018-11-19 17:55:44 ERROR Crawler:292 - L ERR_CONTENTS_COL : category, span.depth > a, text
2018-11-19 17:55:44 ERROR Crawler:292 - L ERR_WRITE : Contents write failed : Duplicate entry '14279909260' for key 'PRIMARY'
2018-11-19 17:55:44 ERROR Crawler:292 - L ERR_WRITE : Contents write failed : Duplicate entry '14279950878' for key 'PRIMARY'
2018-11-19 17:55:44 ERROR Crawler:292 - L ERR_WRITE : Contents write failed : Duplicate entry '14286932912' for key 'PRIMARY'
2018-11-19 17:55:44 ERROR Crawler:292 - L ERR_WRITE : Contents write failed : Duplicate entry '13956417201' for key 'PRIMARY'
2018-11-19 17:55:44 ERROR Crawler:292 - L ERR_WRITE : Contents write failed : Duplicate entry '13956334549' for key 'PRIMARY'
2018-11-19 17:55:44 ERROR Crawler:292 - L ERR_WRITE : Contents write failed : Duplicate entry '14280011511' for key 'PRIMARY'
2018-11-19 17:55:44 ERROR Crawler:292 - L ERR_WRITE : Contents write failed : Duplicate entry '14279916813' for key 'PRIMARY'
2018-11-19 17:55:44 ERROR Crawler:292 - L ERR_WRITE : Contents write failed : Duplicate entry '13956259682' for key 'PRIMARY'
2018-11-19 17:55:44 ERROR Crawler:292 - L ERR_WRITE : Contents write failed : Duplicate entry '13956155139' for key 'PRIMARY'
2018-11-19 17:55:44 ERROR Crawler:292 - L ERR_WRITE : Contents write failed : Duplicate entry '14330213140' for key 'PRIMARY'
2018-11-19 17:55:44 ERROR Crawler:292 - L ERR_WRITE : Contents write failed : Duplicate entry '14045630888' for key 'PRIMARY'
2018-11-19 17:55:44 ERROR Crawler:292 - L ERR_WRITE : Contents write failed : Duplicate entry '14139535112' for key 'PRIMARY'
2018-11-19 17:55:44 ERROR Crawler:292 - L ERR_WRITE : Contents write failed : Duplicate entry '13956282782' for key 'PRIMARY'
2018-11-19 17:55:44 ERROR Crawler:292 - L ERR_WRITE : Contents write failed : Duplicate entry '13955785695' for key 'PRIMARY'
2018-11-19 17:55:44 ERROR Crawler:292 - L ERR_WRITE : Contents write failed : Duplicate entry '14292361367' for key 'PRIMARY'
2018-11-19 17:55:44 ERROR Crawler:292 - L ERR_WRITE : Contents write failed : Duplicate entry '13955030717' for key 'PRIMARY'
2018-11-19 17:55:44 ERROR Crawler:292 - L ERR_WRITE : Contents write failed : Duplicate entry '10591571693' for key 'PRIMARY'
2018-11-19 17:55:44 ERROR Crawler:292 - L ERR_WRITE : Contents write failed : Duplicate entry '16093474452' for key 'PRIMARY'
2018-11-19 17:55:44 ERROR Crawler:292 - L ERR_WRITE : Contents write failed : Duplicate entry '14286840077' for key 'PRIMARY'
2018-11-19 17:55:44 ERROR Crawler:292 - L ERR_WRITE : Contents write failed : Duplicate entry '14966513848' for key 'PRIMARY'
2018-11-19 17:55:44 ERROR Crawler:292 - L ERR_WRITE : Contents write failed : Duplicate entry '13956181769' for key 'PRIMARY'
2018-11-19 17:55:44 ERROR Crawler:292 - L ERR_WRITE : Contents write failed : Duplicate entry '13976029675' for key 'PRIMARY'
2018-11-19 17:55:44 ERROR Crawler:292 - L ERR_WRITE : Contents write failed : Duplicate entry '80046598367' for key 'PRIMARY'
2018-11-19 17:55:44 ERROR Crawler:292 - L ERR_WRITE : Contents write failed : Duplicate entry '11836904112' for key 'PRIMARY'
2018-11-19 17:55:44 ERROR Crawler:292 - L ERR_WRITE : Contents write failed : Duplicate entry '12600817356' for key 'PRIMARY'
2018-11-19 17:55:44 ERROR Crawler:292 - L ERR_WRITE : Contents write failed : Duplicate entry '14822965802' for key 'PRIMARY'
2018-11-19 17:55:44 ERROR Crawler:292 - L ERR_WRITE : Contents write failed : Duplicate entry '10918868750' for key 'PRIMARY'
2018-11-19 17:55:44 ERROR Crawler:292 - L ERR_WRITE : Contents write failed : Duplicate entry '16050107952' for key 'PRIMARY'
2018-11-19 17:55:44 ERROR Crawler:292 - L ERR_WRITE : Contents write failed : Duplicate entry '80046385505' for key 'PRIMARY'
2018-11-19 17:55:44 ERROR Crawler:292 - L ERR_WRITE : Contents write failed : Duplicate entry '11139408951' for key 'PRIMARY'
2018-11-19 17:55:44 ERROR Crawler:292 - L ERR_WRITE : Contents write failed : Duplicate entry '11829642241' for key 'PRIMARY'
2018-11-19 17:55:44 ERROR Crawler:292 - L ERR_WRITE : Contents write failed : Duplicate entry '14780872340' for key 'PRIMARY'
2018-11-19 17:55:44 ERROR Crawler:292 - L ERR_WRITE : Contents write failed : Duplicate entry '80182397180' for key 'PRIMARY'
2018-11-19 17:55:44 ERROR Crawler:292 - L ERR_WRITE : Contents write failed : Duplicate entry '14204821004' for key 'PRIMARY'
2018-11-19 17:55:44 ERROR Crawler:292 - L ERR_WRITE : Contents write failed : Duplicate entry '13170570930' for key 'PRIMARY'
2018-11-19 17:55:44 ERROR Crawler:292 - L ERR_WRITE : Contents write failed : Duplicate entry '13286097727' for key 'PRIMARY'
2018-11-19 17:55:44 ERROR Crawler:292 - L ERR_WRITE : Contents write failed : Duplicate entry '13955152853' for key 'PRIMARY'
2018-11-19 17:55:44 ERROR Crawler:292 - L ERR_WRITE : Contents write failed : Duplicate entry '14428149766' for key 'PRIMARY'
2018-11-19 17:55:44 ERROR Crawler:292 - L ERR_WRITE : Contents write failed : Duplicate entry '7752412782' for key 'PRIMARY'
2018-11-19 17:55:44 ERROR Crawler:292 - L ERR_WRITE : Contents write failed : Duplicate entry '14239416610' for key 'PRIMARY'
2018-11-19 17:55:44 ERROR Crawler:292 - L ERR_WRITE : Contents write failed : Duplicate entry '10588885834' for key 'PRIMARY'
2018-11-19 17:55:44 ERROR Crawler:292 - L ERR_WRITE : Contents write failed : Duplicate entry '14202320402' for key 'PRIMARY'
2018-11-19 17:55:44 ERROR Crawler:292 - L ERR_WRITE : Contents write failed : Duplicate entry '9729781715' for key 'PRIMARY'
2018-11-19 17:55:44 ERROR Crawler:292 - L ERR_WRITE : Contents write failed : Duplicate entry '11915824426' for key 'PRIMARY'
2018-11-19 17:55:44 ERROR Crawler:292 - L ERR_WRITE : Contents write failed : Duplicate entry '7556174440' for key 'PRIMARY'
2018-11-19 17:55:44 ERROR Crawler:292 - L ERR_WRITE : Contents write failed : Duplicate entry '10519673608' for key 'PRIMARY'
2018-11-19 17:55:44 ERROR Crawler:292 - L ERR_WRITE : Contents write failed : Duplicate entry '11485973490' for key 'PRIMARY'
2018-11-19 17:55:44 ERROR Crawler:292 - L ERR_WRITE : Contents write failed : Duplicate entry '10587056783' for key 'PRIMARY'
2018-11-19 17:55:44 ERROR Crawler:292 - L ERR_WRITE : Contents write failed : Duplicate entry '10593237847' for key 'PRIMARY'
2018-11-19 17:55:44 ERROR Crawler:292 - L ERR_WRITE : Contents write failed : Duplicate entry '7556430734' for key 'PRIMARY'
2018-11-19 17:55:44 ERROR Crawler:292 - L ERR_WRITE : Contents write failed : Duplicate entry '13286098258' for key 'PRIMARY'
2018-11-19 17:55:44 ERROR Crawler:292 - L ERR_WRITE : Contents write failed : Duplicate entry '11485974294' for key 'PRIMARY'
2018-11-19 17:55:44 ERROR Crawler:292 - L ERR_WRITE : Contents write failed : Duplicate entry '14202296269' for key 'PRIMARY'
2018-11-19 17:55:44 ERROR Crawler:292 - L ERR_WRITE : Contents write failed : Duplicate entry '9400148031' for key 'PRIMARY'
2018-11-19 17:55:44 ERROR Crawler:292 - L ERR_WRITE : Contents write failed : Duplicate entry '11139408952' for key 'PRIMARY'
2018-11-19 17:55:44 ERROR Crawler:292 - L ERR_WRITE : Contents write failed : Duplicate entry '11139409250' for key 'PRIMARY'
2018-11-19 17:55:44 ERROR Crawler:292 - L ERR_WRITE : Contents write failed : Duplicate entry '12089288374' for key 'PRIMARY'
2018-11-19 17:55:44 ERROR Crawler:292 - L ERR_WRITE : Contents write failed : Duplicate entry '16113514452' for key 'PRIMARY'
2018-11-19 17:55:44 ERROR Crawler:292 - L ERR_WRITE : Contents write failed : Duplicate entry '14283907288' for key 'PRIMARY'
2018-11-19 17:55:44 ERROR Crawler:292 - L ERR_WRITE : Contents write failed : Duplicate entry '15411636948' for key 'PRIMARY'
2018-11-19 17:55:44 ERROR Crawler:292 - L ERR_WRITE : Contents write failed : Duplicate entry '80182397215' for key 'PRIMARY'
2018-11-19 17:55:44 ERROR Crawler:292 - L ERR_WRITE : Contents write failed : Duplicate entry '13763268528' for key 'PRIMARY'
2018-11-19 17:55:44 ERROR Crawler:292 - L ERR_WRITE : Contents write failed : Duplicate entry '12232626969' for key 'PRIMARY'
2018-11-19 17:55:44 ERROR Crawler:292 - L ERR_WRITE : Contents write failed : Duplicate entry '9400148896' for key 'PRIMARY'
2018-11-19 17:55:44 ERROR Crawler:292 - L ERR_WRITE : Contents write failed : Duplicate entry '80182397255' for key 'PRIMARY'
2018-11-19 17:55:44 ERROR Crawler:292 - L ERR_WRITE : Contents write failed : Duplicate entry '13170570901' for key 'PRIMARY'
2018-11-19 17:55:44 ERROR Crawler:292 - L ERR_WRITE : Contents write failed : Duplicate entry '12232630786' for key 'PRIMARY'
2018-11-19 17:55:44 ERROR Crawler:292 - L ERR_WRITE : Contents write failed : Duplicate entry '12751161636' for key 'PRIMARY'
2018-11-19 17:55:44 ERROR Crawler:292 - L ERR_WRITE : Contents write failed : Duplicate entry '80320637425' for key 'PRIMARY'
2018-11-19 17:55:44 ERROR Crawler:292 - L ERR_WRITE : Contents write failed : Duplicate entry '13763268529' for key 'PRIMARY'
2018-11-19 17:55:44 ERROR Crawler:292 - L ERR_WRITE : Contents write failed : Duplicate entry '13170570916' for key 'PRIMARY'
2018-11-19 17:55:44 ERROR Crawler:292 - L ERR_WRITE : Contents write failed : Duplicate entry '12232630036' for key 'PRIMARY'
2018-11-19 17:55:44 ERROR Crawler:292 - L ERR_WRITE : Contents write failed : Duplicate entry '80182397188' for key 'PRIMARY'
2018-11-19 17:55:44 ERROR Crawler:292 - L ERR_WRITE : Contents write failed : Duplicate entry '11915824425' for key 'PRIMARY'
2018-11-19 17:55:44 ERROR Crawler:292 - L ERR_WRITE : Contents write failed : Duplicate entry '12232627978' for key 'PRIMARY'
2018-11-19 17:55:44 ERROR Crawler:292 - L ERR_WRITE : Contents write failed : Duplicate entry '11915824427' for key 'PRIMARY'
2018-11-19 17:55:44 ERROR Crawler:292 - L ERR_WRITE : Contents write failed : Duplicate entry '12234706045' for key 'PRIMARY'
2018-11-19 17:55:44 ERROR Crawler:292 - L ERR_WRITE : Contents write failed : Duplicate entry '15727861838' for key 'PRIMARY'
2018-11-19 17:55:44 ERROR Crawler:292 - L ERR_WRITE : Contents write failed : Duplicate entry '14206350979' for key 'PRIMARY'
2018-11-19 17:55:44 ERROR Crawler:292 - L ERR_WRITE : Contents write failed : Duplicate entry '13887663835' for key 'PRIMARY'
2018-11-19 17:55:44 INFO  Crawler:297 - [Progress 8] elaped time : 00:00:13, curSave : 0, Totalsave : 0, curErr : 352, totalErr : 352, remain_work : 1, total : 9
2018-11-19 17:55:46 INFO  Crawler:297 - [Progress 9] elaped time : 00:00:15, curSave : 0, Totalsave : 0, curErr : 352, totalErr : 352, remain_work : 2, total : 11
2018-11-19 17:55:46 ERROR Crawler:288 - [ERR URL] https://search.shopping.naver.com/search/all.nhn?frm=NVSHPAG&pagingSize=80&query=%EA%B8%B0%EC%95%84&origQuery=%EA%B8%B0%EC%95%84&pagingIndex=5&viewType=list&sort=rel
2018-11-19 17:55:46 ERROR Crawler:292 - L ERR_CONTENTS_COL : category, span.depth > a, text
2018-11-19 17:55:46 ERROR Crawler:292 - L ERR_CONTENTS_COL : category, span.depth > a, text
2018-11-19 17:55:46 ERROR Crawler:292 - L ERR_CONTENTS_COL : category, span.depth > a, text
2018-11-19 17:55:46 ERROR Crawler:292 - L ERR_CONTENTS_COL : category, span.depth > a, text
2018-11-19 17:55:46 ERROR Crawler:292 - L ERR_CONTENTS_COL : category, span.depth > a, text
2018-11-19 17:55:46 ERROR Crawler:292 - L ERR_CONTENTS_COL : category, span.depth > a, text
2018-11-19 17:55:46 ERROR Crawler:292 - L ERR_CONTENTS_COL : category, span.depth > a, text
2018-11-19 17:55:46 ERROR Crawler:292 - L ERR_CONTENTS_COL : category, span.depth > a, text
2018-11-19 17:55:46 ERROR Crawler:292 - L ERR_WRITE : Contents write failed : Duplicate entry '80220040533' for key 'PRIMARY'
2018-11-19 17:55:46 ERROR Crawler:292 - L ERR_WRITE : Contents write failed : Duplicate entry '12104427477' for key 'PRIMARY'
2018-11-19 17:55:46 ERROR Crawler:292 - L ERR_WRITE : Contents write failed : Duplicate entry '16194843962' for key 'PRIMARY'
2018-11-19 17:55:46 ERROR Crawler:292 - L ERR_WRITE : Contents write failed : Duplicate entry '8803669085' for key 'PRIMARY'
2018-11-19 17:55:46 ERROR Crawler:292 - L ERR_WRITE : Contents write failed : Duplicate entry '80227004767' for key 'PRIMARY'
2018-11-19 17:55:46 ERROR Crawler:292 - L ERR_WRITE : Contents write failed : Duplicate entry '80331126079' for key 'PRIMARY'
2018-11-19 17:55:46 ERROR Crawler:292 - L ERR_WRITE : Contents write failed : Duplicate entry '80191325604' for key 'PRIMARY'
2018-11-19 17:55:46 ERROR Crawler:292 - L ERR_WRITE : Contents write failed : Duplicate entry '80361557268' for key 'PRIMARY'
2018-11-19 17:55:46 ERROR Crawler:292 - L ERR_WRITE : Contents write failed : Duplicate entry '14316895669' for key 'PRIMARY'
2018-11-19 17:55:46 ERROR Crawler:292 - L ERR_WRITE : Contents write failed : Duplicate entry '80182397222' for key 'PRIMARY'
2018-11-19 17:55:46 ERROR Crawler:292 - L ERR_WRITE : Contents write failed : Duplicate entry '80182397224' for key 'PRIMARY'
2018-11-19 17:55:46 ERROR Crawler:292 - L ERR_WRITE : Contents write failed : Duplicate entry '12865697897' for key 'PRIMARY'
2018-11-19 17:55:46 ERROR Crawler:292 - L ERR_WRITE : Contents write failed : Duplicate entry '80182397179' for key 'PRIMARY'
2018-11-19 17:55:46 ERROR Crawler:292 - L ERR_WRITE : Contents write failed : Duplicate entry '80182397182' for key 'PRIMARY'
2018-11-19 17:55:46 ERROR Crawler:292 - L ERR_WRITE : Contents write failed : Duplicate entry '80201898575' for key 'PRIMARY'
2018-11-19 17:55:46 ERROR Crawler:292 - L ERR_WRITE : Contents write failed : Duplicate entry '14647381656' for key 'PRIMARY'
2018-11-19 17:55:46 ERROR Crawler:292 - L ERR_WRITE : Contents write failed : Duplicate entry '12129594391' for key 'PRIMARY'
2018-11-19 17:55:46 ERROR Crawler:292 - L ERR_WRITE : Contents write failed : Duplicate entry '13920346913' for key 'PRIMARY'
2018-11-19 17:55:46 ERROR Crawler:292 - L ERR_WRITE : Contents write failed : Duplicate entry '14535532921' for key 'PRIMARY'
2018-11-19 17:55:46 ERROR Crawler:292 - L ERR_WRITE : Contents write failed : Duplicate entry '16108762039' for key 'PRIMARY'
2018-11-19 17:55:46 ERROR Crawler:292 - L ERR_WRITE : Contents write failed : Duplicate entry '12346204350' for key 'PRIMARY'
2018-11-19 17:55:46 ERROR Crawler:292 - L ERR_WRITE : Contents write failed : Duplicate entry '14370470567' for key 'PRIMARY'
2018-11-19 17:55:46 ERROR Crawler:292 - L ERR_WRITE : Contents write failed : Duplicate entry '8803639463' for key 'PRIMARY'
2018-11-19 17:55:46 ERROR Crawler:292 - L ERR_WRITE : Contents write failed : Duplicate entry '9596596370' for key 'PRIMARY'
2018-11-19 17:55:46 ERROR Crawler:292 - L ERR_WRITE : Contents write failed : Duplicate entry '80495204449' for key 'PRIMARY'
2018-11-19 17:55:46 ERROR Crawler:292 - L ERR_WRITE : Contents write failed : Duplicate entry '10930686579' for key 'PRIMARY'
2018-11-19 17:55:46 ERROR Crawler:292 - L ERR_WRITE : Contents write failed : Duplicate entry '12863275018' for key 'PRIMARY'
2018-11-19 17:55:46 ERROR Crawler:292 - L ERR_WRITE : Contents write failed : Duplicate entry '13428080763' for key 'PRIMARY'
2018-11-19 17:55:46 ERROR Crawler:292 - L ERR_WRITE : Contents write failed : Duplicate entry '12346204347' for key 'PRIMARY'
2018-11-19 17:55:46 ERROR Crawler:292 - L ERR_WRITE : Contents write failed : Duplicate entry '10159815566' for key 'PRIMARY'
2018-11-19 17:55:46 ERROR Crawler:292 - L ERR_WRITE : Contents write failed : Duplicate entry '13752725594' for key 'PRIMARY'
2018-11-19 17:55:46 ERROR Crawler:292 - L ERR_WRITE : Contents write failed : Duplicate entry '10930659835' for key 'PRIMARY'
2018-11-19 17:55:46 ERROR Crawler:292 - L ERR_WRITE : Contents write failed : Duplicate entry '11861163651' for key 'PRIMARY'
2018-11-19 17:55:46 ERROR Crawler:292 - L ERR_WRITE : Contents write failed : Duplicate entry '14304946721' for key 'PRIMARY'
2018-11-19 17:55:46 ERROR Crawler:292 - L ERR_WRITE : Contents write failed : Duplicate entry '16123574113' for key 'PRIMARY'
2018-11-19 17:55:46 ERROR Crawler:292 - L ERR_WRITE : Contents write failed : Duplicate entry '15952141178' for key 'PRIMARY'
2018-11-19 17:55:46 ERROR Crawler:292 - L ERR_WRITE : Contents write failed : Duplicate entry '81282906825' for key 'PRIMARY'
2018-11-19 17:55:46 ERROR Crawler:292 - L ERR_WRITE : Contents write failed : Duplicate entry '14462403975' for key 'PRIMARY'
2018-11-19 17:55:46 ERROR Crawler:292 - L ERR_WRITE : Contents write failed : Duplicate entry '15942856849' for key 'PRIMARY'
2018-11-19 17:55:46 ERROR Crawler:292 - L ERR_WRITE : Contents write failed : Duplicate entry '15885189696' for key 'PRIMARY'
2018-11-19 17:55:46 ERROR Crawler:292 - L ERR_WRITE : Contents write failed : Duplicate entry '15909707981' for key 'PRIMARY'
2018-11-19 17:55:46 ERROR Crawler:292 - L ERR_WRITE : Contents write failed : Duplicate entry '16081938924' for key 'PRIMARY'
2018-11-19 17:55:46 ERROR Crawler:292 - L ERR_WRITE : Contents write failed : Duplicate entry '81301446168' for key 'PRIMARY'
2018-11-19 17:55:46 ERROR Crawler:292 - L ERR_WRITE : Contents write failed : Duplicate entry '16189070911' for key 'PRIMARY'
2018-11-19 17:55:46 ERROR Crawler:292 - L ERR_WRITE : Contents write failed : Duplicate entry '81044845458' for key 'PRIMARY'
2018-11-19 17:55:46 ERROR Crawler:292 - L ERR_WRITE : Contents write failed : Duplicate entry '15750253574' for key 'PRIMARY'
2018-11-19 17:55:46 ERROR Crawler:292 - L ERR_WRITE : Contents write failed : Duplicate entry '16197504655' for key 'PRIMARY'
2018-11-19 17:55:46 ERROR Crawler:292 - L ERR_WRITE : Contents write failed : Duplicate entry '16197502380' for key 'PRIMARY'
2018-11-19 17:55:46 ERROR Crawler:292 - L ERR_WRITE : Contents write failed : Duplicate entry '81371103741' for key 'PRIMARY'
2018-11-19 17:55:46 ERROR Crawler:292 - L ERR_WRITE : Contents write failed : Duplicate entry '81370898809' for key 'PRIMARY'
2018-11-19 17:55:46 ERROR Crawler:292 - L ERR_WRITE : Contents write failed : Duplicate entry '81370496614' for key 'PRIMARY'
2018-11-19 17:55:46 ERROR Crawler:292 - L ERR_WRITE : Contents write failed : Duplicate entry '81370516140' for key 'PRIMARY'
2018-11-19 17:55:46 ERROR Crawler:292 - L ERR_WRITE : Contents write failed : Duplicate entry '81370415752' for key 'PRIMARY'
2018-11-19 17:55:46 ERROR Crawler:292 - L ERR_WRITE : Contents write failed : Duplicate entry '81370242946' for key 'PRIMARY'
2018-11-19 17:55:46 ERROR Crawler:292 - L ERR_WRITE : Contents write failed : Duplicate entry '16194124124' for key 'PRIMARY'
2018-11-19 17:55:46 ERROR Crawler:292 - L ERR_WRITE : Contents write failed : Duplicate entry '16194124686' for key 'PRIMARY'
2018-11-19 17:55:46 ERROR Crawler:292 - L ERR_WRITE : Contents write failed : Duplicate entry '15834444688' for key 'PRIMARY'
2018-11-19 17:55:46 ERROR Crawler:292 - L ERR_WRITE : Contents write failed : Duplicate entry '16194122263' for key 'PRIMARY'
2018-11-19 17:55:46 ERROR Crawler:292 - L ERR_WRITE : Contents write failed : Duplicate entry '14575027984' for key 'PRIMARY'
2018-11-19 17:55:46 ERROR Crawler:292 - L ERR_WRITE : Contents write failed : Duplicate entry '16194123551' for key 'PRIMARY'
2018-11-19 17:55:46 ERROR Crawler:292 - L ERR_WRITE : Contents write failed : Duplicate entry '16194124437' for key 'PRIMARY'
2018-11-19 17:55:46 ERROR Crawler:292 - L ERR_WRITE : Contents write failed : Duplicate entry '16191470822' for key 'PRIMARY'
2018-11-19 17:55:46 ERROR Crawler:292 - L ERR_WRITE : Contents write failed : Duplicate entry '16191371870' for key 'PRIMARY'
2018-11-19 17:55:46 ERROR Crawler:292 - L ERR_WRITE : Contents write failed : Duplicate entry '16191356772' for key 'PRIMARY'
2018-11-19 17:55:46 ERROR Crawler:292 - L ERR_WRITE : Contents write failed : Duplicate entry '15975638618' for key 'PRIMARY'
2018-11-19 17:55:46 ERROR Crawler:292 - L ERR_WRITE : Contents write failed : Duplicate entry '16113772203' for key 'PRIMARY'
2018-11-19 17:55:46 ERROR Crawler:292 - L ERR_WRITE : Contents write failed : Duplicate entry '16174213983' for key 'PRIMARY'
2018-11-19 17:55:46 ERROR Crawler:292 - L ERR_WRITE : Contents write failed : Duplicate entry '16178499208' for key 'PRIMARY'
2018-11-19 17:55:46 ERROR Crawler:292 - L ERR_WRITE : Contents write failed : Duplicate entry '81364349223' for key 'PRIMARY'
2018-11-19 17:55:46 ERROR Crawler:292 - L ERR_WRITE : Contents write failed : Duplicate entry '81364197231' for key 'PRIMARY'
2018-11-19 17:55:46 ERROR Crawler:292 - L ERR_WRITE : Contents write failed : Duplicate entry '81364081584' for key 'PRIMARY'
2018-11-19 17:55:46 ERROR Crawler:292 - L ERR_WRITE : Contents write failed : Duplicate entry '81363843127' for key 'PRIMARY'
2018-11-19 17:55:46 ERROR Crawler:292 - L ERR_WRITE : Contents write failed : Duplicate entry '81363805370' for key 'PRIMARY'
2018-11-19 17:55:46 ERROR Crawler:292 - L ERR_WRITE : Contents write failed : Duplicate entry '81363784593' for key 'PRIMARY'
2018-11-19 17:55:46 ERROR Crawler:292 - L ERR_WRITE : Contents write failed : Duplicate entry '81363798780' for key 'PRIMARY'
2018-11-19 17:55:46 ERROR Crawler:292 - L ERR_WRITE : Contents write failed : Duplicate entry '81363775884' for key 'PRIMARY'
2018-11-19 17:55:46 ERROR Crawler:292 - L ERR_WRITE : Contents write failed : Duplicate entry '14804509941' for key 'PRIMARY'
2018-11-19 17:55:46 ERROR Crawler:292 - L ERR_WRITE : Contents write failed : Duplicate entry '81363676646' for key 'PRIMARY'
2018-11-19 17:55:46 ERROR Crawler:292 - L ERR_WRITE : Contents write failed : Duplicate entry '14709651824' for key 'PRIMARY'
2018-11-19 17:55:46 INFO  Crawler:297 - [Progress 10] elaped time : 00:00:16, curSave : 1, Totalsave : 1, curErr : 439, totalErr : 439, remain_work : 1, total : 11
2018-11-19 17:55:48 INFO  Crawler:297 - [Progress 11] elaped time : 00:00:17, curSave : 1, Totalsave : 1, curErr : 439, totalErr : 439, remain_work : 2, total : 13
2018-11-19 17:55:49 ERROR Crawler:288 - [ERR URL] https://search.shopping.naver.com/search/all.nhn?frm=NVSHPAG&pagingSize=80&query=%EA%B8%B0%EC%95%84&origQuery=%EA%B8%B0%EC%95%84&pagingIndex=6&viewType=list&sort=rel
2018-11-19 17:55:49 ERROR Crawler:292 - L ERR_CONTENTS_COL : category, span.depth > a, text
2018-11-19 17:55:49 ERROR Crawler:292 - L ERR_CONTENTS_COL : category, span.depth > a, text
2018-11-19 17:55:49 ERROR Crawler:292 - L ERR_CONTENTS_COL : category, span.depth > a, text
2018-11-19 17:55:49 ERROR Crawler:292 - L ERR_CONTENTS_COL : category, span.depth > a, text
2018-11-19 17:55:49 ERROR Crawler:292 - L ERR_CONTENTS_COL : category, span.depth > a, text
2018-11-19 17:55:49 ERROR Crawler:292 - L ERR_CONTENTS_COL : category, span.depth > a, text
2018-11-19 17:55:49 ERROR Crawler:292 - L ERR_CONTENTS_COL : category, span.depth > a, text
2018-11-19 17:55:49 ERROR Crawler:292 - L ERR_CONTENTS_COL : category, span.depth > a, text
2018-11-19 17:55:49 ERROR Crawler:292 - L ERR_WRITE : Contents write failed : Duplicate entry '81363561620' for key 'PRIMARY'
2018-11-19 17:55:49 ERROR Crawler:292 - L ERR_WRITE : Contents write failed : Duplicate entry '81363363978' for key 'PRIMARY'
2018-11-19 17:55:49 ERROR Crawler:292 - L ERR_WRITE : Contents write failed : Duplicate entry '81363209953' for key 'PRIMARY'
2018-11-19 17:55:49 ERROR Crawler:292 - L ERR_WRITE : Contents write failed : Duplicate entry '81363104233' for key 'PRIMARY'
2018-11-19 17:55:49 ERROR Crawler:292 - L ERR_WRITE : Contents write failed : Duplicate entry '81363086212' for key 'PRIMARY'
2018-11-19 17:55:49 ERROR Crawler:292 - L ERR_WRITE : Contents write failed : Duplicate entry '81362967669' for key 'PRIMARY'
2018-11-19 17:55:49 ERROR Crawler:292 - L ERR_WRITE : Contents write failed : Duplicate entry '81362906379' for key 'PRIMARY'
2018-11-19 17:55:49 ERROR Crawler:292 - L ERR_WRITE : Contents write failed : Duplicate entry '81362820505' for key 'PRIMARY'
2018-11-19 17:55:49 ERROR Crawler:292 - L ERR_WRITE : Contents write failed : Duplicate entry '81362637984' for key 'PRIMARY'
2018-11-19 17:55:49 ERROR Crawler:292 - L ERR_WRITE : Contents write failed : Duplicate entry '81362475400' for key 'PRIMARY'
2018-11-19 17:55:49 ERROR Crawler:292 - L ERR_WRITE : Contents write failed : Duplicate entry '81362457714' for key 'PRIMARY'
2018-11-19 17:55:49 ERROR Crawler:292 - L ERR_WRITE : Contents write failed : Duplicate entry '81362376737' for key 'PRIMARY'
2018-11-19 17:55:49 ERROR Crawler:292 - L ERR_WRITE : Contents write failed : Duplicate entry '81362083843' for key 'PRIMARY'
2018-11-19 17:55:49 ERROR Crawler:292 - L ERR_WRITE : Contents write failed : Duplicate entry '81362012965' for key 'PRIMARY'
2018-11-19 17:55:49 ERROR Crawler:292 - L ERR_WRITE : Contents write failed : Duplicate entry '81361973926' for key 'PRIMARY'
2018-11-19 17:55:49 ERROR Crawler:292 - L ERR_WRITE : Contents write failed : Duplicate entry '16171487952' for key 'PRIMARY'
2018-11-19 17:55:49 ERROR Crawler:292 - L ERR_WRITE : Contents write failed : Duplicate entry '81361873413' for key 'PRIMARY'
2018-11-19 17:55:49 ERROR Crawler:292 - L ERR_WRITE : Contents write failed : Duplicate entry '16082139055' for key 'PRIMARY'
2018-11-19 17:55:49 ERROR Crawler:292 - L ERR_WRITE : Contents write failed : Duplicate entry '81361763548' for key 'PRIMARY'
2018-11-19 17:55:49 ERROR Crawler:292 - L ERR_WRITE : Contents write failed : Duplicate entry '13867134064' for key 'PRIMARY'
2018-11-19 17:55:49 ERROR Crawler:292 - L ERR_WRITE : Contents write failed : Duplicate entry '81361734558' for key 'PRIMARY'
2018-11-19 17:55:49 ERROR Crawler:292 - L ERR_WRITE : Contents write failed : Duplicate entry '81361416134' for key 'PRIMARY'
2018-11-19 17:55:49 ERROR Crawler:292 - L ERR_WRITE : Contents write failed : Duplicate entry '81361421284' for key 'PRIMARY'
2018-11-19 17:55:49 ERROR Crawler:292 - L ERR_WRITE : Contents write failed : Duplicate entry '81361393916' for key 'PRIMARY'
2018-11-19 17:55:49 ERROR Crawler:292 - L ERR_WRITE : Contents write failed : Duplicate entry '81361314245' for key 'PRIMARY'
2018-11-19 17:55:49 ERROR Crawler:292 - L ERR_WRITE : Contents write failed : Duplicate entry '81361288115' for key 'PRIMARY'
2018-11-19 17:55:49 ERROR Crawler:292 - L ERR_WRITE : Contents write failed : Duplicate entry '81361063433' for key 'PRIMARY'
2018-11-19 17:55:49 ERROR Crawler:292 - L ERR_WRITE : Contents write failed : Duplicate entry '81361012897' for key 'PRIMARY'
2018-11-19 17:55:49 ERROR Crawler:292 - L ERR_WRITE : Contents write failed : Duplicate entry '81361014406' for key 'PRIMARY'
2018-11-19 17:55:49 ERROR Crawler:292 - L ERR_WRITE : Contents write failed : Duplicate entry '81360981086' for key 'PRIMARY'
2018-11-19 17:55:49 ERROR Crawler:292 - L ERR_WRITE : Contents write failed : Duplicate entry '16161628240' for key 'PRIMARY'
2018-11-19 17:55:49 ERROR Crawler:292 - L ERR_WRITE : Contents write failed : Duplicate entry '16161631279' for key 'PRIMARY'
2018-11-19 17:55:49 ERROR Crawler:292 - L ERR_WRITE : Contents write failed : Duplicate entry '16161453624' for key 'PRIMARY'
2018-11-19 17:55:49 ERROR Crawler:292 - L ERR_WRITE : Contents write failed : Duplicate entry '81360934583' for key 'PRIMARY'
2018-11-19 17:55:49 ERROR Crawler:292 - L ERR_WRITE : Contents write failed : Duplicate entry '81360753597' for key 'PRIMARY'
2018-11-19 17:55:49 ERROR Crawler:292 - L ERR_WRITE : Contents write failed : Duplicate entry '81360658600' for key 'PRIMARY'
2018-11-19 17:55:49 ERROR Crawler:292 - L ERR_WRITE : Contents write failed : Duplicate entry '16152729180' for key 'PRIMARY'
2018-11-19 17:55:49 ERROR Crawler:292 - L ERR_WRITE : Contents write failed : Duplicate entry '15557655722' for key 'PRIMARY'
2018-11-19 17:55:49 ERROR Crawler:292 - L ERR_WRITE : Contents write failed : Duplicate entry '16152730287' for key 'PRIMARY'
2018-11-19 17:55:49 ERROR Crawler:292 - L ERR_WRITE : Contents write failed : Duplicate entry '15774014742' for key 'PRIMARY'
2018-11-19 17:55:49 ERROR Crawler:292 - L ERR_WRITE : Contents write failed : Duplicate entry '81360375576' for key 'PRIMARY'
2018-11-19 17:55:49 ERROR Crawler:292 - L ERR_WRITE : Contents write failed : Duplicate entry '81360286582' for key 'PRIMARY'
2018-11-19 17:55:49 ERROR Crawler:292 - L ERR_WRITE : Contents write failed : Duplicate entry '81360286838' for key 'PRIMARY'
2018-11-19 17:55:49 ERROR Crawler:292 - L ERR_WRITE : Contents write failed : Duplicate entry '81360210640' for key 'PRIMARY'
2018-11-19 17:55:49 ERROR Crawler:292 - L ERR_WRITE : Contents write failed : Duplicate entry '81360157542' for key 'PRIMARY'
2018-11-19 17:55:49 ERROR Crawler:292 - L ERR_WRITE : Contents write failed : Duplicate entry '16163942404' for key 'PRIMARY'
2018-11-19 17:55:49 ERROR Crawler:292 - L ERR_WRITE : Contents write failed : Duplicate entry '16163942393' for key 'PRIMARY'
2018-11-19 17:55:49 ERROR Crawler:292 - L ERR_WRITE : Contents write failed : Duplicate entry '16163942398' for key 'PRIMARY'
2018-11-19 17:55:49 ERROR Crawler:292 - L ERR_WRITE : Contents write failed : Duplicate entry '13922649973' for key 'PRIMARY'
2018-11-19 17:55:49 ERROR Crawler:292 - L ERR_WRITE : Contents write failed : Duplicate entry '81358207586' for key 'PRIMARY'
2018-11-19 17:55:49 ERROR Crawler:292 - L ERR_WRITE : Contents write failed : Duplicate entry '16152735650' for key 'PRIMARY'
2018-11-19 17:55:49 ERROR Crawler:292 - L ERR_WRITE : Contents write failed : Duplicate entry '16152738702' for key 'PRIMARY'
2018-11-19 17:55:49 ERROR Crawler:292 - L ERR_WRITE : Contents write failed : Duplicate entry '16152738712' for key 'PRIMARY'
2018-11-19 17:55:49 ERROR Crawler:292 - L ERR_WRITE : Contents write failed : Duplicate entry '16150311527' for key 'PRIMARY'
2018-11-19 17:55:49 ERROR Crawler:292 - L ERR_WRITE : Contents write failed : Duplicate entry '16150311532' for key 'PRIMARY'
2018-11-19 17:55:49 ERROR Crawler:292 - L ERR_WRITE : Contents write failed : Duplicate entry '16150311537' for key 'PRIMARY'
2018-11-19 17:55:49 ERROR Crawler:292 - L ERR_WRITE : Contents write failed : Duplicate entry '16150010018' for key 'PRIMARY'
2018-11-19 17:55:49 ERROR Crawler:292 - L ERR_WRITE : Contents write failed : Duplicate entry '11815247061' for key 'PRIMARY'
2018-11-19 17:55:49 ERROR Crawler:292 - L ERR_WRITE : Contents write failed : Duplicate entry '16150010072' for key 'PRIMARY'
2018-11-19 17:55:49 ERROR Crawler:292 - L ERR_WRITE : Contents write failed : Duplicate entry '15939478383' for key 'PRIMARY'
2018-11-19 17:55:49 ERROR Crawler:292 - L ERR_WRITE : Contents write failed : Duplicate entry '16150010043' for key 'PRIMARY'
2018-11-19 17:55:49 ERROR Crawler:292 - L ERR_WRITE : Contents write failed : Duplicate entry '16150010003' for key 'PRIMARY'
2018-11-19 17:55:49 ERROR Crawler:292 - L ERR_WRITE : Contents write failed : Duplicate entry '16150010005' for key 'PRIMARY'
2018-11-19 17:55:49 ERROR Crawler:292 - L ERR_WRITE : Contents write failed : Duplicate entry '16150010108' for key 'PRIMARY'
2018-11-19 17:55:49 ERROR Crawler:292 - L ERR_WRITE : Contents write failed : Duplicate entry '81357180708' for key 'PRIMARY'
2018-11-19 17:55:49 ERROR Crawler:292 - L ERR_WRITE : Contents write failed : Duplicate entry '81357174199' for key 'PRIMARY'
2018-11-19 17:55:49 ERROR Crawler:292 - L ERR_WRITE : Contents write failed : Duplicate entry '81357174561' for key 'PRIMARY'
2018-11-19 17:55:49 ERROR Crawler:292 - L ERR_WRITE : Contents write failed : Duplicate entry '16149702171' for key 'PRIMARY'
2018-11-19 17:55:49 ERROR Crawler:292 - L ERR_WRITE : Contents write failed : Duplicate entry '81357141872' for key 'PRIMARY'
2018-11-19 17:55:49 ERROR Crawler:292 - L ERR_WRITE : Contents write failed : Duplicate entry '81357141882' for key 'PRIMARY'
2018-11-19 17:55:49 ERROR Crawler:292 - L ERR_WRITE : Contents write failed : Duplicate entry '81356875806' for key 'PRIMARY'
2018-11-19 17:55:49 ERROR Crawler:292 - L ERR_WRITE : Contents write failed : Duplicate entry '81356869091' for key 'PRIMARY'
2018-11-19 17:55:49 ERROR Crawler:292 - L ERR_WRITE : Contents write failed : Duplicate entry '81356867169' for key 'PRIMARY'
2018-11-19 17:55:49 ERROR Crawler:292 - L ERR_WRITE : Contents write failed : Duplicate entry '81356838618' for key 'PRIMARY'
2018-11-19 17:55:49 ERROR Crawler:292 - L ERR_WRITE : Contents write failed : Duplicate entry '81356820500' for key 'PRIMARY'
2018-11-19 17:55:49 ERROR Crawler:292 - L ERR_WRITE : Contents write failed : Duplicate entry '81356820620' for key 'PRIMARY'
2018-11-19 17:55:49 ERROR Crawler:292 - L ERR_WRITE : Contents write failed : Duplicate entry '81356798125' for key 'PRIMARY'
2018-11-19 17:55:49 ERROR Crawler:292 - L ERR_WRITE : Contents write failed : Duplicate entry '14137704058' for key 'PRIMARY'
2018-11-19 17:55:49 ERROR Crawler:292 - L ERR_WRITE : Contents write failed : Duplicate entry '81356798425' for key 'PRIMARY'
2018-11-19 17:55:49 ERROR Crawler:292 - L ERR_WRITE : Contents write failed : Duplicate entry '11740448438' for key 'PRIMARY'
2018-11-19 17:55:49 INFO  Crawler:297 - [Progress 12] elaped time : 00:00:18, curSave : 1, Totalsave : 1, curErr : 527, totalErr : 527, remain_work : 1, total : 13
