2018-11-08 16:02:57 INFO  Crawler:218 - ============== Start Crawler =============
2018-11-08 16:02:57 INFO  Crawler:219 - CONFIG FILE    : ./config/config_domeggook.json
2018-11-08 16:02:57 INFO  Crawler:223 - CRAWLER NAME   : domeggook
2018-11-08 16:02:57 INFO  Crawler:224 - CRAWLER TYPE   : SCENARIO_DYNAMIC
2018-11-08 16:02:57 INFO  Crawler:225 - CRAWLER DELAY  : 3 sec
2018-11-08 16:02:57 INFO  Crawler:226 - IGNORE ROBOTS  : true
2018-11-08 16:02:57 INFO  Crawler:227 - LIMIT_COUNT    : -1
2018-11-08 16:02:57 INFO  Crawler:228 - FILTER COUNT   : 0
2018-11-08 16:02:57 INFO  Crawler:232 - SCENARIO COUNT : 2
2018-11-08 16:02:57 INFO  Crawler:233 - COLLECT COUNT  : 1
2018-11-08 16:02:57 INFO  Crawler:234 - SAVE TYPE      : DB
2018-11-08 16:02:57 INFO  Crawler:235 - SAVE HTML      : true
2018-11-08 16:02:57 INFO  Crawler:236 - ==========================================
2018-11-08 16:03:12 INFO  Crawler:266 - [Progress 1] save : 0, err : 0, remain_work : 2, total : 3
2018-11-08 16:03:15 INFO  Crawler:266 - [Progress 2] save : 0, err : 0, remain_work : 53, total : 55
2018-11-08 16:03:18 INFO  Crawler:266 - [Progress 3] save : 0, err : 0, remain_work : 55, total : 58
2018-11-08 16:03:21 INFO  Crawler:266 - [Progress 4] save : 0, err : 0, remain_work : 54, total : 58
2018-11-08 16:03:25 INFO  Crawler:266 - [Progress 5] save : 1, err : 0, remain_work : 53, total : 58
2018-11-08 16:03:29 INFO  Crawler:266 - [Progress 6] save : 1, err : 0, remain_work : 52, total : 58
2018-11-08 16:03:32 INFO  Crawler:266 - [Progress 7] save : 1, err : 0, remain_work : 54, total : 61
2018-11-08 16:03:35 INFO  Crawler:266 - [Progress 8] save : 1, err : 0, remain_work : 53, total : 61
2018-11-08 16:03:39 INFO  Crawler:266 - [Progress 9] save : 2, err : 0, remain_work : 52, total : 61
2018-11-08 16:03:42 INFO  Crawler:266 - [Progress 10] save : 2, err : 0, remain_work : 51, total : 61
2018-11-08 16:03:45 INFO  Crawler:266 - [Progress 11] save : 2, err : 0, remain_work : 53, total : 64
2018-11-08 16:03:48 INFO  Crawler:266 - [Progress 12] save : 2, err : 0, remain_work : 52, total : 64
2018-11-08 16:03:53 INFO  Crawler:266 - [Progress 13] save : 3, err : 0, remain_work : 51, total : 64
2018-11-08 16:03:56 INFO  Crawler:266 - [Progress 14] save : 3, err : 0, remain_work : 50, total : 64
2018-11-08 16:03:59 INFO  Crawler:266 - [Progress 15] save : 3, err : 0, remain_work : 52, total : 67
2018-11-08 16:04:02 INFO  Crawler:266 - [Progress 16] save : 3, err : 0, remain_work : 51, total : 67
2018-11-08 16:04:06 INFO  Crawler:266 - [Progress 17] save : 4, err : 0, remain_work : 50, total : 67
2018-11-08 16:04:09 INFO  Crawler:266 - [Progress 18] save : 4, err : 0, remain_work : 49, total : 67
2018-11-08 16:04:13 INFO  Crawler:266 - [Progress 19] save : 4, err : 0, remain_work : 51, total : 70
2018-11-08 16:04:16 INFO  Crawler:266 - [Progress 20] save : 4, err : 0, remain_work : 50, total : 70
2018-11-08 16:04:20 INFO  Crawler:266 - [Progress 21] save : 5, err : 0, remain_work : 49, total : 70
2018-11-08 16:04:23 INFO  Crawler:266 - [Progress 22] save : 5, err : 0, remain_work : 48, total : 70
2018-11-08 16:04:26 INFO  Crawler:266 - [Progress 23] save : 5, err : 0, remain_work : 50, total : 73
2018-11-08 16:04:29 INFO  Crawler:266 - [Progress 24] save : 5, err : 0, remain_work : 49, total : 73
2018-11-08 16:04:33 INFO  Crawler:266 - [Progress 25] save : 6, err : 0, remain_work : 48, total : 73
2018-11-08 16:04:36 INFO  Crawler:266 - [Progress 26] save : 6, err : 0, remain_work : 47, total : 73
2018-11-08 16:04:40 INFO  Crawler:266 - [Progress 27] save : 6, err : 0, remain_work : 49, total : 76
2018-11-08 16:04:43 INFO  Crawler:266 - [Progress 28] save : 6, err : 0, remain_work : 48, total : 76
2018-11-08 16:04:47 INFO  Crawler:266 - [Progress 29] save : 7, err : 0, remain_work : 47, total : 76
2018-11-08 16:04:50 INFO  Crawler:266 - [Progress 30] save : 7, err : 0, remain_work : 46, total : 76
2018-11-08 16:04:53 INFO  Crawler:266 - [Progress 31] save : 7, err : 0, remain_work : 48, total : 79
2018-11-08 16:04:56 INFO  Crawler:266 - [Progress 32] save : 7, err : 0, remain_work : 47, total : 79
2018-11-08 16:05:01 INFO  Crawler:266 - [Progress 33] save : 8, err : 0, remain_work : 46, total : 79
2018-11-08 16:05:04 INFO  Crawler:266 - [Progress 34] save : 8, err : 0, remain_work : 45, total : 79
2018-11-08 16:05:07 INFO  Crawler:266 - [Progress 35] save : 8, err : 0, remain_work : 47, total : 82
2018-11-08 16:05:10 INFO  Crawler:266 - [Progress 36] save : 8, err : 0, remain_work : 46, total : 82
2018-11-08 16:05:14 INFO  Crawler:266 - [Progress 37] save : 9, err : 0, remain_work : 45, total : 82
2018-11-08 16:05:17 INFO  Crawler:266 - [Progress 38] save : 9, err : 0, remain_work : 44, total : 82
2018-11-08 16:05:21 INFO  Crawler:266 - [Progress 39] save : 9, err : 0, remain_work : 46, total : 85
2018-11-08 16:05:24 INFO  Crawler:266 - [Progress 40] save : 9, err : 0, remain_work : 45, total : 85
2018-11-08 16:05:28 INFO  Crawler:266 - [Progress 41] save : 10, err : 0, remain_work : 44, total : 85
2018-11-08 16:05:31 INFO  Crawler:266 - [Progress 42] save : 10, err : 0, remain_work : 43, total : 85
2018-11-08 16:05:34 INFO  Crawler:266 - [Progress 43] save : 10, err : 0, remain_work : 45, total : 88
2018-11-08 16:05:37 INFO  Crawler:266 - [Progress 44] save : 10, err : 0, remain_work : 44, total : 88
2018-11-08 16:05:41 INFO  Crawler:266 - [Progress 45] save : 11, err : 0, remain_work : 43, total : 88
2018-11-08 16:05:44 INFO  Crawler:266 - [Progress 46] save : 11, err : 0, remain_work : 42, total : 88
2018-11-08 16:05:48 INFO  Crawler:266 - [Progress 47] save : 11, err : 0, remain_work : 44, total : 91
2018-11-08 16:05:51 INFO  Crawler:266 - [Progress 48] save : 11, err : 0, remain_work : 43, total : 91
2018-11-08 16:05:55 INFO  Crawler:266 - [Progress 49] save : 12, err : 0, remain_work : 42, total : 91
2018-11-08 16:05:58 INFO  Crawler:266 - [Progress 50] save : 12, err : 0, remain_work : 41, total : 91
2018-11-08 16:06:01 INFO  Crawler:266 - [Progress 51] save : 12, err : 0, remain_work : 43, total : 94
2018-11-08 16:06:04 INFO  Crawler:266 - [Progress 52] save : 12, err : 0, remain_work : 42, total : 94
2018-11-08 16:06:09 INFO  Crawler:266 - [Progress 53] save : 13, err : 0, remain_work : 41, total : 94
2018-11-08 16:06:12 INFO  Crawler:266 - [Progress 54] save : 13, err : 0, remain_work : 40, total : 94
2018-11-08 16:06:15 INFO  Crawler:266 - [Progress 55] save : 13, err : 0, remain_work : 42, total : 97
2018-11-08 16:06:18 INFO  Crawler:266 - [Progress 56] save : 13, err : 0, remain_work : 41, total : 97
2018-11-08 16:06:22 INFO  Crawler:266 - [Progress 57] save : 14, err : 0, remain_work : 40, total : 97
2018-11-08 16:06:25 INFO  Crawler:266 - [Progress 58] save : 14, err : 0, remain_work : 39, total : 97
2018-11-08 16:06:28 INFO  Crawler:266 - [Progress 59] save : 14, err : 0, remain_work : 41, total : 100
2018-11-08 16:06:32 INFO  Crawler:266 - [Progress 60] save : 14, err : 0, remain_work : 40, total : 100
2018-11-08 16:06:36 INFO  Crawler:266 - [Progress 61] save : 15, err : 0, remain_work : 39, total : 100
2018-11-08 16:06:39 INFO  Crawler:266 - [Progress 62] save : 15, err : 0, remain_work : 38, total : 100
2018-11-08 16:06:42 INFO  Crawler:266 - [Progress 63] save : 15, err : 0, remain_work : 40, total : 103
2018-11-08 16:06:45 INFO  Crawler:266 - [Progress 64] save : 15, err : 0, remain_work : 39, total : 103
2018-11-08 16:06:49 INFO  Crawler:266 - [Progress 65] save : 16, err : 0, remain_work : 38, total : 103
2018-11-08 16:06:52 INFO  Crawler:266 - [Progress 66] save : 16, err : 0, remain_work : 37, total : 103
2018-11-08 16:06:56 INFO  Crawler:266 - [Progress 67] save : 16, err : 0, remain_work : 39, total : 106
2018-11-08 16:06:59 INFO  Crawler:266 - [Progress 68] save : 16, err : 0, remain_work : 38, total : 106
2018-11-08 16:07:03 INFO  Crawler:266 - [Progress 69] save : 17, err : 0, remain_work : 37, total : 106
2018-11-08 16:07:06 INFO  Crawler:266 - [Progress 70] save : 17, err : 0, remain_work : 36, total : 106
2018-11-08 16:07:09 INFO  Crawler:266 - [Progress 71] save : 17, err : 0, remain_work : 38, total : 109
2018-11-08 16:07:12 INFO  Crawler:266 - [Progress 72] save : 17, err : 0, remain_work : 37, total : 109
2018-11-08 16:07:16 INFO  Crawler:266 - [Progress 73] save : 18, err : 0, remain_work : 36, total : 109
2018-11-08 16:07:19 INFO  Crawler:266 - [Progress 74] save : 18, err : 0, remain_work : 35, total : 109
2018-11-08 16:07:28 INFO  Crawler:266 - [Progress 75] save : 18, err : 0, remain_work : 37, total : 112
2018-11-08 16:07:31 INFO  Crawler:266 - [Progress 76] save : 18, err : 0, remain_work : 36, total : 112
2018-11-08 16:07:35 INFO  Crawler:266 - [Progress 77] save : 19, err : 0, remain_work : 35, total : 112
2018-11-08 16:07:38 INFO  Crawler:266 - [Progress 78] save : 19, err : 0, remain_work : 34, total : 112
2018-11-08 16:07:41 INFO  Crawler:266 - [Progress 79] save : 19, err : 0, remain_work : 36, total : 115
2018-11-08 16:07:44 INFO  Crawler:266 - [Progress 80] save : 19, err : 0, remain_work : 35, total : 115
2018-11-08 16:07:48 INFO  Crawler:266 - [Progress 81] save : 20, err : 0, remain_work : 34, total : 115
2018-11-08 16:07:52 INFO  Crawler:266 - [Progress 82] save : 20, err : 0, remain_work : 33, total : 115
2018-11-08 16:07:55 INFO  Crawler:266 - [Progress 83] save : 20, err : 0, remain_work : 35, total : 118
2018-11-08 16:07:58 INFO  Crawler:266 - [Progress 84] save : 20, err : 0, remain_work : 34, total : 118
2018-11-08 16:08:02 INFO  Crawler:266 - [Progress 85] save : 21, err : 0, remain_work : 33, total : 118
2018-11-08 16:08:05 INFO  Crawler:266 - [Progress 86] save : 21, err : 0, remain_work : 32, total : 118
2018-11-08 16:08:08 INFO  Crawler:266 - [Progress 87] save : 21, err : 0, remain_work : 34, total : 121
2018-11-08 16:08:11 INFO  Crawler:266 - [Progress 88] save : 21, err : 0, remain_work : 33, total : 121
2018-11-08 16:08:16 INFO  Crawler:266 - [Progress 89] save : 22, err : 0, remain_work : 32, total : 121
2018-11-08 16:08:19 INFO  Crawler:266 - [Progress 90] save : 22, err : 0, remain_work : 31, total : 121
2018-11-08 16:08:22 INFO  Crawler:266 - [Progress 91] save : 22, err : 0, remain_work : 33, total : 124
2018-11-08 16:08:25 INFO  Crawler:266 - [Progress 92] save : 22, err : 0, remain_work : 32, total : 124
2018-11-08 16:08:29 INFO  Crawler:266 - [Progress 93] save : 23, err : 0, remain_work : 31, total : 124
2018-11-08 16:08:32 INFO  Crawler:266 - [Progress 94] save : 23, err : 0, remain_work : 30, total : 124
2018-11-08 16:08:36 INFO  Crawler:266 - [Progress 95] save : 23, err : 0, remain_work : 32, total : 127
2018-11-08 16:08:39 INFO  Crawler:266 - [Progress 96] save : 23, err : 0, remain_work : 31, total : 127
2018-11-08 16:08:43 INFO  Crawler:266 - [Progress 97] save : 24, err : 0, remain_work : 30, total : 127
2018-11-08 16:08:46 INFO  Crawler:266 - [Progress 98] save : 24, err : 0, remain_work : 29, total : 127
2018-11-08 16:08:49 INFO  Crawler:266 - [Progress 99] save : 24, err : 0, remain_work : 31, total : 130
2018-11-08 16:08:52 INFO  Crawler:266 - [Progress 100] save : 24, err : 0, remain_work : 30, total : 130
2018-11-08 16:08:56 INFO  Crawler:266 - [Progress 101] save : 25, err : 0, remain_work : 29, total : 130
2018-11-08 16:08:59 INFO  Crawler:266 - [Progress 102] save : 25, err : 0, remain_work : 28, total : 130
2018-11-08 16:09:03 INFO  Crawler:266 - [Progress 103] save : 25, err : 0, remain_work : 30, total : 133
2018-11-08 16:09:06 INFO  Crawler:266 - [Progress 104] save : 25, err : 0, remain_work : 29, total : 133
2018-11-08 16:09:10 INFO  Crawler:266 - [Progress 105] save : 26, err : 0, remain_work : 28, total : 133
2018-11-08 16:09:13 INFO  Crawler:266 - [Progress 106] save : 26, err : 0, remain_work : 27, total : 133
2018-11-08 16:09:16 INFO  Crawler:266 - [Progress 107] save : 26, err : 0, remain_work : 29, total : 136
2018-11-08 16:09:19 INFO  Crawler:266 - [Progress 108] save : 26, err : 0, remain_work : 28, total : 136
2018-11-08 16:09:24 INFO  Crawler:266 - [Progress 109] save : 27, err : 0, remain_work : 27, total : 136
2018-11-08 16:09:27 INFO  Crawler:266 - [Progress 110] save : 27, err : 0, remain_work : 26, total : 136
2018-11-08 16:09:30 INFO  Crawler:266 - [Progress 111] save : 27, err : 0, remain_work : 28, total : 139
2018-11-08 16:09:33 INFO  Crawler:266 - [Progress 112] save : 27, err : 0, remain_work : 27, total : 139
2018-11-08 16:09:37 INFO  Crawler:266 - [Progress 113] save : 28, err : 0, remain_work : 26, total : 139
2018-11-08 16:09:40 INFO  Crawler:266 - [Progress 114] save : 28, err : 0, remain_work : 25, total : 139
2018-11-08 16:09:43 INFO  Crawler:266 - [Progress 115] save : 28, err : 0, remain_work : 27, total : 142
2018-11-08 16:09:46 INFO  Crawler:266 - [Progress 116] save : 28, err : 0, remain_work : 26, total : 142
2018-11-08 16:09:51 INFO  Crawler:266 - [Progress 117] save : 29, err : 0, remain_work : 25, total : 142
2018-11-08 16:09:54 INFO  Crawler:266 - [Progress 118] save : 29, err : 0, remain_work : 24, total : 142
2018-11-08 16:09:57 INFO  Crawler:266 - [Progress 119] save : 29, err : 0, remain_work : 26, total : 145
2018-11-08 16:10:00 INFO  Crawler:266 - [Progress 120] save : 29, err : 0, remain_work : 25, total : 145
2018-11-08 16:10:04 INFO  Crawler:266 - [Progress 121] save : 30, err : 0, remain_work : 24, total : 145
2018-11-08 16:10:07 INFO  Crawler:266 - [Progress 122] save : 30, err : 0, remain_work : 23, total : 145
2018-11-08 16:10:10 INFO  Crawler:266 - [Progress 123] save : 30, err : 0, remain_work : 25, total : 148
2018-11-08 16:10:14 INFO  Crawler:266 - [Progress 124] save : 30, err : 0, remain_work : 24, total : 148
2018-11-08 16:10:18 INFO  Crawler:266 - [Progress 125] save : 31, err : 0, remain_work : 23, total : 148
2018-11-08 16:10:21 INFO  Crawler:266 - [Progress 126] save : 31, err : 0, remain_work : 22, total : 148
2018-11-08 16:10:24 INFO  Crawler:266 - [Progress 127] save : 31, err : 0, remain_work : 24, total : 151
2018-11-08 16:10:27 INFO  Crawler:266 - [Progress 128] save : 31, err : 0, remain_work : 23, total : 151
2018-11-08 16:10:31 INFO  Crawler:266 - [Progress 129] save : 32, err : 0, remain_work : 22, total : 151
2018-11-08 16:10:34 INFO  Crawler:266 - [Progress 130] save : 32, err : 0, remain_work : 21, total : 151
2018-11-08 16:10:38 INFO  Crawler:266 - [Progress 131] save : 32, err : 0, remain_work : 23, total : 154
2018-11-08 16:10:41 INFO  Crawler:266 - [Progress 132] save : 32, err : 0, remain_work : 22, total : 154
2018-11-08 16:10:45 INFO  Crawler:266 - [Progress 133] save : 33, err : 0, remain_work : 21, total : 154
2018-11-08 16:10:48 INFO  Crawler:266 - [Progress 134] save : 33, err : 0, remain_work : 20, total : 154
2018-11-08 16:10:51 INFO  Crawler:266 - [Progress 135] save : 33, err : 0, remain_work : 22, total : 157
2018-11-08 16:10:54 INFO  Crawler:266 - [Progress 136] save : 33, err : 0, remain_work : 21, total : 157
2018-11-08 16:10:58 INFO  Crawler:266 - [Progress 137] save : 34, err : 0, remain_work : 20, total : 157
2018-11-08 16:11:02 INFO  Crawler:266 - [Progress 138] save : 34, err : 0, remain_work : 19, total : 157
2018-11-08 16:11:05 INFO  Crawler:266 - [Progress 139] save : 34, err : 0, remain_work : 21, total : 160
2018-11-08 16:11:08 INFO  Crawler:266 - [Progress 140] save : 34, err : 0, remain_work : 20, total : 160
2018-11-08 16:11:12 INFO  Crawler:266 - [Progress 141] save : 35, err : 0, remain_work : 19, total : 160
2018-11-08 16:11:15 INFO  Crawler:266 - [Progress 142] save : 35, err : 0, remain_work : 18, total : 160
2018-11-08 16:11:19 INFO  Crawler:266 - [Progress 143] save : 35, err : 0, remain_work : 20, total : 163
2018-11-08 16:11:22 INFO  Crawler:266 - [Progress 144] save : 35, err : 0, remain_work : 19, total : 163
2018-11-08 16:11:26 INFO  Crawler:266 - [Progress 145] save : 36, err : 0, remain_work : 18, total : 163
2018-11-08 16:11:30 INFO  Crawler:266 - [Progress 146] save : 36, err : 0, remain_work : 17, total : 163
2018-11-08 16:11:33 INFO  Crawler:266 - [Progress 147] save : 36, err : 0, remain_work : 19, total : 166
2018-11-08 16:11:36 INFO  Crawler:266 - [Progress 148] save : 36, err : 0, remain_work : 18, total : 166
2018-11-08 16:11:40 INFO  Crawler:266 - [Progress 149] save : 37, err : 0, remain_work : 17, total : 166
2018-11-08 16:11:43 INFO  Crawler:266 - [Progress 150] save : 37, err : 0, remain_work : 16, total : 166
2018-11-08 16:11:46 INFO  Crawler:266 - [Progress 151] save : 37, err : 0, remain_work : 18, total : 169
2018-11-08 16:11:49 INFO  Crawler:266 - [Progress 152] save : 37, err : 0, remain_work : 17, total : 169
2018-11-08 16:11:54 INFO  Crawler:266 - [Progress 153] save : 38, err : 0, remain_work : 16, total : 169
2018-11-08 16:11:57 INFO  Crawler:266 - [Progress 154] save : 38, err : 0, remain_work : 15, total : 169
2018-11-08 16:12:00 INFO  Crawler:266 - [Progress 155] save : 38, err : 0, remain_work : 17, total : 172
2018-11-08 16:12:03 INFO  Crawler:266 - [Progress 156] save : 38, err : 0, remain_work : 16, total : 172
2018-11-08 16:12:07 INFO  Crawler:266 - [Progress 157] save : 39, err : 0, remain_work : 15, total : 172
2018-11-08 16:12:10 INFO  Crawler:266 - [Progress 158] save : 39, err : 0, remain_work : 14, total : 172
2018-11-08 16:12:14 INFO  Crawler:266 - [Progress 159] save : 39, err : 0, remain_work : 16, total : 175
2018-11-08 16:12:17 INFO  Crawler:266 - [Progress 160] save : 39, err : 0, remain_work : 15, total : 175
2018-11-08 16:12:21 INFO  Crawler:266 - [Progress 161] save : 40, err : 0, remain_work : 14, total : 175
2018-11-08 16:12:24 INFO  Crawler:266 - [Progress 162] save : 40, err : 0, remain_work : 13, total : 175
2018-11-08 16:12:27 INFO  Crawler:266 - [Progress 163] save : 40, err : 0, remain_work : 15, total : 178
2018-11-08 16:12:30 INFO  Crawler:266 - [Progress 164] save : 40, err : 0, remain_work : 14, total : 178
2018-11-08 16:12:34 INFO  Crawler:266 - [Progress 165] save : 41, err : 0, remain_work : 13, total : 178
2018-11-08 16:12:38 INFO  Crawler:266 - [Progress 166] save : 41, err : 0, remain_work : 12, total : 178
2018-11-08 16:12:41 INFO  Crawler:266 - [Progress 167] save : 41, err : 0, remain_work : 14, total : 181
2018-11-08 16:12:44 INFO  Crawler:266 - [Progress 168] save : 41, err : 0, remain_work : 13, total : 181
2018-11-08 16:12:48 INFO  Crawler:266 - [Progress 169] save : 42, err : 0, remain_work : 12, total : 181
2018-11-08 16:12:51 INFO  Crawler:266 - [Progress 170] save : 42, err : 0, remain_work : 11, total : 181
2018-11-08 16:12:55 INFO  Crawler:266 - [Progress 171] save : 42, err : 0, remain_work : 13, total : 184
2018-11-08 16:12:58 INFO  Crawler:266 - [Progress 172] save : 42, err : 0, remain_work : 12, total : 184
