2018-11-07 17:46:01 ERROR DBWriter:78 - [SQL] CREATE TABLE IF NOT EXISTS T_NAVER_NEWS7 (ROW_ID INT(11) NOT NULL AUTO_INCREMENT , COLLECTED_TIME datetime, URL varchar(300), ID varchar(50), PRESS varchar(200), TITLE varchar(200), CONTENTS text, DATE varchar(100))
java.sql.SQLSyntaxErrorException: Incorrect table definition; there can be only one auto column and it must be defined as a key
	at com.onycom.crawler.writer.DBWriter.open(DBWriter.java:78)
	at com.onycom.SettingBasedCrawler.Crawler$1.start(Crawler.java:238)
	at com.onycom.crawler.core.WorkManager.start(WorkManager.java:83)
	at com.onycom.SettingBasedCrawler.Crawler.start(Crawler.java:203)
	at com.onycom.SettingBasedCrawler.App.main(App.java:38)
Caused by: org.mariadb.jdbc.internal.common.QueryException: Incorrect table definition; there can be only one auto column and it must be defined as a key
	at org.mariadb.jdbc.internal.mysql.MySQLProtocol.getResult(MySQLProtocol.java:942)
	at org.mariadb.jdbc.internal.mysql.MySQLProtocol.executeQuery(MySQLProtocol.java:991)
	at org.mariadb.jdbc.MySQLStatement.execute(MySQLStatement.java:281)
	at org.mariadb.jdbc.MySQLPreparedStatement.execute(MySQLPreparedStatement.java:141)
	at com.onycom.crawler.writer.DBWriter.insert(DBWriter.java:108)
	at com.onycom.crawler.writer.DBWriter.open(DBWriter.java:74)
	... 4 more
2018-11-07 17:50:13 ERROR DBWriter:85 - [SQL] CREATE TABLE IF NOT EXISTS T_NAVER_NEWS8 (, COLLECTED_TIME datetime, URL varchar(300), ID varchar(50), PRESS varchar(200), TITLE varchar(200), CONTENTS text, DATE varchar(100))
java.sql.SQLSyntaxErrorException: You have an error in your SQL syntax; check the manual that corresponds to your MariaDB server version for the right syntax to use near ' COLLECTED_TIME datetime, URL varchar(300), ID varchar(50), PRESS varchar(200), ' at line 1
Query is:
sql : 'CREATE TABLE IF NOT EXISTS T_NAVER_NEWS8 (, COLLECTED_TIME datetime, URL varchar(300), ID varchar(50), PRESS varchar(200), TITLE varchar(200), CONTENTS text, DATE varchar(100))'
	at com.onycom.crawler.writer.DBWriter.open(DBWriter.java:85)
	at com.onycom.SettingBasedCrawler.Crawler$1.start(Crawler.java:238)
	at com.onycom.crawler.core.WorkManager.start(WorkManager.java:83)
	at com.onycom.SettingBasedCrawler.Crawler.start(Crawler.java:203)
	at com.onycom.SettingBasedCrawler.App.main(App.java:38)
Caused by: org.mariadb.jdbc.internal.common.QueryException: You have an error in your SQL syntax; check the manual that corresponds to your MariaDB server version for the right syntax to use near ' COLLECTED_TIME datetime, URL varchar(300), ID varchar(50), PRESS varchar(200), ' at line 1
Query is:
sql : 'CREATE TABLE IF NOT EXISTS T_NAVER_NEWS8 (, COLLECTED_TIME datetime, URL varchar(300), ID varchar(50), PRESS varchar(200), TITLE varchar(200), CONTENTS text, DATE varchar(100))'
	at org.mariadb.jdbc.internal.mysql.MySQLProtocol.getResult(MySQLProtocol.java:942)
	at org.mariadb.jdbc.internal.mysql.MySQLProtocol.executeQuery(MySQLProtocol.java:991)
	at org.mariadb.jdbc.MySQLStatement.execute(MySQLStatement.java:281)
	at org.mariadb.jdbc.MySQLPreparedStatement.execute(MySQLPreparedStatement.java:141)
	at com.onycom.crawler.writer.DBWriter.insert(DBWriter.java:115)
	at com.onycom.crawler.writer.DBWriter.open(DBWriter.java:81)
	... 4 more
2018-11-07 18:09:29 ERROR DBWriter:91 - [SQL] CREATE TABLE IF NOT EXISTS T_NAVER_NEWS00 (COLLECTED_TIME datetime, URL varchar(300), KEYWORD varchar(100), ID varchar(50), PRESS varchar(200), TITLE varchar(200), CONTENTS text, DATE varchar(100) PRIMARY KEY (ID))
java.sql.SQLSyntaxErrorException: You have an error in your SQL syntax; check the manual that corresponds to your MariaDB server version for the right syntax to use near '(ID))' at line 1
Query is:
sql : 'CREATE TABLE IF NOT EXISTS T_NAVER_NEWS00 (COLLECTED_TIME datetime, URL varchar(300), KEYWORD varchar(100), ID varchar(50), PRESS varchar(200), TITLE varchar(200), CONTENTS text, DATE varchar(100) PRIMARY KEY (ID))'
	at com.onycom.crawler.writer.DBWriter.open(DBWriter.java:91)
	at com.onycom.SettingBasedCrawler.Crawler$1.start(Crawler.java:238)
	at com.onycom.crawler.core.WorkManager.start(WorkManager.java:83)
	at com.onycom.SettingBasedCrawler.Crawler.start(Crawler.java:203)
	at com.onycom.SettingBasedCrawler.App.main(App.java:38)
Caused by: org.mariadb.jdbc.internal.common.QueryException: You have an error in your SQL syntax; check the manual that corresponds to your MariaDB server version for the right syntax to use near '(ID))' at line 1
Query is:
sql : 'CREATE TABLE IF NOT EXISTS T_NAVER_NEWS00 (COLLECTED_TIME datetime, URL varchar(300), KEYWORD varchar(100), ID varchar(50), PRESS varchar(200), TITLE varchar(200), CONTENTS text, DATE varchar(100) PRIMARY KEY (ID))'
	at org.mariadb.jdbc.internal.mysql.MySQLProtocol.getResult(MySQLProtocol.java:942)
	at org.mariadb.jdbc.internal.mysql.MySQLProtocol.executeQuery(MySQLProtocol.java:991)
	at org.mariadb.jdbc.MySQLStatement.execute(MySQLStatement.java:281)
	at org.mariadb.jdbc.MySQLPreparedStatement.execute(MySQLPreparedStatement.java:141)
	at com.onycom.crawler.writer.DBWriter.insert(DBWriter.java:121)
	at com.onycom.crawler.writer.DBWriter.open(DBWriter.java:87)
	... 4 more
2018-11-08 17:56:55 ERROR SeleniumScraper:299 - WebDriverException no such window: target window already closed
from unknown error: web view not found
  (Session info: chrome=70.0.3538.77)
  (Driver info: chromedriver=2.43.600210 (68dcf5eebde37173d4027fa8635e332711d2874a),platform=Windows NT 10.0.17134 x86_64) (WARNING: The server did not provide any stacktrace information)
Command duration or timeout: 0 milliseconds
Build info: version: '3.11.0', revision: 'e59cfb3', time: '2018-03-11T20:26:55.152Z'
System info: host: 'LAPTOP-94HKRVCK', ip: '192.168.56.1', os.name: 'Windows 10', os.arch: 'amd64', os.version: '10.0', java.version: '1.8.0_161'
Driver info: org.openqa.selenium.chrome.ChromeDriver
Capabilities {acceptInsecureCerts: false, acceptSslCerts: false, applicationCacheEnabled: false, browserConnectionEnabled: false, browserName: chrome, chrome: {chromedriverVersion: 2.43.600210 (68dcf5eebde371..., userDataDir: C:\Users\onycom\AppData\Loc...}, cssSelectorsEnabled: true, databaseEnabled: false, goog:chromeOptions: {debuggerAddress: localhost:1228}, handlesAlerts: true, hasTouchScreen: false, javascriptEnabled: true, locationContextEnabled: true, mobileEmulationEnabled: false, nativeEvents: true, networkConnectionEnabled: false, pageLoadStrategy: normal, platform: XP, platformName: XP, rotatable: false, setWindowRect: true, takesHeapSnapshot: true, takesScreenshot: true, unexpectedAlertBehaviour: , unhandledPromptBehavior: , version: 70.0.3538.77, webStorageEnabled: true}
Session ID: dfe60411f8f8054efeccff4af7acbe22
*** Element info: {Using=css selector, value=html > :nth-child(2) > :nth-child(11) > :nth-child(1) > :nth-child(1) > :nth-child(11) > :nth-child(2) > :nth-child(2) > :nth-child(2) > :nth-child(2)}
2018-11-12 11:59:15 ERROR DBWriter:94 - No suitable driver found for ?user=&password=
2018-11-12 12:01:01 ERROR DBWriter:94 - No suitable driver found for ?user=&password=
2018-11-13 14:52:02 ERROR DBWriter:94 - opening db: './data.db?user=root': 파일 이름, 디렉터리 이름 또는 볼륨 레이블 구문이 잘못되었습니다
2018-11-13 14:52:02 ERROR DBWriter:94 - opening db: './data.db?user=root': 파일 이름, 디렉터리 이름 또는 볼륨 레이블 구문이 잘못되었습니다
2018-11-13 14:52:02 ERROR DBWriter:94 - opening db: './data.db?user=root': 파일 이름, 디렉터리 이름 또는 볼륨 레이블 구문이 잘못되었습니다
2018-11-13 14:52:02 ERROR DBWriter:94 - opening db: './data.db?user=root': 파일 이름, 디렉터리 이름 또는 볼륨 레이블 구문이 잘못되었습니다
2018-11-13 14:52:02 ERROR DBWriter:94 - opening db: './data.db?user=root': 파일 이름, 디렉터리 이름 또는 볼륨 레이블 구문이 잘못되었습니다
2018-11-13 14:52:02 ERROR DBWriter:94 - opening db: './data.db?user=root': 파일 이름, 디렉터리 이름 또는 볼륨 레이블 구문이 잘못되었습니다
2018-11-13 14:52:02 ERROR DBWriter:94 - opening db: './data.db?user=root': 파일 이름, 디렉터리 이름 또는 볼륨 레이블 구문이 잘못되었습니다
2018-11-13 14:52:02 ERROR DBWriter:94 - opening db: './data.db?user=root': 파일 이름, 디렉터리 이름 또는 볼륨 레이블 구문이 잘못되었습니다
2018-11-13 14:52:02 ERROR DBWriter:94 - opening db: './data.db?user=root': 파일 이름, 디렉터리 이름 또는 볼륨 레이블 구문이 잘못되었습니다
2018-11-13 14:52:02 ERROR DBWriter:94 - opening db: './data.db?user=root': 파일 이름, 디렉터리 이름 또는 볼륨 레이블 구문이 잘못되었습니다
2018-11-13 14:52:02 ERROR DBWriter:94 - opening db: './data.db?user=root': 파일 이름, 디렉터리 이름 또는 볼륨 레이블 구문이 잘못되었습니다
2018-11-13 14:52:02 ERROR DBWriter:94 - opening db: './data.db?user=root': 파일 이름, 디렉터리 이름 또는 볼륨 레이블 구문이 잘못되었습니다
2018-11-13 14:52:02 ERROR DBWriter:94 - opening db: './data.db?user=root': 파일 이름, 디렉터리 이름 또는 볼륨 레이블 구문이 잘못되었습니다
2018-11-13 14:52:02 ERROR DBWriter:94 - opening db: './data.db?user=root': 파일 이름, 디렉터리 이름 또는 볼륨 레이블 구문이 잘못되었습니다
2018-11-13 14:52:02 ERROR DBWriter:94 - opening db: './data.db?user=root': 파일 이름, 디렉터리 이름 또는 볼륨 레이블 구문이 잘못되었습니다
2018-11-13 14:52:02 ERROR DBWriter:94 - opening db: './data.db?user=root': 파일 이름, 디렉터리 이름 또는 볼륨 레이블 구문이 잘못되었습니다
2018-11-13 14:52:02 ERROR DBWriter:94 - opening db: './data.db?user=root': 파일 이름, 디렉터리 이름 또는 볼륨 레이블 구문이 잘못되었습니다
2018-11-13 14:52:02 ERROR DBWriter:94 - opening db: './data.db?user=root': 파일 이름, 디렉터리 이름 또는 볼륨 레이블 구문이 잘못되었습니다
2018-11-13 14:52:02 ERROR DBWriter:94 - opening db: './data.db?user=root': 파일 이름, 디렉터리 이름 또는 볼륨 레이블 구문이 잘못되었습니다
2018-11-13 14:52:02 ERROR DBWriter:94 - opening db: './data.db?user=root': 파일 이름, 디렉터리 이름 또는 볼륨 레이블 구문이 잘못되었습니다
2018-11-13 14:52:02 ERROR DBWriter:94 - opening db: './data.db?user=root': 파일 이름, 디렉터리 이름 또는 볼륨 레이블 구문이 잘못되었습니다
2018-11-13 14:52:02 ERROR DBWriter:94 - opening db: './data.db?user=root': 파일 이름, 디렉터리 이름 또는 볼륨 레이블 구문이 잘못되었습니다
2018-11-13 14:52:02 ERROR DBWriter:94 - opening db: './data.db?user=root': 파일 이름, 디렉터리 이름 또는 볼륨 레이블 구문이 잘못되었습니다
2018-11-13 14:52:02 ERROR DBWriter:94 - opening db: './data.db?user=root': 파일 이름, 디렉터리 이름 또는 볼륨 레이블 구문이 잘못되었습니다
2018-11-13 14:52:02 ERROR DBWriter:94 - opening db: './data.db?user=root': 파일 이름, 디렉터리 이름 또는 볼륨 레이블 구문이 잘못되었습니다
2018-11-13 14:52:02 ERROR DBWriter:94 - opening db: './data.db?user=root': 파일 이름, 디렉터리 이름 또는 볼륨 레이블 구문이 잘못되었습니다
2018-11-13 14:52:02 ERROR DBWriter:94 - opening db: './data.db?user=root': 파일 이름, 디렉터리 이름 또는 볼륨 레이블 구문이 잘못되었습니다
2018-11-13 14:52:02 ERROR DBWriter:94 - opening db: './data.db?user=root': 파일 이름, 디렉터리 이름 또는 볼륨 레이블 구문이 잘못되었습니다
2018-11-13 14:52:02 ERROR DBWriter:94 - opening db: './data.db?user=root': 파일 이름, 디렉터리 이름 또는 볼륨 레이블 구문이 잘못되었습니다
2018-11-13 14:52:02 ERROR DBWriter:94 - opening db: './data.db?user=root': 파일 이름, 디렉터리 이름 또는 볼륨 레이블 구문이 잘못되었습니다
2018-11-13 14:52:02 ERROR DBWriter:94 - opening db: './data.db?user=root': 파일 이름, 디렉터리 이름 또는 볼륨 레이블 구문이 잘못되었습니다
2018-11-13 14:52:02 ERROR DBWriter:94 - opening db: './data.db?user=root': 파일 이름, 디렉터리 이름 또는 볼륨 레이블 구문이 잘못되었습니다
2018-11-13 14:52:02 ERROR DBWriter:94 - opening db: './data.db?user=root': 파일 이름, 디렉터리 이름 또는 볼륨 레이블 구문이 잘못되었습니다
2018-11-13 14:52:02 ERROR DBWriter:94 - opening db: './data.db?user=root': 파일 이름, 디렉터리 이름 또는 볼륨 레이블 구문이 잘못되었습니다
2018-11-13 14:52:02 ERROR DBWriter:94 - opening db: './data.db?user=root': 파일 이름, 디렉터리 이름 또는 볼륨 레이블 구문이 잘못되었습니다
2018-11-13 14:52:02 ERROR DBWriter:94 - opening db: './data.db?user=root': 파일 이름, 디렉터리 이름 또는 볼륨 레이블 구문이 잘못되었습니다
2018-11-13 14:52:02 ERROR DBWriter:94 - opening db: './data.db?user=root': 파일 이름, 디렉터리 이름 또는 볼륨 레이블 구문이 잘못되었습니다
2018-11-13 14:52:02 ERROR DBWriter:94 - opening db: './data.db?user=root': 파일 이름, 디렉터리 이름 또는 볼륨 레이블 구문이 잘못되었습니다
2018-11-13 14:52:02 ERROR DBWriter:94 - opening db: './data.db?user=root': 파일 이름, 디렉터리 이름 또는 볼륨 레이블 구문이 잘못되었습니다
2018-11-13 14:52:02 ERROR DBWriter:94 - opening db: './data.db?user=root': 파일 이름, 디렉터리 이름 또는 볼륨 레이블 구문이 잘못되었습니다
2018-11-13 14:52:02 ERROR DBWriter:94 - opening db: './data.db?user=root': 파일 이름, 디렉터리 이름 또는 볼륨 레이블 구문이 잘못되었습니다
2018-11-13 14:52:02 ERROR DBWriter:94 - opening db: './data.db?user=root': 파일 이름, 디렉터리 이름 또는 볼륨 레이블 구문이 잘못되었습니다
2018-11-13 14:52:02 ERROR DBWriter:94 - opening db: './data.db?user=root': 파일 이름, 디렉터리 이름 또는 볼륨 레이블 구문이 잘못되었습니다
2018-11-13 14:52:02 ERROR DBWriter:94 - opening db: './data.db?user=root': 파일 이름, 디렉터리 이름 또는 볼륨 레이블 구문이 잘못되었습니다
2018-11-13 14:52:02 ERROR DBWriter:94 - opening db: './data.db?user=root': 파일 이름, 디렉터리 이름 또는 볼륨 레이블 구문이 잘못되었습니다
2018-11-13 14:52:02 ERROR DBWriter:94 - opening db: './data.db?user=root': 파일 이름, 디렉터리 이름 또는 볼륨 레이블 구문이 잘못되었습니다
2018-11-13 14:52:02 ERROR DBWriter:94 - opening db: './data.db?user=root': 파일 이름, 디렉터리 이름 또는 볼륨 레이블 구문이 잘못되었습니다
2018-11-13 14:52:02 ERROR DBWriter:94 - opening db: './data.db?user=root': 파일 이름, 디렉터리 이름 또는 볼륨 레이블 구문이 잘못되었습니다
2018-11-13 14:52:02 ERROR DBWriter:94 - opening db: './data.db?user=root': 파일 이름, 디렉터리 이름 또는 볼륨 레이블 구문이 잘못되었습니다
2018-11-13 14:52:02 ERROR DBWriter:94 - opening db: './data.db?user=root': 파일 이름, 디렉터리 이름 또는 볼륨 레이블 구문이 잘못되었습니다
2018-11-13 14:52:02 ERROR DBWriter:94 - opening db: './data.db?user=root': 파일 이름, 디렉터리 이름 또는 볼륨 레이블 구문이 잘못되었습니다
2018-11-13 14:52:02 ERROR DBWriter:94 - opening db: './data.db?user=root': 파일 이름, 디렉터리 이름 또는 볼륨 레이블 구문이 잘못되었습니다
2018-11-13 14:52:02 ERROR DBWriter:94 - opening db: './data.db?user=root': 파일 이름, 디렉터리 이름 또는 볼륨 레이블 구문이 잘못되었습니다
2018-11-13 14:52:02 ERROR DBWriter:94 - opening db: './data.db?user=root': 파일 이름, 디렉터리 이름 또는 볼륨 레이블 구문이 잘못되었습니다
2018-11-13 14:52:02 ERROR DBWriter:94 - opening db: './data.db?user=root': 파일 이름, 디렉터리 이름 또는 볼륨 레이블 구문이 잘못되었습니다
2018-11-13 14:52:02 ERROR DBWriter:94 - opening db: './data.db?user=root': 파일 이름, 디렉터리 이름 또는 볼륨 레이블 구문이 잘못되었습니다
2018-11-13 14:52:02 ERROR DBWriter:94 - opening db: './data.db?user=root': 파일 이름, 디렉터리 이름 또는 볼륨 레이블 구문이 잘못되었습니다
2018-11-13 14:52:02 ERROR DBWriter:94 - opening db: './data.db?user=root': 파일 이름, 디렉터리 이름 또는 볼륨 레이블 구문이 잘못되었습니다
2018-11-13 14:52:02 ERROR DBWriter:94 - opening db: './data.db?user=root': 파일 이름, 디렉터리 이름 또는 볼륨 레이블 구문이 잘못되었습니다
2018-11-13 14:52:02 ERROR DBWriter:94 - opening db: './data.db?user=root': 파일 이름, 디렉터리 이름 또는 볼륨 레이블 구문이 잘못되었습니다
2018-11-13 14:52:02 ERROR DBWriter:94 - opening db: './data.db?user=root': 파일 이름, 디렉터리 이름 또는 볼륨 레이블 구문이 잘못되었습니다
2018-11-13 14:52:02 ERROR DBWriter:94 - opening db: './data.db?user=root': 파일 이름, 디렉터리 이름 또는 볼륨 레이블 구문이 잘못되었습니다
2018-11-13 14:52:02 ERROR DBWriter:94 - opening db: './data.db?user=root': 파일 이름, 디렉터리 이름 또는 볼륨 레이블 구문이 잘못되었습니다
2018-11-13 14:52:02 ERROR DBWriter:94 - opening db: './data.db?user=root': 파일 이름, 디렉터리 이름 또는 볼륨 레이블 구문이 잘못되었습니다
2018-11-13 14:52:02 ERROR DBWriter:94 - opening db: './data.db?user=root': 파일 이름, 디렉터리 이름 또는 볼륨 레이블 구문이 잘못되었습니다
2018-11-13 14:52:02 ERROR DBWriter:94 - opening db: './data.db?user=root': 파일 이름, 디렉터리 이름 또는 볼륨 레이블 구문이 잘못되었습니다
2018-11-13 14:52:02 ERROR DBWriter:94 - opening db: './data.db?user=root': 파일 이름, 디렉터리 이름 또는 볼륨 레이블 구문이 잘못되었습니다
2018-11-13 14:52:02 ERROR DBWriter:94 - opening db: './data.db?user=root': 파일 이름, 디렉터리 이름 또는 볼륨 레이블 구문이 잘못되었습니다
2018-11-13 14:52:02 ERROR DBWriter:94 - opening db: './data.db?user=root': 파일 이름, 디렉터리 이름 또는 볼륨 레이블 구문이 잘못되었습니다
2018-11-13 14:52:02 ERROR DBWriter:94 - opening db: './data.db?user=root': 파일 이름, 디렉터리 이름 또는 볼륨 레이블 구문이 잘못되었습니다
2018-11-13 14:52:02 ERROR DBWriter:94 - opening db: './data.db?user=root': 파일 이름, 디렉터리 이름 또는 볼륨 레이블 구문이 잘못되었습니다
2018-11-13 14:52:02 ERROR DBWriter:94 - opening db: './data.db?user=root': 파일 이름, 디렉터리 이름 또는 볼륨 레이블 구문이 잘못되었습니다
2018-11-13 14:52:02 ERROR DBWriter:94 - opening db: './data.db?user=root': 파일 이름, 디렉터리 이름 또는 볼륨 레이블 구문이 잘못되었습니다
2018-11-13 14:52:02 ERROR DBWriter:94 - opening db: './data.db?user=root': 파일 이름, 디렉터리 이름 또는 볼륨 레이블 구문이 잘못되었습니다
2018-11-13 14:52:02 ERROR DBWriter:94 - opening db: './data.db?user=root': 파일 이름, 디렉터리 이름 또는 볼륨 레이블 구문이 잘못되었습니다
2018-11-13 14:52:02 ERROR DBWriter:94 - opening db: './data.db?user=root': 파일 이름, 디렉터리 이름 또는 볼륨 레이블 구문이 잘못되었습니다
2018-11-13 14:52:02 ERROR DBWriter:94 - opening db: './data.db?user=root': 파일 이름, 디렉터리 이름 또는 볼륨 레이블 구문이 잘못되었습니다
2018-11-13 14:52:02 ERROR DBWriter:94 - opening db: './data.db?user=root': 파일 이름, 디렉터리 이름 또는 볼륨 레이블 구문이 잘못되었습니다
2018-11-13 14:52:02 ERROR DBWriter:94 - opening db: './data.db?user=root': 파일 이름, 디렉터리 이름 또는 볼륨 레이블 구문이 잘못되었습니다
2018-11-13 14:52:02 ERROR DBWriter:94 - opening db: './data.db?user=root': 파일 이름, 디렉터리 이름 또는 볼륨 레이블 구문이 잘못되었습니다
2018-11-13 14:52:02 ERROR DBWriter:94 - opening db: './data.db?user=root': 파일 이름, 디렉터리 이름 또는 볼륨 레이블 구문이 잘못되었습니다
2018-11-13 14:52:02 ERROR DBWriter:94 - opening db: './data.db?user=root': 파일 이름, 디렉터리 이름 또는 볼륨 레이블 구문이 잘못되었습니다
2018-11-13 14:52:02 ERROR DBWriter:94 - opening db: './data.db?user=root': 파일 이름, 디렉터리 이름 또는 볼륨 레이블 구문이 잘못되었습니다
2018-11-13 14:52:02 ERROR DBWriter:94 - opening db: './data.db?user=root': 파일 이름, 디렉터리 이름 또는 볼륨 레이블 구문이 잘못되었습니다
2018-11-13 14:52:02 ERROR DBWriter:94 - opening db: './data.db?user=root': 파일 이름, 디렉터리 이름 또는 볼륨 레이블 구문이 잘못되었습니다
2018-11-13 14:52:02 ERROR DBWriter:94 - opening db: './data.db?user=root': 파일 이름, 디렉터리 이름 또는 볼륨 레이블 구문이 잘못되었습니다
2018-11-13 14:52:02 ERROR DBWriter:94 - opening db: './data.db?user=root': 파일 이름, 디렉터리 이름 또는 볼륨 레이블 구문이 잘못되었습니다
2018-11-13 14:52:02 ERROR DBWriter:94 - opening db: './data.db?user=root': 파일 이름, 디렉터리 이름 또는 볼륨 레이블 구문이 잘못되었습니다
2018-11-13 14:52:02 ERROR DBWriter:94 - opening db: './data.db?user=root': 파일 이름, 디렉터리 이름 또는 볼륨 레이블 구문이 잘못되었습니다
2018-11-13 14:52:02 ERROR DBWriter:94 - opening db: './data.db?user=root': 파일 이름, 디렉터리 이름 또는 볼륨 레이블 구문이 잘못되었습니다
2018-11-13 14:52:02 ERROR DBWriter:94 - opening db: './data.db?user=root': 파일 이름, 디렉터리 이름 또는 볼륨 레이블 구문이 잘못되었습니다
2018-11-13 14:52:03 ERROR DBWriter:94 - opening db: './data.db?user=root': 파일 이름, 디렉터리 이름 또는 볼륨 레이블 구문이 잘못되었습니다
2018-11-13 14:52:03 ERROR DBWriter:94 - opening db: './data.db?user=root': 파일 이름, 디렉터리 이름 또는 볼륨 레이블 구문이 잘못되었습니다
2018-11-13 14:52:03 ERROR DBWriter:94 - opening db: './data.db?user=root': 파일 이름, 디렉터리 이름 또는 볼륨 레이블 구문이 잘못되었습니다
2018-11-13 14:52:03 ERROR DBWriter:94 - opening db: './data.db?user=root': 파일 이름, 디렉터리 이름 또는 볼륨 레이블 구문이 잘못되었습니다
2018-11-13 14:52:03 ERROR DBWriter:94 - opening db: './data.db?user=root': 파일 이름, 디렉터리 이름 또는 볼륨 레이블 구문이 잘못되었습니다
2018-11-13 14:52:03 ERROR DBWriter:94 - opening db: './data.db?user=root': 파일 이름, 디렉터리 이름 또는 볼륨 레이블 구문이 잘못되었습니다
2018-11-13 14:52:03 ERROR DBWriter:94 - opening db: './data.db?user=root': 파일 이름, 디렉터리 이름 또는 볼륨 레이블 구문이 잘못되었습니다
2018-11-13 14:52:03 ERROR DBWriter:94 - opening db: './data.db?user=root': 파일 이름, 디렉터리 이름 또는 볼륨 레이블 구문이 잘못되었습니다
2018-11-13 14:52:03 ERROR DBWriter:94 - opening db: './data.db?user=root': 파일 이름, 디렉터리 이름 또는 볼륨 레이블 구문이 잘못되었습니다
2018-11-13 14:52:03 ERROR DBWriter:94 - opening db: './data.db?user=root': 파일 이름, 디렉터리 이름 또는 볼륨 레이블 구문이 잘못되었습니다
2018-11-13 14:52:03 ERROR DBWriter:94 - opening db: './data.db?user=root': 파일 이름, 디렉터리 이름 또는 볼륨 레이블 구문이 잘못되었습니다
2018-11-13 14:52:03 ERROR DBWriter:94 - opening db: './data.db?user=root': 파일 이름, 디렉터리 이름 또는 볼륨 레이블 구문이 잘못되었습니다
2018-11-13 14:52:03 ERROR DBWriter:94 - opening db: './data.db?user=root': 파일 이름, 디렉터리 이름 또는 볼륨 레이블 구문이 잘못되었습니다
2018-11-13 14:52:03 ERROR DBWriter:94 - opening db: './data.db?user=root': 파일 이름, 디렉터리 이름 또는 볼륨 레이블 구문이 잘못되었습니다
2018-11-13 14:52:03 ERROR DBWriter:94 - opening db: './data.db?user=root': 파일 이름, 디렉터리 이름 또는 볼륨 레이블 구문이 잘못되었습니다
2018-11-13 14:52:03 ERROR DBWriter:94 - opening db: './data.db?user=root': 파일 이름, 디렉터리 이름 또는 볼륨 레이블 구문이 잘못되었습니다
2018-11-13 14:52:03 ERROR DBWriter:94 - opening db: './data.db?user=root': 파일 이름, 디렉터리 이름 또는 볼륨 레이블 구문이 잘못되었습니다
2018-11-13 14:52:03 ERROR DBWriter:94 - opening db: './data.db?user=root': 파일 이름, 디렉터리 이름 또는 볼륨 레이블 구문이 잘못되었습니다
2018-11-13 14:52:03 ERROR DBWriter:94 - opening db: './data.db?user=root': 파일 이름, 디렉터리 이름 또는 볼륨 레이블 구문이 잘못되었습니다
2018-11-13 14:52:03 ERROR DBWriter:94 - opening db: './data.db?user=root': 파일 이름, 디렉터리 이름 또는 볼륨 레이블 구문이 잘못되었습니다
2018-11-13 14:52:03 ERROR DBWriter:94 - opening db: './data.db?user=root': 파일 이름, 디렉터리 이름 또는 볼륨 레이블 구문이 잘못되었습니다
2018-11-13 14:52:03 ERROR DBWriter:94 - opening db: './data.db?user=root': 파일 이름, 디렉터리 이름 또는 볼륨 레이블 구문이 잘못되었습니다
2018-11-13 14:52:03 ERROR DBWriter:94 - opening db: './data.db?user=root': 파일 이름, 디렉터리 이름 또는 볼륨 레이블 구문이 잘못되었습니다
2018-11-13 14:52:03 ERROR DBWriter:94 - opening db: './data.db?user=root': 파일 이름, 디렉터리 이름 또는 볼륨 레이블 구문이 잘못되었습니다
2018-11-13 14:52:03 ERROR DBWriter:94 - opening db: './data.db?user=root': 파일 이름, 디렉터리 이름 또는 볼륨 레이블 구문이 잘못되었습니다
2018-11-13 14:52:03 ERROR DBWriter:94 - opening db: './data.db?user=root': 파일 이름, 디렉터리 이름 또는 볼륨 레이블 구문이 잘못되었습니다
2018-11-13 14:52:03 ERROR DBWriter:94 - opening db: './data.db?user=root': 파일 이름, 디렉터리 이름 또는 볼륨 레이블 구문이 잘못되었습니다
2018-11-13 14:52:03 ERROR DBWriter:94 - opening db: './data.db?user=root': 파일 이름, 디렉터리 이름 또는 볼륨 레이블 구문이 잘못되었습니다
2018-11-13 14:52:03 ERROR DBWriter:94 - opening db: './data.db?user=root': 파일 이름, 디렉터리 이름 또는 볼륨 레이블 구문이 잘못되었습니다
2018-11-13 14:52:03 ERROR DBWriter:94 - opening db: './data.db?user=root': 파일 이름, 디렉터리 이름 또는 볼륨 레이블 구문이 잘못되었습니다
2018-11-13 14:52:03 ERROR DBWriter:94 - opening db: './data.db?user=root': 파일 이름, 디렉터리 이름 또는 볼륨 레이블 구문이 잘못되었습니다
2018-11-13 14:52:03 ERROR DBWriter:94 - opening db: './data.db?user=root': 파일 이름, 디렉터리 이름 또는 볼륨 레이블 구문이 잘못되었습니다
2018-11-13 14:52:03 ERROR DBWriter:94 - opening db: './data.db?user=root': 파일 이름, 디렉터리 이름 또는 볼륨 레이블 구문이 잘못되었습니다
2018-11-13 14:52:03 ERROR DBWriter:94 - opening db: './data.db?user=root': 파일 이름, 디렉터리 이름 또는 볼륨 레이블 구문이 잘못되었습니다
2018-11-13 14:52:03 ERROR DBWriter:94 - opening db: './data.db?user=root': 파일 이름, 디렉터리 이름 또는 볼륨 레이블 구문이 잘못되었습니다
2018-11-13 14:52:03 ERROR DBWriter:94 - opening db: './data.db?user=root': 파일 이름, 디렉터리 이름 또는 볼륨 레이블 구문이 잘못되었습니다
2018-11-13 14:52:03 ERROR DBWriter:94 - opening db: './data.db?user=root': 파일 이름, 디렉터리 이름 또는 볼륨 레이블 구문이 잘못되었습니다
2018-11-13 14:52:03 ERROR DBWriter:94 - opening db: './data.db?user=root': 파일 이름, 디렉터리 이름 또는 볼륨 레이블 구문이 잘못되었습니다
2018-11-13 14:52:03 ERROR DBWriter:94 - opening db: './data.db?user=root': 파일 이름, 디렉터리 이름 또는 볼륨 레이블 구문이 잘못되었습니다
2018-11-13 14:52:03 ERROR DBWriter:94 - opening db: './data.db?user=root': 파일 이름, 디렉터리 이름 또는 볼륨 레이블 구문이 잘못되었습니다
2018-11-13 14:52:03 ERROR DBWriter:94 - opening db: './data.db?user=root': 파일 이름, 디렉터리 이름 또는 볼륨 레이블 구문이 잘못되었습니다
2018-11-13 14:52:03 ERROR DBWriter:94 - opening db: './data.db?user=root': 파일 이름, 디렉터리 이름 또는 볼륨 레이블 구문이 잘못되었습니다
2018-11-13 14:52:03 ERROR DBWriter:94 - opening db: './data.db?user=root': 파일 이름, 디렉터리 이름 또는 볼륨 레이블 구문이 잘못되었습니다
2018-11-13 14:52:03 ERROR DBWriter:94 - opening db: './data.db?user=root': 파일 이름, 디렉터리 이름 또는 볼륨 레이블 구문이 잘못되었습니다
2018-11-13 14:52:03 ERROR DBWriter:94 - opening db: './data.db?user=root': 파일 이름, 디렉터리 이름 또는 볼륨 레이블 구문이 잘못되었습니다
2018-11-13 14:52:03 ERROR DBWriter:94 - opening db: './data.db?user=root': 파일 이름, 디렉터리 이름 또는 볼륨 레이블 구문이 잘못되었습니다
2018-11-13 14:52:03 ERROR DBWriter:94 - opening db: './data.db?user=root': 파일 이름, 디렉터리 이름 또는 볼륨 레이블 구문이 잘못되었습니다
2018-11-13 14:52:03 ERROR DBWriter:94 - opening db: './data.db?user=root': 파일 이름, 디렉터리 이름 또는 볼륨 레이블 구문이 잘못되었습니다
2018-11-13 14:52:03 ERROR DBWriter:94 - opening db: './data.db?user=root': 파일 이름, 디렉터리 이름 또는 볼륨 레이블 구문이 잘못되었습니다
2018-11-13 14:52:03 ERROR DBWriter:94 - opening db: './data.db?user=root': 파일 이름, 디렉터리 이름 또는 볼륨 레이블 구문이 잘못되었습니다
2018-11-13 14:52:03 ERROR DBWriter:94 - opening db: './data.db?user=root': 파일 이름, 디렉터리 이름 또는 볼륨 레이블 구문이 잘못되었습니다
2018-11-13 14:52:03 ERROR DBWriter:94 - opening db: './data.db?user=root': 파일 이름, 디렉터리 이름 또는 볼륨 레이블 구문이 잘못되었습니다
2018-11-13 14:52:03 ERROR DBWriter:94 - opening db: './data.db?user=root': 파일 이름, 디렉터리 이름 또는 볼륨 레이블 구문이 잘못되었습니다
2018-11-13 14:52:03 ERROR DBWriter:94 - opening db: './data.db?user=root': 파일 이름, 디렉터리 이름 또는 볼륨 레이블 구문이 잘못되었습니다
2018-11-13 14:52:03 ERROR DBWriter:94 - opening db: './data.db?user=root': 파일 이름, 디렉터리 이름 또는 볼륨 레이블 구문이 잘못되었습니다
2018-11-13 14:52:03 ERROR DBWriter:94 - opening db: './data.db?user=root': 파일 이름, 디렉터리 이름 또는 볼륨 레이블 구문이 잘못되었습니다
2018-11-13 14:52:03 ERROR DBWriter:94 - opening db: './data.db?user=root': 파일 이름, 디렉터리 이름 또는 볼륨 레이블 구문이 잘못되었습니다
2018-11-13 14:52:03 ERROR DBWriter:94 - opening db: './data.db?user=root': 파일 이름, 디렉터리 이름 또는 볼륨 레이블 구문이 잘못되었습니다
2018-11-13 14:52:03 ERROR DBWriter:94 - opening db: './data.db?user=root': 파일 이름, 디렉터리 이름 또는 볼륨 레이블 구문이 잘못되었습니다
2018-11-13 14:52:03 ERROR DBWriter:94 - opening db: './data.db?user=root': 파일 이름, 디렉터리 이름 또는 볼륨 레이블 구문이 잘못되었습니다
2018-11-13 14:52:03 ERROR DBWriter:94 - opening db: './data.db?user=root': 파일 이름, 디렉터리 이름 또는 볼륨 레이블 구문이 잘못되었습니다
2018-11-13 14:52:03 ERROR DBWriter:94 - opening db: './data.db?user=root': 파일 이름, 디렉터리 이름 또는 볼륨 레이블 구문이 잘못되었습니다
2018-11-13 14:52:03 ERROR DBWriter:94 - opening db: './data.db?user=root': 파일 이름, 디렉터리 이름 또는 볼륨 레이블 구문이 잘못되었습니다
2018-11-13 14:52:03 ERROR DBWriter:94 - opening db: './data.db?user=root': 파일 이름, 디렉터리 이름 또는 볼륨 레이블 구문이 잘못되었습니다
2018-11-13 14:52:03 ERROR DBWriter:94 - opening db: './data.db?user=root': 파일 이름, 디렉터리 이름 또는 볼륨 레이블 구문이 잘못되었습니다
2018-11-13 14:52:03 ERROR DBWriter:94 - opening db: './data.db?user=root': 파일 이름, 디렉터리 이름 또는 볼륨 레이블 구문이 잘못되었습니다
2018-11-13 14:52:03 ERROR DBWriter:94 - opening db: './data.db?user=root': 파일 이름, 디렉터리 이름 또는 볼륨 레이블 구문이 잘못되었습니다
2018-11-13 14:52:03 ERROR DBWriter:94 - opening db: './data.db?user=root': 파일 이름, 디렉터리 이름 또는 볼륨 레이블 구문이 잘못되었습니다
2018-11-13 14:52:03 ERROR DBWriter:94 - opening db: './data.db?user=root': 파일 이름, 디렉터리 이름 또는 볼륨 레이블 구문이 잘못되었습니다
2018-11-13 14:52:03 ERROR DBWriter:94 - opening db: './data.db?user=root': 파일 이름, 디렉터리 이름 또는 볼륨 레이블 구문이 잘못되었습니다
2018-11-13 14:52:03 ERROR DBWriter:94 - opening db: './data.db?user=root': 파일 이름, 디렉터리 이름 또는 볼륨 레이블 구문이 잘못되었습니다
2018-11-13 14:52:03 ERROR DBWriter:94 - opening db: './data.db?user=root': 파일 이름, 디렉터리 이름 또는 볼륨 레이블 구문이 잘못되었습니다
2018-11-13 14:52:03 ERROR DBWriter:94 - opening db: './data.db?user=root': 파일 이름, 디렉터리 이름 또는 볼륨 레이블 구문이 잘못되었습니다
2018-11-13 14:52:03 ERROR DBWriter:94 - opening db: './data.db?user=root': 파일 이름, 디렉터리 이름 또는 볼륨 레이블 구문이 잘못되었습니다
2018-11-13 14:52:03 ERROR DBWriter:94 - opening db: './data.db?user=root': 파일 이름, 디렉터리 이름 또는 볼륨 레이블 구문이 잘못되었습니다
2018-11-13 14:52:03 ERROR DBWriter:94 - opening db: './data.db?user=root': 파일 이름, 디렉터리 이름 또는 볼륨 레이블 구문이 잘못되었습니다
2018-11-13 14:52:03 ERROR DBWriter:94 - opening db: './data.db?user=root': 파일 이름, 디렉터리 이름 또는 볼륨 레이블 구문이 잘못되었습니다
2018-11-13 14:52:03 ERROR DBWriter:94 - opening db: './data.db?user=root': 파일 이름, 디렉터리 이름 또는 볼륨 레이블 구문이 잘못되었습니다
2018-11-13 14:52:03 ERROR DBWriter:94 - opening db: './data.db?user=root': 파일 이름, 디렉터리 이름 또는 볼륨 레이블 구문이 잘못되었습니다
2018-11-13 14:52:03 ERROR DBWriter:94 - opening db: './data.db?user=root': 파일 이름, 디렉터리 이름 또는 볼륨 레이블 구문이 잘못되었습니다
2018-11-13 14:52:03 ERROR DBWriter:94 - opening db: './data.db?user=root': 파일 이름, 디렉터리 이름 또는 볼륨 레이블 구문이 잘못되었습니다
2018-11-13 14:52:03 ERROR DBWriter:94 - opening db: './data.db?user=root': 파일 이름, 디렉터리 이름 또는 볼륨 레이블 구문이 잘못되었습니다
2018-11-13 14:52:03 ERROR DBWriter:94 - opening db: './data.db?user=root': 파일 이름, 디렉터리 이름 또는 볼륨 레이블 구문이 잘못되었습니다
2018-11-13 14:52:03 ERROR DBWriter:94 - opening db: './data.db?user=root': 파일 이름, 디렉터리 이름 또는 볼륨 레이블 구문이 잘못되었습니다
2018-11-13 14:52:03 ERROR DBWriter:94 - opening db: './data.db?user=root': 파일 이름, 디렉터리 이름 또는 볼륨 레이블 구문이 잘못되었습니다
2018-11-13 14:52:03 ERROR DBWriter:94 - opening db: './data.db?user=root': 파일 이름, 디렉터리 이름 또는 볼륨 레이블 구문이 잘못되었습니다
2018-11-13 14:52:03 ERROR DBWriter:94 - opening db: './data.db?user=root': 파일 이름, 디렉터리 이름 또는 볼륨 레이블 구문이 잘못되었습니다
2018-11-13 14:52:03 ERROR DBWriter:94 - opening db: './data.db?user=root': 파일 이름, 디렉터리 이름 또는 볼륨 레이블 구문이 잘못되었습니다
2018-11-13 14:52:03 ERROR DBWriter:94 - opening db: './data.db?user=root': 파일 이름, 디렉터리 이름 또는 볼륨 레이블 구문이 잘못되었습니다
2018-11-13 14:52:03 ERROR DBWriter:94 - opening db: './data.db?user=root': 파일 이름, 디렉터리 이름 또는 볼륨 레이블 구문이 잘못되었습니다
2018-11-13 14:52:03 ERROR DBWriter:94 - opening db: './data.db?user=root': 파일 이름, 디렉터리 이름 또는 볼륨 레이블 구문이 잘못되었습니다
2018-11-13 14:52:03 ERROR DBWriter:94 - opening db: './data.db?user=root': 파일 이름, 디렉터리 이름 또는 볼륨 레이블 구문이 잘못되었습니다
2018-11-13 14:52:03 ERROR DBWriter:94 - opening db: './data.db?user=root': 파일 이름, 디렉터리 이름 또는 볼륨 레이블 구문이 잘못되었습니다
2018-11-13 14:52:03 ERROR DBWriter:94 - opening db: './data.db?user=root': 파일 이름, 디렉터리 이름 또는 볼륨 레이블 구문이 잘못되었습니다
2018-11-13 14:52:03 ERROR DBWriter:94 - opening db: './data.db?user=root': 파일 이름, 디렉터리 이름 또는 볼륨 레이블 구문이 잘못되었습니다
2018-11-13 14:52:03 ERROR DBWriter:94 - opening db: './data.db?user=root': 파일 이름, 디렉터리 이름 또는 볼륨 레이블 구문이 잘못되었습니다
2018-11-13 14:52:03 ERROR DBWriter:94 - opening db: './data.db?user=root': 파일 이름, 디렉터리 이름 또는 볼륨 레이블 구문이 잘못되었습니다
2018-11-13 15:10:38 ERROR DBWriter:94 - opening db: 'c:/data.db?user=root': 파일 이름, 디렉터리 이름 또는 볼륨 레이블 구문이 잘못되었습니다
2018-11-13 15:10:38 ERROR DBWriter:94 - opening db: 'c:/data.db?user=root': 파일 이름, 디렉터리 이름 또는 볼륨 레이블 구문이 잘못되었습니다
2018-11-13 15:10:38 ERROR DBWriter:94 - opening db: 'c:/data.db?user=root': 파일 이름, 디렉터리 이름 또는 볼륨 레이블 구문이 잘못되었습니다
2018-11-13 15:10:38 ERROR DBWriter:94 - opening db: 'c:/data.db?user=root': 파일 이름, 디렉터리 이름 또는 볼륨 레이블 구문이 잘못되었습니다
2018-11-13 15:10:38 ERROR DBWriter:94 - opening db: 'c:/data.db?user=root': 파일 이름, 디렉터리 이름 또는 볼륨 레이블 구문이 잘못되었습니다
2018-11-13 15:10:38 ERROR DBWriter:94 - opening db: 'c:/data.db?user=root': 파일 이름, 디렉터리 이름 또는 볼륨 레이블 구문이 잘못되었습니다
2018-11-13 15:10:38 ERROR DBWriter:94 - opening db: 'c:/data.db?user=root': 파일 이름, 디렉터리 이름 또는 볼륨 레이블 구문이 잘못되었습니다
2018-11-13 15:10:38 ERROR DBWriter:94 - opening db: 'c:/data.db?user=root': 파일 이름, 디렉터리 이름 또는 볼륨 레이블 구문이 잘못되었습니다
2018-11-13 15:10:38 ERROR DBWriter:94 - opening db: 'c:/data.db?user=root': 파일 이름, 디렉터리 이름 또는 볼륨 레이블 구문이 잘못되었습니다
2018-11-13 15:10:38 ERROR DBWriter:94 - opening db: 'c:/data.db?user=root': 파일 이름, 디렉터리 이름 또는 볼륨 레이블 구문이 잘못되었습니다
2018-11-13 15:10:38 ERROR DBWriter:94 - opening db: 'c:/data.db?user=root': 파일 이름, 디렉터리 이름 또는 볼륨 레이블 구문이 잘못되었습니다
2018-11-13 15:10:38 ERROR DBWriter:94 - opening db: 'c:/data.db?user=root': 파일 이름, 디렉터리 이름 또는 볼륨 레이블 구문이 잘못되었습니다
2018-11-13 15:10:38 ERROR DBWriter:94 - opening db: 'c:/data.db?user=root': 파일 이름, 디렉터리 이름 또는 볼륨 레이블 구문이 잘못되었습니다
2018-11-13 15:10:38 ERROR DBWriter:94 - opening db: 'c:/data.db?user=root': 파일 이름, 디렉터리 이름 또는 볼륨 레이블 구문이 잘못되었습니다
2018-11-13 15:10:38 ERROR DBWriter:94 - opening db: 'c:/data.db?user=root': 파일 이름, 디렉터리 이름 또는 볼륨 레이블 구문이 잘못되었습니다
2018-11-13 15:10:38 ERROR DBWriter:94 - opening db: 'c:/data.db?user=root': 파일 이름, 디렉터리 이름 또는 볼륨 레이블 구문이 잘못되었습니다
2018-11-13 15:10:38 ERROR DBWriter:94 - opening db: 'c:/data.db?user=root': 파일 이름, 디렉터리 이름 또는 볼륨 레이블 구문이 잘못되었습니다
2018-11-13 15:10:38 ERROR DBWriter:94 - opening db: 'c:/data.db?user=root': 파일 이름, 디렉터리 이름 또는 볼륨 레이블 구문이 잘못되었습니다
2018-11-13 15:10:38 ERROR DBWriter:94 - opening db: 'c:/data.db?user=root': 파일 이름, 디렉터리 이름 또는 볼륨 레이블 구문이 잘못되었습니다
2018-11-13 15:10:38 ERROR DBWriter:94 - opening db: 'c:/data.db?user=root': 파일 이름, 디렉터리 이름 또는 볼륨 레이블 구문이 잘못되었습니다
2018-11-13 15:10:38 ERROR DBWriter:94 - opening db: 'c:/data.db?user=root': 파일 이름, 디렉터리 이름 또는 볼륨 레이블 구문이 잘못되었습니다
2018-11-13 15:10:38 ERROR DBWriter:94 - opening db: 'c:/data.db?user=root': 파일 이름, 디렉터리 이름 또는 볼륨 레이블 구문이 잘못되었습니다
2018-11-13 15:10:38 ERROR DBWriter:94 - opening db: 'c:/data.db?user=root': 파일 이름, 디렉터리 이름 또는 볼륨 레이블 구문이 잘못되었습니다
2018-11-13 15:10:38 ERROR DBWriter:94 - opening db: 'c:/data.db?user=root': 파일 이름, 디렉터리 이름 또는 볼륨 레이블 구문이 잘못되었습니다
2018-11-13 15:10:38 ERROR DBWriter:94 - opening db: 'c:/data.db?user=root': 파일 이름, 디렉터리 이름 또는 볼륨 레이블 구문이 잘못되었습니다
2018-11-13 15:10:38 ERROR DBWriter:94 - opening db: 'c:/data.db?user=root': 파일 이름, 디렉터리 이름 또는 볼륨 레이블 구문이 잘못되었습니다
2018-11-13 15:10:38 ERROR DBWriter:94 - opening db: 'c:/data.db?user=root': 파일 이름, 디렉터리 이름 또는 볼륨 레이블 구문이 잘못되었습니다
2018-11-13 15:10:38 ERROR DBWriter:94 - opening db: 'c:/data.db?user=root': 파일 이름, 디렉터리 이름 또는 볼륨 레이블 구문이 잘못되었습니다
2018-11-13 15:10:38 ERROR DBWriter:94 - opening db: 'c:/data.db?user=root': 파일 이름, 디렉터리 이름 또는 볼륨 레이블 구문이 잘못되었습니다
2018-11-13 15:10:38 ERROR DBWriter:94 - opening db: 'c:/data.db?user=root': 파일 이름, 디렉터리 이름 또는 볼륨 레이블 구문이 잘못되었습니다
2018-11-13 15:10:38 ERROR DBWriter:94 - opening db: 'c:/data.db?user=root': 파일 이름, 디렉터리 이름 또는 볼륨 레이블 구문이 잘못되었습니다
2018-11-13 15:10:38 ERROR DBWriter:94 - opening db: 'c:/data.db?user=root': 파일 이름, 디렉터리 이름 또는 볼륨 레이블 구문이 잘못되었습니다
2018-11-13 15:10:38 ERROR DBWriter:94 - opening db: 'c:/data.db?user=root': 파일 이름, 디렉터리 이름 또는 볼륨 레이블 구문이 잘못되었습니다
2018-11-13 15:10:38 ERROR DBWriter:94 - opening db: 'c:/data.db?user=root': 파일 이름, 디렉터리 이름 또는 볼륨 레이블 구문이 잘못되었습니다
2018-11-13 15:10:38 ERROR DBWriter:94 - opening db: 'c:/data.db?user=root': 파일 이름, 디렉터리 이름 또는 볼륨 레이블 구문이 잘못되었습니다
2018-11-13 15:10:38 ERROR DBWriter:94 - opening db: 'c:/data.db?user=root': 파일 이름, 디렉터리 이름 또는 볼륨 레이블 구문이 잘못되었습니다
2018-11-13 15:10:38 ERROR DBWriter:94 - opening db: 'c:/data.db?user=root': 파일 이름, 디렉터리 이름 또는 볼륨 레이블 구문이 잘못되었습니다
2018-11-13 15:10:38 ERROR DBWriter:94 - opening db: 'c:/data.db?user=root': 파일 이름, 디렉터리 이름 또는 볼륨 레이블 구문이 잘못되었습니다
2018-11-13 15:10:38 ERROR DBWriter:94 - opening db: 'c:/data.db?user=root': 파일 이름, 디렉터리 이름 또는 볼륨 레이블 구문이 잘못되었습니다
2018-11-13 15:10:38 ERROR DBWriter:94 - opening db: 'c:/data.db?user=root': 파일 이름, 디렉터리 이름 또는 볼륨 레이블 구문이 잘못되었습니다
2018-11-13 15:10:38 ERROR DBWriter:94 - opening db: 'c:/data.db?user=root': 파일 이름, 디렉터리 이름 또는 볼륨 레이블 구문이 잘못되었습니다
2018-11-13 15:10:38 ERROR DBWriter:94 - opening db: 'c:/data.db?user=root': 파일 이름, 디렉터리 이름 또는 볼륨 레이블 구문이 잘못되었습니다
2018-11-13 15:10:38 ERROR DBWriter:94 - opening db: 'c:/data.db?user=root': 파일 이름, 디렉터리 이름 또는 볼륨 레이블 구문이 잘못되었습니다
2018-11-13 15:10:38 ERROR DBWriter:94 - opening db: 'c:/data.db?user=root': 파일 이름, 디렉터리 이름 또는 볼륨 레이블 구문이 잘못되었습니다
2018-11-13 15:10:38 ERROR DBWriter:94 - opening db: 'c:/data.db?user=root': 파일 이름, 디렉터리 이름 또는 볼륨 레이블 구문이 잘못되었습니다
2018-11-13 15:10:38 ERROR DBWriter:94 - opening db: 'c:/data.db?user=root': 파일 이름, 디렉터리 이름 또는 볼륨 레이블 구문이 잘못되었습니다
2018-11-13 15:10:38 ERROR DBWriter:94 - opening db: 'c:/data.db?user=root': 파일 이름, 디렉터리 이름 또는 볼륨 레이블 구문이 잘못되었습니다
2018-11-13 15:10:38 ERROR DBWriter:94 - opening db: 'c:/data.db?user=root': 파일 이름, 디렉터리 이름 또는 볼륨 레이블 구문이 잘못되었습니다
2018-11-13 15:10:38 ERROR DBWriter:94 - opening db: 'c:/data.db?user=root': 파일 이름, 디렉터리 이름 또는 볼륨 레이블 구문이 잘못되었습니다
2018-11-13 15:10:38 ERROR DBWriter:94 - opening db: 'c:/data.db?user=root': 파일 이름, 디렉터리 이름 또는 볼륨 레이블 구문이 잘못되었습니다
2018-11-13 15:10:38 ERROR DBWriter:94 - opening db: 'c:/data.db?user=root': 파일 이름, 디렉터리 이름 또는 볼륨 레이블 구문이 잘못되었습니다
2018-11-13 15:10:38 ERROR DBWriter:94 - opening db: 'c:/data.db?user=root': 파일 이름, 디렉터리 이름 또는 볼륨 레이블 구문이 잘못되었습니다
2018-11-13 15:10:38 ERROR DBWriter:94 - opening db: 'c:/data.db?user=root': 파일 이름, 디렉터리 이름 또는 볼륨 레이블 구문이 잘못되었습니다
2018-11-13 15:10:38 ERROR DBWriter:94 - opening db: 'c:/data.db?user=root': 파일 이름, 디렉터리 이름 또는 볼륨 레이블 구문이 잘못되었습니다
2018-11-13 15:10:38 ERROR DBWriter:94 - opening db: 'c:/data.db?user=root': 파일 이름, 디렉터리 이름 또는 볼륨 레이블 구문이 잘못되었습니다
2018-11-13 15:10:38 ERROR DBWriter:94 - opening db: 'c:/data.db?user=root': 파일 이름, 디렉터리 이름 또는 볼륨 레이블 구문이 잘못되었습니다
2018-11-13 15:10:38 ERROR DBWriter:94 - opening db: 'c:/data.db?user=root': 파일 이름, 디렉터리 이름 또는 볼륨 레이블 구문이 잘못되었습니다
2018-11-13 15:10:38 ERROR DBWriter:94 - opening db: 'c:/data.db?user=root': 파일 이름, 디렉터리 이름 또는 볼륨 레이블 구문이 잘못되었습니다
2018-11-13 15:10:38 ERROR DBWriter:94 - opening db: 'c:/data.db?user=root': 파일 이름, 디렉터리 이름 또는 볼륨 레이블 구문이 잘못되었습니다
2018-11-13 15:10:38 ERROR DBWriter:94 - opening db: 'c:/data.db?user=root': 파일 이름, 디렉터리 이름 또는 볼륨 레이블 구문이 잘못되었습니다
2018-11-13 15:10:38 ERROR DBWriter:94 - opening db: 'c:/data.db?user=root': 파일 이름, 디렉터리 이름 또는 볼륨 레이블 구문이 잘못되었습니다
2018-11-13 15:10:38 ERROR DBWriter:94 - opening db: 'c:/data.db?user=root': 파일 이름, 디렉터리 이름 또는 볼륨 레이블 구문이 잘못되었습니다
2018-11-13 15:10:38 ERROR DBWriter:94 - opening db: 'c:/data.db?user=root': 파일 이름, 디렉터리 이름 또는 볼륨 레이블 구문이 잘못되었습니다
2018-11-13 15:10:38 ERROR DBWriter:94 - opening db: 'c:/data.db?user=root': 파일 이름, 디렉터리 이름 또는 볼륨 레이블 구문이 잘못되었습니다
2018-11-13 15:10:38 ERROR DBWriter:94 - opening db: 'c:/data.db?user=root': 파일 이름, 디렉터리 이름 또는 볼륨 레이블 구문이 잘못되었습니다
2018-11-13 15:10:38 ERROR DBWriter:94 - opening db: 'c:/data.db?user=root': 파일 이름, 디렉터리 이름 또는 볼륨 레이블 구문이 잘못되었습니다
2018-11-13 15:10:38 ERROR DBWriter:94 - opening db: 'c:/data.db?user=root': 파일 이름, 디렉터리 이름 또는 볼륨 레이블 구문이 잘못되었습니다
2018-11-13 15:10:38 ERROR DBWriter:94 - opening db: 'c:/data.db?user=root': 파일 이름, 디렉터리 이름 또는 볼륨 레이블 구문이 잘못되었습니다
2018-11-13 15:10:38 ERROR DBWriter:94 - opening db: 'c:/data.db?user=root': 파일 이름, 디렉터리 이름 또는 볼륨 레이블 구문이 잘못되었습니다
2018-11-13 15:10:38 ERROR DBWriter:94 - opening db: 'c:/data.db?user=root': 파일 이름, 디렉터리 이름 또는 볼륨 레이블 구문이 잘못되었습니다
2018-11-13 15:10:38 ERROR DBWriter:94 - opening db: 'c:/data.db?user=root': 파일 이름, 디렉터리 이름 또는 볼륨 레이블 구문이 잘못되었습니다
2018-11-13 15:10:38 ERROR DBWriter:94 - opening db: 'c:/data.db?user=root': 파일 이름, 디렉터리 이름 또는 볼륨 레이블 구문이 잘못되었습니다
2018-11-13 15:10:38 ERROR DBWriter:94 - opening db: 'c:/data.db?user=root': 파일 이름, 디렉터리 이름 또는 볼륨 레이블 구문이 잘못되었습니다
2018-11-13 15:10:38 ERROR DBWriter:94 - opening db: 'c:/data.db?user=root': 파일 이름, 디렉터리 이름 또는 볼륨 레이블 구문이 잘못되었습니다
2018-11-13 15:10:38 ERROR DBWriter:94 - opening db: 'c:/data.db?user=root': 파일 이름, 디렉터리 이름 또는 볼륨 레이블 구문이 잘못되었습니다
2018-11-13 15:10:38 ERROR DBWriter:94 - opening db: 'c:/data.db?user=root': 파일 이름, 디렉터리 이름 또는 볼륨 레이블 구문이 잘못되었습니다
2018-11-13 15:10:38 ERROR DBWriter:94 - opening db: 'c:/data.db?user=root': 파일 이름, 디렉터리 이름 또는 볼륨 레이블 구문이 잘못되었습니다
2018-11-13 15:10:38 ERROR DBWriter:94 - opening db: 'c:/data.db?user=root': 파일 이름, 디렉터리 이름 또는 볼륨 레이블 구문이 잘못되었습니다
2018-11-13 15:10:38 ERROR DBWriter:94 - opening db: 'c:/data.db?user=root': 파일 이름, 디렉터리 이름 또는 볼륨 레이블 구문이 잘못되었습니다
2018-11-13 15:10:38 ERROR DBWriter:94 - opening db: 'c:/data.db?user=root': 파일 이름, 디렉터리 이름 또는 볼륨 레이블 구문이 잘못되었습니다
2018-11-13 15:10:38 ERROR DBWriter:94 - opening db: 'c:/data.db?user=root': 파일 이름, 디렉터리 이름 또는 볼륨 레이블 구문이 잘못되었습니다
2018-11-13 15:10:38 ERROR DBWriter:94 - opening db: 'c:/data.db?user=root': 파일 이름, 디렉터리 이름 또는 볼륨 레이블 구문이 잘못되었습니다
2018-11-13 15:10:38 ERROR DBWriter:94 - opening db: 'c:/data.db?user=root': 파일 이름, 디렉터리 이름 또는 볼륨 레이블 구문이 잘못되었습니다
2018-11-13 15:10:38 ERROR DBWriter:94 - opening db: 'c:/data.db?user=root': 파일 이름, 디렉터리 이름 또는 볼륨 레이블 구문이 잘못되었습니다
2018-11-13 15:10:38 ERROR DBWriter:94 - opening db: 'c:/data.db?user=root': 파일 이름, 디렉터리 이름 또는 볼륨 레이블 구문이 잘못되었습니다
2018-11-13 15:10:38 ERROR DBWriter:94 - opening db: 'c:/data.db?user=root': 파일 이름, 디렉터리 이름 또는 볼륨 레이블 구문이 잘못되었습니다
2018-11-13 15:10:38 ERROR DBWriter:94 - opening db: 'c:/data.db?user=root': 파일 이름, 디렉터리 이름 또는 볼륨 레이블 구문이 잘못되었습니다
2018-11-13 15:10:38 ERROR DBWriter:94 - opening db: 'c:/data.db?user=root': 파일 이름, 디렉터리 이름 또는 볼륨 레이블 구문이 잘못되었습니다
2018-11-13 15:10:38 ERROR DBWriter:94 - opening db: 'c:/data.db?user=root': 파일 이름, 디렉터리 이름 또는 볼륨 레이블 구문이 잘못되었습니다
2018-11-13 15:10:38 ERROR DBWriter:94 - opening db: 'c:/data.db?user=root': 파일 이름, 디렉터리 이름 또는 볼륨 레이블 구문이 잘못되었습니다
2018-11-13 15:10:38 ERROR DBWriter:94 - opening db: 'c:/data.db?user=root': 파일 이름, 디렉터리 이름 또는 볼륨 레이블 구문이 잘못되었습니다
2018-11-13 15:10:38 ERROR DBWriter:94 - opening db: 'c:/data.db?user=root': 파일 이름, 디렉터리 이름 또는 볼륨 레이블 구문이 잘못되었습니다
2018-11-13 15:10:38 ERROR DBWriter:94 - opening db: 'c:/data.db?user=root': 파일 이름, 디렉터리 이름 또는 볼륨 레이블 구문이 잘못되었습니다
2018-11-13 15:10:38 ERROR DBWriter:94 - opening db: 'c:/data.db?user=root': 파일 이름, 디렉터리 이름 또는 볼륨 레이블 구문이 잘못되었습니다
2018-11-13 15:10:38 ERROR DBWriter:94 - opening db: 'c:/data.db?user=root': 파일 이름, 디렉터리 이름 또는 볼륨 레이블 구문이 잘못되었습니다
2018-11-13 15:10:38 ERROR DBWriter:94 - opening db: 'c:/data.db?user=root': 파일 이름, 디렉터리 이름 또는 볼륨 레이블 구문이 잘못되었습니다
2018-11-13 15:10:38 ERROR DBWriter:94 - opening db: 'c:/data.db?user=root': 파일 이름, 디렉터리 이름 또는 볼륨 레이블 구문이 잘못되었습니다
2018-11-13 15:10:38 ERROR DBWriter:94 - opening db: 'c:/data.db?user=root': 파일 이름, 디렉터리 이름 또는 볼륨 레이블 구문이 잘못되었습니다
2018-11-13 15:10:38 ERROR DBWriter:94 - opening db: 'c:/data.db?user=root': 파일 이름, 디렉터리 이름 또는 볼륨 레이블 구문이 잘못되었습니다
2018-11-13 15:10:38 ERROR DBWriter:94 - opening db: 'c:/data.db?user=root': 파일 이름, 디렉터리 이름 또는 볼륨 레이블 구문이 잘못되었습니다
2018-11-13 15:10:38 ERROR DBWriter:94 - opening db: 'c:/data.db?user=root': 파일 이름, 디렉터리 이름 또는 볼륨 레이블 구문이 잘못되었습니다
2018-11-13 15:10:38 ERROR DBWriter:94 - opening db: 'c:/data.db?user=root': 파일 이름, 디렉터리 이름 또는 볼륨 레이블 구문이 잘못되었습니다
2018-11-13 15:10:38 ERROR DBWriter:94 - opening db: 'c:/data.db?user=root': 파일 이름, 디렉터리 이름 또는 볼륨 레이블 구문이 잘못되었습니다
2018-11-13 15:10:38 ERROR DBWriter:94 - opening db: 'c:/data.db?user=root': 파일 이름, 디렉터리 이름 또는 볼륨 레이블 구문이 잘못되었습니다
2018-11-13 15:10:38 ERROR DBWriter:94 - opening db: 'c:/data.db?user=root': 파일 이름, 디렉터리 이름 또는 볼륨 레이블 구문이 잘못되었습니다
2018-11-13 15:10:38 ERROR DBWriter:94 - opening db: 'c:/data.db?user=root': 파일 이름, 디렉터리 이름 또는 볼륨 레이블 구문이 잘못되었습니다
2018-11-13 15:10:38 ERROR DBWriter:94 - opening db: 'c:/data.db?user=root': 파일 이름, 디렉터리 이름 또는 볼륨 레이블 구문이 잘못되었습니다
2018-11-13 15:10:38 ERROR DBWriter:94 - opening db: 'c:/data.db?user=root': 파일 이름, 디렉터리 이름 또는 볼륨 레이블 구문이 잘못되었습니다
2018-11-13 15:10:38 ERROR DBWriter:94 - opening db: 'c:/data.db?user=root': 파일 이름, 디렉터리 이름 또는 볼륨 레이블 구문이 잘못되었습니다
2018-11-13 15:10:38 ERROR DBWriter:94 - opening db: 'c:/data.db?user=root': 파일 이름, 디렉터리 이름 또는 볼륨 레이블 구문이 잘못되었습니다
2018-11-13 15:10:38 ERROR DBWriter:94 - opening db: 'c:/data.db?user=root': 파일 이름, 디렉터리 이름 또는 볼륨 레이블 구문이 잘못되었습니다
2018-11-13 15:10:38 ERROR DBWriter:94 - opening db: 'c:/data.db?user=root': 파일 이름, 디렉터리 이름 또는 볼륨 레이블 구문이 잘못되었습니다
2018-11-13 15:10:38 ERROR DBWriter:94 - opening db: 'c:/data.db?user=root': 파일 이름, 디렉터리 이름 또는 볼륨 레이블 구문이 잘못되었습니다
2018-11-13 15:10:38 ERROR DBWriter:94 - opening db: 'c:/data.db?user=root': 파일 이름, 디렉터리 이름 또는 볼륨 레이블 구문이 잘못되었습니다
2018-11-13 15:10:38 ERROR DBWriter:94 - opening db: 'c:/data.db?user=root': 파일 이름, 디렉터리 이름 또는 볼륨 레이블 구문이 잘못되었습니다
2018-11-13 15:10:38 ERROR DBWriter:94 - opening db: 'c:/data.db?user=root': 파일 이름, 디렉터리 이름 또는 볼륨 레이블 구문이 잘못되었습니다
2018-11-13 15:10:38 ERROR DBWriter:94 - opening db: 'c:/data.db?user=root': 파일 이름, 디렉터리 이름 또는 볼륨 레이블 구문이 잘못되었습니다
2018-11-13 15:10:38 ERROR DBWriter:94 - opening db: 'c:/data.db?user=root': 파일 이름, 디렉터리 이름 또는 볼륨 레이블 구문이 잘못되었습니다
2018-11-13 15:10:38 ERROR DBWriter:94 - opening db: 'c:/data.db?user=root': 파일 이름, 디렉터리 이름 또는 볼륨 레이블 구문이 잘못되었습니다
2018-11-13 15:10:38 ERROR DBWriter:94 - opening db: 'c:/data.db?user=root': 파일 이름, 디렉터리 이름 또는 볼륨 레이블 구문이 잘못되었습니다
2018-11-13 15:10:38 ERROR DBWriter:94 - opening db: 'c:/data.db?user=root': 파일 이름, 디렉터리 이름 또는 볼륨 레이블 구문이 잘못되었습니다
2018-11-13 15:10:38 ERROR DBWriter:94 - opening db: 'c:/data.db?user=root': 파일 이름, 디렉터리 이름 또는 볼륨 레이블 구문이 잘못되었습니다
2018-11-13 15:10:38 ERROR DBWriter:94 - opening db: 'c:/data.db?user=root': 파일 이름, 디렉터리 이름 또는 볼륨 레이블 구문이 잘못되었습니다
2018-11-13 15:10:38 ERROR DBWriter:94 - opening db: 'c:/data.db?user=root': 파일 이름, 디렉터리 이름 또는 볼륨 레이블 구문이 잘못되었습니다
2018-11-13 15:10:38 ERROR DBWriter:94 - opening db: 'c:/data.db?user=root': 파일 이름, 디렉터리 이름 또는 볼륨 레이블 구문이 잘못되었습니다
2018-11-13 15:10:38 ERROR DBWriter:94 - opening db: 'c:/data.db?user=root': 파일 이름, 디렉터리 이름 또는 볼륨 레이블 구문이 잘못되었습니다
2018-11-13 15:10:38 ERROR DBWriter:94 - opening db: 'c:/data.db?user=root': 파일 이름, 디렉터리 이름 또는 볼륨 레이블 구문이 잘못되었습니다
2018-11-13 15:10:38 ERROR DBWriter:94 - opening db: 'c:/data.db?user=root': 파일 이름, 디렉터리 이름 또는 볼륨 레이블 구문이 잘못되었습니다
2018-11-13 15:10:38 ERROR DBWriter:94 - opening db: 'c:/data.db?user=root': 파일 이름, 디렉터리 이름 또는 볼륨 레이블 구문이 잘못되었습니다
2018-11-13 15:10:38 ERROR DBWriter:94 - opening db: 'c:/data.db?user=root': 파일 이름, 디렉터리 이름 또는 볼륨 레이블 구문이 잘못되었습니다
2018-11-13 15:10:38 ERROR DBWriter:94 - opening db: 'c:/data.db?user=root': 파일 이름, 디렉터리 이름 또는 볼륨 레이블 구문이 잘못되었습니다
2018-11-13 15:10:38 ERROR DBWriter:94 - opening db: 'c:/data.db?user=root': 파일 이름, 디렉터리 이름 또는 볼륨 레이블 구문이 잘못되었습니다
2018-11-13 15:10:38 ERROR DBWriter:94 - opening db: 'c:/data.db?user=root': 파일 이름, 디렉터리 이름 또는 볼륨 레이블 구문이 잘못되었습니다
2018-11-13 15:10:38 ERROR DBWriter:94 - opening db: 'c:/data.db?user=root': 파일 이름, 디렉터리 이름 또는 볼륨 레이블 구문이 잘못되었습니다
2018-11-13 15:10:38 ERROR DBWriter:94 - opening db: 'c:/data.db?user=root': 파일 이름, 디렉터리 이름 또는 볼륨 레이블 구문이 잘못되었습니다
2018-11-13 15:10:38 ERROR DBWriter:94 - opening db: 'c:/data.db?user=root': 파일 이름, 디렉터리 이름 또는 볼륨 레이블 구문이 잘못되었습니다
2018-11-13 15:10:38 ERROR DBWriter:94 - opening db: 'c:/data.db?user=root': 파일 이름, 디렉터리 이름 또는 볼륨 레이블 구문이 잘못되었습니다
2018-11-13 15:10:38 ERROR DBWriter:94 - opening db: 'c:/data.db?user=root': 파일 이름, 디렉터리 이름 또는 볼륨 레이블 구문이 잘못되었습니다
2018-11-13 15:10:38 ERROR DBWriter:94 - opening db: 'c:/data.db?user=root': 파일 이름, 디렉터리 이름 또는 볼륨 레이블 구문이 잘못되었습니다
2018-11-13 15:10:38 ERROR DBWriter:94 - opening db: 'c:/data.db?user=root': 파일 이름, 디렉터리 이름 또는 볼륨 레이블 구문이 잘못되었습니다
2018-11-13 15:10:38 ERROR DBWriter:94 - opening db: 'c:/data.db?user=root': 파일 이름, 디렉터리 이름 또는 볼륨 레이블 구문이 잘못되었습니다
2018-11-13 15:10:38 ERROR DBWriter:94 - opening db: 'c:/data.db?user=root': 파일 이름, 디렉터리 이름 또는 볼륨 레이블 구문이 잘못되었습니다
2018-11-13 15:10:38 ERROR DBWriter:94 - opening db: 'c:/data.db?user=root': 파일 이름, 디렉터리 이름 또는 볼륨 레이블 구문이 잘못되었습니다
2018-11-13 15:10:38 ERROR DBWriter:94 - opening db: 'c:/data.db?user=root': 파일 이름, 디렉터리 이름 또는 볼륨 레이블 구문이 잘못되었습니다
2018-11-13 15:10:38 ERROR DBWriter:94 - opening db: 'c:/data.db?user=root': 파일 이름, 디렉터리 이름 또는 볼륨 레이블 구문이 잘못되었습니다
2018-11-13 15:10:38 ERROR DBWriter:94 - opening db: 'c:/data.db?user=root': 파일 이름, 디렉터리 이름 또는 볼륨 레이블 구문이 잘못되었습니다
2018-11-13 15:10:38 ERROR DBWriter:94 - opening db: 'c:/data.db?user=root': 파일 이름, 디렉터리 이름 또는 볼륨 레이블 구문이 잘못되었습니다
2018-11-13 15:10:38 ERROR DBWriter:94 - opening db: 'c:/data.db?user=root': 파일 이름, 디렉터리 이름 또는 볼륨 레이블 구문이 잘못되었습니다
2018-11-13 15:10:38 ERROR DBWriter:94 - opening db: 'c:/data.db?user=root': 파일 이름, 디렉터리 이름 또는 볼륨 레이블 구문이 잘못되었습니다
2018-11-13 15:10:38 ERROR DBWriter:94 - opening db: 'c:/data.db?user=root': 파일 이름, 디렉터리 이름 또는 볼륨 레이블 구문이 잘못되었습니다
2018-11-13 15:10:38 ERROR DBWriter:94 - opening db: 'c:/data.db?user=root': 파일 이름, 디렉터리 이름 또는 볼륨 레이블 구문이 잘못되었습니다
2018-11-13 15:10:38 ERROR DBWriter:94 - opening db: 'c:/data.db?user=root': 파일 이름, 디렉터리 이름 또는 볼륨 레이블 구문이 잘못되었습니다
2018-11-13 15:10:38 ERROR DBWriter:94 - opening db: 'c:/data.db?user=root': 파일 이름, 디렉터리 이름 또는 볼륨 레이블 구문이 잘못되었습니다
2018-11-13 15:10:38 ERROR DBWriter:94 - opening db: 'c:/data.db?user=root': 파일 이름, 디렉터리 이름 또는 볼륨 레이블 구문이 잘못되었습니다
2018-11-13 15:10:38 ERROR DBWriter:94 - opening db: 'c:/data.db?user=root': 파일 이름, 디렉터리 이름 또는 볼륨 레이블 구문이 잘못되었습니다
2018-11-13 15:10:38 ERROR DBWriter:94 - opening db: 'c:/data.db?user=root': 파일 이름, 디렉터리 이름 또는 볼륨 레이블 구문이 잘못되었습니다
2018-11-13 15:10:38 ERROR DBWriter:94 - opening db: 'c:/data.db?user=root': 파일 이름, 디렉터리 이름 또는 볼륨 레이블 구문이 잘못되었습니다
2018-11-13 15:10:38 ERROR DBWriter:94 - opening db: 'c:/data.db?user=root': 파일 이름, 디렉터리 이름 또는 볼륨 레이블 구문이 잘못되었습니다
2018-11-13 15:10:38 ERROR DBWriter:94 - opening db: 'c:/data.db?user=root': 파일 이름, 디렉터리 이름 또는 볼륨 레이블 구문이 잘못되었습니다
2018-11-13 15:10:38 ERROR DBWriter:94 - opening db: 'c:/data.db?user=root': 파일 이름, 디렉터리 이름 또는 볼륨 레이블 구문이 잘못되었습니다
2018-11-13 15:10:38 ERROR DBWriter:94 - opening db: 'c:/data.db?user=root': 파일 이름, 디렉터리 이름 또는 볼륨 레이블 구문이 잘못되었습니다
2018-11-13 15:10:38 ERROR DBWriter:94 - opening db: 'c:/data.db?user=root': 파일 이름, 디렉터리 이름 또는 볼륨 레이블 구문이 잘못되었습니다
2018-11-13 15:10:38 ERROR DBWriter:94 - opening db: 'c:/data.db?user=root': 파일 이름, 디렉터리 이름 또는 볼륨 레이블 구문이 잘못되었습니다
2018-11-13 15:10:38 ERROR DBWriter:94 - opening db: 'c:/data.db?user=root': 파일 이름, 디렉터리 이름 또는 볼륨 레이블 구문이 잘못되었습니다
2018-11-13 15:10:38 ERROR DBWriter:94 - opening db: 'c:/data.db?user=root': 파일 이름, 디렉터리 이름 또는 볼륨 레이블 구문이 잘못되었습니다
2018-11-13 15:10:38 ERROR DBWriter:94 - opening db: 'c:/data.db?user=root': 파일 이름, 디렉터리 이름 또는 볼륨 레이블 구문이 잘못되었습니다
2018-11-13 15:10:38 ERROR DBWriter:94 - opening db: 'c:/data.db?user=root': 파일 이름, 디렉터리 이름 또는 볼륨 레이블 구문이 잘못되었습니다
2018-11-13 15:10:38 ERROR DBWriter:94 - opening db: 'c:/data.db?user=root': 파일 이름, 디렉터리 이름 또는 볼륨 레이블 구문이 잘못되었습니다
2018-11-13 15:10:38 ERROR DBWriter:94 - opening db: 'c:/data.db?user=root': 파일 이름, 디렉터리 이름 또는 볼륨 레이블 구문이 잘못되었습니다
2018-11-13 15:10:38 ERROR DBWriter:94 - opening db: 'c:/data.db?user=root': 파일 이름, 디렉터리 이름 또는 볼륨 레이블 구문이 잘못되었습니다
2018-11-13 15:10:38 ERROR DBWriter:94 - opening db: 'c:/data.db?user=root': 파일 이름, 디렉터리 이름 또는 볼륨 레이블 구문이 잘못되었습니다
2018-11-13 15:10:38 ERROR DBWriter:94 - opening db: 'c:/data.db?user=root': 파일 이름, 디렉터리 이름 또는 볼륨 레이블 구문이 잘못되었습니다
2018-11-13 15:10:39 ERROR DBWriter:94 - opening db: 'c:/data.db?user=root': 파일 이름, 디렉터리 이름 또는 볼륨 레이블 구문이 잘못되었습니다
2018-11-13 15:10:39 ERROR DBWriter:94 - opening db: 'c:/data.db?user=root': 파일 이름, 디렉터리 이름 또는 볼륨 레이블 구문이 잘못되었습니다
2018-11-13 15:10:39 ERROR DBWriter:94 - opening db: 'c:/data.db?user=root': 파일 이름, 디렉터리 이름 또는 볼륨 레이블 구문이 잘못되었습니다
2018-11-13 15:10:39 ERROR DBWriter:94 - opening db: 'c:/data.db?user=root': 파일 이름, 디렉터리 이름 또는 볼륨 레이블 구문이 잘못되었습니다
2018-11-13 15:10:39 ERROR DBWriter:94 - opening db: 'c:/data.db?user=root': 파일 이름, 디렉터리 이름 또는 볼륨 레이블 구문이 잘못되었습니다
2018-11-13 15:10:39 ERROR DBWriter:94 - opening db: 'c:/data.db?user=root': 파일 이름, 디렉터리 이름 또는 볼륨 레이블 구문이 잘못되었습니다
2018-11-13 15:10:39 ERROR DBWriter:94 - opening db: 'c:/data.db?user=root': 파일 이름, 디렉터리 이름 또는 볼륨 레이블 구문이 잘못되었습니다
2018-11-13 15:10:39 ERROR DBWriter:94 - opening db: 'c:/data.db?user=root': 파일 이름, 디렉터리 이름 또는 볼륨 레이블 구문이 잘못되었습니다
2018-11-13 15:10:39 ERROR DBWriter:94 - opening db: 'c:/data.db?user=root': 파일 이름, 디렉터리 이름 또는 볼륨 레이블 구문이 잘못되었습니다
2018-11-13 15:10:39 ERROR DBWriter:94 - opening db: 'c:/data.db?user=root': 파일 이름, 디렉터리 이름 또는 볼륨 레이블 구문이 잘못되었습니다
2018-11-13 15:10:39 ERROR DBWriter:94 - opening db: 'c:/data.db?user=root': 파일 이름, 디렉터리 이름 또는 볼륨 레이블 구문이 잘못되었습니다
2018-11-13 15:10:39 ERROR DBWriter:94 - opening db: 'c:/data.db?user=root': 파일 이름, 디렉터리 이름 또는 볼륨 레이블 구문이 잘못되었습니다
2018-11-13 15:10:39 ERROR DBWriter:94 - opening db: 'c:/data.db?user=root': 파일 이름, 디렉터리 이름 또는 볼륨 레이블 구문이 잘못되었습니다
2018-11-13 15:10:39 ERROR DBWriter:94 - opening db: 'c:/data.db?user=root': 파일 이름, 디렉터리 이름 또는 볼륨 레이블 구문이 잘못되었습니다
2018-11-13 15:10:39 ERROR DBWriter:94 - opening db: 'c:/data.db?user=root': 파일 이름, 디렉터리 이름 또는 볼륨 레이블 구문이 잘못되었습니다
2018-11-13 15:10:39 ERROR DBWriter:94 - opening db: 'c:/data.db?user=root': 파일 이름, 디렉터리 이름 또는 볼륨 레이블 구문이 잘못되었습니다
2018-11-13 15:12:40 ERROR DBWriter:94 - opening db: 'c:/data.db': 액세스가 거부되었습니다
2018-11-13 15:12:40 ERROR DBWriter:94 - opening db: 'c:/data.db': 액세스가 거부되었습니다
2018-11-13 15:12:40 ERROR DBWriter:94 - opening db: 'c:/data.db': 액세스가 거부되었습니다
2018-11-13 15:12:40 ERROR DBWriter:94 - opening db: 'c:/data.db': 액세스가 거부되었습니다
2018-11-13 15:12:40 ERROR DBWriter:94 - opening db: 'c:/data.db': 액세스가 거부되었습니다
2018-11-13 15:12:40 ERROR DBWriter:94 - opening db: 'c:/data.db': 액세스가 거부되었습니다
2018-11-13 15:12:40 ERROR DBWriter:94 - opening db: 'c:/data.db': 액세스가 거부되었습니다
2018-11-13 15:12:40 ERROR DBWriter:94 - opening db: 'c:/data.db': 액세스가 거부되었습니다
2018-11-13 15:12:40 ERROR DBWriter:94 - opening db: 'c:/data.db': 액세스가 거부되었습니다
2018-11-13 15:12:40 ERROR DBWriter:94 - opening db: 'c:/data.db': 액세스가 거부되었습니다
2018-11-13 15:12:40 ERROR DBWriter:94 - opening db: 'c:/data.db': 액세스가 거부되었습니다
2018-11-13 15:12:40 ERROR DBWriter:94 - opening db: 'c:/data.db': 액세스가 거부되었습니다
2018-11-13 15:12:40 ERROR DBWriter:94 - opening db: 'c:/data.db': 액세스가 거부되었습니다
2018-11-13 15:12:40 ERROR DBWriter:94 - opening db: 'c:/data.db': 액세스가 거부되었습니다
2018-11-13 15:12:40 ERROR DBWriter:94 - opening db: 'c:/data.db': 액세스가 거부되었습니다
2018-11-13 15:12:40 ERROR DBWriter:94 - opening db: 'c:/data.db': 액세스가 거부되었습니다
2018-11-13 15:12:40 ERROR DBWriter:94 - opening db: 'c:/data.db': 액세스가 거부되었습니다
2018-11-13 15:12:40 ERROR DBWriter:94 - opening db: 'c:/data.db': 액세스가 거부되었습니다
2018-11-13 15:12:40 ERROR DBWriter:94 - opening db: 'c:/data.db': 액세스가 거부되었습니다
2018-11-13 15:12:40 ERROR DBWriter:94 - opening db: 'c:/data.db': 액세스가 거부되었습니다
2018-11-13 15:12:40 ERROR DBWriter:94 - opening db: 'c:/data.db': 액세스가 거부되었습니다
2018-11-13 15:12:40 ERROR DBWriter:94 - opening db: 'c:/data.db': 액세스가 거부되었습니다
2018-11-13 15:12:40 ERROR DBWriter:94 - opening db: 'c:/data.db': 액세스가 거부되었습니다
2018-11-13 15:12:40 ERROR DBWriter:94 - opening db: 'c:/data.db': 액세스가 거부되었습니다
2018-11-13 15:12:40 ERROR DBWriter:94 - opening db: 'c:/data.db': 액세스가 거부되었습니다
2018-11-13 15:12:40 ERROR DBWriter:94 - opening db: 'c:/data.db': 액세스가 거부되었습니다
2018-11-13 15:12:40 ERROR DBWriter:94 - opening db: 'c:/data.db': 액세스가 거부되었습니다
2018-11-13 15:12:40 ERROR DBWriter:94 - opening db: 'c:/data.db': 액세스가 거부되었습니다
2018-11-13 15:12:40 ERROR DBWriter:94 - opening db: 'c:/data.db': 액세스가 거부되었습니다
2018-11-13 15:12:40 ERROR DBWriter:94 - opening db: 'c:/data.db': 액세스가 거부되었습니다
2018-11-13 15:12:40 ERROR DBWriter:94 - opening db: 'c:/data.db': 액세스가 거부되었습니다
2018-11-13 15:12:40 ERROR DBWriter:94 - opening db: 'c:/data.db': 액세스가 거부되었습니다
2018-11-13 15:12:40 ERROR DBWriter:94 - opening db: 'c:/data.db': 액세스가 거부되었습니다
2018-11-13 15:12:40 ERROR DBWriter:94 - opening db: 'c:/data.db': 액세스가 거부되었습니다
2018-11-13 15:12:40 ERROR DBWriter:94 - opening db: 'c:/data.db': 액세스가 거부되었습니다
2018-11-13 15:12:40 ERROR DBWriter:94 - opening db: 'c:/data.db': 액세스가 거부되었습니다
2018-11-13 15:12:40 ERROR DBWriter:94 - opening db: 'c:/data.db': 액세스가 거부되었습니다
2018-11-13 15:12:40 ERROR DBWriter:94 - opening db: 'c:/data.db': 액세스가 거부되었습니다
2018-11-13 15:12:40 ERROR DBWriter:94 - opening db: 'c:/data.db': 액세스가 거부되었습니다
2018-11-13 15:12:40 ERROR DBWriter:94 - opening db: 'c:/data.db': 액세스가 거부되었습니다
2018-11-13 15:12:40 ERROR DBWriter:94 - opening db: 'c:/data.db': 액세스가 거부되었습니다
2018-11-13 15:12:40 ERROR DBWriter:94 - opening db: 'c:/data.db': 액세스가 거부되었습니다
2018-11-13 15:12:40 ERROR DBWriter:94 - opening db: 'c:/data.db': 액세스가 거부되었습니다
2018-11-13 15:12:40 ERROR DBWriter:94 - opening db: 'c:/data.db': 액세스가 거부되었습니다
2018-11-13 15:12:40 ERROR DBWriter:94 - opening db: 'c:/data.db': 액세스가 거부되었습니다
2018-11-13 15:12:40 ERROR DBWriter:94 - opening db: 'c:/data.db': 액세스가 거부되었습니다
2018-11-13 15:12:40 ERROR DBWriter:94 - opening db: 'c:/data.db': 액세스가 거부되었습니다
2018-11-13 15:12:40 ERROR DBWriter:94 - opening db: 'c:/data.db': 액세스가 거부되었습니다
2018-11-13 15:12:40 ERROR DBWriter:94 - opening db: 'c:/data.db': 액세스가 거부되었습니다
2018-11-13 15:12:40 ERROR DBWriter:94 - opening db: 'c:/data.db': 액세스가 거부되었습니다
2018-11-13 15:12:40 ERROR DBWriter:94 - opening db: 'c:/data.db': 액세스가 거부되었습니다
2018-11-13 15:12:40 ERROR DBWriter:94 - opening db: 'c:/data.db': 액세스가 거부되었습니다
2018-11-13 15:12:40 ERROR DBWriter:94 - opening db: 'c:/data.db': 액세스가 거부되었습니다
2018-11-13 15:12:40 ERROR DBWriter:94 - opening db: 'c:/data.db': 액세스가 거부되었습니다
2018-11-13 15:12:40 ERROR DBWriter:94 - opening db: 'c:/data.db': 액세스가 거부되었습니다
2018-11-13 15:12:40 ERROR DBWriter:94 - opening db: 'c:/data.db': 액세스가 거부되었습니다
2018-11-13 15:12:40 ERROR DBWriter:94 - opening db: 'c:/data.db': 액세스가 거부되었습니다
2018-11-13 15:12:40 ERROR DBWriter:94 - opening db: 'c:/data.db': 액세스가 거부되었습니다
2018-11-13 15:12:40 ERROR DBWriter:94 - opening db: 'c:/data.db': 액세스가 거부되었습니다
2018-11-13 15:12:40 ERROR DBWriter:94 - opening db: 'c:/data.db': 액세스가 거부되었습니다
2018-11-13 15:12:40 ERROR DBWriter:94 - opening db: 'c:/data.db': 액세스가 거부되었습니다
2018-11-13 15:12:40 ERROR DBWriter:94 - opening db: 'c:/data.db': 액세스가 거부되었습니다
2018-11-13 15:12:40 ERROR DBWriter:94 - opening db: 'c:/data.db': 액세스가 거부되었습니다
2018-11-13 15:12:40 ERROR DBWriter:94 - opening db: 'c:/data.db': 액세스가 거부되었습니다
2018-11-13 15:12:40 ERROR DBWriter:94 - opening db: 'c:/data.db': 액세스가 거부되었습니다
2018-11-13 15:12:40 ERROR DBWriter:94 - opening db: 'c:/data.db': 액세스가 거부되었습니다
2018-11-13 15:12:40 ERROR DBWriter:94 - opening db: 'c:/data.db': 액세스가 거부되었습니다
2018-11-13 15:12:40 ERROR DBWriter:94 - opening db: 'c:/data.db': 액세스가 거부되었습니다
2018-11-13 15:12:40 ERROR DBWriter:94 - opening db: 'c:/data.db': 액세스가 거부되었습니다
2018-11-13 15:12:40 ERROR DBWriter:94 - opening db: 'c:/data.db': 액세스가 거부되었습니다
2018-11-13 15:12:40 ERROR DBWriter:94 - opening db: 'c:/data.db': 액세스가 거부되었습니다
2018-11-13 15:12:40 ERROR DBWriter:94 - opening db: 'c:/data.db': 액세스가 거부되었습니다
2018-11-13 15:12:40 ERROR DBWriter:94 - opening db: 'c:/data.db': 액세스가 거부되었습니다
2018-11-13 15:12:40 ERROR DBWriter:94 - opening db: 'c:/data.db': 액세스가 거부되었습니다
2018-11-13 15:12:40 ERROR DBWriter:94 - opening db: 'c:/data.db': 액세스가 거부되었습니다
2018-11-13 15:12:40 ERROR DBWriter:94 - opening db: 'c:/data.db': 액세스가 거부되었습니다
2018-11-13 15:12:40 ERROR DBWriter:94 - opening db: 'c:/data.db': 액세스가 거부되었습니다
2018-11-13 15:12:40 ERROR DBWriter:94 - opening db: 'c:/data.db': 액세스가 거부되었습니다
2018-11-13 15:12:40 ERROR DBWriter:94 - opening db: 'c:/data.db': 액세스가 거부되었습니다
2018-11-13 15:12:40 ERROR DBWriter:94 - opening db: 'c:/data.db': 액세스가 거부되었습니다
2018-11-13 15:12:40 ERROR DBWriter:94 - opening db: 'c:/data.db': 액세스가 거부되었습니다
2018-11-13 15:12:40 ERROR DBWriter:94 - opening db: 'c:/data.db': 액세스가 거부되었습니다
2018-11-13 15:12:40 ERROR DBWriter:94 - opening db: 'c:/data.db': 액세스가 거부되었습니다
2018-11-13 15:12:40 ERROR DBWriter:94 - opening db: 'c:/data.db': 액세스가 거부되었습니다
2018-11-13 15:12:40 ERROR DBWriter:94 - opening db: 'c:/data.db': 액세스가 거부되었습니다
2018-11-13 15:12:40 ERROR DBWriter:94 - opening db: 'c:/data.db': 액세스가 거부되었습니다
2018-11-13 15:12:40 ERROR DBWriter:94 - opening db: 'c:/data.db': 액세스가 거부되었습니다
2018-11-13 15:12:40 ERROR DBWriter:94 - opening db: 'c:/data.db': 액세스가 거부되었습니다
2018-11-13 15:12:40 ERROR DBWriter:94 - opening db: 'c:/data.db': 액세스가 거부되었습니다
2018-11-13 15:12:40 ERROR DBWriter:94 - opening db: 'c:/data.db': 액세스가 거부되었습니다
2018-11-13 15:12:40 ERROR DBWriter:94 - opening db: 'c:/data.db': 액세스가 거부되었습니다
2018-11-13 15:12:40 ERROR DBWriter:94 - opening db: 'c:/data.db': 액세스가 거부되었습니다
2018-11-13 15:12:40 ERROR DBWriter:94 - opening db: 'c:/data.db': 액세스가 거부되었습니다
2018-11-13 15:12:40 ERROR DBWriter:94 - opening db: 'c:/data.db': 액세스가 거부되었습니다
2018-11-13 15:12:40 ERROR DBWriter:94 - opening db: 'c:/data.db': 액세스가 거부되었습니다
2018-11-13 15:12:40 ERROR DBWriter:94 - opening db: 'c:/data.db': 액세스가 거부되었습니다
2018-11-13 15:12:40 ERROR DBWriter:94 - opening db: 'c:/data.db': 액세스가 거부되었습니다
2018-11-13 15:12:40 ERROR DBWriter:94 - opening db: 'c:/data.db': 액세스가 거부되었습니다
2018-11-13 15:12:40 ERROR DBWriter:94 - opening db: 'c:/data.db': 액세스가 거부되었습니다
2018-11-13 15:12:40 ERROR DBWriter:94 - opening db: 'c:/data.db': 액세스가 거부되었습니다
2018-11-13 15:12:40 ERROR DBWriter:94 - opening db: 'c:/data.db': 액세스가 거부되었습니다
2018-11-13 15:12:40 ERROR DBWriter:94 - opening db: 'c:/data.db': 액세스가 거부되었습니다
2018-11-13 15:12:40 ERROR DBWriter:94 - opening db: 'c:/data.db': 액세스가 거부되었습니다
2018-11-13 15:12:40 ERROR DBWriter:94 - opening db: 'c:/data.db': 액세스가 거부되었습니다
2018-11-13 15:12:40 ERROR DBWriter:94 - opening db: 'c:/data.db': 액세스가 거부되었습니다
2018-11-13 15:12:40 ERROR DBWriter:94 - opening db: 'c:/data.db': 액세스가 거부되었습니다
2018-11-13 15:12:40 ERROR DBWriter:94 - opening db: 'c:/data.db': 액세스가 거부되었습니다
2018-11-13 15:12:40 ERROR DBWriter:94 - opening db: 'c:/data.db': 액세스가 거부되었습니다
2018-11-13 15:12:40 ERROR DBWriter:94 - opening db: 'c:/data.db': 액세스가 거부되었습니다
2018-11-13 15:12:40 ERROR DBWriter:94 - opening db: 'c:/data.db': 액세스가 거부되었습니다
2018-11-13 15:12:40 ERROR DBWriter:94 - opening db: 'c:/data.db': 액세스가 거부되었습니다
2018-11-13 15:12:40 ERROR DBWriter:94 - opening db: 'c:/data.db': 액세스가 거부되었습니다
2018-11-13 15:12:40 ERROR DBWriter:94 - opening db: 'c:/data.db': 액세스가 거부되었습니다
2018-11-13 15:12:40 ERROR DBWriter:94 - opening db: 'c:/data.db': 액세스가 거부되었습니다
2018-11-13 15:12:40 ERROR DBWriter:94 - opening db: 'c:/data.db': 액세스가 거부되었습니다
2018-11-13 15:12:40 ERROR DBWriter:94 - opening db: 'c:/data.db': 액세스가 거부되었습니다
2018-11-13 15:12:40 ERROR DBWriter:94 - opening db: 'c:/data.db': 액세스가 거부되었습니다
2018-11-13 15:12:40 ERROR DBWriter:94 - opening db: 'c:/data.db': 액세스가 거부되었습니다
2018-11-13 15:12:40 ERROR DBWriter:94 - opening db: 'c:/data.db': 액세스가 거부되었습니다
2018-11-13 15:12:40 ERROR DBWriter:94 - opening db: 'c:/data.db': 액세스가 거부되었습니다
2018-11-13 15:12:40 ERROR DBWriter:94 - opening db: 'c:/data.db': 액세스가 거부되었습니다
2018-11-13 15:12:40 ERROR DBWriter:94 - opening db: 'c:/data.db': 액세스가 거부되었습니다
2018-11-13 15:12:40 ERROR DBWriter:94 - opening db: 'c:/data.db': 액세스가 거부되었습니다
2018-11-13 15:12:40 ERROR DBWriter:94 - opening db: 'c:/data.db': 액세스가 거부되었습니다
2018-11-13 15:12:40 ERROR DBWriter:94 - opening db: 'c:/data.db': 액세스가 거부되었습니다
2018-11-13 15:12:40 ERROR DBWriter:94 - opening db: 'c:/data.db': 액세스가 거부되었습니다
2018-11-13 15:12:40 ERROR DBWriter:94 - opening db: 'c:/data.db': 액세스가 거부되었습니다
2018-11-13 15:12:40 ERROR DBWriter:94 - opening db: 'c:/data.db': 액세스가 거부되었습니다
2018-11-13 15:12:40 ERROR DBWriter:94 - opening db: 'c:/data.db': 액세스가 거부되었습니다
2018-11-13 15:12:40 ERROR DBWriter:94 - opening db: 'c:/data.db': 액세스가 거부되었습니다
2018-11-13 15:12:40 ERROR DBWriter:94 - opening db: 'c:/data.db': 액세스가 거부되었습니다
2018-11-13 15:12:40 ERROR DBWriter:94 - opening db: 'c:/data.db': 액세스가 거부되었습니다
2018-11-13 15:12:40 ERROR DBWriter:94 - opening db: 'c:/data.db': 액세스가 거부되었습니다
2018-11-13 15:12:40 ERROR DBWriter:94 - opening db: 'c:/data.db': 액세스가 거부되었습니다
2018-11-13 15:12:40 ERROR DBWriter:94 - opening db: 'c:/data.db': 액세스가 거부되었습니다
2018-11-13 15:12:40 ERROR DBWriter:94 - opening db: 'c:/data.db': 액세스가 거부되었습니다
2018-11-13 15:12:40 ERROR DBWriter:94 - opening db: 'c:/data.db': 액세스가 거부되었습니다
2018-11-13 15:12:40 ERROR DBWriter:94 - opening db: 'c:/data.db': 액세스가 거부되었습니다
2018-11-13 15:12:40 ERROR DBWriter:94 - opening db: 'c:/data.db': 액세스가 거부되었습니다
2018-11-13 15:12:40 ERROR DBWriter:94 - opening db: 'c:/data.db': 액세스가 거부되었습니다
2018-11-13 15:12:40 ERROR DBWriter:94 - opening db: 'c:/data.db': 액세스가 거부되었습니다
2018-11-13 15:12:40 ERROR DBWriter:94 - opening db: 'c:/data.db': 액세스가 거부되었습니다
2018-11-13 15:12:40 ERROR DBWriter:94 - opening db: 'c:/data.db': 액세스가 거부되었습니다
2018-11-13 15:12:40 ERROR DBWriter:94 - opening db: 'c:/data.db': 액세스가 거부되었습니다
2018-11-13 15:12:40 ERROR DBWriter:94 - opening db: 'c:/data.db': 액세스가 거부되었습니다
2018-11-13 15:12:40 ERROR DBWriter:94 - opening db: 'c:/data.db': 액세스가 거부되었습니다
2018-11-13 15:12:40 ERROR DBWriter:94 - opening db: 'c:/data.db': 액세스가 거부되었습니다
2018-11-13 15:12:40 ERROR DBWriter:94 - opening db: 'c:/data.db': 액세스가 거부되었습니다
2018-11-13 15:12:40 ERROR DBWriter:94 - opening db: 'c:/data.db': 액세스가 거부되었습니다
2018-11-13 15:12:40 ERROR DBWriter:94 - opening db: 'c:/data.db': 액세스가 거부되었습니다
2018-11-13 15:12:40 ERROR DBWriter:94 - opening db: 'c:/data.db': 액세스가 거부되었습니다
2018-11-13 15:12:40 ERROR DBWriter:94 - opening db: 'c:/data.db': 액세스가 거부되었습니다
2018-11-13 15:12:40 ERROR DBWriter:94 - opening db: 'c:/data.db': 액세스가 거부되었습니다
2018-11-13 15:12:40 ERROR DBWriter:94 - opening db: 'c:/data.db': 액세스가 거부되었습니다
2018-11-13 15:12:40 ERROR DBWriter:94 - opening db: 'c:/data.db': 액세스가 거부되었습니다
2018-11-13 15:12:40 ERROR DBWriter:94 - opening db: 'c:/data.db': 액세스가 거부되었습니다
2018-11-13 15:12:40 ERROR DBWriter:94 - opening db: 'c:/data.db': 액세스가 거부되었습니다
2018-11-13 15:12:40 ERROR DBWriter:94 - opening db: 'c:/data.db': 액세스가 거부되었습니다
2018-11-13 15:12:40 ERROR DBWriter:94 - opening db: 'c:/data.db': 액세스가 거부되었습니다
2018-11-13 15:12:40 ERROR DBWriter:94 - opening db: 'c:/data.db': 액세스가 거부되었습니다
2018-11-13 15:12:40 ERROR DBWriter:94 - opening db: 'c:/data.db': 액세스가 거부되었습니다
2018-11-13 15:12:40 ERROR DBWriter:94 - opening db: 'c:/data.db': 액세스가 거부되었습니다
2018-11-13 15:12:40 ERROR DBWriter:94 - opening db: 'c:/data.db': 액세스가 거부되었습니다
2018-11-13 15:12:40 ERROR DBWriter:94 - opening db: 'c:/data.db': 액세스가 거부되었습니다
2018-11-13 15:12:40 ERROR DBWriter:94 - opening db: 'c:/data.db': 액세스가 거부되었습니다
2018-11-13 15:12:41 ERROR DBWriter:94 - opening db: 'c:/data.db': 액세스가 거부되었습니다
2018-11-13 15:12:41 ERROR DBWriter:94 - opening db: 'c:/data.db': 액세스가 거부되었습니다
2018-11-13 15:12:41 ERROR DBWriter:94 - opening db: 'c:/data.db': 액세스가 거부되었습니다
2018-11-13 15:12:41 ERROR DBWriter:94 - opening db: 'c:/data.db': 액세스가 거부되었습니다
2018-11-13 15:12:41 ERROR DBWriter:94 - opening db: 'c:/data.db': 액세스가 거부되었습니다
2018-11-13 15:12:41 ERROR DBWriter:94 - opening db: 'c:/data.db': 액세스가 거부되었습니다
2018-11-13 15:12:41 ERROR DBWriter:94 - opening db: 'c:/data.db': 액세스가 거부되었습니다
2018-11-13 15:12:41 ERROR DBWriter:94 - opening db: 'c:/data.db': 액세스가 거부되었습니다
2018-11-13 15:12:41 ERROR DBWriter:94 - opening db: 'c:/data.db': 액세스가 거부되었습니다
2018-11-13 15:12:41 ERROR DBWriter:94 - opening db: 'c:/data.db': 액세스가 거부되었습니다
2018-11-13 15:12:41 ERROR DBWriter:94 - opening db: 'c:/data.db': 액세스가 거부되었습니다
2018-11-13 15:12:41 ERROR DBWriter:94 - opening db: 'c:/data.db': 액세스가 거부되었습니다
2018-11-13 15:12:41 ERROR DBWriter:94 - opening db: 'c:/data.db': 액세스가 거부되었습니다
2018-11-13 15:12:41 ERROR DBWriter:94 - opening db: 'c:/data.db': 액세스가 거부되었습니다
2018-11-13 15:12:41 ERROR DBWriter:94 - opening db: 'c:/data.db': 액세스가 거부되었습니다
2018-11-13 15:12:41 ERROR DBWriter:94 - opening db: 'c:/data.db': 액세스가 거부되었습니다
2018-11-13 15:12:41 ERROR DBWriter:94 - opening db: 'c:/data.db': 액세스가 거부되었습니다
2018-11-13 15:12:41 ERROR DBWriter:94 - opening db: 'c:/data.db': 액세스가 거부되었습니다
2018-11-13 15:12:41 ERROR DBWriter:94 - opening db: 'c:/data.db': 액세스가 거부되었습니다
2018-11-13 15:12:41 ERROR DBWriter:94 - opening db: 'c:/data.db': 액세스가 거부되었습니다
2018-11-13 15:12:41 ERROR DBWriter:94 - opening db: 'c:/data.db': 액세스가 거부되었습니다
2018-11-13 15:12:41 ERROR DBWriter:94 - opening db: 'c:/data.db': 액세스가 거부되었습니다
2018-11-13 15:12:41 ERROR DBWriter:94 - opening db: 'c:/data.db': 액세스가 거부되었습니다
