2018-11-07 18:54:58 ERROR Crawler:258 - [ERR URL] https://news.naver.com/main/list.nhn?mode=LPOD&mid=sec&oid=293
2018-11-07 18:54:58 ERROR Crawler:261 - L ERR_SCEN_ELEMENT : #main_content > div.paging > a
2018-11-07 18:55:23 ERROR Crawler:258 - [ERR URL] https://news.naver.com/main/read.nhn?mode=LPOD&mid=sec&oid=138&aid=0002067123
2018-11-07 18:55:23 ERROR Crawler:261 - L ERR_WRITE : Contents write failed : Duplicate entry 'aid=0002067123' for key 'PRIMARY'
2018-11-07 18:55:38 ERROR Crawler:258 - [ERR URL] https://news.naver.com/main/read.nhn?mode=LPOD&mid=sec&oid=138&aid=0002067118
2018-11-07 18:55:38 ERROR Crawler:261 - L ERR_WRITE : Contents write failed : Duplicate entry 'aid=0002067118' for key 'PRIMARY'
2018-11-07 18:55:41 ERROR Crawler:258 - [ERR URL] https://news.naver.com/main/read.nhn?mode=LPOD&mid=sec&oid=138&aid=0002067117
2018-11-07 18:55:41 ERROR Crawler:261 - L ERR_WRITE : Contents write failed : Duplicate entry 'aid=0002067117' for key 'PRIMARY'
2018-11-07 18:55:54 ERROR Crawler:258 - [ERR URL] https://news.naver.com/main/read.nhn?mode=LPOD&mid=sec&oid=138&aid=0002067113
2018-11-07 18:55:54 ERROR Crawler:261 - L ERR_WRITE : Contents write failed : Duplicate entry 'aid=0002067113' for key 'PRIMARY'
2018-11-07 18:56:06 ERROR Crawler:258 - [ERR URL] https://news.naver.com/main/read.nhn?mode=LPOD&mid=sec&oid=138&aid=0002067109
2018-11-07 18:56:06 ERROR Crawler:261 - L ERR_WRITE : Contents write failed : Duplicate entry 'aid=0002067109' for key 'PRIMARY'
2018-11-07 18:56:09 ERROR Crawler:258 - [ERR URL] https://news.naver.com/main/read.nhn?mode=LPOD&mid=sec&oid=138&aid=0002067108
2018-11-07 18:56:09 ERROR Crawler:261 - L ERR_WRITE : Contents write failed : Duplicate entry 'aid=0002067108' for key 'PRIMARY'
2018-11-07 18:56:37 ERROR Crawler:258 - [ERR URL] https://news.naver.com/main/read.nhn?mode=LPOD&mid=sec&oid=029&aid=0002490780
2018-11-07 18:56:37 ERROR Crawler:261 - L ERR_WRITE : Contents write failed : Duplicate entry 'aid=0002490780' for key 'PRIMARY'
2018-11-07 18:56:49 ERROR Crawler:258 - [ERR URL] https://news.naver.com/main/read.nhn?mode=LPOD&mid=sec&oid=029&aid=0002491128
2018-11-07 18:56:49 ERROR Crawler:261 - L ERR_WRITE : Contents write failed : Duplicate entry 'aid=0002491128' for key 'PRIMARY'
2018-11-07 18:57:05 ERROR Crawler:258 - [ERR URL] https://news.naver.com/main/read.nhn?mode=LPOD&mid=sec&oid=029&aid=0002491123
2018-11-07 18:57:05 ERROR Crawler:261 - L ERR_WRITE : Contents write failed : Duplicate entry 'aid=0002491123' for key 'PRIMARY'
2018-11-07 18:57:08 ERROR Crawler:258 - [ERR URL] https://news.naver.com/main/read.nhn?mode=LPOD&mid=sec&oid=029&aid=0002491122
2018-11-07 18:57:08 ERROR Crawler:261 - L ERR_WRITE : Contents write failed : Duplicate entry 'aid=0002491122' for key 'PRIMARY'
2018-11-07 18:58:28 ERROR Crawler:258 - [ERR URL] https://news.naver.com/main/read.nhn?mode=LPOD&mid=sec&oid=293&aid=0000023084
2018-11-07 18:58:28 ERROR Crawler:261 - L ERR_WRITE : Contents write failed : Duplicate entry 'aid=0000023084' for key 'PRIMARY'
2018-11-07 18:58:31 ERROR Crawler:258 - [ERR URL] https://news.naver.com/main/read.nhn?mode=LPOD&mid=sec&oid=293&aid=0000023083
2018-11-07 18:58:31 ERROR Crawler:261 - L ERR_WRITE : Contents write failed : Duplicate entry 'aid=0000023083' for key 'PRIMARY'
2018-11-07 18:58:49 ERROR Crawler:258 - [ERR URL] https://news.naver.com/main/read.nhn?mode=LPOD&mid=sec&oid=293&aid=0000023077
2018-11-07 18:58:49 ERROR Crawler:261 - L ERR_WRITE : Contents write failed : Duplicate entry 'aid=0000023077' for key 'PRIMARY'
2018-11-07 18:59:02 ERROR Crawler:258 - [ERR URL] https://news.naver.com/main/read.nhn?mode=LPOD&mid=sec&oid=293&aid=0000023073
2018-11-07 18:59:02 ERROR Crawler:261 - L ERR_WRITE : Contents write failed : Duplicate entry 'aid=0000023073' for key 'PRIMARY'
2018-11-07 18:59:08 ERROR Crawler:258 - [ERR URL] https://news.naver.com/main/read.nhn?mode=LPOD&mid=sec&oid=293&aid=0000023071
2018-11-07 18:59:08 ERROR Crawler:261 - L ERR_WRITE : Contents write failed : Duplicate entry 'aid=0000023071' for key 'PRIMARY'
2018-11-07 18:59:11 ERROR Crawler:258 - [ERR URL] https://news.naver.com/main/read.nhn?mode=LPOD&mid=sec&oid=293&aid=0000023070
2018-11-07 18:59:11 ERROR Crawler:261 - L ERR_WRITE : Contents write failed : Duplicate entry 'aid=0000023070' for key 'PRIMARY'
2018-11-07 18:59:14 ERROR Crawler:258 - [ERR URL] https://news.naver.com/main/read.nhn?mode=LPOD&mid=sec&oid=293&aid=0000023069
2018-11-07 18:59:14 ERROR Crawler:261 - L ERR_WRITE : Contents write failed : Duplicate entry 'aid=0000023069' for key 'PRIMARY'
2018-11-07 18:59:20 ERROR Crawler:258 - [ERR URL] https://news.naver.com/main/list.nhn?mode=LPOD&date=20181106&mid=sec&oid=293
2018-11-07 18:59:20 ERROR Crawler:261 - L ERR_SCEN_ELEMENT : #main_content > div.paging > a
2018-11-07 18:59:23 ERROR Crawler:258 - [ERR URL] https://news.naver.com/main/list.nhn?mode=LPOD&date=20181105&mid=sec&oid=293
2018-11-07 18:59:23 ERROR Crawler:261 - L ERR_SCEN_ELEMENT : #main_content > div.paging > a
2018-11-07 18:59:48 ERROR Crawler:258 - [ERR URL] https://news.naver.com/main/read.nhn?mode=LPOD&mid=sec&oid=031&aid=0000471510
2018-11-07 18:59:48 ERROR Crawler:261 - L ERR_WRITE : Contents write failed : Duplicate entry 'aid=0000471510' for key 'PRIMARY'
2018-11-07 18:59:57 ERROR Crawler:258 - [ERR URL] https://news.naver.com/main/read.nhn?mode=LPOD&mid=sec&oid=031&aid=0000471507
2018-11-07 18:59:57 ERROR Crawler:261 - L ERR_WRITE : Contents write failed : Duplicate entry 'aid=0000471507' for key 'PRIMARY'
2018-11-07 19:00:07 ERROR Crawler:258 - [ERR URL] https://news.naver.com/main/read.nhn?mode=LPOD&mid=sec&oid=031&aid=0000471504
2018-11-07 19:00:07 ERROR Crawler:261 - L ERR_WRITE : Contents write failed : Duplicate entry 'aid=0000471504' for key 'PRIMARY'
2018-11-07 19:01:11 ERROR Crawler:258 - [ERR URL] https://news.naver.com/main/read.nhn?mode=LPOD&mid=sec&oid=030&aid=0002756514
2018-11-07 19:01:11 ERROR Crawler:261 - L ERR_CONTENTS_COL : id, head > meta:nth-child(12), attr
2018-11-07 19:01:11 ERROR Crawler:261 - L ERR_CONTENTS_COL : press, #main_content > div.article_header > div.press_logo > a > img, attr
2018-11-07 19:01:11 ERROR Crawler:261 - L ERR_CONTENTS_COL : title, #articleTitle, text
2018-11-07 19:01:11 ERROR Crawler:261 - L ERR_CONTENTS_COL : title, #content > div > div.content > div > div.news_headline > h4, text
2018-11-07 19:01:11 ERROR Crawler:261 - L ERR_CONTENTS_COL : contents, #articleBodyContents, text
2018-11-07 19:01:11 ERROR Crawler:261 - L ERR_CONTENTS_COL : contents, #newsEndContents, text
2018-11-07 19:01:11 ERROR Crawler:261 - L ERR_CONTENTS_COL : date, #main_content > div.article_header > div.article_info > div > span, text
2018-11-07 19:01:11 ERROR Crawler:261 - L ERR_CONTENTS_COL : date, #content > div > div.content > div > div.news_headline > div > span:nth-child(1), text
2018-11-07 19:01:36 ERROR Crawler:258 - [ERR URL] https://news.naver.com/main/read.nhn?mode=LPOD&mid=sec&oid=030&aid=0002756506
2018-11-07 19:01:36 ERROR Crawler:261 - L ERR_WRITE : Contents write failed : Duplicate entry 'aid=0002756506' for key 'PRIMARY'
2018-11-07 19:01:48 ERROR Crawler:258 - [ERR URL] https://news.naver.com/main/read.nhn?mode=LPOD&mid=sec&oid=030&aid=0002756502
2018-11-07 19:01:48 ERROR Crawler:261 - L ERR_CONTENTS_COL : id, head > meta:nth-child(12), attr
2018-11-07 19:01:48 ERROR Crawler:261 - L ERR_CONTENTS_COL : press, #main_content > div.article_header > div.press_logo > a > img, attr
2018-11-07 19:01:48 ERROR Crawler:261 - L ERR_CONTENTS_COL : title, #articleTitle, text
2018-11-07 19:01:48 ERROR Crawler:261 - L ERR_CONTENTS_COL : title, #content > div > div.content > div > div.news_headline > h4, text
2018-11-07 19:01:48 ERROR Crawler:261 - L ERR_CONTENTS_COL : contents, #articleBodyContents, text
2018-11-07 19:01:48 ERROR Crawler:261 - L ERR_CONTENTS_COL : contents, #newsEndContents, text
2018-11-07 19:01:48 ERROR Crawler:261 - L ERR_CONTENTS_COL : date, #main_content > div.article_header > div.article_info > div > span, text
2018-11-07 19:01:48 ERROR Crawler:261 - L ERR_CONTENTS_COL : date, #content > div > div.content > div > div.news_headline > div > span:nth-child(1), text
2018-11-07 19:02:50 ERROR Crawler:258 - [ERR URL] https://news.naver.com/main/read.nhn?mode=LPOD&mid=sec&oid=092&aid=0002149747
2018-11-07 19:02:50 ERROR Crawler:261 - L ERR_WRITE : Contents write failed : Duplicate entry 'aid=0002149747' for key 'PRIMARY'
2018-11-07 19:03:18 ERROR Crawler:258 - [ERR URL] https://news.naver.com/main/read.nhn?mode=LPOD&mid=sec&oid=092&aid=0002149738
2018-11-07 19:03:18 ERROR Crawler:261 - L ERR_WRITE : Contents write failed : Duplicate entry 'aid=0002149738' for key 'PRIMARY'
2018-11-07 19:03:27 ERROR Crawler:258 - [ERR URL] https://news.naver.com/main/read.nhn?mode=LPOD&mid=sec&oid=092&aid=0002149735
2018-11-07 19:03:27 ERROR Crawler:261 - L ERR_WRITE : Contents write failed : Duplicate entry 'aid=0002149735' for key 'PRIMARY'
2018-11-07 19:05:27 ERROR Crawler:258 - [ERR URL] https://news.naver.com/main/read.nhn?mode=LPOD&mid=sec&oid=138&aid=0002067079
2018-11-07 19:05:27 ERROR Crawler:261 - L ERR_WRITE : Contents write failed : Duplicate entry 'aid=0002067079' for key 'PRIMARY'
