2018-11-19 17:24:54 ERROR Crawler:288 - [ERR URL] https://search.shopping.naver.com/search/all.nhn?frm=NVSHATC&pagingSize=80&query=%EA%B8%B0%EC%95%84
2018-11-19 17:24:54 ERROR Crawler:292 - L ERR_CONTENTS_COL : category, span.depth > a, text
2018-11-19 17:24:54 ERROR Crawler:292 - L ERR_CONTENTS_COL : category, span.depth > a, text
2018-11-19 17:24:54 ERROR Crawler:292 - L ERR_CONTENTS_COL : category, span.depth > a, text
2018-11-19 17:24:54 ERROR Crawler:292 - L ERR_CONTENTS_COL : category, span.depth > a, text
2018-11-19 17:24:54 ERROR Crawler:292 - L ERR_CONTENTS_COL : category, span.depth > a, text
2018-11-19 17:24:54 ERROR Crawler:292 - L ERR_CONTENTS_COL : category, span.depth > a, text
2018-11-19 17:24:54 ERROR Crawler:292 - L ERR_CONTENTS_COL : category, span.depth > a, text
2018-11-19 17:24:54 ERROR Crawler:292 - L ERR_CONTENTS_COL : category, span.depth > a, text
2018-11-19 17:24:54 ERROR Crawler:292 - L ERR_WRITE : Contents write failed : Duplicate entry '13542071241' for key 'PRIMARY'
2018-11-19 17:24:54 ERROR Crawler:292 - L ERR_WRITE : Contents write failed : Duplicate entry '13469862595' for key 'PRIMARY'
2018-11-19 17:24:54 ERROR Crawler:292 - L ERR_WRITE : Contents write failed : Duplicate entry '81349328290' for key 'PRIMARY'
2018-11-19 17:24:54 ERROR Crawler:292 - L ERR_WRITE : Contents write failed : Duplicate entry '10587370024' for key 'PRIMARY'
2018-11-19 17:24:54 ERROR Crawler:292 - L ERR_WRITE : Contents write failed : Duplicate entry '10591890531' for key 'PRIMARY'
2018-11-19 17:24:54 ERROR Crawler:292 - L ERR_WRITE : Contents write failed : Duplicate entry '9745212006' for key 'PRIMARY'
2018-11-19 17:24:54 ERROR Crawler:292 - L ERR_WRITE : Contents write failed : Duplicate entry '13470070947' for key 'PRIMARY'
2018-11-19 17:24:54 ERROR Crawler:292 - L ERR_WRITE : Contents write failed : Duplicate entry '13956022805' for key 'PRIMARY'
2018-11-19 17:24:54 ERROR Crawler:292 - L ERR_WRITE : Contents write failed : Duplicate entry '13496434924' for key 'PRIMARY'
2018-11-19 17:24:54 ERROR Crawler:292 - L ERR_WRITE : Contents write failed : Duplicate entry '13964401790' for key 'PRIMARY'
2018-11-19 17:24:54 ERROR Crawler:292 - L ERR_WRITE : Contents write failed : Duplicate entry '13956419147' for key 'PRIMARY'
2018-11-19 17:24:54 ERROR Crawler:292 - L ERR_WRITE : Contents write failed : Duplicate entry '13470066686' for key 'PRIMARY'
2018-11-19 17:24:54 ERROR Crawler:292 - L ERR_WRITE : Contents write failed : Duplicate entry '14840258805' for key 'PRIMARY'
2018-11-19 17:24:54 ERROR Crawler:292 - L ERR_WRITE : Contents write failed : Duplicate entry '14840387569' for key 'PRIMARY'
2018-11-19 17:24:54 ERROR Crawler:292 - L ERR_WRITE : Contents write failed : Duplicate entry '12705992779' for key 'PRIMARY'
2018-11-19 17:24:54 ERROR Crawler:292 - L ERR_WRITE : Contents write failed : Duplicate entry '80517661505' for key 'PRIMARY'
2018-11-19 17:24:54 ERROR Crawler:292 - L ERR_WRITE : Contents write failed : Duplicate entry '12738761749' for key 'PRIMARY'
2018-11-19 17:24:54 ERROR Crawler:292 - L ERR_WRITE : Contents write failed : Duplicate entry '13887667734' for key 'PRIMARY'
2018-11-19 17:24:54 ERROR Crawler:292 - L ERR_WRITE : Contents write failed : Duplicate entry '80777151727' for key 'PRIMARY'
2018-11-19 17:24:54 ERROR Crawler:292 - L ERR_WRITE : Contents write failed : Duplicate entry '14069554289' for key 'PRIMARY'
2018-11-19 17:24:54 ERROR Crawler:292 - L ERR_WRITE : Contents write failed : Duplicate entry '11459876552' for key 'PRIMARY'
2018-11-19 17:24:54 ERROR Crawler:292 - L ERR_WRITE : Contents write failed : Duplicate entry '7573344810' for key 'PRIMARY'
2018-11-19 17:24:54 ERROR Crawler:292 - L ERR_WRITE : Contents write failed : Duplicate entry '14012481911' for key 'PRIMARY'
2018-11-19 17:24:54 ERROR Crawler:292 - L ERR_WRITE : Contents write failed : Duplicate entry '12200135594' for key 'PRIMARY'
2018-11-19 17:24:54 ERROR Crawler:292 - L ERR_WRITE : Contents write failed : Duplicate entry '8803669283' for key 'PRIMARY'
2018-11-19 17:24:54 ERROR Crawler:292 - L ERR_WRITE : Contents write failed : Duplicate entry '13460809534' for key 'PRIMARY'
2018-11-19 17:24:54 ERROR Crawler:292 - L ERR_WRITE : Contents write failed : Duplicate entry '80214715755' for key 'PRIMARY'
2018-11-19 17:24:54 ERROR Crawler:292 - L ERR_WRITE : Contents write failed : Duplicate entry '9579336127' for key 'PRIMARY'
2018-11-19 17:24:54 ERROR Crawler:292 - L ERR_WRITE : Contents write failed : Duplicate entry '7573344811' for key 'PRIMARY'
2018-11-19 17:24:54 ERROR Crawler:292 - L ERR_WRITE : Contents write failed : Duplicate entry '9877553097' for key 'PRIMARY'
2018-11-19 17:24:54 ERROR Crawler:292 - L ERR_WRITE : Contents write failed : Duplicate entry '13747450639' for key 'PRIMARY'
2018-11-19 17:24:54 ERROR Crawler:292 - L ERR_WRITE : Contents write failed : Duplicate entry '80499420655' for key 'PRIMARY'
2018-11-19 17:24:54 ERROR Crawler:292 - L ERR_WRITE : Contents write failed : Duplicate entry '12936820956' for key 'PRIMARY'
2018-11-19 17:24:54 ERROR Crawler:292 - L ERR_WRITE : Contents write failed : Duplicate entry '80176778482' for key 'PRIMARY'
2018-11-19 17:24:54 ERROR Crawler:292 - L ERR_WRITE : Contents write failed : Duplicate entry '16192677980' for key 'PRIMARY'
2018-11-19 17:24:54 ERROR Crawler:292 - L ERR_WRITE : Contents write failed : Duplicate entry '16174219829' for key 'PRIMARY'
2018-11-19 17:24:54 ERROR Crawler:292 - L ERR_WRITE : Contents write failed : Duplicate entry '16180110233' for key 'PRIMARY'
2018-11-19 17:24:54 ERROR Crawler:292 - L ERR_WRITE : Contents write failed : Duplicate entry '15771595012' for key 'PRIMARY'
2018-11-19 17:24:54 ERROR Crawler:292 - L ERR_WRITE : Contents write failed : Duplicate entry '16171472257' for key 'PRIMARY'
2018-11-19 17:24:54 ERROR Crawler:292 - L ERR_WRITE : Contents write failed : Duplicate entry '14374603285' for key 'PRIMARY'
2018-11-19 17:24:54 ERROR Crawler:292 - L ERR_WRITE : Contents write failed : Duplicate entry '16140912797' for key 'PRIMARY'
2018-11-19 17:24:54 ERROR Crawler:292 - L ERR_WRITE : Contents write failed : Duplicate entry '16149703345' for key 'PRIMARY'
2018-11-19 17:24:54 ERROR Crawler:292 - L ERR_WRITE : Contents write failed : Duplicate entry '16148081607' for key 'PRIMARY'
2018-11-19 17:24:54 ERROR Crawler:292 - L ERR_WRITE : Contents write failed : Duplicate entry '16143555803' for key 'PRIMARY'
2018-11-19 17:24:54 ERROR Crawler:292 - L ERR_WRITE : Contents write failed : Duplicate entry '16143286398' for key 'PRIMARY'
2018-11-19 17:24:54 ERROR Crawler:292 - L ERR_WRITE : Contents write failed : Duplicate entry '16143027901' for key 'PRIMARY'
2018-11-19 17:24:54 ERROR Crawler:292 - L ERR_WRITE : Contents write failed : Duplicate entry '16137756640' for key 'PRIMARY'
2018-11-19 17:24:54 ERROR Crawler:292 - L ERR_WRITE : Contents write failed : Duplicate entry '16135910237' for key 'PRIMARY'
2018-11-19 17:24:54 ERROR Crawler:292 - L ERR_WRITE : Contents write failed : Duplicate entry '16134219124' for key 'PRIMARY'
2018-11-19 17:24:54 ERROR Crawler:292 - L ERR_WRITE : Contents write failed : Duplicate entry '16114534336' for key 'PRIMARY'
2018-11-19 17:24:54 ERROR Crawler:292 - L ERR_WRITE : Contents write failed : Duplicate entry '16114500006' for key 'PRIMARY'
2018-11-19 17:24:54 ERROR Crawler:292 - L ERR_WRITE : Contents write failed : Duplicate entry '16112852664' for key 'PRIMARY'
2018-11-19 17:24:54 ERROR Crawler:292 - L ERR_WRITE : Contents write failed : Duplicate entry '16112724627' for key 'PRIMARY'
2018-11-19 17:24:54 ERROR Crawler:292 - L ERR_WRITE : Contents write failed : Duplicate entry '81371572670' for key 'PRIMARY'
2018-11-19 17:24:54 ERROR Crawler:292 - L ERR_WRITE : Contents write failed : Duplicate entry '16110722186' for key 'PRIMARY'
2018-11-19 17:24:54 ERROR Crawler:292 - L ERR_WRITE : Contents write failed : Duplicate entry '16100566850' for key 'PRIMARY'
2018-11-19 17:24:54 ERROR Crawler:292 - L ERR_WRITE : Contents write failed : Duplicate entry '16098932213' for key 'PRIMARY'
2018-11-19 17:24:54 ERROR Crawler:292 - L ERR_WRITE : Contents write failed : Duplicate entry '12695462220' for key 'PRIMARY'
2018-11-19 17:24:54 ERROR Crawler:292 - L ERR_WRITE : Contents write failed : Duplicate entry '16095396325' for key 'PRIMARY'
2018-11-19 17:24:54 ERROR Crawler:292 - L ERR_WRITE : Contents write failed : Duplicate entry '13887655401' for key 'PRIMARY'
2018-11-19 17:24:54 ERROR Crawler:292 - L ERR_WRITE : Contents write failed : Duplicate entry '16095026166' for key 'PRIMARY'
2018-11-19 17:24:54 ERROR Crawler:292 - L ERR_WRITE : Contents write failed : Duplicate entry '16094763265' for key 'PRIMARY'
2018-11-19 17:24:54 ERROR Crawler:292 - L ERR_WRITE : Contents write failed : Duplicate entry '16078824802' for key 'PRIMARY'
2018-11-19 17:24:54 ERROR Crawler:292 - L ERR_WRITE : Contents write failed : Duplicate entry '81364117268' for key 'PRIMARY'
2018-11-19 17:24:54 ERROR Crawler:292 - L ERR_WRITE : Contents write failed : Duplicate entry '16050081184' for key 'PRIMARY'
2018-11-19 17:24:54 ERROR Crawler:292 - L ERR_WRITE : Contents write failed : Duplicate entry '16044758526' for key 'PRIMARY'
2018-11-19 17:24:54 ERROR Crawler:292 - L ERR_WRITE : Contents write failed : Duplicate entry '16050218224' for key 'PRIMARY'
2018-11-19 17:24:54 ERROR Crawler:292 - L ERR_WRITE : Contents write failed : Duplicate entry '16050191184' for key 'PRIMARY'
2018-11-19 17:24:54 ERROR Crawler:292 - L ERR_WRITE : Contents write failed : Duplicate entry '81362904747' for key 'PRIMARY'
2018-11-19 17:24:54 ERROR Crawler:292 - L ERR_WRITE : Contents write failed : Duplicate entry '16045434368' for key 'PRIMARY'
2018-11-19 17:24:54 ERROR Crawler:292 - L ERR_WRITE : Contents write failed : Duplicate entry '16041014420' for key 'PRIMARY'
2018-11-19 17:24:54 ERROR Crawler:292 - L ERR_WRITE : Contents write failed : Duplicate entry '16040976745' for key 'PRIMARY'
2018-11-19 17:24:54 ERROR Crawler:292 - L ERR_WRITE : Contents write failed : Duplicate entry '81362333718' for key 'PRIMARY'
2018-11-19 17:24:54 ERROR Crawler:292 - L ERR_WRITE : Contents write failed : Duplicate entry '15999815558' for key 'PRIMARY'
2018-11-19 17:24:54 ERROR Crawler:292 - L ERR_WRITE : Contents write failed : Duplicate entry '81361829556' for key 'PRIMARY'
2018-11-19 17:24:54 ERROR Crawler:292 - L ERR_WRITE : Contents write failed : Duplicate entry '15926502885' for key 'PRIMARY'
2018-11-19 17:24:54 ERROR Crawler:292 - L ERR_WRITE : Contents write failed : Duplicate entry '81361131468' for key 'PRIMARY'
2018-11-19 17:24:54 ERROR Crawler:292 - L ERR_WRITE : Contents write failed : Duplicate entry '14523117821' for key 'PRIMARY'
2018-11-19 17:24:54 ERROR Crawler:292 - L ERR_WRITE : Contents write failed : Duplicate entry '15724667841' for key 'PRIMARY'
2018-11-19 17:24:54 ERROR Crawler:292 - L ERR_WRITE : Contents write failed : Duplicate entry '14072385788' for key 'PRIMARY'
2018-11-19 17:24:55 ERROR Crawler:288 - [ERR URL] https://search.shopping.naver.com/search/all.nhn?frm=NVSHPAG&pagingSize=80&query=%EA%B8%B0%EC%95%84&origQuery=%EA%B8%B0%EC%95%84&pagingIndex=2&viewType=list&sort=rel
2018-11-19 17:24:55 ERROR Crawler:292 - L ERR_CONTENTS_COL : category, span.depth > a, text
2018-11-19 17:24:55 ERROR Crawler:292 - L ERR_CONTENTS_COL : category, span.depth > a, text
2018-11-19 17:24:55 ERROR Crawler:292 - L ERR_CONTENTS_COL : category, span.depth > a, text
2018-11-19 17:24:55 ERROR Crawler:292 - L ERR_CONTENTS_COL : category, span.depth > a, text
2018-11-19 17:24:55 ERROR Crawler:292 - L ERR_CONTENTS_COL : category, span.depth > a, text
2018-11-19 17:24:55 ERROR Crawler:292 - L ERR_CONTENTS_COL : category, span.depth > a, text
2018-11-19 17:24:55 ERROR Crawler:292 - L ERR_CONTENTS_COL : category, span.depth > a, text
2018-11-19 17:24:55 ERROR Crawler:292 - L ERR_CONTENTS_COL : category, span.depth > a, text
2018-11-19 17:24:55 ERROR Crawler:292 - L ERR_WRITE : Contents write failed : Duplicate entry '15942738917' for key 'PRIMARY'
2018-11-19 17:24:55 ERROR Crawler:292 - L ERR_WRITE : Contents write failed : Duplicate entry '81358298544' for key 'PRIMARY'
2018-11-19 17:24:55 ERROR Crawler:292 - L ERR_WRITE : Contents write failed : Duplicate entry '15771595012' for key 'PRIMARY'
2018-11-19 17:24:55 ERROR Crawler:292 - L ERR_WRITE : Contents write failed : Duplicate entry '81358006175' for key 'PRIMARY'
2018-11-19 17:24:55 ERROR Crawler:292 - L ERR_WRITE : Contents write failed : Duplicate entry '15658988080' for key 'PRIMARY'
2018-11-19 17:24:55 ERROR Crawler:292 - L ERR_WRITE : Contents write failed : Duplicate entry '81354828251' for key 'PRIMARY'
2018-11-19 17:24:55 ERROR Crawler:292 - L ERR_WRITE : Contents write failed : Duplicate entry '15620415532' for key 'PRIMARY'
2018-11-19 17:24:55 ERROR Crawler:292 - L ERR_WRITE : Contents write failed : Duplicate entry '81351705671' for key 'PRIMARY'
2018-11-19 17:24:55 ERROR Crawler:292 - L ERR_WRITE : Contents write failed : Duplicate entry '15563520161' for key 'PRIMARY'
2018-11-19 17:24:55 ERROR Crawler:292 - L ERR_WRITE : Contents write failed : Duplicate entry '15300722828' for key 'PRIMARY'
2018-11-19 17:24:55 ERROR Crawler:292 - L ERR_WRITE : Contents write failed : Duplicate entry '81349026122' for key 'PRIMARY'
2018-11-19 17:24:55 ERROR Crawler:292 - L ERR_WRITE : Contents write failed : Duplicate entry '14845211523' for key 'PRIMARY'
2018-11-19 17:24:55 ERROR Crawler:292 - L ERR_WRITE : Contents write failed : Duplicate entry '81346674890' for key 'PRIMARY'
2018-11-19 17:24:55 ERROR Crawler:292 - L ERR_WRITE : Contents write failed : Duplicate entry '13920773000' for key 'PRIMARY'
2018-11-19 17:24:55 ERROR Crawler:292 - L ERR_WRITE : Contents write failed : Duplicate entry '14369879203' for key 'PRIMARY'
2018-11-19 17:24:55 ERROR Crawler:292 - L ERR_WRITE : Contents write failed : Duplicate entry '81345478905' for key 'PRIMARY'
2018-11-19 17:24:55 ERROR Crawler:292 - L ERR_WRITE : Contents write failed : Duplicate entry '14248411035' for key 'PRIMARY'
2018-11-19 17:24:55 ERROR Crawler:292 - L ERR_WRITE : Contents write failed : Duplicate entry '13882021962' for key 'PRIMARY'
2018-11-19 17:24:55 ERROR Crawler:292 - L ERR_WRITE : Contents write failed : Duplicate entry '81342630493' for key 'PRIMARY'
2018-11-19 17:24:55 ERROR Crawler:292 - L ERR_WRITE : Contents write failed : Duplicate entry '11904512123' for key 'PRIMARY'
2018-11-19 17:24:55 ERROR Crawler:292 - L ERR_WRITE : Contents write failed : Duplicate entry '81342573218' for key 'PRIMARY'
2018-11-19 17:24:55 ERROR Crawler:292 - L ERR_WRITE : Contents write failed : Duplicate entry '81342037198' for key 'PRIMARY'
2018-11-19 17:24:55 ERROR Crawler:292 - L ERR_WRITE : Contents write failed : Duplicate entry '81340464850' for key 'PRIMARY'
2018-11-19 17:24:55 ERROR Crawler:292 - L ERR_WRITE : Contents write failed : Duplicate entry '81354299346' for key 'PRIMARY'
2018-11-19 17:24:55 ERROR Crawler:292 - L ERR_WRITE : Contents write failed : Duplicate entry '81326559507' for key 'PRIMARY'
2018-11-19 17:24:55 ERROR Crawler:292 - L ERR_WRITE : Contents write failed : Duplicate entry '81353328743' for key 'PRIMARY'
2018-11-19 17:24:55 ERROR Crawler:292 - L ERR_WRITE : Contents write failed : Duplicate entry '16171295023' for key 'PRIMARY'
2018-11-19 17:24:55 ERROR Crawler:292 - L ERR_WRITE : Contents write failed : Duplicate entry '16152306615' for key 'PRIMARY'
2018-11-19 17:24:55 ERROR Crawler:292 - L ERR_WRITE : Contents write failed : Duplicate entry '16149702740' for key 'PRIMARY'
2018-11-19 17:24:55 ERROR Crawler:292 - L ERR_WRITE : Contents write failed : Duplicate entry '16148063572' for key 'PRIMARY'
2018-11-19 17:24:55 ERROR Crawler:292 - L ERR_WRITE : Contents write failed : Duplicate entry '16147080185' for key 'PRIMARY'
2018-11-19 17:24:55 ERROR Crawler:292 - L ERR_WRITE : Contents write failed : Duplicate entry '16143505870' for key 'PRIMARY'
2018-11-19 17:24:55 ERROR Crawler:292 - L ERR_WRITE : Contents write failed : Duplicate entry '16143286410' for key 'PRIMARY'
2018-11-19 17:24:55 ERROR Crawler:292 - L ERR_WRITE : Contents write failed : Duplicate entry '16142934507' for key 'PRIMARY'
2018-11-19 17:24:55 ERROR Crawler:292 - L ERR_WRITE : Contents write failed : Duplicate entry '16137549686' for key 'PRIMARY'
2018-11-19 17:24:55 ERROR Crawler:292 - L ERR_WRITE : Contents write failed : Duplicate entry '16135892227' for key 'PRIMARY'
2018-11-19 17:24:55 ERROR Crawler:292 - L ERR_WRITE : Contents write failed : Duplicate entry '16134089052' for key 'PRIMARY'
2018-11-19 17:24:55 ERROR Crawler:292 - L ERR_WRITE : Contents write failed : Duplicate entry '13429812435' for key 'PRIMARY'
2018-11-19 17:24:55 ERROR Crawler:292 - L ERR_WRITE : Contents write failed : Duplicate entry '16114449328' for key 'PRIMARY'
2018-11-19 17:24:55 ERROR Crawler:292 - L ERR_WRITE : Contents write failed : Duplicate entry '15798931316' for key 'PRIMARY'
2018-11-19 17:24:55 ERROR Crawler:292 - L ERR_WRITE : Contents write failed : Duplicate entry '16114399608' for key 'PRIMARY'
2018-11-19 17:24:55 ERROR Crawler:292 - L ERR_WRITE : Contents write failed : Duplicate entry '16112832718' for key 'PRIMARY'
2018-11-19 17:24:55 ERROR Crawler:292 - L ERR_WRITE : Contents write failed : Duplicate entry '16112725177' for key 'PRIMARY'
2018-11-19 17:24:55 ERROR Crawler:292 - L ERR_WRITE : Contents write failed : Duplicate entry '16110573323' for key 'PRIMARY'
2018-11-19 17:24:55 ERROR Crawler:292 - L ERR_WRITE : Contents write failed : Duplicate entry '16100445074' for key 'PRIMARY'
2018-11-19 17:24:55 ERROR Crawler:292 - L ERR_WRITE : Contents write failed : Duplicate entry '16098928814' for key 'PRIMARY'
2018-11-19 17:24:55 ERROR Crawler:292 - L ERR_WRITE : Contents write failed : Duplicate entry '16095335180' for key 'PRIMARY'
2018-11-19 17:24:55 ERROR Crawler:292 - L ERR_WRITE : Contents write failed : Duplicate entry '16095025616' for key 'PRIMARY'
2018-11-19 17:24:55 ERROR Crawler:292 - L ERR_WRITE : Contents write failed : Duplicate entry '16094757853' for key 'PRIMARY'
2018-11-19 17:24:55 ERROR Crawler:292 - L ERR_WRITE : Contents write failed : Duplicate entry '16150404956' for key 'PRIMARY'
2018-11-19 17:24:55 ERROR Crawler:292 - L ERR_WRITE : Contents write failed : Duplicate entry '16050112407' for key 'PRIMARY'
2018-11-19 17:24:55 ERROR Crawler:292 - L ERR_WRITE : Contents write failed : Duplicate entry '16050102814' for key 'PRIMARY'
2018-11-19 17:24:55 ERROR Crawler:292 - L ERR_WRITE : Contents write failed : Duplicate entry '16044691377' for key 'PRIMARY'
2018-11-19 17:24:55 ERROR Crawler:292 - L ERR_WRITE : Contents write failed : Duplicate entry '16118550431' for key 'PRIMARY'
2018-11-19 17:24:55 ERROR Crawler:292 - L ERR_WRITE : Contents write failed : Duplicate entry '80046360321' for key 'PRIMARY'
2018-11-19 17:24:55 ERROR Crawler:292 - L ERR_WRITE : Contents write failed : Duplicate entry '16146892010' for key 'PRIMARY'
2018-11-19 17:24:55 ERROR Crawler:292 - L ERR_WRITE : Contents write failed : Duplicate entry '16192521591' for key 'PRIMARY'
2018-11-19 17:24:55 ERROR Crawler:292 - L ERR_WRITE : Contents write failed : Duplicate entry '11944329566' for key 'PRIMARY'
2018-11-19 17:24:55 ERROR Crawler:292 - L ERR_WRITE : Contents write failed : Duplicate entry '16110248268' for key 'PRIMARY'
2018-11-19 17:24:55 ERROR Crawler:292 - L ERR_WRITE : Contents write failed : Duplicate entry '15488474547' for key 'PRIMARY'
2018-11-19 17:24:55 ERROR Crawler:292 - L ERR_WRITE : Contents write failed : Duplicate entry '16094775884' for key 'PRIMARY'
2018-11-19 17:24:55 ERROR Crawler:292 - L ERR_WRITE : Contents write failed : Duplicate entry '16093435342' for key 'PRIMARY'
2018-11-19 17:24:55 ERROR Crawler:292 - L ERR_WRITE : Contents write failed : Duplicate entry '16045360884' for key 'PRIMARY'
2018-11-19 17:24:55 ERROR Crawler:292 - L ERR_WRITE : Contents write failed : Duplicate entry '81362333758' for key 'PRIMARY'
2018-11-19 17:24:55 ERROR Crawler:292 - L ERR_WRITE : Contents write failed : Duplicate entry '80046400190' for key 'PRIMARY'
2018-11-19 17:24:55 ERROR Crawler:292 - L ERR_WRITE : Contents write failed : Duplicate entry '16109070924' for key 'PRIMARY'
2018-11-19 17:24:55 ERROR Crawler:292 - L ERR_WRITE : Contents write failed : Duplicate entry '16078916388' for key 'PRIMARY'
2018-11-19 17:24:55 ERROR Crawler:292 - L ERR_WRITE : Contents write failed : Duplicate entry '80046369761' for key 'PRIMARY'
2018-11-19 17:24:55 ERROR Crawler:292 - L ERR_WRITE : Contents write failed : Duplicate entry '16146975944' for key 'PRIMARY'
2018-11-19 17:24:55 ERROR Crawler:292 - L ERR_WRITE : Contents write failed : Duplicate entry '80046577416' for key 'PRIMARY'
2018-11-19 17:24:55 ERROR Crawler:292 - L ERR_WRITE : Contents write failed : Duplicate entry '13034005192' for key 'PRIMARY'
2018-11-19 17:24:55 ERROR Crawler:292 - L ERR_WRITE : Contents write failed : Duplicate entry '15787001505' for key 'PRIMARY'
2018-11-19 17:24:55 ERROR Crawler:292 - L ERR_WRITE : Contents write failed : Duplicate entry '16147169196' for key 'PRIMARY'
2018-11-19 17:24:55 ERROR Crawler:292 - L ERR_WRITE : Contents write failed : Duplicate entry '15620415533' for key 'PRIMARY'
2018-11-19 17:24:55 ERROR Crawler:292 - L ERR_WRITE : Contents write failed : Duplicate entry '81195982851' for key 'PRIMARY'
2018-11-19 17:24:55 ERROR Crawler:292 - L ERR_WRITE : Contents write failed : Duplicate entry '15620419197' for key 'PRIMARY'
2018-11-19 17:24:55 ERROR Crawler:292 - L ERR_WRITE : Contents write failed : Duplicate entry '11827231085' for key 'PRIMARY'
2018-11-19 17:24:55 ERROR Crawler:292 - L ERR_WRITE : Contents write failed : Duplicate entry '11313040803' for key 'PRIMARY'
2018-11-19 17:24:55 ERROR Crawler:292 - L ERR_WRITE : Contents write failed : Duplicate entry '81065125803' for key 'PRIMARY'
2018-11-19 17:24:55 ERROR Crawler:292 - L ERR_WRITE : Contents write failed : Duplicate entry '12261573870' for key 'PRIMARY'
2018-11-19 17:24:57 ERROR Crawler:288 - [ERR URL] https://search.shopping.naver.com/search/all.nhn?frm=NVSHPAG&pagingSize=80&query=%EA%B8%B0%EC%95%84&origQuery=%EA%B8%B0%EC%95%84&pagingIndex=3&viewType=list&sort=rel
2018-11-19 17:24:57 ERROR Crawler:292 - L ERR_CONTENTS_COL : category, span.depth > a, text
2018-11-19 17:24:57 ERROR Crawler:292 - L ERR_CONTENTS_COL : category, span.depth > a, text
2018-11-19 17:24:57 ERROR Crawler:292 - L ERR_CONTENTS_COL : category, span.depth > a, text
2018-11-19 17:24:57 ERROR Crawler:292 - L ERR_CONTENTS_COL : category, span.depth > a, text
2018-11-19 17:24:57 ERROR Crawler:292 - L ERR_CONTENTS_COL : category, span.depth > a, text
2018-11-19 17:24:57 ERROR Crawler:292 - L ERR_CONTENTS_COL : category, span.depth > a, text
2018-11-19 17:24:57 ERROR Crawler:292 - L ERR_CONTENTS_COL : category, span.depth > a, text
2018-11-19 17:24:57 ERROR Crawler:292 - L ERR_CONTENTS_COL : category, span.depth > a, text
2018-11-19 17:24:57 ERROR Crawler:292 - L ERR_WRITE : Contents write failed : Duplicate entry '13955244516' for key 'PRIMARY'
2018-11-19 17:24:57 ERROR Crawler:292 - L ERR_WRITE : Contents write failed : Duplicate entry '15479434547' for key 'PRIMARY'
2018-11-19 17:24:57 ERROR Crawler:292 - L ERR_WRITE : Contents write failed : Duplicate entry '14280019681' for key 'PRIMARY'
2018-11-19 17:24:57 ERROR Crawler:292 - L ERR_WRITE : Contents write failed : Duplicate entry '81127712094' for key 'PRIMARY'
2018-11-19 17:24:57 ERROR Crawler:292 - L ERR_WRITE : Contents write failed : Duplicate entry '7605616676' for key 'PRIMARY'
2018-11-19 17:24:57 ERROR Crawler:292 - L ERR_WRITE : Contents write failed : Duplicate entry '13956406810' for key 'PRIMARY'
2018-11-19 17:24:57 ERROR Crawler:292 - L ERR_WRITE : Contents write failed : Duplicate entry '81065197378' for key 'PRIMARY'
2018-11-19 17:24:57 ERROR Crawler:292 - L ERR_WRITE : Contents write failed : Duplicate entry '10588643150' for key 'PRIMARY'
2018-11-19 17:24:57 ERROR Crawler:292 - L ERR_WRITE : Contents write failed : Duplicate entry '14279970798' for key 'PRIMARY'
2018-11-19 17:24:57 ERROR Crawler:292 - L ERR_WRITE : Contents write failed : Duplicate entry '13956399779' for key 'PRIMARY'
2018-11-19 17:24:57 ERROR Crawler:292 - L ERR_WRITE : Contents write failed : Duplicate entry '12232628833' for key 'PRIMARY'
2018-11-19 17:24:57 ERROR Crawler:292 - L ERR_WRITE : Contents write failed : Duplicate entry '13955057704' for key 'PRIMARY'
2018-11-19 17:24:57 ERROR Crawler:292 - L ERR_WRITE : Contents write failed : Duplicate entry '14517321629' for key 'PRIMARY'
2018-11-19 17:24:57 ERROR Crawler:292 - L ERR_WRITE : Contents write failed : Duplicate entry '14279924571' for key 'PRIMARY'
2018-11-19 17:24:57 ERROR Crawler:292 - L ERR_WRITE : Contents write failed : Duplicate entry '14945811720' for key 'PRIMARY'
2018-11-19 17:24:57 ERROR Crawler:292 - L ERR_WRITE : Contents write failed : Duplicate entry '14732483539' for key 'PRIMARY'
2018-11-19 17:24:57 ERROR Crawler:292 - L ERR_WRITE : Contents write failed : Duplicate entry '16112896534' for key 'PRIMARY'
2018-11-19 17:24:57 ERROR Crawler:292 - L ERR_WRITE : Contents write failed : Duplicate entry '11539585414' for key 'PRIMARY'
2018-11-19 17:24:57 ERROR Crawler:292 - L ERR_WRITE : Contents write failed : Duplicate entry '13991215746' for key 'PRIMARY'
2018-11-19 17:24:57 ERROR Crawler:292 - L ERR_WRITE : Contents write failed : Duplicate entry '6190123697' for key 'PRIMARY'
2018-11-19 17:24:57 ERROR Crawler:292 - L ERR_WRITE : Contents write failed : Duplicate entry '11139404385' for key 'PRIMARY'
2018-11-19 17:24:57 ERROR Crawler:292 - L ERR_WRITE : Contents write failed : Duplicate entry '14279948820' for key 'PRIMARY'
2018-11-19 17:24:57 ERROR Crawler:292 - L ERR_WRITE : Contents write failed : Duplicate entry '13956259736' for key 'PRIMARY'
2018-11-19 17:24:57 ERROR Crawler:292 - L ERR_WRITE : Contents write failed : Duplicate entry '11139409220' for key 'PRIMARY'
2018-11-19 17:24:57 ERROR Crawler:292 - L ERR_WRITE : Contents write failed : Duplicate entry '14840257540' for key 'PRIMARY'
2018-11-19 17:24:57 ERROR Crawler:292 - L ERR_WRITE : Contents write failed : Duplicate entry '14330232624' for key 'PRIMARY'
2018-11-19 17:24:57 ERROR Crawler:292 - L ERR_WRITE : Contents write failed : Duplicate entry '13956414083' for key 'PRIMARY'
2018-11-19 17:24:57 ERROR Crawler:292 - L ERR_WRITE : Contents write failed : Duplicate entry '14286849216' for key 'PRIMARY'
2018-11-19 17:24:57 ERROR Crawler:292 - L ERR_WRITE : Contents write failed : Duplicate entry '14045894664' for key 'PRIMARY'
2018-11-19 17:24:57 ERROR Crawler:292 - L ERR_WRITE : Contents write failed : Duplicate entry '7605616677' for key 'PRIMARY'
2018-11-19 17:24:57 ERROR Crawler:292 - L ERR_WRITE : Contents write failed : Duplicate entry '13991210247' for key 'PRIMARY'
2018-11-19 17:24:57 ERROR Crawler:292 - L ERR_WRITE : Contents write failed : Duplicate entry '14548627446' for key 'PRIMARY'
2018-11-19 17:24:57 ERROR Crawler:292 - L ERR_WRITE : Contents write failed : Duplicate entry '14279994118' for key 'PRIMARY'
2018-11-19 17:24:57 ERROR Crawler:292 - L ERR_WRITE : Contents write failed : Duplicate entry '14279926104' for key 'PRIMARY'
2018-11-19 17:24:57 ERROR Crawler:292 - L ERR_WRITE : Contents write failed : Duplicate entry '13956333602' for key 'PRIMARY'
2018-11-19 17:24:57 ERROR Crawler:292 - L ERR_WRITE : Contents write failed : Duplicate entry '14079571405' for key 'PRIMARY'
2018-11-19 17:24:57 ERROR Crawler:292 - L ERR_WRITE : Contents write failed : Duplicate entry '13955031102' for key 'PRIMARY'
2018-11-19 17:24:57 ERROR Crawler:292 - L ERR_WRITE : Contents write failed : Duplicate entry '12260346762' for key 'PRIMARY'
2018-11-19 17:24:57 ERROR Crawler:292 - L ERR_WRITE : Contents write failed : Duplicate entry '14279910086' for key 'PRIMARY'
2018-11-19 17:24:57 ERROR Crawler:292 - L ERR_WRITE : Contents write failed : Duplicate entry '81303771187' for key 'PRIMARY'
2018-11-19 17:24:57 ERROR Crawler:292 - L ERR_WRITE : Contents write failed : Duplicate entry '13955031515' for key 'PRIMARY'
2018-11-19 17:24:57 ERROR Crawler:292 - L ERR_WRITE : Contents write failed : Duplicate entry '14279932718' for key 'PRIMARY'
2018-11-19 17:24:57 ERROR Crawler:292 - L ERR_WRITE : Contents write failed : Duplicate entry '13955849077' for key 'PRIMARY'
2018-11-19 17:24:57 ERROR Crawler:292 - L ERR_WRITE : Contents write failed : Duplicate entry '14279984215' for key 'PRIMARY'
2018-11-19 17:24:57 ERROR Crawler:292 - L ERR_WRITE : Contents write failed : Duplicate entry '14630074540' for key 'PRIMARY'
2018-11-19 17:24:57 ERROR Crawler:292 - L ERR_WRITE : Contents write failed : Duplicate entry '14637736411' for key 'PRIMARY'
2018-11-19 17:24:57 ERROR Crawler:292 - L ERR_WRITE : Contents write failed : Duplicate entry '13956256877' for key 'PRIMARY'
2018-11-19 17:24:57 ERROR Crawler:292 - L ERR_WRITE : Contents write failed : Duplicate entry '13956334543' for key 'PRIMARY'
2018-11-19 17:24:57 ERROR Crawler:292 - L ERR_WRITE : Contents write failed : Duplicate entry '14279983793' for key 'PRIMARY'
2018-11-19 17:24:57 ERROR Crawler:292 - L ERR_WRITE : Contents write failed : Duplicate entry '13991227783' for key 'PRIMARY'
2018-11-19 17:24:57 ERROR Crawler:292 - L ERR_WRITE : Contents write failed : Duplicate entry '14286810032' for key 'PRIMARY'
2018-11-19 17:24:57 ERROR Crawler:292 - L ERR_WRITE : Contents write failed : Duplicate entry '14146764934' for key 'PRIMARY'
2018-11-19 17:24:57 ERROR Crawler:292 - L ERR_WRITE : Contents write failed : Duplicate entry '13975904049' for key 'PRIMARY'
2018-11-19 17:24:57 ERROR Crawler:292 - L ERR_WRITE : Contents write failed : Duplicate entry '11918231568' for key 'PRIMARY'
2018-11-19 17:24:57 ERROR Crawler:292 - L ERR_WRITE : Contents write failed : Duplicate entry '13955828195' for key 'PRIMARY'
2018-11-19 17:24:57 ERROR Crawler:292 - L ERR_WRITE : Contents write failed : Duplicate entry '12390004713' for key 'PRIMARY'
2018-11-19 17:24:57 ERROR Crawler:292 - L ERR_WRITE : Contents write failed : Duplicate entry '14279972080' for key 'PRIMARY'
2018-11-19 17:24:57 ERROR Crawler:292 - L ERR_WRITE : Contents write failed : Duplicate entry '14739919229' for key 'PRIMARY'
2018-11-19 17:24:57 ERROR Crawler:292 - L ERR_WRITE : Contents write failed : Duplicate entry '14279938662' for key 'PRIMARY'
2018-11-19 17:24:57 ERROR Crawler:292 - L ERR_WRITE : Contents write failed : Duplicate entry '14428158697' for key 'PRIMARY'
2018-11-19 17:24:57 ERROR Crawler:292 - L ERR_WRITE : Contents write failed : Duplicate entry '13955808727' for key 'PRIMARY'
2018-11-19 17:24:57 ERROR Crawler:292 - L ERR_WRITE : Contents write failed : Duplicate entry '14286802533' for key 'PRIMARY'
2018-11-19 17:24:57 ERROR Crawler:292 - L ERR_WRITE : Contents write failed : Duplicate entry '14330218459' for key 'PRIMARY'
2018-11-19 17:24:57 ERROR Crawler:292 - L ERR_WRITE : Contents write failed : Duplicate entry '13956179348' for key 'PRIMARY'
2018-11-19 17:24:57 ERROR Crawler:292 - L ERR_WRITE : Contents write failed : Duplicate entry '14330265560' for key 'PRIMARY'
2018-11-19 17:24:57 ERROR Crawler:292 - L ERR_WRITE : Contents write failed : Duplicate entry '14338575141' for key 'PRIMARY'
2018-11-19 17:24:57 ERROR Crawler:292 - L ERR_WRITE : Contents write failed : Duplicate entry '13997170491' for key 'PRIMARY'
2018-11-19 17:24:57 ERROR Crawler:292 - L ERR_WRITE : Contents write failed : Duplicate entry '13955495268' for key 'PRIMARY'
2018-11-19 17:24:57 ERROR Crawler:292 - L ERR_WRITE : Contents write failed : Duplicate entry '13955495882' for key 'PRIMARY'
2018-11-19 17:24:57 ERROR Crawler:292 - L ERR_WRITE : Contents write failed : Duplicate entry '13956257359' for key 'PRIMARY'
2018-11-19 17:24:57 ERROR Crawler:292 - L ERR_WRITE : Contents write failed : Duplicate entry '13955807512' for key 'PRIMARY'
2018-11-19 17:24:57 ERROR Crawler:292 - L ERR_WRITE : Contents write failed : Duplicate entry '14220664323' for key 'PRIMARY'
2018-11-19 17:24:57 ERROR Crawler:292 - L ERR_WRITE : Contents write failed : Duplicate entry '13956406817' for key 'PRIMARY'
2018-11-19 17:24:57 ERROR Crawler:292 - L ERR_WRITE : Contents write failed : Duplicate entry '13955033933' for key 'PRIMARY'
2018-11-19 17:24:57 ERROR Crawler:292 - L ERR_WRITE : Contents write failed : Duplicate entry '13956053337' for key 'PRIMARY'
2018-11-19 17:24:57 ERROR Crawler:292 - L ERR_WRITE : Contents write failed : Duplicate entry '14279933585' for key 'PRIMARY'
2018-11-19 17:24:57 ERROR Crawler:292 - L ERR_WRITE : Contents write failed : Duplicate entry '14279927348' for key 'PRIMARY'
2018-11-19 17:24:57 ERROR Crawler:292 - L ERR_WRITE : Contents write failed : Duplicate entry '14101587154' for key 'PRIMARY'
2018-11-19 17:24:57 ERROR Crawler:292 - L ERR_WRITE : Contents write failed : Duplicate entry '13955796796' for key 'PRIMARY'
2018-11-19 17:24:57 ERROR Crawler:292 - L ERR_WRITE : Contents write failed : Duplicate entry '15990468285' for key 'PRIMARY'
2018-11-19 17:24:58 ERROR Crawler:288 - [ERR URL] https://search.shopping.naver.com/search/all.nhn?frm=NVSHPAG&pagingSize=80&query=%EA%B8%B0%EC%95%84&origQuery=%EA%B8%B0%EC%95%84&pagingIndex=4&viewType=list&sort=rel
2018-11-19 17:24:58 ERROR Crawler:292 - L ERR_CONTENTS_COL : category, span.depth > a, text
2018-11-19 17:24:58 ERROR Crawler:292 - L ERR_CONTENTS_COL : category, span.depth > a, text
2018-11-19 17:24:58 ERROR Crawler:292 - L ERR_CONTENTS_COL : category, span.depth > a, text
2018-11-19 17:24:58 ERROR Crawler:292 - L ERR_CONTENTS_COL : category, span.depth > a, text
2018-11-19 17:24:58 ERROR Crawler:292 - L ERR_CONTENTS_COL : category, span.depth > a, text
2018-11-19 17:24:58 ERROR Crawler:292 - L ERR_CONTENTS_COL : category, span.depth > a, text
2018-11-19 17:24:58 ERROR Crawler:292 - L ERR_CONTENTS_COL : category, span.depth > a, text
2018-11-19 17:24:58 ERROR Crawler:292 - L ERR_CONTENTS_COL : category, span.depth > a, text
2018-11-19 17:24:59 ERROR Crawler:288 - [ERR URL] https://search.shopping.naver.com/search/all.nhn?frm=NVSHPAG&pagingSize=80&query=%EA%B8%B0%EC%95%84&origQuery=%EA%B8%B0%EC%95%84&pagingIndex=5&viewType=list&sort=rel
2018-11-19 17:24:59 ERROR Crawler:292 - L ERR_CONTENTS_COL : category, span.depth > a, text
2018-11-19 17:24:59 ERROR Crawler:292 - L ERR_CONTENTS_COL : category, span.depth > a, text
2018-11-19 17:24:59 ERROR Crawler:292 - L ERR_CONTENTS_COL : category, span.depth > a, text
2018-11-19 17:24:59 ERROR Crawler:292 - L ERR_CONTENTS_COL : category, span.depth > a, text
2018-11-19 17:24:59 ERROR Crawler:292 - L ERR_CONTENTS_COL : category, span.depth > a, text
2018-11-19 17:24:59 ERROR Crawler:292 - L ERR_CONTENTS_COL : category, span.depth > a, text
2018-11-19 17:24:59 ERROR Crawler:292 - L ERR_CONTENTS_COL : category, span.depth > a, text
2018-11-19 17:24:59 ERROR Crawler:292 - L ERR_CONTENTS_COL : category, span.depth > a, text
2018-11-19 17:25:01 ERROR Crawler:288 - [ERR URL] https://search.shopping.naver.com/search/all.nhn?frm=NVSHPAG&pagingSize=80&query=%EA%B8%B0%EC%95%84&origQuery=%EA%B8%B0%EC%95%84&pagingIndex=6&viewType=list&sort=rel
2018-11-19 17:25:01 ERROR Crawler:292 - L ERR_CONTENTS_COL : category, span.depth > a, text
2018-11-19 17:25:01 ERROR Crawler:292 - L ERR_CONTENTS_COL : category, span.depth > a, text
2018-11-19 17:25:01 ERROR Crawler:292 - L ERR_CONTENTS_COL : category, span.depth > a, text
2018-11-19 17:25:01 ERROR Crawler:292 - L ERR_CONTENTS_COL : category, span.depth > a, text
2018-11-19 17:25:01 ERROR Crawler:292 - L ERR_CONTENTS_COL : category, span.depth > a, text
2018-11-19 17:25:01 ERROR Crawler:292 - L ERR_CONTENTS_COL : category, span.depth > a, text
2018-11-19 17:25:01 ERROR Crawler:292 - L ERR_CONTENTS_COL : category, span.depth > a, text
2018-11-19 17:25:01 ERROR Crawler:292 - L ERR_CONTENTS_COL : category, span.depth > a, text
2018-11-19 17:25:02 ERROR Crawler:288 - [ERR URL] https://search.shopping.naver.com/search/all.nhn?frm=NVSHPAG&pagingSize=80&query=%EA%B8%B0%EC%95%84&origQuery=%EA%B8%B0%EC%95%84&pagingIndex=7&viewType=list&sort=rel
2018-11-19 17:25:02 ERROR Crawler:292 - L ERR_CONTENTS_COL : category, span.depth > a, text
2018-11-19 17:25:02 ERROR Crawler:292 - L ERR_CONTENTS_COL : category, span.depth > a, text
2018-11-19 17:25:02 ERROR Crawler:292 - L ERR_CONTENTS_COL : category, span.depth > a, text
2018-11-19 17:25:02 ERROR Crawler:292 - L ERR_CONTENTS_COL : category, span.depth > a, text
2018-11-19 17:25:02 ERROR Crawler:292 - L ERR_CONTENTS_COL : category, span.depth > a, text
2018-11-19 17:25:02 ERROR Crawler:292 - L ERR_CONTENTS_COL : category, span.depth > a, text
2018-11-19 17:25:02 ERROR Crawler:292 - L ERR_CONTENTS_COL : category, span.depth > a, text
2018-11-19 17:25:02 ERROR Crawler:292 - L ERR_CONTENTS_COL : category, span.depth > a, text
2018-11-19 17:25:02 ERROR Crawler:292 - L ERR_WRITE : Contents write failed : Duplicate entry '81356798425' for key 'PRIMARY'
2018-11-19 17:25:03 ERROR Crawler:288 - [ERR URL] https://search.shopping.naver.com/search/all.nhn?frm=NVSHPAG&pagingSize=80&query=%EA%B8%B0%EC%95%84&origQuery=%EA%B8%B0%EC%95%84&pagingIndex=8&viewType=list&sort=rel
2018-11-19 17:25:03 ERROR Crawler:292 - L ERR_CONTENTS_COL : category, span.depth > a, text
2018-11-19 17:25:03 ERROR Crawler:292 - L ERR_CONTENTS_COL : category, span.depth > a, text
2018-11-19 17:25:03 ERROR Crawler:292 - L ERR_CONTENTS_COL : category, span.depth > a, text
2018-11-19 17:25:03 ERROR Crawler:292 - L ERR_CONTENTS_COL : category, span.depth > a, text
2018-11-19 17:25:03 ERROR Crawler:292 - L ERR_CONTENTS_COL : category, span.depth > a, text
2018-11-19 17:25:03 ERROR Crawler:292 - L ERR_CONTENTS_COL : category, span.depth > a, text
2018-11-19 17:25:03 ERROR Crawler:292 - L ERR_CONTENTS_COL : category, span.depth > a, text
2018-11-19 17:25:03 ERROR Crawler:292 - L ERR_CONTENTS_COL : category, span.depth > a, text
2018-11-19 17:25:04 ERROR Crawler:288 - [ERR URL] https://search.shopping.naver.com/search/all.nhn?frm=NVSHPAG&pagingSize=80&query=%EA%B8%B0%EC%95%84&origQuery=%EA%B8%B0%EC%95%84&pagingIndex=9&viewType=list&sort=rel
2018-11-19 17:25:04 ERROR Crawler:292 - L ERR_CONTENTS_COL : category, span.depth > a, text
2018-11-19 17:25:04 ERROR Crawler:292 - L ERR_CONTENTS_COL : category, span.depth > a, text
2018-11-19 17:25:04 ERROR Crawler:292 - L ERR_CONTENTS_COL : category, span.depth > a, text
2018-11-19 17:25:04 ERROR Crawler:292 - L ERR_CONTENTS_COL : category, span.depth > a, text
2018-11-19 17:25:04 ERROR Crawler:292 - L ERR_CONTENTS_COL : category, span.depth > a, text
2018-11-19 17:25:04 ERROR Crawler:292 - L ERR_CONTENTS_COL : category, span.depth > a, text
2018-11-19 17:25:04 ERROR Crawler:292 - L ERR_CONTENTS_COL : category, span.depth > a, text
2018-11-19 17:25:04 ERROR Crawler:292 - L ERR_CONTENTS_COL : category, span.depth > a, text
2018-11-19 17:25:06 ERROR Crawler:288 - [ERR URL] https://search.shopping.naver.com/search/all.nhn?frm=NVSHPAG&pagingSize=80&query=%EA%B8%B0%EC%95%84&origQuery=%EA%B8%B0%EC%95%84&pagingIndex=10&viewType=list&sort=rel
2018-11-19 17:25:06 ERROR Crawler:292 - L ERR_CONTENTS_COL : category, span.depth > a, text
2018-11-19 17:25:06 ERROR Crawler:292 - L ERR_CONTENTS_COL : category, span.depth > a, text
2018-11-19 17:25:06 ERROR Crawler:292 - L ERR_CONTENTS_COL : category, span.depth > a, text
2018-11-19 17:25:06 ERROR Crawler:292 - L ERR_CONTENTS_COL : category, span.depth > a, text
2018-11-19 17:25:06 ERROR Crawler:292 - L ERR_CONTENTS_COL : category, span.depth > a, text
2018-11-19 17:25:06 ERROR Crawler:292 - L ERR_CONTENTS_COL : category, span.depth > a, text
2018-11-19 17:25:06 ERROR Crawler:292 - L ERR_CONTENTS_COL : category, span.depth > a, text
2018-11-19 17:25:06 ERROR Crawler:292 - L ERR_CONTENTS_COL : category, span.depth > a, text
2018-11-19 17:25:07 ERROR Crawler:288 - [ERR URL] https://search.shopping.naver.com/search/all.nhn?frm=NVSHPAG&pagingSize=80&query=%EA%B8%B0%EC%95%84&origQuery=%EA%B8%B0%EC%95%84&pagingIndex=11&viewType=list&sort=rel
2018-11-19 17:25:07 ERROR Crawler:292 - L ERR_CONTENTS_COL : category, span.depth > a, text
2018-11-19 17:25:07 ERROR Crawler:292 - L ERR_CONTENTS_COL : category, span.depth > a, text
2018-11-19 17:25:07 ERROR Crawler:292 - L ERR_CONTENTS_COL : category, span.depth > a, text
2018-11-19 17:25:07 ERROR Crawler:292 - L ERR_CONTENTS_COL : category, span.depth > a, text
2018-11-19 17:25:07 ERROR Crawler:292 - L ERR_CONTENTS_COL : category, span.depth > a, text
2018-11-19 17:25:07 ERROR Crawler:292 - L ERR_CONTENTS_COL : category, span.depth > a, text
2018-11-19 17:25:07 ERROR Crawler:292 - L ERR_CONTENTS_COL : category, span.depth > a, text
2018-11-19 17:25:07 ERROR Crawler:292 - L ERR_CONTENTS_COL : category, span.depth > a, text
2018-11-19 17:25:09 ERROR Crawler:288 - [ERR URL] https://search.shopping.naver.com/search/all.nhn?frm=NVSHPAG&pagingSize=80&query=%EA%B8%B0%EC%95%84&origQuery=%EA%B8%B0%EC%95%84&pagingIndex=12&viewType=list&sort=rel
2018-11-19 17:25:09 ERROR Crawler:292 - L ERR_CONTENTS_COL : category, span.depth > a, text
2018-11-19 17:25:09 ERROR Crawler:292 - L ERR_CONTENTS_COL : category, span.depth > a, text
2018-11-19 17:25:09 ERROR Crawler:292 - L ERR_CONTENTS_COL : category, span.depth > a, text
2018-11-19 17:25:09 ERROR Crawler:292 - L ERR_CONTENTS_COL : category, span.depth > a, text
2018-11-19 17:25:09 ERROR Crawler:292 - L ERR_CONTENTS_COL : category, span.depth > a, text
2018-11-19 17:25:09 ERROR Crawler:292 - L ERR_CONTENTS_COL : category, span.depth > a, text
2018-11-19 17:25:09 ERROR Crawler:292 - L ERR_CONTENTS_COL : category, span.depth > a, text
2018-11-19 17:25:09 ERROR Crawler:292 - L ERR_CONTENTS_COL : category, span.depth > a, text
2018-11-19 17:25:09 ERROR Crawler:292 - L ERR_WRITE : Contents write failed : Duplicate entry '15844237371' for key 'PRIMARY'
