2018-11-12 13:25:15 INFO  Crawler:181 - ============== Start Crawler =============
2018-11-12 13:25:15 INFO  Crawler:182 - CONFIG FILE    : ./config/config_domeggook.json
2018-11-12 13:25:15 INFO  Crawler:188 - CRAWLER NAME   : domeggook
2018-11-12 13:25:15 INFO  Crawler:189 - CRAWLER TYPE   : SCENARIO_DYNAMIC
2018-11-12 13:25:15 INFO  Crawler:190 - CRAWLER DELAY  : 0 sec
2018-11-12 13:25:15 INFO  Crawler:191 - IGNORE ROBOTS  : true
2018-11-12 13:25:15 INFO  Crawler:192 - LIMIT_COUNT    : -1
2018-11-12 13:25:15 INFO  Crawler:193 - FILTER COUNT   : 0
2018-11-12 13:25:15 INFO  Crawler:197 - SCENARIO COUNT : 2
2018-11-12 13:25:15 INFO  Crawler:198 - COLLECT COUNT  : 1
2018-11-12 13:25:15 INFO  Crawler:199 - SAVE TYPE      : DB
2018-11-12 13:25:15 INFO  Crawler:200 - SAVE HTML      : true
2018-11-12 13:25:15 INFO  Crawler:201 - ==========================================
2018-11-12 13:25:24 INFO  Crawler:231 - [Progress 1] elaped time : 00:00:08, save : 0, err : 0, remain_work : 2, total : 3
2018-11-12 13:25:24 INFO  Crawler:231 - [Progress 2] elaped time : 00:00:09, save : 0, err : 0, remain_work : 4, total : 6
2018-11-12 13:25:24 INFO  Crawler:231 - [Progress 3] elaped time : 00:00:09, save : 0, err : 0, remain_work : 6, total : 9
2018-11-12 13:25:24 INFO  Crawler:231 - [Progress 4] elaped time : 00:00:09, save : 0, err : 0, remain_work : 5, total : 9
2018-11-12 13:25:26 ERROR Crawler:223 - [ERR URL] http://domeggook.com/7767997?sfc=ttl&sf=ttl&sw=%C0%E5%B3%AD%B0%A8
2018-11-12 13:25:26 ERROR Crawler:226 - L ERR_WRITE : Contents write failed : Duplicate entry '7767997' for key 'PRIMARY'
2018-11-12 13:25:26 INFO  Crawler:231 - [Progress 5] elaped time : 00:00:11, save : 0, err : 1, remain_work : 4, total : 9
2018-11-12 13:25:26 INFO  Crawler:231 - [Progress 6] elaped time : 00:00:11, save : 0, err : 1, remain_work : 3, total : 9
2018-11-12 13:25:26 INFO  Crawler:231 - [Progress 7] elaped time : 00:00:11, save : 0, err : 1, remain_work : 5, total : 12
2018-11-12 13:25:26 INFO  Crawler:231 - [Progress 8] elaped time : 00:00:11, save : 0, err : 1, remain_work : 4, total : 12
2018-11-12 13:25:28 ERROR Crawler:223 - [ERR URL] http://domeggook.com/8086145?sfc=ttl&sf=ttl&sw=%C0%E5%B3%AD%B0%A8
2018-11-12 13:25:28 ERROR Crawler:226 - L ERR : Can't save the html file.
2018-11-12 13:25:28 ERROR Crawler:226 - L ERR_WRITE : Contents write failed : Duplicate entry '8086145' for key 'PRIMARY'
2018-11-12 13:25:28 INFO  Crawler:231 - [Progress 9] elaped time : 00:00:13, save : 0, err : 3, remain_work : 3, total : 12
2018-11-12 13:25:28 INFO  Crawler:231 - [Progress 10] elaped time : 00:00:13, save : 0, err : 3, remain_work : 2, total : 12
2018-11-12 13:25:28 INFO  Crawler:231 - [Progress 11] elaped time : 00:00:13, save : 0, err : 3, remain_work : 4, total : 15
2018-11-12 13:25:28 INFO  Crawler:231 - [Progress 12] elaped time : 00:00:13, save : 0, err : 3, remain_work : 3, total : 15
2018-11-12 13:25:30 ERROR Crawler:223 - [ERR URL] http://domeggook.com/6246910?sfc=ttl&sf=ttl&sw=%C0%E5%B3%AD%B0%A8
2018-11-12 13:25:30 ERROR Crawler:226 - L ERR : Can't save the html file.
2018-11-12 13:25:30 ERROR Crawler:226 - L ERR_WRITE : Contents write failed : Duplicate entry '6246910' for key 'PRIMARY'
2018-11-12 13:25:30 INFO  Crawler:231 - [Progress 13] elaped time : 00:00:14, save : 0, err : 5, remain_work : 2, total : 15
2018-11-12 13:25:30 INFO  Crawler:231 - [Progress 14] elaped time : 00:00:15, save : 0, err : 5, remain_work : 1, total : 15
2018-11-12 13:25:40 ERROR Crawler:223 - [ERR URL] http://domeggook.com/main/item/itemList.php?sfc=ttl&sf=ttl&sw=%C0%E5%B3%AD%B0%A8
2018-11-12 13:25:40 ERROR Crawler:226 - L ERR_ACTION : #lPage > a.btn.af1dd
2018-11-12 13:25:40 INFO  Crawler:231 - [Progress 15] elaped time : 00:00:25, save : 0, err : 6, remain_work : 0, total : 15
2018-11-12 13:25:41 INFO  Crawler:256 - ============== Finish Crawler =============
2018-11-12 13:25:41 INFO  Crawler:257 - [total time] 00:00:26
2018-11-12 13:25:41 INFO  Crawler:258 - [save contents] 0
2018-11-12 13:25:41 INFO  Crawler:259 - [error work] 6
2018-11-12 13:25:41 INFO  Crawler:260 - [remain work] 0
2018-11-12 13:25:41 INFO  Crawler:261 - [total processed work] 15
