2018-10-25 11:44:58 INFO  Crawler:238 - ============== Start Crawler =============
2018-10-25 11:44:58 INFO  Crawler:239 - CONFIG FILE    : ./config/config_action.json
2018-10-25 11:44:58 INFO  Crawler:241 - CMD PARAM 00   : 그래픽카드
2018-10-25 11:44:58 INFO  Crawler:243 - CRAWLER NAME   : 액션기반_크롤링
2018-10-25 11:44:58 INFO  Crawler:244 - CRAWLER TYPE   : SCENARIO_DYNAMIC
2018-10-25 11:44:58 INFO  Crawler:245 - IGNORE ROBOTS  : false
2018-10-25 11:44:58 INFO  Crawler:246 - LIMIT_COUNT    : 10
2018-10-25 11:44:58 INFO  Crawler:247 - FILTER COUNT   : 0
2018-10-25 11:44:58 INFO  Crawler:251 - SCENARIO COUNT : 2
2018-10-25 11:44:58 INFO  Crawler:252 - COLLECT COUNT  : 1
2018-10-25 11:44:58 INFO  Crawler:253 - SAVE TYPE      : CSV
2018-10-25 11:44:58 INFO  Crawler:254 - SAVE HTML      : true
2018-10-25 11:44:58 INFO  Crawler:255 - ==========================================
2018-10-25 11:45:06 INFO  Crawler:282 - [Progress 1] save : 0, err : 0, remain_work : 4, total : 5
2018-10-25 11:45:06 INFO  Crawler:282 - [Progress 2] save : 0, err : 0, remain_work : 8, total : 10
2018-10-25 11:45:07 INFO  Crawler:282 - [Progress 3] save : 0, err : 0, remain_work : 9, total : 12
2018-10-25 11:45:08 INFO  Crawler:282 - [Progress 4] save : 0, err : 0, remain_work : 10, total : 14
2018-10-25 11:45:08 INFO  Crawler:282 - [Progress 5] save : 0, err : 0, remain_work : 11, total : 16
2018-10-25 11:45:08 INFO  Crawler:282 - [Progress 6] save : 0, err : 0, remain_work : 12, total : 18
2018-10-25 11:45:08 INFO  Crawler:282 - [Progress 7] save : 0, err : 0, remain_work : 13, total : 20
2018-10-25 11:45:08 INFO  Crawler:282 - [Progress 8] save : 0, err : 0, remain_work : 14, total : 22
2018-10-25 11:45:08 INFO  Crawler:282 - [Progress 9] save : 0, err : 0, remain_work : 15, total : 24
2018-10-25 11:45:08 INFO  Crawler:282 - [Progress 10] save : 0, err : 0, remain_work : 16, total : 26
2018-10-25 11:45:09 INFO  Crawler:316 - ============== Finish Crawler =============
2018-10-25 11:45:09 INFO  Crawler:317 - [total time] 00:00:10
2018-10-25 11:45:09 INFO  Crawler:318 - [save contents] 0
2018-10-25 11:45:09 INFO  Crawler:319 - [error work] 0
2018-10-25 11:45:09 INFO  Crawler:320 - [remain work] 0
2018-10-25 11:45:09 INFO  Crawler:321 - [total processed work] 10
