2018-11-13 09:59:13 ERROR Crawler:281 - [ERR URL] https://search.shopping.naver.com/search/all.nhn?frm=NVSHATC&pagingSize=80&query=%EA%B8%B0%EC%95%84
2018-11-13 09:59:13 ERROR Crawler:284 - L ERR_CONTENTS_COL : category, span.depth > a, text
2018-11-13 09:59:13 ERROR Crawler:284 - L ERR_CONTENTS_COL : category, span.depth > a, text
2018-11-13 09:59:13 ERROR Crawler:284 - L ERR_CONTENTS_COL : category, span.depth > a, text
2018-11-13 09:59:13 ERROR Crawler:284 - L ERR_CONTENTS_COL : category, span.depth > a, text
2018-11-13 09:59:13 ERROR Crawler:284 - L ERR_CONTENTS_COL : category, span.depth > a, text
2018-11-13 09:59:13 ERROR Crawler:284 - L ERR_CONTENTS_COL : category, span.depth > a, text
2018-11-13 09:59:13 ERROR Crawler:284 - L ERR_CONTENTS_COL : category, span.depth > a, text
2018-11-13 09:59:13 ERROR Crawler:284 - L ERR_CONTENTS_COL : category, span.depth > a, text
2018-11-13 09:59:18 ERROR Crawler:281 - [ERR URL] https://search.shopping.naver.com/search/all.nhn?frm=NVSHATC&pagingSize=80&query=%ED%98%84%EB%8C%80
2018-11-13 09:59:18 ERROR Crawler:284 - L ERR_CONTENTS_COL : category, span.depth > a, text
2018-11-13 09:59:18 ERROR Crawler:284 - L ERR_CONTENTS_COL : category, span.depth > a, text
2018-11-13 09:59:18 ERROR Crawler:284 - L ERR_CONTENTS_COL : category, span.depth > a, text
2018-11-13 09:59:18 ERROR Crawler:284 - L ERR_CONTENTS_COL : category, span.depth > a, text
2018-11-13 09:59:18 ERROR Crawler:284 - L ERR_CONTENTS_COL : category, span.depth > a, text
2018-11-13 09:59:18 ERROR Crawler:284 - L ERR_CONTENTS_COL : category, span.depth > a, text
2018-11-13 09:59:18 ERROR Crawler:284 - L ERR_CONTENTS_COL : category, span.depth > a, text
2018-11-13 09:59:18 ERROR Crawler:284 - L ERR_CONTENTS_COL : category, span.depth > a, text
2018-11-13 09:59:22 ERROR Crawler:281 - [ERR URL] https://search.shopping.naver.com/search/all.nhn?frm=NVSHATC&pagingSize=80&query=%EB%95%8C
2018-11-13 09:59:22 ERROR Crawler:284 - L ERR_CONTENTS_COL : category, span.depth > a, text
2018-11-13 09:59:22 ERROR Crawler:284 - L ERR_CONTENTS_COL : category, span.depth > a, text
2018-11-13 09:59:22 ERROR Crawler:284 - L ERR_CONTENTS_COL : category, span.depth > a, text
2018-11-13 09:59:22 ERROR Crawler:284 - L ERR_CONTENTS_COL : category, span.depth > a, text
2018-11-13 09:59:22 ERROR Crawler:284 - L ERR_CONTENTS_COL : category, span.depth > a, text
2018-11-13 09:59:22 ERROR Crawler:284 - L ERR_CONTENTS_COL : category, span.depth > a, text
2018-11-13 09:59:22 ERROR Crawler:284 - L ERR_CONTENTS_COL : category, span.depth > a, text
2018-11-13 09:59:22 ERROR Crawler:284 - L ERR_CONTENTS_COL : category, span.depth > a, text
2018-11-13 09:59:26 ERROR Crawler:281 - [ERR URL] https://search.shopping.naver.com/search/all.nhn?frm=NVSHATC&pagingSize=80&query=%EB%95%8C%EB%AC%B8
2018-11-13 09:59:26 ERROR Crawler:284 - L ERR_CONTENTS_COL : category, span.depth > a, text
2018-11-13 09:59:26 ERROR Crawler:284 - L ERR_CONTENTS_COL : category, span.depth > a, text
2018-11-13 09:59:26 ERROR Crawler:284 - L ERR_CONTENTS_COL : category, span.depth > a, text
2018-11-13 09:59:26 ERROR Crawler:284 - L ERR_CONTENTS_COL : category, span.depth > a, text
2018-11-13 09:59:26 ERROR Crawler:284 - L ERR_CONTENTS_COL : category, span.depth > a, text
2018-11-13 09:59:26 ERROR Crawler:284 - L ERR_CONTENTS_COL : category, span.depth > a, text
2018-11-13 09:59:26 ERROR Crawler:284 - L ERR_CONTENTS_COL : category, span.depth > a, text
2018-11-13 09:59:26 ERROR Crawler:284 - L ERR_CONTENTS_COL : category, span.depth > a, text
2018-11-13 09:59:30 ERROR Crawler:281 - [ERR URL] https://search.shopping.naver.com/search/all.nhn?frm=NVSHATC&pagingSize=80&query=%EA%B2%BD%EC%9A%B0
2018-11-13 09:59:30 ERROR Crawler:284 - L ERR_CONTENTS_COL : category, span.depth > a, text
2018-11-13 09:59:30 ERROR Crawler:284 - L ERR_CONTENTS_COL : category, span.depth > a, text
2018-11-13 09:59:30 ERROR Crawler:284 - L ERR_CONTENTS_COL : category, span.depth > a, text
2018-11-13 09:59:30 ERROR Crawler:284 - L ERR_CONTENTS_COL : category, span.depth > a, text
2018-11-13 09:59:30 ERROR Crawler:284 - L ERR_CONTENTS_COL : category, span.depth > a, text
2018-11-13 09:59:30 ERROR Crawler:284 - L ERR_CONTENTS_COL : category, span.depth > a, text
2018-11-13 09:59:30 ERROR Crawler:284 - L ERR_CONTENTS_COL : category, span.depth > a, text
2018-11-13 09:59:30 ERROR Crawler:284 - L ERR_CONTENTS_COL : category, span.depth > a, text
2018-11-13 09:59:33 ERROR Crawler:281 - [ERR URL] https://search.shopping.naver.com/search/all.nhn?frm=NVSHATC&pagingSize=80&query=%EA%B2%83
2018-11-13 09:59:33 ERROR Crawler:284 - L ERR_CONTENTS_COL : category, span.depth > a, text
2018-11-13 09:59:33 ERROR Crawler:284 - L ERR_CONTENTS_COL : category, span.depth > a, text
2018-11-13 09:59:33 ERROR Crawler:284 - L ERR_CONTENTS_COL : category, span.depth > a, text
2018-11-13 09:59:33 ERROR Crawler:284 - L ERR_CONTENTS_COL : category, span.depth > a, text
2018-11-13 09:59:33 ERROR Crawler:284 - L ERR_CONTENTS_COL : category, span.depth > a, text
2018-11-13 09:59:33 ERROR Crawler:284 - L ERR_CONTENTS_COL : category, span.depth > a, text
2018-11-13 09:59:33 ERROR Crawler:284 - L ERR_CONTENTS_COL : category, span.depth > a, text
2018-11-13 09:59:33 ERROR Crawler:284 - L ERR_CONTENTS_COL : category, span.depth > a, text
2018-11-13 09:59:38 ERROR Crawler:281 - [ERR URL] https://search.shopping.naver.com/search/all.nhn?frm=NVSHATC&pagingSize=80&query=%EB%82%98
2018-11-13 09:59:38 ERROR Crawler:284 - L ERR_CONTENTS_COL : category, span.depth > a, text
2018-11-13 09:59:38 ERROR Crawler:284 - L ERR_CONTENTS_COL : category, span.depth > a, text
2018-11-13 09:59:38 ERROR Crawler:284 - L ERR_CONTENTS_COL : category, span.depth > a, text
2018-11-13 09:59:38 ERROR Crawler:284 - L ERR_CONTENTS_COL : category, span.depth > a, text
2018-11-13 09:59:38 ERROR Crawler:284 - L ERR_CONTENTS_COL : category, span.depth > a, text
2018-11-13 09:59:38 ERROR Crawler:284 - L ERR_CONTENTS_COL : category, span.depth > a, text
2018-11-13 09:59:38 ERROR Crawler:284 - L ERR_CONTENTS_COL : category, span.depth > a, text
2018-11-13 09:59:38 ERROR Crawler:284 - L ERR_CONTENTS_COL : category, span.depth > a, text
2018-11-13 09:59:42 ERROR Crawler:281 - [ERR URL] https://search.shopping.naver.com/search/all.nhn?frm=NVSHATC&pagingSize=80&query=%EC%BB%B4%ED%8F%AC%EB%84%8C%ED%8A%B8
2018-11-13 09:59:42 ERROR Crawler:284 - L ERR_CONTENTS_COL : category, span.depth > a, text
2018-11-13 09:59:42 ERROR Crawler:284 - L ERR_CONTENTS_COL : category, span.depth > a, text
2018-11-13 09:59:42 ERROR Crawler:284 - L ERR_CONTENTS_COL : category, span.depth > a, text
2018-11-13 09:59:42 ERROR Crawler:284 - L ERR_CONTENTS_COL : category, span.depth > a, text
2018-11-13 09:59:42 ERROR Crawler:284 - L ERR_CONTENTS_COL : category, span.depth > a, text
2018-11-13 09:59:42 ERROR Crawler:284 - L ERR_CONTENTS_COL : category, span.depth > a, text
2018-11-13 09:59:42 ERROR Crawler:284 - L ERR_CONTENTS_COL : category, span.depth > a, text
2018-11-13 09:59:42 ERROR Crawler:284 - L ERR_CONTENTS_COL : category, span.depth > a, text
2018-11-13 09:59:46 ERROR Crawler:281 - [ERR URL] https://search.shopping.naver.com/search/all.nhn?frm=NVSHATC&pagingSize=80&query=%EB%8B%B5
2018-11-13 09:59:46 ERROR Crawler:284 - L ERR_CONTENTS_COL : category, span.depth > a, text
2018-11-13 09:59:46 ERROR Crawler:284 - L ERR_CONTENTS_COL : category, span.depth > a, text
2018-11-13 09:59:46 ERROR Crawler:284 - L ERR_CONTENTS_COL : category, span.depth > a, text
2018-11-13 09:59:46 ERROR Crawler:284 - L ERR_CONTENTS_COL : category, span.depth > a, text
2018-11-13 09:59:46 ERROR Crawler:284 - L ERR_CONTENTS_COL : category, span.depth > a, text
2018-11-13 09:59:46 ERROR Crawler:284 - L ERR_CONTENTS_COL : category, span.depth > a, text
2018-11-13 09:59:46 ERROR Crawler:284 - L ERR_CONTENTS_COL : category, span.depth > a, text
2018-11-13 09:59:46 ERROR Crawler:284 - L ERR_CONTENTS_COL : category, span.depth > a, text
2018-11-13 09:59:50 ERROR Crawler:281 - [ERR URL] https://search.shopping.naver.com/search/all.nhn?frm=NVSHATC&pagingSize=80&query=%EB%8B%B5
2018-11-13 09:59:50 ERROR Crawler:284 - L ERR_CONTENTS_COL : category, span.depth > a, text
2018-11-13 09:59:50 ERROR Crawler:284 - L ERR_CONTENTS_COL : category, span.depth > a, text
2018-11-13 09:59:50 ERROR Crawler:284 - L ERR_CONTENTS_COL : category, span.depth > a, text
2018-11-13 09:59:50 ERROR Crawler:284 - L ERR_CONTENTS_COL : category, span.depth > a, text
2018-11-13 09:59:50 ERROR Crawler:284 - L ERR_CONTENTS_COL : category, span.depth > a, text
2018-11-13 09:59:50 ERROR Crawler:284 - L ERR_CONTENTS_COL : category, span.depth > a, text
2018-11-13 09:59:50 ERROR Crawler:284 - L ERR_CONTENTS_COL : category, span.depth > a, text
2018-11-13 09:59:50 ERROR Crawler:284 - L ERR_CONTENTS_COL : category, span.depth > a, text
