2018-11-18 18:18:50 INFO  Crawler:229 - ============== Start Crawler =============
2018-11-18 18:18:50 INFO  Crawler:230 - CONFIG FILE    : ./config/config_naver_shopping_category.json
2018-11-18 18:18:50 INFO  Crawler:232 - ARG LIST COUNT : 19
2018-11-18 18:18:50 INFO  Crawler:237 - CMD PARAM 00   : 기아
2018-11-18 18:18:50 INFO  Crawler:240 - CRAWLER NAME   : naver_category
2018-11-18 18:18:50 INFO  Crawler:241 - CRAWLER TYPE   : SCENARIO_DYNAMIC
2018-11-18 18:18:50 INFO  Crawler:242 - CRAWLER DELAY  : 0.5 sec
2018-11-18 18:18:50 INFO  Crawler:243 - IGNORE ROBOTS  : true
2018-11-18 18:18:50 INFO  Crawler:244 - LIMIT_COUNT    : 10
2018-11-18 18:18:50 INFO  Crawler:245 - FILTER COUNT   : 0
2018-11-18 18:18:50 INFO  Crawler:249 - SCENARIO COUNT : 1
2018-11-18 18:18:50 INFO  Crawler:250 - COLLECT COUNT  : 1
2018-11-18 18:18:50 INFO  Crawler:251 - SAVE TYPE      : DB
2018-11-18 18:18:50 INFO  Crawler:252 - SAVE HTML      : false
2018-11-18 18:18:50 INFO  Crawler:253 - ==========================================
2018-11-18 18:18:57 ERROR Crawler:272 - 
java.lang.NullPointerException
	at com.onycom.crawler.scraper.SeleniumScraper.connectSelenium(SeleniumScraper.java:356)
	at com.onycom.crawler.scraper.SeleniumScraper.open(SeleniumScraper.java:51)
	at com.onycom.SettingBasedCrawler.Crawler$1.start(Crawler.java:268)
	at com.onycom.crawler.core.WorkManager.start(WorkManager.java:83)
	at com.onycom.SettingBasedCrawler.Crawler.start(Crawler.java:175)
	at com.onycom.SettingBasedCrawler.App.main(App.java:56)
2018-11-18 18:18:57 INFO  Crawler:276 - ============== Terminate Crawler =============
2018-11-18 18:18:57 ERROR Crawler:277 - Can't start Crawler. Initialization failed.
2018-11-18 18:18:57 INFO  Crawler:229 - ============== Start Crawler =============
2018-11-18 18:18:57 INFO  Crawler:230 - CONFIG FILE    : ./config/config_naver_shopping_category.json
2018-11-18 18:18:57 INFO  Crawler:232 - ARG LIST COUNT : 19
2018-11-18 18:18:57 INFO  Crawler:237 - CMD PARAM 00   : 현대
2018-11-18 18:18:57 INFO  Crawler:240 - CRAWLER NAME   : naver_category
2018-11-18 18:18:57 INFO  Crawler:241 - CRAWLER TYPE   : SCENARIO_DYNAMIC
2018-11-18 18:18:57 INFO  Crawler:242 - CRAWLER DELAY  : 0.5 sec
2018-11-18 18:18:57 INFO  Crawler:243 - IGNORE ROBOTS  : true
2018-11-18 18:18:57 INFO  Crawler:244 - LIMIT_COUNT    : 10
2018-11-18 18:18:57 INFO  Crawler:245 - FILTER COUNT   : 0
2018-11-18 18:18:57 INFO  Crawler:249 - SCENARIO COUNT : 1
2018-11-18 18:18:57 INFO  Crawler:250 - COLLECT COUNT  : 1
2018-11-18 18:18:57 INFO  Crawler:251 - SAVE TYPE      : DB
2018-11-18 18:18:57 INFO  Crawler:252 - SAVE HTML      : false
2018-11-18 18:18:57 INFO  Crawler:253 - ==========================================
2018-11-18 18:18:58 ERROR Crawler:272 - 
java.lang.NullPointerException
	at com.onycom.crawler.scraper.SeleniumScraper.connectSelenium(SeleniumScraper.java:356)
	at com.onycom.crawler.scraper.SeleniumScraper.open(SeleniumScraper.java:51)
	at com.onycom.SettingBasedCrawler.Crawler$1.start(Crawler.java:268)
	at com.onycom.crawler.core.WorkManager.start(WorkManager.java:83)
	at com.onycom.SettingBasedCrawler.Crawler.start(Crawler.java:175)
	at com.onycom.SettingBasedCrawler.App.main(App.java:56)
2018-11-18 18:18:58 INFO  Crawler:276 - ============== Terminate Crawler =============
2018-11-18 18:18:58 ERROR Crawler:277 - Can't start Crawler. Initialization failed.
2018-11-18 18:18:58 INFO  Crawler:229 - ============== Start Crawler =============
2018-11-18 18:18:58 INFO  Crawler:230 - CONFIG FILE    : ./config/config_naver_shopping_category.json
2018-11-18 18:18:58 INFO  Crawler:232 - ARG LIST COUNT : 19
2018-11-18 18:18:58 INFO  Crawler:237 - CMD PARAM 00   : 자동차
2018-11-18 18:18:58 INFO  Crawler:240 - CRAWLER NAME   : naver_category
2018-11-18 18:18:58 INFO  Crawler:241 - CRAWLER TYPE   : SCENARIO_DYNAMIC
2018-11-18 18:18:58 INFO  Crawler:242 - CRAWLER DELAY  : 0.5 sec
2018-11-18 18:18:58 INFO  Crawler:243 - IGNORE ROBOTS  : true
2018-11-18 18:18:58 INFO  Crawler:244 - LIMIT_COUNT    : 10
2018-11-18 18:18:58 INFO  Crawler:245 - FILTER COUNT   : 0
2018-11-18 18:18:58 INFO  Crawler:249 - SCENARIO COUNT : 1
2018-11-18 18:18:58 INFO  Crawler:250 - COLLECT COUNT  : 1
2018-11-18 18:18:58 INFO  Crawler:251 - SAVE TYPE      : DB
2018-11-18 18:18:58 INFO  Crawler:252 - SAVE HTML      : false
2018-11-18 18:18:58 INFO  Crawler:253 - ==========================================
2018-11-18 18:19:00 ERROR Crawler:272 - 
java.lang.NullPointerException
	at com.onycom.crawler.scraper.SeleniumScraper.connectSelenium(SeleniumScraper.java:356)
	at com.onycom.crawler.scraper.SeleniumScraper.open(SeleniumScraper.java:51)
	at com.onycom.SettingBasedCrawler.Crawler$1.start(Crawler.java:268)
	at com.onycom.crawler.core.WorkManager.start(WorkManager.java:83)
	at com.onycom.SettingBasedCrawler.Crawler.start(Crawler.java:175)
	at com.onycom.SettingBasedCrawler.App.main(App.java:56)
2018-11-18 18:19:00 INFO  Crawler:276 - ============== Terminate Crawler =============
2018-11-18 18:19:00 ERROR Crawler:277 - Can't start Crawler. Initialization failed.
2018-11-18 18:19:00 INFO  Crawler:229 - ============== Start Crawler =============
2018-11-18 18:19:00 INFO  Crawler:230 - CONFIG FILE    : ./config/config_naver_shopping_category.json
2018-11-18 18:19:00 INFO  Crawler:232 - ARG LIST COUNT : 19
2018-11-18 18:19:00 INFO  Crawler:237 - CMD PARAM 00   : 김
2018-11-18 18:19:00 INFO  Crawler:240 - CRAWLER NAME   : naver_category
2018-11-18 18:19:00 INFO  Crawler:241 - CRAWLER TYPE   : SCENARIO_DYNAMIC
2018-11-18 18:19:00 INFO  Crawler:242 - CRAWLER DELAY  : 0.5 sec
2018-11-18 18:19:00 INFO  Crawler:243 - IGNORE ROBOTS  : true
2018-11-18 18:19:00 INFO  Crawler:244 - LIMIT_COUNT    : 10
2018-11-18 18:19:00 INFO  Crawler:245 - FILTER COUNT   : 0
2018-11-18 18:19:00 INFO  Crawler:249 - SCENARIO COUNT : 1
2018-11-18 18:19:00 INFO  Crawler:250 - COLLECT COUNT  : 1
2018-11-18 18:19:00 INFO  Crawler:251 - SAVE TYPE      : DB
2018-11-18 18:19:00 INFO  Crawler:252 - SAVE HTML      : false
2018-11-18 18:19:00 INFO  Crawler:253 - ==========================================
2018-11-18 18:19:03 ERROR Crawler:272 - 
java.lang.NullPointerException
	at com.onycom.crawler.scraper.SeleniumScraper.connectSelenium(SeleniumScraper.java:356)
	at com.onycom.crawler.scraper.SeleniumScraper.open(SeleniumScraper.java:51)
	at com.onycom.SettingBasedCrawler.Crawler$1.start(Crawler.java:268)
	at com.onycom.crawler.core.WorkManager.start(WorkManager.java:83)
	at com.onycom.SettingBasedCrawler.Crawler.start(Crawler.java:175)
	at com.onycom.SettingBasedCrawler.App.main(App.java:56)
2018-11-18 18:19:03 INFO  Crawler:276 - ============== Terminate Crawler =============
2018-11-18 18:19:03 ERROR Crawler:277 - Can't start Crawler. Initialization failed.
2018-11-18 18:19:03 INFO  Crawler:229 - ============== Start Crawler =============
2018-11-18 18:19:03 INFO  Crawler:230 - CONFIG FILE    : ./config/config_naver_shopping_category.json
2018-11-18 18:19:03 INFO  Crawler:232 - ARG LIST COUNT : 19
2018-11-18 18:19:03 INFO  Crawler:237 - CMD PARAM 00   : 광천김
2018-11-18 18:19:03 INFO  Crawler:240 - CRAWLER NAME   : naver_category
2018-11-18 18:19:03 INFO  Crawler:241 - CRAWLER TYPE   : SCENARIO_DYNAMIC
2018-11-18 18:19:03 INFO  Crawler:242 - CRAWLER DELAY  : 0.5 sec
2018-11-18 18:19:03 INFO  Crawler:243 - IGNORE ROBOTS  : true
2018-11-18 18:19:03 INFO  Crawler:244 - LIMIT_COUNT    : 10
2018-11-18 18:19:03 INFO  Crawler:245 - FILTER COUNT   : 0
2018-11-18 18:19:03 INFO  Crawler:249 - SCENARIO COUNT : 1
2018-11-18 18:19:03 INFO  Crawler:250 - COLLECT COUNT  : 1
2018-11-18 18:19:03 INFO  Crawler:251 - SAVE TYPE      : DB
2018-11-18 18:19:03 INFO  Crawler:252 - SAVE HTML      : false
2018-11-18 18:19:03 INFO  Crawler:253 - ==========================================
2018-11-18 18:19:04 ERROR Crawler:272 - 
java.lang.NullPointerException
	at com.onycom.crawler.scraper.SeleniumScraper.connectSelenium(SeleniumScraper.java:356)
	at com.onycom.crawler.scraper.SeleniumScraper.open(SeleniumScraper.java:51)
	at com.onycom.SettingBasedCrawler.Crawler$1.start(Crawler.java:268)
	at com.onycom.crawler.core.WorkManager.start(WorkManager.java:83)
	at com.onycom.SettingBasedCrawler.Crawler.start(Crawler.java:175)
	at com.onycom.SettingBasedCrawler.App.main(App.java:56)
2018-11-18 18:19:04 INFO  Crawler:276 - ============== Terminate Crawler =============
2018-11-18 18:19:04 ERROR Crawler:277 - Can't start Crawler. Initialization failed.
2018-11-18 18:19:04 INFO  Crawler:229 - ============== Start Crawler =============
2018-11-18 18:19:04 INFO  Crawler:230 - CONFIG FILE    : ./config/config_naver_shopping_category.json
2018-11-18 18:19:04 INFO  Crawler:232 - ARG LIST COUNT : 19
2018-11-18 18:19:04 INFO  Crawler:237 - CMD PARAM 00   : 라면
2018-11-18 18:19:04 INFO  Crawler:240 - CRAWLER NAME   : naver_category
2018-11-18 18:19:04 INFO  Crawler:241 - CRAWLER TYPE   : SCENARIO_DYNAMIC
2018-11-18 18:19:04 INFO  Crawler:242 - CRAWLER DELAY  : 0.5 sec
2018-11-18 18:19:04 INFO  Crawler:243 - IGNORE ROBOTS  : true
2018-11-18 18:19:04 INFO  Crawler:244 - LIMIT_COUNT    : 10
2018-11-18 18:19:04 INFO  Crawler:245 - FILTER COUNT   : 0
2018-11-18 18:19:04 INFO  Crawler:249 - SCENARIO COUNT : 1
2018-11-18 18:19:04 INFO  Crawler:250 - COLLECT COUNT  : 1
2018-11-18 18:19:04 INFO  Crawler:251 - SAVE TYPE      : DB
2018-11-18 18:19:04 INFO  Crawler:252 - SAVE HTML      : false
2018-11-18 18:19:04 INFO  Crawler:253 - ==========================================
