2018-11-08 17:56:40 INFO  Crawler:224 - ============== Start Crawler =============
2018-11-08 17:56:40 INFO  Crawler:225 - CONFIG FILE    : ./config/config_domeggook.json
2018-11-08 17:56:40 INFO  Crawler:228 - CMD PARAM 00   : 김
2018-11-08 17:56:40 INFO  Crawler:231 - CRAWLER NAME   : domeggook
2018-11-08 17:56:40 INFO  Crawler:232 - CRAWLER TYPE   : SCENARIO_DYNAMIC
2018-11-08 17:56:40 INFO  Crawler:233 - CRAWLER DELAY  : 1 sec
2018-11-08 17:56:40 INFO  Crawler:234 - IGNORE ROBOTS  : true
2018-11-08 17:56:40 INFO  Crawler:235 - LIMIT_COUNT    : 5
2018-11-08 17:56:40 INFO  Crawler:236 - FILTER COUNT   : 0
2018-11-08 17:56:40 INFO  Crawler:240 - SCENARIO COUNT : 2
2018-11-08 17:56:40 INFO  Crawler:241 - COLLECT COUNT  : 1
2018-11-08 17:56:40 INFO  Crawler:242 - SAVE TYPE      : DB
2018-11-08 17:56:40 INFO  Crawler:243 - SAVE HTML      : true
2018-11-08 17:56:40 INFO  Crawler:244 - ==========================================
2018-11-08 17:56:52 INFO  Crawler:274 - [Progress 1] save : 0, err : 0, remain_work : 2, total : 3
2018-11-08 17:56:53 INFO  Crawler:274 - [Progress 2] save : 0, err : 0, remain_work : 53, total : 55
2018-11-08 17:56:54 ERROR WorkRunnable:82 - not found element Remote browser did not respond to getCurrentUrl
Build info: version: '3.11.0', revision: 'e59cfb3', time: '2018-03-11T20:26:55.152Z'
System info: host: 'LAPTOP-94HKRVCK', ip: '192.168.56.1', os.name: 'Windows 10', os.arch: 'amd64', os.version: '10.0', java.version: '1.8.0_161'
Driver info: driver.version: RemoteWebDriver
org.openqa.selenium.WebDriverException: Remote browser did not respond to getCurrentUrl
Build info: version: '3.11.0', revision: 'e59cfb3', time: '2018-03-11T20:26:55.152Z'
System info: host: 'LAPTOP-94HKRVCK', ip: '192.168.56.1', os.name: 'Windows 10', os.arch: 'amd64', os.version: '10.0', java.version: '1.8.0_161'
Driver info: driver.version: RemoteWebDriver
	at com.onycom.crawler.core.WorkRunnable.run(WorkRunnable.java:82)
	at java.lang.Thread.run(Thread.java:748)
2018-11-08 17:56:54 ERROR Crawler:266 - [ERR URL] http://domeggook.com/main/item/itemList.php?sfc=ttl&sf=ttl&sw=%B1%E8
2018-11-08 17:56:54 ERROR Crawler:269 - L ERR : not found element Remote browser did not respond to getCurrentUrl
Build info: version: '3.11.0', revision: 'e59cfb3', time: '2018-03-11T20:26:55.152Z'
System info: host: 'LAPTOP-94HKRVCK', ip: '192.168.56.1', os.name: 'Windows 10', os.arch: 'amd64', os.version: '10.0', java.version: '1.8.0_161'
Driver info: driver.version: RemoteWebDriver
2018-11-08 17:56:54 INFO  Crawler:274 - [Progress 3] save : 0, err : 1, remain_work : 52, total : 55
2018-11-08 17:56:55 ERROR Crawler:266 - [ERR URL] http://domeggook.com/main/item/itemList.php?sfc=ttl&sf=ttl&sw=%B1%E8
2018-11-08 17:56:55 ERROR Crawler:269 - L ERR_ACTION : html > :nth-child(2) > :nth-child(11) > :nth-child(1) > :nth-child(1) > :nth-child(11) > :nth-child(2) > :nth-child(2) > :nth-child(2) > :nth-child(2)
2018-11-08 17:56:55 INFO  Crawler:274 - [Progress 4] save : 0, err : 2, remain_work : 51, total : 55
