2018-10-29 11:51:12 INFO  Crawler:218 - ============== Start Crawler =============
2018-10-29 11:51:12 INFO  Crawler:219 - CONFIG FILE    : ./config/config_action.json
2018-10-29 11:51:12 INFO  Crawler:221 - CMD PARAM 00   : 그래픽카드
2018-10-29 11:51:12 INFO  Crawler:223 - CRAWLER NAME   : 액션기반_크롤링
2018-10-29 11:51:12 INFO  Crawler:224 - CRAWLER TYPE   : SCENARIO_DYNAMIC
2018-10-29 11:51:12 INFO  Crawler:225 - IGNORE ROBOTS  : false
2018-10-29 11:51:12 INFO  Crawler:226 - LIMIT_COUNT    : 10
2018-10-29 11:51:12 INFO  Crawler:227 - FILTER COUNT   : 0
2018-10-29 11:51:12 INFO  Crawler:231 - SCENARIO COUNT : 2
2018-10-29 11:51:12 INFO  Crawler:232 - COLLECT COUNT  : 1
2018-10-29 11:51:12 INFO  Crawler:233 - SAVE TYPE      : CSV
2018-10-29 11:51:12 INFO  Crawler:234 - SAVE HTML      : true
2018-10-29 11:51:12 INFO  Crawler:235 - ==========================================
2018-10-29 11:51:16 INFO  Crawler:262 - [Progress 1] save : 0, err : 0, remain_work : 1, total : 2
2018-10-29 11:51:19 INFO  Crawler:262 - [Progress 2] save : 0, err : 0, remain_work : 2, total : 4
2018-10-29 11:51:29 ERROR Crawler:255 - [ERR URL] http://search.wemakeprice.com/search?search_cate=top&_service=5&_type=3
2018-10-29 11:51:29 ERROR Crawler:258 - L ERR_ACTION : #search_deal_area > li:nth-child(1) > span > a > span.box_desc > strong.tit_desc
2018-10-29 11:51:29 INFO  Crawler:262 - [Progress 3] save : 0, err : 1, remain_work : 1, total : 4
2018-10-29 11:51:40 ERROR Crawler:255 - [ERR URL] http://search.wemakeprice.com/search?search_cate=top&_service=5&_type=3
2018-10-29 11:51:40 ERROR Crawler:258 - L ERR_ACTION : #search_deal_area > li:nth-child(1) > span > a > span.box_desc > strong.tit_desc
2018-10-29 11:51:40 INFO  Crawler:262 - [Progress 4] save : 0, err : 2, remain_work : 0, total : 4
2018-10-29 11:51:41 INFO  Crawler:296 - ============== Finish Crawler =============
2018-10-29 11:51:41 INFO  Crawler:297 - [total time] 00:00:28
2018-10-29 11:51:41 INFO  Crawler:298 - [save contents] 0
2018-10-29 11:51:41 INFO  Crawler:299 - [error work] 2
2018-10-29 11:51:41 INFO  Crawler:300 - [remain work] 0
2018-10-29 11:51:41 INFO  Crawler:301 - [total processed work] 4
