2018-11-01 11:26:10 ERROR Crawler:257 - [ERR URL] http://search.wemakeprice.com?search_keyword=%EA%B7%B8%EB%9E%98%ED%94%BD%EC%B9%B4%EB%93%9C
2018-11-01 11:26:10 ERROR Crawler:260 - L ERR_ACTION : .deal_tit
2018-11-01 11:26:12 ERROR WorkRunnable:82 - not found element java.net.ConnectException: Failed to connect to localhost/0:0:0:0:0:0:0:1:41196
Build info: version: '3.11.0', revision: 'e59cfb3', time: '2018-03-11T20:26:55.152Z'
System info: host: 'LAPTOP-94HKRVCK', ip: '192.168.56.1', os.name: 'Windows 10', os.arch: 'amd64', os.version: '10.0', java.version: '1.8.0_161'
Driver info: driver.version: RemoteWebDriver
org.openqa.selenium.WebDriverException: java.net.ConnectException: Failed to connect to localhost/0:0:0:0:0:0:0:1:41196
Build info: version: '3.11.0', revision: 'e59cfb3', time: '2018-03-11T20:26:55.152Z'
System info: host: 'LAPTOP-94HKRVCK', ip: '192.168.56.1', os.name: 'Windows 10', os.arch: 'amd64', os.version: '10.0', java.version: '1.8.0_161'
Driver info: driver.version: RemoteWebDriver
	at com.onycom.crawler.core.WorkRunnable.run(WorkRunnable.java:82)
	at java.lang.Thread.run(Thread.java:748)
Caused by: java.net.ConnectException: Failed to connect to localhost/0:0:0:0:0:0:0:1:41196
	at okhttp3.internal.connection.RealConnection.connectSocket(RealConnection.java:240)
	at okhttp3.internal.connection.RealConnection.connect(RealConnection.java:158)
	at okhttp3.internal.connection.StreamAllocation.findConnection(StreamAllocation.java:256)
	at okhttp3.internal.connection.StreamAllocation.findHealthyConnection(StreamAllocation.java:134)
	at okhttp3.internal.connection.StreamAllocation.newStream(StreamAllocation.java:113)
	at okhttp3.internal.connection.ConnectInterceptor.intercept(ConnectInterceptor.java:42)
	at okhttp3.internal.http.RealInterceptorChain.proceed(RealInterceptorChain.java:147)
	at okhttp3.internal.http.RealInterceptorChain.proceed(RealInterceptorChain.java:121)
	at okhttp3.internal.cache.CacheInterceptor.intercept(CacheInterceptor.java:93)
	at okhttp3.internal.http.RealInterceptorChain.proceed(RealInterceptorChain.java:147)
	at okhttp3.internal.http.RealInterceptorChain.proceed(RealInterceptorChain.java:121)
	at okhttp3.internal.http.BridgeInterceptor.intercept(BridgeInterceptor.java:93)
	at okhttp3.internal.http.RealInterceptorChain.proceed(RealInterceptorChain.java:147)
	at okhttp3.internal.http.RetryAndFollowUpInterceptor.intercept(RetryAndFollowUpInterceptor.java:125)
	at okhttp3.internal.http.RealInterceptorChain.proceed(RealInterceptorChain.java:147)
	at okhttp3.internal.http.RealInterceptorChain.proceed(RealInterceptorChain.java:121)
	at okhttp3.RealCall.getResponseWithInterceptorChain(RealCall.java:200)
	at okhttp3.RealCall.execute(RealCall.java:77)
	at org.openqa.selenium.remote.internal.OkHttpClient.execute(OkHttpClient.java:101)
	at org.openqa.selenium.remote.HttpCommandExecutor.execute(HttpCommandExecutor.java:155)
	at org.openqa.selenium.remote.service.DriverCommandExecutor.execute(DriverCommandExecutor.java:83)
	at org.openqa.selenium.remote.RemoteWebDriver.execute(RemoteWebDriver.java:545)
	at org.openqa.selenium.remote.RemoteWebDriver.execute(RemoteWebDriver.java:602)
	at org.openqa.selenium.remote.RemoteWebDriver.getWindowHandles(RemoteWebDriver.java:453)
	at com.onycom.crawler.scraper.SeleniumScraper.getDocument(SeleniumScraper.java:184)
	at com.onycom.crawler.core.WorkRunnable.run(WorkRunnable.java:69)
	... 1 more
Caused by: java.net.ConnectException: Connection refused: connect
	at java.net.DualStackPlainSocketImpl.waitForConnect(Native Method)
	at java.net.DualStackPlainSocketImpl.socketConnect(DualStackPlainSocketImpl.java:85)
	at java.net.AbstractPlainSocketImpl.doConnect(AbstractPlainSocketImpl.java:350)
	at java.net.AbstractPlainSocketImpl.connectToAddress(AbstractPlainSocketImpl.java:206)
	at java.net.AbstractPlainSocketImpl.connect(AbstractPlainSocketImpl.java:188)
	at java.net.PlainSocketImpl.connect(PlainSocketImpl.java:172)
	at java.net.SocksSocketImpl.connect(SocksSocketImpl.java:392)
	at java.net.Socket.connect(Socket.java:589)
	at okhttp3.internal.platform.Platform.connectSocket(Platform.java:125)
	at okhttp3.internal.connection.RealConnection.connectSocket(RealConnection.java:238)
	... 26 more
2018-11-01 11:26:12 ERROR Crawler:257 - [ERR URL] http://search.wemakeprice.com?search_keyword=%EA%B7%B8%EB%9E%98%ED%94%BD%EC%B9%B4%EB%93%9C
2018-11-01 11:26:12 ERROR Crawler:260 - L ERR : not found element java.net.ConnectException: Failed to connect to localhost/0:0:0:0:0:0:0:1:41196
Build info: version: '3.11.0', revision: 'e59cfb3', time: '2018-03-11T20:26:55.152Z'
System info: host: 'LAPTOP-94HKRVCK', ip: '192.168.56.1', os.name: 'Windows 10', os.arch: 'amd64', os.version: '10.0', java.version: '1.8.0_161'
Driver info: driver.version: RemoteWebDriver
2018-11-01 11:26:24 ERROR Crawler:257 - [ERR URL] http://search.wemakeprice.com?search_keyword=%EA%B7%B8%EB%9E%98%ED%94%BD%EC%B9%B4%EB%93%9C
2018-11-01 11:26:24 ERROR Crawler:260 - L ERR_ACTION : #search_deal_area > li:nth-child(1) > span > a > span.box_desc > strong.tit_desc
