2018-11-12 15:14:40 INFO  Crawler:212 - ============== Start Crawler =============
2018-11-12 15:14:40 INFO  Crawler:213 - CONFIG FILE    : ./config/config_naver_shopping_category.json
2018-11-12 15:14:40 INFO  Crawler:217 - CMD PARAM 00   : 김
2018-11-12 15:14:40 INFO  Crawler:220 - CRAWLER NAME   : naver_category
2018-11-12 15:14:40 INFO  Crawler:221 - CRAWLER TYPE   : SCENARIO_DYNAMIC
2018-11-12 15:14:40 INFO  Crawler:222 - CRAWLER DELAY  : 0 sec
2018-11-12 15:14:40 INFO  Crawler:223 - IGNORE ROBOTS  : true
2018-11-12 15:14:40 INFO  Crawler:224 - LIMIT_COUNT    : -1
2018-11-12 15:14:40 INFO  Crawler:225 - FILTER COUNT   : 0
2018-11-12 15:14:40 INFO  Crawler:229 - SCENARIO COUNT : 1
2018-11-12 15:14:40 INFO  Crawler:230 - COLLECT COUNT  : 1
2018-11-12 15:14:40 INFO  Crawler:231 - SAVE TYPE      : DB
2018-11-12 15:14:40 INFO  Crawler:232 - SAVE HTML      : true
2018-11-12 15:14:40 INFO  Crawler:233 - ==========================================
2018-11-12 15:14:48 INFO  Crawler:274 - [Progress 1] elaped time : 00:00:08, save : 0, err : 0, remain_work : 1, total : 2
2018-11-12 15:14:48 ERROR Crawler:266 - [ERR URL] https://search.shopping.naver.com/search/all.nhn?frm=NVSHATC&query=%EA%B9%80
2018-11-12 15:14:48 ERROR Crawler:269 - L ERR_CONTENTS_COL : category, span.depth > a, text
2018-11-12 15:14:48 ERROR Crawler:269 - L ERR_CONTENTS_COL : category, span.depth > a, text
2018-11-12 15:14:48 ERROR Crawler:269 - L ERR_CONTENTS_COL : category, span.depth > a, text
2018-11-12 15:14:48 ERROR Crawler:269 - L ERR_CONTENTS_COL : category, span.depth > a, text
2018-11-12 15:14:48 INFO  Crawler:274 - [Progress 2] elaped time : 00:00:08, save : 44, err : 4, remain_work : 0, total : 2
2018-11-12 15:14:48 INFO  Crawler:236 - ============== update params =============
2018-11-12 15:14:48 INFO  Crawler:239 - CMD PARAM 00   : 라면
2018-11-12 15:14:48 INFO  Crawler:241 - ==========================================
2018-11-12 15:14:50 INFO  Crawler:274 - [Progress 3] elaped time : 00:00:01, save : 44, err : 4, remain_work : 1, total : 4
2018-11-12 15:14:51 ERROR Crawler:266 - [ERR URL] https://search.shopping.naver.com/search/all.nhn?frm=NVSHATC&query=%EB%9D%BC%EB%A9%B4
2018-11-12 15:14:51 ERROR Crawler:269 - L ERR_CONTENTS_COL : category, span.depth > a, text
2018-11-12 15:14:51 ERROR Crawler:269 - L ERR_CONTENTS_COL : category, span.depth > a, text
2018-11-12 15:14:51 ERROR Crawler:269 - L ERR_CONTENTS_COL : category, span.depth > a, text
2018-11-12 15:14:51 ERROR Crawler:269 - L ERR_CONTENTS_COL : category, span.depth > a, text
2018-11-12 15:14:51 INFO  Crawler:274 - [Progress 4] elaped time : 00:00:02, save : 88, err : 8, remain_work : 0, total : 4
2018-11-12 15:14:51 INFO  Crawler:236 - ============== update params =============
2018-11-12 15:14:51 INFO  Crawler:239 - CMD PARAM 00   : 뽀로로
2018-11-12 15:14:51 INFO  Crawler:241 - ==========================================
2018-11-12 15:14:52 INFO  Crawler:274 - [Progress 5] elaped time : 00:00:01, save : 88, err : 8, remain_work : 1, total : 6
2018-11-12 15:14:52 ERROR Crawler:266 - [ERR URL] https://search.shopping.naver.com/search/all.nhn?frm=NVSHATC&query=%EB%BD%80%EB%A1%9C%EB%A1%9C
2018-11-12 15:14:52 ERROR Crawler:269 - L ERR_CONTENTS_COL : category, span.depth > a, text
2018-11-12 15:14:52 ERROR Crawler:269 - L ERR_CONTENTS_COL : category, span.depth > a, text
2018-11-12 15:14:52 ERROR Crawler:269 - L ERR_CONTENTS_COL : category, span.depth > a, text
2018-11-12 15:14:52 ERROR Crawler:269 - L ERR_CONTENTS_COL : category, span.depth > a, text
2018-11-12 15:14:52 INFO  Crawler:274 - [Progress 6] elaped time : 00:00:01, save : 132, err : 12, remain_work : 0, total : 6
2018-11-12 15:14:52 INFO  Crawler:236 - ============== update params =============
2018-11-12 15:14:52 INFO  Crawler:239 - CMD PARAM 00   : 자동차
2018-11-12 15:14:52 INFO  Crawler:241 - ==========================================
2018-11-12 15:14:55 INFO  Crawler:274 - [Progress 7] elaped time : 00:00:02, save : 132, err : 12, remain_work : 1, total : 8
2018-11-12 15:14:55 ERROR Crawler:266 - [ERR URL] https://search.shopping.naver.com/search/all.nhn?frm=NVSHATC&query=%EC%9E%90%EB%8F%99%EC%B0%A8
2018-11-12 15:14:55 ERROR Crawler:269 - L ERR_CONTENTS_COL : category, span.depth > a, text
2018-11-12 15:14:55 ERROR Crawler:269 - L ERR_CONTENTS_COL : category, span.depth > a, text
2018-11-12 15:14:55 ERROR Crawler:269 - L ERR_CONTENTS_COL : category, span.depth > a, text
2018-11-12 15:14:55 ERROR Crawler:269 - L ERR_CONTENTS_COL : category, span.depth > a, text
2018-11-12 15:14:55 INFO  Crawler:274 - [Progress 8] elaped time : 00:00:02, save : 172, err : 16, remain_work : 0, total : 8
2018-11-12 15:14:55 INFO  Crawler:236 - ============== update params =============
2018-11-12 15:14:55 INFO  Crawler:239 - CMD PARAM 00   : 엔비디아
2018-11-12 15:14:55 INFO  Crawler:241 - ==========================================
2018-11-12 15:14:56 INFO  Crawler:274 - [Progress 9] elaped time : 00:00:01, save : 172, err : 16, remain_work : 1, total : 10
2018-11-12 15:14:57 ERROR Crawler:266 - [ERR URL] https://search.shopping.naver.com/search/all.nhn?frm=NVSHATC&query=%EC%97%94%EB%B9%84%EB%94%94%EC%95%84
2018-11-12 15:14:57 ERROR Crawler:269 - L ERR_CONTENTS_COL : category, span.depth > a, text
2018-11-12 15:14:57 ERROR Crawler:269 - L ERR_CONTENTS_COL : category, span.depth > a, text
2018-11-12 15:14:57 ERROR Crawler:269 - L ERR_CONTENTS_COL : category, span.depth > a, text
2018-11-12 15:14:57 ERROR Crawler:269 - L ERR_CONTENTS_COL : category, span.depth > a, text
2018-11-12 15:14:57 INFO  Crawler:274 - [Progress 10] elaped time : 00:00:01, save : 212, err : 20, remain_work : 0, total : 10
2018-11-12 15:14:57 INFO  Crawler:236 - ============== update params =============
2018-11-12 15:14:57 INFO  Crawler:239 - CMD PARAM 00   : 광천
2018-11-12 15:14:57 INFO  Crawler:241 - ==========================================
2018-11-12 15:14:58 INFO  Crawler:274 - [Progress 11] elaped time : 00:00:01, save : 212, err : 20, remain_work : 1, total : 12
2018-11-12 15:14:58 ERROR Crawler:266 - [ERR URL] https://search.shopping.naver.com/search/all.nhn?frm=NVSHATC&query=%EA%B4%91%EC%B2%9C
2018-11-12 15:14:58 ERROR Crawler:269 - L ERR_CONTENTS_COL : category, span.depth > a, text
2018-11-12 15:14:58 ERROR Crawler:269 - L ERR_CONTENTS_COL : category, span.depth > a, text
2018-11-12 15:14:58 ERROR Crawler:269 - L ERR_CONTENTS_COL : category, span.depth > a, text
2018-11-12 15:14:58 ERROR Crawler:269 - L ERR_CONTENTS_COL : category, span.depth > a, text
2018-11-12 15:14:58 INFO  Crawler:274 - [Progress 12] elaped time : 00:00:01, save : 252, err : 24, remain_work : 0, total : 12
2018-11-12 15:14:58 INFO  Crawler:179 - ============== Finish Crawler =============
2018-11-12 15:14:58 INFO  Crawler:180 - [total time] 00:00:01
2018-11-12 15:14:58 INFO  Crawler:181 - [save contents] 252
2018-11-12 15:14:58 INFO  Crawler:182 - [error work] 24
2018-11-12 15:14:58 INFO  Crawler:183 - [remain work] 0
2018-11-12 15:14:58 INFO  Crawler:184 - [total processed work] 12
