2018-11-13 10:00:24 ERROR Crawler:281 - [ERR URL] https://search.shopping.naver.com/search/all.nhn?frm=NVSHATC&pagingSize=80&query=%ED%95%80%EB%8D%B4
2018-11-13 10:00:24 ERROR Crawler:284 - L ERR_CONTENTS_COL : category, span.depth > a, text
2018-11-13 10:00:24 ERROR Crawler:284 - L ERR_CONTENTS_COL : category, span.depth > a, text
2018-11-13 10:00:24 ERROR Crawler:284 - L ERR_CONTENTS_COL : category, span.depth > a, text
2018-11-13 10:00:24 ERROR Crawler:284 - L ERR_CONTENTS_COL : category, span.depth > a, text
2018-11-13 10:00:24 ERROR Crawler:284 - L ERR_CONTENTS_COL : category, span.depth > a, text
2018-11-13 10:00:24 ERROR Crawler:284 - L ERR_CONTENTS_COL : category, span.depth > a, text
2018-11-13 10:00:24 ERROR Crawler:284 - L ERR_CONTENTS_COL : category, span.depth > a, text
2018-11-13 10:00:24 ERROR Crawler:284 - L ERR_CONTENTS_COL : category, span.depth > a, text
2018-11-13 10:00:28 ERROR Crawler:281 - [ERR URL] https://search.shopping.naver.com/search/all.nhn?frm=NVSHATC&pagingSize=80&query=%EC%B9%B4%EC%B9%B4
2018-11-13 10:00:28 ERROR Crawler:284 - L ERR_CONTENTS_COL : category, span.depth > a, text
2018-11-13 10:00:28 ERROR Crawler:284 - L ERR_CONTENTS_COL : category, span.depth > a, text
2018-11-13 10:00:28 ERROR Crawler:284 - L ERR_CONTENTS_COL : category, span.depth > a, text
2018-11-13 10:00:28 ERROR Crawler:284 - L ERR_CONTENTS_COL : category, span.depth > a, text
2018-11-13 10:00:28 ERROR Crawler:284 - L ERR_CONTENTS_COL : category, span.depth > a, text
2018-11-13 10:00:28 ERROR Crawler:284 - L ERR_CONTENTS_COL : category, span.depth > a, text
2018-11-13 10:00:28 ERROR Crawler:284 - L ERR_CONTENTS_COL : category, span.depth > a, text
2018-11-13 10:00:28 ERROR Crawler:284 - L ERR_CONTENTS_COL : category, span.depth > a, text
2018-11-13 10:00:34 ERROR Crawler:281 - [ERR URL] https://search.shopping.naver.com/search/all.nhn?frm=NVSHATC&pagingSize=80&query=%EB%B6%81%EC%B4%8C
2018-11-13 10:00:34 ERROR Crawler:284 - L ERR_CONTENTS_COL : category, span.depth > a, text
2018-11-13 10:00:34 ERROR Crawler:284 - L ERR_CONTENTS_COL : category, span.depth > a, text
2018-11-13 10:00:34 ERROR Crawler:284 - L ERR_CONTENTS_COL : category, span.depth > a, text
2018-11-13 10:00:34 ERROR Crawler:284 - L ERR_CONTENTS_COL : category, span.depth > a, text
2018-11-13 10:00:34 ERROR Crawler:284 - L ERR_CONTENTS_COL : category, span.depth > a, text
2018-11-13 10:00:34 ERROR Crawler:284 - L ERR_CONTENTS_COL : category, span.depth > a, text
2018-11-13 10:00:34 ERROR Crawler:284 - L ERR_CONTENTS_COL : category, span.depth > a, text
2018-11-13 10:00:34 ERROR Crawler:284 - L ERR_CONTENTS_COL : category, span.depth > a, text
2018-11-13 10:00:41 ERROR Crawler:281 - [ERR URL] https://search.shopping.naver.com/search/all.nhn?frm=NVSHATC&pagingSize=80&query=%EC%B0%BD%EB%8D%95%EA%B6%81
2018-11-13 10:00:41 ERROR Crawler:284 - L ERR_CONTENTS_COL : category, span.depth > a, text
2018-11-13 10:00:41 ERROR Crawler:284 - L ERR_CONTENTS_COL : category, span.depth > a, text
2018-11-13 10:00:41 ERROR Crawler:284 - L ERR_CONTENTS_COL : category, span.depth > a, text
2018-11-13 10:00:41 ERROR Crawler:284 - L ERR_CONTENTS_COL : category, span.depth > a, text
2018-11-13 10:00:45 ERROR Crawler:281 - [ERR URL] https://search.shopping.naver.com/search/all.nhn?frm=NVSHATC&pagingSize=80&query=%EC%B0%BD%EA%B2%BD%EA%B6%81
2018-11-13 10:00:45 ERROR Crawler:284 - L ERR_CONTENTS_COL : category, span.depth > a, text
2018-11-13 10:00:45 ERROR Crawler:284 - L ERR_CONTENTS_COL : category, span.depth > a, text
2018-11-13 10:00:45 ERROR Crawler:284 - L ERR_CONTENTS_COL : category, span.depth > a, text
2018-11-13 10:00:45 ERROR Crawler:284 - L ERR_CONTENTS_COL : category, span.depth > a, text
2018-11-13 10:00:45 ERROR Crawler:284 - L ERR_CONTENTS_COL : category, span.depth > a, text
2018-11-13 10:00:59 ERROR Crawler:281 - [ERR URL] https://search.shopping.naver.com/search/all.nhn?frm=NVSHATC&pagingSize=80&query=%EB%B6%81%EB%A9%B4
2018-11-13 10:00:59 ERROR Crawler:284 - L ERR_CONTENTS_COL : category, span.depth > a, text
2018-11-13 10:00:59 ERROR Crawler:284 - L ERR_CONTENTS_COL : category, span.depth > a, text
2018-11-13 10:00:59 ERROR Crawler:284 - L ERR_CONTENTS_COL : category, span.depth > a, text
2018-11-13 10:00:59 ERROR Crawler:284 - L ERR_CONTENTS_COL : category, span.depth > a, text
2018-11-13 10:00:59 ERROR Crawler:284 - L ERR_CONTENTS_COL : category, span.depth > a, text
2018-11-13 10:00:59 ERROR Crawler:284 - L ERR_CONTENTS_COL : category, span.depth > a, text
2018-11-13 10:00:59 ERROR Crawler:284 - L ERR_CONTENTS_COL : category, span.depth > a, text
2018-11-13 10:00:59 ERROR Crawler:284 - L ERR_CONTENTS_COL : category, span.depth > a, text
2018-11-13 10:01:03 ERROR Crawler:281 - [ERR URL] https://search.shopping.naver.com/search/all.nhn?frm=NVSHATC&pagingSize=80&query=%ED%9B%BC
2018-11-13 10:01:03 ERROR Crawler:284 - L ERR_CONTENTS_COL : category, span.depth > a, text
2018-11-13 10:01:06 ERROR Crawler:281 - [ERR URL] https://search.shopping.naver.com/search/all.nhn?frm=NVSHATC&pagingSize=80&query=%EA%B0%80%EB%A1%9C%EB%A6%BC%EB%A7%8C
2018-11-13 10:01:06 ERROR Crawler:284 - L ERR_CONTENTS_COL : category, span.depth > a, text
2018-11-13 10:01:09 ERROR Crawler:281 - [ERR URL] https://search.shopping.naver.com/search/all.nhn?frm=NVSHATC&pagingSize=80&query=%EC%84%9C%EC%82%B0%EC%8B%9C
2018-11-13 10:01:09 ERROR Crawler:284 - L ERR_CONTENTS_COL : category, span.depth > a, text
2018-11-13 10:01:09 ERROR Crawler:284 - L ERR_CONTENTS_COL : category, span.depth > a, text
2018-11-13 10:01:09 ERROR Crawler:284 - L ERR_CONTENTS_COL : category, span.depth > a, text
2018-11-13 10:01:09 ERROR Crawler:284 - L ERR_CONTENTS_COL : category, span.depth > a, text
2018-11-13 10:01:09 ERROR Crawler:284 - L ERR_CONTENTS_COL : category, span.depth > a, text
2018-11-13 10:01:09 ERROR Crawler:284 - L ERR_CONTENTS_COL : category, span.depth > a, text
2018-11-13 10:01:09 ERROR Crawler:284 - L ERR_CONTENTS_COL : category, span.depth > a, text
2018-11-13 10:01:09 ERROR Crawler:284 - L ERR_CONTENTS_COL : category, span.depth > a, text
2018-11-13 10:01:14 ERROR Crawler:281 - [ERR URL] https://search.shopping.naver.com/search/all.nhn?frm=NVSHATC&pagingSize=80&query=%EB%8F%99%EB%AC%B8%EB%8F%99
2018-11-13 10:01:14 ERROR Crawler:284 - L ERR_CONTENTS_COL : category, span.depth > a, text
2018-11-13 10:01:18 ERROR Crawler:281 - [ERR URL] https://search.shopping.naver.com/search/all.nhn?frm=NVSHATC&pagingSize=80&query=%ED%92%8D%EB%A0%A5
2018-11-13 10:01:18 ERROR Crawler:284 - L ERR_CONTENTS_COL : category, span.depth > a, text
2018-11-13 10:01:18 ERROR Crawler:284 - L ERR_CONTENTS_COL : category, span.depth > a, text
2018-11-13 10:01:18 ERROR Crawler:284 - L ERR_CONTENTS_COL : category, span.depth > a, text
2018-11-13 10:01:18 ERROR Crawler:284 - L ERR_CONTENTS_COL : category, span.depth > a, text
2018-11-13 10:01:18 ERROR Crawler:284 - L ERR_CONTENTS_COL : category, span.depth > a, text
2018-11-13 10:01:18 ERROR Crawler:284 - L ERR_CONTENTS_COL : category, span.depth > a, text
2018-11-13 10:01:18 ERROR Crawler:284 - L ERR_CONTENTS_COL : category, span.depth > a, text
2018-11-13 10:01:18 ERROR Crawler:284 - L ERR_CONTENTS_COL : category, span.depth > a, text
2018-11-13 10:01:34 ERROR Crawler:281 - [ERR URL] https://search.shopping.naver.com/search/all.nhn?frm=NVSHATC&pagingSize=80&query=%EC%BD%94%EC%BD%A4
2018-11-13 10:01:34 ERROR Crawler:284 - L ERR_CONTENTS_COL : category, span.depth > a, text
2018-11-13 10:01:34 ERROR Crawler:284 - L ERR_CONTENTS_COL : category, span.depth > a, text
2018-11-13 10:01:34 ERROR Crawler:284 - L ERR_CONTENTS_COL : category, span.depth > a, text
2018-11-13 10:01:34 ERROR Crawler:284 - L ERR_CONTENTS_COL : category, span.depth > a, text
2018-11-13 10:01:34 ERROR Crawler:284 - L ERR_CONTENTS_COL : category, span.depth > a, text
2018-11-13 10:01:34 ERROR Crawler:284 - L ERR_CONTENTS_COL : category, span.depth > a, text
2018-11-13 10:01:34 ERROR Crawler:284 - L ERR_CONTENTS_COL : category, span.depth > a, text
2018-11-13 10:01:34 ERROR Crawler:284 - L ERR_CONTENTS_COL : category, span.depth > a, text
2018-11-13 10:01:38 ERROR Crawler:281 - [ERR URL] https://search.shopping.naver.com/search/all.nhn?frm=NVSHATC&pagingSize=80&query=%EB%8C%80%EC%B2%AD%EB%8F%99
2018-11-13 10:01:38 ERROR Crawler:284 - L ERR_CONTENTS_COL : category, span.depth > a, text
2018-11-13 10:01:38 ERROR Crawler:284 - L ERR_CONTENTS_COL : category, span.depth > a, text
2018-11-13 10:01:41 ERROR Crawler:281 - [ERR URL] https://search.shopping.naver.com/search/all.nhn?frm=NVSHATC&pagingSize=80&query=%EC%9C%A0%ED%83%91
2018-11-13 10:01:41 ERROR Crawler:284 - L ERR_CONTENTS_COL : category, span.depth > a, text
2018-11-13 10:01:41 ERROR Crawler:284 - L ERR_CONTENTS_COL : category, span.depth > a, text
2018-11-13 10:01:41 ERROR Crawler:284 - L ERR_CONTENTS_COL : category, span.depth > a, text
2018-11-13 10:01:41 ERROR Crawler:284 - L ERR_CONTENTS_COL : category, span.depth > a, text
2018-11-13 10:01:41 ERROR Crawler:284 - L ERR_CONTENTS_COL : category, span.depth > a, text
2018-11-13 10:01:41 ERROR Crawler:284 - L ERR_CONTENTS_COL : category, span.depth > a, text
2018-11-13 10:01:41 ERROR Crawler:284 - L ERR_CONTENTS_COL : category, span.depth > a, text
2018-11-13 10:01:41 ERROR Crawler:284 - L ERR_CONTENTS_COL : category, span.depth > a, text
2018-11-13 10:01:45 ERROR Crawler:281 - [ERR URL] https://search.shopping.naver.com/search/all.nhn?frm=NVSHATC&pagingSize=80&query=%EB%9D%BC%EB%A5%B4%EA%B3%A0
2018-11-13 10:01:45 ERROR Crawler:284 - L ERR_CONTENTS_COL : category, span.depth > a, text
2018-11-13 10:01:45 ERROR Crawler:284 - L ERR_CONTENTS_COL : category, span.depth > a, text
2018-11-13 10:01:45 ERROR Crawler:284 - L ERR_CONTENTS_COL : category, span.depth > a, text
2018-11-13 10:01:45 ERROR Crawler:284 - L ERR_CONTENTS_COL : category, span.depth > a, text
2018-11-13 10:01:45 ERROR Crawler:284 - L ERR_CONTENTS_COL : category, span.depth > a, text
2018-11-13 10:01:45 ERROR Crawler:284 - L ERR_CONTENTS_COL : category, span.depth > a, text
2018-11-13 10:01:45 ERROR Crawler:284 - L ERR_CONTENTS_COL : category, span.depth > a, text
2018-11-13 10:01:45 ERROR Crawler:284 - L ERR_CONTENTS_COL : category, span.depth > a, text
2018-11-13 10:01:52 ERROR Crawler:281 - [ERR URL] https://search.shopping.naver.com/search/all.nhn?frm=NVSHATC&pagingSize=80&query=%EC%95%99%EB%A6%AC
2018-11-13 10:01:52 ERROR Crawler:284 - L ERR_CONTENTS_COL : category, span.depth > a, text
2018-11-13 10:01:52 ERROR Crawler:284 - L ERR_CONTENTS_COL : category, span.depth > a, text
2018-11-13 10:01:52 ERROR Crawler:284 - L ERR_CONTENTS_COL : category, span.depth > a, text
2018-11-13 10:01:52 ERROR Crawler:284 - L ERR_CONTENTS_COL : category, span.depth > a, text
2018-11-13 10:01:52 ERROR Crawler:284 - L ERR_CONTENTS_COL : category, span.depth > a, text
2018-11-13 10:01:52 ERROR Crawler:284 - L ERR_CONTENTS_COL : category, span.depth > a, text
2018-11-13 10:01:52 ERROR Crawler:284 - L ERR_CONTENTS_COL : category, span.depth > a, text
2018-11-13 10:01:52 ERROR Crawler:284 - L ERR_CONTENTS_COL : category, span.depth > a, text
2018-11-13 10:01:56 ERROR Crawler:281 - [ERR URL] https://search.shopping.naver.com/search/all.nhn?frm=NVSHATC&pagingSize=80&query=%EB%B3%B4%EA%B7%B8
2018-11-13 10:01:56 ERROR Crawler:284 - L ERR_CONTENTS_COL : category, span.depth > a, text
2018-11-13 10:01:56 ERROR Crawler:284 - L ERR_CONTENTS_COL : category, span.depth > a, text
2018-11-13 10:01:56 ERROR Crawler:284 - L ERR_CONTENTS_COL : category, span.depth > a, text
2018-11-13 10:01:56 ERROR Crawler:284 - L ERR_CONTENTS_COL : category, span.depth > a, text
2018-11-13 10:01:56 ERROR Crawler:284 - L ERR_CONTENTS_COL : category, span.depth > a, text
2018-11-13 10:01:56 ERROR Crawler:284 - L ERR_CONTENTS_COL : category, span.depth > a, text
2018-11-13 10:01:56 ERROR Crawler:284 - L ERR_CONTENTS_COL : category, span.depth > a, text
2018-11-13 10:01:56 ERROR Crawler:284 - L ERR_CONTENTS_COL : category, span.depth > a, text
2018-11-13 10:02:05 ERROR Crawler:281 - [ERR URL] https://search.shopping.naver.com/search/all.nhn?frm=NVSHATC&pagingSize=80&query=%EB%A8%B8%EC%8B%A0%EA%B1%B4
2018-11-13 10:02:05 ERROR Crawler:284 - L ERR_CONTENTS_COL : category, span.depth > a, text
2018-11-13 10:02:09 ERROR Crawler:281 - [ERR URL] https://search.shopping.naver.com/search/all.nhn?frm=NVSHATC&pagingSize=80&query=%EA%B8%80%EB%9E%A8
2018-11-13 10:02:09 ERROR Crawler:284 - L ERR_CONTENTS_COL : category, span.depth > a, text
2018-11-13 10:02:09 ERROR Crawler:284 - L ERR_CONTENTS_COL : category, span.depth > a, text
2018-11-13 10:02:09 ERROR Crawler:284 - L ERR_CONTENTS_COL : category, span.depth > a, text
2018-11-13 10:02:09 ERROR Crawler:284 - L ERR_CONTENTS_COL : category, span.depth > a, text
2018-11-13 10:02:09 ERROR Crawler:284 - L ERR_CONTENTS_COL : category, span.depth > a, text
2018-11-13 10:02:09 ERROR Crawler:284 - L ERR_CONTENTS_COL : category, span.depth > a, text
2018-11-13 10:02:09 ERROR Crawler:284 - L ERR_CONTENTS_COL : category, span.depth > a, text
2018-11-13 10:02:09 ERROR Crawler:284 - L ERR_CONTENTS_COL : category, span.depth > a, text
2018-11-13 10:02:12 ERROR Crawler:281 - [ERR URL] https://search.shopping.naver.com/search/all.nhn?frm=NVSHATC&pagingSize=80&query=%EB%8B%AC%EB%A7%88%EC%8B%9C%EC%95%88
2018-11-13 10:02:12 ERROR Crawler:284 - L ERR_CONTENTS_COL : category, span.depth > a, text
2018-11-13 10:02:12 ERROR Crawler:284 - L ERR_CONTENTS_COL : category, span.depth > a, text
2018-11-13 10:02:12 ERROR Crawler:284 - L ERR_CONTENTS_COL : category, span.depth > a, text
2018-11-13 10:02:12 ERROR Crawler:284 - L ERR_CONTENTS_COL : category, span.depth > a, text
2018-11-13 10:02:12 ERROR Crawler:284 - L ERR_CONTENTS_COL : category, span.depth > a, text
2018-11-13 10:02:12 ERROR Crawler:284 - L ERR_CONTENTS_COL : category, span.depth > a, text
2018-11-13 10:02:12 ERROR Crawler:284 - L ERR_CONTENTS_COL : category, span.depth > a, text
2018-11-13 10:02:12 ERROR Crawler:284 - L ERR_CONTENTS_COL : category, span.depth > a, text
2018-11-13 10:02:16 ERROR Crawler:281 - [ERR URL] https://search.shopping.naver.com/search/all.nhn?frm=NVSHATC&pagingSize=80&query=%EB%A6%AC%EB%B3%B5
2018-11-13 10:02:16 ERROR Crawler:284 - L ERR_CONTENTS_COL : category, span.depth > a, text
2018-11-13 10:02:16 ERROR Crawler:284 - L ERR_CONTENTS_COL : category, span.depth > a, text
2018-11-13 10:02:16 ERROR Crawler:284 - L ERR_CONTENTS_COL : category, span.depth > a, text
2018-11-13 10:02:16 ERROR Crawler:284 - L ERR_CONTENTS_COL : category, span.depth > a, text
2018-11-13 10:02:16 ERROR Crawler:284 - L ERR_CONTENTS_COL : category, span.depth > a, text
2018-11-13 10:02:16 ERROR Crawler:284 - L ERR_CONTENTS_COL : category, span.depth > a, text
2018-11-13 10:02:16 ERROR Crawler:284 - L ERR_CONTENTS_COL : category, span.depth > a, text
2018-11-13 10:02:16 ERROR Crawler:284 - L ERR_CONTENTS_COL : category, span.depth > a, text
2018-11-13 10:02:20 ERROR Crawler:281 - [ERR URL] https://search.shopping.naver.com/search/all.nhn?frm=NVSHATC&pagingSize=80&query=%ED%93%A8%EB%A6%AC
2018-11-13 10:02:20 ERROR Crawler:284 - L ERR_CONTENTS_COL : category, span.depth > a, text
2018-11-13 10:02:20 ERROR Crawler:284 - L ERR_CONTENTS_COL : category, span.depth > a, text
2018-11-13 10:02:20 ERROR Crawler:284 - L ERR_CONTENTS_COL : category, span.depth > a, text
2018-11-13 10:02:20 ERROR Crawler:284 - L ERR_CONTENTS_COL : category, span.depth > a, text
2018-11-13 10:02:20 ERROR Crawler:284 - L ERR_CONTENTS_COL : category, span.depth > a, text
2018-11-13 10:02:20 ERROR Crawler:284 - L ERR_CONTENTS_COL : category, span.depth > a, text
2018-11-13 10:02:20 ERROR Crawler:284 - L ERR_CONTENTS_COL : category, span.depth > a, text
2018-11-13 10:02:20 ERROR Crawler:284 - L ERR_CONTENTS_COL : category, span.depth > a, text
2018-11-13 10:02:26 ERROR Crawler:281 - [ERR URL] https://search.shopping.naver.com/search/all.nhn?frm=NVSHATC&pagingSize=80&query=%EC%89%90%EB%9D%BC%ED%86%A4
2018-11-13 10:02:26 ERROR Crawler:284 - L ERR_CONTENTS_COL : category, span.depth > a, text
2018-11-13 10:02:26 ERROR Crawler:284 - L ERR_CONTENTS_COL : category, span.depth > a, text
2018-11-13 10:02:26 ERROR Crawler:284 - L ERR_CONTENTS_COL : category, span.depth > a, text
2018-11-13 10:02:26 ERROR Crawler:284 - L ERR_CONTENTS_COL : category, span.depth > a, text
2018-11-13 10:02:26 ERROR Crawler:284 - L ERR_CONTENTS_COL : category, span.depth > a, text
2018-11-13 10:02:26 ERROR Crawler:284 - L ERR_CONTENTS_COL : category, span.depth > a, text
2018-11-13 10:02:26 ERROR Crawler:284 - L ERR_CONTENTS_COL : category, span.depth > a, text
2018-11-13 10:02:26 ERROR Crawler:284 - L ERR_CONTENTS_COL : category, span.depth > a, text
2018-11-13 10:02:30 ERROR Crawler:281 - [ERR URL] https://search.shopping.naver.com/search/all.nhn?frm=NVSHATC&pagingSize=80&query=%EB%A7%88%EC%B9%B4%EC%98%A4
2018-11-13 10:02:30 ERROR Crawler:284 - L ERR_CONTENTS_COL : category, span.depth > a, text
2018-11-13 10:02:30 ERROR Crawler:284 - L ERR_CONTENTS_COL : category, span.depth > a, text
2018-11-13 10:02:30 ERROR Crawler:284 - L ERR_CONTENTS_COL : category, span.depth > a, text
2018-11-13 10:02:30 ERROR Crawler:284 - L ERR_CONTENTS_COL : category, span.depth > a, text
2018-11-13 10:02:30 ERROR Crawler:284 - L ERR_CONTENTS_COL : category, span.depth > a, text
2018-11-13 10:02:30 ERROR Crawler:284 - L ERR_CONTENTS_COL : category, span.depth > a, text
2018-11-13 10:02:30 ERROR Crawler:284 - L ERR_CONTENTS_COL : category, span.depth > a, text
2018-11-13 10:02:30 ERROR Crawler:284 - L ERR_CONTENTS_COL : category, span.depth > a, text
2018-11-13 10:02:34 ERROR Crawler:281 - [ERR URL] https://search.shopping.naver.com/search/all.nhn?frm=NVSHATC&pagingSize=80&query=%ED%95%A0%EC%A6%9D
2018-11-13 10:02:34 ERROR Crawler:284 - L ERR_CONTENTS_COL : category, span.depth > a, text
2018-11-13 10:02:53 ERROR Crawler:281 - [ERR URL] https://search.shopping.naver.com/search/all.nhn?frm=NVSHATC&pagingSize=80&query=%EC%B9%98%EC%95%99%EB%A7%88%EC%9D%B4
2018-11-13 10:02:53 ERROR Crawler:284 - L ERR_CONTENTS_COL : category, span.depth > a, text
2018-11-13 10:02:53 ERROR Crawler:284 - L ERR_CONTENTS_COL : category, span.depth > a, text
2018-11-13 10:02:53 ERROR Crawler:284 - L ERR_CONTENTS_COL : category, span.depth > a, text
2018-11-13 10:02:53 ERROR Crawler:284 - L ERR_CONTENTS_COL : category, span.depth > a, text
2018-11-13 10:02:53 ERROR Crawler:284 - L ERR_CONTENTS_COL : category, span.depth > a, text
2018-11-13 10:02:53 ERROR Crawler:284 - L ERR_CONTENTS_COL : category, span.depth > a, text
2018-11-13 10:02:53 ERROR Crawler:284 - L ERR_CONTENTS_COL : category, span.depth > a, text
2018-11-13 10:02:53 ERROR Crawler:284 - L ERR_CONTENTS_COL : category, span.depth > a, text
2018-11-13 10:02:57 ERROR Crawler:281 - [ERR URL] https://search.shopping.naver.com/search/all.nhn?frm=NVSHATC&pagingSize=80&query=%EA%B5%90%EC%9C%A1%EB%B2%95
2018-11-13 10:02:57 ERROR Crawler:284 - L ERR_CONTENTS_COL : category, span.depth > a, text
2018-11-13 10:02:57 ERROR Crawler:284 - L ERR_CONTENTS_COL : category, span.depth > a, text
2018-11-13 10:02:57 ERROR Crawler:284 - L ERR_CONTENTS_COL : category, span.depth > a, text
2018-11-13 10:02:57 ERROR Crawler:284 - L ERR_CONTENTS_COL : category, span.depth > a, text
2018-11-13 10:02:57 ERROR Crawler:284 - L ERR_CONTENTS_COL : category, span.depth > a, text
2018-11-13 10:02:57 ERROR Crawler:284 - L ERR_CONTENTS_COL : category, span.depth > a, text
2018-11-13 10:02:57 ERROR Crawler:284 - L ERR_CONTENTS_COL : category, span.depth > a, text
2018-11-13 10:02:57 ERROR Crawler:284 - L ERR_CONTENTS_COL : category, span.depth > a, text
2018-11-13 10:03:11 ERROR Crawler:281 - [ERR URL] https://search.shopping.naver.com/search/all.nhn?frm=NVSHATC&pagingSize=80&query=%EA%B3%A8%ED%94%84%EC%B1%84
2018-11-13 10:03:11 ERROR Crawler:284 - L ERR_CONTENTS_COL : category, span.depth > a, text
2018-11-13 10:03:11 ERROR Crawler:284 - L ERR_CONTENTS_COL : category, span.depth > a, text
2018-11-13 10:03:11 ERROR Crawler:284 - L ERR_CONTENTS_COL : category, span.depth > a, text
2018-11-13 10:03:11 ERROR Crawler:284 - L ERR_CONTENTS_COL : category, span.depth > a, text
2018-11-13 10:03:11 ERROR Crawler:284 - L ERR_CONTENTS_COL : category, span.depth > a, text
2018-11-13 10:03:11 ERROR Crawler:284 - L ERR_CONTENTS_COL : category, span.depth > a, text
2018-11-13 10:03:11 ERROR Crawler:284 - L ERR_CONTENTS_COL : category, span.depth > a, text
2018-11-13 10:03:11 ERROR Crawler:284 - L ERR_CONTENTS_COL : category, span.depth > a, text
2018-11-13 10:03:18 ERROR Crawler:281 - [ERR URL] https://search.shopping.naver.com/search/all.nhn?frm=NVSHATC&pagingSize=80&query=%EC%A1%B0%EA%B3%B5
2018-11-13 10:03:18 ERROR Crawler:284 - L ERR_CONTENTS_COL : category, span.depth > a, text
2018-11-13 10:03:22 ERROR Crawler:281 - [ERR URL] https://search.shopping.naver.com/search/all.nhn?frm=NVSHATC&pagingSize=80&query=%EA%B2%8C%EC%9E%90%EB%A6%AC
2018-11-13 10:03:22 ERROR Crawler:284 - L ERR_CONTENTS_COL : category, span.depth > a, text
2018-11-13 10:03:22 ERROR Crawler:284 - L ERR_CONTENTS_COL : category, span.depth > a, text
2018-11-13 10:03:22 ERROR Crawler:284 - L ERR_CONTENTS_COL : category, span.depth > a, text
2018-11-13 10:03:25 ERROR Crawler:281 - [ERR URL] https://search.shopping.naver.com/search/all.nhn?frm=NVSHATC&pagingSize=80&query=%EC%A7%91%EA%B2%B0
2018-11-13 10:03:25 ERROR Crawler:284 - L ERR_CONTENTS_COL : category, span.depth > a, text
2018-11-13 10:03:40 ERROR Crawler:281 - [ERR URL] https://search.shopping.naver.com/search/all.nhn?frm=NVSHATC&pagingSize=80&query=%EB%AF%B8%EB%82%98%ED%86%A0
2018-11-13 10:03:40 ERROR Crawler:284 - L ERR_CONTENTS_COL : category, span.depth > a, text
2018-11-13 10:03:43 ERROR Crawler:281 - [ERR URL] https://search.shopping.naver.com/search/all.nhn?frm=NVSHATC&pagingSize=80&query=%EB%AA%A8%EC%B9%B4
2018-11-13 10:03:43 ERROR Crawler:284 - L ERR_CONTENTS_COL : category, span.depth > a, text
2018-11-13 10:03:43 ERROR Crawler:284 - L ERR_CONTENTS_COL : category, span.depth > a, text
2018-11-13 10:03:43 ERROR Crawler:284 - L ERR_CONTENTS_COL : category, span.depth > a, text
2018-11-13 10:03:43 ERROR Crawler:284 - L ERR_CONTENTS_COL : category, span.depth > a, text
2018-11-13 10:03:43 ERROR Crawler:284 - L ERR_CONTENTS_COL : category, span.depth > a, text
2018-11-13 10:03:43 ERROR Crawler:284 - L ERR_CONTENTS_COL : category, span.depth > a, text
2018-11-13 10:03:43 ERROR Crawler:284 - L ERR_CONTENTS_COL : category, span.depth > a, text
2018-11-13 10:03:43 ERROR Crawler:284 - L ERR_CONTENTS_COL : category, span.depth > a, text
2018-11-13 10:03:47 ERROR Crawler:281 - [ERR URL] https://search.shopping.naver.com/search/all.nhn?frm=NVSHATC&pagingSize=80&query=%EC%8A%88%ED%8C%85
2018-11-13 10:03:47 ERROR Crawler:284 - L ERR_CONTENTS_COL : category, span.depth > a, text
2018-11-13 10:03:47 ERROR Crawler:284 - L ERR_CONTENTS_COL : category, span.depth > a, text
2018-11-13 10:03:47 ERROR Crawler:284 - L ERR_CONTENTS_COL : category, span.depth > a, text
2018-11-13 10:03:47 ERROR Crawler:284 - L ERR_CONTENTS_COL : category, span.depth > a, text
2018-11-13 10:03:47 ERROR Crawler:284 - L ERR_CONTENTS_COL : category, span.depth > a, text
2018-11-13 10:03:47 ERROR Crawler:284 - L ERR_CONTENTS_COL : category, span.depth > a, text
2018-11-13 10:03:47 ERROR Crawler:284 - L ERR_CONTENTS_COL : category, span.depth > a, text
2018-11-13 10:03:47 ERROR Crawler:284 - L ERR_CONTENTS_COL : category, span.depth > a, text
2018-11-13 10:03:51 ERROR Crawler:281 - [ERR URL] https://search.shopping.naver.com/search/all.nhn?frm=NVSHATC&pagingSize=80&query=%EA%B0%AF
2018-11-13 10:03:51 ERROR Crawler:284 - L ERR_CONTENTS_COL : category, span.depth > a, text
2018-11-13 10:03:51 ERROR Crawler:284 - L ERR_CONTENTS_COL : category, span.depth > a, text
2018-11-13 10:03:51 ERROR Crawler:284 - L ERR_CONTENTS_COL : category, span.depth > a, text
2018-11-13 10:03:58 ERROR Crawler:281 - [ERR URL] https://search.shopping.naver.com/search/all.nhn?frm=NVSHATC&pagingSize=80&query=%EB%B3%B4%EA%B1%B4%EA%B4%80%EB%A6%AC
2018-11-13 10:03:58 ERROR Crawler:284 - L ERR_CONTENTS_COL : category, span.depth > a, text
2018-11-13 10:03:58 ERROR Crawler:284 - L ERR_CONTENTS_COL : category, span.depth > a, text
2018-11-13 10:03:58 ERROR Crawler:284 - L ERR_CONTENTS_COL : category, span.depth > a, text
2018-11-13 10:03:58 ERROR Crawler:284 - L ERR_CONTENTS_COL : category, span.depth > a, text
2018-11-13 10:03:58 ERROR Crawler:284 - L ERR_CONTENTS_COL : category, span.depth > a, text
2018-11-13 10:03:58 ERROR Crawler:284 - L ERR_CONTENTS_COL : category, span.depth > a, text
2018-11-13 10:03:58 ERROR Crawler:284 - L ERR_CONTENTS_COL : category, span.depth > a, text
2018-11-13 10:03:58 ERROR Crawler:284 - L ERR_CONTENTS_COL : category, span.depth > a, text
2018-11-13 10:04:02 ERROR Crawler:281 - [ERR URL] https://search.shopping.naver.com/search/all.nhn?frm=NVSHATC&pagingSize=80&query=%EA%B8%B0%EB%B3%80
2018-11-13 10:04:02 ERROR Crawler:284 - L ERR_CONTENTS_COL : category, span.depth > a, text
2018-11-13 10:04:02 ERROR Crawler:284 - L ERR_CONTENTS_COL : category, span.depth > a, text
2018-11-13 10:04:02 ERROR Crawler:284 - L ERR_CONTENTS_COL : category, span.depth > a, text
2018-11-13 10:04:02 ERROR Crawler:284 - L ERR_CONTENTS_COL : category, span.depth > a, text
2018-11-13 10:04:02 ERROR Crawler:284 - L ERR_CONTENTS_COL : category, span.depth > a, text
2018-11-13 10:04:02 ERROR Crawler:284 - L ERR_CONTENTS_COL : category, span.depth > a, text
2018-11-13 10:04:02 ERROR Crawler:284 - L ERR_CONTENTS_COL : category, span.depth > a, text
2018-11-13 10:04:02 ERROR Crawler:284 - L ERR_CONTENTS_COL : category, span.depth > a, text
2018-11-13 10:04:05 ERROR Crawler:281 - [ERR URL] https://search.shopping.naver.com/search/all.nhn?frm=NVSHATC&pagingSize=80&query=%EB%A7%89%EC%8B%AC
2018-11-13 10:04:05 ERROR Crawler:284 - L ERR_CONTENTS_COL : category, span.depth > a, text
2018-11-13 10:04:05 ERROR Crawler:284 - L ERR_CONTENTS_COL : category, span.depth > a, text
2018-11-13 10:04:05 ERROR Crawler:284 - L ERR_CONTENTS_COL : category, span.depth > a, text
2018-11-13 10:04:05 ERROR Crawler:284 - L ERR_CONTENTS_COL : category, span.depth > a, text
2018-11-13 10:04:15 ERROR Crawler:281 - [ERR URL] https://search.shopping.naver.com/search/all.nhn?frm=NVSHATC&pagingSize=80&query=%ED%8C%9F
2018-11-13 10:04:15 ERROR Crawler:284 - L ERR_CONTENTS_COL : category, span.depth > a, text
2018-11-13 10:04:15 ERROR Crawler:284 - L ERR_CONTENTS_COL : category, span.depth > a, text
2018-11-13 10:04:15 ERROR Crawler:284 - L ERR_CONTENTS_COL : category, span.depth > a, text
2018-11-13 10:04:15 ERROR Crawler:284 - L ERR_CONTENTS_COL : category, span.depth > a, text
2018-11-13 10:04:15 ERROR Crawler:284 - L ERR_CONTENTS_COL : category, span.depth > a, text
2018-11-13 10:04:15 ERROR Crawler:284 - L ERR_CONTENTS_COL : category, span.depth > a, text
2018-11-13 10:04:15 ERROR Crawler:284 - L ERR_CONTENTS_COL : category, span.depth > a, text
2018-11-13 10:04:15 ERROR Crawler:284 - L ERR_CONTENTS_COL : category, span.depth > a, text
2018-11-13 10:04:19 ERROR Crawler:281 - [ERR URL] https://search.shopping.naver.com/search/all.nhn?frm=NVSHATC&pagingSize=80&query=%ED%99%94%EC%9D%B4%ED%8A%B8%EB%8D%B0%EC%9D%B4
2018-11-13 10:04:19 ERROR Crawler:284 - L ERR_CONTENTS_COL : category, span.depth > a, text
2018-11-13 10:04:19 ERROR Crawler:284 - L ERR_CONTENTS_COL : category, span.depth > a, text
2018-11-13 10:04:19 ERROR Crawler:284 - L ERR_CONTENTS_COL : category, span.depth > a, text
2018-11-13 10:04:19 ERROR Crawler:284 - L ERR_CONTENTS_COL : category, span.depth > a, text
2018-11-13 10:04:19 ERROR Crawler:284 - L ERR_CONTENTS_COL : category, span.depth > a, text
2018-11-13 10:04:19 ERROR Crawler:284 - L ERR_CONTENTS_COL : category, span.depth > a, text
2018-11-13 10:04:19 ERROR Crawler:284 - L ERR_CONTENTS_COL : category, span.depth > a, text
2018-11-13 10:04:19 ERROR Crawler:284 - L ERR_CONTENTS_COL : category, span.depth > a, text
2018-11-13 10:04:23 ERROR Crawler:281 - [ERR URL] https://search.shopping.naver.com/search/all.nhn?frm=NVSHATC&pagingSize=80&query=%EB%AC%B4%EC%8A%88
2018-11-13 10:04:23 ERROR Crawler:284 - L ERR_CONTENTS_COL : category, span.depth > a, text
2018-11-13 10:04:23 ERROR Crawler:284 - L ERR_CONTENTS_COL : category, span.depth > a, text
2018-11-13 10:04:23 ERROR Crawler:284 - L ERR_CONTENTS_COL : category, span.depth > a, text
2018-11-13 10:04:23 ERROR Crawler:284 - L ERR_CONTENTS_COL : category, span.depth > a, text
2018-11-13 10:04:23 ERROR Crawler:284 - L ERR_CONTENTS_COL : category, span.depth > a, text
2018-11-13 10:04:23 ERROR Crawler:284 - L ERR_CONTENTS_COL : category, span.depth > a, text
2018-11-13 10:04:23 ERROR Crawler:284 - L ERR_CONTENTS_COL : category, span.depth > a, text
2018-11-13 10:04:23 ERROR Crawler:284 - L ERR_CONTENTS_COL : category, span.depth > a, text
2018-11-13 10:04:26 ERROR Crawler:281 - [ERR URL] https://search.shopping.naver.com/search/all.nhn?frm=NVSHATC&pagingSize=80&query=%EB%93%9C%EB%9E%8D
2018-11-13 10:04:26 ERROR Crawler:284 - L ERR_CONTENTS_COL : category, span.depth > a, text
2018-11-13 10:04:26 ERROR Crawler:284 - L ERR_CONTENTS_COL : category, span.depth > a, text
2018-11-13 10:04:26 ERROR Crawler:284 - L ERR_CONTENTS_COL : category, span.depth > a, text
2018-11-13 10:04:26 ERROR Crawler:284 - L ERR_CONTENTS_COL : category, span.depth > a, text
2018-11-13 10:04:26 ERROR Crawler:284 - L ERR_CONTENTS_COL : category, span.depth > a, text
2018-11-13 10:04:26 ERROR Crawler:284 - L ERR_CONTENTS_COL : category, span.depth > a, text
2018-11-13 10:04:26 ERROR Crawler:284 - L ERR_CONTENTS_COL : category, span.depth > a, text
2018-11-13 10:04:26 ERROR Crawler:284 - L ERR_CONTENTS_COL : category, span.depth > a, text
2018-11-13 10:04:33 ERROR Crawler:281 - [ERR URL] https://search.shopping.naver.com/search/all.nhn?frm=NVSHATC&pagingSize=80&query=%EC%88%98%EC%86%A1%EA%B8%B0
2018-11-13 10:04:33 ERROR Crawler:284 - L ERR_CONTENTS_COL : category, span.depth > a, text
2018-11-13 10:04:33 ERROR Crawler:284 - L ERR_CONTENTS_COL : category, span.depth > a, text
2018-11-13 10:04:44 ERROR Crawler:281 - [ERR URL] https://search.shopping.naver.com/search/all.nhn?frm=NVSHATC&pagingSize=80&query=%EA%B5%90%EC%9C%A1%ED%95%99
2018-11-13 10:04:44 ERROR Crawler:284 - L ERR_CONTENTS_COL : category, span.depth > a, text
2018-11-13 10:04:44 ERROR Crawler:284 - L ERR_CONTENTS_COL : category, span.depth > a, text
2018-11-13 10:04:44 ERROR Crawler:284 - L ERR_CONTENTS_COL : category, span.depth > a, text
2018-11-13 10:04:44 ERROR Crawler:284 - L ERR_CONTENTS_COL : category, span.depth > a, text
2018-11-13 10:04:44 ERROR Crawler:284 - L ERR_CONTENTS_COL : category, span.depth > a, text
2018-11-13 10:04:44 ERROR Crawler:284 - L ERR_CONTENTS_COL : category, span.depth > a, text
2018-11-13 10:04:44 ERROR Crawler:284 - L ERR_CONTENTS_COL : category, span.depth > a, text
2018-11-13 10:04:44 ERROR Crawler:284 - L ERR_CONTENTS_COL : category, span.depth > a, text
2018-11-13 10:04:47 ERROR Crawler:281 - [ERR URL] https://search.shopping.naver.com/search/all.nhn?frm=NVSHATC&pagingSize=80&query=%EC%9D%8C%EC%9A%B4%EB%A1%A0
2018-11-13 10:04:47 ERROR Crawler:284 - L ERR_CONTENTS_COL : category, span.depth > a, text
2018-11-13 10:05:01 ERROR Crawler:281 - [ERR URL] https://search.shopping.naver.com/search/all.nhn?frm=NVSHATC&pagingSize=80&query=%EA%B5%AD%EC%96%B4%EA%B5%90%EC%9C%A1
2018-11-13 10:05:01 ERROR Crawler:284 - L ERR_CONTENTS_COL : category, span.depth > a, text
2018-11-13 10:05:01 ERROR Crawler:284 - L ERR_CONTENTS_COL : category, span.depth > a, text
2018-11-13 10:05:01 ERROR Crawler:284 - L ERR_CONTENTS_COL : category, span.depth > a, text
2018-11-13 10:05:01 ERROR Crawler:284 - L ERR_CONTENTS_COL : category, span.depth > a, text
2018-11-13 10:05:01 ERROR Crawler:284 - L ERR_CONTENTS_COL : category, span.depth > a, text
2018-11-13 10:05:01 ERROR Crawler:284 - L ERR_CONTENTS_COL : category, span.depth > a, text
2018-11-13 10:05:01 ERROR Crawler:284 - L ERR_CONTENTS_COL : category, span.depth > a, text
2018-11-13 10:05:01 ERROR Crawler:284 - L ERR_CONTENTS_COL : category, span.depth > a, text
2018-11-13 10:05:09 ERROR Crawler:281 - [ERR URL] https://search.shopping.naver.com/search/all.nhn?frm=NVSHATC&pagingSize=80&query=%EB%9F%AC%EB%84%88
2018-11-13 10:05:09 ERROR Crawler:284 - L ERR_CONTENTS_COL : category, span.depth > a, text
2018-11-13 10:05:09 ERROR Crawler:284 - L ERR_CONTENTS_COL : category, span.depth > a, text
2018-11-13 10:05:09 ERROR Crawler:284 - L ERR_CONTENTS_COL : category, span.depth > a, text
2018-11-13 10:05:09 ERROR Crawler:284 - L ERR_CONTENTS_COL : category, span.depth > a, text
2018-11-13 10:05:09 ERROR Crawler:284 - L ERR_CONTENTS_COL : category, span.depth > a, text
2018-11-13 10:05:09 ERROR Crawler:284 - L ERR_CONTENTS_COL : category, span.depth > a, text
2018-11-13 10:05:09 ERROR Crawler:284 - L ERR_CONTENTS_COL : category, span.depth > a, text
2018-11-13 10:05:09 ERROR Crawler:284 - L ERR_CONTENTS_COL : category, span.depth > a, text
2018-11-13 10:05:19 ERROR Crawler:281 - [ERR URL] https://search.shopping.naver.com/search/all.nhn?frm=NVSHATC&pagingSize=80&query=%EB%88%84%ED%81%AC
2018-11-13 10:05:19 ERROR Crawler:284 - L ERR_CONTENTS_COL : category, span.depth > a, text
2018-11-13 10:05:19 ERROR Crawler:284 - L ERR_CONTENTS_COL : category, span.depth > a, text
2018-11-13 10:05:19 ERROR Crawler:284 - L ERR_CONTENTS_COL : category, span.depth > a, text
2018-11-13 10:05:19 ERROR Crawler:284 - L ERR_CONTENTS_COL : category, span.depth > a, text
2018-11-13 10:05:19 ERROR Crawler:284 - L ERR_CONTENTS_COL : category, span.depth > a, text
2018-11-13 10:05:19 ERROR Crawler:284 - L ERR_CONTENTS_COL : category, span.depth > a, text
2018-11-13 10:05:19 ERROR Crawler:284 - L ERR_CONTENTS_COL : category, span.depth > a, text
2018-11-13 10:05:19 ERROR Crawler:284 - L ERR_CONTENTS_COL : category, span.depth > a, text
2018-11-13 10:05:22 ERROR Crawler:281 - [ERR URL] https://search.shopping.naver.com/search/all.nhn?frm=NVSHATC&pagingSize=80&query=%EC%82%BF%EA%B0%93
2018-11-13 10:05:22 ERROR Crawler:284 - L ERR_CONTENTS_COL : category, span.depth > a, text
2018-11-13 10:05:22 ERROR Crawler:284 - L ERR_CONTENTS_COL : category, span.depth > a, text
2018-11-13 10:05:22 ERROR Crawler:284 - L ERR_CONTENTS_COL : category, span.depth > a, text
2018-11-13 10:05:22 ERROR Crawler:284 - L ERR_CONTENTS_COL : category, span.depth > a, text
2018-11-13 10:05:22 ERROR Crawler:284 - L ERR_CONTENTS_COL : category, span.depth > a, text
2018-11-13 10:05:22 ERROR Crawler:284 - L ERR_CONTENTS_COL : category, span.depth > a, text
2018-11-13 10:05:22 ERROR Crawler:284 - L ERR_CONTENTS_COL : category, span.depth > a, text
2018-11-13 10:05:22 ERROR Crawler:284 - L ERR_CONTENTS_COL : category, span.depth > a, text
2018-11-13 10:05:30 ERROR Crawler:281 - [ERR URL] https://search.shopping.naver.com/search/all.nhn?frm=NVSHATC&pagingSize=80&query=%EB%AA%BD%EA%B3%A0%EB%A9%94%EB%A6%AC
2018-11-13 10:05:30 ERROR Crawler:284 - L ERR_CONTENTS_COL : category, span.depth > a, text
2018-11-13 10:05:30 ERROR Crawler:284 - L ERR_CONTENTS_COL : category, span.depth > a, text
2018-11-13 10:05:30 ERROR Crawler:284 - L ERR_CONTENTS_COL : category, span.depth > a, text
2018-11-13 10:05:30 ERROR Crawler:284 - L ERR_CONTENTS_COL : category, span.depth > a, text
2018-11-13 10:05:30 ERROR Crawler:284 - L ERR_CONTENTS_COL : category, span.depth > a, text
2018-11-13 10:06:09 ERROR Crawler:281 - [ERR URL] https://search.shopping.naver.com/search/all.nhn?frm=NVSHATC&pagingSize=80&query=%EC%9E%A5%EB%B3%B4%EA%B3%A0
2018-11-13 10:06:09 ERROR Crawler:284 - L ERR_CONTENTS_COL : category, span.depth > a, text
2018-11-13 10:06:09 ERROR Crawler:284 - L ERR_CONTENTS_COL : category, span.depth > a, text
2018-11-13 10:06:09 ERROR Crawler:284 - L ERR_CONTENTS_COL : category, span.depth > a, text
2018-11-13 10:06:09 ERROR Crawler:284 - L ERR_CONTENTS_COL : category, span.depth > a, text
2018-11-13 10:06:09 ERROR Crawler:284 - L ERR_CONTENTS_COL : category, span.depth > a, text
2018-11-13 10:06:09 ERROR Crawler:284 - L ERR_CONTENTS_COL : category, span.depth > a, text
2018-11-13 10:06:09 ERROR Crawler:284 - L ERR_CONTENTS_COL : category, span.depth > a, text
2018-11-13 10:06:09 ERROR Crawler:284 - L ERR_CONTENTS_COL : category, span.depth > a, text
2018-11-13 10:06:13 ERROR Crawler:281 - [ERR URL] https://search.shopping.naver.com/search/all.nhn?frm=NVSHATC&pagingSize=80&query=%ED%86%B5%EC%9D%BC%EC%8B%A0%EB%9D%BC
2018-11-13 10:06:13 ERROR Crawler:284 - L ERR_CONTENTS_COL : category, span.depth > a, text
2018-11-13 10:06:13 ERROR Crawler:284 - L ERR_CONTENTS_COL : category, span.depth > a, text
2018-11-13 10:06:13 ERROR Crawler:284 - L ERR_CONTENTS_COL : category, span.depth > a, text
2018-11-13 10:06:17 ERROR Crawler:281 - [ERR URL] https://search.shopping.naver.com/search/all.nhn?frm=NVSHATC&pagingSize=80&query=%EB%B0%B1%EC%98%A5
2018-11-13 10:06:17 ERROR Crawler:284 - L ERR_CONTENTS_COL : category, span.depth > a, text
2018-11-13 10:06:17 ERROR Crawler:284 - L ERR_CONTENTS_COL : category, span.depth > a, text
2018-11-13 10:06:17 ERROR Crawler:284 - L ERR_CONTENTS_COL : category, span.depth > a, text
2018-11-13 10:06:17 ERROR Crawler:284 - L ERR_CONTENTS_COL : category, span.depth > a, text
2018-11-13 10:06:17 ERROR Crawler:284 - L ERR_CONTENTS_COL : category, span.depth > a, text
2018-11-13 10:06:17 ERROR Crawler:284 - L ERR_CONTENTS_COL : category, span.depth > a, text
2018-11-13 10:06:17 ERROR Crawler:284 - L ERR_CONTENTS_COL : category, span.depth > a, text
2018-11-13 10:06:17 ERROR Crawler:284 - L ERR_CONTENTS_COL : category, span.depth > a, text
2018-11-13 10:06:21 ERROR Crawler:281 - [ERR URL] https://search.shopping.naver.com/search/all.nhn?frm=NVSHATC&pagingSize=80&query=%EA%B3%A0%ED%80%84%EB%A6%AC%ED%8B%B0
2018-11-13 10:06:21 ERROR Crawler:284 - L ERR_CONTENTS_COL : category, span.depth > a, text
2018-11-13 10:06:21 ERROR Crawler:284 - L ERR_CONTENTS_COL : category, span.depth > a, text
2018-11-13 10:06:21 ERROR Crawler:284 - L ERR_CONTENTS_COL : category, span.depth > a, text
2018-11-13 10:06:21 ERROR Crawler:284 - L ERR_CONTENTS_COL : category, span.depth > a, text
2018-11-13 10:06:21 ERROR Crawler:284 - L ERR_CONTENTS_COL : category, span.depth > a, text
2018-11-13 10:06:21 ERROR Crawler:284 - L ERR_CONTENTS_COL : category, span.depth > a, text
2018-11-13 10:06:21 ERROR Crawler:284 - L ERR_CONTENTS_COL : category, span.depth > a, text
2018-11-13 10:06:21 ERROR Crawler:284 - L ERR_CONTENTS_COL : category, span.depth > a, text
2018-11-13 10:06:30 ERROR Crawler:281 - [ERR URL] https://search.shopping.naver.com/search/all.nhn?frm=NVSHATC&pagingSize=80&query=%EB%A7%A4%EC%A7%81%EC%95%84%EC%9D%B4
2018-11-13 10:06:30 ERROR Crawler:284 - L ERR_CONTENTS_COL : category, span.depth > a, text
2018-11-13 10:06:30 ERROR Crawler:284 - L ERR_CONTENTS_COL : category, span.depth > a, text
2018-11-13 10:06:30 ERROR Crawler:284 - L ERR_CONTENTS_COL : category, span.depth > a, text
2018-11-13 10:06:30 ERROR Crawler:284 - L ERR_CONTENTS_COL : category, span.depth > a, text
2018-11-13 10:06:30 ERROR Crawler:284 - L ERR_CONTENTS_COL : category, span.depth > a, text
2018-11-13 10:06:30 ERROR Crawler:284 - L ERR_CONTENTS_COL : category, span.depth > a, text
2018-11-13 10:06:30 ERROR Crawler:284 - L ERR_CONTENTS_COL : category, span.depth > a, text
2018-11-13 10:06:30 ERROR Crawler:284 - L ERR_CONTENTS_COL : category, span.depth > a, text
2018-11-13 10:06:34 ERROR Crawler:281 - [ERR URL] https://search.shopping.naver.com/search/all.nhn?frm=NVSHATC&pagingSize=80&query=%EB%B7%B0%EC%96%B4
2018-11-13 10:06:34 ERROR Crawler:284 - L ERR_CONTENTS_COL : category, span.depth > a, text
2018-11-13 10:06:34 ERROR Crawler:284 - L ERR_CONTENTS_COL : category, span.depth > a, text
2018-11-13 10:06:34 ERROR Crawler:284 - L ERR_CONTENTS_COL : category, span.depth > a, text
2018-11-13 10:06:34 ERROR Crawler:284 - L ERR_CONTENTS_COL : category, span.depth > a, text
2018-11-13 10:06:34 ERROR Crawler:284 - L ERR_CONTENTS_COL : category, span.depth > a, text
2018-11-13 10:06:34 ERROR Crawler:284 - L ERR_CONTENTS_COL : category, span.depth > a, text
2018-11-13 10:06:34 ERROR Crawler:284 - L ERR_CONTENTS_COL : category, span.depth > a, text
2018-11-13 10:06:34 ERROR Crawler:284 - L ERR_CONTENTS_COL : category, span.depth > a, text
2018-11-13 10:06:38 ERROR Crawler:281 - [ERR URL] https://search.shopping.naver.com/search/all.nhn?frm=NVSHATC&pagingSize=80&query=%ED%8B%B0%EB%AA%AC
2018-11-13 10:06:38 ERROR Crawler:284 - L ERR_CONTENTS_COL : category, span.depth > a, text
2018-11-13 10:06:38 ERROR Crawler:284 - L ERR_CONTENTS_COL : category, span.depth > a, text
2018-11-13 10:06:38 ERROR Crawler:284 - L ERR_CONTENTS_COL : category, span.depth > a, text
2018-11-13 10:06:38 ERROR Crawler:284 - L ERR_CONTENTS_COL : category, span.depth > a, text
2018-11-13 10:06:38 ERROR Crawler:284 - L ERR_CONTENTS_COL : category, span.depth > a, text
2018-11-13 10:06:38 ERROR Crawler:284 - L ERR_CONTENTS_COL : category, span.depth > a, text
2018-11-13 10:06:38 ERROR Crawler:284 - L ERR_CONTENTS_COL : category, span.depth > a, text
2018-11-13 10:06:38 ERROR Crawler:284 - L ERR_CONTENTS_COL : category, span.depth > a, text
2018-11-13 10:06:46 ERROR Crawler:281 - [ERR URL] https://search.shopping.naver.com/search/all.nhn?frm=NVSHATC&pagingSize=80&query=%EB%AF%B8%EB%94%94
2018-11-13 10:06:46 ERROR Crawler:284 - L ERR_CONTENTS_COL : category, span.depth > a, text
2018-11-13 10:06:46 ERROR Crawler:284 - L ERR_CONTENTS_COL : category, span.depth > a, text
2018-11-13 10:06:46 ERROR Crawler:284 - L ERR_CONTENTS_COL : category, span.depth > a, text
2018-11-13 10:06:46 ERROR Crawler:284 - L ERR_CONTENTS_COL : category, span.depth > a, text
2018-11-13 10:06:46 ERROR Crawler:284 - L ERR_CONTENTS_COL : category, span.depth > a, text
2018-11-13 10:06:46 ERROR Crawler:284 - L ERR_CONTENTS_COL : category, span.depth > a, text
2018-11-13 10:06:46 ERROR Crawler:284 - L ERR_CONTENTS_COL : category, span.depth > a, text
2018-11-13 10:06:46 ERROR Crawler:284 - L ERR_CONTENTS_COL : category, span.depth > a, text
2018-11-13 10:06:49 ERROR Crawler:281 - [ERR URL] https://search.shopping.naver.com/search/all.nhn?frm=NVSHATC&pagingSize=80&query=%ED%94%BC%EC%B9%98%ED%95%AD%EA%B3%B5
2018-11-13 10:06:49 ERROR Crawler:284 - L ERR_CONTENTS_COL : category, span.depth > a, text
2018-11-13 10:06:49 ERROR Crawler:284 - L ERR_CONTENTS_COL : category, span.depth > a, text
2018-11-13 10:06:49 ERROR Crawler:284 - L ERR_CONTENTS_COL : category, span.depth > a, text
2018-11-13 10:07:06 ERROR Crawler:281 - [ERR URL] https://search.shopping.naver.com/search/all.nhn?frm=NVSHATC&pagingSize=80&query=%EB%B9%85%ED%86%A0%EB%A6%AC
2018-11-13 10:07:06 ERROR Crawler:284 - L ERR_CONTENTS_COL : category, span.depth > a, text
2018-11-13 10:07:06 ERROR Crawler:284 - L ERR_CONTENTS_COL : category, span.depth > a, text
2018-11-13 10:07:06 ERROR Crawler:284 - L ERR_CONTENTS_COL : category, span.depth > a, text
2018-11-13 10:07:06 ERROR Crawler:284 - L ERR_CONTENTS_COL : category, span.depth > a, text
2018-11-13 10:07:06 ERROR Crawler:284 - L ERR_CONTENTS_COL : category, span.depth > a, text
2018-11-13 10:07:06 ERROR Crawler:284 - L ERR_CONTENTS_COL : category, span.depth > a, text
2018-11-13 10:07:06 ERROR Crawler:284 - L ERR_CONTENTS_COL : category, span.depth > a, text
2018-11-13 10:07:06 ERROR Crawler:284 - L ERR_CONTENTS_COL : category, span.depth > a, text
2018-11-13 10:07:10 ERROR Crawler:281 - [ERR URL] https://search.shopping.naver.com/search/all.nhn?frm=NVSHATC&pagingSize=80&query=%EC%86%A1%EC%95%85%EC%82%B0
2018-11-13 10:07:10 ERROR Crawler:284 - L ERR_CONTENTS_COL : category, span.depth > a, text
2018-11-13 10:07:10 ERROR Crawler:284 - L ERR_CONTENTS_COL : category, span.depth > a, text
2018-11-13 10:07:10 ERROR Crawler:284 - L ERR_CONTENTS_COL : category, span.depth > a, text
2018-11-13 10:07:10 ERROR Crawler:284 - L ERR_CONTENTS_COL : category, span.depth > a, text
2018-11-13 10:07:14 ERROR Crawler:281 - [ERR URL] https://search.shopping.naver.com/search/all.nhn?frm=NVSHATC&pagingSize=80&query=%ED%85%8C%EB%94%94%EB%B2%A0%EC%96%B4
2018-11-13 10:07:14 ERROR Crawler:284 - L ERR_CONTENTS_COL : category, span.depth > a, text
2018-11-13 10:07:14 ERROR Crawler:284 - L ERR_CONTENTS_COL : category, span.depth > a, text
2018-11-13 10:07:14 ERROR Crawler:284 - L ERR_CONTENTS_COL : category, span.depth > a, text
2018-11-13 10:07:14 ERROR Crawler:284 - L ERR_CONTENTS_COL : category, span.depth > a, text
2018-11-13 10:07:14 ERROR Crawler:284 - L ERR_CONTENTS_COL : category, span.depth > a, text
2018-11-13 10:07:14 ERROR Crawler:284 - L ERR_CONTENTS_COL : category, span.depth > a, text
2018-11-13 10:07:14 ERROR Crawler:284 - L ERR_CONTENTS_COL : category, span.depth > a, text
2018-11-13 10:07:14 ERROR Crawler:284 - L ERR_CONTENTS_COL : category, span.depth > a, text
2018-11-13 10:07:22 ERROR Crawler:281 - [ERR URL] https://search.shopping.naver.com/search/all.nhn?frm=NVSHATC&pagingSize=80&query=%EA%B5%AD%EA%B0%90
2018-11-13 10:07:22 ERROR Crawler:284 - L ERR_CONTENTS_COL : category, span.depth > a, text
2018-11-13 10:07:22 ERROR Crawler:284 - L ERR_CONTENTS_COL : category, span.depth > a, text
2018-11-13 10:08:18 ERROR Crawler:281 - [ERR URL] https://search.shopping.naver.com/search/all.nhn?frm=NVSHATC&pagingSize=80&query=%EC%A0%95%EC%B1%85%EA%B8%88%EC%9C%B5
2018-11-13 10:08:18 ERROR Crawler:284 - L ERR_CONTENTS_COL : category, span.depth > a, text
2018-11-13 10:08:22 ERROR Crawler:281 - [ERR URL] https://search.shopping.naver.com/search/all.nhn?frm=NVSHATC&pagingSize=80&query=%EC%82%BC%EB%B2%A0
2018-11-13 10:08:22 ERROR Crawler:284 - L ERR_CONTENTS_COL : category, span.depth > a, text
2018-11-13 10:08:22 ERROR Crawler:284 - L ERR_CONTENTS_COL : category, span.depth > a, text
2018-11-13 10:08:22 ERROR Crawler:284 - L ERR_CONTENTS_COL : category, span.depth > a, text
2018-11-13 10:08:22 ERROR Crawler:284 - L ERR_CONTENTS_COL : category, span.depth > a, text
2018-11-13 10:08:22 ERROR Crawler:284 - L ERR_CONTENTS_COL : category, span.depth > a, text
2018-11-13 10:08:22 ERROR Crawler:284 - L ERR_CONTENTS_COL : category, span.depth > a, text
2018-11-13 10:08:22 ERROR Crawler:284 - L ERR_CONTENTS_COL : category, span.depth > a, text
2018-11-13 10:08:22 ERROR Crawler:284 - L ERR_CONTENTS_COL : category, span.depth > a, text
2018-11-13 10:08:25 ERROR Crawler:281 - [ERR URL] https://search.shopping.naver.com/search/all.nhn?frm=NVSHATC&pagingSize=80&query=%EB%B2%A0%ED%8B%80
2018-11-13 10:08:25 ERROR Crawler:284 - L ERR_CONTENTS_COL : category, span.depth > a, text
2018-11-13 10:08:25 ERROR Crawler:284 - L ERR_CONTENTS_COL : category, span.depth > a, text
2018-11-13 10:08:25 ERROR Crawler:284 - L ERR_CONTENTS_COL : category, span.depth > a, text
2018-11-13 10:08:25 ERROR Crawler:284 - L ERR_CONTENTS_COL : category, span.depth > a, text
2018-11-13 10:08:25 ERROR Crawler:284 - L ERR_CONTENTS_COL : category, span.depth > a, text
2018-11-13 10:08:33 ERROR Crawler:281 - [ERR URL] https://search.shopping.naver.com/search/all.nhn?frm=NVSHATC&pagingSize=80&query=%EC%99%95%EC%8B%AD%EB%A6%AC
2018-11-13 10:08:33 ERROR Crawler:284 - L ERR_CONTENTS_COL : category, span.depth > a, text
2018-11-13 10:08:33 ERROR Crawler:284 - L ERR_CONTENTS_COL : category, span.depth > a, text
2018-11-13 10:08:33 ERROR Crawler:284 - L ERR_CONTENTS_COL : category, span.depth > a, text
2018-11-13 10:08:33 ERROR Crawler:284 - L ERR_CONTENTS_COL : category, span.depth > a, text
2018-11-13 10:08:33 ERROR Crawler:284 - L ERR_CONTENTS_COL : category, span.depth > a, text
2018-11-13 10:08:33 ERROR Crawler:284 - L ERR_CONTENTS_COL : category, span.depth > a, text
2018-11-13 10:08:33 ERROR Crawler:284 - L ERR_CONTENTS_COL : category, span.depth > a, text
2018-11-13 10:08:33 ERROR Crawler:284 - L ERR_CONTENTS_COL : category, span.depth > a, text
2018-11-13 10:08:47 ERROR Crawler:281 - [ERR URL] https://search.shopping.naver.com/search/all.nhn?frm=NVSHATC&pagingSize=80&query=%EC%95%A0%EB%A6%AC%EC%A1%B0%EB%82%98
2018-11-13 10:08:47 ERROR Crawler:284 - L ERR_CONTENTS_COL : category, span.depth > a, text
2018-11-13 10:08:47 ERROR Crawler:284 - L ERR_CONTENTS_COL : category, span.depth > a, text
2018-11-13 10:08:47 ERROR Crawler:284 - L ERR_CONTENTS_COL : category, span.depth > a, text
2018-11-13 10:08:47 ERROR Crawler:284 - L ERR_CONTENTS_COL : category, span.depth > a, text
2018-11-13 10:08:47 ERROR Crawler:284 - L ERR_CONTENTS_COL : category, span.depth > a, text
2018-11-13 10:08:47 ERROR Crawler:284 - L ERR_CONTENTS_COL : category, span.depth > a, text
2018-11-13 10:08:47 ERROR Crawler:284 - L ERR_CONTENTS_COL : category, span.depth > a, text
2018-11-13 10:08:47 ERROR Crawler:284 - L ERR_CONTENTS_COL : category, span.depth > a, text
2018-11-13 10:08:51 ERROR Crawler:281 - [ERR URL] https://search.shopping.naver.com/search/all.nhn?frm=NVSHATC&pagingSize=80&query=%EB%A7%9D%EC%82%AC
2018-11-13 10:08:51 ERROR Crawler:284 - L ERR_CONTENTS_COL : category, span.depth > a, text
2018-11-13 10:08:51 ERROR Crawler:284 - L ERR_CONTENTS_COL : category, span.depth > a, text
2018-11-13 10:08:51 ERROR Crawler:284 - L ERR_CONTENTS_COL : category, span.depth > a, text
2018-11-13 10:08:51 ERROR Crawler:284 - L ERR_CONTENTS_COL : category, span.depth > a, text
2018-11-13 10:08:51 ERROR Crawler:284 - L ERR_CONTENTS_COL : category, span.depth > a, text
2018-11-13 10:08:51 ERROR Crawler:284 - L ERR_CONTENTS_COL : category, span.depth > a, text
2018-11-13 10:08:51 ERROR Crawler:284 - L ERR_CONTENTS_COL : category, span.depth > a, text
2018-11-13 10:08:51 ERROR Crawler:284 - L ERR_CONTENTS_COL : category, span.depth > a, text
2018-11-13 10:08:54 ERROR Crawler:281 - [ERR URL] https://search.shopping.naver.com/search/all.nhn?frm=NVSHATC&pagingSize=80&query=%EA%B8%B0%EB%B2%88
2018-11-13 10:08:54 ERROR Crawler:284 - L ERR_CONTENTS_COL : category, span.depth > a, text
2018-11-13 10:08:54 ERROR Crawler:284 - L ERR_CONTENTS_COL : category, span.depth > a, text
2018-11-13 10:08:54 ERROR Crawler:284 - L ERR_CONTENTS_COL : category, span.depth > a, text
2018-11-13 10:09:01 ERROR Crawler:281 - [ERR URL] https://search.shopping.naver.com/search/all.nhn?frm=NVSHATC&pagingSize=80&query=%EA%B9%80%ED%9D%AC
2018-11-13 10:09:01 ERROR Crawler:284 - L ERR_CONTENTS_COL : category, span.depth > a, text
2018-11-13 10:09:01 ERROR Crawler:284 - L ERR_CONTENTS_COL : category, span.depth > a, text
2018-11-13 10:09:01 ERROR Crawler:284 - L ERR_CONTENTS_COL : category, span.depth > a, text
2018-11-13 10:09:05 ERROR Crawler:281 - [ERR URL] https://search.shopping.naver.com/search/all.nhn?frm=NVSHATC&pagingSize=80&query=%EC%B0%BB%EC%A7%91
2018-11-13 10:09:05 ERROR Crawler:284 - L ERR_CONTENTS_COL : category, span.depth > a, text
2018-11-13 10:09:09 ERROR Crawler:281 - [ERR URL] https://search.shopping.naver.com/search/all.nhn?frm=NVSHATC&pagingSize=80&query=%EC%97%98%EB%8D%94
2018-11-13 10:09:09 ERROR Crawler:284 - L ERR_CONTENTS_COL : category, span.depth > a, text
2018-11-13 10:09:09 ERROR Crawler:284 - L ERR_CONTENTS_COL : category, span.depth > a, text
2018-11-13 10:09:09 ERROR Crawler:284 - L ERR_CONTENTS_COL : category, span.depth > a, text
2018-11-13 10:09:09 ERROR Crawler:284 - L ERR_CONTENTS_COL : category, span.depth > a, text
2018-11-13 10:09:09 ERROR Crawler:284 - L ERR_CONTENTS_COL : category, span.depth > a, text
2018-11-13 10:09:09 ERROR Crawler:284 - L ERR_CONTENTS_COL : category, span.depth > a, text
2018-11-13 10:09:09 ERROR Crawler:284 - L ERR_CONTENTS_COL : category, span.depth > a, text
2018-11-13 10:09:09 ERROR Crawler:284 - L ERR_CONTENTS_COL : category, span.depth > a, text
2018-11-13 10:09:19 ERROR Crawler:281 - [ERR URL] https://search.shopping.naver.com/search/all.nhn?frm=NVSHATC&pagingSize=80&query=%EC%89%90%EC%9D%B4%ED%81%AC
2018-11-13 10:09:19 ERROR Crawler:284 - L ERR_CONTENTS_COL : category, span.depth > a, text
2018-11-13 10:09:19 ERROR Crawler:284 - L ERR_CONTENTS_COL : category, span.depth > a, text
2018-11-13 10:09:19 ERROR Crawler:284 - L ERR_CONTENTS_COL : category, span.depth > a, text
2018-11-13 10:09:19 ERROR Crawler:284 - L ERR_CONTENTS_COL : category, span.depth > a, text
2018-11-13 10:09:19 ERROR Crawler:284 - L ERR_CONTENTS_COL : category, span.depth > a, text
2018-11-13 10:09:19 ERROR Crawler:284 - L ERR_CONTENTS_COL : category, span.depth > a, text
2018-11-13 10:09:19 ERROR Crawler:284 - L ERR_CONTENTS_COL : category, span.depth > a, text
2018-11-13 10:09:19 ERROR Crawler:284 - L ERR_CONTENTS_COL : category, span.depth > a, text
2018-11-13 10:09:28 ERROR Crawler:281 - [ERR URL] https://search.shopping.naver.com/search/all.nhn?frm=NVSHATC&pagingSize=80&query=%EB%89%B4%EC%9A%94%EC%BB%A4
2018-11-13 10:09:28 ERROR Crawler:284 - L ERR_CONTENTS_COL : category, span.depth > a, text
2018-11-13 10:09:28 ERROR Crawler:284 - L ERR_CONTENTS_COL : category, span.depth > a, text
2018-11-13 10:09:28 ERROR Crawler:284 - L ERR_CONTENTS_COL : category, span.depth > a, text
2018-11-13 10:09:28 ERROR Crawler:284 - L ERR_CONTENTS_COL : category, span.depth > a, text
2018-11-13 10:09:28 ERROR Crawler:284 - L ERR_CONTENTS_COL : category, span.depth > a, text
2018-11-13 10:09:28 ERROR Crawler:284 - L ERR_CONTENTS_COL : category, span.depth > a, text
2018-11-13 10:09:28 ERROR Crawler:284 - L ERR_CONTENTS_COL : category, span.depth > a, text
2018-11-13 10:09:28 ERROR Crawler:284 - L ERR_CONTENTS_COL : category, span.depth > a, text
2018-11-13 10:09:32 ERROR Crawler:281 - [ERR URL] https://search.shopping.naver.com/search/all.nhn?frm=NVSHATC&pagingSize=80&query=%ED%8C%A8%EC%85%94
2018-11-13 10:09:32 ERROR Crawler:284 - L ERR_CONTENTS_COL : category, span.depth > a, text
2018-11-13 10:09:39 ERROR Crawler:281 - [ERR URL] https://search.shopping.naver.com/search/all.nhn?frm=NVSHATC&pagingSize=80&query=%EA%B9%80%EC%97%B0%EC%95%84
2018-11-13 10:09:39 ERROR Crawler:284 - L ERR_CONTENTS_COL : category, span.depth > a, text
2018-11-13 10:09:39 ERROR Crawler:284 - L ERR_CONTENTS_COL : category, span.depth > a, text
2018-11-13 10:09:39 ERROR Crawler:284 - L ERR_CONTENTS_COL : category, span.depth > a, text
2018-11-13 10:09:39 ERROR Crawler:284 - L ERR_CONTENTS_COL : category, span.depth > a, text
2018-11-13 10:09:39 ERROR Crawler:284 - L ERR_CONTENTS_COL : category, span.depth > a, text
2018-11-13 10:09:39 ERROR Crawler:284 - L ERR_CONTENTS_COL : category, span.depth > a, text
2018-11-13 10:09:39 ERROR Crawler:284 - L ERR_CONTENTS_COL : category, span.depth > a, text
2018-11-13 10:09:39 ERROR Crawler:284 - L ERR_CONTENTS_COL : category, span.depth > a, text
2018-11-13 10:09:46 ERROR Crawler:281 - [ERR URL] https://search.shopping.naver.com/search/all.nhn?frm=NVSHATC&pagingSize=80&query=%EA%B8%88%ED%98%B8
2018-11-13 10:09:46 ERROR Crawler:284 - L ERR_CONTENTS_COL : category, span.depth > a, text
2018-11-13 10:09:46 ERROR Crawler:284 - L ERR_CONTENTS_COL : category, span.depth > a, text
2018-11-13 10:09:46 ERROR Crawler:284 - L ERR_CONTENTS_COL : category, span.depth > a, text
2018-11-13 10:09:46 ERROR Crawler:284 - L ERR_CONTENTS_COL : category, span.depth > a, text
2018-11-13 10:09:46 ERROR Crawler:284 - L ERR_CONTENTS_COL : category, span.depth > a, text
2018-11-13 10:09:46 ERROR Crawler:284 - L ERR_CONTENTS_COL : category, span.depth > a, text
2018-11-13 10:09:46 ERROR Crawler:284 - L ERR_CONTENTS_COL : category, span.depth > a, text
2018-11-13 10:09:46 ERROR Crawler:284 - L ERR_CONTENTS_COL : category, span.depth > a, text
2018-11-13 10:09:50 ERROR Crawler:281 - [ERR URL] https://search.shopping.naver.com/search/all.nhn?frm=NVSHATC&pagingSize=80&query=%EB%B8%94%EB%A1%9D%EB%94%9C
2018-11-13 10:09:50 ERROR Crawler:284 - L ERR_CONTENTS_COL : category, span.depth > a, text
2018-11-13 10:09:54 ERROR Crawler:281 - [ERR URL] https://search.shopping.naver.com/search/all.nhn?frm=NVSHATC&pagingSize=80&query=%EB%A1%B1%EC%87%BC%ED%8A%B8
2018-11-13 10:09:54 ERROR Crawler:284 - L ERR_CONTENTS_COL : category, span.depth > a, text
2018-11-13 10:09:54 ERROR Crawler:284 - L ERR_CONTENTS_COL : category, span.depth > a, text
2018-11-13 10:09:54 ERROR Crawler:284 - L ERR_CONTENTS_COL : category, span.depth > a, text
2018-11-13 10:09:54 ERROR Crawler:284 - L ERR_CONTENTS_COL : category, span.depth > a, text
2018-11-13 10:09:54 ERROR Crawler:284 - L ERR_CONTENTS_COL : category, span.depth > a, text
2018-11-13 10:09:54 ERROR Crawler:284 - L ERR_CONTENTS_COL : category, span.depth > a, text
2018-11-13 10:09:54 ERROR Crawler:284 - L ERR_CONTENTS_COL : category, span.depth > a, text
2018-11-13 10:09:54 ERROR Crawler:284 - L ERR_CONTENTS_COL : category, span.depth > a, text
2018-11-13 10:10:10 ERROR Crawler:281 - [ERR URL] https://search.shopping.naver.com/search/all.nhn?frm=NVSHATC&pagingSize=80&query=%EC%8B%B8%EC%9D%B4%EB%A0%8C
2018-11-13 10:10:10 ERROR Crawler:284 - L ERR_CONTENTS_COL : category, span.depth > a, text
2018-11-13 10:10:10 ERROR Crawler:284 - L ERR_CONTENTS_COL : category, span.depth > a, text
2018-11-13 10:10:10 ERROR Crawler:284 - L ERR_CONTENTS_COL : category, span.depth > a, text
2018-11-13 10:10:10 ERROR Crawler:284 - L ERR_CONTENTS_COL : category, span.depth > a, text
2018-11-13 10:10:10 ERROR Crawler:284 - L ERR_CONTENTS_COL : category, span.depth > a, text
2018-11-13 10:10:10 ERROR Crawler:284 - L ERR_CONTENTS_COL : category, span.depth > a, text
2018-11-13 10:10:10 ERROR Crawler:284 - L ERR_CONTENTS_COL : category, span.depth > a, text
2018-11-13 10:10:10 ERROR Crawler:284 - L ERR_CONTENTS_COL : category, span.depth > a, text
2018-11-13 10:10:28 ERROR Crawler:281 - [ERR URL] https://search.shopping.naver.com/search/all.nhn?frm=NVSHATC&pagingSize=80&query=%ED%81%B4%EB%A6%B0%ED%84%B4
2018-11-13 10:10:28 ERROR Crawler:284 - L ERR_CONTENTS_COL : category, span.depth > a, text
2018-11-13 10:10:28 ERROR Crawler:284 - L ERR_CONTENTS_COL : category, span.depth > a, text
2018-11-13 10:10:28 ERROR Crawler:284 - L ERR_CONTENTS_COL : category, span.depth > a, text
2018-11-13 10:10:28 ERROR Crawler:284 - L ERR_CONTENTS_COL : category, span.depth > a, text
2018-11-13 10:10:28 ERROR Crawler:284 - L ERR_CONTENTS_COL : category, span.depth > a, text
2018-11-13 10:10:28 ERROR Crawler:284 - L ERR_CONTENTS_COL : category, span.depth > a, text
2018-11-13 10:10:28 ERROR Crawler:284 - L ERR_CONTENTS_COL : category, span.depth > a, text
2018-11-13 10:10:32 ERROR Crawler:281 - [ERR URL] https://search.shopping.naver.com/search/all.nhn?frm=NVSHATC&pagingSize=80&query=%EC%95%A0%EB%AC%98
2018-11-13 10:10:32 ERROR Crawler:284 - L ERR_CONTENTS_COL : category, span.depth > a, text
2018-11-13 10:10:32 ERROR Crawler:284 - L ERR_CONTENTS_COL : category, span.depth > a, text
2018-11-13 10:10:32 ERROR Crawler:284 - L ERR_CONTENTS_COL : category, span.depth > a, text
2018-11-13 10:10:32 ERROR Crawler:284 - L ERR_CONTENTS_COL : category, span.depth > a, text
2018-11-13 10:10:32 ERROR Crawler:284 - L ERR_CONTENTS_COL : category, span.depth > a, text
2018-11-13 10:10:32 ERROR Crawler:284 - L ERR_CONTENTS_COL : category, span.depth > a, text
2018-11-13 10:10:32 ERROR Crawler:284 - L ERR_CONTENTS_COL : category, span.depth > a, text
2018-11-13 10:10:32 ERROR Crawler:284 - L ERR_CONTENTS_COL : category, span.depth > a, text
2018-11-13 10:10:37 ERROR Crawler:281 - [ERR URL] https://search.shopping.naver.com/search/all.nhn?frm=NVSHATC&pagingSize=80&query=%EC%82%AD%EC%8A%A4
2018-11-13 10:10:37 ERROR Crawler:284 - L ERR_CONTENTS_COL : category, span.depth > a, text
2018-11-13 10:10:37 ERROR Crawler:284 - L ERR_CONTENTS_COL : category, span.depth > a, text
2018-11-13 10:10:37 ERROR Crawler:284 - L ERR_CONTENTS_COL : category, span.depth > a, text
2018-11-13 10:10:37 ERROR Crawler:284 - L ERR_CONTENTS_COL : category, span.depth > a, text
2018-11-13 10:10:37 ERROR Crawler:284 - L ERR_CONTENTS_COL : category, span.depth > a, text
2018-11-13 10:10:37 ERROR Crawler:284 - L ERR_CONTENTS_COL : category, span.depth > a, text
2018-11-13 10:10:37 ERROR Crawler:284 - L ERR_CONTENTS_COL : category, span.depth > a, text
2018-11-13 10:10:37 ERROR Crawler:284 - L ERR_CONTENTS_COL : category, span.depth > a, text
2018-11-13 10:10:45 ERROR Crawler:281 - [ERR URL] https://search.shopping.naver.com/search/all.nhn?frm=NVSHATC&pagingSize=80&query=%EB%82%98%EC%8A%A4
2018-11-13 10:10:45 ERROR Crawler:284 - L ERR_CONTENTS_COL : category, span.depth > a, text
2018-11-13 10:10:45 ERROR Crawler:284 - L ERR_CONTENTS_COL : category, span.depth > a, text
2018-11-13 10:10:45 ERROR Crawler:284 - L ERR_CONTENTS_COL : category, span.depth > a, text
2018-11-13 10:10:45 ERROR Crawler:284 - L ERR_CONTENTS_COL : category, span.depth > a, text
2018-11-13 10:10:45 ERROR Crawler:284 - L ERR_CONTENTS_COL : category, span.depth > a, text
2018-11-13 10:10:45 ERROR Crawler:284 - L ERR_CONTENTS_COL : category, span.depth > a, text
2018-11-13 10:10:45 ERROR Crawler:284 - L ERR_CONTENTS_COL : category, span.depth > a, text
2018-11-13 10:10:45 ERROR Crawler:284 - L ERR_CONTENTS_COL : category, span.depth > a, text
2018-11-13 10:11:01 ERROR Crawler:281 - [ERR URL] https://search.shopping.naver.com/search/all.nhn?frm=NVSHATC&pagingSize=80&query=%EA%B5%90%ED%86%B5%EB%B2%95%EA%B7%9C
2018-11-13 10:11:01 ERROR Crawler:284 - L ERR_CONTENTS_COL : category, span.depth > a, text
2018-11-13 10:11:01 ERROR Crawler:284 - L ERR_CONTENTS_COL : category, span.depth > a, text
2018-11-13 10:11:05 ERROR Crawler:281 - [ERR URL] https://search.shopping.naver.com/search/all.nhn?frm=NVSHATC&pagingSize=80&query=%EB%85%B8%EB%9E%AB%EB%A7%90
2018-11-13 10:11:05 ERROR Crawler:284 - L ERR_CONTENTS_COL : category, span.depth > a, text
2018-11-13 10:11:08 ERROR Crawler:281 - [ERR URL] https://search.shopping.naver.com/search/all.nhn?frm=NVSHATC&pagingSize=80&query=%EB%85%B8%EB%9E%AB%EB%A7%90
2018-11-13 10:11:08 ERROR Crawler:284 - L ERR_CONTENTS_COL : category, span.depth > a, text
