2018-11-19 16:59:05 INFO  Crawler:229 - ============== Start Crawler =============
2018-11-19 16:59:05 INFO  Crawler:230 - CONFIG FILE    : ./config/config_naver_shopping_category.json
2018-11-19 16:59:05 INFO  Crawler:232 - ARG LIST COUNT : 366
2018-11-19 16:59:05 INFO  Crawler:237 - CMD PARAM 00   : 기아
2018-11-19 16:59:05 INFO  Crawler:240 - CRAWLER NAME   : naver_category
2018-11-19 16:59:05 INFO  Crawler:241 - CRAWLER TYPE   : SCENARIO_DYNAMIC
2018-11-19 16:59:05 INFO  Crawler:242 - CRAWLER DELAY  : 1.0 sec
2018-11-19 16:59:05 INFO  Crawler:243 - IGNORE ROBOTS  : true
2018-11-19 16:59:05 INFO  Crawler:244 - LIMIT_COUNT    : 9000
2018-11-19 16:59:05 INFO  Crawler:245 - FILTER COUNT   : 0
2018-11-19 16:59:05 INFO  Crawler:249 - SCENARIO COUNT : 1
2018-11-19 16:59:05 INFO  Crawler:250 - COLLECT COUNT  : 1
2018-11-19 16:59:05 INFO  Crawler:251 - SAVE TYPE      : DB
2018-11-19 16:59:05 INFO  Crawler:252 - SAVE HTML      : false
2018-11-19 16:59:05 INFO  Crawler:253 - ==========================================
2018-11-19 16:59:14 INFO  Crawler:297 - [Progress 1] elaped time : 00:00:08, curSave : 0, Totalsave : 0, curErr : 0, totalErr : 0, remain_work : 2, total : 3
2018-11-19 16:59:15 ERROR Crawler:288 - [ERR URL] https://search.shopping.naver.com/search/all.nhn?frm=NVSHATC&pagingSize=80&query=%EA%B8%B0%EC%95%84
2018-11-19 16:59:15 ERROR Crawler:292 - L ERR_CONTENTS_COL : category, span.depth > a, text
2018-11-19 16:59:15 ERROR Crawler:292 - L ERR_CONTENTS_COL : category, span.depth > a, text
2018-11-19 16:59:15 ERROR Crawler:292 - L ERR_CONTENTS_COL : category, span.depth > a, text
2018-11-19 16:59:15 ERROR Crawler:292 - L ERR_CONTENTS_COL : category, span.depth > a, text
2018-11-19 16:59:15 ERROR Crawler:292 - L ERR_CONTENTS_COL : category, span.depth > a, text
2018-11-19 16:59:15 ERROR Crawler:292 - L ERR_CONTENTS_COL : category, span.depth > a, text
2018-11-19 16:59:15 ERROR Crawler:292 - L ERR_CONTENTS_COL : category, span.depth > a, text
2018-11-19 16:59:15 ERROR Crawler:292 - L ERR_CONTENTS_COL : category, span.depth > a, text
2018-11-19 16:59:15 INFO  Crawler:297 - [Progress 2] elaped time : 00:00:10, curSave : 80, Totalsave : 80, curErr : 8, totalErr : 8, remain_work : 1, total : 3
2018-11-19 16:59:17 INFO  Crawler:297 - [Progress 3] elaped time : 00:00:11, curSave : 80, Totalsave : 80, curErr : 8, totalErr : 8, remain_work : 2, total : 5
2018-11-19 16:59:18 ERROR Crawler:288 - [ERR URL] https://search.shopping.naver.com/search/all.nhn?frm=NVSHPAG&pagingSize=80&query=%EA%B8%B0%EC%95%84&origQuery=%EA%B8%B0%EC%95%84&pagingIndex=2&viewType=list&sort=rel
2018-11-19 16:59:18 ERROR Crawler:292 - L ERR_CONTENTS_COL : category, span.depth > a, text
2018-11-19 16:59:18 ERROR Crawler:292 - L ERR_CONTENTS_COL : category, span.depth > a, text
2018-11-19 16:59:18 ERROR Crawler:292 - L ERR_CONTENTS_COL : category, span.depth > a, text
2018-11-19 16:59:18 ERROR Crawler:292 - L ERR_CONTENTS_COL : category, span.depth > a, text
2018-11-19 16:59:18 ERROR Crawler:292 - L ERR_CONTENTS_COL : category, span.depth > a, text
2018-11-19 16:59:18 ERROR Crawler:292 - L ERR_CONTENTS_COL : category, span.depth > a, text
2018-11-19 16:59:18 ERROR Crawler:292 - L ERR_CONTENTS_COL : category, span.depth > a, text
2018-11-19 16:59:18 ERROR Crawler:292 - L ERR_CONTENTS_COL : category, span.depth > a, text
2018-11-19 16:59:18 ERROR Crawler:292 - L ERR_WRITE : Contents write failed : Duplicate entry '15771595012' for key 'PRIMARY'
2018-11-19 16:59:18 INFO  Crawler:297 - [Progress 4] elaped time : 00:00:12, curSave : 159, Totalsave : 159, curErr : 17, totalErr : 17, remain_work : 1, total : 5
2018-11-19 16:59:19 INFO  Crawler:297 - [Progress 5] elaped time : 00:00:13, curSave : 159, Totalsave : 159, curErr : 17, totalErr : 17, remain_work : 2, total : 7
2018-11-19 16:59:20 ERROR Crawler:288 - [ERR URL] https://search.shopping.naver.com/search/all.nhn?frm=NVSHPAG&pagingSize=80&query=%EA%B8%B0%EC%95%84&origQuery=%EA%B8%B0%EC%95%84&pagingIndex=3&viewType=list&sort=rel
2018-11-19 16:59:20 ERROR Crawler:292 - L ERR_CONTENTS_COL : category, span.depth > a, text
2018-11-19 16:59:20 ERROR Crawler:292 - L ERR_CONTENTS_COL : category, span.depth > a, text
2018-11-19 16:59:20 ERROR Crawler:292 - L ERR_CONTENTS_COL : category, span.depth > a, text
2018-11-19 16:59:20 ERROR Crawler:292 - L ERR_CONTENTS_COL : category, span.depth > a, text
2018-11-19 16:59:20 ERROR Crawler:292 - L ERR_CONTENTS_COL : category, span.depth > a, text
2018-11-19 16:59:20 ERROR Crawler:292 - L ERR_CONTENTS_COL : category, span.depth > a, text
2018-11-19 16:59:20 ERROR Crawler:292 - L ERR_CONTENTS_COL : category, span.depth > a, text
2018-11-19 16:59:20 ERROR Crawler:292 - L ERR_CONTENTS_COL : category, span.depth > a, text
2018-11-19 16:59:20 INFO  Crawler:297 - [Progress 6] elaped time : 00:00:15, curSave : 239, Totalsave : 239, curErr : 25, totalErr : 25, remain_work : 1, total : 7
2018-11-19 16:59:22 INFO  Crawler:297 - [Progress 7] elaped time : 00:00:16, curSave : 239, Totalsave : 239, curErr : 25, totalErr : 25, remain_work : 2, total : 9
