2018-11-18 17:24:37 INFO  Crawler:229 - ============== Start Crawler =============
2018-11-18 17:24:37 INFO  Crawler:230 - CONFIG FILE    : ./config/config_naver_shopping_category.json
2018-11-18 17:24:37 INFO  Crawler:232 - ARG LIST COUNT : 19
2018-11-18 17:24:37 INFO  Crawler:237 - CMD PARAM 00   : 기아
2018-11-18 17:24:37 INFO  Crawler:240 - CRAWLER NAME   : naver_category
2018-11-18 17:24:37 INFO  Crawler:241 - CRAWLER TYPE   : SCENARIO_DYNAMIC
2018-11-18 17:24:37 INFO  Crawler:242 - CRAWLER DELAY  : 0.5 sec
2018-11-18 17:24:37 INFO  Crawler:243 - IGNORE ROBOTS  : true
2018-11-18 17:24:37 INFO  Crawler:244 - LIMIT_COUNT    : 9000
2018-11-18 17:24:37 INFO  Crawler:245 - FILTER COUNT   : 0
2018-11-18 17:24:37 INFO  Crawler:249 - SCENARIO COUNT : 1
2018-11-18 17:24:37 INFO  Crawler:250 - COLLECT COUNT  : 1
2018-11-18 17:24:37 INFO  Crawler:251 - SAVE TYPE      : DB
2018-11-18 17:24:37 INFO  Crawler:252 - SAVE HTML      : false
2018-11-18 17:24:37 INFO  Crawler:253 - ==========================================
2018-11-18 17:24:43 INFO  Crawler:297 - [Progress 1] elaped time : 00:00:06, curSave : 0, Totalsave : 0, curErr : 0, totalErr : 0, remain_work : 2, total : 3
2018-11-18 17:24:44 ERROR Crawler:288 - [ERR URL] https://search.shopping.naver.com/search/all.nhn?frm=NVSHATC&pagingSize=80&query=%EA%B8%B0%EC%95%84
2018-11-18 17:24:44 ERROR Crawler:292 - L ERR_CONTENTS_COL : category, span.depth > a, text
2018-11-18 17:24:44 ERROR Crawler:292 - L ERR_CONTENTS_COL : category, span.depth > a, text
2018-11-18 17:24:44 ERROR Crawler:292 - L ERR_CONTENTS_COL : category, span.depth > a, text
2018-11-18 17:24:44 ERROR Crawler:292 - L ERR_CONTENTS_COL : category, span.depth > a, text
2018-11-18 17:24:44 ERROR Crawler:292 - L ERR_CONTENTS_COL : category, span.depth > a, text
2018-11-18 17:24:44 ERROR Crawler:292 - L ERR_CONTENTS_COL : category, span.depth > a, text
2018-11-18 17:24:44 ERROR Crawler:292 - L ERR_CONTENTS_COL : category, span.depth > a, text
2018-11-18 17:24:44 ERROR Crawler:292 - L ERR_CONTENTS_COL : category, span.depth > a, text
2018-11-18 17:24:44 INFO  Crawler:297 - [Progress 2] elaped time : 00:00:07, curSave : 2, Totalsave : 2, curErr : 8, totalErr : 8, remain_work : 1, total : 3
2018-11-18 17:24:44 INFO  Crawler:297 - [Progress 3] elaped time : 00:00:07, curSave : 2, Totalsave : 2, curErr : 8, totalErr : 8, remain_work : 2, total : 5
2018-11-18 17:24:45 ERROR Crawler:288 - [ERR URL] https://search.shopping.naver.com/search/all.nhn?frm=NVSHPAG&pagingSize=80&query=%EA%B8%B0%EC%95%84&origQuery=%EA%B8%B0%EC%95%84&pagingIndex=2&viewType=list&sort=rel
2018-11-18 17:24:45 ERROR Crawler:292 - L ERR_CONTENTS_COL : category, span.depth > a, text
2018-11-18 17:24:45 ERROR Crawler:292 - L ERR_CONTENTS_COL : category, span.depth > a, text
2018-11-18 17:24:45 ERROR Crawler:292 - L ERR_CONTENTS_COL : category, span.depth > a, text
2018-11-18 17:24:45 ERROR Crawler:292 - L ERR_CONTENTS_COL : category, span.depth > a, text
2018-11-18 17:24:45 ERROR Crawler:292 - L ERR_CONTENTS_COL : category, span.depth > a, text
2018-11-18 17:24:45 ERROR Crawler:292 - L ERR_CONTENTS_COL : category, span.depth > a, text
2018-11-18 17:24:45 ERROR Crawler:292 - L ERR_CONTENTS_COL : category, span.depth > a, text
2018-11-18 17:24:45 ERROR Crawler:292 - L ERR_CONTENTS_COL : category, span.depth > a, text
2018-11-18 17:24:45 INFO  Crawler:297 - [Progress 4] elaped time : 00:00:08, curSave : 3, Totalsave : 3, curErr : 16, totalErr : 16, remain_work : 1, total : 5
2018-11-18 17:24:46 INFO  Crawler:297 - [Progress 5] elaped time : 00:00:09, curSave : 3, Totalsave : 3, curErr : 16, totalErr : 16, remain_work : 2, total : 7
2018-11-18 17:24:46 ERROR Crawler:288 - [ERR URL] https://search.shopping.naver.com/search/all.nhn?frm=NVSHPAG&pagingSize=80&query=%EA%B8%B0%EC%95%84&origQuery=%EA%B8%B0%EC%95%84&pagingIndex=3&viewType=list&sort=rel
2018-11-18 17:24:46 ERROR Crawler:292 - L ERR_CONTENTS_COL : category, span.depth > a, text
2018-11-18 17:24:46 ERROR Crawler:292 - L ERR_CONTENTS_COL : category, span.depth > a, text
2018-11-18 17:24:46 ERROR Crawler:292 - L ERR_CONTENTS_COL : category, span.depth > a, text
2018-11-18 17:24:46 ERROR Crawler:292 - L ERR_CONTENTS_COL : category, span.depth > a, text
2018-11-18 17:24:46 ERROR Crawler:292 - L ERR_CONTENTS_COL : category, span.depth > a, text
2018-11-18 17:24:46 ERROR Crawler:292 - L ERR_CONTENTS_COL : category, span.depth > a, text
2018-11-18 17:24:46 ERROR Crawler:292 - L ERR_CONTENTS_COL : category, span.depth > a, text
2018-11-18 17:24:46 ERROR Crawler:292 - L ERR_CONTENTS_COL : category, span.depth > a, text
2018-11-18 17:24:46 INFO  Crawler:297 - [Progress 6] elaped time : 00:00:09, curSave : 3, Totalsave : 3, curErr : 24, totalErr : 24, remain_work : 1, total : 7
2018-11-18 17:24:47 INFO  Crawler:297 - [Progress 7] elaped time : 00:00:10, curSave : 3, Totalsave : 3, curErr : 24, totalErr : 24, remain_work : 2, total : 9
2018-11-18 17:24:48 ERROR Crawler:288 - [ERR URL] https://search.shopping.naver.com/search/all.nhn?frm=NVSHPAG&pagingSize=80&query=%EA%B8%B0%EC%95%84&origQuery=%EA%B8%B0%EC%95%84&pagingIndex=4&viewType=list&sort=rel
2018-11-18 17:24:48 ERROR Crawler:292 - L ERR_CONTENTS_COL : category, span.depth > a, text
2018-11-18 17:24:48 ERROR Crawler:292 - L ERR_CONTENTS_COL : category, span.depth > a, text
2018-11-18 17:24:48 ERROR Crawler:292 - L ERR_CONTENTS_COL : category, span.depth > a, text
2018-11-18 17:24:48 ERROR Crawler:292 - L ERR_CONTENTS_COL : category, span.depth > a, text
2018-11-18 17:24:48 ERROR Crawler:292 - L ERR_CONTENTS_COL : category, span.depth > a, text
2018-11-18 17:24:48 ERROR Crawler:292 - L ERR_CONTENTS_COL : category, span.depth > a, text
2018-11-18 17:24:48 ERROR Crawler:292 - L ERR_CONTENTS_COL : category, span.depth > a, text
2018-11-18 17:24:48 ERROR Crawler:292 - L ERR_CONTENTS_COL : category, span.depth > a, text
2018-11-18 17:24:48 INFO  Crawler:297 - [Progress 8] elaped time : 00:00:11, curSave : 3, Totalsave : 3, curErr : 32, totalErr : 32, remain_work : 1, total : 9
2018-11-18 17:24:48 INFO  Crawler:297 - [Progress 9] elaped time : 00:00:11, curSave : 3, Totalsave : 3, curErr : 32, totalErr : 32, remain_work : 2, total : 11
2018-11-18 17:24:49 ERROR Crawler:288 - [ERR URL] https://search.shopping.naver.com/search/all.nhn?frm=NVSHPAG&pagingSize=80&query=%EA%B8%B0%EC%95%84&origQuery=%EA%B8%B0%EC%95%84&pagingIndex=5&viewType=list&sort=rel
2018-11-18 17:24:49 ERROR Crawler:292 - L ERR_CONTENTS_COL : category, span.depth > a, text
2018-11-18 17:24:49 ERROR Crawler:292 - L ERR_CONTENTS_COL : category, span.depth > a, text
2018-11-18 17:24:49 ERROR Crawler:292 - L ERR_CONTENTS_COL : category, span.depth > a, text
2018-11-18 17:24:49 ERROR Crawler:292 - L ERR_CONTENTS_COL : category, span.depth > a, text
2018-11-18 17:24:49 ERROR Crawler:292 - L ERR_CONTENTS_COL : category, span.depth > a, text
2018-11-18 17:24:49 ERROR Crawler:292 - L ERR_CONTENTS_COL : category, span.depth > a, text
2018-11-18 17:24:49 ERROR Crawler:292 - L ERR_CONTENTS_COL : category, span.depth > a, text
2018-11-18 17:24:49 ERROR Crawler:292 - L ERR_CONTENTS_COL : category, span.depth > a, text
2018-11-18 17:24:49 INFO  Crawler:297 - [Progress 10] elaped time : 00:00:12, curSave : 12, Totalsave : 12, curErr : 40, totalErr : 40, remain_work : 1, total : 11
2018-11-18 17:24:50 INFO  Crawler:297 - [Progress 11] elaped time : 00:00:13, curSave : 12, Totalsave : 12, curErr : 40, totalErr : 40, remain_work : 2, total : 13
2018-11-18 17:24:50 ERROR Crawler:288 - [ERR URL] https://search.shopping.naver.com/search/all.nhn?frm=NVSHPAG&pagingSize=80&query=%EA%B8%B0%EC%95%84&origQuery=%EA%B8%B0%EC%95%84&pagingIndex=6&viewType=list&sort=rel
2018-11-18 17:24:50 ERROR Crawler:292 - L ERR_CONTENTS_COL : category, span.depth > a, text
2018-11-18 17:24:50 ERROR Crawler:292 - L ERR_CONTENTS_COL : category, span.depth > a, text
2018-11-18 17:24:50 ERROR Crawler:292 - L ERR_CONTENTS_COL : category, span.depth > a, text
2018-11-18 17:24:50 ERROR Crawler:292 - L ERR_CONTENTS_COL : category, span.depth > a, text
2018-11-18 17:24:50 ERROR Crawler:292 - L ERR_CONTENTS_COL : category, span.depth > a, text
2018-11-18 17:24:50 ERROR Crawler:292 - L ERR_CONTENTS_COL : category, span.depth > a, text
2018-11-18 17:24:50 ERROR Crawler:292 - L ERR_CONTENTS_COL : category, span.depth > a, text
2018-11-18 17:24:50 ERROR Crawler:292 - L ERR_CONTENTS_COL : category, span.depth > a, text
2018-11-18 17:24:50 INFO  Crawler:297 - [Progress 12] elaped time : 00:00:13, curSave : 12, Totalsave : 12, curErr : 48, totalErr : 48, remain_work : 1, total : 13
2018-11-18 17:24:51 INFO  Crawler:297 - [Progress 13] elaped time : 00:00:14, curSave : 12, Totalsave : 12, curErr : 48, totalErr : 48, remain_work : 2, total : 15
2018-11-18 17:24:52 ERROR Crawler:288 - [ERR URL] https://search.shopping.naver.com/search/all.nhn?frm=NVSHPAG&pagingSize=80&query=%EA%B8%B0%EC%95%84&origQuery=%EA%B8%B0%EC%95%84&pagingIndex=7&viewType=list&sort=rel
2018-11-18 17:24:52 ERROR Crawler:292 - L ERR_CONTENTS_COL : category, span.depth > a, text
2018-11-18 17:24:52 ERROR Crawler:292 - L ERR_CONTENTS_COL : category, span.depth > a, text
2018-11-18 17:24:52 ERROR Crawler:292 - L ERR_CONTENTS_COL : category, span.depth > a, text
2018-11-18 17:24:52 ERROR Crawler:292 - L ERR_CONTENTS_COL : category, span.depth > a, text
2018-11-18 17:24:52 ERROR Crawler:292 - L ERR_CONTENTS_COL : category, span.depth > a, text
2018-11-18 17:24:52 ERROR Crawler:292 - L ERR_CONTENTS_COL : category, span.depth > a, text
2018-11-18 17:24:52 ERROR Crawler:292 - L ERR_CONTENTS_COL : category, span.depth > a, text
2018-11-18 17:24:52 ERROR Crawler:292 - L ERR_CONTENTS_COL : category, span.depth > a, text
2018-11-18 17:24:52 INFO  Crawler:297 - [Progress 14] elaped time : 00:00:15, curSave : 13, Totalsave : 13, curErr : 56, totalErr : 56, remain_work : 1, total : 15
2018-11-18 17:24:52 INFO  Crawler:297 - [Progress 15] elaped time : 00:00:15, curSave : 13, Totalsave : 13, curErr : 56, totalErr : 56, remain_work : 2, total : 17
2018-11-18 17:24:53 ERROR Crawler:288 - [ERR URL] https://search.shopping.naver.com/search/all.nhn?frm=NVSHPAG&pagingSize=80&query=%EA%B8%B0%EC%95%84&origQuery=%EA%B8%B0%EC%95%84&pagingIndex=8&viewType=list&sort=rel
2018-11-18 17:24:53 ERROR Crawler:292 - L ERR_CONTENTS_COL : category, span.depth > a, text
2018-11-18 17:24:53 ERROR Crawler:292 - L ERR_CONTENTS_COL : category, span.depth > a, text
2018-11-18 17:24:53 ERROR Crawler:292 - L ERR_CONTENTS_COL : category, span.depth > a, text
2018-11-18 17:24:53 ERROR Crawler:292 - L ERR_CONTENTS_COL : category, span.depth > a, text
2018-11-18 17:24:53 ERROR Crawler:292 - L ERR_CONTENTS_COL : category, span.depth > a, text
2018-11-18 17:24:53 ERROR Crawler:292 - L ERR_CONTENTS_COL : category, span.depth > a, text
2018-11-18 17:24:53 ERROR Crawler:292 - L ERR_CONTENTS_COL : category, span.depth > a, text
2018-11-18 17:24:53 ERROR Crawler:292 - L ERR_CONTENTS_COL : category, span.depth > a, text
2018-11-18 17:24:53 INFO  Crawler:297 - [Progress 16] elaped time : 00:00:16, curSave : 13, Totalsave : 13, curErr : 64, totalErr : 64, remain_work : 1, total : 17
2018-11-18 17:24:54 INFO  Crawler:297 - [Progress 17] elaped time : 00:00:17, curSave : 13, Totalsave : 13, curErr : 64, totalErr : 64, remain_work : 2, total : 19
2018-11-18 17:24:54 ERROR Crawler:288 - [ERR URL] https://search.shopping.naver.com/search/all.nhn?frm=NVSHPAG&pagingSize=80&query=%EA%B8%B0%EC%95%84&origQuery=%EA%B8%B0%EC%95%84&pagingIndex=9&viewType=list&sort=rel
2018-11-18 17:24:54 ERROR Crawler:292 - L ERR_CONTENTS_COL : category, span.depth > a, text
2018-11-18 17:24:54 ERROR Crawler:292 - L ERR_CONTENTS_COL : category, span.depth > a, text
2018-11-18 17:24:54 ERROR Crawler:292 - L ERR_CONTENTS_COL : category, span.depth > a, text
2018-11-18 17:24:54 ERROR Crawler:292 - L ERR_CONTENTS_COL : category, span.depth > a, text
2018-11-18 17:24:54 ERROR Crawler:292 - L ERR_CONTENTS_COL : category, span.depth > a, text
2018-11-18 17:24:54 ERROR Crawler:292 - L ERR_CONTENTS_COL : category, span.depth > a, text
2018-11-18 17:24:54 ERROR Crawler:292 - L ERR_CONTENTS_COL : category, span.depth > a, text
2018-11-18 17:24:54 ERROR Crawler:292 - L ERR_CONTENTS_COL : category, span.depth > a, text
2018-11-18 17:24:54 INFO  Crawler:297 - [Progress 18] elaped time : 00:00:17, curSave : 13, Totalsave : 13, curErr : 72, totalErr : 72, remain_work : 1, total : 19
2018-11-18 17:24:55 INFO  Crawler:297 - [Progress 19] elaped time : 00:00:18, curSave : 13, Totalsave : 13, curErr : 72, totalErr : 72, remain_work : 2, total : 21
2018-11-18 17:24:55 ERROR Crawler:288 - [ERR URL] https://search.shopping.naver.com/search/all.nhn?frm=NVSHPAG&pagingSize=80&query=%EA%B8%B0%EC%95%84&origQuery=%EA%B8%B0%EC%95%84&pagingIndex=10&viewType=list&sort=rel
2018-11-18 17:24:55 ERROR Crawler:292 - L ERR_CONTENTS_COL : category, span.depth > a, text
2018-11-18 17:24:55 ERROR Crawler:292 - L ERR_CONTENTS_COL : category, span.depth > a, text
2018-11-18 17:24:55 ERROR Crawler:292 - L ERR_CONTENTS_COL : category, span.depth > a, text
2018-11-18 17:24:55 ERROR Crawler:292 - L ERR_CONTENTS_COL : category, span.depth > a, text
2018-11-18 17:24:55 ERROR Crawler:292 - L ERR_CONTENTS_COL : category, span.depth > a, text
2018-11-18 17:24:55 ERROR Crawler:292 - L ERR_CONTENTS_COL : category, span.depth > a, text
2018-11-18 17:24:55 ERROR Crawler:292 - L ERR_CONTENTS_COL : category, span.depth > a, text
2018-11-18 17:24:55 ERROR Crawler:292 - L ERR_CONTENTS_COL : category, span.depth > a, text
2018-11-18 17:24:55 INFO  Crawler:297 - [Progress 20] elaped time : 00:00:18, curSave : 13, Totalsave : 13, curErr : 80, totalErr : 80, remain_work : 1, total : 21
2018-11-18 17:24:56 INFO  Crawler:297 - [Progress 21] elaped time : 00:00:19, curSave : 13, Totalsave : 13, curErr : 80, totalErr : 80, remain_work : 2, total : 23
2018-11-18 17:24:57 ERROR Crawler:288 - [ERR URL] https://search.shopping.naver.com/search/all.nhn?frm=NVSHPAG&pagingSize=80&query=%EA%B8%B0%EC%95%84&origQuery=%EA%B8%B0%EC%95%84&pagingIndex=11&viewType=list&sort=rel
2018-11-18 17:24:57 ERROR Crawler:292 - L ERR_CONTENTS_COL : category, span.depth > a, text
2018-11-18 17:24:57 ERROR Crawler:292 - L ERR_CONTENTS_COL : category, span.depth > a, text
2018-11-18 17:24:57 ERROR Crawler:292 - L ERR_CONTENTS_COL : category, span.depth > a, text
2018-11-18 17:24:57 ERROR Crawler:292 - L ERR_CONTENTS_COL : category, span.depth > a, text
2018-11-18 17:24:57 ERROR Crawler:292 - L ERR_CONTENTS_COL : category, span.depth > a, text
2018-11-18 17:24:57 ERROR Crawler:292 - L ERR_CONTENTS_COL : category, span.depth > a, text
2018-11-18 17:24:57 ERROR Crawler:292 - L ERR_CONTENTS_COL : category, span.depth > a, text
2018-11-18 17:24:57 ERROR Crawler:292 - L ERR_CONTENTS_COL : category, span.depth > a, text
2018-11-18 17:24:57 INFO  Crawler:297 - [Progress 22] elaped time : 00:00:20, curSave : 13, Totalsave : 13, curErr : 88, totalErr : 88, remain_work : 1, total : 23
2018-11-18 17:24:57 INFO  Crawler:297 - [Progress 23] elaped time : 00:00:20, curSave : 13, Totalsave : 13, curErr : 88, totalErr : 88, remain_work : 2, total : 25
2018-11-18 17:24:58 ERROR Crawler:288 - [ERR URL] https://search.shopping.naver.com/search/all.nhn?frm=NVSHPAG&pagingSize=80&query=%EA%B8%B0%EC%95%84&origQuery=%EA%B8%B0%EC%95%84&pagingIndex=12&viewType=list&sort=rel
2018-11-18 17:24:58 ERROR Crawler:292 - L ERR_CONTENTS_COL : category, span.depth > a, text
2018-11-18 17:24:58 ERROR Crawler:292 - L ERR_CONTENTS_COL : category, span.depth > a, text
2018-11-18 17:24:58 ERROR Crawler:292 - L ERR_CONTENTS_COL : category, span.depth > a, text
2018-11-18 17:24:58 ERROR Crawler:292 - L ERR_CONTENTS_COL : category, span.depth > a, text
2018-11-18 17:24:58 ERROR Crawler:292 - L ERR_CONTENTS_COL : category, span.depth > a, text
2018-11-18 17:24:58 ERROR Crawler:292 - L ERR_CONTENTS_COL : category, span.depth > a, text
2018-11-18 17:24:58 ERROR Crawler:292 - L ERR_CONTENTS_COL : category, span.depth > a, text
2018-11-18 17:24:58 ERROR Crawler:292 - L ERR_CONTENTS_COL : category, span.depth > a, text
2018-11-18 17:24:58 INFO  Crawler:297 - [Progress 24] elaped time : 00:00:21, curSave : 15, Totalsave : 15, curErr : 96, totalErr : 96, remain_work : 1, total : 25
2018-11-18 17:24:59 INFO  Crawler:297 - [Progress 25] elaped time : 00:00:22, curSave : 15, Totalsave : 15, curErr : 96, totalErr : 96, remain_work : 2, total : 27
2018-11-18 17:24:59 ERROR Crawler:288 - [ERR URL] https://search.shopping.naver.com/search/all.nhn?frm=NVSHPAG&pagingSize=80&query=%EA%B8%B0%EC%95%84&origQuery=%EA%B8%B0%EC%95%84&pagingIndex=13&viewType=list&sort=rel
2018-11-18 17:24:59 ERROR Crawler:292 - L ERR_CONTENTS_COL : category, span.depth > a, text
2018-11-18 17:24:59 ERROR Crawler:292 - L ERR_CONTENTS_COL : category, span.depth > a, text
2018-11-18 17:24:59 ERROR Crawler:292 - L ERR_CONTENTS_COL : category, span.depth > a, text
2018-11-18 17:24:59 ERROR Crawler:292 - L ERR_CONTENTS_COL : category, span.depth > a, text
2018-11-18 17:24:59 ERROR Crawler:292 - L ERR_CONTENTS_COL : category, span.depth > a, text
2018-11-18 17:24:59 ERROR Crawler:292 - L ERR_CONTENTS_COL : category, span.depth > a, text
2018-11-18 17:24:59 ERROR Crawler:292 - L ERR_CONTENTS_COL : category, span.depth > a, text
2018-11-18 17:24:59 ERROR Crawler:292 - L ERR_CONTENTS_COL : category, span.depth > a, text
2018-11-18 17:24:59 INFO  Crawler:297 - [Progress 26] elaped time : 00:00:22, curSave : 17, Totalsave : 17, curErr : 104, totalErr : 104, remain_work : 1, total : 27
2018-11-18 17:25:00 INFO  Crawler:297 - [Progress 27] elaped time : 00:00:23, curSave : 17, Totalsave : 17, curErr : 104, totalErr : 104, remain_work : 2, total : 29
2018-11-18 17:25:01 ERROR Crawler:288 - [ERR URL] https://search.shopping.naver.com/search/all.nhn?frm=NVSHPAG&pagingSize=80&query=%EA%B8%B0%EC%95%84&origQuery=%EA%B8%B0%EC%95%84&pagingIndex=14&viewType=list&sort=rel
2018-11-18 17:25:01 ERROR Crawler:292 - L ERR_CONTENTS_COL : category, span.depth > a, text
2018-11-18 17:25:01 ERROR Crawler:292 - L ERR_CONTENTS_COL : category, span.depth > a, text
2018-11-18 17:25:01 ERROR Crawler:292 - L ERR_CONTENTS_COL : category, span.depth > a, text
2018-11-18 17:25:01 ERROR Crawler:292 - L ERR_CONTENTS_COL : category, span.depth > a, text
2018-11-18 17:25:01 ERROR Crawler:292 - L ERR_CONTENTS_COL : category, span.depth > a, text
2018-11-18 17:25:01 ERROR Crawler:292 - L ERR_CONTENTS_COL : category, span.depth > a, text
2018-11-18 17:25:01 ERROR Crawler:292 - L ERR_CONTENTS_COL : category, span.depth > a, text
2018-11-18 17:25:01 ERROR Crawler:292 - L ERR_CONTENTS_COL : category, span.depth > a, text
2018-11-18 17:25:01 INFO  Crawler:297 - [Progress 28] elaped time : 00:00:24, curSave : 17, Totalsave : 17, curErr : 112, totalErr : 112, remain_work : 1, total : 29
2018-11-18 17:25:01 INFO  Crawler:297 - [Progress 29] elaped time : 00:00:24, curSave : 17, Totalsave : 17, curErr : 112, totalErr : 112, remain_work : 2, total : 31
2018-11-18 17:25:02 ERROR Crawler:288 - [ERR URL] https://search.shopping.naver.com/search/all.nhn?frm=NVSHPAG&pagingSize=80&query=%EA%B8%B0%EC%95%84&origQuery=%EA%B8%B0%EC%95%84&pagingIndex=15&viewType=list&sort=rel
2018-11-18 17:25:02 ERROR Crawler:292 - L ERR_CONTENTS_COL : category, span.depth > a, text
2018-11-18 17:25:02 ERROR Crawler:292 - L ERR_CONTENTS_COL : category, span.depth > a, text
2018-11-18 17:25:02 ERROR Crawler:292 - L ERR_CONTENTS_COL : category, span.depth > a, text
2018-11-18 17:25:02 ERROR Crawler:292 - L ERR_CONTENTS_COL : category, span.depth > a, text
2018-11-18 17:25:02 ERROR Crawler:292 - L ERR_CONTENTS_COL : category, span.depth > a, text
2018-11-18 17:25:02 ERROR Crawler:292 - L ERR_CONTENTS_COL : category, span.depth > a, text
2018-11-18 17:25:02 ERROR Crawler:292 - L ERR_CONTENTS_COL : category, span.depth > a, text
2018-11-18 17:25:02 ERROR Crawler:292 - L ERR_CONTENTS_COL : category, span.depth > a, text
2018-11-18 17:25:02 INFO  Crawler:297 - [Progress 30] elaped time : 00:00:25, curSave : 19, Totalsave : 19, curErr : 120, totalErr : 120, remain_work : 1, total : 31
2018-11-18 17:25:03 INFO  Crawler:297 - [Progress 31] elaped time : 00:00:26, curSave : 19, Totalsave : 19, curErr : 120, totalErr : 120, remain_work : 2, total : 33
2018-11-18 17:25:03 ERROR Crawler:288 - [ERR URL] https://search.shopping.naver.com/search/all.nhn?frm=NVSHPAG&pagingSize=80&query=%EA%B8%B0%EC%95%84&origQuery=%EA%B8%B0%EC%95%84&pagingIndex=16&viewType=list&sort=rel
2018-11-18 17:25:03 ERROR Crawler:292 - L ERR_CONTENTS_COL : category, span.depth > a, text
2018-11-18 17:25:03 ERROR Crawler:292 - L ERR_CONTENTS_COL : category, span.depth > a, text
2018-11-18 17:25:03 ERROR Crawler:292 - L ERR_CONTENTS_COL : category, span.depth > a, text
2018-11-18 17:25:03 ERROR Crawler:292 - L ERR_CONTENTS_COL : category, span.depth > a, text
2018-11-18 17:25:03 ERROR Crawler:292 - L ERR_CONTENTS_COL : category, span.depth > a, text
2018-11-18 17:25:03 ERROR Crawler:292 - L ERR_CONTENTS_COL : category, span.depth > a, text
2018-11-18 17:25:03 ERROR Crawler:292 - L ERR_CONTENTS_COL : category, span.depth > a, text
2018-11-18 17:25:03 ERROR Crawler:292 - L ERR_CONTENTS_COL : category, span.depth > a, text
2018-11-18 17:25:03 INFO  Crawler:297 - [Progress 32] elaped time : 00:00:26, curSave : 19, Totalsave : 19, curErr : 128, totalErr : 128, remain_work : 1, total : 33
2018-11-18 17:25:04 INFO  Crawler:297 - [Progress 33] elaped time : 00:00:27, curSave : 19, Totalsave : 19, curErr : 128, totalErr : 128, remain_work : 2, total : 35
2018-11-18 17:25:04 ERROR Crawler:288 - [ERR URL] https://search.shopping.naver.com/search/all.nhn?frm=NVSHPAG&pagingSize=80&query=%EA%B8%B0%EC%95%84&origQuery=%EA%B8%B0%EC%95%84&pagingIndex=17&viewType=list&sort=rel
2018-11-18 17:25:04 ERROR Crawler:292 - L ERR_CONTENTS_COL : category, span.depth > a, text
2018-11-18 17:25:04 ERROR Crawler:292 - L ERR_CONTENTS_COL : category, span.depth > a, text
2018-11-18 17:25:04 ERROR Crawler:292 - L ERR_CONTENTS_COL : category, span.depth > a, text
2018-11-18 17:25:04 ERROR Crawler:292 - L ERR_CONTENTS_COL : category, span.depth > a, text
2018-11-18 17:25:04 ERROR Crawler:292 - L ERR_CONTENTS_COL : category, span.depth > a, text
2018-11-18 17:25:04 ERROR Crawler:292 - L ERR_CONTENTS_COL : category, span.depth > a, text
2018-11-18 17:25:04 ERROR Crawler:292 - L ERR_CONTENTS_COL : category, span.depth > a, text
2018-11-18 17:25:04 ERROR Crawler:292 - L ERR_CONTENTS_COL : category, span.depth > a, text
2018-11-18 17:25:04 INFO  Crawler:297 - [Progress 34] elaped time : 00:00:28, curSave : 20, Totalsave : 20, curErr : 136, totalErr : 136, remain_work : 1, total : 35
2018-11-18 17:25:05 INFO  Crawler:297 - [Progress 35] elaped time : 00:00:28, curSave : 20, Totalsave : 20, curErr : 136, totalErr : 136, remain_work : 2, total : 37
2018-11-18 17:25:06 ERROR Crawler:288 - [ERR URL] https://search.shopping.naver.com/search/all.nhn?frm=NVSHPAG&pagingSize=80&query=%EA%B8%B0%EC%95%84&origQuery=%EA%B8%B0%EC%95%84&pagingIndex=18&viewType=list&sort=rel
2018-11-18 17:25:06 ERROR Crawler:292 - L ERR_CONTENTS_COL : category, span.depth > a, text
2018-11-18 17:25:06 ERROR Crawler:292 - L ERR_CONTENTS_COL : category, span.depth > a, text
2018-11-18 17:25:06 ERROR Crawler:292 - L ERR_CONTENTS_COL : category, span.depth > a, text
2018-11-18 17:25:06 ERROR Crawler:292 - L ERR_CONTENTS_COL : category, span.depth > a, text
2018-11-18 17:25:06 ERROR Crawler:292 - L ERR_CONTENTS_COL : category, span.depth > a, text
2018-11-18 17:25:06 ERROR Crawler:292 - L ERR_CONTENTS_COL : category, span.depth > a, text
2018-11-18 17:25:06 ERROR Crawler:292 - L ERR_CONTENTS_COL : category, span.depth > a, text
2018-11-18 17:25:06 ERROR Crawler:292 - L ERR_CONTENTS_COL : category, span.depth > a, text
2018-11-18 17:25:06 INFO  Crawler:297 - [Progress 36] elaped time : 00:00:29, curSave : 20, Totalsave : 20, curErr : 144, totalErr : 144, remain_work : 1, total : 37
2018-11-18 17:25:06 INFO  Crawler:297 - [Progress 37] elaped time : 00:00:29, curSave : 20, Totalsave : 20, curErr : 144, totalErr : 144, remain_work : 2, total : 39
2018-11-18 17:25:07 ERROR Crawler:288 - [ERR URL] https://search.shopping.naver.com/search/all.nhn?frm=NVSHPAG&pagingSize=80&query=%EA%B8%B0%EC%95%84&origQuery=%EA%B8%B0%EC%95%84&pagingIndex=19&viewType=list&sort=rel
2018-11-18 17:25:07 ERROR Crawler:292 - L ERR_CONTENTS_COL : category, span.depth > a, text
2018-11-18 17:25:07 ERROR Crawler:292 - L ERR_CONTENTS_COL : category, span.depth > a, text
2018-11-18 17:25:07 ERROR Crawler:292 - L ERR_CONTENTS_COL : category, span.depth > a, text
2018-11-18 17:25:07 ERROR Crawler:292 - L ERR_CONTENTS_COL : category, span.depth > a, text
2018-11-18 17:25:07 ERROR Crawler:292 - L ERR_CONTENTS_COL : category, span.depth > a, text
2018-11-18 17:25:07 ERROR Crawler:292 - L ERR_CONTENTS_COL : category, span.depth > a, text
2018-11-18 17:25:07 ERROR Crawler:292 - L ERR_CONTENTS_COL : category, span.depth > a, text
2018-11-18 17:25:07 ERROR Crawler:292 - L ERR_CONTENTS_COL : category, span.depth > a, text
2018-11-18 17:25:07 INFO  Crawler:297 - [Progress 38] elaped time : 00:00:30, curSave : 21, Totalsave : 21, curErr : 152, totalErr : 152, remain_work : 1, total : 39
2018-11-18 17:25:08 INFO  Crawler:297 - [Progress 39] elaped time : 00:00:31, curSave : 21, Totalsave : 21, curErr : 152, totalErr : 152, remain_work : 2, total : 41
2018-11-18 17:25:08 ERROR Crawler:288 - [ERR URL] https://search.shopping.naver.com/search/all.nhn?frm=NVSHPAG&pagingSize=80&query=%EA%B8%B0%EC%95%84&origQuery=%EA%B8%B0%EC%95%84&pagingIndex=20&viewType=list&sort=rel
2018-11-18 17:25:08 ERROR Crawler:292 - L ERR_CONTENTS_COL : category, span.depth > a, text
2018-11-18 17:25:08 ERROR Crawler:292 - L ERR_CONTENTS_COL : category, span.depth > a, text
2018-11-18 17:25:08 ERROR Crawler:292 - L ERR_CONTENTS_COL : category, span.depth > a, text
2018-11-18 17:25:08 ERROR Crawler:292 - L ERR_CONTENTS_COL : category, span.depth > a, text
2018-11-18 17:25:08 ERROR Crawler:292 - L ERR_CONTENTS_COL : category, span.depth > a, text
2018-11-18 17:25:08 ERROR Crawler:292 - L ERR_CONTENTS_COL : category, span.depth > a, text
2018-11-18 17:25:08 ERROR Crawler:292 - L ERR_CONTENTS_COL : category, span.depth > a, text
2018-11-18 17:25:08 ERROR Crawler:292 - L ERR_CONTENTS_COL : category, span.depth > a, text
2018-11-18 17:25:08 INFO  Crawler:297 - [Progress 40] elaped time : 00:00:31, curSave : 21, Totalsave : 21, curErr : 160, totalErr : 160, remain_work : 1, total : 41
2018-11-18 17:25:09 INFO  Crawler:297 - [Progress 41] elaped time : 00:00:32, curSave : 21, Totalsave : 21, curErr : 160, totalErr : 160, remain_work : 2, total : 43
2018-11-18 17:25:10 ERROR Crawler:288 - [ERR URL] https://search.shopping.naver.com/search/all.nhn?frm=NVSHPAG&pagingSize=80&query=%EA%B8%B0%EC%95%84&origQuery=%EA%B8%B0%EC%95%84&pagingIndex=21&viewType=list&sort=rel
2018-11-18 17:25:10 ERROR Crawler:292 - L ERR_CONTENTS_COL : category, span.depth > a, text
2018-11-18 17:25:10 ERROR Crawler:292 - L ERR_CONTENTS_COL : category, span.depth > a, text
2018-11-18 17:25:10 ERROR Crawler:292 - L ERR_CONTENTS_COL : category, span.depth > a, text
2018-11-18 17:25:10 ERROR Crawler:292 - L ERR_CONTENTS_COL : category, span.depth > a, text
2018-11-18 17:25:10 ERROR Crawler:292 - L ERR_CONTENTS_COL : category, span.depth > a, text
2018-11-18 17:25:10 ERROR Crawler:292 - L ERR_CONTENTS_COL : category, span.depth > a, text
2018-11-18 17:25:10 ERROR Crawler:292 - L ERR_CONTENTS_COL : category, span.depth > a, text
2018-11-18 17:25:10 ERROR Crawler:292 - L ERR_CONTENTS_COL : category, span.depth > a, text
2018-11-18 17:25:10 INFO  Crawler:297 - [Progress 42] elaped time : 00:00:33, curSave : 21, Totalsave : 21, curErr : 168, totalErr : 168, remain_work : 1, total : 43
2018-11-18 17:25:10 INFO  Crawler:297 - [Progress 43] elaped time : 00:00:33, curSave : 21, Totalsave : 21, curErr : 168, totalErr : 168, remain_work : 2, total : 45
2018-11-18 17:25:11 ERROR Crawler:288 - [ERR URL] https://search.shopping.naver.com/search/all.nhn?frm=NVSHPAG&pagingSize=80&query=%EA%B8%B0%EC%95%84&origQuery=%EA%B8%B0%EC%95%84&pagingIndex=22&viewType=list&sort=rel
2018-11-18 17:25:11 ERROR Crawler:292 - L ERR_CONTENTS_COL : category, span.depth > a, text
2018-11-18 17:25:11 ERROR Crawler:292 - L ERR_CONTENTS_COL : category, span.depth > a, text
2018-11-18 17:25:11 ERROR Crawler:292 - L ERR_CONTENTS_COL : category, span.depth > a, text
2018-11-18 17:25:11 ERROR Crawler:292 - L ERR_CONTENTS_COL : category, span.depth > a, text
2018-11-18 17:25:11 ERROR Crawler:292 - L ERR_CONTENTS_COL : category, span.depth > a, text
2018-11-18 17:25:11 ERROR Crawler:292 - L ERR_CONTENTS_COL : category, span.depth > a, text
2018-11-18 17:25:11 ERROR Crawler:292 - L ERR_CONTENTS_COL : category, span.depth > a, text
2018-11-18 17:25:11 ERROR Crawler:292 - L ERR_CONTENTS_COL : category, span.depth > a, text
2018-11-18 17:25:11 INFO  Crawler:297 - [Progress 44] elaped time : 00:00:34, curSave : 22, Totalsave : 22, curErr : 176, totalErr : 176, remain_work : 1, total : 45
2018-11-18 17:25:12 INFO  Crawler:297 - [Progress 45] elaped time : 00:00:35, curSave : 22, Totalsave : 22, curErr : 176, totalErr : 176, remain_work : 2, total : 47
2018-11-18 17:25:12 ERROR Crawler:288 - [ERR URL] https://search.shopping.naver.com/search/all.nhn?frm=NVSHPAG&pagingSize=80&query=%EA%B8%B0%EC%95%84&origQuery=%EA%B8%B0%EC%95%84&pagingIndex=23&viewType=list&sort=rel
2018-11-18 17:25:12 ERROR Crawler:292 - L ERR_CONTENTS_COL : category, span.depth > a, text
2018-11-18 17:25:12 ERROR Crawler:292 - L ERR_CONTENTS_COL : category, span.depth > a, text
2018-11-18 17:25:12 ERROR Crawler:292 - L ERR_CONTENTS_COL : category, span.depth > a, text
2018-11-18 17:25:12 ERROR Crawler:292 - L ERR_CONTENTS_COL : category, span.depth > a, text
2018-11-18 17:25:12 ERROR Crawler:292 - L ERR_CONTENTS_COL : category, span.depth > a, text
2018-11-18 17:25:12 ERROR Crawler:292 - L ERR_CONTENTS_COL : category, span.depth > a, text
2018-11-18 17:25:12 ERROR Crawler:292 - L ERR_CONTENTS_COL : category, span.depth > a, text
2018-11-18 17:25:12 ERROR Crawler:292 - L ERR_CONTENTS_COL : category, span.depth > a, text
2018-11-18 17:25:12 INFO  Crawler:297 - [Progress 46] elaped time : 00:00:35, curSave : 22, Totalsave : 22, curErr : 184, totalErr : 184, remain_work : 1, total : 47
2018-11-18 17:25:13 INFO  Crawler:297 - [Progress 47] elaped time : 00:00:36, curSave : 22, Totalsave : 22, curErr : 184, totalErr : 184, remain_work : 2, total : 49
2018-11-18 17:25:13 ERROR Crawler:288 - [ERR URL] https://search.shopping.naver.com/search/all.nhn?frm=NVSHPAG&pagingSize=80&query=%EA%B8%B0%EC%95%84&origQuery=%EA%B8%B0%EC%95%84&pagingIndex=24&viewType=list&sort=rel
2018-11-18 17:25:13 ERROR Crawler:292 - L ERR_CONTENTS_COL : category, span.depth > a, text
2018-11-18 17:25:13 ERROR Crawler:292 - L ERR_CONTENTS_COL : category, span.depth > a, text
2018-11-18 17:25:13 ERROR Crawler:292 - L ERR_CONTENTS_COL : category, span.depth > a, text
2018-11-18 17:25:13 ERROR Crawler:292 - L ERR_CONTENTS_COL : category, span.depth > a, text
2018-11-18 17:25:13 ERROR Crawler:292 - L ERR_CONTENTS_COL : category, span.depth > a, text
2018-11-18 17:25:13 ERROR Crawler:292 - L ERR_CONTENTS_COL : category, span.depth > a, text
2018-11-18 17:25:13 ERROR Crawler:292 - L ERR_CONTENTS_COL : category, span.depth > a, text
2018-11-18 17:25:13 ERROR Crawler:292 - L ERR_CONTENTS_COL : category, span.depth > a, text
2018-11-18 17:25:13 INFO  Crawler:297 - [Progress 48] elaped time : 00:00:36, curSave : 23, Totalsave : 23, curErr : 192, totalErr : 192, remain_work : 1, total : 49
2018-11-18 17:25:14 INFO  Crawler:297 - [Progress 49] elaped time : 00:00:37, curSave : 23, Totalsave : 23, curErr : 192, totalErr : 192, remain_work : 2, total : 51
2018-11-18 17:25:15 ERROR Crawler:288 - [ERR URL] https://search.shopping.naver.com/search/all.nhn?frm=NVSHPAG&pagingSize=80&query=%EA%B8%B0%EC%95%84&origQuery=%EA%B8%B0%EC%95%84&pagingIndex=25&viewType=list&sort=rel
2018-11-18 17:25:15 ERROR Crawler:292 - L ERR_CONTENTS_COL : category, span.depth > a, text
2018-11-18 17:25:15 ERROR Crawler:292 - L ERR_CONTENTS_COL : category, span.depth > a, text
2018-11-18 17:25:15 ERROR Crawler:292 - L ERR_CONTENTS_COL : category, span.depth > a, text
2018-11-18 17:25:15 ERROR Crawler:292 - L ERR_CONTENTS_COL : category, span.depth > a, text
2018-11-18 17:25:15 ERROR Crawler:292 - L ERR_CONTENTS_COL : category, span.depth > a, text
2018-11-18 17:25:15 ERROR Crawler:292 - L ERR_CONTENTS_COL : category, span.depth > a, text
2018-11-18 17:25:15 ERROR Crawler:292 - L ERR_CONTENTS_COL : category, span.depth > a, text
2018-11-18 17:25:15 ERROR Crawler:292 - L ERR_CONTENTS_COL : category, span.depth > a, text
2018-11-18 17:25:15 INFO  Crawler:297 - [Progress 50] elaped time : 00:00:38, curSave : 25, Totalsave : 25, curErr : 200, totalErr : 200, remain_work : 1, total : 51
2018-11-18 17:25:15 INFO  Crawler:297 - [Progress 51] elaped time : 00:00:38, curSave : 25, Totalsave : 25, curErr : 200, totalErr : 200, remain_work : 2, total : 53
2018-11-18 17:25:16 ERROR Crawler:288 - [ERR URL] https://search.shopping.naver.com/search/all.nhn?frm=NVSHPAG&pagingSize=80&query=%EA%B8%B0%EC%95%84&origQuery=%EA%B8%B0%EC%95%84&pagingIndex=26&viewType=list&sort=rel
2018-11-18 17:25:16 ERROR Crawler:292 - L ERR_CONTENTS_COL : category, span.depth > a, text
2018-11-18 17:25:16 ERROR Crawler:292 - L ERR_CONTENTS_COL : category, span.depth > a, text
2018-11-18 17:25:16 ERROR Crawler:292 - L ERR_CONTENTS_COL : category, span.depth > a, text
2018-11-18 17:25:16 ERROR Crawler:292 - L ERR_CONTENTS_COL : category, span.depth > a, text
2018-11-18 17:25:16 ERROR Crawler:292 - L ERR_CONTENTS_COL : category, span.depth > a, text
2018-11-18 17:25:16 ERROR Crawler:292 - L ERR_CONTENTS_COL : category, span.depth > a, text
2018-11-18 17:25:16 ERROR Crawler:292 - L ERR_CONTENTS_COL : category, span.depth > a, text
2018-11-18 17:25:16 ERROR Crawler:292 - L ERR_CONTENTS_COL : category, span.depth > a, text
2018-11-18 17:25:16 INFO  Crawler:297 - [Progress 52] elaped time : 00:00:39, curSave : 25, Totalsave : 25, curErr : 208, totalErr : 208, remain_work : 1, total : 53
2018-11-18 17:25:17 INFO  Crawler:297 - [Progress 53] elaped time : 00:00:40, curSave : 25, Totalsave : 25, curErr : 208, totalErr : 208, remain_work : 2, total : 55
2018-11-18 17:25:17 ERROR Crawler:288 - [ERR URL] https://search.shopping.naver.com/search/all.nhn?frm=NVSHPAG&pagingSize=80&query=%EA%B8%B0%EC%95%84&origQuery=%EA%B8%B0%EC%95%84&pagingIndex=27&viewType=list&sort=rel
2018-11-18 17:25:17 ERROR Crawler:292 - L ERR_CONTENTS_COL : category, span.depth > a, text
2018-11-18 17:25:17 ERROR Crawler:292 - L ERR_CONTENTS_COL : category, span.depth > a, text
2018-11-18 17:25:17 ERROR Crawler:292 - L ERR_CONTENTS_COL : category, span.depth > a, text
2018-11-18 17:25:17 ERROR Crawler:292 - L ERR_CONTENTS_COL : category, span.depth > a, text
2018-11-18 17:25:17 ERROR Crawler:292 - L ERR_CONTENTS_COL : category, span.depth > a, text
2018-11-18 17:25:17 ERROR Crawler:292 - L ERR_CONTENTS_COL : category, span.depth > a, text
2018-11-18 17:25:17 ERROR Crawler:292 - L ERR_CONTENTS_COL : category, span.depth > a, text
2018-11-18 17:25:17 ERROR Crawler:292 - L ERR_CONTENTS_COL : category, span.depth > a, text
2018-11-18 17:25:17 INFO  Crawler:297 - [Progress 54] elaped time : 00:00:40, curSave : 26, Totalsave : 26, curErr : 216, totalErr : 216, remain_work : 1, total : 55
2018-11-18 17:25:18 INFO  Crawler:297 - [Progress 55] elaped time : 00:00:41, curSave : 26, Totalsave : 26, curErr : 216, totalErr : 216, remain_work : 2, total : 57
2018-11-18 17:25:19 ERROR Crawler:288 - [ERR URL] https://search.shopping.naver.com/search/all.nhn?frm=NVSHPAG&pagingSize=80&query=%EA%B8%B0%EC%95%84&origQuery=%EA%B8%B0%EC%95%84&pagingIndex=28&viewType=list&sort=rel
2018-11-18 17:25:19 ERROR Crawler:292 - L ERR_CONTENTS_COL : category, span.depth > a, text
2018-11-18 17:25:19 ERROR Crawler:292 - L ERR_CONTENTS_COL : category, span.depth > a, text
2018-11-18 17:25:19 ERROR Crawler:292 - L ERR_CONTENTS_COL : category, span.depth > a, text
2018-11-18 17:25:19 ERROR Crawler:292 - L ERR_CONTENTS_COL : category, span.depth > a, text
2018-11-18 17:25:19 ERROR Crawler:292 - L ERR_CONTENTS_COL : category, span.depth > a, text
2018-11-18 17:25:19 ERROR Crawler:292 - L ERR_CONTENTS_COL : category, span.depth > a, text
2018-11-18 17:25:19 ERROR Crawler:292 - L ERR_CONTENTS_COL : category, span.depth > a, text
2018-11-18 17:25:19 ERROR Crawler:292 - L ERR_CONTENTS_COL : category, span.depth > a, text
2018-11-18 17:25:19 INFO  Crawler:297 - [Progress 56] elaped time : 00:00:42, curSave : 27, Totalsave : 27, curErr : 224, totalErr : 224, remain_work : 1, total : 57
2018-11-18 17:25:19 INFO  Crawler:297 - [Progress 57] elaped time : 00:00:42, curSave : 27, Totalsave : 27, curErr : 224, totalErr : 224, remain_work : 2, total : 59
2018-11-18 17:25:20 ERROR Crawler:288 - [ERR URL] https://search.shopping.naver.com/search/all.nhn?frm=NVSHPAG&pagingSize=80&query=%EA%B8%B0%EC%95%84&origQuery=%EA%B8%B0%EC%95%84&pagingIndex=29&viewType=list&sort=rel
2018-11-18 17:25:20 ERROR Crawler:292 - L ERR_CONTENTS_COL : category, span.depth > a, text
2018-11-18 17:25:20 ERROR Crawler:292 - L ERR_CONTENTS_COL : category, span.depth > a, text
2018-11-18 17:25:20 ERROR Crawler:292 - L ERR_CONTENTS_COL : category, span.depth > a, text
2018-11-18 17:25:20 ERROR Crawler:292 - L ERR_CONTENTS_COL : category, span.depth > a, text
2018-11-18 17:25:20 ERROR Crawler:292 - L ERR_CONTENTS_COL : category, span.depth > a, text
2018-11-18 17:25:20 ERROR Crawler:292 - L ERR_CONTENTS_COL : category, span.depth > a, text
2018-11-18 17:25:20 ERROR Crawler:292 - L ERR_CONTENTS_COL : category, span.depth > a, text
2018-11-18 17:25:20 ERROR Crawler:292 - L ERR_CONTENTS_COL : category, span.depth > a, text
2018-11-18 17:25:20 INFO  Crawler:297 - [Progress 58] elaped time : 00:00:43, curSave : 28, Totalsave : 28, curErr : 232, totalErr : 232, remain_work : 1, total : 59
2018-11-18 17:25:21 INFO  Crawler:297 - [Progress 59] elaped time : 00:00:44, curSave : 28, Totalsave : 28, curErr : 232, totalErr : 232, remain_work : 2, total : 61
2018-11-18 17:25:21 ERROR Crawler:288 - [ERR URL] https://search.shopping.naver.com/search/all.nhn?frm=NVSHPAG&pagingSize=80&query=%EA%B8%B0%EC%95%84&origQuery=%EA%B8%B0%EC%95%84&pagingIndex=30&viewType=list&sort=rel
2018-11-18 17:25:21 ERROR Crawler:292 - L ERR_CONTENTS_COL : category, span.depth > a, text
2018-11-18 17:25:21 ERROR Crawler:292 - L ERR_CONTENTS_COL : category, span.depth > a, text
2018-11-18 17:25:21 ERROR Crawler:292 - L ERR_CONTENTS_COL : category, span.depth > a, text
2018-11-18 17:25:21 ERROR Crawler:292 - L ERR_CONTENTS_COL : category, span.depth > a, text
2018-11-18 17:25:21 ERROR Crawler:292 - L ERR_CONTENTS_COL : category, span.depth > a, text
2018-11-18 17:25:21 ERROR Crawler:292 - L ERR_CONTENTS_COL : category, span.depth > a, text
2018-11-18 17:25:21 ERROR Crawler:292 - L ERR_CONTENTS_COL : category, span.depth > a, text
2018-11-18 17:25:21 ERROR Crawler:292 - L ERR_CONTENTS_COL : category, span.depth > a, text
2018-11-18 17:25:21 INFO  Crawler:297 - [Progress 60] elaped time : 00:00:44, curSave : 29, Totalsave : 29, curErr : 240, totalErr : 240, remain_work : 1, total : 61
2018-11-18 17:25:22 INFO  Crawler:297 - [Progress 61] elaped time : 00:00:45, curSave : 29, Totalsave : 29, curErr : 240, totalErr : 240, remain_work : 2, total : 63
2018-11-18 17:25:23 ERROR Crawler:288 - [ERR URL] https://search.shopping.naver.com/search/all.nhn?frm=NVSHPAG&pagingSize=80&query=%EA%B8%B0%EC%95%84&origQuery=%EA%B8%B0%EC%95%84&pagingIndex=31&viewType=list&sort=rel
2018-11-18 17:25:23 ERROR Crawler:292 - L ERR_CONTENTS_COL : category, span.depth > a, text
2018-11-18 17:25:23 ERROR Crawler:292 - L ERR_CONTENTS_COL : category, span.depth > a, text
2018-11-18 17:25:23 ERROR Crawler:292 - L ERR_CONTENTS_COL : category, span.depth > a, text
2018-11-18 17:25:23 ERROR Crawler:292 - L ERR_CONTENTS_COL : category, span.depth > a, text
2018-11-18 17:25:23 ERROR Crawler:292 - L ERR_CONTENTS_COL : category, span.depth > a, text
2018-11-18 17:25:23 ERROR Crawler:292 - L ERR_CONTENTS_COL : category, span.depth > a, text
2018-11-18 17:25:23 ERROR Crawler:292 - L ERR_CONTENTS_COL : category, span.depth > a, text
2018-11-18 17:25:23 ERROR Crawler:292 - L ERR_CONTENTS_COL : category, span.depth > a, text
2018-11-18 17:25:23 INFO  Crawler:297 - [Progress 62] elaped time : 00:00:46, curSave : 30, Totalsave : 30, curErr : 248, totalErr : 248, remain_work : 1, total : 63
2018-11-18 17:25:23 INFO  Crawler:297 - [Progress 63] elaped time : 00:00:46, curSave : 30, Totalsave : 30, curErr : 248, totalErr : 248, remain_work : 2, total : 65
2018-11-18 17:25:24 ERROR Crawler:288 - [ERR URL] https://search.shopping.naver.com/search/all.nhn?frm=NVSHPAG&pagingSize=80&query=%EA%B8%B0%EC%95%84&origQuery=%EA%B8%B0%EC%95%84&pagingIndex=32&viewType=list&sort=rel
2018-11-18 17:25:24 ERROR Crawler:292 - L ERR_CONTENTS_COL : category, span.depth > a, text
2018-11-18 17:25:24 ERROR Crawler:292 - L ERR_CONTENTS_COL : category, span.depth > a, text
2018-11-18 17:25:24 ERROR Crawler:292 - L ERR_CONTENTS_COL : category, span.depth > a, text
2018-11-18 17:25:24 ERROR Crawler:292 - L ERR_CONTENTS_COL : category, span.depth > a, text
2018-11-18 17:25:24 ERROR Crawler:292 - L ERR_CONTENTS_COL : category, span.depth > a, text
2018-11-18 17:25:24 ERROR Crawler:292 - L ERR_CONTENTS_COL : category, span.depth > a, text
2018-11-18 17:25:24 ERROR Crawler:292 - L ERR_CONTENTS_COL : category, span.depth > a, text
2018-11-18 17:25:24 ERROR Crawler:292 - L ERR_CONTENTS_COL : category, span.depth > a, text
2018-11-18 17:25:24 INFO  Crawler:297 - [Progress 64] elaped time : 00:00:47, curSave : 31, Totalsave : 31, curErr : 256, totalErr : 256, remain_work : 1, total : 65
2018-11-18 17:25:25 INFO  Crawler:297 - [Progress 65] elaped time : 00:00:48, curSave : 31, Totalsave : 31, curErr : 256, totalErr : 256, remain_work : 2, total : 67
2018-11-18 17:25:25 ERROR Crawler:288 - [ERR URL] https://search.shopping.naver.com/search/all.nhn?frm=NVSHPAG&pagingSize=80&query=%EA%B8%B0%EC%95%84&origQuery=%EA%B8%B0%EC%95%84&pagingIndex=33&viewType=list&sort=rel
2018-11-18 17:25:25 ERROR Crawler:292 - L ERR_CONTENTS_COL : category, span.depth > a, text
2018-11-18 17:25:25 ERROR Crawler:292 - L ERR_CONTENTS_COL : category, span.depth > a, text
2018-11-18 17:25:25 ERROR Crawler:292 - L ERR_CONTENTS_COL : category, span.depth > a, text
2018-11-18 17:25:25 ERROR Crawler:292 - L ERR_CONTENTS_COL : category, span.depth > a, text
2018-11-18 17:25:25 ERROR Crawler:292 - L ERR_CONTENTS_COL : category, span.depth > a, text
2018-11-18 17:25:25 ERROR Crawler:292 - L ERR_CONTENTS_COL : category, span.depth > a, text
2018-11-18 17:25:25 ERROR Crawler:292 - L ERR_CONTENTS_COL : category, span.depth > a, text
2018-11-18 17:25:25 ERROR Crawler:292 - L ERR_CONTENTS_COL : category, span.depth > a, text
2018-11-18 17:25:25 INFO  Crawler:297 - [Progress 66] elaped time : 00:00:48, curSave : 32, Totalsave : 32, curErr : 264, totalErr : 264, remain_work : 1, total : 67
2018-11-18 17:25:26 INFO  Crawler:297 - [Progress 67] elaped time : 00:00:49, curSave : 32, Totalsave : 32, curErr : 264, totalErr : 264, remain_work : 2, total : 69
2018-11-18 17:25:27 ERROR Crawler:288 - [ERR URL] https://search.shopping.naver.com/search/all.nhn?frm=NVSHPAG&pagingSize=80&query=%EA%B8%B0%EC%95%84&origQuery=%EA%B8%B0%EC%95%84&pagingIndex=34&viewType=list&sort=rel
2018-11-18 17:25:27 ERROR Crawler:292 - L ERR_CONTENTS_COL : category, span.depth > a, text
2018-11-18 17:25:27 ERROR Crawler:292 - L ERR_CONTENTS_COL : category, span.depth > a, text
2018-11-18 17:25:27 ERROR Crawler:292 - L ERR_CONTENTS_COL : category, span.depth > a, text
2018-11-18 17:25:27 ERROR Crawler:292 - L ERR_CONTENTS_COL : category, span.depth > a, text
2018-11-18 17:25:27 ERROR Crawler:292 - L ERR_CONTENTS_COL : category, span.depth > a, text
2018-11-18 17:25:27 ERROR Crawler:292 - L ERR_CONTENTS_COL : category, span.depth > a, text
2018-11-18 17:25:27 ERROR Crawler:292 - L ERR_CONTENTS_COL : category, span.depth > a, text
2018-11-18 17:25:27 ERROR Crawler:292 - L ERR_CONTENTS_COL : category, span.depth > a, text
2018-11-18 17:25:27 INFO  Crawler:297 - [Progress 68] elaped time : 00:00:50, curSave : 32, Totalsave : 32, curErr : 272, totalErr : 272, remain_work : 1, total : 69
2018-11-18 17:25:27 INFO  Crawler:297 - [Progress 69] elaped time : 00:00:50, curSave : 32, Totalsave : 32, curErr : 272, totalErr : 272, remain_work : 2, total : 71
2018-11-18 17:25:28 ERROR Crawler:288 - [ERR URL] https://search.shopping.naver.com/search/all.nhn?frm=NVSHPAG&pagingSize=80&query=%EA%B8%B0%EC%95%84&origQuery=%EA%B8%B0%EC%95%84&pagingIndex=35&viewType=list&sort=rel
2018-11-18 17:25:28 ERROR Crawler:292 - L ERR_CONTENTS_COL : category, span.depth > a, text
2018-11-18 17:25:28 ERROR Crawler:292 - L ERR_CONTENTS_COL : category, span.depth > a, text
2018-11-18 17:25:28 ERROR Crawler:292 - L ERR_CONTENTS_COL : category, span.depth > a, text
2018-11-18 17:25:28 ERROR Crawler:292 - L ERR_CONTENTS_COL : category, span.depth > a, text
2018-11-18 17:25:28 ERROR Crawler:292 - L ERR_CONTENTS_COL : category, span.depth > a, text
2018-11-18 17:25:28 ERROR Crawler:292 - L ERR_CONTENTS_COL : category, span.depth > a, text
2018-11-18 17:25:28 ERROR Crawler:292 - L ERR_CONTENTS_COL : category, span.depth > a, text
2018-11-18 17:25:28 ERROR Crawler:292 - L ERR_CONTENTS_COL : category, span.depth > a, text
2018-11-18 17:25:28 INFO  Crawler:297 - [Progress 70] elaped time : 00:00:51, curSave : 34, Totalsave : 34, curErr : 280, totalErr : 280, remain_work : 1, total : 71
2018-11-18 17:25:29 INFO  Crawler:297 - [Progress 71] elaped time : 00:00:52, curSave : 34, Totalsave : 34, curErr : 280, totalErr : 280, remain_work : 2, total : 73
2018-11-18 17:25:29 ERROR Crawler:288 - [ERR URL] https://search.shopping.naver.com/search/all.nhn?frm=NVSHPAG&pagingSize=80&query=%EA%B8%B0%EC%95%84&origQuery=%EA%B8%B0%EC%95%84&pagingIndex=36&viewType=list&sort=rel
2018-11-18 17:25:29 ERROR Crawler:292 - L ERR_CONTENTS_COL : category, span.depth > a, text
2018-11-18 17:25:29 ERROR Crawler:292 - L ERR_CONTENTS_COL : category, span.depth > a, text
2018-11-18 17:25:29 ERROR Crawler:292 - L ERR_CONTENTS_COL : category, span.depth > a, text
2018-11-18 17:25:29 ERROR Crawler:292 - L ERR_CONTENTS_COL : category, span.depth > a, text
2018-11-18 17:25:29 ERROR Crawler:292 - L ERR_CONTENTS_COL : category, span.depth > a, text
2018-11-18 17:25:29 ERROR Crawler:292 - L ERR_CONTENTS_COL : category, span.depth > a, text
2018-11-18 17:25:29 ERROR Crawler:292 - L ERR_CONTENTS_COL : category, span.depth > a, text
2018-11-18 17:25:29 ERROR Crawler:292 - L ERR_CONTENTS_COL : category, span.depth > a, text
2018-11-18 17:25:29 INFO  Crawler:297 - [Progress 72] elaped time : 00:00:52, curSave : 36, Totalsave : 36, curErr : 288, totalErr : 288, remain_work : 1, total : 73
2018-11-18 17:25:30 INFO  Crawler:297 - [Progress 73] elaped time : 00:00:53, curSave : 36, Totalsave : 36, curErr : 288, totalErr : 288, remain_work : 2, total : 75
2018-11-18 17:25:31 ERROR Crawler:288 - [ERR URL] https://search.shopping.naver.com/search/all.nhn?frm=NVSHPAG&pagingSize=80&query=%EA%B8%B0%EC%95%84&origQuery=%EA%B8%B0%EC%95%84&pagingIndex=37&viewType=list&sort=rel
2018-11-18 17:25:31 ERROR Crawler:292 - L ERR_CONTENTS_COL : category, span.depth > a, text
2018-11-18 17:25:31 ERROR Crawler:292 - L ERR_CONTENTS_COL : category, span.depth > a, text
2018-11-18 17:25:31 ERROR Crawler:292 - L ERR_CONTENTS_COL : category, span.depth > a, text
2018-11-18 17:25:31 ERROR Crawler:292 - L ERR_CONTENTS_COL : category, span.depth > a, text
2018-11-18 17:25:31 ERROR Crawler:292 - L ERR_CONTENTS_COL : category, span.depth > a, text
2018-11-18 17:25:31 ERROR Crawler:292 - L ERR_CONTENTS_COL : category, span.depth > a, text
2018-11-18 17:25:31 ERROR Crawler:292 - L ERR_CONTENTS_COL : category, span.depth > a, text
2018-11-18 17:25:31 ERROR Crawler:292 - L ERR_CONTENTS_COL : category, span.depth > a, text
2018-11-18 17:25:31 INFO  Crawler:297 - [Progress 74] elaped time : 00:00:54, curSave : 38, Totalsave : 38, curErr : 296, totalErr : 296, remain_work : 1, total : 75
2018-11-18 17:25:31 INFO  Crawler:297 - [Progress 75] elaped time : 00:00:54, curSave : 38, Totalsave : 38, curErr : 296, totalErr : 296, remain_work : 2, total : 77
2018-11-18 17:25:32 ERROR Crawler:288 - [ERR URL] https://search.shopping.naver.com/search/all.nhn?frm=NVSHPAG&pagingSize=80&query=%EA%B8%B0%EC%95%84&origQuery=%EA%B8%B0%EC%95%84&pagingIndex=38&viewType=list&sort=rel
2018-11-18 17:25:32 ERROR Crawler:292 - L ERR_CONTENTS_COL : category, span.depth > a, text
2018-11-18 17:25:32 ERROR Crawler:292 - L ERR_CONTENTS_COL : category, span.depth > a, text
2018-11-18 17:25:32 ERROR Crawler:292 - L ERR_CONTENTS_COL : category, span.depth > a, text
2018-11-18 17:25:32 ERROR Crawler:292 - L ERR_CONTENTS_COL : category, span.depth > a, text
2018-11-18 17:25:32 ERROR Crawler:292 - L ERR_CONTENTS_COL : category, span.depth > a, text
2018-11-18 17:25:32 ERROR Crawler:292 - L ERR_CONTENTS_COL : category, span.depth > a, text
2018-11-18 17:25:32 ERROR Crawler:292 - L ERR_CONTENTS_COL : category, span.depth > a, text
2018-11-18 17:25:32 ERROR Crawler:292 - L ERR_CONTENTS_COL : category, span.depth > a, text
2018-11-18 17:25:32 INFO  Crawler:297 - [Progress 76] elaped time : 00:00:55, curSave : 38, Totalsave : 38, curErr : 304, totalErr : 304, remain_work : 1, total : 77
2018-11-18 17:25:33 INFO  Crawler:297 - [Progress 77] elaped time : 00:00:56, curSave : 38, Totalsave : 38, curErr : 304, totalErr : 304, remain_work : 2, total : 79
2018-11-18 17:25:33 ERROR Crawler:288 - [ERR URL] https://search.shopping.naver.com/search/all.nhn?frm=NVSHPAG&pagingSize=80&query=%EA%B8%B0%EC%95%84&origQuery=%EA%B8%B0%EC%95%84&pagingIndex=39&viewType=list&sort=rel
2018-11-18 17:25:33 ERROR Crawler:292 - L ERR_CONTENTS_COL : category, span.depth > a, text
2018-11-18 17:25:33 ERROR Crawler:292 - L ERR_CONTENTS_COL : category, span.depth > a, text
2018-11-18 17:25:33 ERROR Crawler:292 - L ERR_CONTENTS_COL : category, span.depth > a, text
2018-11-18 17:25:33 ERROR Crawler:292 - L ERR_CONTENTS_COL : category, span.depth > a, text
2018-11-18 17:25:33 ERROR Crawler:292 - L ERR_CONTENTS_COL : category, span.depth > a, text
2018-11-18 17:25:33 ERROR Crawler:292 - L ERR_CONTENTS_COL : category, span.depth > a, text
2018-11-18 17:25:33 ERROR Crawler:292 - L ERR_CONTENTS_COL : category, span.depth > a, text
2018-11-18 17:25:33 ERROR Crawler:292 - L ERR_CONTENTS_COL : category, span.depth > a, text
2018-11-18 17:25:33 INFO  Crawler:297 - [Progress 78] elaped time : 00:00:56, curSave : 38, Totalsave : 38, curErr : 312, totalErr : 312, remain_work : 1, total : 79
2018-11-18 17:25:34 INFO  Crawler:297 - [Progress 79] elaped time : 00:00:57, curSave : 38, Totalsave : 38, curErr : 312, totalErr : 312, remain_work : 2, total : 81
2018-11-18 17:25:34 ERROR Crawler:288 - [ERR URL] https://search.shopping.naver.com/search/all.nhn?frm=NVSHPAG&pagingSize=80&query=%EA%B8%B0%EC%95%84&origQuery=%EA%B8%B0%EC%95%84&pagingIndex=40&viewType=list&sort=rel
2018-11-18 17:25:34 ERROR Crawler:292 - L ERR_CONTENTS_COL : category, span.depth > a, text
2018-11-18 17:25:34 ERROR Crawler:292 - L ERR_CONTENTS_COL : category, span.depth > a, text
2018-11-18 17:25:34 ERROR Crawler:292 - L ERR_CONTENTS_COL : category, span.depth > a, text
2018-11-18 17:25:34 INFO  Crawler:297 - [Progress 80] elaped time : 00:00:57, curSave : 38, Totalsave : 38, curErr : 315, totalErr : 315, remain_work : 1, total : 81
2018-11-18 17:25:35 INFO  Crawler:297 - [Progress 81] elaped time : 00:00:58, curSave : 38, Totalsave : 38, curErr : 315, totalErr : 315, remain_work : 2, total : 83
2018-11-18 17:25:36 INFO  Crawler:297 - [Progress 82] elaped time : 00:00:59, curSave : 38, Totalsave : 38, curErr : 315, totalErr : 315, remain_work : 1, total : 83
2018-11-18 17:25:36 INFO  Crawler:297 - [Progress 83] elaped time : 00:00:59, curSave : 38, Totalsave : 38, curErr : 315, totalErr : 315, remain_work : 2, total : 85
2018-11-18 17:25:37 INFO  Crawler:297 - [Progress 84] elaped time : 00:01:00, curSave : 38, Totalsave : 38, curErr : 315, totalErr : 315, remain_work : 1, total : 85
2018-11-18 17:25:38 INFO  Crawler:297 - [Progress 85] elaped time : 00:01:01, curSave : 38, Totalsave : 38, curErr : 315, totalErr : 315, remain_work : 2, total : 87
2018-11-18 17:25:38 INFO  Crawler:297 - [Progress 86] elaped time : 00:01:01, curSave : 38, Totalsave : 38, curErr : 315, totalErr : 315, remain_work : 1, total : 87
2018-11-18 17:25:39 INFO  Crawler:297 - [Progress 87] elaped time : 00:01:02, curSave : 38, Totalsave : 38, curErr : 315, totalErr : 315, remain_work : 2, total : 89
2018-11-18 17:25:40 INFO  Crawler:297 - [Progress 88] elaped time : 00:01:03, curSave : 38, Totalsave : 38, curErr : 315, totalErr : 315, remain_work : 1, total : 89
2018-11-18 17:25:40 INFO  Crawler:297 - [Progress 89] elaped time : 00:01:03, curSave : 38, Totalsave : 38, curErr : 315, totalErr : 315, remain_work : 2, total : 91
2018-11-18 17:25:41 INFO  Crawler:297 - [Progress 90] elaped time : 00:01:04, curSave : 38, Totalsave : 38, curErr : 315, totalErr : 315, remain_work : 1, total : 91
2018-11-18 17:25:42 INFO  Crawler:297 - [Progress 91] elaped time : 00:01:05, curSave : 38, Totalsave : 38, curErr : 315, totalErr : 315, remain_work : 2, total : 93
2018-11-18 17:25:42 INFO  Crawler:297 - [Progress 92] elaped time : 00:01:05, curSave : 38, Totalsave : 38, curErr : 315, totalErr : 315, remain_work : 1, total : 93
2018-11-18 17:25:43 INFO  Crawler:297 - [Progress 93] elaped time : 00:01:06, curSave : 38, Totalsave : 38, curErr : 315, totalErr : 315, remain_work : 2, total : 95
2018-11-18 17:25:43 INFO  Crawler:297 - [Progress 94] elaped time : 00:01:06, curSave : 38, Totalsave : 38, curErr : 315, totalErr : 315, remain_work : 1, total : 95
2018-11-18 17:25:44 INFO  Crawler:297 - [Progress 95] elaped time : 00:01:07, curSave : 38, Totalsave : 38, curErr : 315, totalErr : 315, remain_work : 2, total : 97
2018-11-18 17:25:45 INFO  Crawler:297 - [Progress 96] elaped time : 00:01:08, curSave : 38, Totalsave : 38, curErr : 315, totalErr : 315, remain_work : 1, total : 97
2018-11-18 17:25:45 INFO  Crawler:297 - [Progress 97] elaped time : 00:01:08, curSave : 38, Totalsave : 38, curErr : 315, totalErr : 315, remain_work : 2, total : 99
2018-11-18 17:25:46 INFO  Crawler:297 - [Progress 98] elaped time : 00:01:09, curSave : 38, Totalsave : 38, curErr : 315, totalErr : 315, remain_work : 1, total : 99
2018-11-18 17:25:47 INFO  Crawler:297 - [Progress 99] elaped time : 00:01:10, curSave : 38, Totalsave : 38, curErr : 315, totalErr : 315, remain_work : 2, total : 101
2018-11-18 17:25:47 INFO  Crawler:297 - [Progress 100] elaped time : 00:01:10, curSave : 38, Totalsave : 38, curErr : 315, totalErr : 315, remain_work : 1, total : 101
2018-11-18 17:25:48 INFO  Crawler:297 - [Progress 101] elaped time : 00:01:11, curSave : 38, Totalsave : 38, curErr : 315, totalErr : 315, remain_work : 2, total : 103
2018-11-18 17:25:49 INFO  Crawler:297 - [Progress 102] elaped time : 00:01:12, curSave : 38, Totalsave : 38, curErr : 315, totalErr : 315, remain_work : 1, total : 103
2018-11-18 17:25:49 INFO  Crawler:297 - [Progress 103] elaped time : 00:01:12, curSave : 38, Totalsave : 38, curErr : 315, totalErr : 315, remain_work : 2, total : 105
2018-11-18 17:25:50 INFO  Crawler:297 - [Progress 104] elaped time : 00:01:13, curSave : 38, Totalsave : 38, curErr : 315, totalErr : 315, remain_work : 1, total : 105
2018-11-18 17:25:51 INFO  Crawler:297 - [Progress 105] elaped time : 00:01:14, curSave : 38, Totalsave : 38, curErr : 315, totalErr : 315, remain_work : 2, total : 107
2018-11-18 17:25:51 INFO  Crawler:297 - [Progress 106] elaped time : 00:01:14, curSave : 38, Totalsave : 38, curErr : 315, totalErr : 315, remain_work : 1, total : 107
2018-11-18 17:25:52 INFO  Crawler:297 - [Progress 107] elaped time : 00:01:15, curSave : 38, Totalsave : 38, curErr : 315, totalErr : 315, remain_work : 2, total : 109
2018-11-18 17:25:52 INFO  Crawler:297 - [Progress 108] elaped time : 00:01:15, curSave : 38, Totalsave : 38, curErr : 315, totalErr : 315, remain_work : 1, total : 109
2018-11-18 17:25:53 INFO  Crawler:297 - [Progress 109] elaped time : 00:01:16, curSave : 38, Totalsave : 38, curErr : 315, totalErr : 315, remain_work : 2, total : 111
2018-11-18 17:25:54 INFO  Crawler:297 - [Progress 110] elaped time : 00:01:17, curSave : 38, Totalsave : 38, curErr : 315, totalErr : 315, remain_work : 1, total : 111
2018-11-18 17:25:54 INFO  Crawler:297 - [Progress 111] elaped time : 00:01:18, curSave : 38, Totalsave : 38, curErr : 315, totalErr : 315, remain_work : 2, total : 113
2018-11-18 17:25:55 INFO  Crawler:297 - [Progress 112] elaped time : 00:01:18, curSave : 38, Totalsave : 38, curErr : 315, totalErr : 315, remain_work : 1, total : 113
2018-11-18 17:25:56 INFO  Crawler:297 - [Progress 113] elaped time : 00:01:19, curSave : 38, Totalsave : 38, curErr : 315, totalErr : 315, remain_work : 2, total : 115
2018-11-18 17:25:56 INFO  Crawler:297 - [Progress 114] elaped time : 00:01:19, curSave : 38, Totalsave : 38, curErr : 315, totalErr : 315, remain_work : 1, total : 115
2018-11-18 17:25:57 INFO  Crawler:297 - [Progress 115] elaped time : 00:01:20, curSave : 38, Totalsave : 38, curErr : 315, totalErr : 315, remain_work : 2, total : 117
2018-11-18 17:25:58 INFO  Crawler:297 - [Progress 116] elaped time : 00:01:21, curSave : 38, Totalsave : 38, curErr : 315, totalErr : 315, remain_work : 1, total : 117
2018-11-18 17:25:58 INFO  Crawler:297 - [Progress 117] elaped time : 00:01:21, curSave : 38, Totalsave : 38, curErr : 315, totalErr : 315, remain_work : 2, total : 119
2018-11-18 17:25:59 INFO  Crawler:297 - [Progress 118] elaped time : 00:01:22, curSave : 38, Totalsave : 38, curErr : 315, totalErr : 315, remain_work : 1, total : 119
2018-11-18 17:26:00 INFO  Crawler:297 - [Progress 119] elaped time : 00:01:23, curSave : 38, Totalsave : 38, curErr : 315, totalErr : 315, remain_work : 2, total : 121
2018-11-18 17:26:00 INFO  Crawler:297 - [Progress 120] elaped time : 00:01:23, curSave : 38, Totalsave : 38, curErr : 315, totalErr : 315, remain_work : 1, total : 121
2018-11-18 17:26:01 INFO  Crawler:297 - [Progress 121] elaped time : 00:01:24, curSave : 38, Totalsave : 38, curErr : 315, totalErr : 315, remain_work : 2, total : 123
2018-11-18 17:26:02 INFO  Crawler:297 - [Progress 122] elaped time : 00:01:25, curSave : 38, Totalsave : 38, curErr : 315, totalErr : 315, remain_work : 1, total : 123
2018-11-18 17:26:02 INFO  Crawler:297 - [Progress 123] elaped time : 00:01:25, curSave : 38, Totalsave : 38, curErr : 315, totalErr : 315, remain_work : 2, total : 125
2018-11-18 17:26:03 INFO  Crawler:297 - [Progress 124] elaped time : 00:01:26, curSave : 38, Totalsave : 38, curErr : 315, totalErr : 315, remain_work : 1, total : 125
2018-11-18 17:26:04 INFO  Crawler:297 - [Progress 125] elaped time : 00:01:27, curSave : 38, Totalsave : 38, curErr : 315, totalErr : 315, remain_work : 2, total : 127
2018-11-18 17:26:04 INFO  Crawler:297 - [Progress 126] elaped time : 00:01:27, curSave : 38, Totalsave : 38, curErr : 315, totalErr : 315, remain_work : 1, total : 127
2018-11-18 17:26:05 INFO  Crawler:297 - [Progress 127] elaped time : 00:01:28, curSave : 38, Totalsave : 38, curErr : 315, totalErr : 315, remain_work : 2, total : 129
2018-11-18 17:26:05 INFO  Crawler:297 - [Progress 128] elaped time : 00:01:29, curSave : 38, Totalsave : 38, curErr : 315, totalErr : 315, remain_work : 1, total : 129
2018-11-18 17:26:06 INFO  Crawler:297 - [Progress 129] elaped time : 00:01:29, curSave : 38, Totalsave : 38, curErr : 315, totalErr : 315, remain_work : 2, total : 131
2018-11-18 17:26:07 INFO  Crawler:297 - [Progress 130] elaped time : 00:01:30, curSave : 38, Totalsave : 38, curErr : 315, totalErr : 315, remain_work : 1, total : 131
2018-11-18 17:26:07 INFO  Crawler:297 - [Progress 131] elaped time : 00:01:31, curSave : 38, Totalsave : 38, curErr : 315, totalErr : 315, remain_work : 2, total : 133
2018-11-18 17:26:08 INFO  Crawler:297 - [Progress 132] elaped time : 00:01:31, curSave : 38, Totalsave : 38, curErr : 315, totalErr : 315, remain_work : 1, total : 133
2018-11-18 17:26:09 INFO  Crawler:297 - [Progress 133] elaped time : 00:01:32, curSave : 38, Totalsave : 38, curErr : 315, totalErr : 315, remain_work : 2, total : 135
2018-11-18 17:26:09 INFO  Crawler:297 - [Progress 134] elaped time : 00:01:32, curSave : 38, Totalsave : 38, curErr : 315, totalErr : 315, remain_work : 1, total : 135
2018-11-18 17:26:10 INFO  Crawler:297 - [Progress 135] elaped time : 00:01:33, curSave : 38, Totalsave : 38, curErr : 315, totalErr : 315, remain_work : 2, total : 137
2018-11-18 17:26:11 INFO  Crawler:297 - [Progress 136] elaped time : 00:01:34, curSave : 38, Totalsave : 38, curErr : 315, totalErr : 315, remain_work : 1, total : 137
2018-11-18 17:26:11 INFO  Crawler:297 - [Progress 137] elaped time : 00:01:34, curSave : 38, Totalsave : 38, curErr : 315, totalErr : 315, remain_work : 2, total : 139
2018-11-18 17:26:12 INFO  Crawler:297 - [Progress 138] elaped time : 00:01:35, curSave : 38, Totalsave : 38, curErr : 315, totalErr : 315, remain_work : 1, total : 139
2018-11-18 17:26:13 INFO  Crawler:297 - [Progress 139] elaped time : 00:01:36, curSave : 38, Totalsave : 38, curErr : 315, totalErr : 315, remain_work : 2, total : 141
2018-11-18 17:26:13 INFO  Crawler:297 - [Progress 140] elaped time : 00:01:36, curSave : 38, Totalsave : 38, curErr : 315, totalErr : 315, remain_work : 1, total : 141
2018-11-18 17:26:14 INFO  Crawler:297 - [Progress 141] elaped time : 00:01:37, curSave : 38, Totalsave : 38, curErr : 315, totalErr : 315, remain_work : 2, total : 143
2018-11-18 17:26:15 INFO  Crawler:297 - [Progress 142] elaped time : 00:01:38, curSave : 38, Totalsave : 38, curErr : 315, totalErr : 315, remain_work : 1, total : 143
2018-11-18 17:26:15 INFO  Crawler:297 - [Progress 143] elaped time : 00:01:38, curSave : 38, Totalsave : 38, curErr : 315, totalErr : 315, remain_work : 2, total : 145
2018-11-18 17:26:16 INFO  Crawler:297 - [Progress 144] elaped time : 00:01:39, curSave : 38, Totalsave : 38, curErr : 315, totalErr : 315, remain_work : 1, total : 145
2018-11-18 17:26:17 INFO  Crawler:297 - [Progress 145] elaped time : 00:01:40, curSave : 38, Totalsave : 38, curErr : 315, totalErr : 315, remain_work : 2, total : 147
2018-11-18 17:26:17 INFO  Crawler:297 - [Progress 146] elaped time : 00:01:40, curSave : 38, Totalsave : 38, curErr : 315, totalErr : 315, remain_work : 1, total : 147
2018-11-18 17:26:18 INFO  Crawler:297 - [Progress 147] elaped time : 00:01:41, curSave : 38, Totalsave : 38, curErr : 315, totalErr : 315, remain_work : 2, total : 149
2018-11-18 17:26:19 INFO  Crawler:297 - [Progress 148] elaped time : 00:01:42, curSave : 38, Totalsave : 38, curErr : 315, totalErr : 315, remain_work : 1, total : 149
2018-11-18 17:26:19 INFO  Crawler:297 - [Progress 149] elaped time : 00:01:42, curSave : 38, Totalsave : 38, curErr : 315, totalErr : 315, remain_work : 2, total : 151
2018-11-18 17:26:20 INFO  Crawler:297 - [Progress 150] elaped time : 00:01:43, curSave : 38, Totalsave : 38, curErr : 315, totalErr : 315, remain_work : 1, total : 151
2018-11-18 17:26:21 INFO  Crawler:297 - [Progress 151] elaped time : 00:01:44, curSave : 38, Totalsave : 38, curErr : 315, totalErr : 315, remain_work : 2, total : 153
2018-11-18 17:26:21 INFO  Crawler:297 - [Progress 152] elaped time : 00:01:44, curSave : 38, Totalsave : 38, curErr : 315, totalErr : 315, remain_work : 1, total : 153
2018-11-18 17:26:22 INFO  Crawler:297 - [Progress 153] elaped time : 00:01:45, curSave : 38, Totalsave : 38, curErr : 315, totalErr : 315, remain_work : 2, total : 155
2018-11-18 17:26:23 INFO  Crawler:297 - [Progress 154] elaped time : 00:01:46, curSave : 38, Totalsave : 38, curErr : 315, totalErr : 315, remain_work : 1, total : 155
2018-11-18 17:26:23 INFO  Crawler:297 - [Progress 155] elaped time : 00:01:46, curSave : 38, Totalsave : 38, curErr : 315, totalErr : 315, remain_work : 2, total : 157
2018-11-18 17:26:24 INFO  Crawler:297 - [Progress 156] elaped time : 00:01:47, curSave : 38, Totalsave : 38, curErr : 315, totalErr : 315, remain_work : 1, total : 157
2018-11-18 17:26:25 INFO  Crawler:297 - [Progress 157] elaped time : 00:01:48, curSave : 38, Totalsave : 38, curErr : 315, totalErr : 315, remain_work : 2, total : 159
2018-11-18 17:26:25 INFO  Crawler:297 - [Progress 158] elaped time : 00:01:48, curSave : 38, Totalsave : 38, curErr : 315, totalErr : 315, remain_work : 1, total : 159
2018-11-18 17:26:26 INFO  Crawler:297 - [Progress 159] elaped time : 00:01:49, curSave : 38, Totalsave : 38, curErr : 315, totalErr : 315, remain_work : 2, total : 161
2018-11-18 17:26:27 INFO  Crawler:297 - [Progress 160] elaped time : 00:01:50, curSave : 38, Totalsave : 38, curErr : 315, totalErr : 315, remain_work : 1, total : 161
2018-11-18 17:26:27 INFO  Crawler:297 - [Progress 161] elaped time : 00:01:50, curSave : 38, Totalsave : 38, curErr : 315, totalErr : 315, remain_work : 2, total : 163
2018-11-18 17:26:28 INFO  Crawler:297 - [Progress 162] elaped time : 00:01:51, curSave : 38, Totalsave : 38, curErr : 315, totalErr : 315, remain_work : 1, total : 163
2018-11-18 17:26:29 INFO  Crawler:297 - [Progress 163] elaped time : 00:01:52, curSave : 38, Totalsave : 38, curErr : 315, totalErr : 315, remain_work : 2, total : 165
2018-11-18 17:26:29 INFO  Crawler:297 - [Progress 164] elaped time : 00:01:52, curSave : 38, Totalsave : 38, curErr : 315, totalErr : 315, remain_work : 1, total : 165
2018-11-18 17:26:30 INFO  Crawler:297 - [Progress 165] elaped time : 00:01:53, curSave : 38, Totalsave : 38, curErr : 315, totalErr : 315, remain_work : 2, total : 167
2018-11-18 17:26:31 INFO  Crawler:297 - [Progress 166] elaped time : 00:01:54, curSave : 38, Totalsave : 38, curErr : 315, totalErr : 315, remain_work : 1, total : 167
2018-11-18 17:26:31 INFO  Crawler:297 - [Progress 167] elaped time : 00:01:55, curSave : 38, Totalsave : 38, curErr : 315, totalErr : 315, remain_work : 2, total : 169
2018-11-18 17:26:32 INFO  Crawler:297 - [Progress 168] elaped time : 00:01:55, curSave : 39, Totalsave : 39, curErr : 315, totalErr : 315, remain_work : 1, total : 169
2018-11-18 17:26:33 INFO  Crawler:297 - [Progress 169] elaped time : 00:01:56, curSave : 39, Totalsave : 39, curErr : 315, totalErr : 315, remain_work : 2, total : 171
2018-11-18 17:26:34 INFO  Crawler:297 - [Progress 170] elaped time : 00:01:57, curSave : 41, Totalsave : 41, curErr : 315, totalErr : 315, remain_work : 1, total : 171
2018-11-18 17:26:34 INFO  Crawler:297 - [Progress 171] elaped time : 00:01:57, curSave : 41, Totalsave : 41, curErr : 315, totalErr : 315, remain_work : 2, total : 173
2018-11-18 17:26:35 INFO  Crawler:297 - [Progress 172] elaped time : 00:01:58, curSave : 52, Totalsave : 52, curErr : 315, totalErr : 315, remain_work : 1, total : 173
2018-11-18 17:26:36 INFO  Crawler:297 - [Progress 173] elaped time : 00:01:59, curSave : 52, Totalsave : 52, curErr : 315, totalErr : 315, remain_work : 2, total : 175
2018-11-18 17:26:37 INFO  Crawler:297 - [Progress 174] elaped time : 00:02:00, curSave : 53, Totalsave : 53, curErr : 315, totalErr : 315, remain_work : 1, total : 175
2018-11-18 17:26:37 INFO  Crawler:297 - [Progress 175] elaped time : 00:02:00, curSave : 53, Totalsave : 53, curErr : 315, totalErr : 315, remain_work : 2, total : 177
2018-11-18 17:26:38 INFO  Crawler:297 - [Progress 176] elaped time : 00:02:01, curSave : 57, Totalsave : 57, curErr : 315, totalErr : 315, remain_work : 1, total : 177
2018-11-18 17:26:39 INFO  Crawler:297 - [Progress 177] elaped time : 00:02:02, curSave : 57, Totalsave : 57, curErr : 315, totalErr : 315, remain_work : 2, total : 179
2018-11-18 17:26:39 INFO  Crawler:297 - [Progress 178] elaped time : 00:02:02, curSave : 57, Totalsave : 57, curErr : 315, totalErr : 315, remain_work : 1, total : 179
2018-11-18 17:26:40 INFO  Crawler:297 - [Progress 179] elaped time : 00:02:03, curSave : 57, Totalsave : 57, curErr : 315, totalErr : 315, remain_work : 2, total : 181
2018-11-18 17:26:41 INFO  Crawler:297 - [Progress 180] elaped time : 00:02:04, curSave : 57, Totalsave : 57, curErr : 315, totalErr : 315, remain_work : 1, total : 181
2018-11-18 17:26:41 INFO  Crawler:297 - [Progress 181] elaped time : 00:02:04, curSave : 57, Totalsave : 57, curErr : 315, totalErr : 315, remain_work : 2, total : 183
2018-11-18 17:26:42 INFO  Crawler:297 - [Progress 182] elaped time : 00:02:05, curSave : 57, Totalsave : 57, curErr : 315, totalErr : 315, remain_work : 1, total : 183
2018-11-18 17:26:43 INFO  Crawler:297 - [Progress 183] elaped time : 00:02:06, curSave : 57, Totalsave : 57, curErr : 315, totalErr : 315, remain_work : 2, total : 185
2018-11-18 17:26:44 INFO  Crawler:297 - [Progress 184] elaped time : 00:02:07, curSave : 61, Totalsave : 61, curErr : 315, totalErr : 315, remain_work : 1, total : 185
2018-11-18 17:26:44 INFO  Crawler:297 - [Progress 185] elaped time : 00:02:07, curSave : 61, Totalsave : 61, curErr : 315, totalErr : 315, remain_work : 2, total : 187
2018-11-18 17:26:45 INFO  Crawler:297 - [Progress 186] elaped time : 00:02:08, curSave : 61, Totalsave : 61, curErr : 315, totalErr : 315, remain_work : 1, total : 187
2018-11-18 17:26:46 INFO  Crawler:297 - [Progress 187] elaped time : 00:02:09, curSave : 61, Totalsave : 61, curErr : 315, totalErr : 315, remain_work : 2, total : 189
2018-11-18 17:26:46 INFO  Crawler:297 - [Progress 188] elaped time : 00:02:09, curSave : 61, Totalsave : 61, curErr : 315, totalErr : 315, remain_work : 1, total : 189
2018-11-18 17:26:47 INFO  Crawler:297 - [Progress 189] elaped time : 00:02:10, curSave : 61, Totalsave : 61, curErr : 315, totalErr : 315, remain_work : 2, total : 191
2018-11-18 17:26:48 INFO  Crawler:297 - [Progress 190] elaped time : 00:02:11, curSave : 61, Totalsave : 61, curErr : 315, totalErr : 315, remain_work : 1, total : 191
2018-11-18 17:26:48 INFO  Crawler:297 - [Progress 191] elaped time : 00:02:11, curSave : 61, Totalsave : 61, curErr : 315, totalErr : 315, remain_work : 2, total : 193
2018-11-18 17:26:49 INFO  Crawler:297 - [Progress 192] elaped time : 00:02:12, curSave : 61, Totalsave : 61, curErr : 315, totalErr : 315, remain_work : 1, total : 193
