2018-10-29 10:14:11 INFO  Crawler:238 - ============== Start Crawler =============
2018-10-29 10:14:11 INFO  Crawler:239 - CONFIG FILE    : ./config/config_action.json
2018-10-29 10:14:11 INFO  Crawler:241 - CMD PARAM 00   : 그래픽카드
2018-10-29 10:14:11 INFO  Crawler:243 - CRAWLER NAME   : 액션기반_크롤링
2018-10-29 10:14:11 INFO  Crawler:244 - CRAWLER TYPE   : SCENARIO_DYNAMIC
2018-10-29 10:14:11 INFO  Crawler:245 - IGNORE ROBOTS  : false
2018-10-29 10:14:11 INFO  Crawler:246 - LIMIT_COUNT    : 10
2018-10-29 10:14:11 INFO  Crawler:247 - FILTER COUNT   : 0
2018-10-29 10:14:11 INFO  Crawler:251 - SCENARIO COUNT : 2
2018-10-29 10:14:11 INFO  Crawler:252 - COLLECT COUNT  : 1
2018-10-29 10:14:11 INFO  Crawler:253 - SAVE TYPE      : CSV
2018-10-29 10:14:11 INFO  Crawler:254 - SAVE HTML      : true
2018-10-29 10:14:11 INFO  Crawler:255 - ==========================================
2018-10-29 10:14:17 INFO  Crawler:282 - [Progress 1] save : 0, err : 0, remain_work : 1, total : 2
2018-10-29 10:14:17 ERROR Crawler:275 - [ERR URL] http://search.wemakeprice.com/search?search_cate=top&_service=5&_type=3
2018-10-29 10:14:17 ERROR Crawler:278 - L ERR : Data key must not be empty
java.lang.IllegalArgumentException: Data key must not be empty
2018-10-29 10:14:17 INFO  Crawler:282 - [Progress 2] save : 0, err : 1, remain_work : 0, total : 2
2018-10-29 10:14:18 INFO  Crawler:316 - ============== Finish Crawler =============
2018-10-29 10:14:18 INFO  Crawler:317 - [total time] 00:00:06
2018-10-29 10:14:18 INFO  Crawler:318 - [save contents] 0
2018-10-29 10:14:18 INFO  Crawler:319 - [error work] 1
2018-10-29 10:14:18 INFO  Crawler:320 - [remain work] 0
2018-10-29 10:14:18 INFO  Crawler:321 - [total processed work] 2
