2018-11-20 09:56:38 INFO  Crawler:229 - ============== Start Crawler =============
2018-11-20 09:56:38 INFO  Crawler:230 - CONFIG FILE    : ./config/config_naver_shopping_category.json
2018-11-20 09:56:38 INFO  Crawler:232 - ARG LIST COUNT : 366
2018-11-20 09:56:38 INFO  Crawler:237 - CMD PARAM 00   : 기아
2018-11-20 09:56:38 INFO  Crawler:240 - CRAWLER NAME   : naver_category
2018-11-20 09:56:38 INFO  Crawler:241 - CRAWLER TYPE   : SCENARIO_DYNAMIC
2018-11-20 09:56:38 INFO  Crawler:242 - CRAWLER DELAY  : 0.0 sec
2018-11-20 09:56:38 INFO  Crawler:243 - IGNORE ROBOTS  : true
2018-11-20 09:56:38 INFO  Crawler:244 - LIMIT_COUNT    : 9000
2018-11-20 09:56:38 INFO  Crawler:245 - FILTER COUNT   : 0
2018-11-20 09:56:38 INFO  Crawler:249 - SCENARIO COUNT : 1
2018-11-20 09:56:38 INFO  Crawler:250 - COLLECT COUNT  : 1
2018-11-20 09:56:38 INFO  Crawler:251 - SAVE TYPE      : DB
2018-11-20 09:56:38 INFO  Crawler:252 - SAVE HTML      : false
2018-11-20 09:56:38 INFO  Crawler:253 - ==========================================
2018-11-20 09:56:45 INFO  Crawler:297 - [Progress 1] elaped time : 00:00:06, curSave : 0, Totalsave : 0, curErr : 0, totalErr : 0, remain_work : 3, total : 4
2018-11-20 09:56:45 ERROR Crawler:288 - [ERR URL] https://search.shopping.naver.com/search/all.nhn?frm=NVSHATC&pagingSize=80&query=%EA%B8%B0%EC%95%84
2018-11-20 09:56:45 ERROR Crawler:292 - L ERR_CONTENTS_COL : category, span.depth > a, text
2018-11-20 09:56:45 ERROR Crawler:292 - L ERR_CONTENTS_COL : category, span.depth > a, text
2018-11-20 09:56:45 ERROR Crawler:292 - L ERR_CONTENTS_COL : category, span.depth > a, text
2018-11-20 09:56:45 ERROR Crawler:292 - L ERR_CONTENTS_COL : category, span.depth > a, text
2018-11-20 09:56:45 ERROR Crawler:292 - L ERR_CONTENTS_COL : category, span.depth > a, text
2018-11-20 09:56:45 ERROR Crawler:292 - L ERR_CONTENTS_COL : category, span.depth > a, text
2018-11-20 09:56:45 ERROR Crawler:292 - L ERR_CONTENTS_COL : category, span.depth > a, text
2018-11-20 09:56:45 ERROR Crawler:292 - L ERR_CONTENTS_COL : category, span.depth > a, text
2018-11-20 09:56:45 INFO  Crawler:297 - [Progress 2] elaped time : 00:00:07, curSave : 80, Totalsave : 80, curErr : 8, totalErr : 8, remain_work : 2, total : 4
2018-11-20 09:56:45 INFO  Crawler:297 - [Progress 3] elaped time : 00:00:07, curSave : 80, Totalsave : 80, curErr : 8, totalErr : 8, remain_work : 1, total : 4
2018-11-20 09:56:46 INFO  Crawler:297 - [Progress 4] elaped time : 00:00:07, curSave : 80, Totalsave : 80, curErr : 8, totalErr : 8, remain_work : 3, total : 7
2018-11-20 09:56:46 INFO  Crawler:297 - [Progress 5] elaped time : 00:00:07, curSave : 80, Totalsave : 80, curErr : 8, totalErr : 8, remain_work : 2, total : 7
2018-11-20 09:56:46 INFO  Crawler:297 - [Progress 6] elaped time : 00:00:07, curSave : 80, Totalsave : 80, curErr : 8, totalErr : 8, remain_work : 1, total : 7
2018-11-20 09:56:46 INFO  Crawler:297 - [Progress 7] elaped time : 00:00:08, curSave : 80, Totalsave : 80, curErr : 8, totalErr : 8, remain_work : 3, total : 10
2018-11-20 09:56:47 ERROR Crawler:288 - [ERR URL] https://search.shopping.naver.com/search/all.nhn?frm=NVSHPAG&pagingSize=80&query=%EA%B8%B0%EC%95%84&origQuery=%EA%B8%B0%EC%95%84&pagingIndex=2&viewType=list&sort=rel
2018-11-20 09:56:47 ERROR Crawler:292 - L ERR_CONTENTS_COL : category, span.depth > a, text
2018-11-20 09:56:47 ERROR Crawler:292 - L ERR_CONTENTS_COL : category, span.depth > a, text
2018-11-20 09:56:47 ERROR Crawler:292 - L ERR_CONTENTS_COL : category, span.depth > a, text
2018-11-20 09:56:47 ERROR Crawler:292 - L ERR_CONTENTS_COL : category, span.depth > a, text
2018-11-20 09:56:47 ERROR Crawler:292 - L ERR_CONTENTS_COL : category, span.depth > a, text
2018-11-20 09:56:47 ERROR Crawler:292 - L ERR_CONTENTS_COL : category, span.depth > a, text
2018-11-20 09:56:47 ERROR Crawler:292 - L ERR_CONTENTS_COL : category, span.depth > a, text
2018-11-20 09:56:47 ERROR Crawler:292 - L ERR_CONTENTS_COL : category, span.depth > a, text
2018-11-20 09:56:47 ERROR Crawler:292 - L ERR_WRITE : Contents write failed : Duplicate entry '15771595012' for key 'PRIMARY'
2018-11-20 09:56:47 INFO  Crawler:297 - [Progress 8] elaped time : 00:00:08, curSave : 159, Totalsave : 159, curErr : 17, totalErr : 17, remain_work : 2, total : 10
2018-11-20 09:56:47 INFO  Crawler:297 - [Progress 9] elaped time : 00:00:08, curSave : 159, Totalsave : 159, curErr : 17, totalErr : 17, remain_work : 1, total : 10
2018-11-20 09:56:47 INFO  Crawler:297 - [Progress 10] elaped time : 00:00:09, curSave : 159, Totalsave : 159, curErr : 17, totalErr : 17, remain_work : 3, total : 13
2018-11-20 09:56:47 INFO  Crawler:297 - [Progress 11] elaped time : 00:00:09, curSave : 159, Totalsave : 159, curErr : 17, totalErr : 17, remain_work : 2, total : 13
2018-11-20 09:56:47 INFO  Crawler:297 - [Progress 12] elaped time : 00:00:09, curSave : 159, Totalsave : 159, curErr : 17, totalErr : 17, remain_work : 1, total : 13
2018-11-20 09:56:48 INFO  Crawler:297 - [Progress 13] elaped time : 00:00:09, curSave : 159, Totalsave : 159, curErr : 17, totalErr : 17, remain_work : 3, total : 16
2018-11-20 09:56:48 ERROR Crawler:288 - [ERR URL] https://search.shopping.naver.com/search/all.nhn?frm=NVSHPAG&pagingSize=80&query=%EA%B8%B0%EC%95%84&origQuery=%EA%B8%B0%EC%95%84&pagingIndex=4&viewType=list&sort=rel
2018-11-20 09:56:48 ERROR Crawler:292 - L ERR_CONTENTS_COL : category, span.depth > a, text
2018-11-20 09:56:48 ERROR Crawler:292 - L ERR_CONTENTS_COL : category, span.depth > a, text
2018-11-20 09:56:48 ERROR Crawler:292 - L ERR_CONTENTS_COL : category, span.depth > a, text
2018-11-20 09:56:48 ERROR Crawler:292 - L ERR_CONTENTS_COL : category, span.depth > a, text
2018-11-20 09:56:48 ERROR Crawler:292 - L ERR_CONTENTS_COL : category, span.depth > a, text
2018-11-20 09:56:48 ERROR Crawler:292 - L ERR_CONTENTS_COL : category, span.depth > a, text
2018-11-20 09:56:48 ERROR Crawler:292 - L ERR_CONTENTS_COL : category, span.depth > a, text
2018-11-20 09:56:48 ERROR Crawler:292 - L ERR_CONTENTS_COL : category, span.depth > a, text
2018-11-20 09:56:48 INFO  Crawler:297 - [Progress 14] elaped time : 00:00:10, curSave : 239, Totalsave : 239, curErr : 25, totalErr : 25, remain_work : 2, total : 16
2018-11-20 09:56:48 INFO  Crawler:297 - [Progress 15] elaped time : 00:00:10, curSave : 239, Totalsave : 239, curErr : 25, totalErr : 25, remain_work : 1, total : 16
2018-11-20 09:56:49 INFO  Crawler:297 - [Progress 16] elaped time : 00:00:10, curSave : 239, Totalsave : 239, curErr : 25, totalErr : 25, remain_work : 3, total : 19
2018-11-20 09:56:49 INFO  Crawler:297 - [Progress 17] elaped time : 00:00:10, curSave : 239, Totalsave : 239, curErr : 25, totalErr : 25, remain_work : 2, total : 19
2018-11-20 09:56:49 INFO  Crawler:297 - [Progress 18] elaped time : 00:00:10, curSave : 239, Totalsave : 239, curErr : 25, totalErr : 25, remain_work : 1, total : 19
2018-11-20 09:56:49 INFO  Crawler:297 - [Progress 19] elaped time : 00:00:10, curSave : 239, Totalsave : 239, curErr : 25, totalErr : 25, remain_work : 3, total : 22
2018-11-20 09:56:49 INFO  Crawler:297 - [Progress 20] elaped time : 00:00:10, curSave : 239, Totalsave : 239, curErr : 25, totalErr : 25, remain_work : 2, total : 22
2018-11-20 09:56:50 INFO  Crawler:297 - [Progress 21] elaped time : 00:00:11, curSave : 239, Totalsave : 239, curErr : 25, totalErr : 25, remain_work : 1, total : 22
2018-11-20 09:56:50 INFO  Crawler:297 - [Progress 22] elaped time : 00:00:11, curSave : 239, Totalsave : 239, curErr : 25, totalErr : 25, remain_work : 3, total : 25
2018-11-20 09:56:50 INFO  Crawler:297 - [Progress 23] elaped time : 00:00:11, curSave : 239, Totalsave : 239, curErr : 25, totalErr : 25, remain_work : 2, total : 25
2018-11-20 09:56:50 INFO  Crawler:297 - [Progress 24] elaped time : 00:00:11, curSave : 239, Totalsave : 239, curErr : 25, totalErr : 25, remain_work : 1, total : 25
2018-11-20 09:56:51 INFO  Crawler:297 - [Progress 25] elaped time : 00:00:12, curSave : 239, Totalsave : 239, curErr : 25, totalErr : 25, remain_work : 3, total : 28
2018-11-20 09:56:51 ERROR Crawler:288 - [ERR URL] https://search.shopping.naver.com/search/all.nhn?frm=NVSHPAG&pagingSize=80&query=%EA%B8%B0%EC%95%84&origQuery=%EA%B8%B0%EC%95%84&pagingIndex=6&viewType=list&sort=rel
2018-11-20 09:56:51 ERROR Crawler:292 - L ERR_CONTENTS_COL : category, span.depth > a, text
2018-11-20 09:56:51 ERROR Crawler:292 - L ERR_CONTENTS_COL : category, span.depth > a, text
2018-11-20 09:56:51 ERROR Crawler:292 - L ERR_CONTENTS_COL : category, span.depth > a, text
2018-11-20 09:56:51 ERROR Crawler:292 - L ERR_CONTENTS_COL : category, span.depth > a, text
2018-11-20 09:56:51 ERROR Crawler:292 - L ERR_CONTENTS_COL : category, span.depth > a, text
2018-11-20 09:56:51 ERROR Crawler:292 - L ERR_CONTENTS_COL : category, span.depth > a, text
2018-11-20 09:56:51 ERROR Crawler:292 - L ERR_CONTENTS_COL : category, span.depth > a, text
2018-11-20 09:56:51 ERROR Crawler:292 - L ERR_CONTENTS_COL : category, span.depth > a, text
2018-11-20 09:56:51 INFO  Crawler:297 - [Progress 26] elaped time : 00:00:12, curSave : 319, Totalsave : 319, curErr : 33, totalErr : 33, remain_work : 2, total : 28
2018-11-20 09:56:51 INFO  Crawler:297 - [Progress 27] elaped time : 00:00:12, curSave : 319, Totalsave : 319, curErr : 33, totalErr : 33, remain_work : 1, total : 28
2018-11-20 09:56:51 INFO  Crawler:297 - [Progress 28] elaped time : 00:00:12, curSave : 319, Totalsave : 319, curErr : 33, totalErr : 33, remain_work : 3, total : 31
2018-11-20 09:56:51 INFO  Crawler:297 - [Progress 29] elaped time : 00:00:12, curSave : 319, Totalsave : 319, curErr : 33, totalErr : 33, remain_work : 2, total : 31
2018-11-20 09:56:51 INFO  Crawler:297 - [Progress 30] elaped time : 00:00:13, curSave : 319, Totalsave : 319, curErr : 33, totalErr : 33, remain_work : 1, total : 31
2018-11-20 09:56:52 INFO  Crawler:297 - [Progress 31] elaped time : 00:00:13, curSave : 319, Totalsave : 319, curErr : 33, totalErr : 33, remain_work : 3, total : 34
2018-11-20 09:56:52 ERROR Crawler:288 - [ERR URL] https://search.shopping.naver.com/search/all.nhn?frm=NVSHPAG&pagingSize=80&query=%EA%B8%B0%EC%95%84&origQuery=%EA%B8%B0%EC%95%84&pagingIndex=7&viewType=list&sort=rel
2018-11-20 09:56:52 ERROR Crawler:292 - L ERR_CONTENTS_COL : category, span.depth > a, text
2018-11-20 09:56:52 ERROR Crawler:292 - L ERR_CONTENTS_COL : category, span.depth > a, text
2018-11-20 09:56:52 ERROR Crawler:292 - L ERR_CONTENTS_COL : category, span.depth > a, text
2018-11-20 09:56:52 ERROR Crawler:292 - L ERR_CONTENTS_COL : category, span.depth > a, text
2018-11-20 09:56:52 ERROR Crawler:292 - L ERR_CONTENTS_COL : category, span.depth > a, text
2018-11-20 09:56:52 ERROR Crawler:292 - L ERR_CONTENTS_COL : category, span.depth > a, text
2018-11-20 09:56:52 ERROR Crawler:292 - L ERR_CONTENTS_COL : category, span.depth > a, text
2018-11-20 09:56:52 ERROR Crawler:292 - L ERR_CONTENTS_COL : category, span.depth > a, text
2018-11-20 09:56:52 INFO  Crawler:297 - [Progress 32] elaped time : 00:00:13, curSave : 399, Totalsave : 399, curErr : 41, totalErr : 41, remain_work : 2, total : 34
2018-11-20 09:56:52 INFO  Crawler:297 - [Progress 33] elaped time : 00:00:14, curSave : 399, Totalsave : 399, curErr : 41, totalErr : 41, remain_work : 1, total : 34
2018-11-20 09:56:52 INFO  Crawler:297 - [Progress 34] elaped time : 00:00:14, curSave : 399, Totalsave : 399, curErr : 41, totalErr : 41, remain_work : 3, total : 37
2018-11-20 09:56:53 INFO  Crawler:297 - [Progress 35] elaped time : 00:00:14, curSave : 399, Totalsave : 399, curErr : 41, totalErr : 41, remain_work : 2, total : 37
2018-11-20 09:56:53 INFO  Crawler:297 - [Progress 36] elaped time : 00:00:14, curSave : 399, Totalsave : 399, curErr : 41, totalErr : 41, remain_work : 1, total : 37
2018-11-20 09:56:53 INFO  Crawler:297 - [Progress 37] elaped time : 00:00:14, curSave : 399, Totalsave : 399, curErr : 41, totalErr : 41, remain_work : 3, total : 40
2018-11-20 09:56:54 ERROR Crawler:288 - [ERR URL] https://search.shopping.naver.com/search/all.nhn?frm=NVSHPAG&pagingSize=80&query=%EA%B8%B0%EC%95%84&origQuery=%EA%B8%B0%EC%95%84&pagingIndex=8&viewType=list&sort=rel
2018-11-20 09:56:54 ERROR Crawler:292 - L ERR_CONTENTS_COL : category, span.depth > a, text
2018-11-20 09:56:54 ERROR Crawler:292 - L ERR_CONTENTS_COL : category, span.depth > a, text
2018-11-20 09:56:54 ERROR Crawler:292 - L ERR_CONTENTS_COL : category, span.depth > a, text
2018-11-20 09:56:54 ERROR Crawler:292 - L ERR_CONTENTS_COL : category, span.depth > a, text
2018-11-20 09:56:54 ERROR Crawler:292 - L ERR_CONTENTS_COL : category, span.depth > a, text
2018-11-20 09:56:54 ERROR Crawler:292 - L ERR_CONTENTS_COL : category, span.depth > a, text
2018-11-20 09:56:54 ERROR Crawler:292 - L ERR_CONTENTS_COL : category, span.depth > a, text
2018-11-20 09:56:54 ERROR Crawler:292 - L ERR_CONTENTS_COL : category, span.depth > a, text
2018-11-20 09:56:54 INFO  Crawler:297 - [Progress 38] elaped time : 00:00:15, curSave : 479, Totalsave : 479, curErr : 49, totalErr : 49, remain_work : 2, total : 40
2018-11-20 09:56:54 INFO  Crawler:297 - [Progress 39] elaped time : 00:00:15, curSave : 479, Totalsave : 479, curErr : 49, totalErr : 49, remain_work : 1, total : 40
2018-11-20 09:56:54 INFO  Crawler:297 - [Progress 40] elaped time : 00:00:15, curSave : 479, Totalsave : 479, curErr : 49, totalErr : 49, remain_work : 3, total : 43
2018-11-20 09:56:54 INFO  Crawler:297 - [Progress 41] elaped time : 00:00:15, curSave : 479, Totalsave : 479, curErr : 49, totalErr : 49, remain_work : 2, total : 43
2018-11-20 09:56:54 INFO  Crawler:297 - [Progress 42] elaped time : 00:00:15, curSave : 479, Totalsave : 479, curErr : 49, totalErr : 49, remain_work : 1, total : 43
2018-11-20 09:56:54 INFO  Crawler:297 - [Progress 43] elaped time : 00:00:15, curSave : 479, Totalsave : 479, curErr : 49, totalErr : 49, remain_work : 3, total : 46
2018-11-20 09:56:55 ERROR Crawler:288 - [ERR URL] https://search.shopping.naver.com/search/all.nhn?frm=NVSHPAG&pagingSize=80&query=%EA%B8%B0%EC%95%84&origQuery=%EA%B8%B0%EC%95%84&pagingIndex=9&viewType=list&sort=rel
2018-11-20 09:56:55 ERROR Crawler:292 - L ERR_CONTENTS_COL : category, span.depth > a, text
2018-11-20 09:56:55 ERROR Crawler:292 - L ERR_CONTENTS_COL : category, span.depth > a, text
2018-11-20 09:56:55 ERROR Crawler:292 - L ERR_CONTENTS_COL : category, span.depth > a, text
2018-11-20 09:56:55 ERROR Crawler:292 - L ERR_CONTENTS_COL : category, span.depth > a, text
2018-11-20 09:56:55 ERROR Crawler:292 - L ERR_CONTENTS_COL : category, span.depth > a, text
2018-11-20 09:56:55 ERROR Crawler:292 - L ERR_CONTENTS_COL : category, span.depth > a, text
2018-11-20 09:56:55 ERROR Crawler:292 - L ERR_CONTENTS_COL : category, span.depth > a, text
2018-11-20 09:56:55 ERROR Crawler:292 - L ERR_CONTENTS_COL : category, span.depth > a, text
2018-11-20 09:56:55 INFO  Crawler:297 - [Progress 44] elaped time : 00:00:16, curSave : 559, Totalsave : 559, curErr : 57, totalErr : 57, remain_work : 2, total : 46
2018-11-20 09:56:55 INFO  Crawler:297 - [Progress 45] elaped time : 00:00:16, curSave : 559, Totalsave : 559, curErr : 57, totalErr : 57, remain_work : 1, total : 46
2018-11-20 09:56:55 INFO  Crawler:297 - [Progress 46] elaped time : 00:00:16, curSave : 559, Totalsave : 559, curErr : 57, totalErr : 57, remain_work : 3, total : 49
2018-11-20 09:56:55 INFO  Crawler:297 - [Progress 47] elaped time : 00:00:16, curSave : 559, Totalsave : 559, curErr : 57, totalErr : 57, remain_work : 2, total : 49
2018-11-20 09:56:55 INFO  Crawler:297 - [Progress 48] elaped time : 00:00:16, curSave : 559, Totalsave : 559, curErr : 57, totalErr : 57, remain_work : 1, total : 49
2018-11-20 09:56:56 INFO  Crawler:297 - [Progress 49] elaped time : 00:00:17, curSave : 559, Totalsave : 559, curErr : 57, totalErr : 57, remain_work : 3, total : 52
2018-11-20 09:56:56 ERROR Crawler:288 - [ERR URL] https://search.shopping.naver.com/search/all.nhn?frm=NVSHPAG&pagingSize=80&query=%EA%B8%B0%EC%95%84&origQuery=%EA%B8%B0%EC%95%84&pagingIndex=10&viewType=list&sort=rel
2018-11-20 09:56:56 ERROR Crawler:292 - L ERR_CONTENTS_COL : category, span.depth > a, text
2018-11-20 09:56:56 ERROR Crawler:292 - L ERR_CONTENTS_COL : category, span.depth > a, text
2018-11-20 09:56:56 ERROR Crawler:292 - L ERR_CONTENTS_COL : category, span.depth > a, text
2018-11-20 09:56:56 ERROR Crawler:292 - L ERR_CONTENTS_COL : category, span.depth > a, text
2018-11-20 09:56:56 ERROR Crawler:292 - L ERR_CONTENTS_COL : category, span.depth > a, text
2018-11-20 09:56:56 ERROR Crawler:292 - L ERR_CONTENTS_COL : category, span.depth > a, text
2018-11-20 09:56:56 ERROR Crawler:292 - L ERR_CONTENTS_COL : category, span.depth > a, text
2018-11-20 09:56:56 ERROR Crawler:292 - L ERR_CONTENTS_COL : category, span.depth > a, text
2018-11-20 09:56:56 INFO  Crawler:297 - [Progress 50] elaped time : 00:00:17, curSave : 639, Totalsave : 639, curErr : 65, totalErr : 65, remain_work : 2, total : 52
2018-11-20 09:56:56 INFO  Crawler:297 - [Progress 51] elaped time : 00:00:18, curSave : 639, Totalsave : 639, curErr : 65, totalErr : 65, remain_work : 1, total : 52
2018-11-20 09:56:56 INFO  Crawler:297 - [Progress 52] elaped time : 00:00:18, curSave : 639, Totalsave : 639, curErr : 65, totalErr : 65, remain_work : 3, total : 55
2018-11-20 09:56:57 INFO  Crawler:297 - [Progress 53] elaped time : 00:00:18, curSave : 639, Totalsave : 639, curErr : 65, totalErr : 65, remain_work : 2, total : 55
2018-11-20 09:56:57 INFO  Crawler:297 - [Progress 54] elaped time : 00:00:18, curSave : 639, Totalsave : 639, curErr : 65, totalErr : 65, remain_work : 1, total : 55
2018-11-20 09:56:57 INFO  Crawler:297 - [Progress 55] elaped time : 00:00:18, curSave : 639, Totalsave : 639, curErr : 65, totalErr : 65, remain_work : 3, total : 58
2018-11-20 09:56:57 ERROR Crawler:288 - [ERR URL] https://search.shopping.naver.com/search/all.nhn?frm=NVSHPAG&pagingSize=80&query=%EA%B8%B0%EC%95%84&origQuery=%EA%B8%B0%EC%95%84&pagingIndex=12&viewType=list&sort=rel
2018-11-20 09:56:57 ERROR Crawler:292 - L ERR_CONTENTS_COL : category, span.depth > a, text
2018-11-20 09:56:57 ERROR Crawler:292 - L ERR_CONTENTS_COL : category, span.depth > a, text
2018-11-20 09:56:57 ERROR Crawler:292 - L ERR_CONTENTS_COL : category, span.depth > a, text
2018-11-20 09:56:57 ERROR Crawler:292 - L ERR_CONTENTS_COL : category, span.depth > a, text
2018-11-20 09:56:57 ERROR Crawler:292 - L ERR_CONTENTS_COL : category, span.depth > a, text
2018-11-20 09:56:57 ERROR Crawler:292 - L ERR_CONTENTS_COL : category, span.depth > a, text
2018-11-20 09:56:57 ERROR Crawler:292 - L ERR_CONTENTS_COL : category, span.depth > a, text
2018-11-20 09:56:57 ERROR Crawler:292 - L ERR_CONTENTS_COL : category, span.depth > a, text
2018-11-20 09:56:57 INFO  Crawler:297 - [Progress 56] elaped time : 00:00:19, curSave : 719, Totalsave : 719, curErr : 73, totalErr : 73, remain_work : 2, total : 58
2018-11-20 09:56:57 INFO  Crawler:297 - [Progress 57] elaped time : 00:00:19, curSave : 719, Totalsave : 719, curErr : 73, totalErr : 73, remain_work : 1, total : 58
2018-11-20 09:56:58 INFO  Crawler:297 - [Progress 58] elaped time : 00:00:19, curSave : 719, Totalsave : 719, curErr : 73, totalErr : 73, remain_work : 3, total : 61
2018-11-20 09:56:58 INFO  Crawler:297 - [Progress 59] elaped time : 00:00:19, curSave : 719, Totalsave : 719, curErr : 73, totalErr : 73, remain_work : 2, total : 61
2018-11-20 09:56:58 INFO  Crawler:297 - [Progress 60] elaped time : 00:00:19, curSave : 719, Totalsave : 719, curErr : 73, totalErr : 73, remain_work : 1, total : 61
2018-11-20 09:56:58 INFO  Crawler:297 - [Progress 61] elaped time : 00:00:19, curSave : 719, Totalsave : 719, curErr : 73, totalErr : 73, remain_work : 3, total : 64
2018-11-20 09:56:58 ERROR Crawler:288 - [ERR URL] https://search.shopping.naver.com/search/all.nhn?frm=NVSHPAG&pagingSize=80&query=%EA%B8%B0%EC%95%84&origQuery=%EA%B8%B0%EC%95%84&pagingIndex=13&viewType=list&sort=rel
2018-11-20 09:56:58 ERROR Crawler:292 - L ERR_CONTENTS_COL : category, span.depth > a, text
2018-11-20 09:56:58 ERROR Crawler:292 - L ERR_CONTENTS_COL : category, span.depth > a, text
2018-11-20 09:56:58 ERROR Crawler:292 - L ERR_CONTENTS_COL : category, span.depth > a, text
2018-11-20 09:56:58 ERROR Crawler:292 - L ERR_CONTENTS_COL : category, span.depth > a, text
2018-11-20 09:56:58 ERROR Crawler:292 - L ERR_CONTENTS_COL : category, span.depth > a, text
2018-11-20 09:56:58 ERROR Crawler:292 - L ERR_CONTENTS_COL : category, span.depth > a, text
2018-11-20 09:56:58 ERROR Crawler:292 - L ERR_CONTENTS_COL : category, span.depth > a, text
2018-11-20 09:56:58 ERROR Crawler:292 - L ERR_CONTENTS_COL : category, span.depth > a, text
2018-11-20 09:56:58 ERROR Crawler:292 - L ERR_WRITE : Contents write failed : Duplicate entry '15786635914' for key 'PRIMARY'
2018-11-20 09:56:58 INFO  Crawler:297 - [Progress 62] elaped time : 00:00:20, curSave : 798, Totalsave : 798, curErr : 82, totalErr : 82, remain_work : 2, total : 64
2018-11-20 09:56:59 INFO  Crawler:297 - [Progress 63] elaped time : 00:00:20, curSave : 798, Totalsave : 798, curErr : 82, totalErr : 82, remain_work : 1, total : 64
2018-11-20 09:56:59 INFO  Crawler:297 - [Progress 64] elaped time : 00:00:20, curSave : 798, Totalsave : 798, curErr : 82, totalErr : 82, remain_work : 3, total : 67
2018-11-20 09:56:59 INFO  Crawler:297 - [Progress 65] elaped time : 00:00:20, curSave : 798, Totalsave : 798, curErr : 82, totalErr : 82, remain_work : 2, total : 67
2018-11-20 09:56:59 INFO  Crawler:297 - [Progress 66] elaped time : 00:00:20, curSave : 798, Totalsave : 798, curErr : 82, totalErr : 82, remain_work : 1, total : 67
2018-11-20 09:56:59 INFO  Crawler:297 - [Progress 67] elaped time : 00:00:20, curSave : 798, Totalsave : 798, curErr : 82, totalErr : 82, remain_work : 3, total : 70
2018-11-20 09:56:59 INFO  Crawler:297 - [Progress 68] elaped time : 00:00:20, curSave : 798, Totalsave : 798, curErr : 82, totalErr : 82, remain_work : 2, total : 70
2018-11-20 09:57:00 INFO  Crawler:297 - [Progress 69] elaped time : 00:00:21, curSave : 798, Totalsave : 798, curErr : 82, totalErr : 82, remain_work : 1, total : 70
2018-11-20 09:57:00 INFO  Crawler:297 - [Progress 70] elaped time : 00:00:21, curSave : 798, Totalsave : 798, curErr : 82, totalErr : 82, remain_work : 3, total : 73
2018-11-20 09:57:00 INFO  Crawler:297 - [Progress 71] elaped time : 00:00:21, curSave : 798, Totalsave : 798, curErr : 82, totalErr : 82, remain_work : 2, total : 73
2018-11-20 09:57:00 INFO  Crawler:297 - [Progress 72] elaped time : 00:00:21, curSave : 798, Totalsave : 798, curErr : 82, totalErr : 82, remain_work : 1, total : 73
2018-11-20 09:57:00 INFO  Crawler:297 - [Progress 73] elaped time : 00:00:21, curSave : 798, Totalsave : 798, curErr : 82, totalErr : 82, remain_work : 3, total : 76
2018-11-20 09:57:00 INFO  Crawler:297 - [Progress 74] elaped time : 00:00:21, curSave : 798, Totalsave : 798, curErr : 82, totalErr : 82, remain_work : 2, total : 76
2018-11-20 09:57:00 INFO  Crawler:297 - [Progress 75] elaped time : 00:00:22, curSave : 798, Totalsave : 798, curErr : 82, totalErr : 82, remain_work : 1, total : 76
2018-11-20 09:57:01 INFO  Crawler:297 - [Progress 76] elaped time : 00:00:22, curSave : 798, Totalsave : 798, curErr : 82, totalErr : 82, remain_work : 3, total : 79
2018-11-20 09:57:01 ERROR Crawler:288 - [ERR URL] https://search.shopping.naver.com/search/all.nhn?frm=NVSHPAG&pagingSize=80&query=%EA%B8%B0%EC%95%84&origQuery=%EA%B8%B0%EC%95%84&pagingIndex=15&viewType=list&sort=rel
2018-11-20 09:57:01 ERROR Crawler:292 - L ERR_CONTENTS_COL : category, span.depth > a, text
2018-11-20 09:57:01 ERROR Crawler:292 - L ERR_CONTENTS_COL : category, span.depth > a, text
2018-11-20 09:57:01 ERROR Crawler:292 - L ERR_CONTENTS_COL : category, span.depth > a, text
2018-11-20 09:57:01 ERROR Crawler:292 - L ERR_CONTENTS_COL : category, span.depth > a, text
2018-11-20 09:57:01 ERROR Crawler:292 - L ERR_CONTENTS_COL : category, span.depth > a, text
2018-11-20 09:57:01 ERROR Crawler:292 - L ERR_CONTENTS_COL : category, span.depth > a, text
2018-11-20 09:57:01 ERROR Crawler:292 - L ERR_CONTENTS_COL : category, span.depth > a, text
2018-11-20 09:57:01 ERROR Crawler:292 - L ERR_CONTENTS_COL : category, span.depth > a, text
2018-11-20 09:57:01 ERROR Crawler:292 - L ERR_WRITE : Contents write failed : Duplicate entry '15786216913' for key 'PRIMARY'
2018-11-20 09:57:01 INFO  Crawler:297 - [Progress 77] elaped time : 00:00:22, curSave : 877, Totalsave : 877, curErr : 91, totalErr : 91, remain_work : 2, total : 79
2018-11-20 09:57:01 INFO  Crawler:297 - [Progress 78] elaped time : 00:00:23, curSave : 877, Totalsave : 877, curErr : 91, totalErr : 91, remain_work : 1, total : 79
2018-11-20 09:57:01 INFO  Crawler:297 - [Progress 79] elaped time : 00:00:23, curSave : 877, Totalsave : 877, curErr : 91, totalErr : 91, remain_work : 3, total : 82
2018-11-20 09:57:02 INFO  Crawler:297 - [Progress 80] elaped time : 00:00:23, curSave : 877, Totalsave : 877, curErr : 91, totalErr : 91, remain_work : 2, total : 82
2018-11-20 09:57:02 INFO  Crawler:297 - [Progress 81] elaped time : 00:00:23, curSave : 877, Totalsave : 877, curErr : 91, totalErr : 91, remain_work : 1, total : 82
2018-11-20 09:57:02 INFO  Crawler:297 - [Progress 82] elaped time : 00:00:23, curSave : 877, Totalsave : 877, curErr : 91, totalErr : 91, remain_work : 3, total : 85
2018-11-20 09:57:02 INFO  Crawler:297 - [Progress 83] elaped time : 00:00:23, curSave : 877, Totalsave : 877, curErr : 91, totalErr : 91, remain_work : 2, total : 85
2018-11-20 09:57:02 INFO  Crawler:297 - [Progress 84] elaped time : 00:00:23, curSave : 877, Totalsave : 877, curErr : 91, totalErr : 91, remain_work : 1, total : 85
2018-11-20 09:57:02 ERROR WorkRunnable:82 - not found element stale element reference: element is not attached to the page document
  (Session info: chrome=70.0.3538.102)
  (Driver info: chromedriver=2.43.600210 (68dcf5eebde37173d4027fa8635e332711d2874a),platform=Windows NT 10.0.17134 x86_64) (WARNING: The server did not provide any stacktrace information)
Command duration or timeout: 0 milliseconds
For documentation on this error, please visit: http://seleniumhq.org/exceptions/stale_element_reference.html
Build info: version: '3.11.0', revision: 'e59cfb3', time: '2018-03-11T20:26:55.152Z'
System info: host: 'LAPTOP-94HKRVCK', ip: '192.168.56.1', os.name: 'Windows 10', os.arch: 'amd64', os.version: '10.0', java.version: '1.8.0_161'
Driver info: org.openqa.selenium.chrome.ChromeDriver
Capabilities {acceptInsecureCerts: false, acceptSslCerts: false, applicationCacheEnabled: false, browserConnectionEnabled: false, browserName: chrome, chrome: {chromedriverVersion: 2.43.600210 (68dcf5eebde371..., userDataDir: C:\Users\onycom\AppData\Loc...}, cssSelectorsEnabled: true, databaseEnabled: false, goog:chromeOptions: {debuggerAddress: localhost:13198}, handlesAlerts: true, hasTouchScreen: false, javascriptEnabled: true, locationContextEnabled: true, mobileEmulationEnabled: false, nativeEvents: true, networkConnectionEnabled: false, pageLoadStrategy: normal, platform: XP, platformName: XP, rotatable: false, setWindowRect: true, takesHeapSnapshot: true, takesScreenshot: true, unexpectedAlertBehaviour: , unhandledPromptBehavior: , version: 70.0.3538.102, webStorageEnabled: true}
Session ID: 423ad42abe8a920cf5cb269467e760d8
org.openqa.selenium.StaleElementReferenceException: stale element reference: element is not attached to the page document
  (Session info: chrome=70.0.3538.102)
  (Driver info: chromedriver=2.43.600210 (68dcf5eebde37173d4027fa8635e332711d2874a),platform=Windows NT 10.0.17134 x86_64) (WARNING: The server did not provide any stacktrace information)
Command duration or timeout: 0 milliseconds
For documentation on this error, please visit: http://seleniumhq.org/exceptions/stale_element_reference.html
Build info: version: '3.11.0', revision: 'e59cfb3', time: '2018-03-11T20:26:55.152Z'
System info: host: 'LAPTOP-94HKRVCK', ip: '192.168.56.1', os.name: 'Windows 10', os.arch: 'amd64', os.version: '10.0', java.version: '1.8.0_161'
Driver info: org.openqa.selenium.chrome.ChromeDriver
Capabilities {acceptInsecureCerts: false, acceptSslCerts: false, applicationCacheEnabled: false, browserConnectionEnabled: false, browserName: chrome, chrome: {chromedriverVersion: 2.43.600210 (68dcf5eebde371..., userDataDir: C:\Users\onycom\AppData\Loc...}, cssSelectorsEnabled: true, databaseEnabled: false, goog:chromeOptions: {debuggerAddress: localhost:13198}, handlesAlerts: true, hasTouchScreen: false, javascriptEnabled: true, locationContextEnabled: true, mobileEmulationEnabled: false, nativeEvents: true, networkConnectionEnabled: false, pageLoadStrategy: normal, platform: XP, platformName: XP, rotatable: false, setWindowRect: true, takesHeapSnapshot: true, takesScreenshot: true, unexpectedAlertBehaviour: , unhandledPromptBehavior: , version: 70.0.3538.102, webStorageEnabled: true}
Session ID: 423ad42abe8a920cf5cb269467e760d8
	at com.onycom.crawler.core.WorkRunnable.run(WorkRunnable.java:82)
	at java.lang.Thread.run(Thread.java:748)
2018-11-20 09:57:02 ERROR Crawler:288 - [ERR URL] https://search.shopping.naver.com/search/all.nhn?frm=NVSHPAG&pagingSize=80&query=%EA%B8%B0%EC%95%84&origQuery=%EA%B8%B0%EC%95%84&pagingIndex=16&viewType=list&sort=rel
2018-11-20 09:57:02 ERROR Crawler:292 - L ERR : not found element stale element reference: element is not attached to the page document
  (Session info: chrome=70.0.3538.102)
  (Driver info: chromedriver=2.43.600210 (68dcf5eebde37173d4027fa8635e332711d2874a),platform=Windows NT 10.0.17134 x86_64) (WARNING: The server did not provide any stacktrace information)
Command duration or timeout: 0 milliseconds
For documentation on this error, please visit: http://seleniumhq.org/exceptions/stale_element_reference.html
Build info: version: '3.11.0', revision: 'e59cfb3', time: '2018-03-11T20:26:55.152Z'
System info: host: 'LAPTOP-94HKRVCK', ip: '192.168.56.1', os.name: 'Windows 10', os.arch: 'amd64', os.version: '10.0', java.version: '1.8.0_161'
Driver info: org.openqa.selenium.chrome.ChromeDriver
Capabilities {acceptInsecureCerts: false, acceptSslCerts: false, applicationCacheEnabled: false, browserConnectionEnabled: false, browserName: chrome, chrome: {chromedriverVersion: 2.43.600210 (68dcf5eebde371..., userDataDir: C:\Users\onycom\AppData\Loc...}, cssSelectorsEnabled: true, databaseEnabled: false, goog:chromeOptions: {debuggerAddress: localhost:13198}, handlesAlerts: true, hasTouchScreen: false, javascriptEnabled: true, locationContextEnabled: true, mobileEmulationEnabled: false, nativeEvents: true, networkConnectionEnabled: false, pageLoadStrategy: normal, platform: XP, platformName: XP, rotatable: false, setWindowRect: true, takesHeapSnapshot: true, takesScreenshot: true, unexpectedAlertBehaviour: , unhandledPromptBehavior: , version: 70.0.3538.102, webStorageEnabled: true}
Session ID: 423ad42abe8a920cf5cb269467e760d8
2018-11-20 09:57:02 INFO  Crawler:297 - [Progress 85] elaped time : 00:00:24, curSave : 877, Totalsave : 877, curErr : 92, totalErr : 92, remain_work : 0, total : 85
2018-11-20 09:57:03 INFO  Crawler:256 - ============== update params =============
2018-11-20 09:57:03 INFO  Crawler:259 - CMD PARAM 00   : 현대
2018-11-20 09:57:03 INFO  Crawler:261 - ==========================================
2018-11-20 09:57:04 INFO  Crawler:297 - [Progress 86] elaped time : 00:00:26, curSave : 0, Totalsave : 877, curErr : 0, totalErr : 92, remain_work : 3, total : 89
2018-11-20 09:57:05 ERROR Crawler:288 - [ERR URL] https://search.shopping.naver.com/search/all.nhn?frm=NVSHATC&pagingSize=80&query=%ED%98%84%EB%8C%80
2018-11-20 09:57:05 ERROR Crawler:292 - L ERR_CONTENTS_COL : category, span.depth > a, text
2018-11-20 09:57:05 ERROR Crawler:292 - L ERR_CONTENTS_COL : category, span.depth > a, text
2018-11-20 09:57:05 ERROR Crawler:292 - L ERR_CONTENTS_COL : category, span.depth > a, text
2018-11-20 09:57:05 ERROR Crawler:292 - L ERR_CONTENTS_COL : category, span.depth > a, text
2018-11-20 09:57:05 ERROR Crawler:292 - L ERR_CONTENTS_COL : category, span.depth > a, text
2018-11-20 09:57:05 ERROR Crawler:292 - L ERR_CONTENTS_COL : category, span.depth > a, text
2018-11-20 09:57:05 ERROR Crawler:292 - L ERR_CONTENTS_COL : category, span.depth > a, text
2018-11-20 09:57:05 ERROR Crawler:292 - L ERR_CONTENTS_COL : category, span.depth > a, text
2018-11-20 09:57:05 ERROR Crawler:292 - L ERR_WRITE : Contents write failed : Duplicate entry '11123149561' for key 'PRIMARY'
2018-11-20 09:57:05 ERROR Crawler:292 - L ERR_WRITE : Contents write failed : Duplicate entry '13920346913' for key 'PRIMARY'
2018-11-20 09:57:05 ERROR Crawler:292 - L ERR_WRITE : Contents write failed : Duplicate entry '10090552500' for key 'PRIMARY'
2018-11-20 09:57:05 ERROR Crawler:292 - L ERR_WRITE : Contents write failed : Duplicate entry '15621134005' for key 'PRIMARY'
2018-11-20 09:57:05 INFO  Crawler:297 - [Progress 87] elaped time : 00:00:26, curSave : 76, Totalsave : 953, curErr : 12, totalErr : 104, remain_work : 2, total : 89
2018-11-20 09:57:05 INFO  Crawler:297 - [Progress 88] elaped time : 00:00:26, curSave : 76, Totalsave : 953, curErr : 12, totalErr : 104, remain_work : 1, total : 89
2018-11-20 09:57:05 INFO  Crawler:297 - [Progress 89] elaped time : 00:00:26, curSave : 76, Totalsave : 953, curErr : 12, totalErr : 104, remain_work : 3, total : 92
2018-11-20 09:57:05 INFO  Crawler:297 - [Progress 90] elaped time : 00:00:26, curSave : 76, Totalsave : 953, curErr : 12, totalErr : 104, remain_work : 2, total : 92
2018-11-20 09:57:05 INFO  Crawler:297 - [Progress 91] elaped time : 00:00:26, curSave : 76, Totalsave : 953, curErr : 12, totalErr : 104, remain_work : 1, total : 92
2018-11-20 09:57:05 INFO  Crawler:297 - [Progress 92] elaped time : 00:00:26, curSave : 76, Totalsave : 953, curErr : 12, totalErr : 104, remain_work : 3, total : 95
2018-11-20 09:57:05 INFO  Crawler:297 - [Progress 93] elaped time : 00:00:27, curSave : 76, Totalsave : 953, curErr : 12, totalErr : 104, remain_work : 2, total : 95
2018-11-20 09:57:06 INFO  Crawler:297 - [Progress 94] elaped time : 00:00:27, curSave : 76, Totalsave : 953, curErr : 12, totalErr : 104, remain_work : 1, total : 95
2018-11-20 09:57:06 INFO  Crawler:297 - [Progress 95] elaped time : 00:00:27, curSave : 76, Totalsave : 953, curErr : 12, totalErr : 104, remain_work : 3, total : 98
2018-11-20 09:57:06 ERROR Crawler:288 - [ERR URL] https://search.shopping.naver.com/search/all.nhn?frm=NVSHPAG&pagingSize=80&query=%ED%98%84%EB%8C%80&origQuery=%ED%98%84%EB%8C%80&pagingIndex=2&viewType=list&sort=rel
2018-11-20 09:57:06 ERROR Crawler:292 - L ERR_CONTENTS_COL : category, span.depth > a, text
2018-11-20 09:57:06 ERROR Crawler:292 - L ERR_CONTENTS_COL : category, span.depth > a, text
2018-11-20 09:57:06 ERROR Crawler:292 - L ERR_CONTENTS_COL : category, span.depth > a, text
2018-11-20 09:57:06 ERROR Crawler:292 - L ERR_CONTENTS_COL : category, span.depth > a, text
2018-11-20 09:57:06 ERROR Crawler:292 - L ERR_CONTENTS_COL : category, span.depth > a, text
2018-11-20 09:57:06 ERROR Crawler:292 - L ERR_CONTENTS_COL : category, span.depth > a, text
2018-11-20 09:57:06 ERROR Crawler:292 - L ERR_CONTENTS_COL : category, span.depth > a, text
2018-11-20 09:57:06 ERROR Crawler:292 - L ERR_CONTENTS_COL : category, span.depth > a, text
2018-11-20 09:57:06 ERROR Crawler:292 - L ERR_WRITE : Contents write failed : Duplicate entry '14462961727' for key 'PRIMARY'
2018-11-20 09:57:06 INFO  Crawler:297 - [Progress 96] elaped time : 00:00:28, curSave : 155, Totalsave : 1032, curErr : 21, totalErr : 113, remain_work : 2, total : 98
2018-11-20 09:57:07 INFO  Crawler:297 - [Progress 97] elaped time : 00:00:28, curSave : 155, Totalsave : 1032, curErr : 21, totalErr : 113, remain_work : 1, total : 98
2018-11-20 09:57:07 INFO  Crawler:297 - [Progress 98] elaped time : 00:00:28, curSave : 155, Totalsave : 1032, curErr : 21, totalErr : 113, remain_work : 3, total : 101
2018-11-20 09:57:07 ERROR Crawler:288 - [ERR URL] https://search.shopping.naver.com/search/all.nhn?frm=NVSHPAG&pagingSize=80&query=%ED%98%84%EB%8C%80&origQuery=%ED%98%84%EB%8C%80&pagingIndex=3&viewType=list&sort=rel
2018-11-20 09:57:07 ERROR Crawler:292 - L ERR_CONTENTS_COL : category, span.depth > a, text
2018-11-20 09:57:07 ERROR Crawler:292 - L ERR_CONTENTS_COL : category, span.depth > a, text
2018-11-20 09:57:07 ERROR Crawler:292 - L ERR_CONTENTS_COL : category, span.depth > a, text
2018-11-20 09:57:07 ERROR Crawler:292 - L ERR_CONTENTS_COL : category, span.depth > a, text
2018-11-20 09:57:07 ERROR Crawler:292 - L ERR_CONTENTS_COL : category, span.depth > a, text
2018-11-20 09:57:07 ERROR Crawler:292 - L ERR_CONTENTS_COL : category, span.depth > a, text
2018-11-20 09:57:07 ERROR Crawler:292 - L ERR_CONTENTS_COL : category, span.depth > a, text
2018-11-20 09:57:07 ERROR Crawler:292 - L ERR_CONTENTS_COL : category, span.depth > a, text
2018-11-20 09:57:07 ERROR Crawler:292 - L ERR_WRITE : Contents write failed : Duplicate entry '15621191956' for key 'PRIMARY'
2018-11-20 09:57:07 ERROR Crawler:292 - L ERR_WRITE : Contents write failed : Duplicate entry '15615720722' for key 'PRIMARY'
2018-11-20 09:57:07 INFO  Crawler:297 - [Progress 99] elaped time : 00:00:28, curSave : 233, Totalsave : 1110, curErr : 31, totalErr : 123, remain_work : 2, total : 101
2018-11-20 09:57:08 INFO  Crawler:297 - [Progress 100] elaped time : 00:00:29, curSave : 233, Totalsave : 1110, curErr : 31, totalErr : 123, remain_work : 1, total : 101
2018-11-20 09:57:08 INFO  Crawler:297 - [Progress 101] elaped time : 00:00:29, curSave : 233, Totalsave : 1110, curErr : 31, totalErr : 123, remain_work : 3, total : 104
2018-11-20 09:57:08 ERROR Crawler:288 - [ERR URL] https://search.shopping.naver.com/search/all.nhn?frm=NVSHPAG&pagingSize=80&query=%ED%98%84%EB%8C%80&origQuery=%ED%98%84%EB%8C%80&pagingIndex=4&viewType=list&sort=rel
2018-11-20 09:57:08 ERROR Crawler:292 - L ERR_CONTENTS_COL : category, span.depth > a, text
2018-11-20 09:57:08 ERROR Crawler:292 - L ERR_CONTENTS_COL : category, span.depth > a, text
2018-11-20 09:57:08 ERROR Crawler:292 - L ERR_CONTENTS_COL : category, span.depth > a, text
2018-11-20 09:57:08 ERROR Crawler:292 - L ERR_CONTENTS_COL : category, span.depth > a, text
2018-11-20 09:57:08 ERROR Crawler:292 - L ERR_CONTENTS_COL : category, span.depth > a, text
2018-11-20 09:57:08 ERROR Crawler:292 - L ERR_CONTENTS_COL : category, span.depth > a, text
2018-11-20 09:57:08 ERROR Crawler:292 - L ERR_CONTENTS_COL : category, span.depth > a, text
2018-11-20 09:57:08 ERROR Crawler:292 - L ERR_CONTENTS_COL : category, span.depth > a, text
2018-11-20 09:57:08 ERROR Crawler:292 - L ERR_WRITE : Contents write failed : Duplicate entry '14104409365' for key 'PRIMARY'
2018-11-20 09:57:08 ERROR Crawler:292 - L ERR_WRITE : Contents write failed : Duplicate entry '11763949679' for key 'PRIMARY'
2018-11-20 09:57:08 INFO  Crawler:297 - [Progress 102] elaped time : 00:00:29, curSave : 311, Totalsave : 1188, curErr : 41, totalErr : 133, remain_work : 2, total : 104
2018-11-20 09:57:08 INFO  Crawler:297 - [Progress 103] elaped time : 00:00:30, curSave : 311, Totalsave : 1188, curErr : 41, totalErr : 133, remain_work : 1, total : 104
2018-11-20 09:57:09 INFO  Crawler:297 - [Progress 104] elaped time : 00:00:30, curSave : 311, Totalsave : 1188, curErr : 41, totalErr : 133, remain_work : 3, total : 107
2018-11-20 09:57:09 ERROR Crawler:288 - [ERR URL] https://search.shopping.naver.com/search/all.nhn?frm=NVSHPAG&pagingSize=80&query=%ED%98%84%EB%8C%80&origQuery=%ED%98%84%EB%8C%80&pagingIndex=5&viewType=list&sort=rel
2018-11-20 09:57:09 ERROR Crawler:292 - L ERR_CONTENTS_COL : category, span.depth > a, text
2018-11-20 09:57:09 ERROR Crawler:292 - L ERR_CONTENTS_COL : category, span.depth > a, text
2018-11-20 09:57:09 ERROR Crawler:292 - L ERR_CONTENTS_COL : category, span.depth > a, text
2018-11-20 09:57:09 ERROR Crawler:292 - L ERR_CONTENTS_COL : category, span.depth > a, text
2018-11-20 09:57:09 ERROR Crawler:292 - L ERR_CONTENTS_COL : category, span.depth > a, text
2018-11-20 09:57:09 ERROR Crawler:292 - L ERR_CONTENTS_COL : category, span.depth > a, text
2018-11-20 09:57:09 ERROR Crawler:292 - L ERR_CONTENTS_COL : category, span.depth > a, text
2018-11-20 09:57:09 ERROR Crawler:292 - L ERR_CONTENTS_COL : category, span.depth > a, text
2018-11-20 09:57:09 ERROR Crawler:292 - L ERR_WRITE : Contents write failed : Duplicate entry '14428149766' for key 'PRIMARY'
2018-11-20 09:57:09 INFO  Crawler:297 - [Progress 105] elaped time : 00:00:30, curSave : 390, Totalsave : 1267, curErr : 50, totalErr : 142, remain_work : 2, total : 107
