2018-11-20 09:56:45 ERROR Crawler:288 - [ERR URL] https://search.shopping.naver.com/search/all.nhn?frm=NVSHATC&pagingSize=80&query=%EA%B8%B0%EC%95%84
2018-11-20 09:56:45 ERROR Crawler:292 - L ERR_CONTENTS_COL : category, span.depth > a, text
2018-11-20 09:56:45 ERROR Crawler:292 - L ERR_CONTENTS_COL : category, span.depth > a, text
2018-11-20 09:56:45 ERROR Crawler:292 - L ERR_CONTENTS_COL : category, span.depth > a, text
2018-11-20 09:56:45 ERROR Crawler:292 - L ERR_CONTENTS_COL : category, span.depth > a, text
2018-11-20 09:56:45 ERROR Crawler:292 - L ERR_CONTENTS_COL : category, span.depth > a, text
2018-11-20 09:56:45 ERROR Crawler:292 - L ERR_CONTENTS_COL : category, span.depth > a, text
2018-11-20 09:56:45 ERROR Crawler:292 - L ERR_CONTENTS_COL : category, span.depth > a, text
2018-11-20 09:56:45 ERROR Crawler:292 - L ERR_CONTENTS_COL : category, span.depth > a, text
2018-11-20 09:56:47 ERROR Crawler:288 - [ERR URL] https://search.shopping.naver.com/search/all.nhn?frm=NVSHPAG&pagingSize=80&query=%EA%B8%B0%EC%95%84&origQuery=%EA%B8%B0%EC%95%84&pagingIndex=2&viewType=list&sort=rel
2018-11-20 09:56:47 ERROR Crawler:292 - L ERR_CONTENTS_COL : category, span.depth > a, text
2018-11-20 09:56:47 ERROR Crawler:292 - L ERR_CONTENTS_COL : category, span.depth > a, text
2018-11-20 09:56:47 ERROR Crawler:292 - L ERR_CONTENTS_COL : category, span.depth > a, text
2018-11-20 09:56:47 ERROR Crawler:292 - L ERR_CONTENTS_COL : category, span.depth > a, text
2018-11-20 09:56:47 ERROR Crawler:292 - L ERR_CONTENTS_COL : category, span.depth > a, text
2018-11-20 09:56:47 ERROR Crawler:292 - L ERR_CONTENTS_COL : category, span.depth > a, text
2018-11-20 09:56:47 ERROR Crawler:292 - L ERR_CONTENTS_COL : category, span.depth > a, text
2018-11-20 09:56:47 ERROR Crawler:292 - L ERR_CONTENTS_COL : category, span.depth > a, text
2018-11-20 09:56:47 ERROR Crawler:292 - L ERR_WRITE : Contents write failed : Duplicate entry '15771595012' for key 'PRIMARY'
2018-11-20 09:56:48 ERROR Crawler:288 - [ERR URL] https://search.shopping.naver.com/search/all.nhn?frm=NVSHPAG&pagingSize=80&query=%EA%B8%B0%EC%95%84&origQuery=%EA%B8%B0%EC%95%84&pagingIndex=4&viewType=list&sort=rel
2018-11-20 09:56:48 ERROR Crawler:292 - L ERR_CONTENTS_COL : category, span.depth > a, text
2018-11-20 09:56:48 ERROR Crawler:292 - L ERR_CONTENTS_COL : category, span.depth > a, text
2018-11-20 09:56:48 ERROR Crawler:292 - L ERR_CONTENTS_COL : category, span.depth > a, text
2018-11-20 09:56:48 ERROR Crawler:292 - L ERR_CONTENTS_COL : category, span.depth > a, text
2018-11-20 09:56:48 ERROR Crawler:292 - L ERR_CONTENTS_COL : category, span.depth > a, text
2018-11-20 09:56:48 ERROR Crawler:292 - L ERR_CONTENTS_COL : category, span.depth > a, text
2018-11-20 09:56:48 ERROR Crawler:292 - L ERR_CONTENTS_COL : category, span.depth > a, text
2018-11-20 09:56:48 ERROR Crawler:292 - L ERR_CONTENTS_COL : category, span.depth > a, text
2018-11-20 09:56:51 ERROR Crawler:288 - [ERR URL] https://search.shopping.naver.com/search/all.nhn?frm=NVSHPAG&pagingSize=80&query=%EA%B8%B0%EC%95%84&origQuery=%EA%B8%B0%EC%95%84&pagingIndex=6&viewType=list&sort=rel
2018-11-20 09:56:51 ERROR Crawler:292 - L ERR_CONTENTS_COL : category, span.depth > a, text
2018-11-20 09:56:51 ERROR Crawler:292 - L ERR_CONTENTS_COL : category, span.depth > a, text
2018-11-20 09:56:51 ERROR Crawler:292 - L ERR_CONTENTS_COL : category, span.depth > a, text
2018-11-20 09:56:51 ERROR Crawler:292 - L ERR_CONTENTS_COL : category, span.depth > a, text
2018-11-20 09:56:51 ERROR Crawler:292 - L ERR_CONTENTS_COL : category, span.depth > a, text
2018-11-20 09:56:51 ERROR Crawler:292 - L ERR_CONTENTS_COL : category, span.depth > a, text
2018-11-20 09:56:51 ERROR Crawler:292 - L ERR_CONTENTS_COL : category, span.depth > a, text
2018-11-20 09:56:51 ERROR Crawler:292 - L ERR_CONTENTS_COL : category, span.depth > a, text
2018-11-20 09:56:52 ERROR Crawler:288 - [ERR URL] https://search.shopping.naver.com/search/all.nhn?frm=NVSHPAG&pagingSize=80&query=%EA%B8%B0%EC%95%84&origQuery=%EA%B8%B0%EC%95%84&pagingIndex=7&viewType=list&sort=rel
2018-11-20 09:56:52 ERROR Crawler:292 - L ERR_CONTENTS_COL : category, span.depth > a, text
2018-11-20 09:56:52 ERROR Crawler:292 - L ERR_CONTENTS_COL : category, span.depth > a, text
2018-11-20 09:56:52 ERROR Crawler:292 - L ERR_CONTENTS_COL : category, span.depth > a, text
2018-11-20 09:56:52 ERROR Crawler:292 - L ERR_CONTENTS_COL : category, span.depth > a, text
2018-11-20 09:56:52 ERROR Crawler:292 - L ERR_CONTENTS_COL : category, span.depth > a, text
2018-11-20 09:56:52 ERROR Crawler:292 - L ERR_CONTENTS_COL : category, span.depth > a, text
2018-11-20 09:56:52 ERROR Crawler:292 - L ERR_CONTENTS_COL : category, span.depth > a, text
2018-11-20 09:56:52 ERROR Crawler:292 - L ERR_CONTENTS_COL : category, span.depth > a, text
2018-11-20 09:56:54 ERROR Crawler:288 - [ERR URL] https://search.shopping.naver.com/search/all.nhn?frm=NVSHPAG&pagingSize=80&query=%EA%B8%B0%EC%95%84&origQuery=%EA%B8%B0%EC%95%84&pagingIndex=8&viewType=list&sort=rel
2018-11-20 09:56:54 ERROR Crawler:292 - L ERR_CONTENTS_COL : category, span.depth > a, text
2018-11-20 09:56:54 ERROR Crawler:292 - L ERR_CONTENTS_COL : category, span.depth > a, text
2018-11-20 09:56:54 ERROR Crawler:292 - L ERR_CONTENTS_COL : category, span.depth > a, text
2018-11-20 09:56:54 ERROR Crawler:292 - L ERR_CONTENTS_COL : category, span.depth > a, text
2018-11-20 09:56:54 ERROR Crawler:292 - L ERR_CONTENTS_COL : category, span.depth > a, text
2018-11-20 09:56:54 ERROR Crawler:292 - L ERR_CONTENTS_COL : category, span.depth > a, text
2018-11-20 09:56:54 ERROR Crawler:292 - L ERR_CONTENTS_COL : category, span.depth > a, text
2018-11-20 09:56:54 ERROR Crawler:292 - L ERR_CONTENTS_COL : category, span.depth > a, text
2018-11-20 09:56:55 ERROR Crawler:288 - [ERR URL] https://search.shopping.naver.com/search/all.nhn?frm=NVSHPAG&pagingSize=80&query=%EA%B8%B0%EC%95%84&origQuery=%EA%B8%B0%EC%95%84&pagingIndex=9&viewType=list&sort=rel
2018-11-20 09:56:55 ERROR Crawler:292 - L ERR_CONTENTS_COL : category, span.depth > a, text
2018-11-20 09:56:55 ERROR Crawler:292 - L ERR_CONTENTS_COL : category, span.depth > a, text
2018-11-20 09:56:55 ERROR Crawler:292 - L ERR_CONTENTS_COL : category, span.depth > a, text
2018-11-20 09:56:55 ERROR Crawler:292 - L ERR_CONTENTS_COL : category, span.depth > a, text
2018-11-20 09:56:55 ERROR Crawler:292 - L ERR_CONTENTS_COL : category, span.depth > a, text
2018-11-20 09:56:55 ERROR Crawler:292 - L ERR_CONTENTS_COL : category, span.depth > a, text
2018-11-20 09:56:55 ERROR Crawler:292 - L ERR_CONTENTS_COL : category, span.depth > a, text
2018-11-20 09:56:55 ERROR Crawler:292 - L ERR_CONTENTS_COL : category, span.depth > a, text
2018-11-20 09:56:56 ERROR Crawler:288 - [ERR URL] https://search.shopping.naver.com/search/all.nhn?frm=NVSHPAG&pagingSize=80&query=%EA%B8%B0%EC%95%84&origQuery=%EA%B8%B0%EC%95%84&pagingIndex=10&viewType=list&sort=rel
2018-11-20 09:56:56 ERROR Crawler:292 - L ERR_CONTENTS_COL : category, span.depth > a, text
2018-11-20 09:56:56 ERROR Crawler:292 - L ERR_CONTENTS_COL : category, span.depth > a, text
2018-11-20 09:56:56 ERROR Crawler:292 - L ERR_CONTENTS_COL : category, span.depth > a, text
2018-11-20 09:56:56 ERROR Crawler:292 - L ERR_CONTENTS_COL : category, span.depth > a, text
2018-11-20 09:56:56 ERROR Crawler:292 - L ERR_CONTENTS_COL : category, span.depth > a, text
2018-11-20 09:56:56 ERROR Crawler:292 - L ERR_CONTENTS_COL : category, span.depth > a, text
2018-11-20 09:56:56 ERROR Crawler:292 - L ERR_CONTENTS_COL : category, span.depth > a, text
2018-11-20 09:56:56 ERROR Crawler:292 - L ERR_CONTENTS_COL : category, span.depth > a, text
2018-11-20 09:56:57 ERROR Crawler:288 - [ERR URL] https://search.shopping.naver.com/search/all.nhn?frm=NVSHPAG&pagingSize=80&query=%EA%B8%B0%EC%95%84&origQuery=%EA%B8%B0%EC%95%84&pagingIndex=12&viewType=list&sort=rel
2018-11-20 09:56:57 ERROR Crawler:292 - L ERR_CONTENTS_COL : category, span.depth > a, text
2018-11-20 09:56:57 ERROR Crawler:292 - L ERR_CONTENTS_COL : category, span.depth > a, text
2018-11-20 09:56:57 ERROR Crawler:292 - L ERR_CONTENTS_COL : category, span.depth > a, text
2018-11-20 09:56:57 ERROR Crawler:292 - L ERR_CONTENTS_COL : category, span.depth > a, text
2018-11-20 09:56:57 ERROR Crawler:292 - L ERR_CONTENTS_COL : category, span.depth > a, text
2018-11-20 09:56:57 ERROR Crawler:292 - L ERR_CONTENTS_COL : category, span.depth > a, text
2018-11-20 09:56:57 ERROR Crawler:292 - L ERR_CONTENTS_COL : category, span.depth > a, text
2018-11-20 09:56:57 ERROR Crawler:292 - L ERR_CONTENTS_COL : category, span.depth > a, text
2018-11-20 09:56:58 ERROR Crawler:288 - [ERR URL] https://search.shopping.naver.com/search/all.nhn?frm=NVSHPAG&pagingSize=80&query=%EA%B8%B0%EC%95%84&origQuery=%EA%B8%B0%EC%95%84&pagingIndex=13&viewType=list&sort=rel
2018-11-20 09:56:58 ERROR Crawler:292 - L ERR_CONTENTS_COL : category, span.depth > a, text
2018-11-20 09:56:58 ERROR Crawler:292 - L ERR_CONTENTS_COL : category, span.depth > a, text
2018-11-20 09:56:58 ERROR Crawler:292 - L ERR_CONTENTS_COL : category, span.depth > a, text
2018-11-20 09:56:58 ERROR Crawler:292 - L ERR_CONTENTS_COL : category, span.depth > a, text
2018-11-20 09:56:58 ERROR Crawler:292 - L ERR_CONTENTS_COL : category, span.depth > a, text
2018-11-20 09:56:58 ERROR Crawler:292 - L ERR_CONTENTS_COL : category, span.depth > a, text
2018-11-20 09:56:58 ERROR Crawler:292 - L ERR_CONTENTS_COL : category, span.depth > a, text
2018-11-20 09:56:58 ERROR Crawler:292 - L ERR_CONTENTS_COL : category, span.depth > a, text
2018-11-20 09:56:58 ERROR Crawler:292 - L ERR_WRITE : Contents write failed : Duplicate entry '15786635914' for key 'PRIMARY'
2018-11-20 09:57:01 ERROR Crawler:288 - [ERR URL] https://search.shopping.naver.com/search/all.nhn?frm=NVSHPAG&pagingSize=80&query=%EA%B8%B0%EC%95%84&origQuery=%EA%B8%B0%EC%95%84&pagingIndex=15&viewType=list&sort=rel
2018-11-20 09:57:01 ERROR Crawler:292 - L ERR_CONTENTS_COL : category, span.depth > a, text
2018-11-20 09:57:01 ERROR Crawler:292 - L ERR_CONTENTS_COL : category, span.depth > a, text
2018-11-20 09:57:01 ERROR Crawler:292 - L ERR_CONTENTS_COL : category, span.depth > a, text
2018-11-20 09:57:01 ERROR Crawler:292 - L ERR_CONTENTS_COL : category, span.depth > a, text
2018-11-20 09:57:01 ERROR Crawler:292 - L ERR_CONTENTS_COL : category, span.depth > a, text
2018-11-20 09:57:01 ERROR Crawler:292 - L ERR_CONTENTS_COL : category, span.depth > a, text
2018-11-20 09:57:01 ERROR Crawler:292 - L ERR_CONTENTS_COL : category, span.depth > a, text
2018-11-20 09:57:01 ERROR Crawler:292 - L ERR_CONTENTS_COL : category, span.depth > a, text
2018-11-20 09:57:01 ERROR Crawler:292 - L ERR_WRITE : Contents write failed : Duplicate entry '15786216913' for key 'PRIMARY'
2018-11-20 09:57:02 ERROR WorkRunnable:82 - not found element stale element reference: element is not attached to the page document
  (Session info: chrome=70.0.3538.102)
  (Driver info: chromedriver=2.43.600210 (68dcf5eebde37173d4027fa8635e332711d2874a),platform=Windows NT 10.0.17134 x86_64) (WARNING: The server did not provide any stacktrace information)
Command duration or timeout: 0 milliseconds
For documentation on this error, please visit: http://seleniumhq.org/exceptions/stale_element_reference.html
Build info: version: '3.11.0', revision: 'e59cfb3', time: '2018-03-11T20:26:55.152Z'
System info: host: 'LAPTOP-94HKRVCK', ip: '192.168.56.1', os.name: 'Windows 10', os.arch: 'amd64', os.version: '10.0', java.version: '1.8.0_161'
Driver info: org.openqa.selenium.chrome.ChromeDriver
Capabilities {acceptInsecureCerts: false, acceptSslCerts: false, applicationCacheEnabled: false, browserConnectionEnabled: false, browserName: chrome, chrome: {chromedriverVersion: 2.43.600210 (68dcf5eebde371..., userDataDir: C:\Users\onycom\AppData\Loc...}, cssSelectorsEnabled: true, databaseEnabled: false, goog:chromeOptions: {debuggerAddress: localhost:13198}, handlesAlerts: true, hasTouchScreen: false, javascriptEnabled: true, locationContextEnabled: true, mobileEmulationEnabled: false, nativeEvents: true, networkConnectionEnabled: false, pageLoadStrategy: normal, platform: XP, platformName: XP, rotatable: false, setWindowRect: true, takesHeapSnapshot: true, takesScreenshot: true, unexpectedAlertBehaviour: , unhandledPromptBehavior: , version: 70.0.3538.102, webStorageEnabled: true}
Session ID: 423ad42abe8a920cf5cb269467e760d8
org.openqa.selenium.StaleElementReferenceException: stale element reference: element is not attached to the page document
  (Session info: chrome=70.0.3538.102)
  (Driver info: chromedriver=2.43.600210 (68dcf5eebde37173d4027fa8635e332711d2874a),platform=Windows NT 10.0.17134 x86_64) (WARNING: The server did not provide any stacktrace information)
Command duration or timeout: 0 milliseconds
For documentation on this error, please visit: http://seleniumhq.org/exceptions/stale_element_reference.html
Build info: version: '3.11.0', revision: 'e59cfb3', time: '2018-03-11T20:26:55.152Z'
System info: host: 'LAPTOP-94HKRVCK', ip: '192.168.56.1', os.name: 'Windows 10', os.arch: 'amd64', os.version: '10.0', java.version: '1.8.0_161'
Driver info: org.openqa.selenium.chrome.ChromeDriver
Capabilities {acceptInsecureCerts: false, acceptSslCerts: false, applicationCacheEnabled: false, browserConnectionEnabled: false, browserName: chrome, chrome: {chromedriverVersion: 2.43.600210 (68dcf5eebde371..., userDataDir: C:\Users\onycom\AppData\Loc...}, cssSelectorsEnabled: true, databaseEnabled: false, goog:chromeOptions: {debuggerAddress: localhost:13198}, handlesAlerts: true, hasTouchScreen: false, javascriptEnabled: true, locationContextEnabled: true, mobileEmulationEnabled: false, nativeEvents: true, networkConnectionEnabled: false, pageLoadStrategy: normal, platform: XP, platformName: XP, rotatable: false, setWindowRect: true, takesHeapSnapshot: true, takesScreenshot: true, unexpectedAlertBehaviour: , unhandledPromptBehavior: , version: 70.0.3538.102, webStorageEnabled: true}
Session ID: 423ad42abe8a920cf5cb269467e760d8
	at com.onycom.crawler.core.WorkRunnable.run(WorkRunnable.java:82)
	at java.lang.Thread.run(Thread.java:748)
2018-11-20 09:57:02 ERROR Crawler:288 - [ERR URL] https://search.shopping.naver.com/search/all.nhn?frm=NVSHPAG&pagingSize=80&query=%EA%B8%B0%EC%95%84&origQuery=%EA%B8%B0%EC%95%84&pagingIndex=16&viewType=list&sort=rel
2018-11-20 09:57:02 ERROR Crawler:292 - L ERR : not found element stale element reference: element is not attached to the page document
  (Session info: chrome=70.0.3538.102)
  (Driver info: chromedriver=2.43.600210 (68dcf5eebde37173d4027fa8635e332711d2874a),platform=Windows NT 10.0.17134 x86_64) (WARNING: The server did not provide any stacktrace information)
Command duration or timeout: 0 milliseconds
For documentation on this error, please visit: http://seleniumhq.org/exceptions/stale_element_reference.html
Build info: version: '3.11.0', revision: 'e59cfb3', time: '2018-03-11T20:26:55.152Z'
System info: host: 'LAPTOP-94HKRVCK', ip: '192.168.56.1', os.name: 'Windows 10', os.arch: 'amd64', os.version: '10.0', java.version: '1.8.0_161'
Driver info: org.openqa.selenium.chrome.ChromeDriver
Capabilities {acceptInsecureCerts: false, acceptSslCerts: false, applicationCacheEnabled: false, browserConnectionEnabled: false, browserName: chrome, chrome: {chromedriverVersion: 2.43.600210 (68dcf5eebde371..., userDataDir: C:\Users\onycom\AppData\Loc...}, cssSelectorsEnabled: true, databaseEnabled: false, goog:chromeOptions: {debuggerAddress: localhost:13198}, handlesAlerts: true, hasTouchScreen: false, javascriptEnabled: true, locationContextEnabled: true, mobileEmulationEnabled: false, nativeEvents: true, networkConnectionEnabled: false, pageLoadStrategy: normal, platform: XP, platformName: XP, rotatable: false, setWindowRect: true, takesHeapSnapshot: true, takesScreenshot: true, unexpectedAlertBehaviour: , unhandledPromptBehavior: , version: 70.0.3538.102, webStorageEnabled: true}
Session ID: 423ad42abe8a920cf5cb269467e760d8
2018-11-20 09:57:05 ERROR Crawler:288 - [ERR URL] https://search.shopping.naver.com/search/all.nhn?frm=NVSHATC&pagingSize=80&query=%ED%98%84%EB%8C%80
2018-11-20 09:57:05 ERROR Crawler:292 - L ERR_CONTENTS_COL : category, span.depth > a, text
2018-11-20 09:57:05 ERROR Crawler:292 - L ERR_CONTENTS_COL : category, span.depth > a, text
2018-11-20 09:57:05 ERROR Crawler:292 - L ERR_CONTENTS_COL : category, span.depth > a, text
2018-11-20 09:57:05 ERROR Crawler:292 - L ERR_CONTENTS_COL : category, span.depth > a, text
2018-11-20 09:57:05 ERROR Crawler:292 - L ERR_CONTENTS_COL : category, span.depth > a, text
2018-11-20 09:57:05 ERROR Crawler:292 - L ERR_CONTENTS_COL : category, span.depth > a, text
2018-11-20 09:57:05 ERROR Crawler:292 - L ERR_CONTENTS_COL : category, span.depth > a, text
2018-11-20 09:57:05 ERROR Crawler:292 - L ERR_CONTENTS_COL : category, span.depth > a, text
2018-11-20 09:57:05 ERROR Crawler:292 - L ERR_WRITE : Contents write failed : Duplicate entry '11123149561' for key 'PRIMARY'
2018-11-20 09:57:05 ERROR Crawler:292 - L ERR_WRITE : Contents write failed : Duplicate entry '13920346913' for key 'PRIMARY'
2018-11-20 09:57:05 ERROR Crawler:292 - L ERR_WRITE : Contents write failed : Duplicate entry '10090552500' for key 'PRIMARY'
2018-11-20 09:57:05 ERROR Crawler:292 - L ERR_WRITE : Contents write failed : Duplicate entry '15621134005' for key 'PRIMARY'
2018-11-20 09:57:06 ERROR Crawler:288 - [ERR URL] https://search.shopping.naver.com/search/all.nhn?frm=NVSHPAG&pagingSize=80&query=%ED%98%84%EB%8C%80&origQuery=%ED%98%84%EB%8C%80&pagingIndex=2&viewType=list&sort=rel
2018-11-20 09:57:06 ERROR Crawler:292 - L ERR_CONTENTS_COL : category, span.depth > a, text
2018-11-20 09:57:06 ERROR Crawler:292 - L ERR_CONTENTS_COL : category, span.depth > a, text
2018-11-20 09:57:06 ERROR Crawler:292 - L ERR_CONTENTS_COL : category, span.depth > a, text
2018-11-20 09:57:06 ERROR Crawler:292 - L ERR_CONTENTS_COL : category, span.depth > a, text
2018-11-20 09:57:06 ERROR Crawler:292 - L ERR_CONTENTS_COL : category, span.depth > a, text
2018-11-20 09:57:06 ERROR Crawler:292 - L ERR_CONTENTS_COL : category, span.depth > a, text
2018-11-20 09:57:06 ERROR Crawler:292 - L ERR_CONTENTS_COL : category, span.depth > a, text
2018-11-20 09:57:06 ERROR Crawler:292 - L ERR_CONTENTS_COL : category, span.depth > a, text
2018-11-20 09:57:06 ERROR Crawler:292 - L ERR_WRITE : Contents write failed : Duplicate entry '14462961727' for key 'PRIMARY'
2018-11-20 09:57:07 ERROR Crawler:288 - [ERR URL] https://search.shopping.naver.com/search/all.nhn?frm=NVSHPAG&pagingSize=80&query=%ED%98%84%EB%8C%80&origQuery=%ED%98%84%EB%8C%80&pagingIndex=3&viewType=list&sort=rel
2018-11-20 09:57:07 ERROR Crawler:292 - L ERR_CONTENTS_COL : category, span.depth > a, text
2018-11-20 09:57:07 ERROR Crawler:292 - L ERR_CONTENTS_COL : category, span.depth > a, text
2018-11-20 09:57:07 ERROR Crawler:292 - L ERR_CONTENTS_COL : category, span.depth > a, text
2018-11-20 09:57:07 ERROR Crawler:292 - L ERR_CONTENTS_COL : category, span.depth > a, text
2018-11-20 09:57:07 ERROR Crawler:292 - L ERR_CONTENTS_COL : category, span.depth > a, text
2018-11-20 09:57:07 ERROR Crawler:292 - L ERR_CONTENTS_COL : category, span.depth > a, text
2018-11-20 09:57:07 ERROR Crawler:292 - L ERR_CONTENTS_COL : category, span.depth > a, text
2018-11-20 09:57:07 ERROR Crawler:292 - L ERR_CONTENTS_COL : category, span.depth > a, text
2018-11-20 09:57:07 ERROR Crawler:292 - L ERR_WRITE : Contents write failed : Duplicate entry '15621191956' for key 'PRIMARY'
2018-11-20 09:57:07 ERROR Crawler:292 - L ERR_WRITE : Contents write failed : Duplicate entry '15615720722' for key 'PRIMARY'
2018-11-20 09:57:08 ERROR Crawler:288 - [ERR URL] https://search.shopping.naver.com/search/all.nhn?frm=NVSHPAG&pagingSize=80&query=%ED%98%84%EB%8C%80&origQuery=%ED%98%84%EB%8C%80&pagingIndex=4&viewType=list&sort=rel
2018-11-20 09:57:08 ERROR Crawler:292 - L ERR_CONTENTS_COL : category, span.depth > a, text
2018-11-20 09:57:08 ERROR Crawler:292 - L ERR_CONTENTS_COL : category, span.depth > a, text
2018-11-20 09:57:08 ERROR Crawler:292 - L ERR_CONTENTS_COL : category, span.depth > a, text
2018-11-20 09:57:08 ERROR Crawler:292 - L ERR_CONTENTS_COL : category, span.depth > a, text
2018-11-20 09:57:08 ERROR Crawler:292 - L ERR_CONTENTS_COL : category, span.depth > a, text
2018-11-20 09:57:08 ERROR Crawler:292 - L ERR_CONTENTS_COL : category, span.depth > a, text
2018-11-20 09:57:08 ERROR Crawler:292 - L ERR_CONTENTS_COL : category, span.depth > a, text
2018-11-20 09:57:08 ERROR Crawler:292 - L ERR_CONTENTS_COL : category, span.depth > a, text
2018-11-20 09:57:08 ERROR Crawler:292 - L ERR_WRITE : Contents write failed : Duplicate entry '14104409365' for key 'PRIMARY'
2018-11-20 09:57:08 ERROR Crawler:292 - L ERR_WRITE : Contents write failed : Duplicate entry '11763949679' for key 'PRIMARY'
2018-11-20 09:57:09 ERROR Crawler:288 - [ERR URL] https://search.shopping.naver.com/search/all.nhn?frm=NVSHPAG&pagingSize=80&query=%ED%98%84%EB%8C%80&origQuery=%ED%98%84%EB%8C%80&pagingIndex=5&viewType=list&sort=rel
2018-11-20 09:57:09 ERROR Crawler:292 - L ERR_CONTENTS_COL : category, span.depth > a, text
2018-11-20 09:57:09 ERROR Crawler:292 - L ERR_CONTENTS_COL : category, span.depth > a, text
2018-11-20 09:57:09 ERROR Crawler:292 - L ERR_CONTENTS_COL : category, span.depth > a, text
2018-11-20 09:57:09 ERROR Crawler:292 - L ERR_CONTENTS_COL : category, span.depth > a, text
2018-11-20 09:57:09 ERROR Crawler:292 - L ERR_CONTENTS_COL : category, span.depth > a, text
2018-11-20 09:57:09 ERROR Crawler:292 - L ERR_CONTENTS_COL : category, span.depth > a, text
2018-11-20 09:57:09 ERROR Crawler:292 - L ERR_CONTENTS_COL : category, span.depth > a, text
2018-11-20 09:57:09 ERROR Crawler:292 - L ERR_CONTENTS_COL : category, span.depth > a, text
2018-11-20 09:57:09 ERROR Crawler:292 - L ERR_WRITE : Contents write failed : Duplicate entry '14428149766' for key 'PRIMARY'
