2018-11-08 18:10:59 ERROR Crawler:266 - [ERR URL] http://domeggook.com/8031622?sfc=ttl&sf=ttl&sw=%B1%E8
2018-11-08 18:10:59 ERROR Crawler:269 - L ERR_WRITE : Contents write failed : Duplicate entry '8031622' for key 'PRIMARY'
2018-11-08 18:11:01 ERROR Crawler:266 - [ERR URL] http://domeggook.com/7515374?sfc=ttl&sf=ttl&sw=%B1%E8
2018-11-08 18:11:01 ERROR Crawler:269 - L ERR_WRITE : Contents write failed : Duplicate entry '7515374' for key 'PRIMARY'
2018-11-08 18:11:03 ERROR Crawler:266 - [ERR URL] http://domeggook.com/8269048?sfc=ttl&sf=ttl&sw=%B1%E8
2018-11-08 18:11:03 ERROR Crawler:269 - L ERR_WRITE : Contents write failed : Duplicate entry '8269048' for key 'PRIMARY'
2018-11-08 18:11:06 ERROR Crawler:266 - [ERR URL] http://domeggook.com/1744303?sfc=ttl&sf=ttl&sw=%B1%E8
2018-11-08 18:11:06 ERROR Crawler:269 - L ERR_WRITE : Contents write failed : Duplicate entry '1744303' for key 'PRIMARY'
2018-11-08 18:11:08 ERROR Crawler:266 - [ERR URL] http://domeggook.com/8093887?sfc=ttl&sf=ttl&sw=%B1%E8
2018-11-08 18:11:08 ERROR Crawler:269 - L ERR_WRITE : Contents write failed : Duplicate entry '8093887' for key 'PRIMARY'
2018-11-08 18:11:10 ERROR Crawler:266 - [ERR URL] http://domeggook.com/7189460?sfc=ttl&sf=ttl&sw=%B1%E8
2018-11-08 18:11:10 ERROR Crawler:269 - L ERR_WRITE : Contents write failed : Duplicate entry '7189460' for key 'PRIMARY'
2018-11-08 18:11:13 ERROR Crawler:266 - [ERR URL] http://domeggook.com/7545296?sfc=ttl&sf=ttl&sw=%B1%E8
2018-11-08 18:11:13 ERROR Crawler:269 - L ERR_WRITE : Contents write failed : Duplicate entry '7545296' for key 'PRIMARY'
2018-11-08 18:11:15 ERROR Crawler:266 - [ERR URL] http://domeggook.com/6412500?sfc=ttl&sf=ttl&sw=%B1%E8
2018-11-08 18:11:15 ERROR Crawler:269 - L ERR_WRITE : Contents write failed : Duplicate entry '6412500' for key 'PRIMARY'
2018-11-08 18:11:18 ERROR Crawler:266 - [ERR URL] http://domeggook.com/6412499?sfc=ttl&sf=ttl&sw=%B1%E8
2018-11-08 18:11:18 ERROR Crawler:269 - L ERR_WRITE : Contents write failed : Duplicate entry '6412499' for key 'PRIMARY'
2018-11-08 18:11:21 ERROR Crawler:266 - [ERR URL] http://domeggook.com/6154659?sfc=ttl&sf=ttl&sw=%B1%E8
2018-11-08 18:11:21 ERROR Crawler:269 - L ERR_WRITE : Contents write failed : Duplicate entry '6154659' for key 'PRIMARY'
2018-11-08 18:11:23 ERROR Crawler:266 - [ERR URL] http://domeggook.com/7418882?sfc=ttl&sf=ttl&sw=%B1%E8
2018-11-08 18:11:23 ERROR Crawler:269 - L ERR_WRITE : Contents write failed : Duplicate entry '7418882' for key 'PRIMARY'
2018-11-08 18:11:25 ERROR Crawler:266 - [ERR URL] http://domeggook.com/8192040?sfc=ttl&sf=ttl&sw=%B1%E8
2018-11-08 18:11:25 ERROR Crawler:269 - L ERR_WRITE : Contents write failed : Duplicate entry '8192040' for key 'PRIMARY'
2018-11-08 18:11:27 ERROR Crawler:266 - [ERR URL] http://domeggook.com/7080854?sfc=ttl&sf=ttl&sw=%B1%E8
2018-11-08 18:11:27 ERROR Crawler:269 - L ERR_WRITE : Contents write failed : Duplicate entry '7080854' for key 'PRIMARY'
2018-11-08 18:11:29 ERROR Crawler:266 - [ERR URL] http://domeggook.com/6982198?sfc=ttl&sf=ttl&sw=%B1%E8
2018-11-08 18:11:29 ERROR Crawler:269 - L ERR_WRITE : Contents write failed : Duplicate entry '6982198' for key 'PRIMARY'
2018-11-08 18:11:32 ERROR Crawler:266 - [ERR URL] http://domeggook.com/6982202?sfc=ttl&sf=ttl&sw=%B1%E8
2018-11-08 18:11:32 ERROR Crawler:269 - L ERR_WRITE : Contents write failed : Duplicate entry '6982202' for key 'PRIMARY'
2018-11-08 18:11:34 ERROR Crawler:266 - [ERR URL] http://domeggook.com/6653618?sfc=ttl&sf=ttl&sw=%B1%E8
2018-11-08 18:11:34 ERROR Crawler:269 - L ERR_WRITE : Contents write failed : Duplicate entry '6653618' for key 'PRIMARY'
2018-11-08 18:11:36 ERROR Crawler:266 - [ERR URL] http://domeggook.com/7970715?sfc=ttl&sf=ttl&sw=%B1%E8
2018-11-08 18:11:36 ERROR Crawler:269 - L ERR_WRITE : Contents write failed : Duplicate entry '7970715' for key 'PRIMARY'
2018-11-08 18:11:38 ERROR Crawler:266 - [ERR URL] http://domeggook.com/7972226?sfc=ttl&sf=ttl&sw=%B1%E8
2018-11-08 18:11:38 ERROR Crawler:269 - L ERR_WRITE : Contents write failed : Duplicate entry '7972226' for key 'PRIMARY'
2018-11-08 18:11:40 ERROR Crawler:266 - [ERR URL] http://domeggook.com/7401190?sfc=ttl&sf=ttl&sw=%B1%E8
2018-11-08 18:11:40 ERROR Crawler:269 - L ERR_WRITE : Contents write failed : Duplicate entry '7401190' for key 'PRIMARY'
2018-11-08 18:11:43 ERROR Crawler:266 - [ERR URL] http://domeggook.com/4445104?sfc=ttl&sf=ttl&sw=%B1%E8
2018-11-08 18:11:43 ERROR Crawler:269 - L ERR_WRITE : Contents write failed : Duplicate entry '4445104' for key 'PRIMARY'
2018-11-08 18:11:45 ERROR Crawler:266 - [ERR URL] http://domeggook.com/3400135?sfc=ttl&sf=ttl&sw=%B1%E8
2018-11-08 18:11:45 ERROR Crawler:269 - L ERR_WRITE : Contents write failed : Duplicate entry '3400135' for key 'PRIMARY'
2018-11-08 18:11:47 ERROR Crawler:266 - [ERR URL] http://domeggook.com/4445122?sfc=ttl&sf=ttl&sw=%B1%E8
2018-11-08 18:11:47 ERROR Crawler:269 - L ERR_WRITE : Contents write failed : Duplicate entry '4445122' for key 'PRIMARY'
2018-11-08 18:11:50 ERROR Crawler:266 - [ERR URL] http://domeggook.com/6154667?sfc=ttl&sf=ttl&sw=%B1%E8
2018-11-08 18:11:50 ERROR Crawler:269 - L ERR_WRITE : Contents write failed : Duplicate entry '6154667' for key 'PRIMARY'
2018-11-08 18:11:52 ERROR Crawler:266 - [ERR URL] http://domeggook.com/6921119?sfc=ttl&sf=ttl&sw=%B1%E8
2018-11-08 18:11:52 ERROR Crawler:269 - L ERR_WRITE : Contents write failed : Duplicate entry '6921119' for key 'PRIMARY'
2018-11-08 18:11:54 ERROR Crawler:266 - [ERR URL] http://domeggook.com/8125503?sfc=ttl&sf=ttl&sw=%B1%E8
2018-11-08 18:11:54 ERROR Crawler:269 - L ERR_WRITE : Contents write failed : Duplicate entry '8125503' for key 'PRIMARY'
2018-11-08 18:11:56 ERROR Crawler:266 - [ERR URL] http://domeggook.com/5104395?sfc=ttl&sf=ttl&sw=%B1%E8
2018-11-08 18:11:56 ERROR Crawler:269 - L ERR_WRITE : Contents write failed : Duplicate entry '5104395' for key 'PRIMARY'
2018-11-08 18:11:58 ERROR Crawler:266 - [ERR URL] http://domeggook.com/7033267?sfc=ttl&sf=ttl&sw=%B1%E8
2018-11-08 18:11:58 ERROR Crawler:269 - L ERR_WRITE : Contents write failed : Duplicate entry '7033267' for key 'PRIMARY'
2018-11-08 18:12:00 ERROR Crawler:266 - [ERR URL] http://domeggook.com/7034333?sfc=ttl&sf=ttl&sw=%B1%E8
2018-11-08 18:12:00 ERROR Crawler:269 - L ERR_WRITE : Contents write failed : Duplicate entry '7034333' for key 'PRIMARY'
2018-11-08 18:12:02 ERROR Crawler:266 - [ERR URL] http://domeggook.com/8226700?sfc=ttl&sf=ttl&sw=%B1%E8
2018-11-08 18:12:02 ERROR Crawler:269 - L ERR_WRITE : Contents write failed : Duplicate entry '8226700' for key 'PRIMARY'
2018-11-08 18:12:04 ERROR Crawler:266 - [ERR URL] http://domeggook.com/6930733?sfc=ttl&sf=ttl&sw=%B1%E8
2018-11-08 18:12:04 ERROR Crawler:269 - L ERR_WRITE : Contents write failed : Duplicate entry '6930733' for key 'PRIMARY'
2018-11-08 18:12:06 ERROR Crawler:266 - [ERR URL] http://domeggook.com/8102828?sfc=ttl&sf=ttl&sw=%B1%E8
2018-11-08 18:12:06 ERROR Crawler:269 - L ERR_WRITE : Contents write failed : Duplicate entry '8102828' for key 'PRIMARY'
2018-11-08 18:12:08 ERROR Crawler:266 - [ERR URL] http://domeggook.com/8096277?sfc=ttl&sf=ttl&sw=%B1%E8
2018-11-08 18:12:08 ERROR Crawler:269 - L ERR_WRITE : Contents write failed : Duplicate entry '8096277' for key 'PRIMARY'
2018-11-08 18:12:11 ERROR Crawler:266 - [ERR URL] http://domeggook.com/8096274?sfc=ttl&sf=ttl&sw=%B1%E8
2018-11-08 18:12:11 ERROR Crawler:269 - L ERR_WRITE : Contents write failed : Duplicate entry '8096274' for key 'PRIMARY'
2018-11-08 18:12:13 ERROR Crawler:266 - [ERR URL] http://domeggook.com/8093972?sfc=ttl&sf=ttl&sw=%B1%E8
2018-11-08 18:12:13 ERROR Crawler:269 - L ERR_WRITE : Contents write failed : Duplicate entry '8093972' for key 'PRIMARY'
2018-11-08 18:12:14 ERROR Crawler:266 - [ERR URL] http://domeggook.com/7468910?sfc=ttl&sf=ttl&sw=%B1%E8
2018-11-08 18:12:14 ERROR Crawler:269 - L ERR_WRITE : Contents write failed : Duplicate entry '7468910' for key 'PRIMARY'
2018-11-08 18:12:16 ERROR Crawler:266 - [ERR URL] http://domeggook.com/7468906?sfc=ttl&sf=ttl&sw=%B1%E8
2018-11-08 18:12:16 ERROR Crawler:269 - L ERR_WRITE : Contents write failed : Duplicate entry '7468906' for key 'PRIMARY'
2018-11-08 18:12:19 ERROR Crawler:266 - [ERR URL] http://domeggook.com/8024559?sfc=ttl&sf=ttl&sw=%B1%E8
2018-11-08 18:12:19 ERROR Crawler:269 - L ERR_WRITE : Contents write failed : Duplicate entry '8024559' for key 'PRIMARY'
2018-11-08 18:12:20 ERROR Crawler:266 - [ERR URL] http://domeggook.com/7970712?sfc=ttl&sf=ttl&sw=%B1%E8
2018-11-08 18:12:20 ERROR Crawler:269 - L ERR_WRITE : Contents write failed : Duplicate entry '7970712' for key 'PRIMARY'
2018-11-08 18:12:23 ERROR Crawler:266 - [ERR URL] http://domeggook.com/7970718?sfc=ttl&sf=ttl&sw=%B1%E8
2018-11-08 18:12:23 ERROR Crawler:269 - L ERR_WRITE : Contents write failed : Duplicate entry '7970718' for key 'PRIMARY'
2018-11-08 18:12:24 ERROR Crawler:266 - [ERR URL] http://domeggook.com/7970717?sfc=ttl&sf=ttl&sw=%B1%E8
2018-11-08 18:12:24 ERROR Crawler:269 - L ERR_WRITE : Contents write failed : Duplicate entry '7970717' for key 'PRIMARY'
2018-11-08 18:12:27 ERROR Crawler:266 - [ERR URL] http://domeggook.com/7970716?sfc=ttl&sf=ttl&sw=%B1%E8
2018-11-08 18:12:27 ERROR Crawler:269 - L ERR_WRITE : Contents write failed : Duplicate entry '7970716' for key 'PRIMARY'
2018-11-08 18:12:29 ERROR Crawler:266 - [ERR URL] http://domeggook.com/7970713?sfc=ttl&sf=ttl&sw=%B1%E8
2018-11-08 18:12:29 ERROR Crawler:269 - L ERR_WRITE : Contents write failed : Duplicate entry '7970713' for key 'PRIMARY'
2018-11-08 18:12:30 ERROR Crawler:266 - [ERR URL] http://domeggook.com/7970711?sfc=ttl&sf=ttl&sw=%B1%E8
2018-11-08 18:12:30 ERROR Crawler:269 - L ERR_WRITE : Contents write failed : Duplicate entry '7970711' for key 'PRIMARY'
2018-11-08 18:12:32 ERROR Crawler:266 - [ERR URL] http://domeggook.com/7970710?sfc=ttl&sf=ttl&sw=%B1%E8
2018-11-08 18:12:32 ERROR Crawler:269 - L ERR_WRITE : Contents write failed : Duplicate entry '7970710' for key 'PRIMARY'
2018-11-08 18:12:34 ERROR Crawler:266 - [ERR URL] http://domeggook.com/7970709?sfc=ttl&sf=ttl&sw=%B1%E8
2018-11-08 18:12:34 ERROR Crawler:269 - L ERR_WRITE : Contents write failed : Duplicate entry '7970709' for key 'PRIMARY'
2018-11-08 18:12:36 ERROR Crawler:266 - [ERR URL] http://domeggook.com/7971973?sfc=ttl&sf=ttl&sw=%B1%E8
2018-11-08 18:12:36 ERROR Crawler:269 - L ERR_WRITE : Contents write failed : Duplicate entry '7971973' for key 'PRIMARY'
2018-11-08 18:12:38 ERROR Crawler:266 - [ERR URL] http://domeggook.com/7971964?sfc=ttl&sf=ttl&sw=%B1%E8
2018-11-08 18:12:38 ERROR Crawler:269 - L ERR_WRITE : Contents write failed : Duplicate entry '7971964' for key 'PRIMARY'
2018-11-08 18:12:40 ERROR Crawler:266 - [ERR URL] http://domeggook.com/7971956?sfc=ttl&sf=ttl&sw=%B1%E8
2018-11-08 18:12:40 ERROR Crawler:269 - L ERR_WRITE : Contents write failed : Duplicate entry '7971956' for key 'PRIMARY'
2018-11-08 18:12:43 ERROR Crawler:266 - [ERR URL] http://domeggook.com/7972227?sfc=ttl&sf=ttl&sw=%B1%E8
2018-11-08 18:12:43 ERROR Crawler:269 - L ERR_WRITE : Contents write failed : Duplicate entry '7972227' for key 'PRIMARY'
2018-11-08 18:12:45 ERROR Crawler:266 - [ERR URL] http://domeggook.com/7972224?sfc=ttl&sf=ttl&sw=%B1%E8
2018-11-08 18:12:45 ERROR Crawler:269 - L ERR_WRITE : Contents write failed : Duplicate entry '7972224' for key 'PRIMARY'
2018-11-08 18:12:45 ERROR WorkRunnable:82 - not found element element not interactable
  (Session info: chrome=70.0.3538.77)
  (Driver info: chromedriver=2.43.600210 (68dcf5eebde37173d4027fa8635e332711d2874a),platform=Windows NT 10.0.17134 x86_64) (WARNING: The server did not provide any stacktrace information)
Command duration or timeout: 0 milliseconds
Build info: version: '3.11.0', revision: 'e59cfb3', time: '2018-03-11T20:26:55.152Z'
System info: host: 'LAPTOP-94HKRVCK', ip: '192.168.56.1', os.name: 'Windows 10', os.arch: 'amd64', os.version: '10.0', java.version: '1.8.0_161'
Driver info: org.openqa.selenium.chrome.ChromeDriver
Capabilities {acceptInsecureCerts: false, acceptSslCerts: false, applicationCacheEnabled: false, browserConnectionEnabled: false, browserName: chrome, chrome: {chromedriverVersion: 2.43.600210 (68dcf5eebde371..., userDataDir: C:\Users\onycom\AppData\Loc...}, cssSelectorsEnabled: true, databaseEnabled: false, goog:chromeOptions: {debuggerAddress: localhost:4116}, handlesAlerts: true, hasTouchScreen: false, javascriptEnabled: true, locationContextEnabled: true, mobileEmulationEnabled: false, nativeEvents: true, networkConnectionEnabled: false, pageLoadStrategy: normal, platform: XP, platformName: XP, rotatable: false, setWindowRect: true, takesHeapSnapshot: true, takesScreenshot: true, unexpectedAlertBehaviour: , unhandledPromptBehavior: , version: 70.0.3538.77, webStorageEnabled: true}
Session ID: a623ad3e66aacfa02ff1ef11495c6c25
org.openqa.selenium.ElementNotVisibleException: element not interactable
  (Session info: chrome=70.0.3538.77)
  (Driver info: chromedriver=2.43.600210 (68dcf5eebde37173d4027fa8635e332711d2874a),platform=Windows NT 10.0.17134 x86_64) (WARNING: The server did not provide any stacktrace information)
Command duration or timeout: 0 milliseconds
Build info: version: '3.11.0', revision: 'e59cfb3', time: '2018-03-11T20:26:55.152Z'
System info: host: 'LAPTOP-94HKRVCK', ip: '192.168.56.1', os.name: 'Windows 10', os.arch: 'amd64', os.version: '10.0', java.version: '1.8.0_161'
Driver info: org.openqa.selenium.chrome.ChromeDriver
Capabilities {acceptInsecureCerts: false, acceptSslCerts: false, applicationCacheEnabled: false, browserConnectionEnabled: false, browserName: chrome, chrome: {chromedriverVersion: 2.43.600210 (68dcf5eebde371..., userDataDir: C:\Users\onycom\AppData\Loc...}, cssSelectorsEnabled: true, databaseEnabled: false, goog:chromeOptions: {debuggerAddress: localhost:4116}, handlesAlerts: true, hasTouchScreen: false, javascriptEnabled: true, locationContextEnabled: true, mobileEmulationEnabled: false, nativeEvents: true, networkConnectionEnabled: false, pageLoadStrategy: normal, platform: XP, platformName: XP, rotatable: false, setWindowRect: true, takesHeapSnapshot: true, takesScreenshot: true, unexpectedAlertBehaviour: , unhandledPromptBehavior: , version: 70.0.3538.77, webStorageEnabled: true}
Session ID: a623ad3e66aacfa02ff1ef11495c6c25
	at com.onycom.crawler.core.WorkRunnable.run(WorkRunnable.java:82)
	at java.lang.Thread.run(Thread.java:748)
2018-11-08 18:12:45 ERROR Crawler:266 - [ERR URL] http://domeggook.com/main/item/itemList.php?sfc=ttl&sf=ttl&sw=%B1%E8
2018-11-08 18:12:45 ERROR Crawler:269 - L ERR : not found element element not interactable
  (Session info: chrome=70.0.3538.77)
  (Driver info: chromedriver=2.43.600210 (68dcf5eebde37173d4027fa8635e332711d2874a),platform=Windows NT 10.0.17134 x86_64) (WARNING: The server did not provide any stacktrace information)
Command duration or timeout: 0 milliseconds
Build info: version: '3.11.0', revision: 'e59cfb3', time: '2018-03-11T20:26:55.152Z'
System info: host: 'LAPTOP-94HKRVCK', ip: '192.168.56.1', os.name: 'Windows 10', os.arch: 'amd64', os.version: '10.0', java.version: '1.8.0_161'
Driver info: org.openqa.selenium.chrome.ChromeDriver
Capabilities {acceptInsecureCerts: false, acceptSslCerts: false, applicationCacheEnabled: false, browserConnectionEnabled: false, browserName: chrome, chrome: {chromedriverVersion: 2.43.600210 (68dcf5eebde371..., userDataDir: C:\Users\onycom\AppData\Loc...}, cssSelectorsEnabled: true, databaseEnabled: false, goog:chromeOptions: {debuggerAddress: localhost:4116}, handlesAlerts: true, hasTouchScreen: false, javascriptEnabled: true, locationContextEnabled: true, mobileEmulationEnabled: false, nativeEvents: true, networkConnectionEnabled: false, pageLoadStrategy: normal, platform: XP, platformName: XP, rotatable: false, setWindowRect: true, takesHeapSnapshot: true, takesScreenshot: true, unexpectedAlertBehaviour: , unhandledPromptBehavior: , version: 70.0.3538.77, webStorageEnabled: true}
Session ID: a623ad3e66aacfa02ff1ef11495c6c25
2018-11-08 18:12:45 ERROR WorkRunnable:82 - not found element element not interactable
  (Session info: chrome=70.0.3538.77)
  (Driver info: chromedriver=2.43.600210 (68dcf5eebde37173d4027fa8635e332711d2874a),platform=Windows NT 10.0.17134 x86_64) (WARNING: The server did not provide any stacktrace information)
Command duration or timeout: 0 milliseconds
Build info: version: '3.11.0', revision: 'e59cfb3', time: '2018-03-11T20:26:55.152Z'
System info: host: 'LAPTOP-94HKRVCK', ip: '192.168.56.1', os.name: 'Windows 10', os.arch: 'amd64', os.version: '10.0', java.version: '1.8.0_161'
Driver info: org.openqa.selenium.chrome.ChromeDriver
Capabilities {acceptInsecureCerts: false, acceptSslCerts: false, applicationCacheEnabled: false, browserConnectionEnabled: false, browserName: chrome, chrome: {chromedriverVersion: 2.43.600210 (68dcf5eebde371..., userDataDir: C:\Users\onycom\AppData\Loc...}, cssSelectorsEnabled: true, databaseEnabled: false, goog:chromeOptions: {debuggerAddress: localhost:4116}, handlesAlerts: true, hasTouchScreen: false, javascriptEnabled: true, locationContextEnabled: true, mobileEmulationEnabled: false, nativeEvents: true, networkConnectionEnabled: false, pageLoadStrategy: normal, platform: XP, platformName: XP, rotatable: false, setWindowRect: true, takesHeapSnapshot: true, takesScreenshot: true, unexpectedAlertBehaviour: , unhandledPromptBehavior: , version: 70.0.3538.77, webStorageEnabled: true}
Session ID: a623ad3e66aacfa02ff1ef11495c6c25
org.openqa.selenium.ElementNotVisibleException: element not interactable
  (Session info: chrome=70.0.3538.77)
  (Driver info: chromedriver=2.43.600210 (68dcf5eebde37173d4027fa8635e332711d2874a),platform=Windows NT 10.0.17134 x86_64) (WARNING: The server did not provide any stacktrace information)
Command duration or timeout: 0 milliseconds
Build info: version: '3.11.0', revision: 'e59cfb3', time: '2018-03-11T20:26:55.152Z'
System info: host: 'LAPTOP-94HKRVCK', ip: '192.168.56.1', os.name: 'Windows 10', os.arch: 'amd64', os.version: '10.0', java.version: '1.8.0_161'
Driver info: org.openqa.selenium.chrome.ChromeDriver
Capabilities {acceptInsecureCerts: false, acceptSslCerts: false, applicationCacheEnabled: false, browserConnectionEnabled: false, browserName: chrome, chrome: {chromedriverVersion: 2.43.600210 (68dcf5eebde371..., userDataDir: C:\Users\onycom\AppData\Loc...}, cssSelectorsEnabled: true, databaseEnabled: false, goog:chromeOptions: {debuggerAddress: localhost:4116}, handlesAlerts: true, hasTouchScreen: false, javascriptEnabled: true, locationContextEnabled: true, mobileEmulationEnabled: false, nativeEvents: true, networkConnectionEnabled: false, pageLoadStrategy: normal, platform: XP, platformName: XP, rotatable: false, setWindowRect: true, takesHeapSnapshot: true, takesScreenshot: true, unexpectedAlertBehaviour: , unhandledPromptBehavior: , version: 70.0.3538.77, webStorageEnabled: true}
Session ID: a623ad3e66aacfa02ff1ef11495c6c25
	at com.onycom.crawler.core.WorkRunnable.run(WorkRunnable.java:82)
	at java.lang.Thread.run(Thread.java:748)
2018-11-08 18:12:45 ERROR Crawler:266 - [ERR URL] http://domeggook.com/main/item/itemList.php?sfc=ttl&sf=ttl&sw=%B1%E8
2018-11-08 18:12:45 ERROR Crawler:269 - L ERR : not found element element not interactable
  (Session info: chrome=70.0.3538.77)
  (Driver info: chromedriver=2.43.600210 (68dcf5eebde37173d4027fa8635e332711d2874a),platform=Windows NT 10.0.17134 x86_64) (WARNING: The server did not provide any stacktrace information)
Command duration or timeout: 0 milliseconds
Build info: version: '3.11.0', revision: 'e59cfb3', time: '2018-03-11T20:26:55.152Z'
System info: host: 'LAPTOP-94HKRVCK', ip: '192.168.56.1', os.name: 'Windows 10', os.arch: 'amd64', os.version: '10.0', java.version: '1.8.0_161'
Driver info: org.openqa.selenium.chrome.ChromeDriver
Capabilities {acceptInsecureCerts: false, acceptSslCerts: false, applicationCacheEnabled: false, browserConnectionEnabled: false, browserName: chrome, chrome: {chromedriverVersion: 2.43.600210 (68dcf5eebde371..., userDataDir: C:\Users\onycom\AppData\Loc...}, cssSelectorsEnabled: true, databaseEnabled: false, goog:chromeOptions: {debuggerAddress: localhost:4116}, handlesAlerts: true, hasTouchScreen: false, javascriptEnabled: true, locationContextEnabled: true, mobileEmulationEnabled: false, nativeEvents: true, networkConnectionEnabled: false, pageLoadStrategy: normal, platform: XP, platformName: XP, rotatable: false, setWindowRect: true, takesHeapSnapshot: true, takesScreenshot: true, unexpectedAlertBehaviour: , unhandledPromptBehavior: , version: 70.0.3538.77, webStorageEnabled: true}
Session ID: a623ad3e66aacfa02ff1ef11495c6c25
2018-11-08 18:12:49 ERROR Crawler:266 - [ERR URL] http://domeggook.com/7972222?sfc=ttl&sf=ttl&sw=%B1%E8&pg=2
2018-11-08 18:12:49 ERROR Crawler:269 - L ERR_WRITE : Contents write failed : Duplicate entry '7972222' for key 'PRIMARY'
2018-11-08 18:12:50 ERROR Crawler:266 - [ERR URL] http://domeggook.com/7972230?sfc=ttl&sf=ttl&sw=%B1%E8&pg=2
2018-11-08 18:12:50 ERROR Crawler:269 - L ERR_WRITE : Contents write failed : Duplicate entry '7972230' for key 'PRIMARY'
2018-11-08 18:12:53 ERROR Crawler:266 - [ERR URL] http://domeggook.com/7972228?sfc=ttl&sf=ttl&sw=%B1%E8&pg=2
2018-11-08 18:12:53 ERROR Crawler:269 - L ERR_WRITE : Contents write failed : Duplicate entry '7972228' for key 'PRIMARY'
2018-11-08 18:12:55 ERROR Crawler:266 - [ERR URL] http://domeggook.com/7436354?sfc=ttl&sf=ttl&sw=%B1%E8&pg=2
2018-11-08 18:12:55 ERROR Crawler:269 - L ERR_WRITE : Contents write failed : Duplicate entry '7436354' for key 'PRIMARY'
2018-11-08 18:12:57 ERROR Crawler:266 - [ERR URL] http://domeggook.com/8096463?sfc=ttl&sf=ttl&sw=%B1%E8&pg=2
2018-11-08 18:12:57 ERROR Crawler:269 - L ERR_WRITE : Contents write failed : Duplicate entry '8096463' for key 'PRIMARY'
2018-11-08 18:12:59 ERROR Crawler:266 - [ERR URL] http://domeggook.com/8096464?sfc=ttl&sf=ttl&sw=%B1%E8&pg=2
2018-11-08 18:12:59 ERROR Crawler:269 - L ERR_WRITE : Contents write failed : Duplicate entry '8096464' for key 'PRIMARY'
2018-11-08 18:13:01 ERROR Crawler:266 - [ERR URL] http://domeggook.com/7404970?sfc=ttl&sf=ttl&sw=%B1%E8&pg=2
2018-11-08 18:13:01 ERROR Crawler:269 - L ERR_WRITE : Contents write failed : Duplicate entry '7404970' for key 'PRIMARY'
2018-11-08 18:13:03 ERROR Crawler:266 - [ERR URL] http://domeggook.com/7404968?sfc=ttl&sf=ttl&sw=%B1%E8&pg=2
2018-11-08 18:13:03 ERROR Crawler:269 - L ERR_WRITE : Contents write failed : Duplicate entry '7404968' for key 'PRIMARY'
2018-11-08 18:13:05 ERROR Crawler:266 - [ERR URL] http://domeggook.com/6918047?sfc=ttl&sf=ttl&sw=%B1%E8&pg=2
2018-11-08 18:13:05 ERROR Crawler:269 - L ERR_WRITE : Contents write failed : Duplicate entry '6918047' for key 'PRIMARY'
2018-11-08 18:13:08 ERROR Crawler:266 - [ERR URL] http://domeggook.com/5929102?sfc=ttl&sf=ttl&sw=%B1%E8&pg=2
2018-11-08 18:13:08 ERROR Crawler:269 - L ERR_WRITE : Contents write failed : Duplicate entry '5929102' for key 'PRIMARY'
2018-11-08 18:13:10 ERROR Crawler:266 - [ERR URL] http://domeggook.com/5929145?sfc=ttl&sf=ttl&sw=%B1%E8&pg=2
2018-11-08 18:13:10 ERROR Crawler:269 - L ERR_WRITE : Contents write failed : Duplicate entry '5929145' for key 'PRIMARY'
2018-11-08 18:13:11 ERROR Crawler:266 - [ERR URL] http://domeggook.com/8266984?sfc=ttl&sf=ttl&sw=%B1%E8&pg=2
2018-11-08 18:13:11 ERROR Crawler:269 - L ERR_WRITE : Contents write failed : Duplicate entry '8266984' for key 'PRIMARY'
2018-11-08 18:13:13 ERROR Crawler:266 - [ERR URL] http://domeggook.com/5726945?sfc=ttl&sf=ttl&sw=%B1%E8&pg=2
2018-11-08 18:13:13 ERROR Crawler:269 - L ERR_WRITE : Contents write failed : Duplicate entry '5726945' for key 'PRIMARY'
2018-11-08 18:13:15 ERROR Crawler:266 - [ERR URL] http://domeggook.com/7411482?sfc=ttl&sf=ttl&sw=%B1%E8&pg=2
2018-11-08 18:13:15 ERROR Crawler:269 - L ERR_WRITE : Contents write failed : Duplicate entry '7411482' for key 'PRIMARY'
2018-11-08 18:13:17 ERROR Crawler:266 - [ERR URL] http://domeggook.com/7411147?sfc=ttl&sf=ttl&sw=%B1%E8&pg=2
2018-11-08 18:13:17 ERROR Crawler:269 - L ERR_WRITE : Contents write failed : Duplicate entry '7411147' for key 'PRIMARY'
2018-11-08 18:13:19 ERROR Crawler:266 - [ERR URL] http://domeggook.com/6003317?sfc=ttl&sf=ttl&sw=%B1%E8&pg=2
2018-11-08 18:13:19 ERROR Crawler:269 - L ERR_WRITE : Contents write failed : Duplicate entry '6003317' for key 'PRIMARY'
2018-11-08 18:13:20 ERROR Crawler:266 - [ERR URL] http://domeggook.com/6003315?sfc=ttl&sf=ttl&sw=%B1%E8&pg=2
2018-11-08 18:13:20 ERROR Crawler:269 - L ERR_WRITE : Contents write failed : Duplicate entry '6003315' for key 'PRIMARY'
2018-11-08 18:13:22 ERROR Crawler:266 - [ERR URL] http://domeggook.com/5987368?sfc=ttl&sf=ttl&sw=%B1%E8&pg=2
2018-11-08 18:13:22 ERROR Crawler:269 - L ERR_WRITE : Contents write failed : Duplicate entry '5987368' for key 'PRIMARY'
2018-11-08 18:13:25 ERROR Crawler:266 - [ERR URL] http://domeggook.com/5987353?sfc=ttl&sf=ttl&sw=%B1%E8&pg=2
2018-11-08 18:13:25 ERROR Crawler:269 - L ERR_WRITE : Contents write failed : Duplicate entry '5987353' for key 'PRIMARY'
2018-11-08 18:13:27 ERROR Crawler:266 - [ERR URL] http://domeggook.com/8096946?sfc=ttl&sf=ttl&sw=%B1%E8&pg=2
2018-11-08 18:13:27 ERROR Crawler:269 - L ERR_WRITE : Contents write failed : Duplicate entry '8096946' for key 'PRIMARY'
2018-11-08 18:13:29 ERROR Crawler:266 - [ERR URL] http://domeggook.com/8096948?sfc=ttl&sf=ttl&sw=%B1%E8&pg=2
2018-11-08 18:13:29 ERROR Crawler:269 - L ERR_WRITE : Contents write failed : Duplicate entry '8096948' for key 'PRIMARY'
2018-11-08 18:13:31 ERROR Crawler:266 - [ERR URL] http://domeggook.com/8096944?sfc=ttl&sf=ttl&sw=%B1%E8&pg=2
2018-11-08 18:13:31 ERROR Crawler:269 - L ERR_WRITE : Contents write failed : Duplicate entry '8096944' for key 'PRIMARY'
2018-11-08 18:13:33 ERROR Crawler:266 - [ERR URL] http://domeggook.com/8096945?sfc=ttl&sf=ttl&sw=%B1%E8&pg=2
2018-11-08 18:13:33 ERROR Crawler:269 - L ERR_WRITE : Contents write failed : Duplicate entry '8096945' for key 'PRIMARY'
2018-11-08 18:13:34 ERROR Crawler:266 - [ERR URL] http://domeggook.com/8096721?sfc=ttl&sf=ttl&sw=%B1%E8&pg=2
2018-11-08 18:13:34 ERROR Crawler:269 - L ERR_WRITE : Contents write failed : Duplicate entry '8096721' for key 'PRIMARY'
2018-11-08 18:13:36 ERROR Crawler:266 - [ERR URL] http://domeggook.com/8096719?sfc=ttl&sf=ttl&sw=%B1%E8&pg=2
2018-11-08 18:13:36 ERROR Crawler:269 - L ERR_WRITE : Contents write failed : Duplicate entry '8096719' for key 'PRIMARY'
2018-11-08 18:13:38 ERROR Crawler:266 - [ERR URL] http://domeggook.com/8096935?sfc=ttl&sf=ttl&sw=%B1%E8&pg=2
2018-11-08 18:13:38 ERROR Crawler:269 - L ERR_WRITE : Contents write failed : Duplicate entry '8096935' for key 'PRIMARY'
2018-11-08 18:13:40 ERROR Crawler:266 - [ERR URL] http://domeggook.com/8096933?sfc=ttl&sf=ttl&sw=%B1%E8&pg=2
2018-11-08 18:13:40 ERROR Crawler:269 - L ERR_WRITE : Contents write failed : Duplicate entry '8096933' for key 'PRIMARY'
2018-11-08 18:13:43 ERROR Crawler:266 - [ERR URL] http://domeggook.com/8097044?sfc=ttl&sf=ttl&sw=%B1%E8&pg=2
2018-11-08 18:13:43 ERROR Crawler:269 - L ERR_WRITE : Contents write failed : Duplicate entry '8097044' for key 'PRIMARY'
2018-11-08 18:13:45 ERROR Crawler:266 - [ERR URL] http://domeggook.com/8097042?sfc=ttl&sf=ttl&sw=%B1%E8&pg=2
2018-11-08 18:13:45 ERROR Crawler:269 - L ERR_WRITE : Contents write failed : Duplicate entry '8097042' for key 'PRIMARY'
2018-11-08 18:13:47 ERROR Crawler:266 - [ERR URL] http://domeggook.com/8097018?sfc=ttl&sf=ttl&sw=%B1%E8&pg=2
2018-11-08 18:13:47 ERROR Crawler:269 - L ERR_WRITE : Contents write failed : Duplicate entry '8097018' for key 'PRIMARY'
2018-11-08 18:13:49 ERROR Crawler:266 - [ERR URL] http://domeggook.com/8097020?sfc=ttl&sf=ttl&sw=%B1%E8&pg=2
2018-11-08 18:13:49 ERROR Crawler:269 - L ERR_WRITE : Contents write failed : Duplicate entry '8097020' for key 'PRIMARY'
2018-11-08 18:13:51 ERROR Crawler:266 - [ERR URL] http://domeggook.com/8097039?sfc=ttl&sf=ttl&sw=%B1%E8&pg=2
2018-11-08 18:13:51 ERROR Crawler:269 - L ERR_WRITE : Contents write failed : Duplicate entry '8097039' for key 'PRIMARY'
2018-11-08 18:13:53 ERROR Crawler:266 - [ERR URL] http://domeggook.com/8097038?sfc=ttl&sf=ttl&sw=%B1%E8&pg=2
2018-11-08 18:13:53 ERROR Crawler:269 - L ERR_WRITE : Contents write failed : Duplicate entry '8097038' for key 'PRIMARY'
2018-11-08 18:13:55 ERROR Crawler:266 - [ERR URL] http://domeggook.com/8097031?sfc=ttl&sf=ttl&sw=%B1%E8&pg=2
2018-11-08 18:13:55 ERROR Crawler:269 - L ERR_WRITE : Contents write failed : Duplicate entry '8097031' for key 'PRIMARY'
2018-11-08 18:13:57 ERROR Crawler:266 - [ERR URL] http://domeggook.com/8097028?sfc=ttl&sf=ttl&sw=%B1%E8&pg=2
2018-11-08 18:13:57 ERROR Crawler:269 - L ERR_WRITE : Contents write failed : Duplicate entry '8097028' for key 'PRIMARY'
2018-11-08 18:14:00 ERROR Crawler:266 - [ERR URL] http://domeggook.com/8125533?sfc=ttl&sf=ttl&sw=%B1%E8&pg=2
2018-11-08 18:14:00 ERROR Crawler:269 - L ERR_WRITE : Contents write failed : Duplicate entry '8125533' for key 'PRIMARY'
2018-11-08 18:14:02 ERROR Crawler:266 - [ERR URL] http://domeggook.com/8125507?sfc=ttl&sf=ttl&sw=%B1%E8&pg=2
2018-11-08 18:14:02 ERROR Crawler:269 - L ERR_WRITE : Contents write failed : Duplicate entry '8125507' for key 'PRIMARY'
2018-11-08 18:14:05 ERROR Crawler:266 - [ERR URL] http://domeggook.com/6835984?sfc=ttl&sf=ttl&sw=%B1%E8&pg=2
2018-11-08 18:14:05 ERROR Crawler:269 - L ERR_WRITE : Contents write failed : Duplicate entry '6835984' for key 'PRIMARY'
2018-11-08 18:14:07 ERROR Crawler:266 - [ERR URL] http://domeggook.com/7758234?sfc=ttl&sf=ttl&sw=%B1%E8&pg=2
2018-11-08 18:14:07 ERROR Crawler:269 - L ERR_WRITE : Contents write failed : Duplicate entry '7758234' for key 'PRIMARY'
2018-11-08 18:14:09 ERROR Crawler:266 - [ERR URL] http://domeggook.com/7757944?sfc=ttl&sf=ttl&sw=%B1%E8&pg=2
2018-11-08 18:14:09 ERROR Crawler:269 - L ERR_WRITE : Contents write failed : Duplicate entry '7757944' for key 'PRIMARY'
2018-11-08 18:14:11 ERROR Crawler:266 - [ERR URL] http://domeggook.com/7758268?sfc=ttl&sf=ttl&sw=%B1%E8&pg=2
2018-11-08 18:14:11 ERROR Crawler:269 - L ERR_WRITE : Contents write failed : Duplicate entry '7758268' for key 'PRIMARY'
2018-11-08 18:14:12 ERROR Crawler:266 - [ERR URL] http://domeggook.com/7758205?sfc=ttl&sf=ttl&sw=%B1%E8&pg=2
2018-11-08 18:14:12 ERROR Crawler:269 - L ERR_WRITE : Contents write failed : Duplicate entry '7758205' for key 'PRIMARY'
2018-11-08 18:14:14 ERROR Crawler:266 - [ERR URL] http://domeggook.com/7758201?sfc=ttl&sf=ttl&sw=%B1%E8&pg=2
2018-11-08 18:14:14 ERROR Crawler:269 - L ERR_WRITE : Contents write failed : Duplicate entry '7758201' for key 'PRIMARY'
2018-11-08 18:14:16 ERROR Crawler:266 - [ERR URL] http://domeggook.com/7758195?sfc=ttl&sf=ttl&sw=%B1%E8&pg=2
2018-11-08 18:14:16 ERROR Crawler:269 - L ERR_WRITE : Contents write failed : Duplicate entry '7758195' for key 'PRIMARY'
2018-11-08 18:14:17 ERROR Crawler:266 - [ERR URL] http://domeggook.com/7757952?sfc=ttl&sf=ttl&sw=%B1%E8&pg=2
2018-11-08 18:14:17 ERROR Crawler:269 - L ERR_WRITE : Contents write failed : Duplicate entry '7757952' for key 'PRIMARY'
2018-11-08 18:14:19 ERROR Crawler:266 - [ERR URL] http://domeggook.com/7757920?sfc=ttl&sf=ttl&sw=%B1%E8&pg=2
2018-11-08 18:14:19 ERROR Crawler:269 - L ERR_WRITE : Contents write failed : Duplicate entry '7757920' for key 'PRIMARY'
2018-11-08 18:14:21 ERROR Crawler:266 - [ERR URL] http://domeggook.com/7757916?sfc=ttl&sf=ttl&sw=%B1%E8&pg=2
2018-11-08 18:14:21 ERROR Crawler:269 - L ERR_WRITE : Contents write failed : Duplicate entry '7757916' for key 'PRIMARY'
2018-11-08 18:14:23 ERROR Crawler:266 - [ERR URL] http://domeggook.com/7756200?sfc=ttl&sf=ttl&sw=%B1%E8&pg=2
2018-11-08 18:14:23 ERROR Crawler:269 - L ERR_WRITE : Contents write failed : Duplicate entry '7756200' for key 'PRIMARY'
2018-11-08 18:14:24 ERROR Crawler:266 - [ERR URL] http://domeggook.com/7757913?sfc=ttl&sf=ttl&sw=%B1%E8&pg=2
2018-11-08 18:14:24 ERROR Crawler:269 - L ERR_WRITE : Contents write failed : Duplicate entry '7757913' for key 'PRIMARY'
2018-11-08 18:14:26 ERROR Crawler:266 - [ERR URL] http://domeggook.com/8025353?sfc=ttl&sf=ttl&sw=%B1%E8&pg=2
2018-11-08 18:14:26 ERROR Crawler:269 - L ERR_WRITE : Contents write failed : Duplicate entry '8025353' for key 'PRIMARY'
2018-11-08 18:14:26 ERROR WorkRunnable:82 - not found element element not interactable
  (Session info: chrome=70.0.3538.77)
  (Driver info: chromedriver=2.43.600210 (68dcf5eebde37173d4027fa8635e332711d2874a),platform=Windows NT 10.0.17134 x86_64) (WARNING: The server did not provide any stacktrace information)
Command duration or timeout: 0 milliseconds
Build info: version: '3.11.0', revision: 'e59cfb3', time: '2018-03-11T20:26:55.152Z'
System info: host: 'LAPTOP-94HKRVCK', ip: '192.168.56.1', os.name: 'Windows 10', os.arch: 'amd64', os.version: '10.0', java.version: '1.8.0_161'
Driver info: org.openqa.selenium.chrome.ChromeDriver
Capabilities {acceptInsecureCerts: false, acceptSslCerts: false, applicationCacheEnabled: false, browserConnectionEnabled: false, browserName: chrome, chrome: {chromedriverVersion: 2.43.600210 (68dcf5eebde371..., userDataDir: C:\Users\onycom\AppData\Loc...}, cssSelectorsEnabled: true, databaseEnabled: false, goog:chromeOptions: {debuggerAddress: localhost:4116}, handlesAlerts: true, hasTouchScreen: false, javascriptEnabled: true, locationContextEnabled: true, mobileEmulationEnabled: false, nativeEvents: true, networkConnectionEnabled: false, pageLoadStrategy: normal, platform: XP, platformName: XP, rotatable: false, setWindowRect: true, takesHeapSnapshot: true, takesScreenshot: true, unexpectedAlertBehaviour: , unhandledPromptBehavior: , version: 70.0.3538.77, webStorageEnabled: true}
Session ID: a623ad3e66aacfa02ff1ef11495c6c25
org.openqa.selenium.ElementNotVisibleException: element not interactable
  (Session info: chrome=70.0.3538.77)
  (Driver info: chromedriver=2.43.600210 (68dcf5eebde37173d4027fa8635e332711d2874a),platform=Windows NT 10.0.17134 x86_64) (WARNING: The server did not provide any stacktrace information)
Command duration or timeout: 0 milliseconds
Build info: version: '3.11.0', revision: 'e59cfb3', time: '2018-03-11T20:26:55.152Z'
System info: host: 'LAPTOP-94HKRVCK', ip: '192.168.56.1', os.name: 'Windows 10', os.arch: 'amd64', os.version: '10.0', java.version: '1.8.0_161'
Driver info: org.openqa.selenium.chrome.ChromeDriver
Capabilities {acceptInsecureCerts: false, acceptSslCerts: false, applicationCacheEnabled: false, browserConnectionEnabled: false, browserName: chrome, chrome: {chromedriverVersion: 2.43.600210 (68dcf5eebde371..., userDataDir: C:\Users\onycom\AppData\Loc...}, cssSelectorsEnabled: true, databaseEnabled: false, goog:chromeOptions: {debuggerAddress: localhost:4116}, handlesAlerts: true, hasTouchScreen: false, javascriptEnabled: true, locationContextEnabled: true, mobileEmulationEnabled: false, nativeEvents: true, networkConnectionEnabled: false, pageLoadStrategy: normal, platform: XP, platformName: XP, rotatable: false, setWindowRect: true, takesHeapSnapshot: true, takesScreenshot: true, unexpectedAlertBehaviour: , unhandledPromptBehavior: , version: 70.0.3538.77, webStorageEnabled: true}
Session ID: a623ad3e66aacfa02ff1ef11495c6c25
	at com.onycom.crawler.core.WorkRunnable.run(WorkRunnable.java:82)
	at java.lang.Thread.run(Thread.java:748)
2018-11-08 18:14:26 ERROR Crawler:266 - [ERR URL] http://domeggook.com/main/item/itemList.php?sfc=ttl&sf=ttl&sw=%B1%E8&pg=2
2018-11-08 18:14:26 ERROR Crawler:269 - L ERR : not found element element not interactable
  (Session info: chrome=70.0.3538.77)
  (Driver info: chromedriver=2.43.600210 (68dcf5eebde37173d4027fa8635e332711d2874a),platform=Windows NT 10.0.17134 x86_64) (WARNING: The server did not provide any stacktrace information)
Command duration or timeout: 0 milliseconds
Build info: version: '3.11.0', revision: 'e59cfb3', time: '2018-03-11T20:26:55.152Z'
System info: host: 'LAPTOP-94HKRVCK', ip: '192.168.56.1', os.name: 'Windows 10', os.arch: 'amd64', os.version: '10.0', java.version: '1.8.0_161'
Driver info: org.openqa.selenium.chrome.ChromeDriver
Capabilities {acceptInsecureCerts: false, acceptSslCerts: false, applicationCacheEnabled: false, browserConnectionEnabled: false, browserName: chrome, chrome: {chromedriverVersion: 2.43.600210 (68dcf5eebde371..., userDataDir: C:\Users\onycom\AppData\Loc...}, cssSelectorsEnabled: true, databaseEnabled: false, goog:chromeOptions: {debuggerAddress: localhost:4116}, handlesAlerts: true, hasTouchScreen: false, javascriptEnabled: true, locationContextEnabled: true, mobileEmulationEnabled: false, nativeEvents: true, networkConnectionEnabled: false, pageLoadStrategy: normal, platform: XP, platformName: XP, rotatable: false, setWindowRect: true, takesHeapSnapshot: true, takesScreenshot: true, unexpectedAlertBehaviour: , unhandledPromptBehavior: , version: 70.0.3538.77, webStorageEnabled: true}
Session ID: a623ad3e66aacfa02ff1ef11495c6c25
2018-11-08 18:14:26 ERROR WorkRunnable:82 - not found element element not interactable
  (Session info: chrome=70.0.3538.77)
  (Driver info: chromedriver=2.43.600210 (68dcf5eebde37173d4027fa8635e332711d2874a),platform=Windows NT 10.0.17134 x86_64) (WARNING: The server did not provide any stacktrace information)
Command duration or timeout: 0 milliseconds
Build info: version: '3.11.0', revision: 'e59cfb3', time: '2018-03-11T20:26:55.152Z'
System info: host: 'LAPTOP-94HKRVCK', ip: '192.168.56.1', os.name: 'Windows 10', os.arch: 'amd64', os.version: '10.0', java.version: '1.8.0_161'
Driver info: org.openqa.selenium.chrome.ChromeDriver
Capabilities {acceptInsecureCerts: false, acceptSslCerts: false, applicationCacheEnabled: false, browserConnectionEnabled: false, browserName: chrome, chrome: {chromedriverVersion: 2.43.600210 (68dcf5eebde371..., userDataDir: C:\Users\onycom\AppData\Loc...}, cssSelectorsEnabled: true, databaseEnabled: false, goog:chromeOptions: {debuggerAddress: localhost:4116}, handlesAlerts: true, hasTouchScreen: false, javascriptEnabled: true, locationContextEnabled: true, mobileEmulationEnabled: false, nativeEvents: true, networkConnectionEnabled: false, pageLoadStrategy: normal, platform: XP, platformName: XP, rotatable: false, setWindowRect: true, takesHeapSnapshot: true, takesScreenshot: true, unexpectedAlertBehaviour: , unhandledPromptBehavior: , version: 70.0.3538.77, webStorageEnabled: true}
Session ID: a623ad3e66aacfa02ff1ef11495c6c25
org.openqa.selenium.ElementNotVisibleException: element not interactable
  (Session info: chrome=70.0.3538.77)
  (Driver info: chromedriver=2.43.600210 (68dcf5eebde37173d4027fa8635e332711d2874a),platform=Windows NT 10.0.17134 x86_64) (WARNING: The server did not provide any stacktrace information)
Command duration or timeout: 0 milliseconds
Build info: version: '3.11.0', revision: 'e59cfb3', time: '2018-03-11T20:26:55.152Z'
System info: host: 'LAPTOP-94HKRVCK', ip: '192.168.56.1', os.name: 'Windows 10', os.arch: 'amd64', os.version: '10.0', java.version: '1.8.0_161'
Driver info: org.openqa.selenium.chrome.ChromeDriver
Capabilities {acceptInsecureCerts: false, acceptSslCerts: false, applicationCacheEnabled: false, browserConnectionEnabled: false, browserName: chrome, chrome: {chromedriverVersion: 2.43.600210 (68dcf5eebde371..., userDataDir: C:\Users\onycom\AppData\Loc...}, cssSelectorsEnabled: true, databaseEnabled: false, goog:chromeOptions: {debuggerAddress: localhost:4116}, handlesAlerts: true, hasTouchScreen: false, javascriptEnabled: true, locationContextEnabled: true, mobileEmulationEnabled: false, nativeEvents: true, networkConnectionEnabled: false, pageLoadStrategy: normal, platform: XP, platformName: XP, rotatable: false, setWindowRect: true, takesHeapSnapshot: true, takesScreenshot: true, unexpectedAlertBehaviour: , unhandledPromptBehavior: , version: 70.0.3538.77, webStorageEnabled: true}
Session ID: a623ad3e66aacfa02ff1ef11495c6c25
	at com.onycom.crawler.core.WorkRunnable.run(WorkRunnable.java:82)
	at java.lang.Thread.run(Thread.java:748)
2018-11-08 18:14:26 ERROR Crawler:266 - [ERR URL] http://domeggook.com/main/item/itemList.php?sfc=ttl&sf=ttl&sw=%B1%E8&pg=2
2018-11-08 18:14:26 ERROR Crawler:269 - L ERR : not found element element not interactable
  (Session info: chrome=70.0.3538.77)
  (Driver info: chromedriver=2.43.600210 (68dcf5eebde37173d4027fa8635e332711d2874a),platform=Windows NT 10.0.17134 x86_64) (WARNING: The server did not provide any stacktrace information)
Command duration or timeout: 0 milliseconds
Build info: version: '3.11.0', revision: 'e59cfb3', time: '2018-03-11T20:26:55.152Z'
System info: host: 'LAPTOP-94HKRVCK', ip: '192.168.56.1', os.name: 'Windows 10', os.arch: 'amd64', os.version: '10.0', java.version: '1.8.0_161'
Driver info: org.openqa.selenium.chrome.ChromeDriver
Capabilities {acceptInsecureCerts: false, acceptSslCerts: false, applicationCacheEnabled: false, browserConnectionEnabled: false, browserName: chrome, chrome: {chromedriverVersion: 2.43.600210 (68dcf5eebde371..., userDataDir: C:\Users\onycom\AppData\Loc...}, cssSelectorsEnabled: true, databaseEnabled: false, goog:chromeOptions: {debuggerAddress: localhost:4116}, handlesAlerts: true, hasTouchScreen: false, javascriptEnabled: true, locationContextEnabled: true, mobileEmulationEnabled: false, nativeEvents: true, networkConnectionEnabled: false, pageLoadStrategy: normal, platform: XP, platformName: XP, rotatable: false, setWindowRect: true, takesHeapSnapshot: true, takesScreenshot: true, unexpectedAlertBehaviour: , unhandledPromptBehavior: , version: 70.0.3538.77, webStorageEnabled: true}
Session ID: a623ad3e66aacfa02ff1ef11495c6c25
2018-11-08 18:14:29 ERROR Crawler:266 - [ERR URL] http://domeggook.com/8010684?sfc=ttl&sf=ttl&sw=%B1%E8&pg=3
2018-11-08 18:14:29 ERROR Crawler:269 - L ERR_CONTENTS_COL : price, div.lInfoSellPrice > b, text
2018-11-08 18:14:29 ERROR Crawler:269 - L ERR_WRITE : Contents write failed : Duplicate entry '8010684' for key 'PRIMARY'
2018-11-08 18:14:31 ERROR Crawler:266 - [ERR URL] http://domeggook.com/8051553?sfc=ttl&sf=ttl&sw=%B1%E8&pg=3
2018-11-08 18:14:31 ERROR Crawler:269 - L ERR_WRITE : Contents write failed : Duplicate entry '8051553' for key 'PRIMARY'
2018-11-08 18:14:32 ERROR Crawler:266 - [ERR URL] http://domeggook.com/7756134?sfc=ttl&sf=ttl&sw=%B1%E8&pg=3
2018-11-08 18:14:32 ERROR Crawler:269 - L ERR_WRITE : Contents write failed : Duplicate entry '7756134' for key 'PRIMARY'
2018-11-08 18:14:34 ERROR Crawler:266 - [ERR URL] http://domeggook.com/8021918?sfc=ttl&sf=ttl&sw=%B1%E8&pg=3
2018-11-08 18:14:34 ERROR Crawler:269 - L ERR_WRITE : Contents write failed : Duplicate entry '8021918' for key 'PRIMARY'
2018-11-08 18:14:36 ERROR Crawler:266 - [ERR URL] http://domeggook.com/8021886?sfc=ttl&sf=ttl&sw=%B1%E8&pg=3
2018-11-08 18:14:36 ERROR Crawler:269 - L ERR_WRITE : Contents write failed : Duplicate entry '8021886' for key 'PRIMARY'
2018-11-08 18:14:38 ERROR Crawler:266 - [ERR URL] http://domeggook.com/6930730?sfc=ttl&sf=ttl&sw=%B1%E8&pg=3
2018-11-08 18:14:38 ERROR Crawler:269 - L ERR_WRITE : Contents write failed : Duplicate entry '6930730' for key 'PRIMARY'
2018-11-08 18:14:40 ERROR Crawler:266 - [ERR URL] http://domeggook.com/6930732?sfc=ttl&sf=ttl&sw=%B1%E8&pg=3
2018-11-08 18:14:40 ERROR Crawler:269 - L ERR_WRITE : Contents write failed : Duplicate entry '6930732' for key 'PRIMARY'
2018-11-08 18:14:42 ERROR Crawler:266 - [ERR URL] http://domeggook.com/6930731?sfc=ttl&sf=ttl&sw=%B1%E8&pg=3
2018-11-08 18:14:42 ERROR Crawler:269 - L ERR_WRITE : Contents write failed : Duplicate entry '6930731' for key 'PRIMARY'
2018-11-08 18:14:43 ERROR Crawler:266 - [ERR URL] http://domeggook.com/8021730?sfc=ttl&sf=ttl&sw=%B1%E8&pg=3
2018-11-08 18:14:43 ERROR Crawler:269 - L ERR_WRITE : Contents write failed : Duplicate entry '8021730' for key 'PRIMARY'
2018-11-08 18:14:45 ERROR Crawler:266 - [ERR URL] http://domeggook.com/8021681?sfc=ttl&sf=ttl&sw=%B1%E8&pg=3
2018-11-08 18:14:45 ERROR Crawler:269 - L ERR_WRITE : Contents write failed : Duplicate entry '8021681' for key 'PRIMARY'
2018-11-08 18:14:47 ERROR Crawler:266 - [ERR URL] http://domeggook.com/8093966?sfc=ttl&sf=ttl&sw=%B1%E8&pg=3
2018-11-08 18:14:47 ERROR Crawler:269 - L ERR_WRITE : Contents write failed : Duplicate entry '8093966' for key 'PRIMARY'
2018-11-08 18:14:49 ERROR Crawler:266 - [ERR URL] http://domeggook.com/8093912?sfc=ttl&sf=ttl&sw=%B1%E8&pg=3
2018-11-08 18:14:49 ERROR Crawler:269 - L ERR_WRITE : Contents write failed : Duplicate entry '8093912' for key 'PRIMARY'
2018-11-08 18:14:51 ERROR Crawler:266 - [ERR URL] http://domeggook.com/7811904?sfc=ttl&sf=ttl&sw=%B1%E8&pg=3
2018-11-08 18:14:51 ERROR Crawler:269 - L ERR_WRITE : Contents write failed : Duplicate entry '7811904' for key 'PRIMARY'
2018-11-08 18:14:53 ERROR Crawler:266 - [ERR URL] http://domeggook.com/7811895?sfc=ttl&sf=ttl&sw=%B1%E8&pg=3
2018-11-08 18:14:53 ERROR Crawler:269 - L ERR_WRITE : Contents write failed : Duplicate entry '7811895' for key 'PRIMARY'
2018-11-08 18:14:55 ERROR Crawler:266 - [ERR URL] http://domeggook.com/7811894?sfc=ttl&sf=ttl&sw=%B1%E8&pg=3
2018-11-08 18:14:55 ERROR Crawler:269 - L ERR_WRITE : Contents write failed : Duplicate entry '7811894' for key 'PRIMARY'
2018-11-08 18:14:56 ERROR Crawler:266 - [ERR URL] http://domeggook.com/8203039?sfc=ttl&sf=ttl&sw=%B1%E8&pg=3
2018-11-08 18:14:56 ERROR Crawler:269 - L ERR_WRITE : Contents write failed : Duplicate entry '8203039' for key 'PRIMARY'
2018-11-08 18:14:58 ERROR Crawler:266 - [ERR URL] http://domeggook.com/7818617?sfc=ttl&sf=ttl&sw=%B1%E8&pg=3
2018-11-08 18:14:58 ERROR Crawler:269 - L ERR_WRITE : Contents write failed : Duplicate entry '7818617' for key 'PRIMARY'
2018-11-08 18:15:00 ERROR Crawler:266 - [ERR URL] http://domeggook.com/6271564?sfc=ttl&sf=ttl&sw=%B1%E8&pg=3
2018-11-08 18:15:00 ERROR Crawler:269 - L ERR_WRITE : Contents write failed : Duplicate entry '6271564' for key 'PRIMARY'
2018-11-08 18:15:02 ERROR Crawler:266 - [ERR URL] http://domeggook.com/8097238?sfc=ttl&sf=ttl&sw=%B1%E8&pg=3
2018-11-08 18:15:02 ERROR Crawler:269 - L ERR_WRITE : Contents write failed : Duplicate entry '8097238' for key 'PRIMARY'
2018-11-08 18:15:04 ERROR Crawler:266 - [ERR URL] http://domeggook.com/7006720?sfc=ttl&sf=ttl&sw=%B1%E8&pg=3
2018-11-08 18:15:04 ERROR Crawler:269 - L ERR_WRITE : Contents write failed : Duplicate entry '7006720' for key 'PRIMARY'
2018-11-08 18:15:06 ERROR Crawler:266 - [ERR URL] http://domeggook.com/8102974?sfc=ttl&sf=ttl&sw=%B1%E8&pg=3
2018-11-08 18:15:06 ERROR Crawler:269 - L ERR_WRITE : Contents write failed : Duplicate entry '8102974' for key 'PRIMARY'
2018-11-08 18:15:11 ERROR Crawler:266 - [ERR URL] http://domeggook.com/7088086?sfc=ttl&sf=ttl&sw=%B1%E8&pg=3
2018-11-08 18:15:11 ERROR Crawler:269 - L ERR_WRITE : Contents write failed : Duplicate entry '7088086' for key 'PRIMARY'
2018-11-08 18:15:12 ERROR Crawler:266 - [ERR URL] http://domeggook.com/7420544?sfc=ttl&sf=ttl&sw=%B1%E8&pg=3
2018-11-08 18:15:12 ERROR Crawler:269 - L ERR_WRITE : Contents write failed : Duplicate entry '7420544' for key 'PRIMARY'
2018-11-08 18:15:14 ERROR Crawler:266 - [ERR URL] http://domeggook.com/7651991?sfc=ttl&sf=ttl&sw=%B1%E8&pg=3
2018-11-08 18:15:14 ERROR Crawler:269 - L ERR_WRITE : Contents write failed : Duplicate entry '7651991' for key 'PRIMARY'
2018-11-08 18:15:16 ERROR Crawler:266 - [ERR URL] http://domeggook.com/7647657?sfc=ttl&sf=ttl&sw=%B1%E8&pg=3
2018-11-08 18:15:16 ERROR Crawler:269 - L ERR_WRITE : Contents write failed : Duplicate entry '7647657' for key 'PRIMARY'
2018-11-08 18:15:18 ERROR Crawler:266 - [ERR URL] http://domeggook.com/7756131?sfc=ttl&sf=ttl&sw=%B1%E8&pg=3
2018-11-08 18:15:18 ERROR Crawler:269 - L ERR_WRITE : Contents write failed : Duplicate entry '7756131' for key 'PRIMARY'
2018-11-08 18:15:19 ERROR Crawler:266 - [ERR URL] http://domeggook.com/7755683?sfc=ttl&sf=ttl&sw=%B1%E8&pg=3
2018-11-08 18:15:19 ERROR Crawler:269 - L ERR_WRITE : Contents write failed : Duplicate entry '7755683' for key 'PRIMARY'
2018-11-08 18:15:21 ERROR Crawler:266 - [ERR URL] http://domeggook.com/7755632?sfc=ttl&sf=ttl&sw=%B1%E8&pg=3
2018-11-08 18:15:21 ERROR Crawler:269 - L ERR_WRITE : Contents write failed : Duplicate entry '7755632' for key 'PRIMARY'
2018-11-08 18:15:23 ERROR Crawler:266 - [ERR URL] http://domeggook.com/7755558?sfc=ttl&sf=ttl&sw=%B1%E8&pg=3
2018-11-08 18:15:23 ERROR Crawler:269 - L ERR_WRITE : Contents write failed : Duplicate entry '7755558' for key 'PRIMARY'
2018-11-08 18:15:25 ERROR Crawler:266 - [ERR URL] http://domeggook.com/7420339?sfc=ttl&sf=ttl&sw=%B1%E8&pg=3
2018-11-08 18:15:25 ERROR Crawler:269 - L ERR_WRITE : Contents write failed : Duplicate entry '7420339' for key 'PRIMARY'
2018-11-08 18:15:26 ERROR Crawler:266 - [ERR URL] http://domeggook.com/7420260?sfc=ttl&sf=ttl&sw=%B1%E8&pg=3
2018-11-08 18:15:26 ERROR Crawler:269 - L ERR_WRITE : Contents write failed : Duplicate entry '7420260' for key 'PRIMARY'
2018-11-08 18:15:29 ERROR Crawler:266 - [ERR URL] http://domeggook.com/8273559?sfc=ttl&sf=ttl&sw=%B1%E8&pg=3
2018-11-08 18:15:29 ERROR Crawler:269 - L ERR_WRITE : Contents write failed : Duplicate entry '8273559' for key 'PRIMARY'
2018-11-08 18:15:30 ERROR Crawler:266 - [ERR URL] http://domeggook.com/8273551?sfc=ttl&sf=ttl&sw=%B1%E8&pg=3
2018-11-08 18:15:30 ERROR Crawler:269 - L ERR_WRITE : Contents write failed : Duplicate entry '8273551' for key 'PRIMARY'
2018-11-08 18:15:33 ERROR Crawler:266 - [ERR URL] http://domeggook.com/8273508?sfc=ttl&sf=ttl&sw=%B1%E8&pg=3
2018-11-08 18:15:33 ERROR Crawler:269 - L ERR_WRITE : Contents write failed : Duplicate entry '8273508' for key 'PRIMARY'
2018-11-08 18:15:34 ERROR Crawler:266 - [ERR URL] http://domeggook.com/8273504?sfc=ttl&sf=ttl&sw=%B1%E8&pg=3
2018-11-08 18:15:34 ERROR Crawler:269 - L ERR_WRITE : Contents write failed : Duplicate entry '8273504' for key 'PRIMARY'
2018-11-08 18:15:36 ERROR Crawler:266 - [ERR URL] http://domeggook.com/8273491?sfc=ttl&sf=ttl&sw=%B1%E8&pg=3
2018-11-08 18:15:36 ERROR Crawler:269 - L ERR_WRITE : Contents write failed : Duplicate entry '8273491' for key 'PRIMARY'
2018-11-08 18:15:38 ERROR Crawler:266 - [ERR URL] http://domeggook.com/8273490?sfc=ttl&sf=ttl&sw=%B1%E8&pg=3
2018-11-08 18:15:38 ERROR Crawler:269 - L ERR_WRITE : Contents write failed : Duplicate entry '8273490' for key 'PRIMARY'
2018-11-08 18:15:40 ERROR Crawler:266 - [ERR URL] http://domeggook.com/7430090?sfc=ttl&sf=ttl&sw=%B1%E8&pg=3
2018-11-08 18:15:40 ERROR Crawler:269 - L ERR_WRITE : Contents write failed : Duplicate entry '7430090' for key 'PRIMARY'
2018-11-08 18:15:42 ERROR Crawler:266 - [ERR URL] http://domeggook.com/5987366?sfc=ttl&sf=ttl&sw=%B1%E8&pg=3
2018-11-08 18:15:42 ERROR Crawler:269 - L ERR_WRITE : Contents write failed : Duplicate entry '5987366' for key 'PRIMARY'
2018-11-08 18:15:44 ERROR Crawler:266 - [ERR URL] http://domeggook.com/5263665?sfc=ttl&sf=ttl&sw=%B1%E8&pg=3
2018-11-08 18:15:44 ERROR Crawler:269 - L ERR_WRITE : Contents write failed : Duplicate entry '5263665' for key 'PRIMARY'
2018-11-08 18:15:45 ERROR Crawler:266 - [ERR URL] http://domeggook.com/8125542?sfc=ttl&sf=ttl&sw=%B1%E8&pg=3
2018-11-08 18:15:45 ERROR Crawler:269 - L ERR_WRITE : Contents write failed : Duplicate entry '8125542' for key 'PRIMARY'
2018-11-08 18:15:47 ERROR Crawler:266 - [ERR URL] http://domeggook.com/8125538?sfc=ttl&sf=ttl&sw=%B1%E8&pg=3
2018-11-08 18:15:47 ERROR Crawler:269 - L ERR_WRITE : Contents write failed : Duplicate entry '8125538' for key 'PRIMARY'
2018-11-08 18:15:49 ERROR Crawler:266 - [ERR URL] http://domeggook.com/8125528?sfc=ttl&sf=ttl&sw=%B1%E8&pg=3
2018-11-08 18:15:49 ERROR Crawler:269 - L ERR_WRITE : Contents write failed : Duplicate entry '8125528' for key 'PRIMARY'
2018-11-08 18:15:51 ERROR Crawler:266 - [ERR URL] http://domeggook.com/8125523?sfc=ttl&sf=ttl&sw=%B1%E8&pg=3
2018-11-08 18:15:51 ERROR Crawler:269 - L ERR_WRITE : Contents write failed : Duplicate entry '8125523' for key 'PRIMARY'
2018-11-08 18:15:53 ERROR Crawler:266 - [ERR URL] http://domeggook.com/8125511?sfc=ttl&sf=ttl&sw=%B1%E8&pg=3
2018-11-08 18:15:53 ERROR Crawler:269 - L ERR_WRITE : Contents write failed : Duplicate entry '8125511' for key 'PRIMARY'
2018-11-08 18:15:55 ERROR Crawler:266 - [ERR URL] http://domeggook.com/8125501?sfc=ttl&sf=ttl&sw=%B1%E8&pg=3
2018-11-08 18:15:55 ERROR Crawler:269 - L ERR_WRITE : Contents write failed : Duplicate entry '8125501' for key 'PRIMARY'
2018-11-08 18:15:57 ERROR Crawler:266 - [ERR URL] http://domeggook.com/8125496?sfc=ttl&sf=ttl&sw=%B1%E8&pg=3
2018-11-08 18:15:57 ERROR Crawler:269 - L ERR_WRITE : Contents write failed : Duplicate entry '8125496' for key 'PRIMARY'
2018-11-08 18:15:59 ERROR Crawler:266 - [ERR URL] http://domeggook.com/6888789?sfc=ttl&sf=ttl&sw=%B1%E8&pg=3
2018-11-08 18:15:59 ERROR Crawler:269 - L ERR_WRITE : Contents write failed : Duplicate entry '6888789' for key 'PRIMARY'
2018-11-08 18:16:00 ERROR Crawler:266 - [ERR URL] http://domeggook.com/6875369?sfc=ttl&sf=ttl&sw=%B1%E8&pg=3
2018-11-08 18:16:00 ERROR Crawler:269 - L ERR_WRITE : Contents write failed : Duplicate entry '6875369' for key 'PRIMARY'
2018-11-08 18:16:03 ERROR Crawler:266 - [ERR URL] http://domeggook.com/8025373?sfc=ttl&sf=ttl&sw=%B1%E8&pg=3
2018-11-08 18:16:03 ERROR Crawler:269 - L ERR_WRITE : Contents write failed : Duplicate entry '8025373' for key 'PRIMARY'
2018-11-08 18:16:03 ERROR WorkRunnable:82 - not found element element not interactable
  (Session info: chrome=70.0.3538.77)
  (Driver info: chromedriver=2.43.600210 (68dcf5eebde37173d4027fa8635e332711d2874a),platform=Windows NT 10.0.17134 x86_64) (WARNING: The server did not provide any stacktrace information)
Command duration or timeout: 0 milliseconds
Build info: version: '3.11.0', revision: 'e59cfb3', time: '2018-03-11T20:26:55.152Z'
System info: host: 'LAPTOP-94HKRVCK', ip: '192.168.56.1', os.name: 'Windows 10', os.arch: 'amd64', os.version: '10.0', java.version: '1.8.0_161'
Driver info: org.openqa.selenium.chrome.ChromeDriver
Capabilities {acceptInsecureCerts: false, acceptSslCerts: false, applicationCacheEnabled: false, browserConnectionEnabled: false, browserName: chrome, chrome: {chromedriverVersion: 2.43.600210 (68dcf5eebde371..., userDataDir: C:\Users\onycom\AppData\Loc...}, cssSelectorsEnabled: true, databaseEnabled: false, goog:chromeOptions: {debuggerAddress: localhost:4116}, handlesAlerts: true, hasTouchScreen: false, javascriptEnabled: true, locationContextEnabled: true, mobileEmulationEnabled: false, nativeEvents: true, networkConnectionEnabled: false, pageLoadStrategy: normal, platform: XP, platformName: XP, rotatable: false, setWindowRect: true, takesHeapSnapshot: true, takesScreenshot: true, unexpectedAlertBehaviour: , unhandledPromptBehavior: , version: 70.0.3538.77, webStorageEnabled: true}
Session ID: a623ad3e66aacfa02ff1ef11495c6c25
org.openqa.selenium.ElementNotVisibleException: element not interactable
  (Session info: chrome=70.0.3538.77)
  (Driver info: chromedriver=2.43.600210 (68dcf5eebde37173d4027fa8635e332711d2874a),platform=Windows NT 10.0.17134 x86_64) (WARNING: The server did not provide any stacktrace information)
Command duration or timeout: 0 milliseconds
Build info: version: '3.11.0', revision: 'e59cfb3', time: '2018-03-11T20:26:55.152Z'
System info: host: 'LAPTOP-94HKRVCK', ip: '192.168.56.1', os.name: 'Windows 10', os.arch: 'amd64', os.version: '10.0', java.version: '1.8.0_161'
Driver info: org.openqa.selenium.chrome.ChromeDriver
Capabilities {acceptInsecureCerts: false, acceptSslCerts: false, applicationCacheEnabled: false, browserConnectionEnabled: false, browserName: chrome, chrome: {chromedriverVersion: 2.43.600210 (68dcf5eebde371..., userDataDir: C:\Users\onycom\AppData\Loc...}, cssSelectorsEnabled: true, databaseEnabled: false, goog:chromeOptions: {debuggerAddress: localhost:4116}, handlesAlerts: true, hasTouchScreen: false, javascriptEnabled: true, locationContextEnabled: true, mobileEmulationEnabled: false, nativeEvents: true, networkConnectionEnabled: false, pageLoadStrategy: normal, platform: XP, platformName: XP, rotatable: false, setWindowRect: true, takesHeapSnapshot: true, takesScreenshot: true, unexpectedAlertBehaviour: , unhandledPromptBehavior: , version: 70.0.3538.77, webStorageEnabled: true}
Session ID: a623ad3e66aacfa02ff1ef11495c6c25
	at com.onycom.crawler.core.WorkRunnable.run(WorkRunnable.java:82)
	at java.lang.Thread.run(Thread.java:748)
2018-11-08 18:16:03 ERROR Crawler:266 - [ERR URL] http://domeggook.com/main/item/itemList.php?sfc=ttl&sf=ttl&sw=%B1%E8&pg=3
2018-11-08 18:16:03 ERROR Crawler:269 - L ERR : not found element element not interactable
  (Session info: chrome=70.0.3538.77)
  (Driver info: chromedriver=2.43.600210 (68dcf5eebde37173d4027fa8635e332711d2874a),platform=Windows NT 10.0.17134 x86_64) (WARNING: The server did not provide any stacktrace information)
Command duration or timeout: 0 milliseconds
Build info: version: '3.11.0', revision: 'e59cfb3', time: '2018-03-11T20:26:55.152Z'
System info: host: 'LAPTOP-94HKRVCK', ip: '192.168.56.1', os.name: 'Windows 10', os.arch: 'amd64', os.version: '10.0', java.version: '1.8.0_161'
Driver info: org.openqa.selenium.chrome.ChromeDriver
Capabilities {acceptInsecureCerts: false, acceptSslCerts: false, applicationCacheEnabled: false, browserConnectionEnabled: false, browserName: chrome, chrome: {chromedriverVersion: 2.43.600210 (68dcf5eebde371..., userDataDir: C:\Users\onycom\AppData\Loc...}, cssSelectorsEnabled: true, databaseEnabled: false, goog:chromeOptions: {debuggerAddress: localhost:4116}, handlesAlerts: true, hasTouchScreen: false, javascriptEnabled: true, locationContextEnabled: true, mobileEmulationEnabled: false, nativeEvents: true, networkConnectionEnabled: false, pageLoadStrategy: normal, platform: XP, platformName: XP, rotatable: false, setWindowRect: true, takesHeapSnapshot: true, takesScreenshot: true, unexpectedAlertBehaviour: , unhandledPromptBehavior: , version: 70.0.3538.77, webStorageEnabled: true}
Session ID: a623ad3e66aacfa02ff1ef11495c6c25
2018-11-08 18:16:03 ERROR WorkRunnable:82 - not found element element not interactable
  (Session info: chrome=70.0.3538.77)
  (Driver info: chromedriver=2.43.600210 (68dcf5eebde37173d4027fa8635e332711d2874a),platform=Windows NT 10.0.17134 x86_64) (WARNING: The server did not provide any stacktrace information)
Command duration or timeout: 0 milliseconds
Build info: version: '3.11.0', revision: 'e59cfb3', time: '2018-03-11T20:26:55.152Z'
System info: host: 'LAPTOP-94HKRVCK', ip: '192.168.56.1', os.name: 'Windows 10', os.arch: 'amd64', os.version: '10.0', java.version: '1.8.0_161'
Driver info: org.openqa.selenium.chrome.ChromeDriver
Capabilities {acceptInsecureCerts: false, acceptSslCerts: false, applicationCacheEnabled: false, browserConnectionEnabled: false, browserName: chrome, chrome: {chromedriverVersion: 2.43.600210 (68dcf5eebde371..., userDataDir: C:\Users\onycom\AppData\Loc...}, cssSelectorsEnabled: true, databaseEnabled: false, goog:chromeOptions: {debuggerAddress: localhost:4116}, handlesAlerts: true, hasTouchScreen: false, javascriptEnabled: true, locationContextEnabled: true, mobileEmulationEnabled: false, nativeEvents: true, networkConnectionEnabled: false, pageLoadStrategy: normal, platform: XP, platformName: XP, rotatable: false, setWindowRect: true, takesHeapSnapshot: true, takesScreenshot: true, unexpectedAlertBehaviour: , unhandledPromptBehavior: , version: 70.0.3538.77, webStorageEnabled: true}
Session ID: a623ad3e66aacfa02ff1ef11495c6c25
org.openqa.selenium.ElementNotVisibleException: element not interactable
  (Session info: chrome=70.0.3538.77)
  (Driver info: chromedriver=2.43.600210 (68dcf5eebde37173d4027fa8635e332711d2874a),platform=Windows NT 10.0.17134 x86_64) (WARNING: The server did not provide any stacktrace information)
Command duration or timeout: 0 milliseconds
Build info: version: '3.11.0', revision: 'e59cfb3', time: '2018-03-11T20:26:55.152Z'
System info: host: 'LAPTOP-94HKRVCK', ip: '192.168.56.1', os.name: 'Windows 10', os.arch: 'amd64', os.version: '10.0', java.version: '1.8.0_161'
Driver info: org.openqa.selenium.chrome.ChromeDriver
Capabilities {acceptInsecureCerts: false, acceptSslCerts: false, applicationCacheEnabled: false, browserConnectionEnabled: false, browserName: chrome, chrome: {chromedriverVersion: 2.43.600210 (68dcf5eebde371..., userDataDir: C:\Users\onycom\AppData\Loc...}, cssSelectorsEnabled: true, databaseEnabled: false, goog:chromeOptions: {debuggerAddress: localhost:4116}, handlesAlerts: true, hasTouchScreen: false, javascriptEnabled: true, locationContextEnabled: true, mobileEmulationEnabled: false, nativeEvents: true, networkConnectionEnabled: false, pageLoadStrategy: normal, platform: XP, platformName: XP, rotatable: false, setWindowRect: true, takesHeapSnapshot: true, takesScreenshot: true, unexpectedAlertBehaviour: , unhandledPromptBehavior: , version: 70.0.3538.77, webStorageEnabled: true}
Session ID: a623ad3e66aacfa02ff1ef11495c6c25
	at com.onycom.crawler.core.WorkRunnable.run(WorkRunnable.java:82)
	at java.lang.Thread.run(Thread.java:748)
2018-11-08 18:16:03 ERROR Crawler:266 - [ERR URL] http://domeggook.com/main/item/itemList.php?sfc=ttl&sf=ttl&sw=%B1%E8&pg=3
2018-11-08 18:16:03 ERROR Crawler:269 - L ERR : not found element element not interactable
  (Session info: chrome=70.0.3538.77)
  (Driver info: chromedriver=2.43.600210 (68dcf5eebde37173d4027fa8635e332711d2874a),platform=Windows NT 10.0.17134 x86_64) (WARNING: The server did not provide any stacktrace information)
Command duration or timeout: 0 milliseconds
Build info: version: '3.11.0', revision: 'e59cfb3', time: '2018-03-11T20:26:55.152Z'
System info: host: 'LAPTOP-94HKRVCK', ip: '192.168.56.1', os.name: 'Windows 10', os.arch: 'amd64', os.version: '10.0', java.version: '1.8.0_161'
Driver info: org.openqa.selenium.chrome.ChromeDriver
Capabilities {acceptInsecureCerts: false, acceptSslCerts: false, applicationCacheEnabled: false, browserConnectionEnabled: false, browserName: chrome, chrome: {chromedriverVersion: 2.43.600210 (68dcf5eebde371..., userDataDir: C:\Users\onycom\AppData\Loc...}, cssSelectorsEnabled: true, databaseEnabled: false, goog:chromeOptions: {debuggerAddress: localhost:4116}, handlesAlerts: true, hasTouchScreen: false, javascriptEnabled: true, locationContextEnabled: true, mobileEmulationEnabled: false, nativeEvents: true, networkConnectionEnabled: false, pageLoadStrategy: normal, platform: XP, platformName: XP, rotatable: false, setWindowRect: true, takesHeapSnapshot: true, takesScreenshot: true, unexpectedAlertBehaviour: , unhandledPromptBehavior: , version: 70.0.3538.77, webStorageEnabled: true}
Session ID: a623ad3e66aacfa02ff1ef11495c6c25
2018-11-08 18:16:07 ERROR Crawler:266 - [ERR URL] http://domeggook.com/8025331?sfc=ttl&sf=ttl&sw=%B1%E8&pg=4
2018-11-08 18:16:07 ERROR Crawler:269 - L ERR_WRITE : Contents write failed : Duplicate entry '8025331' for key 'PRIMARY'
2018-11-08 18:16:09 ERROR Crawler:266 - [ERR URL] http://domeggook.com/8010718?sfc=ttl&sf=ttl&sw=%B1%E8&pg=4
2018-11-08 18:16:09 ERROR Crawler:269 - L ERR_CONTENTS_COL : price, div.lInfoSellPrice > b, text
2018-11-08 18:16:09 ERROR Crawler:269 - L ERR_WRITE : Contents write failed : Duplicate entry '8010718' for key 'PRIMARY'
2018-11-08 18:16:11 ERROR Crawler:266 - [ERR URL] http://domeggook.com/7999072?sfc=ttl&sf=ttl&sw=%B1%E8&pg=4
2018-11-08 18:16:11 ERROR Crawler:269 - L ERR_CONTENTS_COL : price, div.lInfoSellPrice > b, text
2018-11-08 18:16:11 ERROR Crawler:269 - L ERR_WRITE : Contents write failed : Duplicate entry '7999072' for key 'PRIMARY'
2018-11-08 18:16:13 ERROR Crawler:266 - [ERR URL] http://domeggook.com/6124358?sfc=ttl&sf=ttl&sw=%B1%E8&pg=4
2018-11-08 18:16:13 ERROR Crawler:269 - L ERR_WRITE : Contents write failed : Duplicate entry '6124358' for key 'PRIMARY'
2018-11-08 18:16:15 ERROR Crawler:266 - [ERR URL] http://domeggook.com/7206370?sfc=ttl&sf=ttl&sw=%B1%E8&pg=4
2018-11-08 18:16:15 ERROR Crawler:269 - L ERR_WRITE : Contents write failed : Duplicate entry '7206370' for key 'PRIMARY'
2018-11-08 18:16:17 ERROR Crawler:266 - [ERR URL] http://domeggook.com/8131875?sfc=ttl&sf=ttl&sw=%B1%E8&pg=4
2018-11-08 18:16:17 ERROR Crawler:269 - L ERR_WRITE : Contents write failed : Duplicate entry '8131875' for key 'PRIMARY'
2018-11-08 18:16:19 ERROR Crawler:266 - [ERR URL] http://domeggook.com/8083535?sfc=ttl&sf=ttl&sw=%B1%E8&pg=4
2018-11-08 18:16:19 ERROR Crawler:269 - L ERR_WRITE : Contents write failed : Duplicate entry '8083535' for key 'PRIMARY'
2018-11-08 18:16:21 ERROR Crawler:266 - [ERR URL] http://domeggook.com/7086133?sfc=ttl&sf=ttl&sw=%B1%E8&pg=4
2018-11-08 18:16:21 ERROR Crawler:269 - L ERR_WRITE : Contents write failed : Duplicate entry '7086133' for key 'PRIMARY'
2018-11-08 18:16:23 ERROR Crawler:266 - [ERR URL] http://domeggook.com/7539161?sfc=ttl&sf=ttl&sw=%B1%E8&pg=4
2018-11-08 18:16:23 ERROR Crawler:269 - L ERR_WRITE : Contents write failed : Duplicate entry '7539161' for key 'PRIMARY'
2018-11-08 18:16:25 ERROR Crawler:266 - [ERR URL] http://domeggook.com/7492909?sfc=ttl&sf=ttl&sw=%B1%E8&pg=4
2018-11-08 18:16:25 ERROR Crawler:269 - L ERR_WRITE : Contents write failed : Duplicate entry '7492909' for key 'PRIMARY'
2018-11-08 18:16:27 ERROR Crawler:266 - [ERR URL] http://domeggook.com/8006360?sfc=ttl&sf=ttl&sw=%B1%E8&pg=4
2018-11-08 18:16:27 ERROR Crawler:269 - L ERR_WRITE : Contents write failed : Duplicate entry '8006360' for key 'PRIMARY'
2018-11-08 18:16:28 ERROR Crawler:266 - [ERR URL] http://domeggook.com/8006359?sfc=ttl&sf=ttl&sw=%B1%E8&pg=4
2018-11-08 18:16:28 ERROR Crawler:269 - L ERR_WRITE : Contents write failed : Duplicate entry '8006359' for key 'PRIMARY'
2018-11-08 18:16:30 ERROR Crawler:266 - [ERR URL] http://domeggook.com/8006358?sfc=ttl&sf=ttl&sw=%B1%E8&pg=4
2018-11-08 18:16:30 ERROR Crawler:269 - L ERR_WRITE : Contents write failed : Duplicate entry '8006358' for key 'PRIMARY'
2018-11-08 18:16:32 ERROR Crawler:266 - [ERR URL] http://domeggook.com/6841831?sfc=ttl&sf=ttl&sw=%B1%E8&pg=4
2018-11-08 18:16:32 ERROR Crawler:269 - L ERR_WRITE : Contents write failed : Duplicate entry '6841831' for key 'PRIMARY'
