2018-10-29 10:03:34 INFO  Crawler:238 - ============== Start Crawler =============
2018-10-29 10:03:34 INFO  Crawler:239 - CONFIG FILE    : ./config/config_action.json
2018-10-29 10:03:34 INFO  Crawler:241 - CMD PARAM 00   : 그래픽카드
2018-10-29 10:03:34 INFO  Crawler:243 - CRAWLER NAME   : 액션기반_크롤링
2018-10-29 10:03:34 INFO  Crawler:244 - CRAWLER TYPE   : SCENARIO_DYNAMIC
2018-10-29 10:03:34 INFO  Crawler:245 - IGNORE ROBOTS  : false
2018-10-29 10:03:34 INFO  Crawler:246 - LIMIT_COUNT    : 10
2018-10-29 10:03:34 INFO  Crawler:247 - FILTER COUNT   : 0
2018-10-29 10:03:34 INFO  Crawler:251 - SCENARIO COUNT : 2
2018-10-29 10:03:34 INFO  Crawler:252 - COLLECT COUNT  : 1
2018-10-29 10:03:34 INFO  Crawler:253 - SAVE TYPE      : CSV
2018-10-29 10:03:34 INFO  Crawler:254 - SAVE HTML      : true
2018-10-29 10:03:34 INFO  Crawler:255 - ==========================================
2018-10-29 10:03:39 INFO  Crawler:282 - [Progress 1] save : 0, err : 0, remain_work : 1, total : 2
2018-10-29 10:03:39 ERROR WorkRunnable:83 - Data key must not be empty
java.lang.IllegalArgumentException: Data key must not be empty
	at com.onycom.crawler.core.WorkRunnable.run(WorkRunnable.java:83)
	at java.lang.Thread.run(Thread.java:748)
2018-10-29 10:03:39 ERROR WorkRunnable:84 - Data key must not be empty
java.lang.IllegalArgumentException: Data key must not be empty
	at com.onycom.crawler.core.WorkRunnable.run(WorkRunnable.java:84)
	at java.lang.Thread.run(Thread.java:748)
2018-10-29 10:03:39 INFO  Crawler:282 - [Progress 2] save : 0, err : 0, remain_work : 0, total : 2
2018-10-29 10:03:40 INFO  Crawler:316 - ============== Finish Crawler =============
2018-10-29 10:03:40 INFO  Crawler:317 - [total time] 00:00:05
2018-10-29 10:03:40 INFO  Crawler:318 - [save contents] 0
2018-10-29 10:03:40 INFO  Crawler:319 - [error work] 0
2018-10-29 10:03:40 INFO  Crawler:320 - [remain work] 0
2018-10-29 10:03:40 INFO  Crawler:321 - [total processed work] 2
