2018-11-08 17:00:27 INFO  Crawler:218 - ============== Start Crawler =============
2018-11-08 17:00:27 INFO  Crawler:219 - CONFIG FILE    : ./config/config_domeggook.json
2018-11-08 17:00:27 INFO  Crawler:223 - CRAWLER NAME   : domeggook
2018-11-08 17:00:27 INFO  Crawler:224 - CRAWLER TYPE   : SCENARIO_DYNAMIC
2018-11-08 17:00:27 INFO  Crawler:225 - CRAWLER DELAY  : 1 sec
2018-11-08 17:00:27 INFO  Crawler:226 - IGNORE ROBOTS  : true
2018-11-08 17:00:27 INFO  Crawler:227 - LIMIT_COUNT    : -1
2018-11-08 17:00:27 INFO  Crawler:228 - FILTER COUNT   : 0
2018-11-08 17:00:27 INFO  Crawler:232 - SCENARIO COUNT : 2
2018-11-08 17:00:27 INFO  Crawler:233 - COLLECT COUNT  : 1
2018-11-08 17:00:27 INFO  Crawler:234 - SAVE TYPE      : DB
2018-11-08 17:00:27 INFO  Crawler:235 - SAVE HTML      : true
2018-11-08 17:00:27 INFO  Crawler:236 - ==========================================
2018-11-08 17:00:36 INFO  Crawler:266 - [Progress 1] save : 0, err : 0, remain_work : 2, total : 3
2018-11-08 17:00:37 INFO  Crawler:266 - [Progress 2] save : 0, err : 0, remain_work : 53, total : 55
2018-11-08 17:00:42 INFO  Crawler:266 - [Progress 3] save : 0, err : 0, remain_work : 55, total : 58
2018-11-08 17:00:43 INFO  Crawler:266 - [Progress 4] save : 0, err : 0, remain_work : 54, total : 58
2018-11-08 17:00:44 ERROR Crawler:258 - [ERR URL] http://domeggook.com/8031622?sfc=ttl&sf=ttl&sw=%B1%E8
2018-11-08 17:00:44 ERROR Crawler:261 - L ERR_WRITE : Contents write failed : Duplicate entry '8031622' for key 'PRIMARY'
2018-11-08 17:00:44 INFO  Crawler:266 - [Progress 5] save : 0, err : 1, remain_work : 53, total : 58
2018-11-08 17:00:45 INFO  Crawler:266 - [Progress 6] save : 0, err : 1, remain_work : 52, total : 58
