2018-11-07 16:36:40 INFO  Crawler:218 - ============== Start Crawler =============
2018-11-07 16:36:40 INFO  Crawler:219 - CONFIG FILE    : ./config/config_naver_news.json
2018-11-07 16:36:40 INFO  Crawler:223 - CRAWLER NAME   : naver_news
2018-11-07 16:36:40 INFO  Crawler:224 - CRAWLER TYPE   : SCENARIO_STATIC
2018-11-07 16:36:40 INFO  Crawler:225 - CRAWLER DELAY  : 3 sec
2018-11-07 16:36:40 INFO  Crawler:226 - IGNORE ROBOTS  : true
2018-11-07 16:36:40 INFO  Crawler:227 - LIMIT_COUNT    : -1
2018-11-07 16:36:40 INFO  Crawler:228 - FILTER COUNT   : 0
2018-11-07 16:36:40 INFO  Crawler:232 - SCENARIO COUNT : 5
2018-11-07 16:36:40 INFO  Crawler:233 - COLLECT COUNT  : 1
2018-11-07 16:36:40 INFO  Crawler:234 - SAVE TYPE      : DB
2018-11-07 16:36:40 INFO  Crawler:235 - SAVE HTML      : false
2018-11-07 16:36:40 INFO  Crawler:236 - ==========================================
2018-11-07 16:36:45 ERROR Crawler:258 - [ERR URL] https://news.naver.com/main/list.nhn?mode=LPOD&mid=sec&oid=138
2018-11-07 16:36:45 ERROR Crawler:261 - L ERR : null
java.lang.NullPointerException
2018-11-07 16:36:45 INFO  Crawler:266 - [Progress 1] save : 0, err : 1, remain_work : 0, total : 1
2018-11-07 16:36:45 INFO  Crawler:300 - ============== Finish Crawler =============
2018-11-07 16:36:45 INFO  Crawler:301 - [total time] 00:00:04
2018-11-07 16:36:45 INFO  Crawler:302 - [save contents] 0
2018-11-07 16:36:45 INFO  Crawler:303 - [error work] 1
2018-11-07 16:36:45 INFO  Crawler:304 - [remain work] 0
2018-11-07 16:36:45 INFO  Crawler:305 - [total processed work] 1
