2018-11-05 16:50:07 INFO  Crawler:218 - ============== Start Crawler =============
2018-11-05 16:50:07 INFO  Crawler:219 - CONFIG FILE    : ./config/config_naver_news.json
2018-11-05 16:50:07 INFO  Crawler:223 - CRAWLER NAME   : naver_news
2018-11-05 16:50:07 INFO  Crawler:224 - CRAWLER TYPE   : SCENARIO_STATIC
2018-11-05 16:50:07 INFO  Crawler:225 - IGNORE ROBOTS  : true
2018-11-05 16:50:07 INFO  Crawler:226 - LIMIT_COUNT    : 5
2018-11-05 16:50:07 INFO  Crawler:227 - FILTER COUNT   : 0
2018-11-05 16:50:07 INFO  Crawler:231 - SCENARIO COUNT : 1
2018-11-05 16:50:07 INFO  Crawler:232 - COLLECT COUNT  : 1
2018-11-05 16:50:07 INFO  Crawler:233 - SAVE TYPE      : DB
2018-11-05 16:50:07 INFO  Crawler:234 - SAVE HTML      : false
2018-11-05 16:50:07 INFO  Crawler:235 - ==========================================
2018-11-05 16:50:09 INFO  Crawler:264 - [Progress 1] save : 0, err : 0, remain_work : 50, total : 51
2018-11-05 16:50:09 INFO  Crawler:264 - [Progress 2] save : 1, err : 0, remain_work : 49, total : 51
2018-11-05 16:50:09 INFO  Crawler:264 - [Progress 3] save : 2, err : 0, remain_work : 48, total : 51
2018-11-05 16:50:09 INFO  Crawler:264 - [Progress 4] save : 3, err : 0, remain_work : 47, total : 51
2018-11-05 16:50:09 INFO  Crawler:264 - [Progress 5] save : 4, err : 0, remain_work : 46, total : 51
2018-11-05 16:50:09 INFO  Crawler:264 - [Progress 6] save : 5, err : 0, remain_work : 45, total : 51
2018-11-05 16:50:09 INFO  Crawler:298 - ============== Finish Crawler =============
2018-11-05 16:50:09 INFO  Crawler:299 - [total time] 00:00:02
2018-11-05 16:50:09 INFO  Crawler:300 - [save contents] 5
2018-11-05 16:50:09 INFO  Crawler:301 - [error work] 0
2018-11-05 16:50:09 INFO  Crawler:302 - [remain work] 0
2018-11-05 16:50:09 INFO  Crawler:303 - [total processed work] 6
