2018-10-19 16:03:18 INFO  Crawler:228 - ============== Start Crawler =============
2018-10-19 16:03:18 INFO  Crawler:229 - CONFIG FILE    : ./config/config_filter.json
2018-10-19 16:03:18 INFO  Crawler:231 - CMD PARAM 00   : 그래픽카드
2018-10-19 16:03:18 INFO  Crawler:233 - CRAWLER NAME   : filter_based_dc_inside
2018-10-19 16:03:18 INFO  Crawler:234 - CRAWLER TYPE   : STATIC
2018-10-19 16:03:18 INFO  Crawler:235 - IGNORE ROBOTS  : true
2018-10-19 16:03:18 INFO  Crawler:236 - LIMIT_COUNT    : -1
2018-10-19 16:03:18 INFO  Crawler:237 - FILTER COUNT   : 10
2018-10-19 16:03:18 INFO  Crawler:241 - SCENARIO COUNT : 0
2018-10-19 16:03:18 INFO  Crawler:242 - COLLECT COUNT  : 1
2018-10-19 16:03:18 INFO  Crawler:243 - SAVE TYPE      : CSV
2018-10-19 16:03:18 INFO  Crawler:244 - SAVE HTML      : true
2018-10-19 16:03:18 INFO  Crawler:245 - ==========================================
2018-10-19 16:03:20 INFO  Crawler:273 - [Progress 1] save : 0, err : 0, remain_work : 0, total : 1
2018-10-19 16:03:20 INFO  Crawler:307 - ============== Finish Crawler =============
2018-10-19 16:03:20 INFO  Crawler:308 - [total time] 00:00:01
2018-10-19 16:03:20 INFO  Crawler:309 - [save contents] 0
2018-10-19 16:03:20 INFO  Crawler:310 - [error work] 0
2018-10-19 16:03:20 INFO  Crawler:311 - [remain work] 0
2018-10-19 16:03:20 INFO  Crawler:312 - [total processed work] 1
2018-10-19 16:08:22 INFO  Crawler:228 - ============== Start Crawler =============
2018-10-19 16:08:22 INFO  Crawler:229 - CONFIG FILE    : ./config/config_filter.json
2018-10-19 16:08:22 INFO  Crawler:231 - CMD PARAM 00   : 그래픽카드
2018-10-19 16:08:22 INFO  Crawler:233 - CRAWLER NAME   : filter_based_dc_inside
2018-10-19 16:08:22 INFO  Crawler:234 - CRAWLER TYPE   : STATIC
2018-10-19 16:08:22 INFO  Crawler:235 - IGNORE ROBOTS  : true
2018-10-19 16:08:22 INFO  Crawler:236 - LIMIT_COUNT    : -1
2018-10-19 16:08:22 INFO  Crawler:237 - FILTER COUNT   : 10
2018-10-19 16:08:22 INFO  Crawler:241 - SCENARIO COUNT : 0
2018-10-19 16:08:22 INFO  Crawler:242 - COLLECT COUNT  : 1
2018-10-19 16:08:22 INFO  Crawler:243 - SAVE TYPE      : CSV
2018-10-19 16:08:22 INFO  Crawler:244 - SAVE HTML      : true
2018-10-19 16:08:22 INFO  Crawler:245 - ==========================================
2018-10-19 16:08:24 INFO  Crawler:273 - [Progress 1] save : 0, err : 0, remain_work : 39, total : 40
2018-10-19 16:08:25 INFO  Crawler:273 - [Progress 2] save : 1, err : 0, remain_work : 38, total : 40
2018-10-19 16:08:26 INFO  Crawler:273 - [Progress 3] save : 2, err : 0, remain_work : 37, total : 40
2018-10-19 16:08:27 INFO  Crawler:273 - [Progress 4] save : 3, err : 0, remain_work : 36, total : 40
2018-10-19 16:08:28 INFO  Crawler:273 - [Progress 5] save : 4, err : 0, remain_work : 35, total : 40
2018-10-19 16:08:29 INFO  Crawler:273 - [Progress 6] save : 5, err : 0, remain_work : 34, total : 40
2018-10-19 16:08:30 INFO  Crawler:273 - [Progress 7] save : 6, err : 0, remain_work : 33, total : 40
2018-10-19 16:08:30 INFO  Crawler:273 - [Progress 8] save : 7, err : 0, remain_work : 32, total : 40
2018-10-19 16:08:31 INFO  Crawler:273 - [Progress 9] save : 8, err : 0, remain_work : 31, total : 40
2018-10-19 16:08:32 INFO  Crawler:273 - [Progress 10] save : 9, err : 0, remain_work : 30, total : 40
2018-10-19 16:08:33 INFO  Crawler:273 - [Progress 11] save : 10, err : 0, remain_work : 29, total : 40
2018-10-19 16:08:34 INFO  Crawler:273 - [Progress 12] save : 11, err : 0, remain_work : 28, total : 40
2018-10-19 16:08:35 INFO  Crawler:273 - [Progress 13] save : 12, err : 0, remain_work : 27, total : 40
2018-10-19 16:08:35 INFO  Crawler:273 - [Progress 14] save : 13, err : 0, remain_work : 26, total : 40
2018-10-19 16:08:36 INFO  Crawler:273 - [Progress 15] save : 14, err : 0, remain_work : 25, total : 40
2018-10-19 16:08:37 INFO  Crawler:273 - [Progress 16] save : 15, err : 0, remain_work : 24, total : 40
2018-10-19 16:08:38 INFO  Crawler:273 - [Progress 17] save : 16, err : 0, remain_work : 23, total : 40
2018-10-19 16:08:39 INFO  Crawler:273 - [Progress 18] save : 17, err : 0, remain_work : 22, total : 40
2018-10-19 16:08:39 INFO  Crawler:273 - [Progress 19] save : 18, err : 0, remain_work : 21, total : 40
2018-10-19 16:08:40 INFO  Crawler:273 - [Progress 20] save : 19, err : 0, remain_work : 20, total : 40
2018-10-19 16:08:41 INFO  Crawler:273 - [Progress 21] save : 20, err : 0, remain_work : 19, total : 40
2018-10-19 16:08:42 INFO  Crawler:273 - [Progress 22] save : 21, err : 0, remain_work : 18, total : 40
2018-10-19 16:08:42 INFO  Crawler:273 - [Progress 23] save : 22, err : 0, remain_work : 17, total : 40
2018-10-19 16:08:43 INFO  Crawler:273 - [Progress 24] save : 23, err : 0, remain_work : 16, total : 40
2018-10-19 16:08:44 INFO  Crawler:273 - [Progress 25] save : 24, err : 0, remain_work : 15, total : 40
2018-10-19 16:08:45 INFO  Crawler:273 - [Progress 26] save : 25, err : 0, remain_work : 14, total : 40
2018-10-19 16:08:46 INFO  Crawler:273 - [Progress 27] save : 26, err : 0, remain_work : 13, total : 40
2018-10-19 16:08:46 INFO  Crawler:273 - [Progress 28] save : 27, err : 0, remain_work : 12, total : 40
2018-10-19 16:08:47 INFO  Crawler:273 - [Progress 29] save : 28, err : 0, remain_work : 11, total : 40
2018-10-19 16:08:48 INFO  Crawler:273 - [Progress 30] save : 29, err : 0, remain_work : 10, total : 40
2018-10-19 16:08:48 INFO  Crawler:273 - [Progress 31] save : 30, err : 0, remain_work : 9, total : 40
2018-10-19 16:08:49 INFO  Crawler:273 - [Progress 32] save : 31, err : 0, remain_work : 8, total : 40
2018-10-19 16:08:50 INFO  Crawler:273 - [Progress 33] save : 32, err : 0, remain_work : 7, total : 40
2018-10-19 16:08:51 INFO  Crawler:273 - [Progress 34] save : 33, err : 0, remain_work : 6, total : 40
2018-10-19 16:08:52 INFO  Crawler:273 - [Progress 35] save : 34, err : 0, remain_work : 5, total : 40
2018-10-19 16:08:52 INFO  Crawler:273 - [Progress 36] save : 35, err : 0, remain_work : 4, total : 40
2018-10-19 16:08:53 INFO  Crawler:273 - [Progress 37] save : 36, err : 0, remain_work : 3, total : 40
2018-10-19 16:08:54 INFO  Crawler:273 - [Progress 38] save : 37, err : 0, remain_work : 2, total : 40
2018-10-19 16:08:55 INFO  Crawler:273 - [Progress 39] save : 38, err : 0, remain_work : 1, total : 40
2018-10-19 16:08:55 INFO  Crawler:273 - [Progress 40] save : 38, err : 0, remain_work : 24, total : 64
2018-10-19 16:08:56 INFO  Crawler:273 - [Progress 41] save : 39, err : 0, remain_work : 23, total : 64
2018-10-19 16:08:57 INFO  Crawler:273 - [Progress 42] save : 40, err : 0, remain_work : 22, total : 64
2018-10-19 16:08:58 INFO  Crawler:273 - [Progress 43] save : 41, err : 0, remain_work : 21, total : 64
2018-10-19 16:08:58 INFO  Crawler:273 - [Progress 44] save : 42, err : 0, remain_work : 20, total : 64
2018-10-19 16:08:59 INFO  Crawler:273 - [Progress 45] save : 43, err : 0, remain_work : 19, total : 64
2018-10-19 16:09:00 INFO  Crawler:273 - [Progress 46] save : 44, err : 0, remain_work : 18, total : 64
2018-10-19 16:09:01 INFO  Crawler:273 - [Progress 47] save : 45, err : 0, remain_work : 17, total : 64
2018-10-19 16:09:01 INFO  Crawler:273 - [Progress 48] save : 46, err : 0, remain_work : 16, total : 64
2018-10-19 16:09:02 INFO  Crawler:273 - [Progress 49] save : 47, err : 0, remain_work : 15, total : 64
2018-10-19 16:09:03 INFO  Crawler:273 - [Progress 50] save : 48, err : 0, remain_work : 14, total : 64
2018-10-19 16:09:04 INFO  Crawler:273 - [Progress 51] save : 49, err : 0, remain_work : 13, total : 64
2018-10-19 16:09:06 INFO  Crawler:273 - [Progress 52] save : 50, err : 0, remain_work : 12, total : 64
2018-10-19 16:09:07 INFO  Crawler:273 - [Progress 53] save : 51, err : 0, remain_work : 11, total : 64
2018-10-19 16:09:08 INFO  Crawler:273 - [Progress 54] save : 52, err : 0, remain_work : 10, total : 64
2018-10-19 16:09:09 INFO  Crawler:273 - [Progress 55] save : 53, err : 0, remain_work : 9, total : 64
2018-10-19 16:09:10 INFO  Crawler:273 - [Progress 56] save : 54, err : 0, remain_work : 8, total : 64
2018-10-19 16:09:11 INFO  Crawler:273 - [Progress 57] save : 55, err : 0, remain_work : 7, total : 64
2018-10-19 16:09:11 INFO  Crawler:273 - [Progress 58] save : 56, err : 0, remain_work : 6, total : 64
2018-10-19 16:09:13 INFO  Crawler:273 - [Progress 59] save : 57, err : 0, remain_work : 5, total : 64
2018-10-19 16:09:14 INFO  Crawler:273 - [Progress 60] save : 58, err : 0, remain_work : 4, total : 64
2018-10-19 16:09:16 INFO  Crawler:273 - [Progress 61] save : 59, err : 0, remain_work : 3, total : 64
2018-10-19 16:09:17 INFO  Crawler:273 - [Progress 62] save : 60, err : 0, remain_work : 2, total : 64
2018-10-19 16:09:19 INFO  Crawler:273 - [Progress 63] save : 60, err : 0, remain_work : 39, total : 102
2018-10-19 16:09:19 INFO  Crawler:273 - [Progress 64] save : 60, err : 0, remain_work : 59, total : 123
2018-10-19 16:14:35 INFO  Crawler:228 - ============== Start Crawler =============
2018-10-19 16:14:35 INFO  Crawler:229 - CONFIG FILE    : ./config/config_filter.json
2018-10-19 16:14:35 INFO  Crawler:231 - CMD PARAM 00   : 그래픽카드
2018-10-19 16:14:35 INFO  Crawler:233 - CRAWLER NAME   : filter_based_dc_inside
2018-10-19 16:14:35 INFO  Crawler:234 - CRAWLER TYPE   : STATIC
2018-10-19 16:14:35 INFO  Crawler:235 - IGNORE ROBOTS  : true
2018-10-19 16:14:35 INFO  Crawler:236 - LIMIT_COUNT    : -1
2018-10-19 16:14:35 INFO  Crawler:237 - FILTER COUNT   : 10
2018-10-19 16:14:35 INFO  Crawler:241 - SCENARIO COUNT : 0
2018-10-19 16:14:35 INFO  Crawler:242 - COLLECT COUNT  : 1
2018-10-19 16:14:35 INFO  Crawler:243 - SAVE TYPE      : CSV
2018-10-19 16:14:35 INFO  Crawler:244 - SAVE HTML      : true
2018-10-19 16:14:35 INFO  Crawler:245 - ==========================================
2018-10-19 16:14:38 INFO  Crawler:273 - [Progress 1] save : 0, err : 0, remain_work : 39, total : 40
2018-10-19 16:14:39 INFO  Crawler:273 - [Progress 2] save : 1, err : 0, remain_work : 38, total : 40
2018-10-19 16:14:40 INFO  Crawler:273 - [Progress 3] save : 2, err : 0, remain_work : 37, total : 40
2018-10-19 16:14:41 INFO  Crawler:273 - [Progress 4] save : 3, err : 0, remain_work : 36, total : 40
2018-10-19 16:14:41 INFO  Crawler:273 - [Progress 5] save : 4, err : 0, remain_work : 35, total : 40
2018-10-19 16:14:42 INFO  Crawler:273 - [Progress 6] save : 5, err : 0, remain_work : 34, total : 40
2018-10-19 16:14:43 INFO  Crawler:273 - [Progress 7] save : 6, err : 0, remain_work : 33, total : 40
2018-10-19 16:14:44 INFO  Crawler:273 - [Progress 8] save : 7, err : 0, remain_work : 32, total : 40
2018-10-19 16:14:44 INFO  Crawler:273 - [Progress 9] save : 8, err : 0, remain_work : 31, total : 40
2018-10-19 16:14:45 INFO  Crawler:273 - [Progress 10] save : 9, err : 0, remain_work : 30, total : 40
2018-10-19 16:14:46 INFO  Crawler:273 - [Progress 11] save : 10, err : 0, remain_work : 29, total : 40
2018-10-19 16:14:47 INFO  Crawler:273 - [Progress 12] save : 11, err : 0, remain_work : 28, total : 40
2018-10-19 16:14:47 INFO  Crawler:273 - [Progress 13] save : 12, err : 0, remain_work : 27, total : 40
2018-10-19 16:14:48 INFO  Crawler:273 - [Progress 14] save : 13, err : 0, remain_work : 26, total : 40
2018-10-19 16:14:49 INFO  Crawler:273 - [Progress 15] save : 14, err : 0, remain_work : 25, total : 40
2018-10-19 16:14:50 INFO  Crawler:273 - [Progress 16] save : 15, err : 0, remain_work : 24, total : 40
2018-10-19 16:14:51 INFO  Crawler:273 - [Progress 17] save : 16, err : 0, remain_work : 23, total : 40
2018-10-19 16:14:51 INFO  Crawler:273 - [Progress 18] save : 17, err : 0, remain_work : 22, total : 40
2018-10-19 16:14:52 INFO  Crawler:273 - [Progress 19] save : 18, err : 0, remain_work : 21, total : 40
2018-10-19 16:14:53 INFO  Crawler:273 - [Progress 20] save : 19, err : 0, remain_work : 20, total : 40
2018-10-19 16:15:27 INFO  Crawler:229 - ============== Start Crawler =============
2018-10-19 16:15:27 INFO  Crawler:230 - CONFIG FILE    : ./config/config_filter.json
2018-10-19 16:15:27 INFO  Crawler:232 - CMD PARAM 00   : 그래픽카드
2018-10-19 16:15:27 INFO  Crawler:234 - CRAWLER NAME   : filter_based_dc_inside
2018-10-19 16:15:27 INFO  Crawler:235 - CRAWLER TYPE   : STATIC
2018-10-19 16:15:27 INFO  Crawler:236 - IGNORE ROBOTS  : true
2018-10-19 16:15:27 INFO  Crawler:237 - LIMIT_COUNT    : -1
2018-10-19 16:15:27 INFO  Crawler:238 - FILTER COUNT   : 10
2018-10-19 16:15:27 INFO  Crawler:242 - SCENARIO COUNT : 0
2018-10-19 16:15:27 INFO  Crawler:243 - COLLECT COUNT  : 1
2018-10-19 16:15:27 INFO  Crawler:244 - SAVE TYPE      : CSV
2018-10-19 16:15:27 INFO  Crawler:245 - SAVE HTML      : true
2018-10-19 16:15:27 INFO  Crawler:246 - ==========================================
2018-10-19 16:15:30 INFO  Crawler:273 - [Progress 1] save : 0, err : 0, remain_work : 39, total : 40
2018-10-19 16:15:30 INFO  Crawler:273 - [Progress 2] save : 1, err : 0, remain_work : 38, total : 40
2018-10-19 16:15:31 INFO  Crawler:273 - [Progress 3] save : 2, err : 0, remain_work : 37, total : 40
2018-10-19 16:15:32 INFO  Crawler:273 - [Progress 4] save : 3, err : 0, remain_work : 36, total : 40
2018-10-19 16:15:33 INFO  Crawler:273 - [Progress 5] save : 4, err : 0, remain_work : 35, total : 40
2018-10-19 16:15:33 INFO  Crawler:273 - [Progress 6] save : 5, err : 0, remain_work : 34, total : 40
2018-10-19 16:15:34 INFO  Crawler:273 - [Progress 7] save : 6, err : 0, remain_work : 33, total : 40
2018-10-19 16:15:35 INFO  Crawler:273 - [Progress 8] save : 7, err : 0, remain_work : 32, total : 40
2018-10-19 16:15:36 INFO  Crawler:273 - [Progress 9] save : 8, err : 0, remain_work : 31, total : 40
2018-10-19 16:15:37 INFO  Crawler:273 - [Progress 10] save : 9, err : 0, remain_work : 30, total : 40
2018-10-19 16:15:38 INFO  Crawler:273 - [Progress 11] save : 10, err : 0, remain_work : 29, total : 40
2018-10-19 16:15:38 INFO  Crawler:273 - [Progress 12] save : 11, err : 0, remain_work : 28, total : 40
2018-10-19 16:15:39 INFO  Crawler:273 - [Progress 13] save : 12, err : 0, remain_work : 27, total : 40
2018-10-19 16:15:40 INFO  Crawler:273 - [Progress 14] save : 13, err : 0, remain_work : 26, total : 40
2018-10-19 16:15:41 INFO  Crawler:273 - [Progress 15] save : 14, err : 0, remain_work : 25, total : 40
2018-10-19 16:15:42 INFO  Crawler:273 - [Progress 16] save : 15, err : 0, remain_work : 24, total : 40
2018-10-19 16:15:42 INFO  Crawler:273 - [Progress 17] save : 16, err : 0, remain_work : 23, total : 40
2018-10-19 16:15:43 INFO  Crawler:273 - [Progress 18] save : 17, err : 0, remain_work : 22, total : 40
2018-10-19 16:15:44 INFO  Crawler:273 - [Progress 19] save : 18, err : 0, remain_work : 21, total : 40
2018-10-19 16:15:45 INFO  Crawler:273 - [Progress 20] save : 19, err : 0, remain_work : 20, total : 40
2018-10-19 16:15:45 INFO  Crawler:273 - [Progress 21] save : 20, err : 0, remain_work : 19, total : 40
2018-10-19 16:15:46 INFO  Crawler:273 - [Progress 22] save : 21, err : 0, remain_work : 18, total : 40
2018-10-19 16:15:47 INFO  Crawler:273 - [Progress 23] save : 22, err : 0, remain_work : 17, total : 40
2018-10-19 16:15:48 INFO  Crawler:273 - [Progress 24] save : 23, err : 0, remain_work : 16, total : 40
2018-10-19 16:15:48 INFO  Crawler:273 - [Progress 25] save : 24, err : 0, remain_work : 15, total : 40
2018-10-19 16:15:49 INFO  Crawler:273 - [Progress 26] save : 25, err : 0, remain_work : 14, total : 40
2018-10-19 16:15:50 INFO  Crawler:273 - [Progress 27] save : 26, err : 0, remain_work : 13, total : 40
