2018-11-21 14:35:15 INFO  Crawler:229 - ============== Start Crawler =============
2018-11-21 14:35:15 INFO  Crawler:230 - CONFIG FILE    : C:\Users\onycom\Desktop\크롤러\config\config_naver_shopping_category.json
2018-11-21 14:35:15 INFO  Crawler:232 - ARG LIST COUNT : 31405
2018-11-21 14:35:15 INFO  Crawler:237 - CMD PARAM 00   : 기아
2018-11-21 14:35:15 INFO  Crawler:240 - CRAWLER NAME   : naver_category
2018-11-21 14:35:15 INFO  Crawler:241 - CRAWLER TYPE   : SCENARIO_DYNAMIC
2018-11-21 14:35:15 INFO  Crawler:242 - CRAWLER DELAY  : 0.3 sec
2018-11-21 14:35:15 INFO  Crawler:243 - IGNORE ROBOTS  : true
2018-11-21 14:35:15 INFO  Crawler:244 - LIMIT_COUNT    : 9000
2018-11-21 14:35:15 INFO  Crawler:245 - FILTER COUNT   : 0
2018-11-21 14:35:15 INFO  Crawler:249 - SCENARIO COUNT : 1
2018-11-21 14:35:15 INFO  Crawler:250 - COLLECT COUNT  : 1
2018-11-21 14:35:15 INFO  Crawler:251 - SAVE TYPE      : DB
2018-11-21 14:35:15 INFO  Crawler:252 - SAVE HTML      : false
2018-11-21 14:35:15 INFO  Crawler:253 - ==========================================
2018-11-21 14:35:23 INFO  Crawler:297 - [Progress 1] elaped time : 00:00:08, curSave : 0, Totalsave : 0, curErr : 0, totalErr : 0, remain_work : 3, total : 4
2018-11-21 14:35:24 INFO  Crawler:297 - [Progress 2] elaped time : 00:00:08, curSave : 80, Totalsave : 80, curErr : 0, totalErr : 0, remain_work : 2, total : 4
2018-11-21 14:35:24 INFO  Crawler:297 - [Progress 3] elaped time : 00:00:09, curSave : 80, Totalsave : 80, curErr : 0, totalErr : 0, remain_work : 1, total : 4
2018-11-21 14:35:25 INFO  Crawler:297 - [Progress 4] elaped time : 00:00:09, curSave : 80, Totalsave : 80, curErr : 0, totalErr : 0, remain_work : 3, total : 7
2018-11-21 14:35:26 INFO  Crawler:297 - [Progress 5] elaped time : 00:00:10, curSave : 160, Totalsave : 160, curErr : 0, totalErr : 0, remain_work : 2, total : 7
2018-11-21 14:35:26 INFO  Crawler:297 - [Progress 6] elaped time : 00:00:10, curSave : 160, Totalsave : 160, curErr : 0, totalErr : 0, remain_work : 1, total : 7
2018-11-21 14:35:27 INFO  Crawler:297 - [Progress 7] elaped time : 00:00:11, curSave : 160, Totalsave : 160, curErr : 0, totalErr : 0, remain_work : 3, total : 10
2018-11-21 14:35:27 INFO  Crawler:297 - [Progress 8] elaped time : 00:00:12, curSave : 240, Totalsave : 240, curErr : 0, totalErr : 0, remain_work : 2, total : 10
2018-11-21 14:35:28 INFO  Crawler:297 - [Progress 9] elaped time : 00:00:12, curSave : 240, Totalsave : 240, curErr : 0, totalErr : 0, remain_work : 1, total : 10
2018-11-21 14:35:28 INFO  Crawler:297 - [Progress 10] elaped time : 00:00:13, curSave : 240, Totalsave : 240, curErr : 0, totalErr : 0, remain_work : 3, total : 13
