2018-11-08 18:09:48 INFO  Crawler:224 - ============== Start Crawler =============
2018-11-08 18:09:48 INFO  Crawler:225 - CONFIG FILE    : ./config/config_domeggook.json
2018-11-08 18:09:48 INFO  Crawler:228 - CMD PARAM 00   : 김
2018-11-08 18:09:48 INFO  Crawler:231 - CRAWLER NAME   : domeggook
2018-11-08 18:09:48 INFO  Crawler:232 - CRAWLER TYPE   : SCENARIO_DYNAMIC
2018-11-08 18:09:48 INFO  Crawler:233 - CRAWLER DELAY  : 1 sec
2018-11-08 18:09:48 INFO  Crawler:234 - IGNORE ROBOTS  : true
2018-11-08 18:09:48 INFO  Crawler:235 - LIMIT_COUNT    : 3
2018-11-08 18:09:48 INFO  Crawler:236 - FILTER COUNT   : 0
2018-11-08 18:09:48 INFO  Crawler:240 - SCENARIO COUNT : 2
2018-11-08 18:09:48 INFO  Crawler:241 - COLLECT COUNT  : 1
2018-11-08 18:09:48 INFO  Crawler:242 - SAVE TYPE      : DB
2018-11-08 18:09:48 INFO  Crawler:243 - SAVE HTML      : true
2018-11-08 18:09:48 INFO  Crawler:244 - ==========================================
2018-11-08 18:10:00 INFO  Crawler:274 - [Progress 1] elaped time : 00:00:11, save : 0, err : 0, remain_work : 2, total : 3
2018-11-08 18:10:01 INFO  Crawler:274 - [Progress 2] elaped time : 00:00:12, save : 0, err : 0, remain_work : 53, total : 55
2018-11-08 18:10:02 INFO  Crawler:274 - [Progress 3] elaped time : 00:00:13, save : 0, err : 0, remain_work : 55, total : 58
2018-11-08 18:10:03 INFO  Crawler:274 - [Progress 4] elaped time : 00:00:14, save : 0, err : 0, remain_work : 54, total : 58
2018-11-08 18:10:06 ERROR Crawler:266 - [ERR URL] http://domeggook.com/8031622?sfc=ttl&sf=ttl&sw=%B1%E8
2018-11-08 18:10:06 ERROR Crawler:269 - L ERR_WRITE : Contents write failed : Duplicate entry '8031622' for key 'PRIMARY'
2018-11-08 18:10:06 INFO  Crawler:274 - [Progress 5] elaped time : 00:00:17, save : 0, err : 1, remain_work : 53, total : 58
2018-11-08 18:10:07 INFO  Crawler:274 - [Progress 6] elaped time : 00:00:18, save : 0, err : 1, remain_work : 52, total : 58
2018-11-08 18:10:08 INFO  Crawler:274 - [Progress 7] elaped time : 00:00:19, save : 0, err : 1, remain_work : 54, total : 61
2018-11-08 18:10:10 INFO  Crawler:274 - [Progress 8] elaped time : 00:00:21, save : 0, err : 1, remain_work : 53, total : 61
2018-11-08 18:10:12 ERROR Crawler:266 - [ERR URL] http://domeggook.com/7515374?sfc=ttl&sf=ttl&sw=%B1%E8
2018-11-08 18:10:12 ERROR Crawler:269 - L ERR_WRITE : Contents write failed : Duplicate entry '7515374' for key 'PRIMARY'
2018-11-08 18:10:12 INFO  Crawler:274 - [Progress 9] elaped time : 00:00:23, save : 0, err : 2, remain_work : 52, total : 61
2018-11-08 18:10:13 INFO  Crawler:274 - [Progress 10] elaped time : 00:00:24, save : 0, err : 2, remain_work : 51, total : 61
2018-11-08 18:10:14 INFO  Crawler:274 - [Progress 11] elaped time : 00:00:25, save : 0, err : 2, remain_work : 53, total : 64
2018-11-08 18:10:16 INFO  Crawler:274 - [Progress 12] elaped time : 00:00:27, save : 0, err : 2, remain_work : 52, total : 64
2018-11-08 18:10:18 ERROR Crawler:266 - [ERR URL] http://domeggook.com/8269048?sfc=ttl&sf=ttl&sw=%B1%E8
2018-11-08 18:10:18 ERROR Crawler:269 - L ERR_WRITE : Contents write failed : Duplicate entry '8269048' for key 'PRIMARY'
2018-11-08 18:10:18 INFO  Crawler:274 - [Progress 13] elaped time : 00:00:29, save : 0, err : 3, remain_work : 51, total : 64
2018-11-08 18:10:19 INFO  Crawler:299 - ============== Finish Crawler =============
2018-11-08 18:10:19 INFO  Crawler:300 - [total time] 00:00:30
2018-11-08 18:10:19 INFO  Crawler:301 - [save contents] 0
2018-11-08 18:10:19 INFO  Crawler:302 - [error work] 3
2018-11-08 18:10:19 INFO  Crawler:303 - [remain work] 0
2018-11-08 18:10:19 INFO  Crawler:304 - [total processed work] 13
