2018-11-05 18:24:44 INFO  Crawler:218 - ============== Start Crawler =============
2018-11-05 18:24:44 INFO  Crawler:219 - CONFIG FILE    : ./config/config_naver_news.json
2018-11-05 18:24:44 INFO  Crawler:223 - CRAWLER NAME   : naver_news
2018-11-05 18:24:44 INFO  Crawler:224 - CRAWLER TYPE   : SCENARIO_STATIC
2018-11-05 18:24:44 INFO  Crawler:225 - CRAWLER DELAY  : 1 sec
2018-11-05 18:24:44 INFO  Crawler:226 - IGNORE ROBOTS  : true
2018-11-05 18:24:44 INFO  Crawler:227 - LIMIT_COUNT    : 50
2018-11-05 18:24:44 INFO  Crawler:228 - FILTER COUNT   : 0
2018-11-05 18:24:44 INFO  Crawler:232 - SCENARIO COUNT : 1
2018-11-05 18:24:44 INFO  Crawler:233 - COLLECT COUNT  : 1
2018-11-05 18:24:44 INFO  Crawler:234 - SAVE TYPE      : DB
2018-11-05 18:24:44 INFO  Crawler:235 - SAVE HTML      : false
2018-11-05 18:24:44 INFO  Crawler:236 - ==========================================
2018-11-05 18:24:47 ERROR Crawler:258 - [ERR URL] https://news.naver.com/main/list.nhn?mode=LPOD&date=20181105&mid=sec&oid=138
2018-11-05 18:24:47 ERROR Crawler:261 - L ERR_SCEN_ELEMENT : div.list_body > ul > li > a
2018-11-05 18:24:47 INFO  Crawler:265 - [Progress 1] save : 0, err : 1, remain_work : 1, total : 2
2018-11-05 18:24:48 ERROR Crawler:258 - [ERR URL] https://news.naver.com?mode=LPOD&date=20181105&mid=sec&oid=138&page=2
2018-11-05 18:24:48 ERROR Crawler:261 - L ERR_SCEN_ELEMENT : div.list_body > ul > li > a
2018-11-05 18:24:48 ERROR Crawler:261 - L ERR_SCEN_ELEMENT : #main_content > div.paging > a
2018-11-05 18:24:48 INFO  Crawler:265 - [Progress 2] save : 0, err : 3, remain_work : 0, total : 2
2018-11-05 18:24:48 INFO  Crawler:299 - ============== Finish Crawler =============
2018-11-05 18:24:48 INFO  Crawler:300 - [total time] 00:00:03
2018-11-05 18:24:48 INFO  Crawler:301 - [save contents] 0
2018-11-05 18:24:48 INFO  Crawler:302 - [error work] 3
2018-11-05 18:24:48 INFO  Crawler:303 - [remain work] 0
2018-11-05 18:24:48 INFO  Crawler:304 - [total processed work] 2
