2018-11-13 09:52:35 ERROR Crawler:279 - [ERR URL] https://search.shopping.naver.com/search/all.nhn?frm=NVSHATC&pagingSize=80&query=%EA%B8%B0%EC%95%84
2018-11-13 09:52:35 ERROR Crawler:282 - L ERR_CONTENTS_COL : category, span.depth > a, text
2018-11-13 09:52:35 ERROR Crawler:282 - L ERR_CONTENTS_COL : category, span.depth > a, text
2018-11-13 09:52:35 ERROR Crawler:282 - L ERR_CONTENTS_COL : category, span.depth > a, text
2018-11-13 09:52:35 ERROR Crawler:282 - L ERR_CONTENTS_COL : category, span.depth > a, text
2018-11-13 09:52:35 ERROR Crawler:282 - L ERR_CONTENTS_COL : category, span.depth > a, text
2018-11-13 09:52:35 ERROR Crawler:282 - L ERR_CONTENTS_COL : category, span.depth > a, text
2018-11-13 09:52:35 ERROR Crawler:282 - L ERR_CONTENTS_COL : category, span.depth > a, text
2018-11-13 09:52:35 ERROR Crawler:282 - L ERR_CONTENTS_COL : category, span.depth > a, text
2018-11-13 09:52:39 ERROR Crawler:279 - [ERR URL] https://search.shopping.naver.com/search/all.nhn?frm=NVSHATC&pagingSize=80&query=%ED%98%84%EB%8C%80
2018-11-13 09:52:39 ERROR Crawler:282 - L ERR_CONTENTS_COL : category, span.depth > a, text
2018-11-13 09:52:39 ERROR Crawler:282 - L ERR_CONTENTS_COL : category, span.depth > a, text
2018-11-13 09:52:39 ERROR Crawler:282 - L ERR_CONTENTS_COL : category, span.depth > a, text
2018-11-13 09:52:39 ERROR Crawler:282 - L ERR_CONTENTS_COL : category, span.depth > a, text
2018-11-13 09:52:39 ERROR Crawler:282 - L ERR_CONTENTS_COL : category, span.depth > a, text
2018-11-13 09:52:39 ERROR Crawler:282 - L ERR_CONTENTS_COL : category, span.depth > a, text
2018-11-13 09:52:39 ERROR Crawler:282 - L ERR_CONTENTS_COL : category, span.depth > a, text
2018-11-13 09:52:39 ERROR Crawler:282 - L ERR_CONTENTS_COL : category, span.depth > a, text
2018-11-13 09:52:44 ERROR Crawler:279 - [ERR URL] https://search.shopping.naver.com/search/all.nhn?frm=NVSHATC&pagingSize=80&query=%EB%95%8C
2018-11-13 09:52:44 ERROR Crawler:282 - L ERR_CONTENTS_COL : category, span.depth > a, text
2018-11-13 09:52:44 ERROR Crawler:282 - L ERR_CONTENTS_COL : category, span.depth > a, text
2018-11-13 09:52:44 ERROR Crawler:282 - L ERR_CONTENTS_COL : category, span.depth > a, text
2018-11-13 09:52:44 ERROR Crawler:282 - L ERR_CONTENTS_COL : category, span.depth > a, text
2018-11-13 09:52:44 ERROR Crawler:282 - L ERR_CONTENTS_COL : category, span.depth > a, text
2018-11-13 09:52:44 ERROR Crawler:282 - L ERR_CONTENTS_COL : category, span.depth > a, text
2018-11-13 09:52:44 ERROR Crawler:282 - L ERR_CONTENTS_COL : category, span.depth > a, text
2018-11-13 09:52:44 ERROR Crawler:282 - L ERR_CONTENTS_COL : category, span.depth > a, text
2018-11-13 09:52:47 ERROR Crawler:279 - [ERR URL] https://search.shopping.naver.com/search/all.nhn?frm=NVSHATC&pagingSize=80&query=%EB%95%8C%EB%AC%B8
2018-11-13 09:52:47 ERROR Crawler:282 - L ERR_CONTENTS_COL : category, span.depth > a, text
2018-11-13 09:52:47 ERROR Crawler:282 - L ERR_CONTENTS_COL : category, span.depth > a, text
2018-11-13 09:52:47 ERROR Crawler:282 - L ERR_CONTENTS_COL : category, span.depth > a, text
2018-11-13 09:52:47 ERROR Crawler:282 - L ERR_CONTENTS_COL : category, span.depth > a, text
2018-11-13 09:52:47 ERROR Crawler:282 - L ERR_CONTENTS_COL : category, span.depth > a, text
2018-11-13 09:52:47 ERROR Crawler:282 - L ERR_CONTENTS_COL : category, span.depth > a, text
2018-11-13 09:52:47 ERROR Crawler:282 - L ERR_CONTENTS_COL : category, span.depth > a, text
2018-11-13 09:52:47 ERROR Crawler:282 - L ERR_CONTENTS_COL : category, span.depth > a, text
2018-11-13 09:52:51 ERROR Crawler:279 - [ERR URL] https://search.shopping.naver.com/search/all.nhn?frm=NVSHATC&pagingSize=80&query=%EA%B2%BD%EC%9A%B0
2018-11-13 09:52:51 ERROR Crawler:282 - L ERR_CONTENTS_COL : category, span.depth > a, text
2018-11-13 09:52:51 ERROR Crawler:282 - L ERR_CONTENTS_COL : category, span.depth > a, text
2018-11-13 09:52:51 ERROR Crawler:282 - L ERR_CONTENTS_COL : category, span.depth > a, text
2018-11-13 09:52:51 ERROR Crawler:282 - L ERR_CONTENTS_COL : category, span.depth > a, text
2018-11-13 09:52:51 ERROR Crawler:282 - L ERR_CONTENTS_COL : category, span.depth > a, text
2018-11-13 09:52:51 ERROR Crawler:282 - L ERR_CONTENTS_COL : category, span.depth > a, text
2018-11-13 09:52:51 ERROR Crawler:282 - L ERR_CONTENTS_COL : category, span.depth > a, text
2018-11-13 09:52:51 ERROR Crawler:282 - L ERR_CONTENTS_COL : category, span.depth > a, text
2018-11-13 09:52:55 ERROR Crawler:279 - [ERR URL] https://search.shopping.naver.com/search/all.nhn?frm=NVSHATC&pagingSize=80&query=%EA%B2%83
2018-11-13 09:52:55 ERROR Crawler:282 - L ERR_CONTENTS_COL : category, span.depth > a, text
2018-11-13 09:52:55 ERROR Crawler:282 - L ERR_CONTENTS_COL : category, span.depth > a, text
2018-11-13 09:52:55 ERROR Crawler:282 - L ERR_CONTENTS_COL : category, span.depth > a, text
2018-11-13 09:52:55 ERROR Crawler:282 - L ERR_CONTENTS_COL : category, span.depth > a, text
2018-11-13 09:52:55 ERROR Crawler:282 - L ERR_CONTENTS_COL : category, span.depth > a, text
2018-11-13 09:52:55 ERROR Crawler:282 - L ERR_CONTENTS_COL : category, span.depth > a, text
2018-11-13 09:52:55 ERROR Crawler:282 - L ERR_CONTENTS_COL : category, span.depth > a, text
2018-11-13 09:52:55 ERROR Crawler:282 - L ERR_CONTENTS_COL : category, span.depth > a, text
2018-11-13 09:52:59 ERROR Crawler:279 - [ERR URL] https://search.shopping.naver.com/search/all.nhn?frm=NVSHATC&pagingSize=80&query=%EB%82%98
2018-11-13 09:52:59 ERROR Crawler:282 - L ERR_CONTENTS_COL : category, span.depth > a, text
2018-11-13 09:52:59 ERROR Crawler:282 - L ERR_CONTENTS_COL : category, span.depth > a, text
2018-11-13 09:52:59 ERROR Crawler:282 - L ERR_CONTENTS_COL : category, span.depth > a, text
2018-11-13 09:52:59 ERROR Crawler:282 - L ERR_CONTENTS_COL : category, span.depth > a, text
2018-11-13 09:52:59 ERROR Crawler:282 - L ERR_CONTENTS_COL : category, span.depth > a, text
2018-11-13 09:52:59 ERROR Crawler:282 - L ERR_CONTENTS_COL : category, span.depth > a, text
2018-11-13 09:52:59 ERROR Crawler:282 - L ERR_CONTENTS_COL : category, span.depth > a, text
2018-11-13 09:52:59 ERROR Crawler:282 - L ERR_CONTENTS_COL : category, span.depth > a, text
2018-11-13 09:53:03 ERROR Crawler:279 - [ERR URL] https://search.shopping.naver.com/search/all.nhn?frm=NVSHATC&pagingSize=80&query=%EC%BB%B4%ED%8F%AC%EB%84%8C%ED%8A%B8
2018-11-13 09:53:03 ERROR Crawler:282 - L ERR_CONTENTS_COL : category, span.depth > a, text
2018-11-13 09:53:03 ERROR Crawler:282 - L ERR_CONTENTS_COL : category, span.depth > a, text
2018-11-13 09:53:03 ERROR Crawler:282 - L ERR_CONTENTS_COL : category, span.depth > a, text
2018-11-13 09:53:03 ERROR Crawler:282 - L ERR_CONTENTS_COL : category, span.depth > a, text
2018-11-13 09:53:03 ERROR Crawler:282 - L ERR_CONTENTS_COL : category, span.depth > a, text
2018-11-13 09:53:03 ERROR Crawler:282 - L ERR_CONTENTS_COL : category, span.depth > a, text
2018-11-13 09:53:03 ERROR Crawler:282 - L ERR_CONTENTS_COL : category, span.depth > a, text
2018-11-13 09:53:03 ERROR Crawler:282 - L ERR_CONTENTS_COL : category, span.depth > a, text
2018-11-13 09:53:06 ERROR Crawler:279 - [ERR URL] https://search.shopping.naver.com/search/all.nhn?frm=NVSHATC&pagingSize=80&query=%EB%8B%B5
2018-11-13 09:53:06 ERROR Crawler:282 - L ERR_CONTENTS_COL : category, span.depth > a, text
2018-11-13 09:53:06 ERROR Crawler:282 - L ERR_CONTENTS_COL : category, span.depth > a, text
2018-11-13 09:53:06 ERROR Crawler:282 - L ERR_CONTENTS_COL : category, span.depth > a, text
2018-11-13 09:53:06 ERROR Crawler:282 - L ERR_CONTENTS_COL : category, span.depth > a, text
2018-11-13 09:53:06 ERROR Crawler:282 - L ERR_CONTENTS_COL : category, span.depth > a, text
2018-11-13 09:53:06 ERROR Crawler:282 - L ERR_CONTENTS_COL : category, span.depth > a, text
2018-11-13 09:53:06 ERROR Crawler:282 - L ERR_CONTENTS_COL : category, span.depth > a, text
2018-11-13 09:53:06 ERROR Crawler:282 - L ERR_CONTENTS_COL : category, span.depth > a, text
2018-11-13 09:53:10 ERROR Crawler:279 - [ERR URL] https://search.shopping.naver.com/search/all.nhn?frm=NVSHATC&pagingSize=80&query=%EB%8B%B5
2018-11-13 09:53:10 ERROR Crawler:282 - L ERR_CONTENTS_COL : category, span.depth > a, text
2018-11-13 09:53:10 ERROR Crawler:282 - L ERR_CONTENTS_COL : category, span.depth > a, text
2018-11-13 09:53:10 ERROR Crawler:282 - L ERR_CONTENTS_COL : category, span.depth > a, text
2018-11-13 09:53:10 ERROR Crawler:282 - L ERR_CONTENTS_COL : category, span.depth > a, text
2018-11-13 09:53:10 ERROR Crawler:282 - L ERR_CONTENTS_COL : category, span.depth > a, text
2018-11-13 09:53:10 ERROR Crawler:282 - L ERR_CONTENTS_COL : category, span.depth > a, text
2018-11-13 09:53:10 ERROR Crawler:282 - L ERR_CONTENTS_COL : category, span.depth > a, text
2018-11-13 09:53:10 ERROR Crawler:282 - L ERR_CONTENTS_COL : category, span.depth > a, text
