2018-11-13 15:46:14 INFO  Crawler:227 - ============== Start Crawler =============
2018-11-13 15:46:14 INFO  Crawler:228 - CONFIG FILE    : ./config/config_naver_shopping_category.json
2018-11-13 15:46:14 INFO  Crawler:232 - CMD PARAM 00   : 노숙인
2018-11-13 15:46:14 INFO  Crawler:235 - CRAWLER NAME   : naver_category
2018-11-13 15:46:14 INFO  Crawler:236 - CRAWLER TYPE   : SCENARIO_DYNAMIC
2018-11-13 15:46:14 INFO  Crawler:237 - CRAWLER DELAY  : 1 sec
2018-11-13 15:46:14 INFO  Crawler:238 - IGNORE ROBOTS  : true
2018-11-13 15:46:14 INFO  Crawler:239 - LIMIT_COUNT    : -1
2018-11-13 15:46:14 INFO  Crawler:240 - FILTER COUNT   : 0
2018-11-13 15:46:14 INFO  Crawler:244 - SCENARIO COUNT : 1
2018-11-13 15:46:14 INFO  Crawler:245 - COLLECT COUNT  : 1
2018-11-13 15:46:14 INFO  Crawler:246 - SAVE TYPE      : DB
2018-11-13 15:46:14 INFO  Crawler:247 - SAVE HTML      : true
2018-11-13 15:46:14 INFO  Crawler:248 - ==========================================
2018-11-13 15:46:23 INFO  Crawler:289 - [Progress 1] elaped time : 00:00:09, save : 0, err : 0, remain_work : 1, total : 2
2018-11-13 15:46:26 INFO  Crawler:289 - [Progress 2] elaped time : 00:00:11, save : 80, err : 0, remain_work : 0, total : 2
2018-11-13 15:46:26 INFO  Crawler:251 - ============== update params =============
2018-11-13 15:46:26 INFO  Crawler:254 - CMD PARAM 00   : 변사
2018-11-13 15:46:26 INFO  Crawler:256 - ==========================================
2018-11-13 15:46:28 INFO  Crawler:289 - [Progress 3] elaped time : 00:00:14, save : 80, err : 0, remain_work : 1, total : 4
2018-11-13 15:46:30 INFO  Crawler:289 - [Progress 4] elaped time : 00:00:16, save : 160, err : 0, remain_work : 0, total : 4
2018-11-13 15:46:30 INFO  Crawler:251 - ============== update params =============
2018-11-13 15:46:30 INFO  Crawler:254 - CMD PARAM 00   : 핀덴
2018-11-13 15:46:30 INFO  Crawler:256 - ==========================================
