2018-11-05 18:19:58 INFO  Crawler:218 - ============== Start Crawler =============
2018-11-05 18:19:58 INFO  Crawler:219 - CONFIG FILE    : ./config/config_naver_news.json
2018-11-05 18:19:58 INFO  Crawler:223 - CRAWLER NAME   : naver_news
2018-11-05 18:19:58 INFO  Crawler:224 - CRAWLER TYPE   : SCENARIO_STATIC
2018-11-05 18:19:58 INFO  Crawler:225 - CRAWLER DELAY  : 1 sec
2018-11-05 18:19:58 INFO  Crawler:226 - IGNORE ROBOTS  : true
2018-11-05 18:19:58 INFO  Crawler:227 - LIMIT_COUNT    : 5
2018-11-05 18:19:58 INFO  Crawler:228 - FILTER COUNT   : 0
2018-11-05 18:19:58 INFO  Crawler:232 - SCENARIO COUNT : 1
2018-11-05 18:19:58 INFO  Crawler:233 - COLLECT COUNT  : 1
2018-11-05 18:19:58 INFO  Crawler:234 - SAVE TYPE      : DB
2018-11-05 18:19:58 INFO  Crawler:235 - SAVE HTML      : false
2018-11-05 18:19:58 INFO  Crawler:236 - ==========================================
2018-11-05 18:20:01 INFO  Crawler:265 - [Progress 1] save : 0, err : 0, remain_work : 50, total : 51
2018-11-05 18:20:02 INFO  Crawler:265 - [Progress 2] save : 1, err : 0, remain_work : 49, total : 51
2018-11-05 18:20:03 INFO  Crawler:265 - [Progress 3] save : 1, err : 0, remain_work : 48, total : 51
2018-11-05 18:20:04 INFO  Crawler:265 - [Progress 4] save : 1, err : 0, remain_work : 47, total : 51
2018-11-05 18:20:05 INFO  Crawler:265 - [Progress 5] save : 1, err : 0, remain_work : 46, total : 51
2018-11-05 18:20:07 INFO  Crawler:265 - [Progress 6] save : 1, err : 0, remain_work : 45, total : 51
2018-11-05 18:20:08 INFO  Crawler:265 - [Progress 7] save : 1, err : 0, remain_work : 44, total : 51
2018-11-05 18:20:09 INFO  Crawler:265 - [Progress 8] save : 1, err : 0, remain_work : 43, total : 51
2018-11-05 18:20:10 INFO  Crawler:265 - [Progress 9] save : 1, err : 0, remain_work : 42, total : 51
2018-11-05 18:20:11 INFO  Crawler:265 - [Progress 10] save : 1, err : 0, remain_work : 41, total : 51
2018-11-05 18:20:12 INFO  Crawler:265 - [Progress 11] save : 1, err : 0, remain_work : 40, total : 51
2018-11-05 18:20:13 INFO  Crawler:265 - [Progress 12] save : 1, err : 0, remain_work : 39, total : 51
2018-11-05 18:20:14 INFO  Crawler:265 - [Progress 13] save : 1, err : 0, remain_work : 38, total : 51
2018-11-05 18:20:15 INFO  Crawler:265 - [Progress 14] save : 2, err : 0, remain_work : 37, total : 51
2018-11-05 18:20:16 INFO  Crawler:265 - [Progress 15] save : 2, err : 0, remain_work : 36, total : 51
2018-11-05 18:20:17 INFO  Crawler:265 - [Progress 16] save : 2, err : 0, remain_work : 35, total : 51
2018-11-05 18:20:19 INFO  Crawler:265 - [Progress 17] save : 2, err : 0, remain_work : 34, total : 51
2018-11-05 18:20:20 INFO  Crawler:265 - [Progress 18] save : 2, err : 0, remain_work : 33, total : 51
2018-11-05 18:20:21 INFO  Crawler:265 - [Progress 19] save : 2, err : 0, remain_work : 32, total : 51
2018-11-05 18:20:22 INFO  Crawler:265 - [Progress 20] save : 3, err : 0, remain_work : 31, total : 51
2018-11-05 18:20:23 INFO  Crawler:265 - [Progress 21] save : 3, err : 0, remain_work : 30, total : 51
2018-11-05 18:20:24 INFO  Crawler:265 - [Progress 22] save : 4, err : 0, remain_work : 29, total : 51
2018-11-05 18:20:25 INFO  Crawler:265 - [Progress 23] save : 4, err : 0, remain_work : 28, total : 51
2018-11-05 18:20:26 INFO  Crawler:265 - [Progress 24] save : 4, err : 0, remain_work : 27, total : 51
2018-11-05 18:20:27 INFO  Crawler:265 - [Progress 25] save : 5, err : 0, remain_work : 26, total : 51
2018-11-05 18:20:27 INFO  Crawler:299 - ============== Finish Crawler =============
2018-11-05 18:20:27 INFO  Crawler:300 - [total time] 00:00:28
2018-11-05 18:20:27 INFO  Crawler:301 - [save contents] 5
2018-11-05 18:20:27 INFO  Crawler:302 - [error work] 0
2018-11-05 18:20:27 INFO  Crawler:303 - [remain work] 0
2018-11-05 18:20:27 INFO  Crawler:304 - [total processed work] 25
