2018-11-19 17:06:29 INFO  Crawler:229 - ============== Start Crawler =============
2018-11-19 17:06:29 INFO  Crawler:230 - CONFIG FILE    : ./config/config_naver_shopping_category.json
2018-11-19 17:06:29 INFO  Crawler:232 - ARG LIST COUNT : 366
2018-11-19 17:06:29 INFO  Crawler:237 - CMD PARAM 00   : 기아
2018-11-19 17:06:29 INFO  Crawler:240 - CRAWLER NAME   : naver_category
2018-11-19 17:06:29 INFO  Crawler:241 - CRAWLER TYPE   : SCENARIO_DYNAMIC
2018-11-19 17:06:29 INFO  Crawler:242 - CRAWLER DELAY  : 0.0 sec
2018-11-19 17:06:29 INFO  Crawler:243 - IGNORE ROBOTS  : true
2018-11-19 17:06:29 INFO  Crawler:244 - LIMIT_COUNT    : 9000
2018-11-19 17:06:29 INFO  Crawler:245 - FILTER COUNT   : 0
2018-11-19 17:06:29 INFO  Crawler:249 - SCENARIO COUNT : 1
2018-11-19 17:06:29 INFO  Crawler:250 - COLLECT COUNT  : 1
2018-11-19 17:06:29 INFO  Crawler:251 - SAVE TYPE      : DB
2018-11-19 17:06:29 INFO  Crawler:252 - SAVE HTML      : false
2018-11-19 17:06:29 INFO  Crawler:253 - ==========================================
2018-11-19 17:06:38 INFO  Crawler:297 - [Progress 1] elaped time : 00:00:09, curSave : 0, Totalsave : 0, curErr : 0, totalErr : 0, remain_work : 2, total : 3
2018-11-19 17:06:39 ERROR Crawler:288 - [ERR URL] https://search.shopping.naver.com/search/all.nhn?frm=NVSHATC&pagingSize=80&query=%EA%B8%B0%EC%95%84
2018-11-19 17:06:39 ERROR Crawler:292 - L ERR_CONTENTS_COL : category, span.depth > a, text
2018-11-19 17:06:39 ERROR Crawler:292 - L ERR_CONTENTS_COL : category, span.depth > a, text
2018-11-19 17:06:39 ERROR Crawler:292 - L ERR_CONTENTS_COL : category, span.depth > a, text
2018-11-19 17:06:39 ERROR Crawler:292 - L ERR_CONTENTS_COL : category, span.depth > a, text
2018-11-19 17:06:39 ERROR Crawler:292 - L ERR_CONTENTS_COL : category, span.depth > a, text
2018-11-19 17:06:39 ERROR Crawler:292 - L ERR_CONTENTS_COL : category, span.depth > a, text
2018-11-19 17:06:39 ERROR Crawler:292 - L ERR_CONTENTS_COL : category, span.depth > a, text
2018-11-19 17:06:39 ERROR Crawler:292 - L ERR_CONTENTS_COL : category, span.depth > a, text
2018-11-19 17:06:39 INFO  Crawler:297 - [Progress 2] elaped time : 00:00:09, curSave : 80, Totalsave : 80, curErr : 8, totalErr : 8, remain_work : 1, total : 3
2018-11-19 17:06:39 INFO  Crawler:297 - [Progress 3] elaped time : 00:00:10, curSave : 80, Totalsave : 80, curErr : 8, totalErr : 8, remain_work : 2, total : 5
2018-11-19 17:06:40 ERROR Crawler:288 - [ERR URL] https://search.shopping.naver.com/search/all.nhn?frm=NVSHPAG&pagingSize=80&query=%EA%B8%B0%EC%95%84&origQuery=%EA%B8%B0%EC%95%84&pagingIndex=2&viewType=list&sort=rel
2018-11-19 17:06:40 ERROR Crawler:292 - L ERR_CONTENTS_COL : category, span.depth > a, text
2018-11-19 17:06:40 ERROR Crawler:292 - L ERR_CONTENTS_COL : category, span.depth > a, text
2018-11-19 17:06:40 ERROR Crawler:292 - L ERR_CONTENTS_COL : category, span.depth > a, text
2018-11-19 17:06:40 ERROR Crawler:292 - L ERR_CONTENTS_COL : category, span.depth > a, text
2018-11-19 17:06:40 ERROR Crawler:292 - L ERR_CONTENTS_COL : category, span.depth > a, text
2018-11-19 17:06:40 ERROR Crawler:292 - L ERR_CONTENTS_COL : category, span.depth > a, text
2018-11-19 17:06:40 ERROR Crawler:292 - L ERR_CONTENTS_COL : category, span.depth > a, text
2018-11-19 17:06:40 ERROR Crawler:292 - L ERR_CONTENTS_COL : category, span.depth > a, text
2018-11-19 17:06:40 ERROR Crawler:292 - L ERR_WRITE : Contents write failed : Duplicate entry '15771595012' for key 'PRIMARY'
2018-11-19 17:06:40 INFO  Crawler:297 - [Progress 4] elaped time : 00:00:10, curSave : 159, Totalsave : 159, curErr : 17, totalErr : 17, remain_work : 1, total : 5
2018-11-19 17:06:40 INFO  Crawler:297 - [Progress 5] elaped time : 00:00:11, curSave : 159, Totalsave : 159, curErr : 17, totalErr : 17, remain_work : 2, total : 7
2018-11-19 17:06:40 ERROR Crawler:288 - [ERR URL] https://search.shopping.naver.com/search/all.nhn?frm=NVSHPAG&pagingSize=80&query=%EA%B8%B0%EC%95%84&origQuery=%EA%B8%B0%EC%95%84&pagingIndex=2&viewType=list&sort=rel
2018-11-19 17:06:40 ERROR Crawler:292 - L ERR_CONTENTS_COL : category, span.depth > a, text
2018-11-19 17:06:40 ERROR Crawler:292 - L ERR_CONTENTS_COL : category, span.depth > a, text
2018-11-19 17:06:40 ERROR Crawler:292 - L ERR_CONTENTS_COL : category, span.depth > a, text
2018-11-19 17:06:40 ERROR Crawler:292 - L ERR_CONTENTS_COL : category, span.depth > a, text
2018-11-19 17:06:40 ERROR Crawler:292 - L ERR_CONTENTS_COL : category, span.depth > a, text
2018-11-19 17:06:40 ERROR Crawler:292 - L ERR_CONTENTS_COL : category, span.depth > a, text
2018-11-19 17:06:40 ERROR Crawler:292 - L ERR_CONTENTS_COL : category, span.depth > a, text
2018-11-19 17:06:40 ERROR Crawler:292 - L ERR_CONTENTS_COL : category, span.depth > a, text
2018-11-19 17:06:40 ERROR Crawler:292 - L ERR_WRITE : Contents write failed : Duplicate entry '15942738917' for key 'PRIMARY'
2018-11-19 17:06:40 ERROR Crawler:292 - L ERR_WRITE : Contents write failed : Duplicate entry '81358298544' for key 'PRIMARY'
2018-11-19 17:06:40 ERROR Crawler:292 - L ERR_WRITE : Contents write failed : Duplicate entry '15771595012' for key 'PRIMARY'
2018-11-19 17:06:40 ERROR Crawler:292 - L ERR_WRITE : Contents write failed : Duplicate entry '81358006175' for key 'PRIMARY'
2018-11-19 17:06:40 ERROR Crawler:292 - L ERR_WRITE : Contents write failed : Duplicate entry '15658988080' for key 'PRIMARY'
2018-11-19 17:06:40 ERROR Crawler:292 - L ERR_WRITE : Contents write failed : Duplicate entry '81354828251' for key 'PRIMARY'
2018-11-19 17:06:40 ERROR Crawler:292 - L ERR_WRITE : Contents write failed : Duplicate entry '15620415532' for key 'PRIMARY'
2018-11-19 17:06:40 ERROR Crawler:292 - L ERR_WRITE : Contents write failed : Duplicate entry '81351705671' for key 'PRIMARY'
2018-11-19 17:06:40 ERROR Crawler:292 - L ERR_WRITE : Contents write failed : Duplicate entry '15563520161' for key 'PRIMARY'
2018-11-19 17:06:40 ERROR Crawler:292 - L ERR_WRITE : Contents write failed : Duplicate entry '15300722828' for key 'PRIMARY'
2018-11-19 17:06:40 ERROR Crawler:292 - L ERR_WRITE : Contents write failed : Duplicate entry '81349026122' for key 'PRIMARY'
2018-11-19 17:06:40 ERROR Crawler:292 - L ERR_WRITE : Contents write failed : Duplicate entry '14845211523' for key 'PRIMARY'
2018-11-19 17:06:40 ERROR Crawler:292 - L ERR_WRITE : Contents write failed : Duplicate entry '81346674890' for key 'PRIMARY'
2018-11-19 17:06:40 ERROR Crawler:292 - L ERR_WRITE : Contents write failed : Duplicate entry '13920773000' for key 'PRIMARY'
2018-11-19 17:06:40 ERROR Crawler:292 - L ERR_WRITE : Contents write failed : Duplicate entry '14369879203' for key 'PRIMARY'
2018-11-19 17:06:40 ERROR Crawler:292 - L ERR_WRITE : Contents write failed : Duplicate entry '81345478905' for key 'PRIMARY'
2018-11-19 17:06:40 ERROR Crawler:292 - L ERR_WRITE : Contents write failed : Duplicate entry '14248411035' for key 'PRIMARY'
2018-11-19 17:06:40 ERROR Crawler:292 - L ERR_WRITE : Contents write failed : Duplicate entry '14072385788' for key 'PRIMARY'
2018-11-19 17:06:40 ERROR Crawler:292 - L ERR_WRITE : Contents write failed : Duplicate entry '81342630493' for key 'PRIMARY'
2018-11-19 17:06:40 ERROR Crawler:292 - L ERR_WRITE : Contents write failed : Duplicate entry '11904512123' for key 'PRIMARY'
2018-11-19 17:06:40 ERROR Crawler:292 - L ERR_WRITE : Contents write failed : Duplicate entry '81342573218' for key 'PRIMARY'
2018-11-19 17:06:40 ERROR Crawler:292 - L ERR_WRITE : Contents write failed : Duplicate entry '81342037198' for key 'PRIMARY'
2018-11-19 17:06:40 ERROR Crawler:292 - L ERR_WRITE : Contents write failed : Duplicate entry '81340464850' for key 'PRIMARY'
2018-11-19 17:06:40 ERROR Crawler:292 - L ERR_WRITE : Contents write failed : Duplicate entry '81354299346' for key 'PRIMARY'
2018-11-19 17:06:40 ERROR Crawler:292 - L ERR_WRITE : Contents write failed : Duplicate entry '81326559507' for key 'PRIMARY'
2018-11-19 17:06:40 ERROR Crawler:292 - L ERR_WRITE : Contents write failed : Duplicate entry '81353328743' for key 'PRIMARY'
2018-11-19 17:06:40 ERROR Crawler:292 - L ERR_WRITE : Contents write failed : Duplicate entry '16171295023' for key 'PRIMARY'
2018-11-19 17:06:40 ERROR Crawler:292 - L ERR_WRITE : Contents write failed : Duplicate entry '16152306615' for key 'PRIMARY'
2018-11-19 17:06:40 ERROR Crawler:292 - L ERR_WRITE : Contents write failed : Duplicate entry '16149702740' for key 'PRIMARY'
2018-11-19 17:06:40 ERROR Crawler:292 - L ERR_WRITE : Contents write failed : Duplicate entry '16148063572' for key 'PRIMARY'
2018-11-19 17:06:40 ERROR Crawler:292 - L ERR_WRITE : Contents write failed : Duplicate entry '16147080185' for key 'PRIMARY'
2018-11-19 17:06:40 ERROR Crawler:292 - L ERR_WRITE : Contents write failed : Duplicate entry '16143505870' for key 'PRIMARY'
2018-11-19 17:06:40 ERROR Crawler:292 - L ERR_WRITE : Contents write failed : Duplicate entry '16143286410' for key 'PRIMARY'
2018-11-19 17:06:40 ERROR Crawler:292 - L ERR_WRITE : Contents write failed : Duplicate entry '16142934507' for key 'PRIMARY'
2018-11-19 17:06:40 ERROR Crawler:292 - L ERR_WRITE : Contents write failed : Duplicate entry '16137549686' for key 'PRIMARY'
2018-11-19 17:06:40 ERROR Crawler:292 - L ERR_WRITE : Contents write failed : Duplicate entry '16135892227' for key 'PRIMARY'
2018-11-19 17:06:40 ERROR Crawler:292 - L ERR_WRITE : Contents write failed : Duplicate entry '16134089052' for key 'PRIMARY'
2018-11-19 17:06:40 ERROR Crawler:292 - L ERR_WRITE : Contents write failed : Duplicate entry '13429812435' for key 'PRIMARY'
2018-11-19 17:06:40 ERROR Crawler:292 - L ERR_WRITE : Contents write failed : Duplicate entry '16114449328' for key 'PRIMARY'
2018-11-19 17:06:40 ERROR Crawler:292 - L ERR_WRITE : Contents write failed : Duplicate entry '15798931316' for key 'PRIMARY'
2018-11-19 17:06:40 ERROR Crawler:292 - L ERR_WRITE : Contents write failed : Duplicate entry '16114399608' for key 'PRIMARY'
2018-11-19 17:06:40 ERROR Crawler:292 - L ERR_WRITE : Contents write failed : Duplicate entry '16112832718' for key 'PRIMARY'
2018-11-19 17:06:40 ERROR Crawler:292 - L ERR_WRITE : Contents write failed : Duplicate entry '16112725177' for key 'PRIMARY'
2018-11-19 17:06:40 ERROR Crawler:292 - L ERR_WRITE : Contents write failed : Duplicate entry '16110573323' for key 'PRIMARY'
2018-11-19 17:06:40 ERROR Crawler:292 - L ERR_WRITE : Contents write failed : Duplicate entry '16100445074' for key 'PRIMARY'
2018-11-19 17:06:40 ERROR Crawler:292 - L ERR_WRITE : Contents write failed : Duplicate entry '16098928814' for key 'PRIMARY'
2018-11-19 17:06:40 ERROR Crawler:292 - L ERR_WRITE : Contents write failed : Duplicate entry '16095335180' for key 'PRIMARY'
2018-11-19 17:06:40 ERROR Crawler:292 - L ERR_WRITE : Contents write failed : Duplicate entry '16095025616' for key 'PRIMARY'
2018-11-19 17:06:40 ERROR Crawler:292 - L ERR_WRITE : Contents write failed : Duplicate entry '16094757853' for key 'PRIMARY'
2018-11-19 17:06:40 ERROR Crawler:292 - L ERR_WRITE : Contents write failed : Duplicate entry '16150404956' for key 'PRIMARY'
2018-11-19 17:06:40 ERROR Crawler:292 - L ERR_WRITE : Contents write failed : Duplicate entry '16050112407' for key 'PRIMARY'
2018-11-19 17:06:40 ERROR Crawler:292 - L ERR_WRITE : Contents write failed : Duplicate entry '16050107952' for key 'PRIMARY'
2018-11-19 17:06:40 ERROR Crawler:292 - L ERR_WRITE : Contents write failed : Duplicate entry '16044691377' for key 'PRIMARY'
2018-11-19 17:06:40 ERROR Crawler:292 - L ERR_WRITE : Contents write failed : Duplicate entry '16118550431' for key 'PRIMARY'
2018-11-19 17:06:40 ERROR Crawler:292 - L ERR_WRITE : Contents write failed : Duplicate entry '80046360321' for key 'PRIMARY'
2018-11-19 17:06:40 ERROR Crawler:292 - L ERR_WRITE : Contents write failed : Duplicate entry '16146892010' for key 'PRIMARY'
2018-11-19 17:06:40 ERROR Crawler:292 - L ERR_WRITE : Contents write failed : Duplicate entry '16192521591' for key 'PRIMARY'
2018-11-19 17:06:40 ERROR Crawler:292 - L ERR_WRITE : Contents write failed : Duplicate entry '11944329566' for key 'PRIMARY'
2018-11-19 17:06:40 ERROR Crawler:292 - L ERR_WRITE : Contents write failed : Duplicate entry '16110248268' for key 'PRIMARY'
2018-11-19 17:06:40 ERROR Crawler:292 - L ERR_WRITE : Contents write failed : Duplicate entry '15488474547' for key 'PRIMARY'
2018-11-19 17:06:40 ERROR Crawler:292 - L ERR_WRITE : Contents write failed : Duplicate entry '16094775884' for key 'PRIMARY'
2018-11-19 17:06:40 ERROR Crawler:292 - L ERR_WRITE : Contents write failed : Duplicate entry '16093435342' for key 'PRIMARY'
2018-11-19 17:06:40 ERROR Crawler:292 - L ERR_WRITE : Contents write failed : Duplicate entry '16050102814' for key 'PRIMARY'
2018-11-19 17:06:40 ERROR Crawler:292 - L ERR_WRITE : Contents write failed : Duplicate entry '81362333758' for key 'PRIMARY'
2018-11-19 17:06:40 ERROR Crawler:292 - L ERR_WRITE : Contents write failed : Duplicate entry '80046400190' for key 'PRIMARY'
2018-11-19 17:06:40 ERROR Crawler:292 - L ERR_WRITE : Contents write failed : Duplicate entry '16109070924' for key 'PRIMARY'
2018-11-19 17:06:40 ERROR Crawler:292 - L ERR_WRITE : Contents write failed : Duplicate entry '16078916388' for key 'PRIMARY'
2018-11-19 17:06:40 ERROR Crawler:292 - L ERR_WRITE : Contents write failed : Duplicate entry '80046369761' for key 'PRIMARY'
2018-11-19 17:06:40 ERROR Crawler:292 - L ERR_WRITE : Contents write failed : Duplicate entry '16146975944' for key 'PRIMARY'
2018-11-19 17:06:40 ERROR Crawler:292 - L ERR_WRITE : Contents write failed : Duplicate entry '80046577416' for key 'PRIMARY'
2018-11-19 17:06:40 ERROR Crawler:292 - L ERR_WRITE : Contents write failed : Duplicate entry '13034005192' for key 'PRIMARY'
2018-11-19 17:06:40 ERROR Crawler:292 - L ERR_WRITE : Contents write failed : Duplicate entry '15787001505' for key 'PRIMARY'
2018-11-19 17:06:40 ERROR Crawler:292 - L ERR_WRITE : Contents write failed : Duplicate entry '16147169196' for key 'PRIMARY'
2018-11-19 17:06:40 ERROR Crawler:292 - L ERR_WRITE : Contents write failed : Duplicate entry '15620415533' for key 'PRIMARY'
2018-11-19 17:06:40 ERROR Crawler:292 - L ERR_WRITE : Contents write failed : Duplicate entry '81195982851' for key 'PRIMARY'
2018-11-19 17:06:40 ERROR Crawler:292 - L ERR_WRITE : Contents write failed : Duplicate entry '15620419197' for key 'PRIMARY'
2018-11-19 17:06:40 ERROR Crawler:292 - L ERR_WRITE : Contents write failed : Duplicate entry '11827231085' for key 'PRIMARY'
2018-11-19 17:06:40 ERROR Crawler:292 - L ERR_WRITE : Contents write failed : Duplicate entry '11313040803' for key 'PRIMARY'
2018-11-19 17:06:40 ERROR Crawler:292 - L ERR_WRITE : Contents write failed : Duplicate entry '81065125803' for key 'PRIMARY'
2018-11-19 17:06:40 ERROR Crawler:292 - L ERR_WRITE : Contents write failed : Duplicate entry '12261573870' for key 'PRIMARY'
2018-11-19 17:06:40 INFO  Crawler:297 - [Progress 6] elaped time : 00:00:11, curSave : 159, Totalsave : 159, curErr : 105, totalErr : 105, remain_work : 1, total : 7
2018-11-19 17:06:41 INFO  Crawler:297 - [Progress 7] elaped time : 00:00:12, curSave : 159, Totalsave : 159, curErr : 105, totalErr : 105, remain_work : 2, total : 9
