2018-11-19 17:10:09 INFO  Crawler:229 - ============== Start Crawler =============
2018-11-19 17:10:09 INFO  Crawler:230 - CONFIG FILE    : ./config/config_naver_shopping_category.json
2018-11-19 17:10:09 INFO  Crawler:232 - ARG LIST COUNT : 366
2018-11-19 17:10:09 INFO  Crawler:237 - CMD PARAM 00   : 기아
2018-11-19 17:10:09 INFO  Crawler:240 - CRAWLER NAME   : naver_category
2018-11-19 17:10:09 INFO  Crawler:241 - CRAWLER TYPE   : SCENARIO_DYNAMIC
2018-11-19 17:10:09 INFO  Crawler:242 - CRAWLER DELAY  : 0.0 sec
2018-11-19 17:10:09 INFO  Crawler:243 - IGNORE ROBOTS  : true
2018-11-19 17:10:09 INFO  Crawler:244 - LIMIT_COUNT    : 9000
2018-11-19 17:10:09 INFO  Crawler:245 - FILTER COUNT   : 0
2018-11-19 17:10:09 INFO  Crawler:249 - SCENARIO COUNT : 1
2018-11-19 17:10:09 INFO  Crawler:250 - COLLECT COUNT  : 1
2018-11-19 17:10:09 INFO  Crawler:251 - SAVE TYPE      : DB
2018-11-19 17:10:09 INFO  Crawler:252 - SAVE HTML      : false
2018-11-19 17:10:09 INFO  Crawler:253 - ==========================================
2018-11-19 17:10:16 INFO  Crawler:297 - [Progress 1] elaped time : 00:00:06, curSave : 0, Totalsave : 0, curErr : 0, totalErr : 0, remain_work : 2, total : 3
2018-11-19 17:10:16 ERROR Crawler:288 - [ERR URL] https://search.shopping.naver.com/search/all.nhn?frm=NVSHATC&pagingSize=80&query=%EA%B8%B0%EC%95%84
2018-11-19 17:10:16 ERROR Crawler:292 - L ERR_CONTENTS_COL : category, span.depth > a, text
2018-11-19 17:10:16 ERROR Crawler:292 - L ERR_CONTENTS_COL : category, span.depth > a, text
2018-11-19 17:10:16 ERROR Crawler:292 - L ERR_CONTENTS_COL : category, span.depth > a, text
2018-11-19 17:10:16 ERROR Crawler:292 - L ERR_CONTENTS_COL : category, span.depth > a, text
2018-11-19 17:10:16 ERROR Crawler:292 - L ERR_CONTENTS_COL : category, span.depth > a, text
2018-11-19 17:10:16 ERROR Crawler:292 - L ERR_CONTENTS_COL : category, span.depth > a, text
2018-11-19 17:10:16 ERROR Crawler:292 - L ERR_CONTENTS_COL : category, span.depth > a, text
2018-11-19 17:10:16 ERROR Crawler:292 - L ERR_CONTENTS_COL : category, span.depth > a, text
2018-11-19 17:10:16 ERROR Crawler:292 - L ERR_WRITE : Contents write failed : Duplicate entry '13542071241' for key 'PRIMARY'
2018-11-19 17:10:16 ERROR Crawler:292 - L ERR_WRITE : Contents write failed : Duplicate entry '13469862595' for key 'PRIMARY'
2018-11-19 17:10:16 ERROR Crawler:292 - L ERR_WRITE : Contents write failed : Duplicate entry '81349328290' for key 'PRIMARY'
2018-11-19 17:10:16 ERROR Crawler:292 - L ERR_WRITE : Contents write failed : Duplicate entry '10587370024' for key 'PRIMARY'
2018-11-19 17:10:16 ERROR Crawler:292 - L ERR_WRITE : Contents write failed : Duplicate entry '10591890531' for key 'PRIMARY'
2018-11-19 17:10:16 ERROR Crawler:292 - L ERR_WRITE : Contents write failed : Duplicate entry '9745212006' for key 'PRIMARY'
2018-11-19 17:10:16 ERROR Crawler:292 - L ERR_WRITE : Contents write failed : Duplicate entry '13470070947' for key 'PRIMARY'
2018-11-19 17:10:16 ERROR Crawler:292 - L ERR_WRITE : Contents write failed : Duplicate entry '13956022805' for key 'PRIMARY'
2018-11-19 17:10:16 ERROR Crawler:292 - L ERR_WRITE : Contents write failed : Duplicate entry '13496434924' for key 'PRIMARY'
2018-11-19 17:10:16 ERROR Crawler:292 - L ERR_WRITE : Contents write failed : Duplicate entry '13964401790' for key 'PRIMARY'
2018-11-19 17:10:16 ERROR Crawler:292 - L ERR_WRITE : Contents write failed : Duplicate entry '13956419147' for key 'PRIMARY'
2018-11-19 17:10:16 ERROR Crawler:292 - L ERR_WRITE : Contents write failed : Duplicate entry '13470066686' for key 'PRIMARY'
2018-11-19 17:10:16 ERROR Crawler:292 - L ERR_WRITE : Contents write failed : Duplicate entry '14840258805' for key 'PRIMARY'
2018-11-19 17:10:16 ERROR Crawler:292 - L ERR_WRITE : Contents write failed : Duplicate entry '14840387569' for key 'PRIMARY'
2018-11-19 17:10:16 ERROR Crawler:292 - L ERR_WRITE : Contents write failed : Duplicate entry '12705992779' for key 'PRIMARY'
2018-11-19 17:10:16 ERROR Crawler:292 - L ERR_WRITE : Contents write failed : Duplicate entry '80517661505' for key 'PRIMARY'
2018-11-19 17:10:16 ERROR Crawler:292 - L ERR_WRITE : Contents write failed : Duplicate entry '12738761749' for key 'PRIMARY'
2018-11-19 17:10:16 ERROR Crawler:292 - L ERR_WRITE : Contents write failed : Duplicate entry '13887667734' for key 'PRIMARY'
2018-11-19 17:10:16 ERROR Crawler:292 - L ERR_WRITE : Contents write failed : Duplicate entry '80777151727' for key 'PRIMARY'
2018-11-19 17:10:16 ERROR Crawler:292 - L ERR_WRITE : Contents write failed : Duplicate entry '14069554289' for key 'PRIMARY'
2018-11-19 17:10:16 ERROR Crawler:292 - L ERR_WRITE : Contents write failed : Duplicate entry '11459876552' for key 'PRIMARY'
2018-11-19 17:10:16 ERROR Crawler:292 - L ERR_WRITE : Contents write failed : Duplicate entry '7573344810' for key 'PRIMARY'
2018-11-19 17:10:16 ERROR Crawler:292 - L ERR_WRITE : Contents write failed : Duplicate entry '14012481911' for key 'PRIMARY'
2018-11-19 17:10:16 ERROR Crawler:292 - L ERR_WRITE : Contents write failed : Duplicate entry '12200135594' for key 'PRIMARY'
2018-11-19 17:10:16 ERROR Crawler:292 - L ERR_WRITE : Contents write failed : Duplicate entry '8803669283' for key 'PRIMARY'
2018-11-19 17:10:16 ERROR Crawler:292 - L ERR_WRITE : Contents write failed : Duplicate entry '13460809534' for key 'PRIMARY'
2018-11-19 17:10:16 ERROR Crawler:292 - L ERR_WRITE : Contents write failed : Duplicate entry '80214715755' for key 'PRIMARY'
2018-11-19 17:10:16 ERROR Crawler:292 - L ERR_WRITE : Contents write failed : Duplicate entry '9579336127' for key 'PRIMARY'
2018-11-19 17:10:16 ERROR Crawler:292 - L ERR_WRITE : Contents write failed : Duplicate entry '7573344811' for key 'PRIMARY'
2018-11-19 17:10:16 ERROR Crawler:292 - L ERR_WRITE : Contents write failed : Duplicate entry '9877553097' for key 'PRIMARY'
2018-11-19 17:10:16 ERROR Crawler:292 - L ERR_WRITE : Contents write failed : Duplicate entry '13747450639' for key 'PRIMARY'
2018-11-19 17:10:16 ERROR Crawler:292 - L ERR_WRITE : Contents write failed : Duplicate entry '80499420655' for key 'PRIMARY'
2018-11-19 17:10:16 ERROR Crawler:292 - L ERR_WRITE : Contents write failed : Duplicate entry '12936820956' for key 'PRIMARY'
2018-11-19 17:10:16 ERROR Crawler:292 - L ERR_WRITE : Contents write failed : Duplicate entry '80176778482' for key 'PRIMARY'
2018-11-19 17:10:16 ERROR Crawler:292 - L ERR_WRITE : Contents write failed : Duplicate entry '16192677980' for key 'PRIMARY'
2018-11-19 17:10:16 ERROR Crawler:292 - L ERR_WRITE : Contents write failed : Duplicate entry '16174219829' for key 'PRIMARY'
2018-11-19 17:10:16 ERROR Crawler:292 - L ERR_WRITE : Contents write failed : Duplicate entry '16180110233' for key 'PRIMARY'
2018-11-19 17:10:16 ERROR Crawler:292 - L ERR_WRITE : Contents write failed : Duplicate entry '15771595012' for key 'PRIMARY'
2018-11-19 17:10:16 ERROR Crawler:292 - L ERR_WRITE : Contents write failed : Duplicate entry '16171472257' for key 'PRIMARY'
2018-11-19 17:10:16 ERROR Crawler:292 - L ERR_WRITE : Contents write failed : Duplicate entry '14374603285' for key 'PRIMARY'
2018-11-19 17:10:16 ERROR Crawler:292 - L ERR_WRITE : Contents write failed : Duplicate entry '16140912797' for key 'PRIMARY'
2018-11-19 17:10:16 ERROR Crawler:292 - L ERR_WRITE : Contents write failed : Duplicate entry '16149703345' for key 'PRIMARY'
2018-11-19 17:10:16 ERROR Crawler:292 - L ERR_WRITE : Contents write failed : Duplicate entry '16148081607' for key 'PRIMARY'
2018-11-19 17:10:16 ERROR Crawler:292 - L ERR_WRITE : Contents write failed : Duplicate entry '16143555803' for key 'PRIMARY'
2018-11-19 17:10:16 ERROR Crawler:292 - L ERR_WRITE : Contents write failed : Duplicate entry '16143286398' for key 'PRIMARY'
2018-11-19 17:10:16 ERROR Crawler:292 - L ERR_WRITE : Contents write failed : Duplicate entry '16143027901' for key 'PRIMARY'
2018-11-19 17:10:16 ERROR Crawler:292 - L ERR_WRITE : Contents write failed : Duplicate entry '16137756640' for key 'PRIMARY'
2018-11-19 17:10:16 ERROR Crawler:292 - L ERR_WRITE : Contents write failed : Duplicate entry '16135910237' for key 'PRIMARY'
2018-11-19 17:10:16 ERROR Crawler:292 - L ERR_WRITE : Contents write failed : Duplicate entry '16134219124' for key 'PRIMARY'
2018-11-19 17:10:16 ERROR Crawler:292 - L ERR_WRITE : Contents write failed : Duplicate entry '16114534336' for key 'PRIMARY'
2018-11-19 17:10:16 ERROR Crawler:292 - L ERR_WRITE : Contents write failed : Duplicate entry '16114500006' for key 'PRIMARY'
2018-11-19 17:10:16 ERROR Crawler:292 - L ERR_WRITE : Contents write failed : Duplicate entry '16112852664' for key 'PRIMARY'
2018-11-19 17:10:16 ERROR Crawler:292 - L ERR_WRITE : Contents write failed : Duplicate entry '16112724627' for key 'PRIMARY'
2018-11-19 17:10:16 ERROR Crawler:292 - L ERR_WRITE : Contents write failed : Duplicate entry '81371572670' for key 'PRIMARY'
2018-11-19 17:10:16 ERROR Crawler:292 - L ERR_WRITE : Contents write failed : Duplicate entry '16110722186' for key 'PRIMARY'
2018-11-19 17:10:16 ERROR Crawler:292 - L ERR_WRITE : Contents write failed : Duplicate entry '16100566850' for key 'PRIMARY'
2018-11-19 17:10:16 ERROR Crawler:292 - L ERR_WRITE : Contents write failed : Duplicate entry '16098932213' for key 'PRIMARY'
2018-11-19 17:10:16 ERROR Crawler:292 - L ERR_WRITE : Contents write failed : Duplicate entry '12695462220' for key 'PRIMARY'
2018-11-19 17:10:16 ERROR Crawler:292 - L ERR_WRITE : Contents write failed : Duplicate entry '16095396325' for key 'PRIMARY'
2018-11-19 17:10:16 ERROR Crawler:292 - L ERR_WRITE : Contents write failed : Duplicate entry '13887655401' for key 'PRIMARY'
2018-11-19 17:10:16 ERROR Crawler:292 - L ERR_WRITE : Contents write failed : Duplicate entry '16095026166' for key 'PRIMARY'
2018-11-19 17:10:16 ERROR Crawler:292 - L ERR_WRITE : Contents write failed : Duplicate entry '16094763265' for key 'PRIMARY'
2018-11-19 17:10:16 ERROR Crawler:292 - L ERR_WRITE : Contents write failed : Duplicate entry '16078824802' for key 'PRIMARY'
2018-11-19 17:10:16 ERROR Crawler:292 - L ERR_WRITE : Contents write failed : Duplicate entry '81364117268' for key 'PRIMARY'
2018-11-19 17:10:16 ERROR Crawler:292 - L ERR_WRITE : Contents write failed : Duplicate entry '16050081184' for key 'PRIMARY'
2018-11-19 17:10:16 ERROR Crawler:292 - L ERR_WRITE : Contents write failed : Duplicate entry '16044758526' for key 'PRIMARY'
2018-11-19 17:10:16 ERROR Crawler:292 - L ERR_WRITE : Contents write failed : Duplicate entry '16050218224' for key 'PRIMARY'
2018-11-19 17:10:16 ERROR Crawler:292 - L ERR_WRITE : Contents write failed : Duplicate entry '16050191184' for key 'PRIMARY'
2018-11-19 17:10:16 ERROR Crawler:292 - L ERR_WRITE : Contents write failed : Duplicate entry '81362904747' for key 'PRIMARY'
2018-11-19 17:10:16 ERROR Crawler:292 - L ERR_WRITE : Contents write failed : Duplicate entry '16045434368' for key 'PRIMARY'
2018-11-19 17:10:16 ERROR Crawler:292 - L ERR_WRITE : Contents write failed : Duplicate entry '16041014420' for key 'PRIMARY'
2018-11-19 17:10:16 ERROR Crawler:292 - L ERR_WRITE : Contents write failed : Duplicate entry '16040976745' for key 'PRIMARY'
2018-11-19 17:10:16 ERROR Crawler:292 - L ERR_WRITE : Contents write failed : Duplicate entry '81362333718' for key 'PRIMARY'
2018-11-19 17:10:16 ERROR Crawler:292 - L ERR_WRITE : Contents write failed : Duplicate entry '15999815558' for key 'PRIMARY'
2018-11-19 17:10:16 ERROR Crawler:292 - L ERR_WRITE : Contents write failed : Duplicate entry '81361829556' for key 'PRIMARY'
2018-11-19 17:10:16 ERROR Crawler:292 - L ERR_WRITE : Contents write failed : Duplicate entry '15926502885' for key 'PRIMARY'
2018-11-19 17:10:16 ERROR Crawler:292 - L ERR_WRITE : Contents write failed : Duplicate entry '81361131468' for key 'PRIMARY'
2018-11-19 17:10:16 ERROR Crawler:292 - L ERR_WRITE : Contents write failed : Duplicate entry '14523117821' for key 'PRIMARY'
2018-11-19 17:10:16 ERROR Crawler:292 - L ERR_WRITE : Contents write failed : Duplicate entry '15724667841' for key 'PRIMARY'
2018-11-19 17:10:16 ERROR Crawler:292 - L ERR_WRITE : Contents write failed : Duplicate entry '13882021962' for key 'PRIMARY'
2018-11-19 17:10:16 INFO  Crawler:297 - [Progress 2] elaped time : 00:00:06, curSave : 0, Totalsave : 0, curErr : 88, totalErr : 88, remain_work : 1, total : 3
2018-11-19 17:10:17 INFO  Crawler:297 - [Progress 3] elaped time : 00:00:07, curSave : 0, Totalsave : 0, curErr : 88, totalErr : 88, remain_work : 2, total : 5
2018-11-19 17:10:17 ERROR Crawler:288 - [ERR URL] https://search.shopping.naver.com/search/all.nhn?frm=NVSHPAG&pagingSize=80&query=%EA%B8%B0%EC%95%84&origQuery=%EA%B8%B0%EC%95%84&pagingIndex=2&viewType=list&sort=rel
2018-11-19 17:10:17 ERROR Crawler:292 - L ERR_CONTENTS_COL : category, span.depth > a, text
2018-11-19 17:10:17 ERROR Crawler:292 - L ERR_CONTENTS_COL : category, span.depth > a, text
2018-11-19 17:10:17 ERROR Crawler:292 - L ERR_CONTENTS_COL : category, span.depth > a, text
2018-11-19 17:10:17 ERROR Crawler:292 - L ERR_CONTENTS_COL : category, span.depth > a, text
2018-11-19 17:10:17 ERROR Crawler:292 - L ERR_CONTENTS_COL : category, span.depth > a, text
2018-11-19 17:10:17 ERROR Crawler:292 - L ERR_CONTENTS_COL : category, span.depth > a, text
2018-11-19 17:10:17 ERROR Crawler:292 - L ERR_CONTENTS_COL : category, span.depth > a, text
2018-11-19 17:10:17 ERROR Crawler:292 - L ERR_CONTENTS_COL : category, span.depth > a, text
2018-11-19 17:10:17 ERROR Crawler:292 - L ERR_WRITE : Contents write failed : Duplicate entry '15942738917' for key 'PRIMARY'
2018-11-19 17:10:17 ERROR Crawler:292 - L ERR_WRITE : Contents write failed : Duplicate entry '81358298544' for key 'PRIMARY'
2018-11-19 17:10:17 ERROR Crawler:292 - L ERR_WRITE : Contents write failed : Duplicate entry '15771595012' for key 'PRIMARY'
2018-11-19 17:10:17 ERROR Crawler:292 - L ERR_WRITE : Contents write failed : Duplicate entry '81358006175' for key 'PRIMARY'
2018-11-19 17:10:17 ERROR Crawler:292 - L ERR_WRITE : Contents write failed : Duplicate entry '15658988080' for key 'PRIMARY'
2018-11-19 17:10:17 ERROR Crawler:292 - L ERR_WRITE : Contents write failed : Duplicate entry '81354828251' for key 'PRIMARY'
2018-11-19 17:10:17 ERROR Crawler:292 - L ERR_WRITE : Contents write failed : Duplicate entry '15620415532' for key 'PRIMARY'
2018-11-19 17:10:17 ERROR Crawler:292 - L ERR_WRITE : Contents write failed : Duplicate entry '81351705671' for key 'PRIMARY'
2018-11-19 17:10:17 ERROR Crawler:292 - L ERR_WRITE : Contents write failed : Duplicate entry '15563520161' for key 'PRIMARY'
2018-11-19 17:10:17 ERROR Crawler:292 - L ERR_WRITE : Contents write failed : Duplicate entry '15300722828' for key 'PRIMARY'
2018-11-19 17:10:17 ERROR Crawler:292 - L ERR_WRITE : Contents write failed : Duplicate entry '81349026122' for key 'PRIMARY'
2018-11-19 17:10:17 ERROR Crawler:292 - L ERR_WRITE : Contents write failed : Duplicate entry '14845211523' for key 'PRIMARY'
2018-11-19 17:10:17 ERROR Crawler:292 - L ERR_WRITE : Contents write failed : Duplicate entry '81346674890' for key 'PRIMARY'
2018-11-19 17:10:17 ERROR Crawler:292 - L ERR_WRITE : Contents write failed : Duplicate entry '13920773000' for key 'PRIMARY'
2018-11-19 17:10:17 ERROR Crawler:292 - L ERR_WRITE : Contents write failed : Duplicate entry '14369879203' for key 'PRIMARY'
2018-11-19 17:10:17 ERROR Crawler:292 - L ERR_WRITE : Contents write failed : Duplicate entry '81345478905' for key 'PRIMARY'
2018-11-19 17:10:17 ERROR Crawler:292 - L ERR_WRITE : Contents write failed : Duplicate entry '14248411035' for key 'PRIMARY'
2018-11-19 17:10:17 ERROR Crawler:292 - L ERR_WRITE : Contents write failed : Duplicate entry '14072385788' for key 'PRIMARY'
2018-11-19 17:10:17 ERROR Crawler:292 - L ERR_WRITE : Contents write failed : Duplicate entry '81342630493' for key 'PRIMARY'
2018-11-19 17:10:17 ERROR Crawler:292 - L ERR_WRITE : Contents write failed : Duplicate entry '11904512123' for key 'PRIMARY'
2018-11-19 17:10:17 ERROR Crawler:292 - L ERR_WRITE : Contents write failed : Duplicate entry '81342573218' for key 'PRIMARY'
2018-11-19 17:10:17 ERROR Crawler:292 - L ERR_WRITE : Contents write failed : Duplicate entry '81342037198' for key 'PRIMARY'
2018-11-19 17:10:17 ERROR Crawler:292 - L ERR_WRITE : Contents write failed : Duplicate entry '81340464850' for key 'PRIMARY'
2018-11-19 17:10:17 ERROR Crawler:292 - L ERR_WRITE : Contents write failed : Duplicate entry '81354299346' for key 'PRIMARY'
2018-11-19 17:10:17 ERROR Crawler:292 - L ERR_WRITE : Contents write failed : Duplicate entry '81326559507' for key 'PRIMARY'
2018-11-19 17:10:17 ERROR Crawler:292 - L ERR_WRITE : Contents write failed : Duplicate entry '81353328743' for key 'PRIMARY'
2018-11-19 17:10:17 ERROR Crawler:292 - L ERR_WRITE : Contents write failed : Duplicate entry '16171295023' for key 'PRIMARY'
2018-11-19 17:10:17 ERROR Crawler:292 - L ERR_WRITE : Contents write failed : Duplicate entry '16152306615' for key 'PRIMARY'
2018-11-19 17:10:17 ERROR Crawler:292 - L ERR_WRITE : Contents write failed : Duplicate entry '16149702740' for key 'PRIMARY'
2018-11-19 17:10:17 ERROR Crawler:292 - L ERR_WRITE : Contents write failed : Duplicate entry '16148063572' for key 'PRIMARY'
2018-11-19 17:10:17 ERROR Crawler:292 - L ERR_WRITE : Contents write failed : Duplicate entry '16147080185' for key 'PRIMARY'
2018-11-19 17:10:17 ERROR Crawler:292 - L ERR_WRITE : Contents write failed : Duplicate entry '16143505870' for key 'PRIMARY'
2018-11-19 17:10:17 ERROR Crawler:292 - L ERR_WRITE : Contents write failed : Duplicate entry '16143286410' for key 'PRIMARY'
2018-11-19 17:10:17 ERROR Crawler:292 - L ERR_WRITE : Contents write failed : Duplicate entry '16142934507' for key 'PRIMARY'
2018-11-19 17:10:17 ERROR Crawler:292 - L ERR_WRITE : Contents write failed : Duplicate entry '16137549686' for key 'PRIMARY'
2018-11-19 17:10:17 ERROR Crawler:292 - L ERR_WRITE : Contents write failed : Duplicate entry '16135892227' for key 'PRIMARY'
2018-11-19 17:10:17 ERROR Crawler:292 - L ERR_WRITE : Contents write failed : Duplicate entry '16134089052' for key 'PRIMARY'
2018-11-19 17:10:17 ERROR Crawler:292 - L ERR_WRITE : Contents write failed : Duplicate entry '13429812435' for key 'PRIMARY'
2018-11-19 17:10:17 ERROR Crawler:292 - L ERR_WRITE : Contents write failed : Duplicate entry '16114449328' for key 'PRIMARY'
2018-11-19 17:10:17 ERROR Crawler:292 - L ERR_WRITE : Contents write failed : Duplicate entry '15798931316' for key 'PRIMARY'
2018-11-19 17:10:17 ERROR Crawler:292 - L ERR_WRITE : Contents write failed : Duplicate entry '16114399608' for key 'PRIMARY'
2018-11-19 17:10:17 ERROR Crawler:292 - L ERR_WRITE : Contents write failed : Duplicate entry '16112832718' for key 'PRIMARY'
2018-11-19 17:10:17 ERROR Crawler:292 - L ERR_WRITE : Contents write failed : Duplicate entry '16112725177' for key 'PRIMARY'
2018-11-19 17:10:17 ERROR Crawler:292 - L ERR_WRITE : Contents write failed : Duplicate entry '16110573323' for key 'PRIMARY'
2018-11-19 17:10:17 ERROR Crawler:292 - L ERR_WRITE : Contents write failed : Duplicate entry '16100445074' for key 'PRIMARY'
2018-11-19 17:10:17 ERROR Crawler:292 - L ERR_WRITE : Contents write failed : Duplicate entry '16098928814' for key 'PRIMARY'
2018-11-19 17:10:17 ERROR Crawler:292 - L ERR_WRITE : Contents write failed : Duplicate entry '16095335180' for key 'PRIMARY'
2018-11-19 17:10:17 ERROR Crawler:292 - L ERR_WRITE : Contents write failed : Duplicate entry '16095025616' for key 'PRIMARY'
2018-11-19 17:10:17 ERROR Crawler:292 - L ERR_WRITE : Contents write failed : Duplicate entry '16094757853' for key 'PRIMARY'
2018-11-19 17:10:17 ERROR Crawler:292 - L ERR_WRITE : Contents write failed : Duplicate entry '16150404956' for key 'PRIMARY'
2018-11-19 17:10:17 ERROR Crawler:292 - L ERR_WRITE : Contents write failed : Duplicate entry '16050112407' for key 'PRIMARY'
2018-11-19 17:10:17 ERROR Crawler:292 - L ERR_WRITE : Contents write failed : Duplicate entry '16050107952' for key 'PRIMARY'
2018-11-19 17:10:17 ERROR Crawler:292 - L ERR_WRITE : Contents write failed : Duplicate entry '16044691377' for key 'PRIMARY'
2018-11-19 17:10:17 ERROR Crawler:292 - L ERR_WRITE : Contents write failed : Duplicate entry '16118550431' for key 'PRIMARY'
2018-11-19 17:10:17 ERROR Crawler:292 - L ERR_WRITE : Contents write failed : Duplicate entry '80046360321' for key 'PRIMARY'
2018-11-19 17:10:17 ERROR Crawler:292 - L ERR_WRITE : Contents write failed : Duplicate entry '16146892010' for key 'PRIMARY'
2018-11-19 17:10:17 ERROR Crawler:292 - L ERR_WRITE : Contents write failed : Duplicate entry '16192521591' for key 'PRIMARY'
2018-11-19 17:10:17 ERROR Crawler:292 - L ERR_WRITE : Contents write failed : Duplicate entry '11944329566' for key 'PRIMARY'
2018-11-19 17:10:17 ERROR Crawler:292 - L ERR_WRITE : Contents write failed : Duplicate entry '16110248268' for key 'PRIMARY'
2018-11-19 17:10:17 ERROR Crawler:292 - L ERR_WRITE : Contents write failed : Duplicate entry '15488474547' for key 'PRIMARY'
2018-11-19 17:10:17 ERROR Crawler:292 - L ERR_WRITE : Contents write failed : Duplicate entry '16094775884' for key 'PRIMARY'
2018-11-19 17:10:17 ERROR Crawler:292 - L ERR_WRITE : Contents write failed : Duplicate entry '16093435342' for key 'PRIMARY'
2018-11-19 17:10:17 ERROR Crawler:292 - L ERR_WRITE : Contents write failed : Duplicate entry '16050102814' for key 'PRIMARY'
2018-11-19 17:10:17 ERROR Crawler:292 - L ERR_WRITE : Contents write failed : Duplicate entry '81362333758' for key 'PRIMARY'
2018-11-19 17:10:17 ERROR Crawler:292 - L ERR_WRITE : Contents write failed : Duplicate entry '80046400190' for key 'PRIMARY'
2018-11-19 17:10:17 ERROR Crawler:292 - L ERR_WRITE : Contents write failed : Duplicate entry '16109070924' for key 'PRIMARY'
2018-11-19 17:10:17 ERROR Crawler:292 - L ERR_WRITE : Contents write failed : Duplicate entry '16078916388' for key 'PRIMARY'
2018-11-19 17:10:17 ERROR Crawler:292 - L ERR_WRITE : Contents write failed : Duplicate entry '80046369761' for key 'PRIMARY'
2018-11-19 17:10:17 ERROR Crawler:292 - L ERR_WRITE : Contents write failed : Duplicate entry '16146975944' for key 'PRIMARY'
2018-11-19 17:10:17 ERROR Crawler:292 - L ERR_WRITE : Contents write failed : Duplicate entry '80046577416' for key 'PRIMARY'
2018-11-19 17:10:17 ERROR Crawler:292 - L ERR_WRITE : Contents write failed : Duplicate entry '13034005192' for key 'PRIMARY'
2018-11-19 17:10:17 ERROR Crawler:292 - L ERR_WRITE : Contents write failed : Duplicate entry '15787001505' for key 'PRIMARY'
2018-11-19 17:10:17 ERROR Crawler:292 - L ERR_WRITE : Contents write failed : Duplicate entry '16147169196' for key 'PRIMARY'
2018-11-19 17:10:17 ERROR Crawler:292 - L ERR_WRITE : Contents write failed : Duplicate entry '15620415533' for key 'PRIMARY'
2018-11-19 17:10:17 ERROR Crawler:292 - L ERR_WRITE : Contents write failed : Duplicate entry '81195982851' for key 'PRIMARY'
2018-11-19 17:10:17 ERROR Crawler:292 - L ERR_WRITE : Contents write failed : Duplicate entry '15620419197' for key 'PRIMARY'
2018-11-19 17:10:17 ERROR Crawler:292 - L ERR_WRITE : Contents write failed : Duplicate entry '11827231085' for key 'PRIMARY'
2018-11-19 17:10:17 ERROR Crawler:292 - L ERR_WRITE : Contents write failed : Duplicate entry '11313040803' for key 'PRIMARY'
2018-11-19 17:10:17 ERROR Crawler:292 - L ERR_WRITE : Contents write failed : Duplicate entry '81065125803' for key 'PRIMARY'
2018-11-19 17:10:17 ERROR Crawler:292 - L ERR_WRITE : Contents write failed : Duplicate entry '12261573870' for key 'PRIMARY'
2018-11-19 17:10:17 INFO  Crawler:297 - [Progress 4] elaped time : 00:00:07, curSave : 0, Totalsave : 0, curErr : 176, totalErr : 176, remain_work : 1, total : 5
2018-11-19 17:10:18 INFO  Crawler:297 - [Progress 5] elaped time : 00:00:08, curSave : 0, Totalsave : 0, curErr : 176, totalErr : 176, remain_work : 2, total : 7
2018-11-19 17:10:18 ERROR Crawler:288 - [ERR URL] https://search.shopping.naver.com/search/all.nhn?frm=NVSHPAG&pagingSize=80&query=%EA%B8%B0%EC%95%84&origQuery=%EA%B8%B0%EC%95%84&pagingIndex=2&viewType=list&sort=rel
2018-11-19 17:10:18 ERROR Crawler:292 - L ERR_CONTENTS_COL : category, span.depth > a, text
2018-11-19 17:10:18 ERROR Crawler:292 - L ERR_CONTENTS_COL : category, span.depth > a, text
2018-11-19 17:10:18 ERROR Crawler:292 - L ERR_CONTENTS_COL : category, span.depth > a, text
2018-11-19 17:10:18 ERROR Crawler:292 - L ERR_CONTENTS_COL : category, span.depth > a, text
2018-11-19 17:10:18 ERROR Crawler:292 - L ERR_CONTENTS_COL : category, span.depth > a, text
2018-11-19 17:10:18 ERROR Crawler:292 - L ERR_CONTENTS_COL : category, span.depth > a, text
2018-11-19 17:10:18 ERROR Crawler:292 - L ERR_CONTENTS_COL : category, span.depth > a, text
2018-11-19 17:10:18 ERROR Crawler:292 - L ERR_CONTENTS_COL : category, span.depth > a, text
2018-11-19 17:10:18 ERROR Crawler:292 - L ERR_WRITE : Contents write failed : Duplicate entry '15942738917' for key 'PRIMARY'
2018-11-19 17:10:18 ERROR Crawler:292 - L ERR_WRITE : Contents write failed : Duplicate entry '81358298544' for key 'PRIMARY'
2018-11-19 17:10:18 ERROR Crawler:292 - L ERR_WRITE : Contents write failed : Duplicate entry '15771595012' for key 'PRIMARY'
2018-11-19 17:10:18 ERROR Crawler:292 - L ERR_WRITE : Contents write failed : Duplicate entry '81358006175' for key 'PRIMARY'
2018-11-19 17:10:18 ERROR Crawler:292 - L ERR_WRITE : Contents write failed : Duplicate entry '15658988080' for key 'PRIMARY'
2018-11-19 17:10:18 ERROR Crawler:292 - L ERR_WRITE : Contents write failed : Duplicate entry '81354828251' for key 'PRIMARY'
2018-11-19 17:10:18 ERROR Crawler:292 - L ERR_WRITE : Contents write failed : Duplicate entry '15620415532' for key 'PRIMARY'
2018-11-19 17:10:18 ERROR Crawler:292 - L ERR_WRITE : Contents write failed : Duplicate entry '81351705671' for key 'PRIMARY'
2018-11-19 17:10:18 ERROR Crawler:292 - L ERR_WRITE : Contents write failed : Duplicate entry '15563520161' for key 'PRIMARY'
2018-11-19 17:10:18 ERROR Crawler:292 - L ERR_WRITE : Contents write failed : Duplicate entry '15300722828' for key 'PRIMARY'
2018-11-19 17:10:18 ERROR Crawler:292 - L ERR_WRITE : Contents write failed : Duplicate entry '81349026122' for key 'PRIMARY'
2018-11-19 17:10:18 ERROR Crawler:292 - L ERR_WRITE : Contents write failed : Duplicate entry '14845211523' for key 'PRIMARY'
2018-11-19 17:10:18 ERROR Crawler:292 - L ERR_WRITE : Contents write failed : Duplicate entry '81346674890' for key 'PRIMARY'
2018-11-19 17:10:18 ERROR Crawler:292 - L ERR_WRITE : Contents write failed : Duplicate entry '13920773000' for key 'PRIMARY'
2018-11-19 17:10:18 ERROR Crawler:292 - L ERR_WRITE : Contents write failed : Duplicate entry '14369879203' for key 'PRIMARY'
2018-11-19 17:10:18 ERROR Crawler:292 - L ERR_WRITE : Contents write failed : Duplicate entry '81345478905' for key 'PRIMARY'
2018-11-19 17:10:18 ERROR Crawler:292 - L ERR_WRITE : Contents write failed : Duplicate entry '14248411035' for key 'PRIMARY'
2018-11-19 17:10:18 ERROR Crawler:292 - L ERR_WRITE : Contents write failed : Duplicate entry '14072385788' for key 'PRIMARY'
2018-11-19 17:10:18 ERROR Crawler:292 - L ERR_WRITE : Contents write failed : Duplicate entry '81342630493' for key 'PRIMARY'
2018-11-19 17:10:18 ERROR Crawler:292 - L ERR_WRITE : Contents write failed : Duplicate entry '11904512123' for key 'PRIMARY'
2018-11-19 17:10:18 ERROR Crawler:292 - L ERR_WRITE : Contents write failed : Duplicate entry '81342573218' for key 'PRIMARY'
2018-11-19 17:10:18 ERROR Crawler:292 - L ERR_WRITE : Contents write failed : Duplicate entry '81342037198' for key 'PRIMARY'
2018-11-19 17:10:18 ERROR Crawler:292 - L ERR_WRITE : Contents write failed : Duplicate entry '81340464850' for key 'PRIMARY'
2018-11-19 17:10:18 ERROR Crawler:292 - L ERR_WRITE : Contents write failed : Duplicate entry '81354299346' for key 'PRIMARY'
2018-11-19 17:10:18 ERROR Crawler:292 - L ERR_WRITE : Contents write failed : Duplicate entry '81326559507' for key 'PRIMARY'
2018-11-19 17:10:18 ERROR Crawler:292 - L ERR_WRITE : Contents write failed : Duplicate entry '81353328743' for key 'PRIMARY'
2018-11-19 17:10:18 ERROR Crawler:292 - L ERR_WRITE : Contents write failed : Duplicate entry '16171295023' for key 'PRIMARY'
2018-11-19 17:10:18 ERROR Crawler:292 - L ERR_WRITE : Contents write failed : Duplicate entry '16152306615' for key 'PRIMARY'
2018-11-19 17:10:18 ERROR Crawler:292 - L ERR_WRITE : Contents write failed : Duplicate entry '16149702740' for key 'PRIMARY'
2018-11-19 17:10:18 ERROR Crawler:292 - L ERR_WRITE : Contents write failed : Duplicate entry '16148063572' for key 'PRIMARY'
2018-11-19 17:10:18 ERROR Crawler:292 - L ERR_WRITE : Contents write failed : Duplicate entry '16147080185' for key 'PRIMARY'
2018-11-19 17:10:18 ERROR Crawler:292 - L ERR_WRITE : Contents write failed : Duplicate entry '16143505870' for key 'PRIMARY'
2018-11-19 17:10:18 ERROR Crawler:292 - L ERR_WRITE : Contents write failed : Duplicate entry '16143286410' for key 'PRIMARY'
2018-11-19 17:10:18 ERROR Crawler:292 - L ERR_WRITE : Contents write failed : Duplicate entry '16142934507' for key 'PRIMARY'
2018-11-19 17:10:18 ERROR Crawler:292 - L ERR_WRITE : Contents write failed : Duplicate entry '16137549686' for key 'PRIMARY'
2018-11-19 17:10:18 ERROR Crawler:292 - L ERR_WRITE : Contents write failed : Duplicate entry '16135892227' for key 'PRIMARY'
2018-11-19 17:10:18 ERROR Crawler:292 - L ERR_WRITE : Contents write failed : Duplicate entry '16134089052' for key 'PRIMARY'
2018-11-19 17:10:18 ERROR Crawler:292 - L ERR_WRITE : Contents write failed : Duplicate entry '13429812435' for key 'PRIMARY'
2018-11-19 17:10:18 ERROR Crawler:292 - L ERR_WRITE : Contents write failed : Duplicate entry '16114449328' for key 'PRIMARY'
2018-11-19 17:10:18 ERROR Crawler:292 - L ERR_WRITE : Contents write failed : Duplicate entry '15798931316' for key 'PRIMARY'
2018-11-19 17:10:18 ERROR Crawler:292 - L ERR_WRITE : Contents write failed : Duplicate entry '16114399608' for key 'PRIMARY'
2018-11-19 17:10:18 ERROR Crawler:292 - L ERR_WRITE : Contents write failed : Duplicate entry '16112832718' for key 'PRIMARY'
2018-11-19 17:10:18 ERROR Crawler:292 - L ERR_WRITE : Contents write failed : Duplicate entry '16112725177' for key 'PRIMARY'
2018-11-19 17:10:18 ERROR Crawler:292 - L ERR_WRITE : Contents write failed : Duplicate entry '16110573323' for key 'PRIMARY'
2018-11-19 17:10:18 ERROR Crawler:292 - L ERR_WRITE : Contents write failed : Duplicate entry '16100445074' for key 'PRIMARY'
2018-11-19 17:10:18 ERROR Crawler:292 - L ERR_WRITE : Contents write failed : Duplicate entry '16098928814' for key 'PRIMARY'
2018-11-19 17:10:18 ERROR Crawler:292 - L ERR_WRITE : Contents write failed : Duplicate entry '16095335180' for key 'PRIMARY'
2018-11-19 17:10:18 ERROR Crawler:292 - L ERR_WRITE : Contents write failed : Duplicate entry '16095025616' for key 'PRIMARY'
2018-11-19 17:10:18 ERROR Crawler:292 - L ERR_WRITE : Contents write failed : Duplicate entry '16094757853' for key 'PRIMARY'
2018-11-19 17:10:18 ERROR Crawler:292 - L ERR_WRITE : Contents write failed : Duplicate entry '16150404956' for key 'PRIMARY'
2018-11-19 17:10:18 ERROR Crawler:292 - L ERR_WRITE : Contents write failed : Duplicate entry '16050112407' for key 'PRIMARY'
2018-11-19 17:10:18 ERROR Crawler:292 - L ERR_WRITE : Contents write failed : Duplicate entry '16050107952' for key 'PRIMARY'
2018-11-19 17:10:18 ERROR Crawler:292 - L ERR_WRITE : Contents write failed : Duplicate entry '16044691377' for key 'PRIMARY'
2018-11-19 17:10:18 ERROR Crawler:292 - L ERR_WRITE : Contents write failed : Duplicate entry '16118550431' for key 'PRIMARY'
2018-11-19 17:10:18 ERROR Crawler:292 - L ERR_WRITE : Contents write failed : Duplicate entry '80046360321' for key 'PRIMARY'
2018-11-19 17:10:18 ERROR Crawler:292 - L ERR_WRITE : Contents write failed : Duplicate entry '16146892010' for key 'PRIMARY'
2018-11-19 17:10:18 ERROR Crawler:292 - L ERR_WRITE : Contents write failed : Duplicate entry '16192521591' for key 'PRIMARY'
2018-11-19 17:10:18 ERROR Crawler:292 - L ERR_WRITE : Contents write failed : Duplicate entry '11944329566' for key 'PRIMARY'
2018-11-19 17:10:18 ERROR Crawler:292 - L ERR_WRITE : Contents write failed : Duplicate entry '16110248268' for key 'PRIMARY'
2018-11-19 17:10:18 ERROR Crawler:292 - L ERR_WRITE : Contents write failed : Duplicate entry '15488474547' for key 'PRIMARY'
2018-11-19 17:10:18 ERROR Crawler:292 - L ERR_WRITE : Contents write failed : Duplicate entry '16094775884' for key 'PRIMARY'
2018-11-19 17:10:18 ERROR Crawler:292 - L ERR_WRITE : Contents write failed : Duplicate entry '16093435342' for key 'PRIMARY'
2018-11-19 17:10:18 ERROR Crawler:292 - L ERR_WRITE : Contents write failed : Duplicate entry '16050102814' for key 'PRIMARY'
2018-11-19 17:10:18 ERROR Crawler:292 - L ERR_WRITE : Contents write failed : Duplicate entry '81362333758' for key 'PRIMARY'
2018-11-19 17:10:18 ERROR Crawler:292 - L ERR_WRITE : Contents write failed : Duplicate entry '80046400190' for key 'PRIMARY'
2018-11-19 17:10:18 ERROR Crawler:292 - L ERR_WRITE : Contents write failed : Duplicate entry '16109070924' for key 'PRIMARY'
2018-11-19 17:10:18 ERROR Crawler:292 - L ERR_WRITE : Contents write failed : Duplicate entry '16078916388' for key 'PRIMARY'
2018-11-19 17:10:18 ERROR Crawler:292 - L ERR_WRITE : Contents write failed : Duplicate entry '80046369761' for key 'PRIMARY'
2018-11-19 17:10:18 ERROR Crawler:292 - L ERR_WRITE : Contents write failed : Duplicate entry '16146975944' for key 'PRIMARY'
2018-11-19 17:10:18 ERROR Crawler:292 - L ERR_WRITE : Contents write failed : Duplicate entry '80046577416' for key 'PRIMARY'
2018-11-19 17:10:18 ERROR Crawler:292 - L ERR_WRITE : Contents write failed : Duplicate entry '13034005192' for key 'PRIMARY'
2018-11-19 17:10:18 ERROR Crawler:292 - L ERR_WRITE : Contents write failed : Duplicate entry '15787001505' for key 'PRIMARY'
2018-11-19 17:10:18 ERROR Crawler:292 - L ERR_WRITE : Contents write failed : Duplicate entry '16147169196' for key 'PRIMARY'
2018-11-19 17:10:18 ERROR Crawler:292 - L ERR_WRITE : Contents write failed : Duplicate entry '15620415533' for key 'PRIMARY'
2018-11-19 17:10:18 ERROR Crawler:292 - L ERR_WRITE : Contents write failed : Duplicate entry '81195982851' for key 'PRIMARY'
2018-11-19 17:10:18 ERROR Crawler:292 - L ERR_WRITE : Contents write failed : Duplicate entry '15620419197' for key 'PRIMARY'
2018-11-19 17:10:18 ERROR Crawler:292 - L ERR_WRITE : Contents write failed : Duplicate entry '11827231085' for key 'PRIMARY'
2018-11-19 17:10:18 ERROR Crawler:292 - L ERR_WRITE : Contents write failed : Duplicate entry '11313040803' for key 'PRIMARY'
2018-11-19 17:10:18 ERROR Crawler:292 - L ERR_WRITE : Contents write failed : Duplicate entry '81065125803' for key 'PRIMARY'
2018-11-19 17:10:18 ERROR Crawler:292 - L ERR_WRITE : Contents write failed : Duplicate entry '12261573870' for key 'PRIMARY'
2018-11-19 17:10:18 INFO  Crawler:297 - [Progress 6] elaped time : 00:00:08, curSave : 0, Totalsave : 0, curErr : 264, totalErr : 264, remain_work : 1, total : 7
2018-11-19 17:10:18 INFO  Crawler:297 - [Progress 7] elaped time : 00:00:09, curSave : 0, Totalsave : 0, curErr : 264, totalErr : 264, remain_work : 2, total : 9
2018-11-19 17:10:19 ERROR Crawler:288 - [ERR URL] https://search.shopping.naver.com/search/all.nhn?frm=NVSHPAG&pagingSize=80&query=%EA%B8%B0%EC%95%84&origQuery=%EA%B8%B0%EC%95%84&pagingIndex=3&viewType=list&sort=rel
2018-11-19 17:10:19 ERROR Crawler:292 - L ERR_CONTENTS_COL : category, span.depth > a, text
2018-11-19 17:10:19 ERROR Crawler:292 - L ERR_CONTENTS_COL : category, span.depth > a, text
2018-11-19 17:10:19 ERROR Crawler:292 - L ERR_CONTENTS_COL : category, span.depth > a, text
2018-11-19 17:10:19 ERROR Crawler:292 - L ERR_CONTENTS_COL : category, span.depth > a, text
2018-11-19 17:10:19 ERROR Crawler:292 - L ERR_CONTENTS_COL : category, span.depth > a, text
2018-11-19 17:10:19 ERROR Crawler:292 - L ERR_CONTENTS_COL : category, span.depth > a, text
2018-11-19 17:10:19 ERROR Crawler:292 - L ERR_CONTENTS_COL : category, span.depth > a, text
2018-11-19 17:10:19 ERROR Crawler:292 - L ERR_CONTENTS_COL : category, span.depth > a, text
2018-11-19 17:10:19 INFO  Crawler:297 - [Progress 8] elaped time : 00:00:09, curSave : 80, Totalsave : 80, curErr : 272, totalErr : 272, remain_work : 1, total : 9
2018-11-19 17:10:19 INFO  Crawler:297 - [Progress 9] elaped time : 00:00:09, curSave : 80, Totalsave : 80, curErr : 272, totalErr : 272, remain_work : 2, total : 11
2018-11-19 17:10:19 ERROR Crawler:288 - [ERR URL] https://search.shopping.naver.com/search/all.nhn?frm=NVSHPAG&pagingSize=80&query=%EA%B8%B0%EC%95%84&origQuery=%EA%B8%B0%EC%95%84&pagingIndex=4&viewType=list&sort=rel
2018-11-19 17:10:19 ERROR Crawler:292 - L ERR_CONTENTS_COL : category, span.depth > a, text
2018-11-19 17:10:19 ERROR Crawler:292 - L ERR_CONTENTS_COL : category, span.depth > a, text
2018-11-19 17:10:19 ERROR Crawler:292 - L ERR_CONTENTS_COL : category, span.depth > a, text
2018-11-19 17:10:19 ERROR Crawler:292 - L ERR_CONTENTS_COL : category, span.depth > a, text
2018-11-19 17:10:19 ERROR Crawler:292 - L ERR_CONTENTS_COL : category, span.depth > a, text
2018-11-19 17:10:19 ERROR Crawler:292 - L ERR_CONTENTS_COL : category, span.depth > a, text
2018-11-19 17:10:19 ERROR Crawler:292 - L ERR_CONTENTS_COL : category, span.depth > a, text
2018-11-19 17:10:19 ERROR Crawler:292 - L ERR_CONTENTS_COL : category, span.depth > a, text
2018-11-19 17:10:19 ERROR Crawler:292 - L ERR_WRITE : Contents write failed : Duplicate entry '16050112407' for key 'PRIMARY'
2018-11-19 17:10:19 INFO  Crawler:297 - [Progress 10] elaped time : 00:00:10, curSave : 159, Totalsave : 159, curErr : 281, totalErr : 281, remain_work : 1, total : 11
2018-11-19 17:10:20 INFO  Crawler:297 - [Progress 11] elaped time : 00:00:10, curSave : 159, Totalsave : 159, curErr : 281, totalErr : 281, remain_work : 2, total : 13
2018-11-19 17:10:21 ERROR Crawler:288 - [ERR URL] https://search.shopping.naver.com/search/all.nhn?frm=NVSHPAG&pagingSize=80&query=%EA%B8%B0%EC%95%84&origQuery=%EA%B8%B0%EC%95%84&pagingIndex=5&viewType=list&sort=rel
2018-11-19 17:10:21 ERROR Crawler:292 - L ERR_CONTENTS_COL : category, span.depth > a, text
2018-11-19 17:10:21 ERROR Crawler:292 - L ERR_CONTENTS_COL : category, span.depth > a, text
2018-11-19 17:10:21 ERROR Crawler:292 - L ERR_CONTENTS_COL : category, span.depth > a, text
2018-11-19 17:10:21 ERROR Crawler:292 - L ERR_CONTENTS_COL : category, span.depth > a, text
2018-11-19 17:10:21 ERROR Crawler:292 - L ERR_CONTENTS_COL : category, span.depth > a, text
2018-11-19 17:10:21 ERROR Crawler:292 - L ERR_CONTENTS_COL : category, span.depth > a, text
2018-11-19 17:10:21 ERROR Crawler:292 - L ERR_CONTENTS_COL : category, span.depth > a, text
2018-11-19 17:10:21 ERROR Crawler:292 - L ERR_CONTENTS_COL : category, span.depth > a, text
2018-11-19 17:10:21 INFO  Crawler:297 - [Progress 12] elaped time : 00:00:11, curSave : 239, Totalsave : 239, curErr : 289, totalErr : 289, remain_work : 1, total : 13
2018-11-19 17:10:21 INFO  Crawler:297 - [Progress 13] elaped time : 00:00:11, curSave : 239, Totalsave : 239, curErr : 289, totalErr : 289, remain_work : 2, total : 15
2018-11-19 17:10:21 ERROR Crawler:288 - [ERR URL] https://search.shopping.naver.com/search/all.nhn?frm=NVSHPAG&pagingSize=80&query=%EA%B8%B0%EC%95%84&origQuery=%EA%B8%B0%EC%95%84&pagingIndex=6&viewType=list&sort=rel
2018-11-19 17:10:21 ERROR Crawler:292 - L ERR_CONTENTS_COL : category, span.depth > a, text
2018-11-19 17:10:21 ERROR Crawler:292 - L ERR_CONTENTS_COL : category, span.depth > a, text
2018-11-19 17:10:21 ERROR Crawler:292 - L ERR_CONTENTS_COL : category, span.depth > a, text
2018-11-19 17:10:21 ERROR Crawler:292 - L ERR_CONTENTS_COL : category, span.depth > a, text
2018-11-19 17:10:21 ERROR Crawler:292 - L ERR_CONTENTS_COL : category, span.depth > a, text
2018-11-19 17:10:21 ERROR Crawler:292 - L ERR_CONTENTS_COL : category, span.depth > a, text
2018-11-19 17:10:21 ERROR Crawler:292 - L ERR_CONTENTS_COL : category, span.depth > a, text
2018-11-19 17:10:21 ERROR Crawler:292 - L ERR_CONTENTS_COL : category, span.depth > a, text
2018-11-19 17:10:21 INFO  Crawler:297 - [Progress 14] elaped time : 00:00:11, curSave : 319, Totalsave : 319, curErr : 297, totalErr : 297, remain_work : 1, total : 15
2018-11-19 17:10:22 INFO  Crawler:297 - [Progress 15] elaped time : 00:00:12, curSave : 319, Totalsave : 319, curErr : 297, totalErr : 297, remain_work : 2, total : 17
2018-11-19 17:10:22 ERROR Crawler:288 - [ERR URL] https://search.shopping.naver.com/search/all.nhn?frm=NVSHPAG&pagingSize=80&query=%EA%B8%B0%EC%95%84&origQuery=%EA%B8%B0%EC%95%84&pagingIndex=7&viewType=list&sort=rel
2018-11-19 17:10:22 ERROR Crawler:292 - L ERR_CONTENTS_COL : category, span.depth > a, text
2018-11-19 17:10:22 ERROR Crawler:292 - L ERR_CONTENTS_COL : category, span.depth > a, text
2018-11-19 17:10:22 ERROR Crawler:292 - L ERR_CONTENTS_COL : category, span.depth > a, text
2018-11-19 17:10:22 ERROR Crawler:292 - L ERR_CONTENTS_COL : category, span.depth > a, text
2018-11-19 17:10:22 ERROR Crawler:292 - L ERR_CONTENTS_COL : category, span.depth > a, text
2018-11-19 17:10:22 ERROR Crawler:292 - L ERR_CONTENTS_COL : category, span.depth > a, text
2018-11-19 17:10:22 ERROR Crawler:292 - L ERR_CONTENTS_COL : category, span.depth > a, text
2018-11-19 17:10:22 ERROR Crawler:292 - L ERR_CONTENTS_COL : category, span.depth > a, text
2018-11-19 17:10:22 INFO  Crawler:297 - [Progress 16] elaped time : 00:00:12, curSave : 399, Totalsave : 399, curErr : 305, totalErr : 305, remain_work : 1, total : 17
2018-11-19 17:10:22 INFO  Crawler:297 - [Progress 17] elaped time : 00:00:13, curSave : 399, Totalsave : 399, curErr : 305, totalErr : 305, remain_work : 2, total : 19
2018-11-19 17:10:23 ERROR Crawler:288 - [ERR URL] https://search.shopping.naver.com/search/all.nhn?frm=NVSHPAG&pagingSize=80&query=%EA%B8%B0%EC%95%84&origQuery=%EA%B8%B0%EC%95%84&pagingIndex=8&viewType=list&sort=rel
2018-11-19 17:10:23 ERROR Crawler:292 - L ERR_CONTENTS_COL : category, span.depth > a, text
2018-11-19 17:10:23 ERROR Crawler:292 - L ERR_CONTENTS_COL : category, span.depth > a, text
2018-11-19 17:10:23 ERROR Crawler:292 - L ERR_CONTENTS_COL : category, span.depth > a, text
2018-11-19 17:10:23 ERROR Crawler:292 - L ERR_CONTENTS_COL : category, span.depth > a, text
2018-11-19 17:10:23 ERROR Crawler:292 - L ERR_CONTENTS_COL : category, span.depth > a, text
2018-11-19 17:10:23 ERROR Crawler:292 - L ERR_CONTENTS_COL : category, span.depth > a, text
2018-11-19 17:10:23 ERROR Crawler:292 - L ERR_CONTENTS_COL : category, span.depth > a, text
2018-11-19 17:10:23 ERROR Crawler:292 - L ERR_CONTENTS_COL : category, span.depth > a, text
2018-11-19 17:10:23 INFO  Crawler:297 - [Progress 18] elaped time : 00:00:13, curSave : 479, Totalsave : 479, curErr : 313, totalErr : 313, remain_work : 1, total : 19
2018-11-19 17:10:23 INFO  Crawler:297 - [Progress 19] elaped time : 00:00:14, curSave : 479, Totalsave : 479, curErr : 313, totalErr : 313, remain_work : 2, total : 21
2018-11-19 17:10:24 ERROR Crawler:288 - [ERR URL] https://search.shopping.naver.com/search/all.nhn?frm=NVSHPAG&pagingSize=80&query=%EA%B8%B0%EC%95%84&origQuery=%EA%B8%B0%EC%95%84&pagingIndex=9&viewType=list&sort=rel
2018-11-19 17:10:24 ERROR Crawler:292 - L ERR_CONTENTS_COL : category, span.depth > a, text
2018-11-19 17:10:24 ERROR Crawler:292 - L ERR_CONTENTS_COL : category, span.depth > a, text
2018-11-19 17:10:24 ERROR Crawler:292 - L ERR_CONTENTS_COL : category, span.depth > a, text
2018-11-19 17:10:24 ERROR Crawler:292 - L ERR_CONTENTS_COL : category, span.depth > a, text
2018-11-19 17:10:24 ERROR Crawler:292 - L ERR_CONTENTS_COL : category, span.depth > a, text
2018-11-19 17:10:24 ERROR Crawler:292 - L ERR_CONTENTS_COL : category, span.depth > a, text
2018-11-19 17:10:24 ERROR Crawler:292 - L ERR_CONTENTS_COL : category, span.depth > a, text
2018-11-19 17:10:24 ERROR Crawler:292 - L ERR_CONTENTS_COL : category, span.depth > a, text
2018-11-19 17:10:24 INFO  Crawler:297 - [Progress 20] elaped time : 00:00:14, curSave : 559, Totalsave : 559, curErr : 321, totalErr : 321, remain_work : 1, total : 21
2018-11-19 17:10:24 INFO  Crawler:297 - [Progress 21] elaped time : 00:00:14, curSave : 559, Totalsave : 559, curErr : 321, totalErr : 321, remain_work : 2, total : 23
2018-11-19 17:10:24 ERROR Crawler:288 - [ERR URL] https://search.shopping.naver.com/search/all.nhn?frm=NVSHPAG&pagingSize=80&query=%EA%B8%B0%EC%95%84&origQuery=%EA%B8%B0%EC%95%84&pagingIndex=10&viewType=list&sort=rel
2018-11-19 17:10:24 ERROR Crawler:292 - L ERR_CONTENTS_COL : category, span.depth > a, text
2018-11-19 17:10:24 ERROR Crawler:292 - L ERR_CONTENTS_COL : category, span.depth > a, text
2018-11-19 17:10:24 ERROR Crawler:292 - L ERR_CONTENTS_COL : category, span.depth > a, text
2018-11-19 17:10:24 ERROR Crawler:292 - L ERR_CONTENTS_COL : category, span.depth > a, text
2018-11-19 17:10:24 ERROR Crawler:292 - L ERR_CONTENTS_COL : category, span.depth > a, text
2018-11-19 17:10:24 ERROR Crawler:292 - L ERR_CONTENTS_COL : category, span.depth > a, text
2018-11-19 17:10:24 ERROR Crawler:292 - L ERR_CONTENTS_COL : category, span.depth > a, text
2018-11-19 17:10:24 ERROR Crawler:292 - L ERR_CONTENTS_COL : category, span.depth > a, text
2018-11-19 17:10:24 INFO  Crawler:297 - [Progress 22] elaped time : 00:00:15, curSave : 639, Totalsave : 639, curErr : 329, totalErr : 329, remain_work : 1, total : 23
2018-11-19 17:10:25 INFO  Crawler:297 - [Progress 23] elaped time : 00:00:15, curSave : 639, Totalsave : 639, curErr : 329, totalErr : 329, remain_work : 2, total : 25
2018-11-19 17:10:25 ERROR Crawler:288 - [ERR URL] https://search.shopping.naver.com/search/all.nhn?frm=NVSHPAG&pagingSize=80&query=%EA%B8%B0%EC%95%84&origQuery=%EA%B8%B0%EC%95%84&pagingIndex=11&viewType=list&sort=rel
2018-11-19 17:10:25 ERROR Crawler:292 - L ERR_CONTENTS_COL : category, span.depth > a, text
2018-11-19 17:10:25 ERROR Crawler:292 - L ERR_CONTENTS_COL : category, span.depth > a, text
2018-11-19 17:10:25 ERROR Crawler:292 - L ERR_CONTENTS_COL : category, span.depth > a, text
2018-11-19 17:10:25 ERROR Crawler:292 - L ERR_CONTENTS_COL : category, span.depth > a, text
2018-11-19 17:10:25 ERROR Crawler:292 - L ERR_CONTENTS_COL : category, span.depth > a, text
2018-11-19 17:10:25 ERROR Crawler:292 - L ERR_CONTENTS_COL : category, span.depth > a, text
2018-11-19 17:10:25 ERROR Crawler:292 - L ERR_CONTENTS_COL : category, span.depth > a, text
2018-11-19 17:10:25 ERROR Crawler:292 - L ERR_CONTENTS_COL : category, span.depth > a, text
2018-11-19 17:10:25 INFO  Crawler:297 - [Progress 24] elaped time : 00:00:15, curSave : 719, Totalsave : 719, curErr : 337, totalErr : 337, remain_work : 1, total : 25
2018-11-19 17:10:25 INFO  Crawler:297 - [Progress 25] elaped time : 00:00:16, curSave : 719, Totalsave : 719, curErr : 337, totalErr : 337, remain_work : 2, total : 27
2018-11-19 17:10:26 ERROR Crawler:288 - [ERR URL] https://search.shopping.naver.com/search/all.nhn?frm=NVSHPAG&pagingSize=80&query=%EA%B8%B0%EC%95%84&origQuery=%EA%B8%B0%EC%95%84&pagingIndex=12&viewType=list&sort=rel
2018-11-19 17:10:26 ERROR Crawler:292 - L ERR_CONTENTS_COL : category, span.depth > a, text
2018-11-19 17:10:26 ERROR Crawler:292 - L ERR_CONTENTS_COL : category, span.depth > a, text
2018-11-19 17:10:26 ERROR Crawler:292 - L ERR_CONTENTS_COL : category, span.depth > a, text
2018-11-19 17:10:26 ERROR Crawler:292 - L ERR_CONTENTS_COL : category, span.depth > a, text
2018-11-19 17:10:26 ERROR Crawler:292 - L ERR_CONTENTS_COL : category, span.depth > a, text
2018-11-19 17:10:26 ERROR Crawler:292 - L ERR_CONTENTS_COL : category, span.depth > a, text
2018-11-19 17:10:26 ERROR Crawler:292 - L ERR_CONTENTS_COL : category, span.depth > a, text
2018-11-19 17:10:26 ERROR Crawler:292 - L ERR_CONTENTS_COL : category, span.depth > a, text
2018-11-19 17:10:26 ERROR Crawler:292 - L ERR_WRITE : Contents write failed : Duplicate entry '15782807024' for key 'PRIMARY'
2018-11-19 17:10:26 INFO  Crawler:297 - [Progress 26] elaped time : 00:00:16, curSave : 798, Totalsave : 798, curErr : 346, totalErr : 346, remain_work : 1, total : 27
2018-11-19 17:10:26 INFO  Crawler:297 - [Progress 27] elaped time : 00:00:17, curSave : 798, Totalsave : 798, curErr : 346, totalErr : 346, remain_work : 2, total : 29
2018-11-19 17:10:27 ERROR Crawler:288 - [ERR URL] https://search.shopping.naver.com/search/all.nhn?frm=NVSHPAG&pagingSize=80&query=%EA%B8%B0%EC%95%84&origQuery=%EA%B8%B0%EC%95%84&pagingIndex=13&viewType=list&sort=rel
2018-11-19 17:10:27 ERROR Crawler:292 - L ERR_CONTENTS_COL : category, span.depth > a, text
2018-11-19 17:10:27 ERROR Crawler:292 - L ERR_CONTENTS_COL : category, span.depth > a, text
2018-11-19 17:10:27 ERROR Crawler:292 - L ERR_CONTENTS_COL : category, span.depth > a, text
2018-11-19 17:10:27 ERROR Crawler:292 - L ERR_CONTENTS_COL : category, span.depth > a, text
2018-11-19 17:10:27 ERROR Crawler:292 - L ERR_CONTENTS_COL : category, span.depth > a, text
2018-11-19 17:10:27 ERROR Crawler:292 - L ERR_CONTENTS_COL : category, span.depth > a, text
2018-11-19 17:10:27 ERROR Crawler:292 - L ERR_CONTENTS_COL : category, span.depth > a, text
2018-11-19 17:10:27 ERROR Crawler:292 - L ERR_CONTENTS_COL : category, span.depth > a, text
2018-11-19 17:10:27 ERROR Crawler:292 - L ERR_WRITE : Contents write failed : Duplicate entry '15844273423' for key 'PRIMARY'
2018-11-19 17:10:27 ERROR Crawler:292 - L ERR_WRITE : Contents write failed : Duplicate entry '15786635914' for key 'PRIMARY'
2018-11-19 17:10:27 INFO  Crawler:297 - [Progress 28] elaped time : 00:00:17, curSave : 876, Totalsave : 876, curErr : 356, totalErr : 356, remain_work : 1, total : 29
2018-11-19 17:10:27 INFO  Crawler:297 - [Progress 29] elaped time : 00:00:17, curSave : 876, Totalsave : 876, curErr : 356, totalErr : 356, remain_work : 2, total : 31
2018-11-19 17:10:28 ERROR Crawler:288 - [ERR URL] https://search.shopping.naver.com/search/all.nhn?frm=NVSHPAG&pagingSize=80&query=%EA%B8%B0%EC%95%84&origQuery=%EA%B8%B0%EC%95%84&pagingIndex=14&viewType=list&sort=rel
2018-11-19 17:10:28 ERROR Crawler:292 - L ERR_CONTENTS_COL : category, span.depth > a, text
2018-11-19 17:10:28 ERROR Crawler:292 - L ERR_CONTENTS_COL : category, span.depth > a, text
2018-11-19 17:10:28 ERROR Crawler:292 - L ERR_CONTENTS_COL : category, span.depth > a, text
2018-11-19 17:10:28 ERROR Crawler:292 - L ERR_CONTENTS_COL : category, span.depth > a, text
2018-11-19 17:10:28 ERROR Crawler:292 - L ERR_CONTENTS_COL : category, span.depth > a, text
2018-11-19 17:10:28 ERROR Crawler:292 - L ERR_CONTENTS_COL : category, span.depth > a, text
2018-11-19 17:10:28 ERROR Crawler:292 - L ERR_CONTENTS_COL : category, span.depth > a, text
2018-11-19 17:10:28 ERROR Crawler:292 - L ERR_CONTENTS_COL : category, span.depth > a, text
2018-11-19 17:10:28 ERROR Crawler:292 - L ERR_WRITE : Contents write failed : Duplicate entry '15797918906' for key 'PRIMARY'
2018-11-19 17:10:28 ERROR Crawler:292 - L ERR_WRITE : Contents write failed : Duplicate entry '15786216913' for key 'PRIMARY'
2018-11-19 17:10:28 INFO  Crawler:297 - [Progress 30] elaped time : 00:00:18, curSave : 954, Totalsave : 954, curErr : 366, totalErr : 366, remain_work : 1, total : 31
2018-11-19 17:10:29 INFO  Crawler:297 - [Progress 31] elaped time : 00:00:19, curSave : 954, Totalsave : 954, curErr : 366, totalErr : 366, remain_work : 2, total : 33
2018-11-19 17:10:29 ERROR Crawler:288 - [ERR URL] https://search.shopping.naver.com/search/all.nhn?frm=NVSHPAG&pagingSize=80&query=%EA%B8%B0%EC%95%84&origQuery=%EA%B8%B0%EC%95%84&pagingIndex=16&viewType=list&sort=rel
2018-11-19 17:10:29 ERROR Crawler:292 - L ERR_CONTENTS_COL : category, span.depth > a, text
2018-11-19 17:10:29 ERROR Crawler:292 - L ERR_CONTENTS_COL : category, span.depth > a, text
2018-11-19 17:10:29 ERROR Crawler:292 - L ERR_CONTENTS_COL : category, span.depth > a, text
2018-11-19 17:10:29 ERROR Crawler:292 - L ERR_CONTENTS_COL : category, span.depth > a, text
2018-11-19 17:10:29 ERROR Crawler:292 - L ERR_CONTENTS_COL : category, span.depth > a, text
2018-11-19 17:10:29 ERROR Crawler:292 - L ERR_CONTENTS_COL : category, span.depth > a, text
2018-11-19 17:10:29 ERROR Crawler:292 - L ERR_CONTENTS_COL : category, span.depth > a, text
2018-11-19 17:10:29 ERROR Crawler:292 - L ERR_CONTENTS_COL : category, span.depth > a, text
2018-11-19 17:10:29 INFO  Crawler:297 - [Progress 32] elaped time : 00:00:19, curSave : 1034, Totalsave : 1034, curErr : 374, totalErr : 374, remain_work : 1, total : 33
2018-11-19 17:10:29 INFO  Crawler:297 - [Progress 33] elaped time : 00:00:19, curSave : 1034, Totalsave : 1034, curErr : 374, totalErr : 374, remain_work : 2, total : 35
2018-11-19 17:10:29 ERROR Crawler:288 - [ERR URL] https://search.shopping.naver.com/search/all.nhn?frm=NVSHPAG&pagingSize=80&query=%EA%B8%B0%EC%95%84&origQuery=%EA%B8%B0%EC%95%84&pagingIndex=16&viewType=list&sort=rel
2018-11-19 17:10:29 ERROR Crawler:292 - L ERR_CONTENTS_COL : category, span.depth > a, text
2018-11-19 17:10:29 ERROR Crawler:292 - L ERR_CONTENTS_COL : category, span.depth > a, text
2018-11-19 17:10:29 ERROR Crawler:292 - L ERR_CONTENTS_COL : category, span.depth > a, text
2018-11-19 17:10:29 ERROR Crawler:292 - L ERR_CONTENTS_COL : category, span.depth > a, text
2018-11-19 17:10:29 ERROR Crawler:292 - L ERR_CONTENTS_COL : category, span.depth > a, text
2018-11-19 17:10:29 ERROR Crawler:292 - L ERR_CONTENTS_COL : category, span.depth > a, text
2018-11-19 17:10:29 ERROR Crawler:292 - L ERR_CONTENTS_COL : category, span.depth > a, text
2018-11-19 17:10:29 ERROR Crawler:292 - L ERR_CONTENTS_COL : category, span.depth > a, text
2018-11-19 17:10:29 ERROR Crawler:292 - L ERR_WRITE : Contents write failed : Duplicate entry '81321831222' for key 'PRIMARY'
2018-11-19 17:10:29 ERROR Crawler:292 - L ERR_WRITE : Contents write failed : Duplicate entry '81321251093' for key 'PRIMARY'
2018-11-19 17:10:29 ERROR Crawler:292 - L ERR_WRITE : Contents write failed : Duplicate entry '81360827569' for key 'PRIMARY'
2018-11-19 17:10:29 ERROR Crawler:292 - L ERR_WRITE : Contents write failed : Duplicate entry '81360786587' for key 'PRIMARY'
2018-11-19 17:10:29 ERROR Crawler:292 - L ERR_WRITE : Contents write failed : Duplicate entry '81354738092' for key 'PRIMARY'
2018-11-19 17:10:29 ERROR Crawler:292 - L ERR_WRITE : Contents write failed : Duplicate entry '81354654664' for key 'PRIMARY'
2018-11-19 17:10:29 ERROR Crawler:292 - L ERR_WRITE : Contents write failed : Duplicate entry '16078361333' for key 'PRIMARY'
2018-11-19 17:10:29 ERROR Crawler:292 - L ERR_WRITE : Contents write failed : Duplicate entry '16032435279' for key 'PRIMARY'
2018-11-19 17:10:29 ERROR Crawler:292 - L ERR_WRITE : Contents write failed : Duplicate entry '16032281342' for key 'PRIMARY'
2018-11-19 17:10:29 ERROR Crawler:292 - L ERR_WRITE : Contents write failed : Duplicate entry '16031794050' for key 'PRIMARY'
2018-11-19 17:10:29 ERROR Crawler:292 - L ERR_WRITE : Contents write failed : Duplicate entry '16031798868' for key 'PRIMARY'
2018-11-19 17:10:29 ERROR Crawler:292 - L ERR_WRITE : Contents write failed : Duplicate entry '81360432646' for key 'PRIMARY'
2018-11-19 17:10:29 ERROR Crawler:292 - L ERR_WRITE : Contents write failed : Duplicate entry '81354187336' for key 'PRIMARY'
2018-11-19 17:10:29 ERROR Crawler:292 - L ERR_WRITE : Contents write failed : Duplicate entry '81354147418' for key 'PRIMARY'
2018-11-19 17:10:29 ERROR Crawler:292 - L ERR_WRITE : Contents write failed : Duplicate entry '81354143305' for key 'PRIMARY'
2018-11-19 17:10:29 ERROR Crawler:292 - L ERR_WRITE : Contents write failed : Duplicate entry '81320116826' for key 'PRIMARY'
2018-11-19 17:10:29 ERROR Crawler:292 - L ERR_WRITE : Contents write failed : Duplicate entry '81320117022' for key 'PRIMARY'
2018-11-19 17:10:29 ERROR Crawler:292 - L ERR_WRITE : Contents write failed : Duplicate entry '15797909609' for key 'PRIMARY'
2018-11-19 17:10:29 ERROR Crawler:292 - L ERR_WRITE : Contents write failed : Duplicate entry '81320117217' for key 'PRIMARY'
2018-11-19 17:10:29 ERROR Crawler:292 - L ERR_WRITE : Contents write failed : Duplicate entry '15844237375' for key 'PRIMARY'
2018-11-19 17:10:29 ERROR Crawler:292 - L ERR_WRITE : Contents write failed : Duplicate entry '81319620957' for key 'PRIMARY'
2018-11-19 17:10:29 ERROR Crawler:292 - L ERR_WRITE : Contents write failed : Duplicate entry '81353540388' for key 'PRIMARY'
2018-11-19 17:10:29 ERROR Crawler:292 - L ERR_WRITE : Contents write failed : Duplicate entry '16030089449' for key 'PRIMARY'
2018-11-19 17:10:29 ERROR Crawler:292 - L ERR_WRITE : Contents write failed : Duplicate entry '16029951649' for key 'PRIMARY'
2018-11-19 17:10:29 ERROR Crawler:292 - L ERR_WRITE : Contents write failed : Duplicate entry '16029582236' for key 'PRIMARY'
2018-11-19 17:10:29 ERROR Crawler:292 - L ERR_WRITE : Contents write failed : Duplicate entry '16029180470' for key 'PRIMARY'
2018-11-19 17:10:29 ERROR Crawler:292 - L ERR_WRITE : Contents write failed : Duplicate entry '16029135431' for key 'PRIMARY'
2018-11-19 17:10:29 ERROR Crawler:292 - L ERR_WRITE : Contents write failed : Duplicate entry '81345766445' for key 'PRIMARY'
2018-11-19 17:10:29 ERROR Crawler:292 - L ERR_WRITE : Contents write failed : Duplicate entry '81318671039' for key 'PRIMARY'
2018-11-19 17:10:29 ERROR Crawler:292 - L ERR_WRITE : Contents write failed : Duplicate entry '16027132811' for key 'PRIMARY'
2018-11-19 17:10:29 ERROR Crawler:292 - L ERR_WRITE : Contents write failed : Duplicate entry '81318352021' for key 'PRIMARY'
2018-11-19 17:10:29 ERROR Crawler:292 - L ERR_WRITE : Contents write failed : Duplicate entry '15936911514' for key 'PRIMARY'
2018-11-19 17:10:29 ERROR Crawler:292 - L ERR_WRITE : Contents write failed : Duplicate entry '15936822682' for key 'PRIMARY'
2018-11-19 17:10:29 ERROR Crawler:292 - L ERR_WRITE : Contents write failed : Duplicate entry '81352989917' for key 'PRIMARY'
2018-11-19 17:10:29 ERROR Crawler:292 - L ERR_WRITE : Contents write failed : Duplicate entry '16103573280' for key 'PRIMARY'
2018-11-19 17:10:29 ERROR Crawler:292 - L ERR_WRITE : Contents write failed : Duplicate entry '16103573281' for key 'PRIMARY'
2018-11-19 17:10:29 ERROR Crawler:292 - L ERR_WRITE : Contents write failed : Duplicate entry '16103572945' for key 'PRIMARY'
2018-11-19 17:10:29 ERROR Crawler:292 - L ERR_WRITE : Contents write failed : Duplicate entry '15303593315' for key 'PRIMARY'
2018-11-19 17:10:29 ERROR Crawler:292 - L ERR_WRITE : Contents write failed : Duplicate entry '16103573283' for key 'PRIMARY'
2018-11-19 17:10:29 ERROR Crawler:292 - L ERR_WRITE : Contents write failed : Duplicate entry '15707582862' for key 'PRIMARY'
2018-11-19 17:10:29 ERROR Crawler:292 - L ERR_WRITE : Contents write failed : Duplicate entry '16103572903' for key 'PRIMARY'
2018-11-19 17:10:29 ERROR Crawler:292 - L ERR_WRITE : Contents write failed : Duplicate entry '16103573481' for key 'PRIMARY'
2018-11-19 17:10:29 ERROR Crawler:292 - L ERR_WRITE : Contents write failed : Duplicate entry '16103573482' for key 'PRIMARY'
2018-11-19 17:10:29 ERROR Crawler:292 - L ERR_WRITE : Contents write failed : Duplicate entry '16103572907' for key 'PRIMARY'
2018-11-19 17:10:29 ERROR Crawler:292 - L ERR_WRITE : Contents write failed : Duplicate entry '16103573291' for key 'PRIMARY'
2018-11-19 17:10:29 ERROR Crawler:292 - L ERR_WRITE : Contents write failed : Duplicate entry '16103573246' for key 'PRIMARY'
2018-11-19 17:10:29 ERROR Crawler:292 - L ERR_WRITE : Contents write failed : Duplicate entry '16103573486' for key 'PRIMARY'
2018-11-19 17:10:29 ERROR Crawler:292 - L ERR_WRITE : Contents write failed : Duplicate entry '16103572911' for key 'PRIMARY'
2018-11-19 17:10:29 ERROR Crawler:292 - L ERR_WRITE : Contents write failed : Duplicate entry '16103573296' for key 'PRIMARY'
2018-11-19 17:10:29 ERROR Crawler:292 - L ERR_WRITE : Contents write failed : Duplicate entry '16103573250' for key 'PRIMARY'
2018-11-19 17:10:29 ERROR Crawler:292 - L ERR_WRITE : Contents write failed : Duplicate entry '16103573251' for key 'PRIMARY'
2018-11-19 17:10:29 ERROR Crawler:292 - L ERR_WRITE : Contents write failed : Duplicate entry '16103573300' for key 'PRIMARY'
2018-11-19 17:10:29 ERROR Crawler:292 - L ERR_WRITE : Contents write failed : Duplicate entry '16103573445' for key 'PRIMARY'
2018-11-19 17:10:29 ERROR Crawler:292 - L ERR_WRITE : Contents write failed : Duplicate entry '16103573253' for key 'PRIMARY'
2018-11-19 17:10:29 ERROR Crawler:292 - L ERR_WRITE : Contents write failed : Duplicate entry '16103573254' for key 'PRIMARY'
2018-11-19 17:10:29 ERROR Crawler:292 - L ERR_WRITE : Contents write failed : Duplicate entry '16103573495' for key 'PRIMARY'
2018-11-19 17:10:29 ERROR Crawler:292 - L ERR_WRITE : Contents write failed : Duplicate entry '16103572920' for key 'PRIMARY'
2018-11-19 17:10:29 ERROR Crawler:292 - L ERR_WRITE : Contents write failed : Duplicate entry '15844240244' for key 'PRIMARY'
2018-11-19 17:10:29 ERROR Crawler:292 - L ERR_WRITE : Contents write failed : Duplicate entry '16103573256' for key 'PRIMARY'
2018-11-19 17:10:29 ERROR Crawler:292 - L ERR_WRITE : Contents write failed : Duplicate entry '15844259573' for key 'PRIMARY'
2018-11-19 17:10:29 ERROR Crawler:292 - L ERR_WRITE : Contents write failed : Duplicate entry '16103572921' for key 'PRIMARY'
2018-11-19 17:10:29 ERROR Crawler:292 - L ERR_WRITE : Contents write failed : Duplicate entry '16103573453' for key 'PRIMARY'
2018-11-19 17:10:29 ERROR Crawler:292 - L ERR_WRITE : Contents write failed : Duplicate entry '16103572927' for key 'PRIMARY'
2018-11-19 17:10:29 ERROR Crawler:292 - L ERR_WRITE : Contents write failed : Duplicate entry '16103572592' for key 'PRIMARY'
2018-11-19 17:10:29 ERROR Crawler:292 - L ERR_WRITE : Contents write failed : Duplicate entry '16103572544' for key 'PRIMARY'
2018-11-19 17:10:29 ERROR Crawler:292 - L ERR_WRITE : Contents write failed : Duplicate entry '16103573264' for key 'PRIMARY'
2018-11-19 17:10:29 ERROR Crawler:292 - L ERR_WRITE : Contents write failed : Duplicate entry '16103572930' for key 'PRIMARY'
2018-11-19 17:10:29 ERROR Crawler:292 - L ERR_WRITE : Contents write failed : Duplicate entry '16103573269' for key 'PRIMARY'
2018-11-19 17:10:29 ERROR Crawler:292 - L ERR_WRITE : Contents write failed : Duplicate entry '16103573270' for key 'PRIMARY'
2018-11-19 17:10:29 ERROR Crawler:292 - L ERR_WRITE : Contents write failed : Duplicate entry '16103572311' for key 'PRIMARY'
2018-11-19 17:10:29 ERROR Crawler:292 - L ERR_WRITE : Contents write failed : Duplicate entry '16103573271' for key 'PRIMARY'
2018-11-19 17:10:29 ERROR Crawler:292 - L ERR_WRITE : Contents write failed : Duplicate entry '16103572935' for key 'PRIMARY'
2018-11-19 17:10:29 ERROR Crawler:292 - L ERR_WRITE : Contents write failed : Duplicate entry '16103573273' for key 'PRIMARY'
2018-11-19 17:10:29 ERROR Crawler:292 - L ERR_WRITE : Contents write failed : Duplicate entry '16103573274' for key 'PRIMARY'
2018-11-19 17:10:29 ERROR Crawler:292 - L ERR_WRITE : Contents write failed : Duplicate entry '16103573275' for key 'PRIMARY'
2018-11-19 17:10:29 ERROR Crawler:292 - L ERR_WRITE : Contents write failed : Duplicate entry '16103573467' for key 'PRIMARY'
2018-11-19 17:10:29 ERROR Crawler:292 - L ERR_WRITE : Contents write failed : Duplicate entry '16103572893' for key 'PRIMARY'
2018-11-19 17:10:29 ERROR Crawler:292 - L ERR_WRITE : Contents write failed : Duplicate entry '15782807026' for key 'PRIMARY'
2018-11-19 17:10:29 ERROR Crawler:292 - L ERR_WRITE : Contents write failed : Duplicate entry '16103573279' for key 'PRIMARY'
2018-11-19 17:10:29 ERROR Crawler:292 - L ERR_WRITE : Contents write failed : Duplicate entry '15797909630' for key 'PRIMARY'
2018-11-19 17:10:29 INFO  Crawler:297 - [Progress 34] elaped time : 00:00:20, curSave : 1034, Totalsave : 1034, curErr : 462, totalErr : 462, remain_work : 1, total : 35
2018-11-19 17:10:30 INFO  Crawler:297 - [Progress 35] elaped time : 00:00:20, curSave : 1034, Totalsave : 1034, curErr : 462, totalErr : 462, remain_work : 2, total : 37
2018-11-19 17:10:31 ERROR Crawler:288 - [ERR URL] https://search.shopping.naver.com/search/all.nhn?frm=NVSHPAG&pagingSize=80&query=%EA%B8%B0%EC%95%84&origQuery=%EA%B8%B0%EC%95%84&pagingIndex=17&viewType=list&sort=rel
2018-11-19 17:10:31 ERROR Crawler:292 - L ERR_CONTENTS_COL : category, span.depth > a, text
2018-11-19 17:10:31 ERROR Crawler:292 - L ERR_CONTENTS_COL : category, span.depth > a, text
2018-11-19 17:10:31 ERROR Crawler:292 - L ERR_CONTENTS_COL : category, span.depth > a, text
2018-11-19 17:10:31 ERROR Crawler:292 - L ERR_CONTENTS_COL : category, span.depth > a, text
2018-11-19 17:10:31 ERROR Crawler:292 - L ERR_CONTENTS_COL : category, span.depth > a, text
2018-11-19 17:10:31 ERROR Crawler:292 - L ERR_CONTENTS_COL : category, span.depth > a, text
2018-11-19 17:10:31 ERROR Crawler:292 - L ERR_CONTENTS_COL : category, span.depth > a, text
2018-11-19 17:10:31 ERROR Crawler:292 - L ERR_CONTENTS_COL : category, span.depth > a, text
2018-11-19 17:10:31 INFO  Crawler:297 - [Progress 36] elaped time : 00:00:21, curSave : 1114, Totalsave : 1114, curErr : 470, totalErr : 470, remain_work : 1, total : 37
2018-11-19 17:10:31 INFO  Crawler:297 - [Progress 37] elaped time : 00:00:21, curSave : 1114, Totalsave : 1114, curErr : 470, totalErr : 470, remain_work : 2, total : 39
2018-11-19 17:10:31 ERROR Crawler:288 - [ERR URL] https://search.shopping.naver.com/search/all.nhn?frm=NVSHPAG&pagingSize=80&query=%EA%B8%B0%EC%95%84&origQuery=%EA%B8%B0%EC%95%84&pagingIndex=18&viewType=list&sort=rel
2018-11-19 17:10:31 ERROR Crawler:292 - L ERR_CONTENTS_COL : category, span.depth > a, text
2018-11-19 17:10:31 ERROR Crawler:292 - L ERR_CONTENTS_COL : category, span.depth > a, text
2018-11-19 17:10:31 ERROR Crawler:292 - L ERR_CONTENTS_COL : category, span.depth > a, text
2018-11-19 17:10:31 ERROR Crawler:292 - L ERR_CONTENTS_COL : category, span.depth > a, text
2018-11-19 17:10:31 ERROR Crawler:292 - L ERR_CONTENTS_COL : category, span.depth > a, text
2018-11-19 17:10:31 ERROR Crawler:292 - L ERR_CONTENTS_COL : category, span.depth > a, text
2018-11-19 17:10:31 ERROR Crawler:292 - L ERR_CONTENTS_COL : category, span.depth > a, text
2018-11-19 17:10:31 ERROR Crawler:292 - L ERR_CONTENTS_COL : category, span.depth > a, text
2018-11-19 17:10:31 INFO  Crawler:297 - [Progress 38] elaped time : 00:00:21, curSave : 1194, Totalsave : 1194, curErr : 478, totalErr : 478, remain_work : 1, total : 39
