2018-11-07 18:13:34 ERROR Crawler:258 - [ERR URL] https://news.naver.com/main/list.nhn?mode=LPOD&mid=sec&oid=293
2018-11-07 18:13:34 ERROR Crawler:261 - L ERR_SCEN_ELEMENT : #main_content > div.paging > a
2018-11-07 18:13:47 ERROR Crawler:258 - [ERR URL] https://news.naver.com/main/read.nhn?mode=LPOD&mid=sec&oid=138&aid=0002067127
2018-11-07 18:13:47 ERROR Crawler:261 - L ERR_CONTENTS_COL : id, head > meta:nth-child(12), attr
2018-11-07 18:13:47 ERROR Crawler:261 - L ERR_CONTENTS_COL : press, #main_content > div.article_header > div.press_logo > a > img, attr
2018-11-07 18:13:47 ERROR Crawler:261 - L ERR_CONTENTS_COL : title, #articleTitle, text
2018-11-07 18:13:47 ERROR Crawler:261 - L ERR_CONTENTS_COL : title, #content > div > div.content > div > div.news_headline > h4, text
2018-11-07 18:13:47 ERROR Crawler:261 - L ERR_CONTENTS_COL : contents, #articleBodyContents, text
2018-11-07 18:13:47 ERROR Crawler:261 - L ERR_CONTENTS_COL : contents, #newsEndContents, text
2018-11-07 18:13:47 ERROR Crawler:261 - L ERR_CONTENTS_COL : date, #main_content > div.article_header > div.article_info > div > span, text
2018-11-07 18:13:47 ERROR Crawler:261 - L ERR_CONTENTS_COL : date, #content > div > div.content > div > div.news_headline > div > span:nth-child(1), text
2018-11-07 18:13:52 ERROR Crawler:258 - [ERR URL] https://news.naver.com/main/read.nhn?mode=LPOD&mid=sec&oid=138&aid=0002067126
2018-11-07 18:13:52 ERROR Crawler:261 - L ERR_CONTENTS_COL : id, head > meta:nth-child(12), attr
2018-11-07 18:13:52 ERROR Crawler:261 - L ERR_CONTENTS_COL : press, #main_content > div.article_header > div.press_logo > a > img, attr
2018-11-07 18:13:52 ERROR Crawler:261 - L ERR_CONTENTS_COL : title, #articleTitle, text
2018-11-07 18:13:52 ERROR Crawler:261 - L ERR_CONTENTS_COL : title, #content > div > div.content > div > div.news_headline > h4, text
2018-11-07 18:13:52 ERROR Crawler:261 - L ERR_CONTENTS_COL : contents, #articleBodyContents, text
2018-11-07 18:13:52 ERROR Crawler:261 - L ERR_CONTENTS_COL : contents, #newsEndContents, text
2018-11-07 18:13:52 ERROR Crawler:261 - L ERR_CONTENTS_COL : date, #main_content > div.article_header > div.article_info > div > span, text
2018-11-07 18:13:52 ERROR Crawler:261 - L ERR_CONTENTS_COL : date, #content > div > div.content > div > div.news_headline > div > span:nth-child(1), text
2018-11-07 18:13:55 ERROR Crawler:258 - [ERR URL] https://news.naver.com/main/read.nhn?mode=LPOD&mid=sec&oid=138&aid=0002067125
2018-11-07 18:13:55 ERROR Crawler:261 - L ERR_CONTENTS_COL : id, head > meta:nth-child(12), attr
2018-11-07 18:13:55 ERROR Crawler:261 - L ERR_CONTENTS_COL : press, #main_content > div.article_header > div.press_logo > a > img, attr
2018-11-07 18:13:55 ERROR Crawler:261 - L ERR_CONTENTS_COL : title, #articleTitle, text
2018-11-07 18:13:55 ERROR Crawler:261 - L ERR_CONTENTS_COL : title, #content > div > div.content > div > div.news_headline > h4, text
2018-11-07 18:13:55 ERROR Crawler:261 - L ERR_CONTENTS_COL : contents, #articleBodyContents, text
2018-11-07 18:13:55 ERROR Crawler:261 - L ERR_CONTENTS_COL : contents, #newsEndContents, text
2018-11-07 18:13:55 ERROR Crawler:261 - L ERR_CONTENTS_COL : date, #main_content > div.article_header > div.article_info > div > span, text
2018-11-07 18:13:55 ERROR Crawler:261 - L ERR_CONTENTS_COL : date, #content > div > div.content > div > div.news_headline > div > span:nth-child(1), text
2018-11-07 18:13:58 ERROR Crawler:258 - [ERR URL] https://news.naver.com/main/read.nhn?mode=LPOD&mid=sec&oid=138&aid=0002067124
2018-11-07 18:13:58 ERROR Crawler:261 - L ERR_CONTENTS_COL : id, head > meta:nth-child(12), attr
2018-11-07 18:13:58 ERROR Crawler:261 - L ERR_CONTENTS_COL : press, #main_content > div.article_header > div.press_logo > a > img, attr
2018-11-07 18:13:58 ERROR Crawler:261 - L ERR_CONTENTS_COL : title, #articleTitle, text
2018-11-07 18:13:58 ERROR Crawler:261 - L ERR_CONTENTS_COL : title, #content > div > div.content > div > div.news_headline > h4, text
2018-11-07 18:13:58 ERROR Crawler:261 - L ERR_CONTENTS_COL : contents, #articleBodyContents, text
2018-11-07 18:13:58 ERROR Crawler:261 - L ERR_CONTENTS_COL : contents, #newsEndContents, text
2018-11-07 18:13:58 ERROR Crawler:261 - L ERR_CONTENTS_COL : date, #main_content > div.article_header > div.article_info > div > span, text
2018-11-07 18:13:58 ERROR Crawler:261 - L ERR_CONTENTS_COL : date, #content > div > div.content > div > div.news_headline > div > span:nth-child(1), text
2018-11-07 18:14:01 ERROR Crawler:258 - [ERR URL] https://news.naver.com/main/read.nhn?mode=LPOD&mid=sec&oid=138&aid=0002067123
2018-11-07 18:14:01 ERROR Crawler:261 - L ERR_CONTENTS_COL : id, head > meta:nth-child(12), attr
2018-11-07 18:14:01 ERROR Crawler:261 - L ERR_CONTENTS_COL : press, #main_content > div.article_header > div.press_logo > a > img, attr
2018-11-07 18:14:01 ERROR Crawler:261 - L ERR_CONTENTS_COL : title, #articleTitle, text
2018-11-07 18:14:01 ERROR Crawler:261 - L ERR_CONTENTS_COL : title, #content > div > div.content > div > div.news_headline > h4, text
2018-11-07 18:14:01 ERROR Crawler:261 - L ERR_CONTENTS_COL : contents, #articleBodyContents, text
2018-11-07 18:14:01 ERROR Crawler:261 - L ERR_CONTENTS_COL : contents, #newsEndContents, text
2018-11-07 18:14:01 ERROR Crawler:261 - L ERR_CONTENTS_COL : date, #main_content > div.article_header > div.article_info > div > span, text
2018-11-07 18:14:01 ERROR Crawler:261 - L ERR_CONTENTS_COL : date, #content > div > div.content > div > div.news_headline > div > span:nth-child(1), text
2018-11-07 18:14:04 ERROR Crawler:258 - [ERR URL] https://news.naver.com/main/read.nhn?mode=LPOD&mid=sec&oid=138&aid=0002067122
2018-11-07 18:14:04 ERROR Crawler:261 - L ERR_CONTENTS_COL : id, head > meta:nth-child(12), attr
2018-11-07 18:14:04 ERROR Crawler:261 - L ERR_CONTENTS_COL : press, #main_content > div.article_header > div.press_logo > a > img, attr
2018-11-07 18:14:04 ERROR Crawler:261 - L ERR_CONTENTS_COL : title, #articleTitle, text
2018-11-07 18:14:04 ERROR Crawler:261 - L ERR_CONTENTS_COL : title, #content > div > div.content > div > div.news_headline > h4, text
2018-11-07 18:14:04 ERROR Crawler:261 - L ERR_CONTENTS_COL : contents, #articleBodyContents, text
2018-11-07 18:14:04 ERROR Crawler:261 - L ERR_CONTENTS_COL : contents, #newsEndContents, text
2018-11-07 18:14:04 ERROR Crawler:261 - L ERR_CONTENTS_COL : date, #main_content > div.article_header > div.article_info > div > span, text
2018-11-07 18:14:04 ERROR Crawler:261 - L ERR_CONTENTS_COL : date, #content > div > div.content > div > div.news_headline > div > span:nth-child(1), text
2018-11-07 18:14:07 ERROR Crawler:258 - [ERR URL] https://news.naver.com/main/read.nhn?mode=LPOD&mid=sec&oid=138&aid=0002067121
2018-11-07 18:14:07 ERROR Crawler:261 - L ERR_CONTENTS_COL : id, head > meta:nth-child(12), attr
2018-11-07 18:14:07 ERROR Crawler:261 - L ERR_CONTENTS_COL : press, #main_content > div.article_header > div.press_logo > a > img, attr
2018-11-07 18:14:07 ERROR Crawler:261 - L ERR_CONTENTS_COL : title, #articleTitle, text
2018-11-07 18:14:07 ERROR Crawler:261 - L ERR_CONTENTS_COL : title, #content > div > div.content > div > div.news_headline > h4, text
2018-11-07 18:14:07 ERROR Crawler:261 - L ERR_CONTENTS_COL : contents, #articleBodyContents, text
2018-11-07 18:14:07 ERROR Crawler:261 - L ERR_CONTENTS_COL : contents, #newsEndContents, text
2018-11-07 18:14:07 ERROR Crawler:261 - L ERR_CONTENTS_COL : date, #main_content > div.article_header > div.article_info > div > span, text
2018-11-07 18:14:07 ERROR Crawler:261 - L ERR_CONTENTS_COL : date, #content > div > div.content > div > div.news_headline > div > span:nth-child(1), text
2018-11-07 18:14:10 ERROR Crawler:258 - [ERR URL] https://news.naver.com/main/read.nhn?mode=LPOD&mid=sec&oid=138&aid=0002067120
2018-11-07 18:14:10 ERROR Crawler:261 - L ERR_CONTENTS_COL : id, head > meta:nth-child(12), attr
2018-11-07 18:14:10 ERROR Crawler:261 - L ERR_CONTENTS_COL : press, #main_content > div.article_header > div.press_logo > a > img, attr
2018-11-07 18:14:10 ERROR Crawler:261 - L ERR_CONTENTS_COL : title, #articleTitle, text
2018-11-07 18:14:10 ERROR Crawler:261 - L ERR_CONTENTS_COL : title, #content > div > div.content > div > div.news_headline > h4, text
2018-11-07 18:14:10 ERROR Crawler:261 - L ERR_CONTENTS_COL : contents, #articleBodyContents, text
2018-11-07 18:14:10 ERROR Crawler:261 - L ERR_CONTENTS_COL : contents, #newsEndContents, text
2018-11-07 18:14:10 ERROR Crawler:261 - L ERR_CONTENTS_COL : date, #main_content > div.article_header > div.article_info > div > span, text
2018-11-07 18:14:10 ERROR Crawler:261 - L ERR_CONTENTS_COL : date, #content > div > div.content > div > div.news_headline > div > span:nth-child(1), text
2018-11-07 18:14:14 ERROR Crawler:258 - [ERR URL] https://news.naver.com/main/read.nhn?mode=LPOD&mid=sec&oid=138&aid=0002067119
2018-11-07 18:14:14 ERROR Crawler:261 - L ERR_CONTENTS_COL : id, head > meta:nth-child(12), attr
2018-11-07 18:14:14 ERROR Crawler:261 - L ERR_CONTENTS_COL : press, #main_content > div.article_header > div.press_logo > a > img, attr
2018-11-07 18:14:14 ERROR Crawler:261 - L ERR_CONTENTS_COL : title, #articleTitle, text
2018-11-07 18:14:14 ERROR Crawler:261 - L ERR_CONTENTS_COL : title, #content > div > div.content > div > div.news_headline > h4, text
2018-11-07 18:14:14 ERROR Crawler:261 - L ERR_CONTENTS_COL : contents, #articleBodyContents, text
2018-11-07 18:14:14 ERROR Crawler:261 - L ERR_CONTENTS_COL : contents, #newsEndContents, text
2018-11-07 18:14:14 ERROR Crawler:261 - L ERR_CONTENTS_COL : date, #main_content > div.article_header > div.article_info > div > span, text
2018-11-07 18:14:14 ERROR Crawler:261 - L ERR_CONTENTS_COL : date, #content > div > div.content > div > div.news_headline > div > span:nth-child(1), text
2018-11-07 18:14:17 ERROR Crawler:258 - [ERR URL] https://news.naver.com/main/read.nhn?mode=LPOD&mid=sec&oid=138&aid=0002067118
2018-11-07 18:14:17 ERROR Crawler:261 - L ERR_CONTENTS_COL : id, head > meta:nth-child(12), attr
2018-11-07 18:14:17 ERROR Crawler:261 - L ERR_CONTENTS_COL : press, #main_content > div.article_header > div.press_logo > a > img, attr
2018-11-07 18:14:17 ERROR Crawler:261 - L ERR_CONTENTS_COL : title, #articleTitle, text
2018-11-07 18:14:17 ERROR Crawler:261 - L ERR_CONTENTS_COL : title, #content > div > div.content > div > div.news_headline > h4, text
2018-11-07 18:14:17 ERROR Crawler:261 - L ERR_CONTENTS_COL : contents, #articleBodyContents, text
2018-11-07 18:14:17 ERROR Crawler:261 - L ERR_CONTENTS_COL : contents, #newsEndContents, text
2018-11-07 18:14:17 ERROR Crawler:261 - L ERR_CONTENTS_COL : date, #main_content > div.article_header > div.article_info > div > span, text
2018-11-07 18:14:17 ERROR Crawler:261 - L ERR_CONTENTS_COL : date, #content > div > div.content > div > div.news_headline > div > span:nth-child(1), text
2018-11-07 18:14:20 ERROR Crawler:258 - [ERR URL] https://news.naver.com/main/read.nhn?mode=LPOD&mid=sec&oid=138&aid=0002067117
2018-11-07 18:14:20 ERROR Crawler:261 - L ERR_CONTENTS_COL : id, head > meta:nth-child(12), attr
2018-11-07 18:14:20 ERROR Crawler:261 - L ERR_CONTENTS_COL : press, #main_content > div.article_header > div.press_logo > a > img, attr
2018-11-07 18:14:20 ERROR Crawler:261 - L ERR_CONTENTS_COL : title, #articleTitle, text
2018-11-07 18:14:20 ERROR Crawler:261 - L ERR_CONTENTS_COL : title, #content > div > div.content > div > div.news_headline > h4, text
2018-11-07 18:14:20 ERROR Crawler:261 - L ERR_CONTENTS_COL : contents, #articleBodyContents, text
2018-11-07 18:14:20 ERROR Crawler:261 - L ERR_CONTENTS_COL : contents, #newsEndContents, text
2018-11-07 18:14:20 ERROR Crawler:261 - L ERR_CONTENTS_COL : date, #main_content > div.article_header > div.article_info > div > span, text
2018-11-07 18:14:20 ERROR Crawler:261 - L ERR_CONTENTS_COL : date, #content > div > div.content > div > div.news_headline > div > span:nth-child(1), text
2018-11-07 18:14:23 ERROR Crawler:258 - [ERR URL] https://news.naver.com/main/read.nhn?mode=LPOD&mid=sec&oid=138&aid=0002067116
2018-11-07 18:14:23 ERROR Crawler:261 - L ERR_CONTENTS_COL : id, head > meta:nth-child(12), attr
2018-11-07 18:14:23 ERROR Crawler:261 - L ERR_CONTENTS_COL : press, #main_content > div.article_header > div.press_logo > a > img, attr
2018-11-07 18:14:23 ERROR Crawler:261 - L ERR_CONTENTS_COL : title, #articleTitle, text
2018-11-07 18:14:23 ERROR Crawler:261 - L ERR_CONTENTS_COL : title, #content > div > div.content > div > div.news_headline > h4, text
2018-11-07 18:14:23 ERROR Crawler:261 - L ERR_CONTENTS_COL : contents, #articleBodyContents, text
2018-11-07 18:14:23 ERROR Crawler:261 - L ERR_CONTENTS_COL : contents, #newsEndContents, text
2018-11-07 18:14:23 ERROR Crawler:261 - L ERR_CONTENTS_COL : date, #main_content > div.article_header > div.article_info > div > span, text
2018-11-07 18:14:23 ERROR Crawler:261 - L ERR_CONTENTS_COL : date, #content > div > div.content > div > div.news_headline > div > span:nth-child(1), text
2018-11-07 18:14:26 ERROR Crawler:258 - [ERR URL] https://news.naver.com/main/read.nhn?mode=LPOD&mid=sec&oid=138&aid=0002067115
2018-11-07 18:14:26 ERROR Crawler:261 - L ERR_CONTENTS_COL : id, head > meta:nth-child(12), attr
2018-11-07 18:14:26 ERROR Crawler:261 - L ERR_CONTENTS_COL : press, #main_content > div.article_header > div.press_logo > a > img, attr
2018-11-07 18:14:26 ERROR Crawler:261 - L ERR_CONTENTS_COL : title, #articleTitle, text
2018-11-07 18:14:26 ERROR Crawler:261 - L ERR_CONTENTS_COL : title, #content > div > div.content > div > div.news_headline > h4, text
2018-11-07 18:14:26 ERROR Crawler:261 - L ERR_CONTENTS_COL : contents, #articleBodyContents, text
2018-11-07 18:14:26 ERROR Crawler:261 - L ERR_CONTENTS_COL : contents, #newsEndContents, text
2018-11-07 18:14:26 ERROR Crawler:261 - L ERR_CONTENTS_COL : date, #main_content > div.article_header > div.article_info > div > span, text
2018-11-07 18:14:26 ERROR Crawler:261 - L ERR_CONTENTS_COL : date, #content > div > div.content > div > div.news_headline > div > span:nth-child(1), text
2018-11-07 18:14:29 ERROR Crawler:258 - [ERR URL] https://news.naver.com/main/read.nhn?mode=LPOD&mid=sec&oid=138&aid=0002067114
2018-11-07 18:14:29 ERROR Crawler:261 - L ERR_CONTENTS_COL : id, head > meta:nth-child(12), attr
2018-11-07 18:14:29 ERROR Crawler:261 - L ERR_CONTENTS_COL : press, #main_content > div.article_header > div.press_logo > a > img, attr
2018-11-07 18:14:29 ERROR Crawler:261 - L ERR_CONTENTS_COL : title, #articleTitle, text
2018-11-07 18:14:29 ERROR Crawler:261 - L ERR_CONTENTS_COL : title, #content > div > div.content > div > div.news_headline > h4, text
2018-11-07 18:14:29 ERROR Crawler:261 - L ERR_CONTENTS_COL : contents, #articleBodyContents, text
2018-11-07 18:14:29 ERROR Crawler:261 - L ERR_CONTENTS_COL : contents, #newsEndContents, text
2018-11-07 18:14:29 ERROR Crawler:261 - L ERR_CONTENTS_COL : date, #main_content > div.article_header > div.article_info > div > span, text
2018-11-07 18:14:29 ERROR Crawler:261 - L ERR_CONTENTS_COL : date, #content > div > div.content > div > div.news_headline > div > span:nth-child(1), text
2018-11-07 18:14:32 ERROR Crawler:258 - [ERR URL] https://news.naver.com/main/read.nhn?mode=LPOD&mid=sec&oid=138&aid=0002067113
2018-11-07 18:14:32 ERROR Crawler:261 - L ERR_CONTENTS_COL : id, head > meta:nth-child(12), attr
2018-11-07 18:14:32 ERROR Crawler:261 - L ERR_CONTENTS_COL : press, #main_content > div.article_header > div.press_logo > a > img, attr
2018-11-07 18:14:32 ERROR Crawler:261 - L ERR_CONTENTS_COL : title, #articleTitle, text
2018-11-07 18:14:32 ERROR Crawler:261 - L ERR_CONTENTS_COL : title, #content > div > div.content > div > div.news_headline > h4, text
2018-11-07 18:14:32 ERROR Crawler:261 - L ERR_CONTENTS_COL : contents, #articleBodyContents, text
2018-11-07 18:14:32 ERROR Crawler:261 - L ERR_CONTENTS_COL : contents, #newsEndContents, text
2018-11-07 18:14:32 ERROR Crawler:261 - L ERR_CONTENTS_COL : date, #main_content > div.article_header > div.article_info > div > span, text
2018-11-07 18:14:32 ERROR Crawler:261 - L ERR_CONTENTS_COL : date, #content > div > div.content > div > div.news_headline > div > span:nth-child(1), text
2018-11-07 18:14:35 ERROR Crawler:258 - [ERR URL] https://news.naver.com/main/read.nhn?mode=LPOD&mid=sec&oid=138&aid=0002067112
2018-11-07 18:14:35 ERROR Crawler:261 - L ERR_CONTENTS_COL : id, head > meta:nth-child(12), attr
2018-11-07 18:14:35 ERROR Crawler:261 - L ERR_CONTENTS_COL : press, #main_content > div.article_header > div.press_logo > a > img, attr
2018-11-07 18:14:35 ERROR Crawler:261 - L ERR_CONTENTS_COL : title, #articleTitle, text
2018-11-07 18:14:35 ERROR Crawler:261 - L ERR_CONTENTS_COL : title, #content > div > div.content > div > div.news_headline > h4, text
2018-11-07 18:14:35 ERROR Crawler:261 - L ERR_CONTENTS_COL : contents, #articleBodyContents, text
2018-11-07 18:14:35 ERROR Crawler:261 - L ERR_CONTENTS_COL : contents, #newsEndContents, text
2018-11-07 18:14:35 ERROR Crawler:261 - L ERR_CONTENTS_COL : date, #main_content > div.article_header > div.article_info > div > span, text
2018-11-07 18:14:35 ERROR Crawler:261 - L ERR_CONTENTS_COL : date, #content > div > div.content > div > div.news_headline > div > span:nth-child(1), text
2018-11-07 18:14:38 ERROR Crawler:258 - [ERR URL] https://news.naver.com/main/read.nhn?mode=LPOD&mid=sec&oid=138&aid=0002067111
2018-11-07 18:14:38 ERROR Crawler:261 - L ERR_CONTENTS_COL : id, head > meta:nth-child(12), attr
2018-11-07 18:14:38 ERROR Crawler:261 - L ERR_CONTENTS_COL : press, #main_content > div.article_header > div.press_logo > a > img, attr
2018-11-07 18:14:38 ERROR Crawler:261 - L ERR_CONTENTS_COL : title, #articleTitle, text
2018-11-07 18:14:38 ERROR Crawler:261 - L ERR_CONTENTS_COL : title, #content > div > div.content > div > div.news_headline > h4, text
2018-11-07 18:14:38 ERROR Crawler:261 - L ERR_CONTENTS_COL : contents, #articleBodyContents, text
2018-11-07 18:14:38 ERROR Crawler:261 - L ERR_CONTENTS_COL : contents, #newsEndContents, text
2018-11-07 18:14:38 ERROR Crawler:261 - L ERR_CONTENTS_COL : date, #main_content > div.article_header > div.article_info > div > span, text
2018-11-07 18:14:38 ERROR Crawler:261 - L ERR_CONTENTS_COL : date, #content > div > div.content > div > div.news_headline > div > span:nth-child(1), text
2018-11-07 18:14:41 ERROR Crawler:258 - [ERR URL] https://news.naver.com/main/read.nhn?mode=LPOD&mid=sec&oid=138&aid=0002067110
2018-11-07 18:14:41 ERROR Crawler:261 - L ERR_CONTENTS_COL : id, head > meta:nth-child(12), attr
2018-11-07 18:14:41 ERROR Crawler:261 - L ERR_CONTENTS_COL : press, #main_content > div.article_header > div.press_logo > a > img, attr
2018-11-07 18:14:41 ERROR Crawler:261 - L ERR_CONTENTS_COL : title, #articleTitle, text
2018-11-07 18:14:41 ERROR Crawler:261 - L ERR_CONTENTS_COL : title, #content > div > div.content > div > div.news_headline > h4, text
2018-11-07 18:14:41 ERROR Crawler:261 - L ERR_CONTENTS_COL : contents, #articleBodyContents, text
2018-11-07 18:14:41 ERROR Crawler:261 - L ERR_CONTENTS_COL : contents, #newsEndContents, text
2018-11-07 18:14:41 ERROR Crawler:261 - L ERR_CONTENTS_COL : date, #main_content > div.article_header > div.article_info > div > span, text
2018-11-07 18:14:41 ERROR Crawler:261 - L ERR_CONTENTS_COL : date, #content > div > div.content > div > div.news_headline > div > span:nth-child(1), text
2018-11-07 18:14:44 ERROR Crawler:258 - [ERR URL] https://news.naver.com/main/read.nhn?mode=LPOD&mid=sec&oid=138&aid=0002067109
2018-11-07 18:14:44 ERROR Crawler:261 - L ERR_CONTENTS_COL : id, head > meta:nth-child(12), attr
2018-11-07 18:14:44 ERROR Crawler:261 - L ERR_CONTENTS_COL : press, #main_content > div.article_header > div.press_logo > a > img, attr
2018-11-07 18:14:44 ERROR Crawler:261 - L ERR_CONTENTS_COL : title, #articleTitle, text
2018-11-07 18:14:44 ERROR Crawler:261 - L ERR_CONTENTS_COL : title, #content > div > div.content > div > div.news_headline > h4, text
2018-11-07 18:14:44 ERROR Crawler:261 - L ERR_CONTENTS_COL : contents, #articleBodyContents, text
2018-11-07 18:14:44 ERROR Crawler:261 - L ERR_CONTENTS_COL : contents, #newsEndContents, text
2018-11-07 18:14:44 ERROR Crawler:261 - L ERR_CONTENTS_COL : date, #main_content > div.article_header > div.article_info > div > span, text
2018-11-07 18:14:44 ERROR Crawler:261 - L ERR_CONTENTS_COL : date, #content > div > div.content > div > div.news_headline > div > span:nth-child(1), text
2018-11-07 18:14:47 ERROR Crawler:258 - [ERR URL] https://news.naver.com/main/read.nhn?mode=LPOD&mid=sec&oid=138&aid=0002067108
2018-11-07 18:14:47 ERROR Crawler:261 - L ERR_CONTENTS_COL : id, head > meta:nth-child(12), attr
2018-11-07 18:14:47 ERROR Crawler:261 - L ERR_CONTENTS_COL : press, #main_content > div.article_header > div.press_logo > a > img, attr
2018-11-07 18:14:47 ERROR Crawler:261 - L ERR_CONTENTS_COL : title, #articleTitle, text
2018-11-07 18:14:47 ERROR Crawler:261 - L ERR_CONTENTS_COL : title, #content > div > div.content > div > div.news_headline > h4, text
2018-11-07 18:14:47 ERROR Crawler:261 - L ERR_CONTENTS_COL : contents, #articleBodyContents, text
2018-11-07 18:14:47 ERROR Crawler:261 - L ERR_CONTENTS_COL : contents, #newsEndContents, text
2018-11-07 18:14:47 ERROR Crawler:261 - L ERR_CONTENTS_COL : date, #main_content > div.article_header > div.article_info > div > span, text
2018-11-07 18:14:47 ERROR Crawler:261 - L ERR_CONTENTS_COL : date, #content > div > div.content > div > div.news_headline > div > span:nth-child(1), text
2018-11-07 18:14:51 ERROR Crawler:258 - [ERR URL] https://news.naver.com/main/list.nhn?mode=LPOD&date=20181107&mid=sec&oid=138&page=2
2018-11-07 18:14:51 ERROR Crawler:261 - L ERR_SCEN_ELEMENT : div.list_body > ul > li > a
2018-11-07 18:14:54 ERROR Crawler:258 - [ERR URL] https://news.naver.com/main/list.nhn?mode=LPOD&date=20181107&mid=sec&oid=138&page=3
2018-11-07 18:14:54 ERROR Crawler:261 - L ERR_SCEN_ELEMENT : div.list_body > ul > li > a
2018-11-07 18:15:04 ERROR Crawler:258 - [ERR URL] https://news.naver.com/main/read.nhn?mode=LPOD&mid=sec&oid=029&aid=0002490823
2018-11-07 18:15:04 ERROR Crawler:261 - L ERR_CONTENTS_COL : id, head > meta:nth-child(12), attr
2018-11-07 18:15:04 ERROR Crawler:261 - L ERR_CONTENTS_COL : press, #main_content > div.article_header > div.press_logo > a > img, attr
2018-11-07 18:15:04 ERROR Crawler:261 - L ERR_CONTENTS_COL : title, #articleTitle, text
2018-11-07 18:15:04 ERROR Crawler:261 - L ERR_CONTENTS_COL : title, #content > div > div.content > div > div.news_headline > h4, text
2018-11-07 18:15:04 ERROR Crawler:261 - L ERR_CONTENTS_COL : contents, #articleBodyContents, text
2018-11-07 18:15:04 ERROR Crawler:261 - L ERR_CONTENTS_COL : contents, #newsEndContents, text
2018-11-07 18:15:04 ERROR Crawler:261 - L ERR_CONTENTS_COL : date, #main_content > div.article_header > div.article_info > div > span, text
2018-11-07 18:15:04 ERROR Crawler:261 - L ERR_CONTENTS_COL : date, #content > div > div.content > div > div.news_headline > div > span:nth-child(1), text
2018-11-07 18:15:07 ERROR Crawler:258 - [ERR URL] https://news.naver.com/main/read.nhn?mode=LPOD&mid=sec&oid=029&aid=0002490822
2018-11-07 18:15:07 ERROR Crawler:261 - L ERR_CONTENTS_COL : id, head > meta:nth-child(12), attr
2018-11-07 18:15:07 ERROR Crawler:261 - L ERR_CONTENTS_COL : press, #main_content > div.article_header > div.press_logo > a > img, attr
2018-11-07 18:15:07 ERROR Crawler:261 - L ERR_CONTENTS_COL : title, #articleTitle, text
2018-11-07 18:15:07 ERROR Crawler:261 - L ERR_CONTENTS_COL : title, #content > div > div.content > div > div.news_headline > h4, text
2018-11-07 18:15:07 ERROR Crawler:261 - L ERR_CONTENTS_COL : contents, #articleBodyContents, text
2018-11-07 18:15:07 ERROR Crawler:261 - L ERR_CONTENTS_COL : contents, #newsEndContents, text
2018-11-07 18:15:07 ERROR Crawler:261 - L ERR_CONTENTS_COL : date, #main_content > div.article_header > div.article_info > div > span, text
2018-11-07 18:15:07 ERROR Crawler:261 - L ERR_CONTENTS_COL : date, #content > div > div.content > div > div.news_headline > div > span:nth-child(1), text
2018-11-07 18:15:10 ERROR Crawler:258 - [ERR URL] https://news.naver.com/main/read.nhn?mode=LPOD&mid=sec&oid=029&aid=0002490821
2018-11-07 18:15:10 ERROR Crawler:261 - L ERR_CONTENTS_COL : id, head > meta:nth-child(12), attr
2018-11-07 18:15:10 ERROR Crawler:261 - L ERR_CONTENTS_COL : press, #main_content > div.article_header > div.press_logo > a > img, attr
2018-11-07 18:15:10 ERROR Crawler:261 - L ERR_CONTENTS_COL : title, #articleTitle, text
2018-11-07 18:15:10 ERROR Crawler:261 - L ERR_CONTENTS_COL : title, #content > div > div.content > div > div.news_headline > h4, text
2018-11-07 18:15:10 ERROR Crawler:261 - L ERR_CONTENTS_COL : contents, #articleBodyContents, text
2018-11-07 18:15:10 ERROR Crawler:261 - L ERR_CONTENTS_COL : contents, #newsEndContents, text
2018-11-07 18:15:10 ERROR Crawler:261 - L ERR_CONTENTS_COL : date, #main_content > div.article_header > div.article_info > div > span, text
2018-11-07 18:15:10 ERROR Crawler:261 - L ERR_CONTENTS_COL : date, #content > div > div.content > div > div.news_headline > div > span:nth-child(1), text
2018-11-07 18:15:13 ERROR Crawler:258 - [ERR URL] https://news.naver.com/main/read.nhn?mode=LPOD&mid=sec&oid=029&aid=0002490751
2018-11-07 18:15:13 ERROR Crawler:261 - L ERR_CONTENTS_COL : id, head > meta:nth-child(12), attr
2018-11-07 18:15:13 ERROR Crawler:261 - L ERR_CONTENTS_COL : press, #main_content > div.article_header > div.press_logo > a > img, attr
2018-11-07 18:15:13 ERROR Crawler:261 - L ERR_CONTENTS_COL : title, #articleTitle, text
2018-11-07 18:15:13 ERROR Crawler:261 - L ERR_CONTENTS_COL : title, #content > div > div.content > div > div.news_headline > h4, text
2018-11-07 18:15:13 ERROR Crawler:261 - L ERR_CONTENTS_COL : contents, #articleBodyContents, text
2018-11-07 18:15:13 ERROR Crawler:261 - L ERR_CONTENTS_COL : contents, #newsEndContents, text
2018-11-07 18:15:13 ERROR Crawler:261 - L ERR_CONTENTS_COL : date, #main_content > div.article_header > div.article_info > div > span, text
2018-11-07 18:15:13 ERROR Crawler:261 - L ERR_CONTENTS_COL : date, #content > div > div.content > div > div.news_headline > div > span:nth-child(1), text
2018-11-07 18:15:16 ERROR Crawler:258 - [ERR URL] https://news.naver.com/main/read.nhn?mode=LPOD&mid=sec&oid=029&aid=0002490780
2018-11-07 18:15:16 ERROR Crawler:261 - L ERR_CONTENTS_COL : id, head > meta:nth-child(12), attr
2018-11-07 18:15:16 ERROR Crawler:261 - L ERR_CONTENTS_COL : press, #main_content > div.article_header > div.press_logo > a > img, attr
2018-11-07 18:15:16 ERROR Crawler:261 - L ERR_CONTENTS_COL : title, #articleTitle, text
2018-11-07 18:15:16 ERROR Crawler:261 - L ERR_CONTENTS_COL : title, #content > div > div.content > div > div.news_headline > h4, text
2018-11-07 18:15:16 ERROR Crawler:261 - L ERR_CONTENTS_COL : contents, #articleBodyContents, text
2018-11-07 18:15:16 ERROR Crawler:261 - L ERR_CONTENTS_COL : contents, #newsEndContents, text
2018-11-07 18:15:16 ERROR Crawler:261 - L ERR_CONTENTS_COL : date, #main_content > div.article_header > div.article_info > div > span, text
2018-11-07 18:15:16 ERROR Crawler:261 - L ERR_CONTENTS_COL : date, #content > div > div.content > div > div.news_headline > div > span:nth-child(1), text
2018-11-07 18:15:19 ERROR Crawler:258 - [ERR URL] https://news.naver.com/main/read.nhn?mode=LPOD&mid=sec&oid=029&aid=0002491081
2018-11-07 18:15:19 ERROR Crawler:261 - L ERR_CONTENTS_COL : id, head > meta:nth-child(12), attr
2018-11-07 18:15:19 ERROR Crawler:261 - L ERR_CONTENTS_COL : press, #main_content > div.article_header > div.press_logo > a > img, attr
2018-11-07 18:15:19 ERROR Crawler:261 - L ERR_CONTENTS_COL : title, #articleTitle, text
2018-11-07 18:15:19 ERROR Crawler:261 - L ERR_CONTENTS_COL : title, #content > div > div.content > div > div.news_headline > h4, text
2018-11-07 18:15:19 ERROR Crawler:261 - L ERR_CONTENTS_COL : contents, #articleBodyContents, text
2018-11-07 18:15:19 ERROR Crawler:261 - L ERR_CONTENTS_COL : contents, #newsEndContents, text
2018-11-07 18:15:19 ERROR Crawler:261 - L ERR_CONTENTS_COL : date, #main_content > div.article_header > div.article_info > div > span, text
2018-11-07 18:15:19 ERROR Crawler:261 - L ERR_CONTENTS_COL : date, #content > div > div.content > div > div.news_headline > div > span:nth-child(1), text
2018-11-07 18:15:22 ERROR Crawler:258 - [ERR URL] https://news.naver.com/main/read.nhn?mode=LPOD&mid=sec&oid=029&aid=0002491080
2018-11-07 18:15:22 ERROR Crawler:261 - L ERR_CONTENTS_COL : id, head > meta:nth-child(12), attr
2018-11-07 18:15:22 ERROR Crawler:261 - L ERR_CONTENTS_COL : press, #main_content > div.article_header > div.press_logo > a > img, attr
2018-11-07 18:15:22 ERROR Crawler:261 - L ERR_CONTENTS_COL : title, #articleTitle, text
2018-11-07 18:15:22 ERROR Crawler:261 - L ERR_CONTENTS_COL : title, #content > div > div.content > div > div.news_headline > h4, text
2018-11-07 18:15:22 ERROR Crawler:261 - L ERR_CONTENTS_COL : contents, #articleBodyContents, text
2018-11-07 18:15:22 ERROR Crawler:261 - L ERR_CONTENTS_COL : contents, #newsEndContents, text
2018-11-07 18:15:22 ERROR Crawler:261 - L ERR_CONTENTS_COL : date, #main_content > div.article_header > div.article_info > div > span, text
2018-11-07 18:15:22 ERROR Crawler:261 - L ERR_CONTENTS_COL : date, #content > div > div.content > div > div.news_headline > div > span:nth-child(1), text
2018-11-07 18:15:25 ERROR Crawler:258 - [ERR URL] https://news.naver.com/main/read.nhn?mode=LPOD&mid=sec&oid=029&aid=0002491079
2018-11-07 18:15:25 ERROR Crawler:261 - L ERR_CONTENTS_COL : id, head > meta:nth-child(12), attr
2018-11-07 18:15:25 ERROR Crawler:261 - L ERR_CONTENTS_COL : press, #main_content > div.article_header > div.press_logo > a > img, attr
2018-11-07 18:15:25 ERROR Crawler:261 - L ERR_CONTENTS_COL : title, #articleTitle, text
2018-11-07 18:15:25 ERROR Crawler:261 - L ERR_CONTENTS_COL : title, #content > div > div.content > div > div.news_headline > h4, text
2018-11-07 18:15:25 ERROR Crawler:261 - L ERR_CONTENTS_COL : contents, #articleBodyContents, text
2018-11-07 18:15:25 ERROR Crawler:261 - L ERR_CONTENTS_COL : contents, #newsEndContents, text
2018-11-07 18:15:25 ERROR Crawler:261 - L ERR_CONTENTS_COL : date, #main_content > div.article_header > div.article_info > div > span, text
2018-11-07 18:15:25 ERROR Crawler:261 - L ERR_CONTENTS_COL : date, #content > div > div.content > div > div.news_headline > div > span:nth-child(1), text
2018-11-07 18:15:28 ERROR Crawler:258 - [ERR URL] https://news.naver.com/main/read.nhn?mode=LPOD&mid=sec&oid=029&aid=0002491078
2018-11-07 18:15:28 ERROR Crawler:261 - L ERR_CONTENTS_COL : id, head > meta:nth-child(12), attr
2018-11-07 18:15:28 ERROR Crawler:261 - L ERR_CONTENTS_COL : press, #main_content > div.article_header > div.press_logo > a > img, attr
2018-11-07 18:15:28 ERROR Crawler:261 - L ERR_CONTENTS_COL : title, #articleTitle, text
2018-11-07 18:15:28 ERROR Crawler:261 - L ERR_CONTENTS_COL : title, #content > div > div.content > div > div.news_headline > h4, text
2018-11-07 18:15:28 ERROR Crawler:261 - L ERR_CONTENTS_COL : contents, #articleBodyContents, text
2018-11-07 18:15:28 ERROR Crawler:261 - L ERR_CONTENTS_COL : contents, #newsEndContents, text
2018-11-07 18:15:28 ERROR Crawler:261 - L ERR_CONTENTS_COL : date, #main_content > div.article_header > div.article_info > div > span, text
2018-11-07 18:15:28 ERROR Crawler:261 - L ERR_CONTENTS_COL : date, #content > div > div.content > div > div.news_headline > div > span:nth-child(1), text
2018-11-07 18:15:31 ERROR Crawler:258 - [ERR URL] https://news.naver.com/main/read.nhn?mode=LPOD&mid=sec&oid=029&aid=0002491077
2018-11-07 18:15:31 ERROR Crawler:261 - L ERR_CONTENTS_COL : id, head > meta:nth-child(12), attr
2018-11-07 18:15:31 ERROR Crawler:261 - L ERR_CONTENTS_COL : press, #main_content > div.article_header > div.press_logo > a > img, attr
2018-11-07 18:15:31 ERROR Crawler:261 - L ERR_CONTENTS_COL : title, #articleTitle, text
2018-11-07 18:15:31 ERROR Crawler:261 - L ERR_CONTENTS_COL : title, #content > div > div.content > div > div.news_headline > h4, text
2018-11-07 18:15:31 ERROR Crawler:261 - L ERR_CONTENTS_COL : contents, #articleBodyContents, text
2018-11-07 18:15:31 ERROR Crawler:261 - L ERR_CONTENTS_COL : contents, #newsEndContents, text
2018-11-07 18:15:31 ERROR Crawler:261 - L ERR_CONTENTS_COL : date, #main_content > div.article_header > div.article_info > div > span, text
2018-11-07 18:15:31 ERROR Crawler:261 - L ERR_CONTENTS_COL : date, #content > div > div.content > div > div.news_headline > div > span:nth-child(1), text
2018-11-07 18:15:34 ERROR Crawler:258 - [ERR URL] https://news.naver.com/main/read.nhn?mode=LPOD&mid=sec&oid=029&aid=0002491076
2018-11-07 18:15:34 ERROR Crawler:261 - L ERR_CONTENTS_COL : id, head > meta:nth-child(12), attr
2018-11-07 18:15:34 ERROR Crawler:261 - L ERR_CONTENTS_COL : press, #main_content > div.article_header > div.press_logo > a > img, attr
2018-11-07 18:15:34 ERROR Crawler:261 - L ERR_CONTENTS_COL : title, #articleTitle, text
2018-11-07 18:15:34 ERROR Crawler:261 - L ERR_CONTENTS_COL : title, #content > div > div.content > div > div.news_headline > h4, text
2018-11-07 18:15:34 ERROR Crawler:261 - L ERR_CONTENTS_COL : contents, #articleBodyContents, text
2018-11-07 18:15:34 ERROR Crawler:261 - L ERR_CONTENTS_COL : contents, #newsEndContents, text
2018-11-07 18:15:34 ERROR Crawler:261 - L ERR_CONTENTS_COL : date, #main_content > div.article_header > div.article_info > div > span, text
2018-11-07 18:15:34 ERROR Crawler:261 - L ERR_CONTENTS_COL : date, #content > div > div.content > div > div.news_headline > div > span:nth-child(1), text
2018-11-07 18:15:37 ERROR Crawler:258 - [ERR URL] https://news.naver.com/main/read.nhn?mode=LPOD&mid=sec&oid=029&aid=0002491075
2018-11-07 18:15:37 ERROR Crawler:261 - L ERR_CONTENTS_COL : id, head > meta:nth-child(12), attr
2018-11-07 18:15:37 ERROR Crawler:261 - L ERR_CONTENTS_COL : press, #main_content > div.article_header > div.press_logo > a > img, attr
2018-11-07 18:15:37 ERROR Crawler:261 - L ERR_CONTENTS_COL : title, #articleTitle, text
2018-11-07 18:15:37 ERROR Crawler:261 - L ERR_CONTENTS_COL : title, #content > div > div.content > div > div.news_headline > h4, text
2018-11-07 18:15:37 ERROR Crawler:261 - L ERR_CONTENTS_COL : contents, #articleBodyContents, text
2018-11-07 18:15:37 ERROR Crawler:261 - L ERR_CONTENTS_COL : contents, #newsEndContents, text
2018-11-07 18:15:37 ERROR Crawler:261 - L ERR_CONTENTS_COL : date, #main_content > div.article_header > div.article_info > div > span, text
2018-11-07 18:15:37 ERROR Crawler:261 - L ERR_CONTENTS_COL : date, #content > div > div.content > div > div.news_headline > div > span:nth-child(1), text
2018-11-07 18:15:40 ERROR Crawler:258 - [ERR URL] https://news.naver.com/main/read.nhn?mode=LPOD&mid=sec&oid=029&aid=0002491074
2018-11-07 18:15:40 ERROR Crawler:261 - L ERR_CONTENTS_COL : id, head > meta:nth-child(12), attr
2018-11-07 18:15:40 ERROR Crawler:261 - L ERR_CONTENTS_COL : press, #main_content > div.article_header > div.press_logo > a > img, attr
2018-11-07 18:15:40 ERROR Crawler:261 - L ERR_CONTENTS_COL : title, #articleTitle, text
2018-11-07 18:15:40 ERROR Crawler:261 - L ERR_CONTENTS_COL : title, #content > div > div.content > div > div.news_headline > h4, text
2018-11-07 18:15:40 ERROR Crawler:261 - L ERR_CONTENTS_COL : contents, #articleBodyContents, text
2018-11-07 18:15:40 ERROR Crawler:261 - L ERR_CONTENTS_COL : contents, #newsEndContents, text
2018-11-07 18:15:40 ERROR Crawler:261 - L ERR_CONTENTS_COL : date, #main_content > div.article_header > div.article_info > div > span, text
2018-11-07 18:15:40 ERROR Crawler:261 - L ERR_CONTENTS_COL : date, #content > div > div.content > div > div.news_headline > div > span:nth-child(1), text
2018-11-07 18:15:44 ERROR Crawler:258 - [ERR URL] https://news.naver.com/main/read.nhn?mode=LPOD&mid=sec&oid=029&aid=0002491073
2018-11-07 18:15:44 ERROR Crawler:261 - L ERR_CONTENTS_COL : id, head > meta:nth-child(12), attr
2018-11-07 18:15:44 ERROR Crawler:261 - L ERR_CONTENTS_COL : press, #main_content > div.article_header > div.press_logo > a > img, attr
2018-11-07 18:15:44 ERROR Crawler:261 - L ERR_CONTENTS_COL : title, #articleTitle, text
2018-11-07 18:15:44 ERROR Crawler:261 - L ERR_CONTENTS_COL : title, #content > div > div.content > div > div.news_headline > h4, text
2018-11-07 18:15:44 ERROR Crawler:261 - L ERR_CONTENTS_COL : contents, #articleBodyContents, text
2018-11-07 18:15:44 ERROR Crawler:261 - L ERR_CONTENTS_COL : contents, #newsEndContents, text
2018-11-07 18:15:44 ERROR Crawler:261 - L ERR_CONTENTS_COL : date, #main_content > div.article_header > div.article_info > div > span, text
2018-11-07 18:15:44 ERROR Crawler:261 - L ERR_CONTENTS_COL : date, #content > div > div.content > div > div.news_headline > div > span:nth-child(1), text
2018-11-07 18:15:47 ERROR Crawler:258 - [ERR URL] https://news.naver.com/main/read.nhn?mode=LPOD&mid=sec&oid=029&aid=0002491072
2018-11-07 18:15:47 ERROR Crawler:261 - L ERR_CONTENTS_COL : id, head > meta:nth-child(12), attr
2018-11-07 18:15:47 ERROR Crawler:261 - L ERR_CONTENTS_COL : press, #main_content > div.article_header > div.press_logo > a > img, attr
2018-11-07 18:15:47 ERROR Crawler:261 - L ERR_CONTENTS_COL : title, #articleTitle, text
2018-11-07 18:15:47 ERROR Crawler:261 - L ERR_CONTENTS_COL : title, #content > div > div.content > div > div.news_headline > h4, text
2018-11-07 18:15:47 ERROR Crawler:261 - L ERR_CONTENTS_COL : contents, #articleBodyContents, text
2018-11-07 18:15:47 ERROR Crawler:261 - L ERR_CONTENTS_COL : contents, #newsEndContents, text
2018-11-07 18:15:47 ERROR Crawler:261 - L ERR_CONTENTS_COL : date, #main_content > div.article_header > div.article_info > div > span, text
2018-11-07 18:15:47 ERROR Crawler:261 - L ERR_CONTENTS_COL : date, #content > div > div.content > div > div.news_headline > div > span:nth-child(1), text
2018-11-07 18:15:50 ERROR Crawler:258 - [ERR URL] https://news.naver.com/main/read.nhn?mode=LPOD&mid=sec&oid=029&aid=0002491071
2018-11-07 18:15:50 ERROR Crawler:261 - L ERR_CONTENTS_COL : id, head > meta:nth-child(12), attr
2018-11-07 18:15:50 ERROR Crawler:261 - L ERR_CONTENTS_COL : press, #main_content > div.article_header > div.press_logo > a > img, attr
2018-11-07 18:15:50 ERROR Crawler:261 - L ERR_CONTENTS_COL : title, #articleTitle, text
2018-11-07 18:15:50 ERROR Crawler:261 - L ERR_CONTENTS_COL : title, #content > div > div.content > div > div.news_headline > h4, text
2018-11-07 18:15:50 ERROR Crawler:261 - L ERR_CONTENTS_COL : contents, #articleBodyContents, text
2018-11-07 18:15:50 ERROR Crawler:261 - L ERR_CONTENTS_COL : contents, #newsEndContents, text
2018-11-07 18:15:50 ERROR Crawler:261 - L ERR_CONTENTS_COL : date, #main_content > div.article_header > div.article_info > div > span, text
2018-11-07 18:15:50 ERROR Crawler:261 - L ERR_CONTENTS_COL : date, #content > div > div.content > div > div.news_headline > div > span:nth-child(1), text
2018-11-07 18:15:53 ERROR Crawler:258 - [ERR URL] https://news.naver.com/main/read.nhn?mode=LPOD&mid=sec&oid=029&aid=0002491070
2018-11-07 18:15:53 ERROR Crawler:261 - L ERR_CONTENTS_COL : id, head > meta:nth-child(12), attr
2018-11-07 18:15:53 ERROR Crawler:261 - L ERR_CONTENTS_COL : press, #main_content > div.article_header > div.press_logo > a > img, attr
2018-11-07 18:15:53 ERROR Crawler:261 - L ERR_CONTENTS_COL : title, #articleTitle, text
2018-11-07 18:15:53 ERROR Crawler:261 - L ERR_CONTENTS_COL : title, #content > div > div.content > div > div.news_headline > h4, text
2018-11-07 18:15:53 ERROR Crawler:261 - L ERR_CONTENTS_COL : contents, #articleBodyContents, text
2018-11-07 18:15:53 ERROR Crawler:261 - L ERR_CONTENTS_COL : contents, #newsEndContents, text
2018-11-07 18:15:53 ERROR Crawler:261 - L ERR_CONTENTS_COL : date, #main_content > div.article_header > div.article_info > div > span, text
2018-11-07 18:15:53 ERROR Crawler:261 - L ERR_CONTENTS_COL : date, #content > div > div.content > div > div.news_headline > div > span:nth-child(1), text
2018-11-07 18:15:56 ERROR Crawler:258 - [ERR URL] https://news.naver.com/main/read.nhn?mode=LPOD&mid=sec&oid=029&aid=0002491069
2018-11-07 18:15:56 ERROR Crawler:261 - L ERR_CONTENTS_COL : id, head > meta:nth-child(12), attr
2018-11-07 18:15:56 ERROR Crawler:261 - L ERR_CONTENTS_COL : press, #main_content > div.article_header > div.press_logo > a > img, attr
2018-11-07 18:15:56 ERROR Crawler:261 - L ERR_CONTENTS_COL : title, #articleTitle, text
2018-11-07 18:15:56 ERROR Crawler:261 - L ERR_CONTENTS_COL : title, #content > div > div.content > div > div.news_headline > h4, text
2018-11-07 18:15:56 ERROR Crawler:261 - L ERR_CONTENTS_COL : contents, #articleBodyContents, text
2018-11-07 18:15:56 ERROR Crawler:261 - L ERR_CONTENTS_COL : contents, #newsEndContents, text
2018-11-07 18:15:56 ERROR Crawler:261 - L ERR_CONTENTS_COL : date, #main_content > div.article_header > div.article_info > div > span, text
2018-11-07 18:15:56 ERROR Crawler:261 - L ERR_CONTENTS_COL : date, #content > div > div.content > div > div.news_headline > div > span:nth-child(1), text
2018-11-07 18:15:59 ERROR Crawler:258 - [ERR URL] https://news.naver.com/main/read.nhn?mode=LPOD&mid=sec&oid=029&aid=0002491068
2018-11-07 18:15:59 ERROR Crawler:261 - L ERR_CONTENTS_COL : id, head > meta:nth-child(12), attr
2018-11-07 18:15:59 ERROR Crawler:261 - L ERR_CONTENTS_COL : press, #main_content > div.article_header > div.press_logo > a > img, attr
2018-11-07 18:15:59 ERROR Crawler:261 - L ERR_CONTENTS_COL : title, #articleTitle, text
2018-11-07 18:15:59 ERROR Crawler:261 - L ERR_CONTENTS_COL : title, #content > div > div.content > div > div.news_headline > h4, text
2018-11-07 18:15:59 ERROR Crawler:261 - L ERR_CONTENTS_COL : contents, #articleBodyContents, text
2018-11-07 18:15:59 ERROR Crawler:261 - L ERR_CONTENTS_COL : contents, #newsEndContents, text
2018-11-07 18:15:59 ERROR Crawler:261 - L ERR_CONTENTS_COL : date, #main_content > div.article_header > div.article_info > div > span, text
2018-11-07 18:15:59 ERROR Crawler:261 - L ERR_CONTENTS_COL : date, #content > div > div.content > div > div.news_headline > div > span:nth-child(1), text
2018-11-07 18:16:02 ERROR Crawler:258 - [ERR URL] https://news.naver.com/main/read.nhn?mode=LPOD&mid=sec&oid=029&aid=0002491067
2018-11-07 18:16:02 ERROR Crawler:261 - L ERR_CONTENTS_COL : id, head > meta:nth-child(12), attr
2018-11-07 18:16:02 ERROR Crawler:261 - L ERR_CONTENTS_COL : press, #main_content > div.article_header > div.press_logo > a > img, attr
2018-11-07 18:16:02 ERROR Crawler:261 - L ERR_CONTENTS_COL : title, #articleTitle, text
2018-11-07 18:16:02 ERROR Crawler:261 - L ERR_CONTENTS_COL : title, #content > div > div.content > div > div.news_headline > h4, text
2018-11-07 18:16:02 ERROR Crawler:261 - L ERR_CONTENTS_COL : contents, #articleBodyContents, text
2018-11-07 18:16:02 ERROR Crawler:261 - L ERR_CONTENTS_COL : contents, #newsEndContents, text
2018-11-07 18:16:02 ERROR Crawler:261 - L ERR_CONTENTS_COL : date, #main_content > div.article_header > div.article_info > div > span, text
2018-11-07 18:16:02 ERROR Crawler:261 - L ERR_CONTENTS_COL : date, #content > div > div.content > div > div.news_headline > div > span:nth-child(1), text
2018-11-07 18:16:05 ERROR Crawler:258 - [ERR URL] https://news.naver.com/main/read.nhn?mode=LPOD&mid=sec&oid=029&aid=0002491066
2018-11-07 18:16:05 ERROR Crawler:261 - L ERR_CONTENTS_COL : id, head > meta:nth-child(12), attr
2018-11-07 18:16:05 ERROR Crawler:261 - L ERR_CONTENTS_COL : press, #main_content > div.article_header > div.press_logo > a > img, attr
2018-11-07 18:16:05 ERROR Crawler:261 - L ERR_CONTENTS_COL : title, #articleTitle, text
2018-11-07 18:16:05 ERROR Crawler:261 - L ERR_CONTENTS_COL : title, #content > div > div.content > div > div.news_headline > h4, text
2018-11-07 18:16:05 ERROR Crawler:261 - L ERR_CONTENTS_COL : contents, #articleBodyContents, text
2018-11-07 18:16:05 ERROR Crawler:261 - L ERR_CONTENTS_COL : contents, #newsEndContents, text
2018-11-07 18:16:05 ERROR Crawler:261 - L ERR_CONTENTS_COL : date, #main_content > div.article_header > div.article_info > div > span, text
2018-11-07 18:16:05 ERROR Crawler:261 - L ERR_CONTENTS_COL : date, #content > div > div.content > div > div.news_headline > div > span:nth-child(1), text
2018-11-07 18:16:08 ERROR Crawler:258 - [ERR URL] https://news.naver.com/main/read.nhn?mode=LPOD&mid=sec&oid=029&aid=0002491065
2018-11-07 18:16:08 ERROR Crawler:261 - L ERR_CONTENTS_COL : id, head > meta:nth-child(12), attr
2018-11-07 18:16:08 ERROR Crawler:261 - L ERR_CONTENTS_COL : press, #main_content > div.article_header > div.press_logo > a > img, attr
2018-11-07 18:16:08 ERROR Crawler:261 - L ERR_CONTENTS_COL : title, #articleTitle, text
2018-11-07 18:16:08 ERROR Crawler:261 - L ERR_CONTENTS_COL : title, #content > div > div.content > div > div.news_headline > h4, text
2018-11-07 18:16:08 ERROR Crawler:261 - L ERR_CONTENTS_COL : contents, #articleBodyContents, text
2018-11-07 18:16:08 ERROR Crawler:261 - L ERR_CONTENTS_COL : contents, #newsEndContents, text
2018-11-07 18:16:08 ERROR Crawler:261 - L ERR_CONTENTS_COL : date, #main_content > div.article_header > div.article_info > div > span, text
2018-11-07 18:16:08 ERROR Crawler:261 - L ERR_CONTENTS_COL : date, #content > div > div.content > div > div.news_headline > div > span:nth-child(1), text
2018-11-07 18:16:11 ERROR Crawler:258 - [ERR URL] https://news.naver.com/main/read.nhn?mode=LPOD&mid=sec&oid=029&aid=0002491064
2018-11-07 18:16:11 ERROR Crawler:261 - L ERR_CONTENTS_COL : id, head > meta:nth-child(12), attr
2018-11-07 18:16:11 ERROR Crawler:261 - L ERR_CONTENTS_COL : press, #main_content > div.article_header > div.press_logo > a > img, attr
2018-11-07 18:16:11 ERROR Crawler:261 - L ERR_CONTENTS_COL : title, #articleTitle, text
2018-11-07 18:16:11 ERROR Crawler:261 - L ERR_CONTENTS_COL : title, #content > div > div.content > div > div.news_headline > h4, text
2018-11-07 18:16:11 ERROR Crawler:261 - L ERR_CONTENTS_COL : contents, #articleBodyContents, text
2018-11-07 18:16:11 ERROR Crawler:261 - L ERR_CONTENTS_COL : contents, #newsEndContents, text
2018-11-07 18:16:11 ERROR Crawler:261 - L ERR_CONTENTS_COL : date, #main_content > div.article_header > div.article_info > div > span, text
2018-11-07 18:16:11 ERROR Crawler:261 - L ERR_CONTENTS_COL : date, #content > div > div.content > div > div.news_headline > div > span:nth-child(1), text
2018-11-07 18:16:15 ERROR Crawler:258 - [ERR URL] https://news.naver.com/main/read.nhn?mode=LPOD&mid=sec&oid=029&aid=0002491063
2018-11-07 18:16:15 ERROR Crawler:261 - L ERR_CONTENTS_COL : id, head > meta:nth-child(12), attr
2018-11-07 18:16:15 ERROR Crawler:261 - L ERR_CONTENTS_COL : press, #main_content > div.article_header > div.press_logo > a > img, attr
2018-11-07 18:16:15 ERROR Crawler:261 - L ERR_CONTENTS_COL : title, #articleTitle, text
2018-11-07 18:16:15 ERROR Crawler:261 - L ERR_CONTENTS_COL : title, #content > div > div.content > div > div.news_headline > h4, text
2018-11-07 18:16:15 ERROR Crawler:261 - L ERR_CONTENTS_COL : contents, #articleBodyContents, text
2018-11-07 18:16:15 ERROR Crawler:261 - L ERR_CONTENTS_COL : contents, #newsEndContents, text
2018-11-07 18:16:15 ERROR Crawler:261 - L ERR_CONTENTS_COL : date, #main_content > div.article_header > div.article_info > div > span, text
2018-11-07 18:16:15 ERROR Crawler:261 - L ERR_CONTENTS_COL : date, #content > div > div.content > div > div.news_headline > div > span:nth-child(1), text
2018-11-07 18:16:18 ERROR Crawler:258 - [ERR URL] https://news.naver.com/main/read.nhn?mode=LPOD&mid=sec&oid=029&aid=0002491062
2018-11-07 18:16:18 ERROR Crawler:261 - L ERR_CONTENTS_COL : id, head > meta:nth-child(12), attr
2018-11-07 18:16:18 ERROR Crawler:261 - L ERR_CONTENTS_COL : press, #main_content > div.article_header > div.press_logo > a > img, attr
2018-11-07 18:16:18 ERROR Crawler:261 - L ERR_CONTENTS_COL : title, #articleTitle, text
2018-11-07 18:16:18 ERROR Crawler:261 - L ERR_CONTENTS_COL : title, #content > div > div.content > div > div.news_headline > h4, text
2018-11-07 18:16:18 ERROR Crawler:261 - L ERR_CONTENTS_COL : contents, #articleBodyContents, text
2018-11-07 18:16:18 ERROR Crawler:261 - L ERR_CONTENTS_COL : contents, #newsEndContents, text
2018-11-07 18:16:18 ERROR Crawler:261 - L ERR_CONTENTS_COL : date, #main_content > div.article_header > div.article_info > div > span, text
2018-11-07 18:16:18 ERROR Crawler:261 - L ERR_CONTENTS_COL : date, #content > div > div.content > div > div.news_headline > div > span:nth-child(1), text
2018-11-07 18:16:21 ERROR Crawler:258 - [ERR URL] https://news.naver.com/main/list.nhn?mode=LPOD&date=20181107&mid=sec&oid=029&page=2
2018-11-07 18:16:21 ERROR Crawler:261 - L ERR_SCEN_ELEMENT : div.list_body > ul > li > a
2018-11-07 18:16:24 ERROR Crawler:258 - [ERR URL] https://news.naver.com/main/list.nhn?mode=LPOD&date=20181107&mid=sec&oid=029&page=3
2018-11-07 18:16:24 ERROR Crawler:261 - L ERR_SCEN_ELEMENT : div.list_body > ul > li > a
2018-11-07 18:16:27 ERROR Crawler:258 - [ERR URL] https://news.naver.com/main/list.nhn?mode=LPOD&date=20181107&mid=sec&oid=029&page=4
2018-11-07 18:16:27 ERROR Crawler:261 - L ERR_SCEN_ELEMENT : div.list_body > ul > li > a
2018-11-07 18:16:30 ERROR Crawler:258 - [ERR URL] https://news.naver.com/main/list.nhn?mode=LPOD&date=20181107&mid=sec&oid=029&page=5
2018-11-07 18:16:30 ERROR Crawler:261 - L ERR_SCEN_ELEMENT : div.list_body > ul > li > a
2018-11-07 18:16:33 ERROR Crawler:258 - [ERR URL] https://news.naver.com/main/list.nhn?mode=LPOD&date=20181107&mid=sec&oid=029&page=6
2018-11-07 18:16:33 ERROR Crawler:261 - L ERR_SCEN_ELEMENT : div.list_body > ul > li > a
2018-11-07 18:16:36 ERROR Crawler:258 - [ERR URL] https://news.naver.com/main/list.nhn?mode=LPOD&date=20181107&mid=sec&oid=029&page=7
2018-11-07 18:16:36 ERROR Crawler:261 - L ERR_SCEN_ELEMENT : div.list_body > ul > li > a
2018-11-07 18:16:40 ERROR Crawler:258 - [ERR URL] https://news.naver.com/main/list.nhn?mode=LPOD&date=20181107&mid=sec&oid=029&page=8
2018-11-07 18:16:40 ERROR Crawler:261 - L ERR_SCEN_ELEMENT : div.list_body > ul > li > a
2018-11-07 18:16:43 ERROR Crawler:258 - [ERR URL] https://news.naver.com/main/list.nhn?mode=LPOD&date=20181107&mid=sec&oid=029&page=9
2018-11-07 18:16:43 ERROR Crawler:261 - L ERR_SCEN_ELEMENT : div.list_body > ul > li > a
2018-11-07 18:16:46 ERROR Crawler:258 - [ERR URL] https://news.naver.com/main/list.nhn?mode=LPOD&date=20181107&mid=sec&oid=029&page=10
2018-11-07 18:16:46 ERROR Crawler:261 - L ERR_SCEN_ELEMENT : div.list_body > ul > li > a
