2018-11-08 17:53:30 INFO  Crawler:222 - ============== Start Crawler =============
2018-11-08 17:53:30 INFO  Crawler:223 - CONFIG FILE    : ./config/config_domeggook.json
2018-11-08 17:53:30 INFO  Crawler:226 - CMD PARAM 00   : 라면
2018-11-08 17:53:30 INFO  Crawler:229 - CRAWLER NAME   : domeggook
2018-11-08 17:53:30 INFO  Crawler:230 - CRAWLER TYPE   : SCENARIO_DYNAMIC
2018-11-08 17:53:30 INFO  Crawler:231 - CRAWLER DELAY  : 1 sec
2018-11-08 17:53:30 INFO  Crawler:232 - IGNORE ROBOTS  : true
2018-11-08 17:53:30 INFO  Crawler:233 - LIMIT_COUNT    : 5
2018-11-08 17:53:30 INFO  Crawler:234 - FILTER COUNT   : 0
2018-11-08 17:53:30 INFO  Crawler:238 - SCENARIO COUNT : 2
2018-11-08 17:53:30 INFO  Crawler:239 - COLLECT COUNT  : 1
2018-11-08 17:53:30 INFO  Crawler:240 - SAVE TYPE      : DB
2018-11-08 17:53:30 INFO  Crawler:241 - SAVE HTML      : true
2018-11-08 17:53:30 INFO  Crawler:242 - ==========================================
2018-11-08 17:53:30 ERROR Crawler:250 - Session ID is null. Using WebDriver after calling quit()?
Build info: version: '3.11.0', revision: 'e59cfb3', time: '2018-03-11T20:26:55.152Z'
System info: host: 'LAPTOP-94HKRVCK', ip: '192.168.56.1', os.name: 'Windows 10', os.arch: 'amd64', os.version: '10.0', java.version: '1.8.0_161'
Driver info: driver.version: RemoteWebDriver
org.openqa.selenium.NoSuchSessionException: Session ID is null. Using WebDriver after calling quit()?
Build info: version: '3.11.0', revision: 'e59cfb3', time: '2018-03-11T20:26:55.152Z'
System info: host: 'LAPTOP-94HKRVCK', ip: '192.168.56.1', os.name: 'Windows 10', os.arch: 'amd64', os.version: '10.0', java.version: '1.8.0_161'
Driver info: driver.version: RemoteWebDriver
	at org.openqa.selenium.remote.HttpCommandExecutor.execute(HttpCommandExecutor.java:125)
	at org.openqa.selenium.remote.service.DriverCommandExecutor.execute(DriverCommandExecutor.java:83)
	at org.openqa.selenium.remote.RemoteWebDriver.execute(RemoteWebDriver.java:545)
	at org.openqa.selenium.remote.RemoteWebDriver$RemoteWebDriverOptions$RemoteWindow.setSize(RemoteWebDriver.java:801)
	at com.onycom.crawler.scraper.SeleniumScraper.connectSelenium(SeleniumScraper.java:363)
	at com.onycom.crawler.scraper.SeleniumScraper.open(SeleniumScraper.java:51)
	at com.onycom.SettingBasedCrawler.Crawler$1.start(Crawler.java:246)
	at com.onycom.crawler.core.WorkManager.start(WorkManager.java:83)
	at com.onycom.SettingBasedCrawler.Crawler.start(Crawler.java:207)
	at com.onycom.SettingBasedCrawler.App.main(App.java:57)
2018-11-08 17:53:30 INFO  Crawler:254 - ============== Terminate Crawler =============
2018-11-08 17:53:30 ERROR Crawler:255 - Can't start Crawler. Initialization failed.
