2018-10-19 09:36:15 INFO  Crawler:227 - ============== Start Crawler =============
2018-10-19 09:36:15 INFO  Crawler:228 - CONFIG FILE    : ./config/config_action.json
2018-10-19 09:36:15 INFO  Crawler:230 - CMD PARAM 00   : 그래픽카드
2018-10-19 09:36:15 INFO  Crawler:232 - CRAWLER NAME   : 액션기반 크롤링
2018-10-19 09:36:15 INFO  Crawler:233 - CRAWLER TYPE   : SCENARIO_DYNAMIC
2018-10-19 09:36:15 INFO  Crawler:234 - IGNORE ROBOTS  : true
2018-10-19 09:36:15 INFO  Crawler:235 - FILTER COUNT   : 0
2018-10-19 09:36:15 INFO  Crawler:239 - SCENARIO COUNT : 2
2018-10-19 09:36:15 INFO  Crawler:240 - COLLECT COUNT  : 1
2018-10-19 09:36:15 INFO  Crawler:241 - SAVE TYPE      : DB
2018-10-19 09:36:15 INFO  Crawler:242 - ==========================================
2018-10-19 09:36:22 INFO  Crawler:270 - [Progress 1] save : 0, err : 0, remain_work : 2, total : 3
2018-10-19 09:36:22 INFO  Crawler:270 - [Progress 2] save : 0, err : 0, remain_work : 4, total : 6
2018-10-19 09:36:22 INFO  Crawler:270 - [Progress 3] save : 0, err : 0, remain_work : 3, total : 6
2018-10-19 09:39:53 INFO  Crawler:228 - ============== Start Crawler =============
2018-10-19 09:39:53 INFO  Crawler:229 - CONFIG FILE    : ./config/config_action.json
2018-10-19 09:39:53 INFO  Crawler:231 - CMD PARAM 00   : 그래픽카드
2018-10-19 09:39:53 INFO  Crawler:233 - CRAWLER NAME   : 액션기반 크롤링
2018-10-19 09:39:53 INFO  Crawler:234 - CRAWLER TYPE   : SCENARIO_DYNAMIC
2018-10-19 09:39:53 INFO  Crawler:235 - IGNORE ROBOTS  : true
2018-10-19 09:39:53 INFO  Crawler:236 - FILTER COUNT   : 0
2018-10-19 09:39:53 INFO  Crawler:240 - SCENARIO COUNT : 2
2018-10-19 09:39:53 INFO  Crawler:241 - COLLECT COUNT  : 1
2018-10-19 09:39:53 INFO  Crawler:242 - SAVE TYPE      : DB
2018-10-19 09:39:53 INFO  Crawler:243 - ==========================================
2018-10-19 09:39:59 INFO  Crawler:271 - [Progress 1] save : 0, err : 0, remain_work : 2, total : 3
2018-10-19 09:39:59 INFO  Crawler:271 - [Progress 2] save : 0, err : 0, remain_work : 4, total : 6
2018-10-19 09:39:59 INFO  Crawler:271 - [Progress 3] save : 0, err : 0, remain_work : 3, total : 6
2018-10-19 09:40:01 INFO  Crawler:271 - [Progress 4] save : 1, err : 0, remain_work : 2, total : 6
2018-10-19 09:40:01 INFO  Crawler:271 - [Progress 5] save : 1, err : 0, remain_work : 1, total : 6
2018-10-19 09:40:01 INFO  Crawler:271 - [Progress 6] save : 1, err : 0, remain_work : 2, total : 8
2018-10-19 09:40:01 INFO  Crawler:271 - [Progress 7] save : 1, err : 0, remain_work : 4, total : 11
2018-10-19 09:40:01 INFO  Crawler:271 - [Progress 8] save : 1, err : 0, remain_work : 3, total : 11
2018-10-19 09:40:02 INFO  Crawler:271 - [Progress 9] save : 2, err : 0, remain_work : 2, total : 11
2018-10-19 09:40:03 INFO  Crawler:271 - [Progress 10] save : 2, err : 0, remain_work : 1, total : 11
2018-10-19 09:40:03 INFO  Crawler:271 - [Progress 11] save : 2, err : 0, remain_work : 2, total : 13
2018-10-19 09:40:03 INFO  Crawler:271 - [Progress 12] save : 2, err : 0, remain_work : 4, total : 16
2018-10-19 09:40:03 INFO  Crawler:271 - [Progress 13] save : 2, err : 0, remain_work : 3, total : 16
2018-10-19 09:40:04 INFO  Crawler:271 - [Progress 14] save : 3, err : 0, remain_work : 2, total : 16
2018-10-19 09:40:04 INFO  Crawler:271 - [Progress 15] save : 3, err : 0, remain_work : 1, total : 16
2018-10-19 09:40:04 INFO  Crawler:271 - [Progress 16] save : 3, err : 0, remain_work : 2, total : 18
2018-10-19 09:40:05 INFO  Crawler:271 - [Progress 17] save : 3, err : 0, remain_work : 4, total : 21
2018-10-19 09:40:05 INFO  Crawler:271 - [Progress 18] save : 3, err : 0, remain_work : 3, total : 21
2018-10-19 09:40:06 INFO  Crawler:271 - [Progress 19] save : 4, err : 0, remain_work : 2, total : 21
2018-10-19 09:40:06 INFO  Crawler:271 - [Progress 20] save : 4, err : 0, remain_work : 1, total : 21
2018-10-19 09:40:06 INFO  Crawler:271 - [Progress 21] save : 4, err : 0, remain_work : 2, total : 23
2018-10-19 09:40:07 INFO  Crawler:271 - [Progress 22] save : 4, err : 0, remain_work : 4, total : 26
2018-10-19 09:40:07 INFO  Crawler:271 - [Progress 23] save : 4, err : 0, remain_work : 3, total : 26
2018-10-19 09:40:08 INFO  Crawler:271 - [Progress 24] save : 5, err : 0, remain_work : 2, total : 26
2018-10-19 09:40:08 INFO  Crawler:271 - [Progress 25] save : 5, err : 0, remain_work : 1, total : 26
2018-10-19 09:40:08 INFO  Crawler:271 - [Progress 26] save : 5, err : 0, remain_work : 2, total : 28
2018-10-19 09:40:08 INFO  Crawler:271 - [Progress 27] save : 5, err : 0, remain_work : 4, total : 31
2018-10-19 09:40:08 INFO  Crawler:271 - [Progress 28] save : 5, err : 0, remain_work : 3, total : 31
2018-10-19 09:40:09 INFO  Crawler:271 - [Progress 29] save : 6, err : 0, remain_work : 2, total : 31
2018-10-19 09:40:09 INFO  Crawler:271 - [Progress 30] save : 6, err : 0, remain_work : 1, total : 31
2018-10-19 09:40:10 INFO  Crawler:271 - [Progress 31] save : 6, err : 0, remain_work : 2, total : 33
2018-10-19 09:40:10 INFO  Crawler:271 - [Progress 32] save : 6, err : 0, remain_work : 4, total : 36
2018-10-19 09:40:10 INFO  Crawler:271 - [Progress 33] save : 6, err : 0, remain_work : 3, total : 36
2018-10-19 09:40:11 INFO  Crawler:271 - [Progress 34] save : 7, err : 0, remain_work : 2, total : 36
2018-10-19 09:40:11 INFO  Crawler:271 - [Progress 35] save : 7, err : 0, remain_work : 1, total : 36
2018-10-19 09:40:11 INFO  Crawler:271 - [Progress 36] save : 7, err : 0, remain_work : 2, total : 38
2018-10-19 09:40:11 INFO  Crawler:271 - [Progress 37] save : 7, err : 0, remain_work : 4, total : 41
2018-10-19 09:40:11 INFO  Crawler:271 - [Progress 38] save : 7, err : 0, remain_work : 3, total : 41
2018-10-19 09:40:12 INFO  Crawler:271 - [Progress 39] save : 8, err : 0, remain_work : 2, total : 41
2018-10-19 09:40:12 INFO  Crawler:271 - [Progress 40] save : 8, err : 0, remain_work : 1, total : 41
2018-10-19 09:40:13 INFO  Crawler:271 - [Progress 41] save : 8, err : 0, remain_work : 2, total : 43
2018-10-19 09:40:13 INFO  Crawler:271 - [Progress 42] save : 8, err : 0, remain_work : 4, total : 46
2018-10-19 09:40:13 INFO  Crawler:271 - [Progress 43] save : 8, err : 0, remain_work : 3, total : 46
2018-10-19 09:40:14 INFO  Crawler:271 - [Progress 44] save : 9, err : 0, remain_work : 2, total : 46
2018-10-19 09:40:14 INFO  Crawler:271 - [Progress 45] save : 9, err : 0, remain_work : 1, total : 46
2018-10-19 09:40:14 INFO  Crawler:271 - [Progress 46] save : 9, err : 0, remain_work : 2, total : 48
2018-10-19 09:40:15 INFO  Crawler:271 - [Progress 47] save : 9, err : 0, remain_work : 4, total : 51
2018-10-19 09:40:15 INFO  Crawler:271 - [Progress 48] save : 9, err : 0, remain_work : 3, total : 51
2018-10-19 09:40:16 INFO  Crawler:271 - [Progress 49] save : 10, err : 0, remain_work : 2, total : 51
2018-10-19 09:40:16 INFO  Crawler:271 - [Progress 50] save : 10, err : 0, remain_work : 1, total : 51
2018-10-19 09:40:16 INFO  Crawler:271 - [Progress 51] save : 10, err : 0, remain_work : 2, total : 53
2018-10-19 09:40:16 INFO  Crawler:271 - [Progress 52] save : 10, err : 0, remain_work : 4, total : 56
2018-10-19 09:40:16 INFO  Crawler:271 - [Progress 53] save : 10, err : 0, remain_work : 3, total : 56
2018-10-19 09:40:20 INFO  Crawler:271 - [Progress 54] save : 11, err : 0, remain_work : 2, total : 56
2018-10-19 09:40:20 INFO  Crawler:271 - [Progress 55] save : 11, err : 0, remain_work : 1, total : 56
2018-10-19 09:40:20 INFO  Crawler:271 - [Progress 56] save : 11, err : 0, remain_work : 2, total : 58
2018-10-19 09:40:20 INFO  Crawler:271 - [Progress 57] save : 11, err : 0, remain_work : 4, total : 61
2018-10-19 09:40:20 INFO  Crawler:271 - [Progress 58] save : 11, err : 0, remain_work : 3, total : 61
2018-10-19 09:40:21 INFO  Crawler:271 - [Progress 59] save : 12, err : 0, remain_work : 2, total : 61
2018-10-19 09:40:22 INFO  Crawler:271 - [Progress 60] save : 12, err : 0, remain_work : 1, total : 61
2018-10-19 09:40:22 INFO  Crawler:271 - [Progress 61] save : 12, err : 0, remain_work : 2, total : 63
2018-10-19 09:40:22 INFO  Crawler:271 - [Progress 62] save : 12, err : 0, remain_work : 4, total : 66
2018-10-19 09:40:22 INFO  Crawler:271 - [Progress 63] save : 12, err : 0, remain_work : 3, total : 66
2018-10-19 09:40:23 INFO  Crawler:271 - [Progress 64] save : 13, err : 0, remain_work : 2, total : 66
2018-10-19 09:40:23 INFO  Crawler:271 - [Progress 65] save : 13, err : 0, remain_work : 1, total : 66
2018-10-19 09:40:23 INFO  Crawler:271 - [Progress 66] save : 13, err : 0, remain_work : 2, total : 68
2018-10-19 09:40:24 INFO  Crawler:271 - [Progress 67] save : 13, err : 0, remain_work : 4, total : 71
2018-10-19 09:40:24 INFO  Crawler:271 - [Progress 68] save : 13, err : 0, remain_work : 3, total : 71
2018-10-19 15:05:05 INFO  Crawler:228 - ============== Start Crawler =============
2018-10-19 15:05:05 INFO  Crawler:229 - CONFIG FILE    : ./config/config_action.json
2018-10-19 15:05:05 INFO  Crawler:231 - CMD PARAM 00   : 그래픽카드
2018-10-19 15:05:05 INFO  Crawler:233 - CRAWLER NAME   : 액션기반 크롤링
2018-10-19 15:05:05 INFO  Crawler:234 - CRAWLER TYPE   : SCENARIO_DYNAMIC
2018-10-19 15:05:05 INFO  Crawler:235 - IGNORE ROBOTS  : true
2018-10-19 15:05:05 INFO  Crawler:236 - FILTER COUNT   : 0
2018-10-19 15:05:05 INFO  Crawler:240 - SCENARIO COUNT : 2
2018-10-19 15:05:05 INFO  Crawler:241 - COLLECT COUNT  : 1
2018-10-19 15:05:05 INFO  Crawler:242 - SAVE TYPE      : CSV
2018-10-19 15:05:05 INFO  Crawler:243 - ==========================================
2018-10-19 15:05:12 INFO  Crawler:271 - [Progress 1] save : 0, err : 0, remain_work : 2, total : 3
2018-10-19 15:05:12 INFO  Crawler:271 - [Progress 2] save : 0, err : 0, remain_work : 4, total : 6
2018-10-19 15:05:12 INFO  Crawler:271 - [Progress 3] save : 0, err : 0, remain_work : 3, total : 6
2018-10-19 15:05:13 INFO  Crawler:271 - [Progress 4] save : 1, err : 0, remain_work : 2, total : 6
2018-10-19 15:05:13 INFO  Crawler:271 - [Progress 5] save : 1, err : 0, remain_work : 1, total : 6
2018-10-19 15:05:14 INFO  Crawler:271 - [Progress 6] save : 1, err : 0, remain_work : 2, total : 8
2018-10-19 15:05:14 INFO  Crawler:271 - [Progress 7] save : 1, err : 0, remain_work : 4, total : 11
2018-10-19 15:05:14 INFO  Crawler:271 - [Progress 8] save : 1, err : 0, remain_work : 3, total : 11
2018-10-19 15:05:15 INFO  Crawler:271 - [Progress 9] save : 2, err : 0, remain_work : 2, total : 11
2018-10-19 15:05:16 INFO  Crawler:271 - [Progress 10] save : 2, err : 0, remain_work : 1, total : 11
2018-10-19 15:05:16 INFO  Crawler:305 - ============== Finish Crawler =============
2018-10-19 15:05:16 INFO  Crawler:306 - [total time] 00:00:06
2018-10-19 15:05:16 INFO  Crawler:307 - [save contents] 2
2018-10-19 15:05:16 INFO  Crawler:308 - [error work] 0
2018-10-19 15:05:16 INFO  Crawler:309 - [remain work] 0
2018-10-19 15:05:16 INFO  Crawler:310 - [total processed work] 10
2018-10-19 15:33:24 INFO  Crawler:228 - ============== Start Crawler =============
2018-10-19 15:33:24 INFO  Crawler:229 - CONFIG FILE    : ./config/config_action.json
2018-10-19 15:33:24 INFO  Crawler:231 - CMD PARAM 00   : 그래픽카드
2018-10-19 15:33:24 INFO  Crawler:233 - CRAWLER NAME   : 액션기반 크롤링
2018-10-19 15:33:24 INFO  Crawler:234 - CRAWLER TYPE   : SCENARIO_DYNAMIC
2018-10-19 15:33:24 INFO  Crawler:235 - IGNORE ROBOTS  : true
2018-10-19 15:33:24 INFO  Crawler:236 - FILTER COUNT   : 0
2018-10-19 15:33:24 INFO  Crawler:240 - SCENARIO COUNT : 2
2018-10-19 15:33:24 INFO  Crawler:241 - COLLECT COUNT  : 1
2018-10-19 15:33:24 INFO  Crawler:242 - SAVE TYPE      : CSV
2018-10-19 15:33:24 INFO  Crawler:243 - ==========================================
2018-10-19 15:33:30 INFO  Crawler:271 - [Progress 1] save : 0, err : 0, remain_work : 2, total : 3
2018-10-19 15:33:30 INFO  Crawler:271 - [Progress 2] save : 0, err : 0, remain_work : 4, total : 6
2018-10-19 15:33:30 INFO  Crawler:271 - [Progress 3] save : 0, err : 0, remain_work : 3, total : 6
2018-10-19 15:33:32 INFO  Crawler:271 - [Progress 4] save : 1, err : 0, remain_work : 2, total : 6
2018-10-19 15:33:32 INFO  Crawler:271 - [Progress 5] save : 1, err : 0, remain_work : 1, total : 6
2018-10-19 15:33:32 INFO  Crawler:271 - [Progress 6] save : 1, err : 0, remain_work : 2, total : 8
2018-10-19 15:33:33 INFO  Crawler:271 - [Progress 7] save : 1, err : 0, remain_work : 4, total : 11
2018-10-19 15:33:33 INFO  Crawler:271 - [Progress 8] save : 1, err : 0, remain_work : 3, total : 11
2018-10-19 15:33:35 INFO  Crawler:271 - [Progress 9] save : 2, err : 0, remain_work : 2, total : 11
2018-10-19 15:33:35 INFO  Crawler:271 - [Progress 10] save : 2, err : 0, remain_work : 1, total : 11
2018-10-19 15:33:35 INFO  Crawler:305 - ============== Finish Crawler =============
2018-10-19 15:33:35 INFO  Crawler:306 - [total time] 00:00:07
2018-10-19 15:33:35 INFO  Crawler:307 - [save contents] 2
2018-10-19 15:33:35 INFO  Crawler:308 - [error work] 0
2018-10-19 15:33:35 INFO  Crawler:309 - [remain work] 0
2018-10-19 15:33:35 INFO  Crawler:310 - [total processed work] 10
2018-10-19 15:34:27 INFO  Crawler:228 - ============== Start Crawler =============
2018-10-19 15:34:27 INFO  Crawler:229 - CONFIG FILE    : ./config/config_action.json
2018-10-19 15:34:27 INFO  Crawler:231 - CMD PARAM 00   : 그래픽카드
2018-10-19 15:34:27 INFO  Crawler:233 - CRAWLER NAME   : 액션기반 크롤링
2018-10-19 15:34:27 INFO  Crawler:234 - CRAWLER TYPE   : SCENARIO_DYNAMIC
2018-10-19 15:34:27 INFO  Crawler:235 - IGNORE ROBOTS  : true
2018-10-19 15:34:27 INFO  Crawler:236 - FILTER COUNT   : 0
2018-10-19 15:34:27 INFO  Crawler:240 - SCENARIO COUNT : 2
2018-10-19 15:34:27 INFO  Crawler:241 - COLLECT COUNT  : 1
2018-10-19 15:34:27 INFO  Crawler:242 - SAVE TYPE      : CSV
2018-10-19 15:34:27 INFO  Crawler:243 - SAVE HTML      : true
2018-10-19 15:34:27 INFO  Crawler:244 - ==========================================
2018-10-19 15:34:33 INFO  Crawler:272 - [Progress 1] save : 0, err : 0, remain_work : 2, total : 3
2018-10-19 15:34:33 INFO  Crawler:272 - [Progress 2] save : 0, err : 0, remain_work : 4, total : 6
2018-10-19 15:34:33 INFO  Crawler:272 - [Progress 3] save : 0, err : 0, remain_work : 3, total : 6
2018-10-19 15:34:34 INFO  Crawler:272 - [Progress 4] save : 1, err : 0, remain_work : 2, total : 6
2018-10-19 15:34:34 INFO  Crawler:272 - [Progress 5] save : 1, err : 0, remain_work : 1, total : 6
2018-10-19 15:34:35 INFO  Crawler:272 - [Progress 6] save : 1, err : 0, remain_work : 2, total : 8
2018-10-19 15:34:35 INFO  Crawler:272 - [Progress 7] save : 1, err : 0, remain_work : 4, total : 11
2018-10-19 15:34:35 INFO  Crawler:272 - [Progress 8] save : 1, err : 0, remain_work : 3, total : 11
2018-10-19 15:34:36 INFO  Crawler:272 - [Progress 9] save : 2, err : 0, remain_work : 2, total : 11
2018-10-19 15:34:36 INFO  Crawler:272 - [Progress 10] save : 2, err : 0, remain_work : 1, total : 11
2018-10-19 15:34:37 INFO  Crawler:306 - ============== Finish Crawler =============
2018-10-19 15:34:37 INFO  Crawler:307 - [total time] 00:00:05
2018-10-19 15:34:37 INFO  Crawler:308 - [save contents] 2
2018-10-19 15:34:37 INFO  Crawler:309 - [error work] 0
2018-10-19 15:34:37 INFO  Crawler:310 - [remain work] 0
2018-10-19 15:34:37 INFO  Crawler:311 - [total processed work] 10
2018-10-19 15:35:25 INFO  Crawler:228 - ============== Start Crawler =============
2018-10-19 15:35:25 INFO  Crawler:229 - CONFIG FILE    : ./config/config_action.json
2018-10-19 15:35:25 INFO  Crawler:231 - CMD PARAM 00   : 그래픽카드
2018-10-19 15:35:25 INFO  Crawler:233 - CRAWLER NAME   : 액션기반 크롤링
2018-10-19 15:35:25 INFO  Crawler:234 - CRAWLER TYPE   : SCENARIO_DYNAMIC
2018-10-19 15:35:25 INFO  Crawler:235 - IGNORE ROBOTS  : true
2018-10-19 15:35:25 INFO  Crawler:236 - FILTER COUNT   : 0
2018-10-19 15:35:25 INFO  Crawler:240 - SCENARIO COUNT : 2
2018-10-19 15:35:25 INFO  Crawler:241 - COLLECT COUNT  : 1
2018-10-19 15:35:25 INFO  Crawler:242 - SAVE TYPE      : CSV
2018-10-19 15:35:25 INFO  Crawler:243 - SAVE HTML      : true
2018-10-19 15:35:25 INFO  Crawler:244 - ==========================================
2018-10-19 15:35:31 INFO  Crawler:272 - [Progress 1] save : 0, err : 0, remain_work : 2, total : 3
2018-10-19 15:35:32 INFO  Crawler:272 - [Progress 2] save : 0, err : 0, remain_work : 4, total : 6
2018-10-19 15:35:32 INFO  Crawler:272 - [Progress 3] save : 0, err : 0, remain_work : 3, total : 6
2018-10-19 15:35:33 INFO  Crawler:272 - [Progress 4] save : 1, err : 0, remain_work : 2, total : 6
2018-10-19 15:35:33 INFO  Crawler:272 - [Progress 5] save : 1, err : 0, remain_work : 1, total : 6
2018-10-19 15:35:34 INFO  Crawler:272 - [Progress 6] save : 1, err : 0, remain_work : 2, total : 8
2018-10-19 15:35:34 INFO  Crawler:272 - [Progress 7] save : 1, err : 0, remain_work : 4, total : 11
2018-10-19 15:35:34 INFO  Crawler:272 - [Progress 8] save : 1, err : 0, remain_work : 3, total : 11
2018-10-19 15:35:35 INFO  Crawler:272 - [Progress 9] save : 2, err : 0, remain_work : 2, total : 11
2018-10-19 15:35:35 INFO  Crawler:272 - [Progress 10] save : 2, err : 0, remain_work : 1, total : 11
2018-10-19 15:35:36 INFO  Crawler:306 - ============== Finish Crawler =============
2018-10-19 15:35:36 INFO  Crawler:307 - [total time] 00:00:06
2018-10-19 15:35:36 INFO  Crawler:308 - [save contents] 2
2018-10-19 15:35:36 INFO  Crawler:309 - [error work] 0
2018-10-19 15:35:36 INFO  Crawler:310 - [remain work] 0
2018-10-19 15:35:36 INFO  Crawler:311 - [total processed work] 10
2018-10-19 15:36:36 INFO  Crawler:228 - ============== Start Crawler =============
2018-10-19 15:36:36 INFO  Crawler:229 - CONFIG FILE    : ./config/config_action.json
2018-10-19 15:36:36 INFO  Crawler:231 - CMD PARAM 00   : 그래픽카드
2018-10-19 15:36:36 INFO  Crawler:233 - CRAWLER NAME   : 액션기반_크롤링
2018-10-19 15:36:36 INFO  Crawler:234 - CRAWLER TYPE   : SCENARIO_DYNAMIC
2018-10-19 15:36:36 INFO  Crawler:235 - IGNORE ROBOTS  : true
2018-10-19 15:36:36 INFO  Crawler:236 - FILTER COUNT   : 0
2018-10-19 15:36:36 INFO  Crawler:240 - SCENARIO COUNT : 2
2018-10-19 15:36:36 INFO  Crawler:241 - COLLECT COUNT  : 1
2018-10-19 15:36:36 INFO  Crawler:242 - SAVE TYPE      : CSV
2018-10-19 15:36:36 INFO  Crawler:243 - SAVE HTML      : true
2018-10-19 15:36:36 INFO  Crawler:244 - ==========================================
2018-10-19 15:36:43 INFO  Crawler:272 - [Progress 1] save : 0, err : 0, remain_work : 2, total : 3
2018-10-19 15:36:43 INFO  Crawler:272 - [Progress 2] save : 0, err : 0, remain_work : 4, total : 6
2018-10-19 15:36:43 INFO  Crawler:272 - [Progress 3] save : 0, err : 0, remain_work : 3, total : 6
2018-10-19 15:36:45 INFO  Crawler:272 - [Progress 4] save : 1, err : 0, remain_work : 2, total : 6
2018-10-19 15:36:45 INFO  Crawler:272 - [Progress 5] save : 1, err : 0, remain_work : 1, total : 6
2018-10-19 15:36:45 INFO  Crawler:272 - [Progress 6] save : 1, err : 0, remain_work : 2, total : 8
2018-10-19 15:36:45 INFO  Crawler:272 - [Progress 7] save : 1, err : 0, remain_work : 4, total : 11
2018-10-19 15:36:45 INFO  Crawler:272 - [Progress 8] save : 1, err : 0, remain_work : 3, total : 11
2018-10-19 15:36:47 INFO  Crawler:272 - [Progress 9] save : 2, err : 0, remain_work : 2, total : 11
2018-10-19 15:36:47 INFO  Crawler:272 - [Progress 10] save : 2, err : 0, remain_work : 1, total : 11
2018-10-19 15:36:48 INFO  Crawler:306 - ============== Finish Crawler =============
2018-10-19 15:36:48 INFO  Crawler:307 - [total time] 00:00:06
2018-10-19 15:36:48 INFO  Crawler:308 - [save contents] 2
2018-10-19 15:36:48 INFO  Crawler:309 - [error work] 0
2018-10-19 15:36:48 INFO  Crawler:310 - [remain work] 0
2018-10-19 15:36:48 INFO  Crawler:311 - [total processed work] 10
2018-10-19 15:39:40 INFO  Crawler:228 - ============== Start Crawler =============
2018-10-19 15:39:40 INFO  Crawler:229 - CONFIG FILE    : ./config/config_action.json
2018-10-19 15:39:40 INFO  Crawler:231 - CMD PARAM 00   : 그래픽카드
2018-10-19 15:39:40 INFO  Crawler:233 - CRAWLER NAME   : 액션기반_크롤링
2018-10-19 15:39:40 INFO  Crawler:234 - CRAWLER TYPE   : SCENARIO_DYNAMIC
2018-10-19 15:39:40 INFO  Crawler:235 - IGNORE ROBOTS  : true
2018-10-19 15:39:40 INFO  Crawler:236 - FILTER COUNT   : 0
2018-10-19 15:39:40 INFO  Crawler:240 - SCENARIO COUNT : 2
2018-10-19 15:39:40 INFO  Crawler:241 - COLLECT COUNT  : 1
2018-10-19 15:39:40 INFO  Crawler:242 - SAVE TYPE      : CSV
2018-10-19 15:39:40 INFO  Crawler:243 - SAVE HTML      : true
2018-10-19 15:39:40 INFO  Crawler:244 - ==========================================
2018-10-19 15:39:46 INFO  Crawler:272 - [Progress 1] save : 0, err : 0, remain_work : 2, total : 3
2018-10-19 15:39:47 INFO  Crawler:272 - [Progress 2] save : 0, err : 0, remain_work : 4, total : 6
2018-10-19 15:39:47 INFO  Crawler:272 - [Progress 3] save : 0, err : 0, remain_work : 3, total : 6
2018-10-19 15:39:48 INFO  Crawler:272 - [Progress 4] save : 1, err : 0, remain_work : 2, total : 6
2018-10-19 15:39:48 INFO  Crawler:272 - [Progress 5] save : 1, err : 0, remain_work : 1, total : 6
2018-10-19 15:39:48 INFO  Crawler:272 - [Progress 6] save : 1, err : 0, remain_work : 2, total : 8
2018-10-19 15:39:49 INFO  Crawler:272 - [Progress 7] save : 1, err : 0, remain_work : 4, total : 11
2018-10-19 15:39:49 INFO  Crawler:272 - [Progress 8] save : 1, err : 0, remain_work : 3, total : 11
2018-10-19 15:39:50 INFO  Crawler:272 - [Progress 9] save : 2, err : 0, remain_work : 2, total : 11
2018-10-19 15:39:50 INFO  Crawler:272 - [Progress 10] save : 2, err : 0, remain_work : 1, total : 11
2018-10-19 15:39:51 INFO  Crawler:306 - ============== Finish Crawler =============
2018-10-19 15:39:51 INFO  Crawler:307 - [total time] 00:00:06
2018-10-19 15:39:51 INFO  Crawler:308 - [save contents] 2
2018-10-19 15:39:51 INFO  Crawler:309 - [error work] 0
2018-10-19 15:39:51 INFO  Crawler:310 - [remain work] 0
2018-10-19 15:39:51 INFO  Crawler:311 - [total processed work] 10
