2018-11-01 19:10:24 INFO  Crawler:218 - ============== Start Crawler =============
2018-11-01 19:10:24 INFO  Crawler:219 - CONFIG FILE    : ./config/config_action.json
2018-11-01 19:10:24 INFO  Crawler:221 - CMD PARAM 00   : 그래픽카드
2018-11-01 19:10:24 INFO  Crawler:223 - CRAWLER NAME   : 액션기반_크롤링
2018-11-01 19:10:24 INFO  Crawler:224 - CRAWLER TYPE   : SCENARIO_DYNAMIC
2018-11-01 19:10:24 INFO  Crawler:225 - IGNORE ROBOTS  : false
2018-11-01 19:10:24 INFO  Crawler:226 - LIMIT_COUNT    : 16
2018-11-01 19:10:24 INFO  Crawler:227 - FILTER COUNT   : 0
2018-11-01 19:10:24 INFO  Crawler:231 - SCENARIO COUNT : 2
2018-11-01 19:10:24 INFO  Crawler:232 - COLLECT COUNT  : 1
2018-11-01 19:10:24 INFO  Crawler:233 - SAVE TYPE      : CSV
2018-11-01 19:10:24 INFO  Crawler:234 - SAVE HTML      : true
2018-11-01 19:10:24 INFO  Crawler:235 - ==========================================
2018-11-01 19:10:30 INFO  Crawler:264 - [Progress 1] save : 0, err : 0, remain_work : 1, total : 2
2018-11-01 19:10:33 INFO  Crawler:264 - [Progress 2] save : 0, err : 0, remain_work : 3, total : 5
2018-11-01 19:10:33 INFO  Crawler:264 - [Progress 3] save : 0, err : 0, remain_work : 2, total : 5
2018-11-01 19:10:34 INFO  Crawler:264 - [Progress 4] save : 0, err : 0, remain_work : 4, total : 8
2018-11-01 19:10:35 INFO  Crawler:264 - [Progress 5] save : 0, err : 0, remain_work : 3, total : 8
2018-11-01 19:10:45 ERROR Crawler:257 - [ERR URL] http://search.wemakeprice.com?search_keyword=%EA%B7%B8%EB%9E%98%ED%94%BD%EC%B9%B4%EB%93%9C
2018-11-01 19:10:45 ERROR Crawler:260 - L ERR_ACTION : .deal_tit4324
2018-11-01 19:10:45 INFO  Crawler:264 - [Progress 6] save : 0, err : 1, remain_work : 2, total : 8
2018-11-01 19:10:45 INFO  Crawler:264 - [Progress 7] save : 0, err : 1, remain_work : 1, total : 8
2018-11-01 19:10:46 INFO  Crawler:264 - [Progress 8] save : 0, err : 1, remain_work : 3, total : 11
2018-11-01 19:10:46 INFO  Crawler:264 - [Progress 9] save : 0, err : 1, remain_work : 2, total : 11
2018-11-01 19:10:46 INFO  Crawler:264 - [Progress 10] save : 0, err : 1, remain_work : 4, total : 14
2018-11-01 19:10:47 INFO  Crawler:264 - [Progress 11] save : 0, err : 1, remain_work : 3, total : 14
2018-11-01 19:10:57 ERROR Crawler:257 - [ERR URL] http://search.wemakeprice.com?search_keyword=%EA%B7%B8%EB%9E%98%ED%94%BD%EC%B9%B4%EB%93%9C
2018-11-01 19:10:57 ERROR Crawler:260 - L ERR_ACTION : .deal_tit4324
2018-11-01 19:10:57 INFO  Crawler:264 - [Progress 12] save : 0, err : 2, remain_work : 2, total : 14
2018-11-01 19:10:57 INFO  Crawler:264 - [Progress 13] save : 0, err : 2, remain_work : 1, total : 14
2018-11-01 19:10:57 INFO  Crawler:264 - [Progress 14] save : 0, err : 2, remain_work : 3, total : 17
2018-11-01 19:10:57 INFO  Crawler:264 - [Progress 15] save : 0, err : 2, remain_work : 2, total : 17
2018-11-01 19:10:58 INFO  Crawler:264 - [Progress 16] save : 0, err : 2, remain_work : 4, total : 20
2018-11-01 19:10:58 INFO  Crawler:264 - [Progress 17] save : 0, err : 2, remain_work : 3, total : 20
