2018-11-07 17:24:19 INFO  Crawler:218 - ============== Start Crawler =============
2018-11-07 17:24:19 INFO  Crawler:219 - CONFIG FILE    : ./config/config_naver_news.json
2018-11-07 17:24:19 INFO  Crawler:223 - CRAWLER NAME   : naver_news
2018-11-07 17:24:19 INFO  Crawler:224 - CRAWLER TYPE   : SCENARIO_STATIC
2018-11-07 17:24:19 INFO  Crawler:225 - CRAWLER DELAY  : 3 sec
2018-11-07 17:24:19 INFO  Crawler:226 - IGNORE ROBOTS  : true
2018-11-07 17:24:19 INFO  Crawler:227 - LIMIT_COUNT    : -1
2018-11-07 17:24:19 INFO  Crawler:228 - FILTER COUNT   : 0
2018-11-07 17:24:19 INFO  Crawler:232 - SCENARIO COUNT : 5
2018-11-07 17:24:19 INFO  Crawler:233 - COLLECT COUNT  : 1
2018-11-07 17:24:19 INFO  Crawler:234 - SAVE TYPE      : DB
2018-11-07 17:24:19 INFO  Crawler:235 - SAVE HTML      : false
2018-11-07 17:24:19 INFO  Crawler:236 - ==========================================
2018-11-07 17:24:23 INFO  Crawler:266 - [Progress 1] save : 0, err : 0, remain_work : 6, total : 7
2018-11-07 17:24:27 INFO  Crawler:266 - [Progress 2] save : 0, err : 0, remain_work : 34, total : 36
2018-11-07 17:24:30 INFO  Crawler:266 - [Progress 3] save : 0, err : 0, remain_work : 74, total : 77
2018-11-07 17:24:33 ERROR Crawler:258 - [ERR URL] https://news.naver.com/main/list.nhn?mode=LPOD&mid=sec&oid=293
2018-11-07 17:24:33 ERROR Crawler:261 - L ERR_SCEN_ELEMENT : #main_content > div.paging > a
2018-11-07 17:24:33 INFO  Crawler:266 - [Progress 4] save : 0, err : 1, remain_work : 101, total : 105
2018-11-07 17:24:36 INFO  Crawler:266 - [Progress 5] save : 0, err : 1, remain_work : 134, total : 139
2018-11-07 17:24:39 INFO  Crawler:266 - [Progress 6] save : 0, err : 1, remain_work : 173, total : 179
2018-11-07 17:24:42 INFO  Crawler:266 - [Progress 7] save : 0, err : 1, remain_work : 204, total : 211
2018-11-07 17:24:46 INFO  Crawler:266 - [Progress 8] save : 0, err : 1, remain_work : 232, total : 240
2018-11-07 17:24:49 INFO  Crawler:266 - [Progress 9] save : 0, err : 1, remain_work : 272, total : 281
2018-11-07 17:24:52 ERROR Crawler:258 - [ERR URL] https://news.naver.com/main/list.nhn?mode=LPOD&mid=sec&oid=293
2018-11-07 17:24:52 ERROR Crawler:261 - L ERR_SCEN_ELEMENT : #main_content > div.paging > a
2018-11-07 17:24:52 INFO  Crawler:266 - [Progress 10] save : 0, err : 2, remain_work : 299, total : 309
2018-11-07 17:24:55 INFO  Crawler:266 - [Progress 11] save : 0, err : 2, remain_work : 332, total : 343
2018-11-07 17:24:58 INFO  Crawler:266 - [Progress 12] save : 0, err : 2, remain_work : 371, total : 383
2018-11-07 17:25:01 INFO  Crawler:266 - [Progress 13] save : 0, err : 2, remain_work : 402, total : 415
2018-11-07 17:25:04 INFO  Crawler:266 - [Progress 14] save : 0, err : 2, remain_work : 401, total : 415
2018-11-07 17:25:07 INFO  Crawler:266 - [Progress 15] save : 0, err : 2, remain_work : 400, total : 415
2018-11-07 17:25:10 INFO  Crawler:266 - [Progress 16] save : 0, err : 2, remain_work : 399, total : 415
2018-11-07 17:25:13 INFO  Crawler:266 - [Progress 17] save : 1, err : 2, remain_work : 398, total : 415
2018-11-07 17:25:17 INFO  Crawler:266 - [Progress 18] save : 1, err : 2, remain_work : 397, total : 415
2018-11-07 17:25:20 INFO  Crawler:266 - [Progress 19] save : 1, err : 2, remain_work : 396, total : 415
2018-11-07 17:25:23 INFO  Crawler:266 - [Progress 20] save : 1, err : 2, remain_work : 395, total : 415
2018-11-07 17:25:26 INFO  Crawler:266 - [Progress 21] save : 2, err : 2, remain_work : 394, total : 415
2018-11-07 17:25:29 INFO  Crawler:266 - [Progress 22] save : 3, err : 2, remain_work : 393, total : 415
2018-11-07 17:25:32 INFO  Crawler:266 - [Progress 23] save : 4, err : 2, remain_work : 392, total : 415
2018-11-07 17:25:35 INFO  Crawler:266 - [Progress 24] save : 5, err : 2, remain_work : 391, total : 415
2018-11-07 17:25:38 INFO  Crawler:266 - [Progress 25] save : 5, err : 2, remain_work : 390, total : 415
2018-11-07 17:25:41 INFO  Crawler:266 - [Progress 26] save : 6, err : 2, remain_work : 389, total : 415
2018-11-07 17:25:44 INFO  Crawler:266 - [Progress 27] save : 6, err : 2, remain_work : 388, total : 415
2018-11-07 17:25:47 INFO  Crawler:266 - [Progress 28] save : 7, err : 2, remain_work : 387, total : 415
2018-11-07 17:25:51 INFO  Crawler:266 - [Progress 29] save : 7, err : 2, remain_work : 386, total : 415
2018-11-07 17:25:54 INFO  Crawler:266 - [Progress 30] save : 7, err : 2, remain_work : 385, total : 415
2018-11-07 17:25:57 INFO  Crawler:266 - [Progress 31] save : 8, err : 2, remain_work : 384, total : 415
2018-11-07 17:26:00 INFO  Crawler:266 - [Progress 32] save : 8, err : 2, remain_work : 383, total : 415
2018-11-07 17:26:03 INFO  Crawler:266 - [Progress 33] save : 9, err : 2, remain_work : 382, total : 415
