2018-11-20 10:22:19 INFO  Crawler:229 - ============== Start Crawler =============
2018-11-20 10:22:19 INFO  Crawler:230 - CONFIG FILE    : ./config/config_naver_shopping_category.json
2018-11-20 10:22:19 INFO  Crawler:232 - ARG LIST COUNT : 366
2018-11-20 10:22:19 INFO  Crawler:237 - CMD PARAM 00   : 기아
2018-11-20 10:22:19 INFO  Crawler:240 - CRAWLER NAME   : naver_category
2018-11-20 10:22:19 INFO  Crawler:241 - CRAWLER TYPE   : SCENARIO_DYNAMIC
2018-11-20 10:22:19 INFO  Crawler:242 - CRAWLER DELAY  : 0.0 sec
2018-11-20 10:22:19 INFO  Crawler:243 - IGNORE ROBOTS  : true
2018-11-20 10:22:19 INFO  Crawler:244 - LIMIT_COUNT    : 9000
2018-11-20 10:22:19 INFO  Crawler:245 - FILTER COUNT   : 0
2018-11-20 10:22:19 INFO  Crawler:249 - SCENARIO COUNT : 1
2018-11-20 10:22:19 INFO  Crawler:250 - COLLECT COUNT  : 1
2018-11-20 10:22:19 INFO  Crawler:251 - SAVE TYPE      : DB
2018-11-20 10:22:19 INFO  Crawler:252 - SAVE HTML      : false
2018-11-20 10:22:19 INFO  Crawler:253 - ==========================================
2018-11-20 10:22:26 ERROR Crawler:288 - [ERR URL] https://search.shopping.naver.com/search/all.nhn?frm=NVSHATC&pagingSize=80&query=%EA%B8%B0%EC%95%84
2018-11-20 10:22:26 ERROR Crawler:292 - L ERR : null
java.lang.NullPointerException
2018-11-20 10:22:26 INFO  Crawler:297 - [Progress 1] elaped time : 00:00:06, curSave : 0, Totalsave : 0, curErr : 1, totalErr : 1, remain_work : 0, total : 1
2018-11-20 10:22:26 INFO  Crawler:256 - ============== update params =============
2018-11-20 10:22:26 INFO  Crawler:259 - CMD PARAM 00   : 현대
2018-11-20 10:22:26 INFO  Crawler:261 - ==========================================
2018-11-20 10:22:28 ERROR Crawler:288 - [ERR URL] https://search.shopping.naver.com/search/all.nhn?frm=NVSHATC&pagingSize=80&query=%ED%98%84%EB%8C%80
2018-11-20 10:22:28 ERROR Crawler:292 - L ERR : null
java.lang.NullPointerException
2018-11-20 10:22:28 INFO  Crawler:297 - [Progress 2] elaped time : 00:00:08, curSave : 0, Totalsave : 0, curErr : 1, totalErr : 2, remain_work : 0, total : 2
2018-11-20 10:22:28 INFO  Crawler:256 - ============== update params =============
2018-11-20 10:22:28 INFO  Crawler:259 - CMD PARAM 00   : 때
2018-11-20 10:22:28 INFO  Crawler:261 - ==========================================
2018-11-20 10:22:31 ERROR Crawler:288 - [ERR URL] https://search.shopping.naver.com/search/all.nhn?frm=NVSHATC&pagingSize=80&query=%EB%95%8C
2018-11-20 10:22:31 ERROR Crawler:292 - L ERR : null
java.lang.NullPointerException
2018-11-20 10:22:31 INFO  Crawler:297 - [Progress 3] elaped time : 00:00:11, curSave : 0, Totalsave : 0, curErr : 1, totalErr : 3, remain_work : 0, total : 3
2018-11-20 10:22:31 INFO  Crawler:256 - ============== update params =============
2018-11-20 10:22:31 INFO  Crawler:259 - CMD PARAM 00   : 때문
2018-11-20 10:22:31 INFO  Crawler:261 - ==========================================
2018-11-20 10:22:33 ERROR Crawler:288 - [ERR URL] https://search.shopping.naver.com/search/all.nhn?frm=NVSHATC&pagingSize=80&query=%EB%95%8C%EB%AC%B8
2018-11-20 10:22:33 ERROR Crawler:292 - L ERR : null
java.lang.NullPointerException
2018-11-20 10:22:33 INFO  Crawler:297 - [Progress 4] elaped time : 00:00:14, curSave : 0, Totalsave : 0, curErr : 1, totalErr : 4, remain_work : 0, total : 4
2018-11-20 10:22:34 INFO  Crawler:256 - ============== update params =============
2018-11-20 10:22:34 INFO  Crawler:259 - CMD PARAM 00   : 경우
2018-11-20 10:22:34 INFO  Crawler:261 - ==========================================
2018-11-20 10:22:36 ERROR Crawler:288 - [ERR URL] https://search.shopping.naver.com/search/all.nhn?frm=NVSHATC&pagingSize=80&query=%EA%B2%BD%EC%9A%B0
2018-11-20 10:22:36 ERROR Crawler:292 - L ERR : null
java.lang.NullPointerException
2018-11-20 10:22:36 INFO  Crawler:297 - [Progress 5] elaped time : 00:00:16, curSave : 0, Totalsave : 0, curErr : 1, totalErr : 5, remain_work : 0, total : 5
2018-11-20 10:22:37 INFO  Crawler:256 - ============== update params =============
2018-11-20 10:22:37 INFO  Crawler:259 - CMD PARAM 00   : 것
2018-11-20 10:22:37 INFO  Crawler:261 - ==========================================
2018-11-20 10:22:39 ERROR Crawler:288 - [ERR URL] https://search.shopping.naver.com/search/all.nhn?frm=NVSHATC&pagingSize=80&query=%EA%B2%83
2018-11-20 10:22:39 ERROR Crawler:292 - L ERR : null
java.lang.NullPointerException
2018-11-20 10:22:39 INFO  Crawler:297 - [Progress 6] elaped time : 00:00:19, curSave : 0, Totalsave : 0, curErr : 1, totalErr : 6, remain_work : 0, total : 6
2018-11-20 10:22:39 INFO  Crawler:256 - ============== update params =============
2018-11-20 10:22:39 INFO  Crawler:259 - CMD PARAM 00   : 나
2018-11-20 10:22:39 INFO  Crawler:261 - ==========================================
