2018-11-20 11:17:05 INFO  Crawler:229 - ============== Start Crawler =============
2018-11-20 11:17:05 INFO  Crawler:230 - CONFIG FILE    : ./config/config_naver_shopping_category.json
2018-11-20 11:17:05 INFO  Crawler:232 - ARG LIST COUNT : 366
2018-11-20 11:17:05 INFO  Crawler:237 - CMD PARAM 00   : 기아
2018-11-20 11:17:05 INFO  Crawler:240 - CRAWLER NAME   : naver_category
2018-11-20 11:17:05 INFO  Crawler:241 - CRAWLER TYPE   : SCENARIO_DYNAMIC
2018-11-20 11:17:05 INFO  Crawler:242 - CRAWLER DELAY  : 0.166 sec
2018-11-20 11:17:05 INFO  Crawler:243 - IGNORE ROBOTS  : true
2018-11-20 11:17:05 INFO  Crawler:244 - LIMIT_COUNT    : 9000
2018-11-20 11:17:05 INFO  Crawler:245 - FILTER COUNT   : 0
2018-11-20 11:17:05 INFO  Crawler:249 - SCENARIO COUNT : 1
2018-11-20 11:17:05 INFO  Crawler:250 - COLLECT COUNT  : 1
2018-11-20 11:17:05 INFO  Crawler:251 - SAVE TYPE      : DB
2018-11-20 11:17:05 INFO  Crawler:252 - SAVE HTML      : false
2018-11-20 11:17:05 INFO  Crawler:253 - ==========================================
2018-11-20 11:17:11 INFO  Crawler:297 - [Progress 1] elaped time : 00:00:06, curSave : 0, Totalsave : 0, curErr : 0, totalErr : 0, remain_work : 3, total : 4
2018-11-20 11:17:11 ERROR Crawler:288 - [ERR URL] https://search.shopping.naver.com/search/all.nhn?frm=NVSHATC&pagingSize=80&query=%EA%B8%B0%EC%95%84
2018-11-20 11:17:11 ERROR Crawler:292 - L ERR_WRITE : Contents write failed : Duplicate entry '13542071241' for key 'PRIMARY'
2018-11-20 11:17:11 ERROR Crawler:292 - L ERR_WRITE : Contents write failed : Duplicate entry '13469862595' for key 'PRIMARY'
2018-11-20 11:17:11 ERROR Crawler:292 - L ERR_WRITE : Contents write failed : Duplicate entry '81349328290' for key 'PRIMARY'
2018-11-20 11:17:11 ERROR Crawler:292 - L ERR_WRITE : Contents write failed : Duplicate entry '10587370024' for key 'PRIMARY'
2018-11-20 11:17:11 ERROR Crawler:292 - L ERR_WRITE : Contents write failed : Duplicate entry '10591890531' for key 'PRIMARY'
2018-11-20 11:17:11 ERROR Crawler:292 - L ERR_WRITE : Contents write failed : Duplicate entry '9745212006' for key 'PRIMARY'
2018-11-20 11:17:11 ERROR Crawler:292 - L ERR_WRITE : Contents write failed : Duplicate entry '13470070947' for key 'PRIMARY'
2018-11-20 11:17:11 ERROR Crawler:292 - L ERR_WRITE : Contents write failed : Duplicate entry '13956022805' for key 'PRIMARY'
2018-11-20 11:17:11 ERROR Crawler:292 - L ERR_WRITE : Contents write failed : Duplicate entry '13496434924' for key 'PRIMARY'
2018-11-20 11:17:11 ERROR Crawler:292 - L ERR_WRITE : Contents write failed : Duplicate entry '13964401790' for key 'PRIMARY'
2018-11-20 11:17:11 ERROR Crawler:292 - L ERR_WRITE : Contents write failed : Duplicate entry '13956419147' for key 'PRIMARY'
2018-11-20 11:17:11 ERROR Crawler:292 - L ERR_WRITE : Contents write failed : Duplicate entry '13470066686' for key 'PRIMARY'
2018-11-20 11:17:11 ERROR Crawler:292 - L ERR_WRITE : Contents write failed : Duplicate entry '14840258805' for key 'PRIMARY'
2018-11-20 11:17:11 ERROR Crawler:292 - L ERR_WRITE : Contents write failed : Duplicate entry '14840387569' for key 'PRIMARY'
2018-11-20 11:17:11 ERROR Crawler:292 - L ERR_WRITE : Contents write failed : Duplicate entry '12705992779' for key 'PRIMARY'
2018-11-20 11:17:11 ERROR Crawler:292 - L ERR_WRITE : Contents write failed : Duplicate entry '80517661505' for key 'PRIMARY'
2018-11-20 11:17:11 ERROR Crawler:292 - L ERR_WRITE : Contents write failed : Duplicate entry '12738761749' for key 'PRIMARY'
2018-11-20 11:17:11 ERROR Crawler:292 - L ERR_WRITE : Contents write failed : Duplicate entry '13887655401' for key 'PRIMARY'
2018-11-20 11:17:11 ERROR Crawler:292 - L ERR_WRITE : Contents write failed : Duplicate entry '80777151727' for key 'PRIMARY'
2018-11-20 11:17:11 ERROR Crawler:292 - L ERR_WRITE : Contents write failed : Duplicate entry '14069554289' for key 'PRIMARY'
2018-11-20 11:17:11 ERROR Crawler:292 - L ERR_WRITE : Contents write failed : Duplicate entry '11459876552' for key 'PRIMARY'
2018-11-20 11:17:11 ERROR Crawler:292 - L ERR_WRITE : Contents write failed : Duplicate entry '7573344810' for key 'PRIMARY'
2018-11-20 11:17:11 ERROR Crawler:292 - L ERR_WRITE : Contents write failed : Duplicate entry '14012481911' for key 'PRIMARY'
2018-11-20 11:17:11 ERROR Crawler:292 - L ERR_WRITE : Contents write failed : Duplicate entry '12200135594' for key 'PRIMARY'
2018-11-20 11:17:11 ERROR Crawler:292 - L ERR_WRITE : Contents write failed : Duplicate entry '8803669283' for key 'PRIMARY'
2018-11-20 11:17:11 ERROR Crawler:292 - L ERR_WRITE : Contents write failed : Duplicate entry '13460809534' for key 'PRIMARY'
2018-11-20 11:17:11 ERROR Crawler:292 - L ERR_WRITE : Contents write failed : Duplicate entry '80214715755' for key 'PRIMARY'
2018-11-20 11:17:11 ERROR Crawler:292 - L ERR_WRITE : Contents write failed : Duplicate entry '9579336127' for key 'PRIMARY'
2018-11-20 11:17:11 ERROR Crawler:292 - L ERR_WRITE : Contents write failed : Duplicate entry '7573344811' for key 'PRIMARY'
2018-11-20 11:17:11 ERROR Crawler:292 - L ERR_WRITE : Contents write failed : Duplicate entry '9877553097' for key 'PRIMARY'
2018-11-20 11:17:11 ERROR Crawler:292 - L ERR_WRITE : Contents write failed : Duplicate entry '13747450639' for key 'PRIMARY'
2018-11-20 11:17:11 ERROR Crawler:292 - L ERR_WRITE : Contents write failed : Duplicate entry '80499420655' for key 'PRIMARY'
2018-11-20 11:17:11 ERROR Crawler:292 - L ERR_WRITE : Contents write failed : Duplicate entry '12936820956' for key 'PRIMARY'
2018-11-20 11:17:11 ERROR Crawler:292 - L ERR_WRITE : Contents write failed : Duplicate entry '80176778482' for key 'PRIMARY'
2018-11-20 11:17:11 ERROR Crawler:292 - L ERR_WRITE : Contents write failed : Duplicate entry '16192677980' for key 'PRIMARY'
2018-11-20 11:17:11 ERROR Crawler:292 - L ERR_WRITE : Contents write failed : Duplicate entry '16174219829' for key 'PRIMARY'
2018-11-20 11:17:11 ERROR Crawler:292 - L ERR_WRITE : Contents write failed : Duplicate entry '16180110233' for key 'PRIMARY'
2018-11-20 11:17:11 ERROR Crawler:292 - L ERR_WRITE : Contents write failed : Duplicate entry '15771595012' for key 'PRIMARY'
2018-11-20 11:17:11 ERROR Crawler:292 - L ERR_WRITE : Contents write failed : Duplicate entry '16171472257' for key 'PRIMARY'
2018-11-20 11:17:11 ERROR Crawler:292 - L ERR_WRITE : Contents write failed : Duplicate entry '14374603285' for key 'PRIMARY'
2018-11-20 11:17:11 ERROR Crawler:292 - L ERR_WRITE : Contents write failed : Duplicate entry '16140912797' for key 'PRIMARY'
2018-11-20 11:17:11 ERROR Crawler:292 - L ERR_WRITE : Contents write failed : Duplicate entry '16149703345' for key 'PRIMARY'
2018-11-20 11:17:11 ERROR Crawler:292 - L ERR_WRITE : Contents write failed : Duplicate entry '16148081607' for key 'PRIMARY'
2018-11-20 11:17:11 ERROR Crawler:292 - L ERR_WRITE : Contents write failed : Duplicate entry '16143555803' for key 'PRIMARY'
2018-11-20 11:17:11 ERROR Crawler:292 - L ERR_WRITE : Contents write failed : Duplicate entry '16143286398' for key 'PRIMARY'
2018-11-20 11:17:11 ERROR Crawler:292 - L ERR_WRITE : Contents write failed : Duplicate entry '16143027901' for key 'PRIMARY'
2018-11-20 11:17:11 ERROR Crawler:292 - L ERR_WRITE : Contents write failed : Duplicate entry '16137756640' for key 'PRIMARY'
2018-11-20 11:17:11 ERROR Crawler:292 - L ERR_WRITE : Contents write failed : Duplicate entry '16135910237' for key 'PRIMARY'
2018-11-20 11:17:11 ERROR Crawler:292 - L ERR_WRITE : Contents write failed : Duplicate entry '16134219124' for key 'PRIMARY'
2018-11-20 11:17:11 ERROR Crawler:292 - L ERR_WRITE : Contents write failed : Duplicate entry '16114534336' for key 'PRIMARY'
2018-11-20 11:17:11 ERROR Crawler:292 - L ERR_WRITE : Contents write failed : Duplicate entry '16114500006' for key 'PRIMARY'
2018-11-20 11:17:11 ERROR Crawler:292 - L ERR_WRITE : Contents write failed : Duplicate entry '16112852664' for key 'PRIMARY'
2018-11-20 11:17:11 ERROR Crawler:292 - L ERR_WRITE : Contents write failed : Duplicate entry '16112724627' for key 'PRIMARY'
2018-11-20 11:17:11 ERROR Crawler:292 - L ERR_WRITE : Contents write failed : Duplicate entry '81373725370' for key 'PRIMARY'
2018-11-20 11:17:11 ERROR Crawler:292 - L ERR_WRITE : Contents write failed : Duplicate entry '16110722186' for key 'PRIMARY'
2018-11-20 11:17:11 ERROR Crawler:292 - L ERR_WRITE : Contents write failed : Duplicate entry '16100566850' for key 'PRIMARY'
2018-11-20 11:17:11 ERROR Crawler:292 - L ERR_WRITE : Contents write failed : Duplicate entry '16098932213' for key 'PRIMARY'
2018-11-20 11:17:11 ERROR Crawler:292 - L ERR_WRITE : Contents write failed : Duplicate entry '12695462220' for key 'PRIMARY'
2018-11-20 11:17:11 ERROR Crawler:292 - L ERR_WRITE : Contents write failed : Duplicate entry '16095396325' for key 'PRIMARY'
2018-11-20 11:17:11 ERROR Crawler:292 - L ERR_WRITE : Contents write failed : Duplicate entry '13887667734' for key 'PRIMARY'
2018-11-20 11:17:11 ERROR Crawler:292 - L ERR_WRITE : Contents write failed : Duplicate entry '16095026166' for key 'PRIMARY'
2018-11-20 11:17:11 ERROR Crawler:292 - L ERR_WRITE : Contents write failed : Duplicate entry '16094763265' for key 'PRIMARY'
2018-11-20 11:17:11 ERROR Crawler:292 - L ERR_WRITE : Contents write failed : Duplicate entry '81373437174' for key 'PRIMARY'
2018-11-20 11:17:11 ERROR Crawler:292 - L ERR_WRITE : Contents write failed : Duplicate entry '16078824802' for key 'PRIMARY'
2018-11-20 11:17:11 ERROR Crawler:292 - L ERR_WRITE : Contents write failed : Duplicate entry '16050081184' for key 'PRIMARY'
2018-11-20 11:17:11 ERROR Crawler:292 - L ERR_WRITE : Contents write failed : Duplicate entry '16044758526' for key 'PRIMARY'
2018-11-20 11:17:11 ERROR Crawler:292 - L ERR_WRITE : Contents write failed : Duplicate entry '81371572670' for key 'PRIMARY'
2018-11-20 11:17:11 ERROR Crawler:292 - L ERR_WRITE : Contents write failed : Duplicate entry '16050218224' for key 'PRIMARY'
2018-11-20 11:17:11 ERROR Crawler:292 - L ERR_WRITE : Contents write failed : Duplicate entry '16050191184' for key 'PRIMARY'
2018-11-20 11:17:11 ERROR Crawler:292 - L ERR_WRITE : Contents write failed : Duplicate entry '16045434368' for key 'PRIMARY'
2018-11-20 11:17:11 ERROR Crawler:292 - L ERR_WRITE : Contents write failed : Duplicate entry '16041014420' for key 'PRIMARY'
2018-11-20 11:17:11 ERROR Crawler:292 - L ERR_WRITE : Contents write failed : Duplicate entry '16040976745' for key 'PRIMARY'
2018-11-20 11:17:11 ERROR Crawler:292 - L ERR_WRITE : Contents write failed : Duplicate entry '81364117268' for key 'PRIMARY'
2018-11-20 11:17:11 ERROR Crawler:292 - L ERR_WRITE : Contents write failed : Duplicate entry '15999815558' for key 'PRIMARY'
2018-11-20 11:17:11 ERROR Crawler:292 - L ERR_WRITE : Contents write failed : Duplicate entry '81362904747' for key 'PRIMARY'
2018-11-20 11:17:11 ERROR Crawler:292 - L ERR_WRITE : Contents write failed : Duplicate entry '15926502885' for key 'PRIMARY'
2018-11-20 11:17:11 ERROR Crawler:292 - L ERR_WRITE : Contents write failed : Duplicate entry '81362333718' for key 'PRIMARY'
2018-11-20 11:17:11 ERROR Crawler:292 - L ERR_WRITE : Contents write failed : Duplicate entry '14523117821' for key 'PRIMARY'
2018-11-20 11:17:11 ERROR Crawler:292 - L ERR_WRITE : Contents write failed : Duplicate entry '15724667841' for key 'PRIMARY'
2018-11-20 11:17:11 ERROR Crawler:292 - L ERR_WRITE : Contents write failed : Duplicate entry '13882021962' for key 'PRIMARY'
2018-11-20 11:17:11 INFO  Crawler:297 - [Progress 2] elaped time : 00:00:06, curSave : 0, Totalsave : 0, curErr : 80, totalErr : 80, remain_work : 2, total : 4
2018-11-20 11:17:11 INFO  Crawler:297 - [Progress 3] elaped time : 00:00:06, curSave : 0, Totalsave : 0, curErr : 80, totalErr : 80, remain_work : 1, total : 4
2018-11-20 11:17:12 INFO  Crawler:297 - [Progress 4] elaped time : 00:00:07, curSave : 0, Totalsave : 0, curErr : 80, totalErr : 80, remain_work : 3, total : 7
2018-11-20 11:17:12 ERROR Crawler:288 - [ERR URL] https://search.shopping.naver.com/search/all.nhn?frm=NVSHPAG&pagingSize=80&query=%EA%B8%B0%EC%95%84&origQuery=%EA%B8%B0%EC%95%84&pagingIndex=2&viewType=list&sort=rel
2018-11-20 11:17:12 ERROR Crawler:292 - L ERR_WRITE : Contents write failed : Duplicate entry '15942738917' for key 'PRIMARY'
2018-11-20 11:17:12 ERROR Crawler:292 - L ERR_WRITE : Contents write failed : Duplicate entry '81358298544' for key 'PRIMARY'
2018-11-20 11:17:12 ERROR Crawler:292 - L ERR_WRITE : Contents write failed : Duplicate entry '15771595012' for key 'PRIMARY'
2018-11-20 11:17:12 ERROR Crawler:292 - L ERR_WRITE : Contents write failed : Duplicate entry '81358006175' for key 'PRIMARY'
2018-11-20 11:17:12 ERROR Crawler:292 - L ERR_WRITE : Contents write failed : Duplicate entry '15658988080' for key 'PRIMARY'
2018-11-20 11:17:12 ERROR Crawler:292 - L ERR_WRITE : Contents write failed : Duplicate entry '81354828251' for key 'PRIMARY'
2018-11-20 11:17:12 ERROR Crawler:292 - L ERR_WRITE : Contents write failed : Duplicate entry '15620415532' for key 'PRIMARY'
2018-11-20 11:17:12 ERROR Crawler:292 - L ERR_WRITE : Contents write failed : Duplicate entry '81351705671' for key 'PRIMARY'
2018-11-20 11:17:12 ERROR Crawler:292 - L ERR_WRITE : Contents write failed : Duplicate entry '15563520161' for key 'PRIMARY'
2018-11-20 11:17:12 ERROR Crawler:292 - L ERR_WRITE : Contents write failed : Duplicate entry '15300722828' for key 'PRIMARY'
2018-11-20 11:17:12 ERROR Crawler:292 - L ERR_WRITE : Contents write failed : Duplicate entry '81346674890' for key 'PRIMARY'
2018-11-20 11:17:12 ERROR Crawler:292 - L ERR_WRITE : Contents write failed : Duplicate entry '14845211523' for key 'PRIMARY'
2018-11-20 11:17:12 ERROR Crawler:292 - L ERR_WRITE : Contents write failed : Duplicate entry '81345478905' for key 'PRIMARY'
2018-11-20 11:17:12 ERROR Crawler:292 - L ERR_WRITE : Contents write failed : Duplicate entry '13920773000' for key 'PRIMARY'
2018-11-20 11:17:12 ERROR Crawler:292 - L ERR_WRITE : Contents write failed : Duplicate entry '14369879203' for key 'PRIMARY'
2018-11-20 11:17:12 ERROR Crawler:292 - L ERR_WRITE : Contents write failed : Duplicate entry '81342630493' for key 'PRIMARY'
2018-11-20 11:17:12 ERROR Crawler:292 - L ERR_WRITE : Contents write failed : Duplicate entry '14248411035' for key 'PRIMARY'
2018-11-20 11:17:12 ERROR Crawler:292 - L ERR_WRITE : Contents write failed : Duplicate entry '14072385788' for key 'PRIMARY'
2018-11-20 11:17:12 ERROR Crawler:292 - L ERR_WRITE : Contents write failed : Duplicate entry '81342573218' for key 'PRIMARY'
2018-11-20 11:17:12 ERROR Crawler:292 - L ERR_WRITE : Contents write failed : Duplicate entry '11904512123' for key 'PRIMARY'
2018-11-20 11:17:12 ERROR Crawler:292 - L ERR_WRITE : Contents write failed : Duplicate entry '81342037198' for key 'PRIMARY'
2018-11-20 11:17:12 ERROR Crawler:292 - L ERR_WRITE : Contents write failed : Duplicate entry '81340464850' for key 'PRIMARY'
2018-11-20 11:17:12 ERROR Crawler:292 - L ERR_WRITE : Contents write failed : Duplicate entry '81354299346' for key 'PRIMARY'
2018-11-20 11:17:12 ERROR Crawler:292 - L ERR_WRITE : Contents write failed : Duplicate entry '81326559507' for key 'PRIMARY'
2018-11-20 11:17:12 ERROR Crawler:292 - L ERR_WRITE : Contents write failed : Duplicate entry '81353328743' for key 'PRIMARY'
2018-11-20 11:17:12 ERROR Crawler:292 - L ERR_WRITE : Contents write failed : Duplicate entry '13034005192' for key 'PRIMARY'
2018-11-20 11:17:12 ERROR Crawler:292 - L ERR_WRITE : Contents write failed : Duplicate entry '16171295023' for key 'PRIMARY'
2018-11-20 11:17:12 ERROR Crawler:292 - L ERR_WRITE : Contents write failed : Duplicate entry '16152306615' for key 'PRIMARY'
2018-11-20 11:17:12 ERROR Crawler:292 - L ERR_WRITE : Contents write failed : Duplicate entry '16149702740' for key 'PRIMARY'
2018-11-20 11:17:12 ERROR Crawler:292 - L ERR_WRITE : Contents write failed : Duplicate entry '16148063572' for key 'PRIMARY'
2018-11-20 11:17:12 ERROR Crawler:292 - L ERR_WRITE : Contents write failed : Duplicate entry '16147080185' for key 'PRIMARY'
2018-11-20 11:17:12 ERROR Crawler:292 - L ERR_WRITE : Contents write failed : Duplicate entry '16143505870' for key 'PRIMARY'
2018-11-20 11:17:12 ERROR Crawler:292 - L ERR_WRITE : Contents write failed : Duplicate entry '16143286410' for key 'PRIMARY'
2018-11-20 11:17:12 ERROR Crawler:292 - L ERR_WRITE : Contents write failed : Duplicate entry '16142934507' for key 'PRIMARY'
2018-11-20 11:17:12 ERROR Crawler:292 - L ERR_WRITE : Contents write failed : Duplicate entry '16137549686' for key 'PRIMARY'
2018-11-20 11:17:12 ERROR Crawler:292 - L ERR_WRITE : Contents write failed : Duplicate entry '16135892227' for key 'PRIMARY'
2018-11-20 11:17:12 ERROR Crawler:292 - L ERR_WRITE : Contents write failed : Duplicate entry '16134089052' for key 'PRIMARY'
2018-11-20 11:17:12 ERROR Crawler:292 - L ERR_WRITE : Contents write failed : Duplicate entry '13429812435' for key 'PRIMARY'
2018-11-20 11:17:12 ERROR Crawler:292 - L ERR_WRITE : Contents write failed : Duplicate entry '16114399608' for key 'PRIMARY'
2018-11-20 11:17:12 ERROR Crawler:292 - L ERR_WRITE : Contents write failed : Duplicate entry '15798931316' for key 'PRIMARY'
2018-11-20 11:17:12 ERROR Crawler:292 - L ERR_WRITE : Contents write failed : Duplicate entry '16114449328' for key 'PRIMARY'
2018-11-20 11:17:12 ERROR Crawler:292 - L ERR_WRITE : Contents write failed : Duplicate entry '16112832718' for key 'PRIMARY'
2018-11-20 11:17:12 ERROR Crawler:292 - L ERR_WRITE : Contents write failed : Duplicate entry '16112725177' for key 'PRIMARY'
2018-11-20 11:17:12 ERROR Crawler:292 - L ERR_WRITE : Contents write failed : Duplicate entry '16110573323' for key 'PRIMARY'
2018-11-20 11:17:12 ERROR Crawler:292 - L ERR_WRITE : Contents write failed : Duplicate entry '16100445074' for key 'PRIMARY'
2018-11-20 11:17:12 ERROR Crawler:292 - L ERR_WRITE : Contents write failed : Duplicate entry '16098928814' for key 'PRIMARY'
2018-11-20 11:17:12 ERROR Crawler:292 - L ERR_WRITE : Contents write failed : Duplicate entry '16095335180' for key 'PRIMARY'
2018-11-20 11:17:12 ERROR Crawler:292 - L ERR_WRITE : Contents write failed : Duplicate entry '16095025616' for key 'PRIMARY'
2018-11-20 11:17:12 ERROR Crawler:292 - L ERR_WRITE : Contents write failed : Duplicate entry '16094757853' for key 'PRIMARY'
2018-11-20 11:17:12 ERROR Crawler:292 - L ERR_WRITE : Contents write failed : Duplicate entry '16150404956' for key 'PRIMARY'
2018-11-20 11:17:12 ERROR Crawler:292 - L ERR_WRITE : Contents write failed : Duplicate entry '16050102814' for key 'PRIMARY'
2018-11-20 11:17:12 ERROR Crawler:292 - L ERR_WRITE : Contents write failed : Duplicate entry '16050112407' for key 'PRIMARY'
2018-11-20 11:17:12 ERROR Crawler:292 - L ERR_WRITE : Contents write failed : Duplicate entry '16118550431' for key 'PRIMARY'
2018-11-20 11:17:12 ERROR Crawler:292 - L ERR_WRITE : Contents write failed : Duplicate entry '80046369761' for key 'PRIMARY'
2018-11-20 11:17:12 ERROR Crawler:292 - L ERR_WRITE : Contents write failed : Duplicate entry '16147169196' for key 'PRIMARY'
2018-11-20 11:17:12 ERROR Crawler:292 - L ERR_WRITE : Contents write failed : Duplicate entry '16192521591' for key 'PRIMARY'
2018-11-20 11:17:12 ERROR Crawler:292 - L ERR_WRITE : Contents write failed : Duplicate entry '16110248268' for key 'PRIMARY'
2018-11-20 11:17:12 ERROR Crawler:292 - L ERR_WRITE : Contents write failed : Duplicate entry '11313040803' for key 'PRIMARY'
2018-11-20 11:17:12 ERROR Crawler:292 - L ERR_WRITE : Contents write failed : Duplicate entry '16094775884' for key 'PRIMARY'
2018-11-20 11:17:12 ERROR Crawler:292 - L ERR_WRITE : Contents write failed : Duplicate entry '12261573870' for key 'PRIMARY'
2018-11-20 11:17:12 ERROR Crawler:292 - L ERR_WRITE : Contents write failed : Duplicate entry '16093435342' for key 'PRIMARY'
2018-11-20 11:17:12 ERROR Crawler:292 - L ERR_WRITE : Contents write failed : Duplicate entry '80046598367' for key 'PRIMARY'
2018-11-20 11:17:12 ERROR Crawler:292 - L ERR_WRITE : Contents write failed : Duplicate entry '16194843962' for key 'PRIMARY'
2018-11-20 11:17:12 ERROR Crawler:292 - L ERR_WRITE : Contents write failed : Duplicate entry '80046360321' for key 'PRIMARY'
2018-11-20 11:17:12 ERROR Crawler:292 - L ERR_WRITE : Contents write failed : Duplicate entry '80046385505' for key 'PRIMARY'
2018-11-20 11:17:12 ERROR Crawler:292 - L ERR_WRITE : Contents write failed : Duplicate entry '16045360884' for key 'PRIMARY'
2018-11-20 11:17:12 ERROR Crawler:292 - L ERR_WRITE : Contents write failed : Duplicate entry '16109070924' for key 'PRIMARY'
2018-11-20 11:17:12 ERROR Crawler:292 - L ERR_WRITE : Contents write failed : Duplicate entry '16078916388' for key 'PRIMARY'
2018-11-20 11:17:12 ERROR Crawler:292 - L ERR_WRITE : Contents write failed : Duplicate entry '16044691377' for key 'PRIMARY'
2018-11-20 11:17:12 ERROR Crawler:292 - L ERR_WRITE : Contents write failed : Duplicate entry '16050107952' for key 'PRIMARY'
2018-11-20 11:17:12 ERROR Crawler:292 - L ERR_WRITE : Contents write failed : Duplicate entry '15787001505' for key 'PRIMARY'
2018-11-20 11:17:12 ERROR Crawler:292 - L ERR_WRITE : Contents write failed : Duplicate entry '16112896534' for key 'PRIMARY'
2018-11-20 11:17:12 ERROR Crawler:292 - L ERR_WRITE : Contents write failed : Duplicate entry '15620415533' for key 'PRIMARY'
2018-11-20 11:17:12 ERROR Crawler:292 - L ERR_WRITE : Contents write failed : Duplicate entry '81195982851' for key 'PRIMARY'
2018-11-20 11:17:12 ERROR Crawler:292 - L ERR_WRITE : Contents write failed : Duplicate entry '15620419197' for key 'PRIMARY'
2018-11-20 11:17:12 ERROR Crawler:292 - L ERR_WRITE : Contents write failed : Duplicate entry '11827231085' for key 'PRIMARY'
2018-11-20 11:17:12 ERROR Crawler:292 - L ERR_WRITE : Contents write failed : Duplicate entry '81065125803' for key 'PRIMARY'
2018-11-20 11:17:12 ERROR Crawler:292 - L ERR_WRITE : Contents write failed : Duplicate entry '11539585414' for key 'PRIMARY'
2018-11-20 11:17:12 ERROR Crawler:292 - L ERR_WRITE : Contents write failed : Duplicate entry '13955244516' for key 'PRIMARY'
2018-11-20 11:17:12 ERROR Crawler:292 - L ERR_WRITE : Contents write failed : Duplicate entry '15488474547' for key 'PRIMARY'
2018-11-20 11:17:12 INFO  Crawler:297 - [Progress 5] elaped time : 00:00:07, curSave : 0, Totalsave : 0, curErr : 160, totalErr : 160, remain_work : 2, total : 7
2018-11-20 11:17:13 INFO  Crawler:297 - [Progress 6] elaped time : 00:00:08, curSave : 0, Totalsave : 0, curErr : 160, totalErr : 160, remain_work : 1, total : 7
2018-11-20 11:17:13 INFO  Crawler:297 - [Progress 7] elaped time : 00:00:08, curSave : 0, Totalsave : 0, curErr : 160, totalErr : 160, remain_work : 3, total : 10
2018-11-20 11:17:14 ERROR Crawler:288 - [ERR URL] https://search.shopping.naver.com/search/all.nhn?frm=NVSHPAG&pagingSize=80&query=%EA%B8%B0%EC%95%84&origQuery=%EA%B8%B0%EC%95%84&pagingIndex=3&viewType=list&sort=rel
2018-11-20 11:17:14 ERROR Crawler:292 - L ERR_WRITE : Contents write failed : Duplicate entry '15479434547' for key 'PRIMARY'
2018-11-20 11:17:14 ERROR Crawler:292 - L ERR_WRITE : Contents write failed : Duplicate entry '14280019681' for key 'PRIMARY'
2018-11-20 11:17:14 ERROR Crawler:292 - L ERR_WRITE : Contents write failed : Duplicate entry '81127712094' for key 'PRIMARY'
2018-11-20 11:17:14 ERROR Crawler:292 - L ERR_WRITE : Contents write failed : Duplicate entry '7605616676' for key 'PRIMARY'
2018-11-20 11:17:14 ERROR Crawler:292 - L ERR_WRITE : Contents write failed : Duplicate entry '13956406810' for key 'PRIMARY'
2018-11-20 11:17:14 ERROR Crawler:292 - L ERR_WRITE : Contents write failed : Duplicate entry '81065197378' for key 'PRIMARY'
2018-11-20 11:17:14 ERROR Crawler:292 - L ERR_WRITE : Contents write failed : Duplicate entry '10588643150' for key 'PRIMARY'
2018-11-20 11:17:14 ERROR Crawler:292 - L ERR_WRITE : Contents write failed : Duplicate entry '14279970798' for key 'PRIMARY'
2018-11-20 11:17:14 ERROR Crawler:292 - L ERR_WRITE : Contents write failed : Duplicate entry '13956399779' for key 'PRIMARY'
2018-11-20 11:17:14 ERROR Crawler:292 - L ERR_WRITE : Contents write failed : Duplicate entry '12232628833' for key 'PRIMARY'
2018-11-20 11:17:14 ERROR Crawler:292 - L ERR_WRITE : Contents write failed : Duplicate entry '13955057704' for key 'PRIMARY'
2018-11-20 11:17:14 ERROR Crawler:292 - L ERR_WRITE : Contents write failed : Duplicate entry '14279924571' for key 'PRIMARY'
2018-11-20 11:17:14 ERROR Crawler:292 - L ERR_WRITE : Contents write failed : Duplicate entry '14517321629' for key 'PRIMARY'
2018-11-20 11:17:14 ERROR Crawler:292 - L ERR_WRITE : Contents write failed : Duplicate entry '14945811720' for key 'PRIMARY'
2018-11-20 11:17:14 ERROR Crawler:292 - L ERR_WRITE : Contents write failed : Duplicate entry '14732483539' for key 'PRIMARY'
2018-11-20 11:17:14 ERROR Crawler:292 - L ERR_WRITE : Contents write failed : Duplicate entry '81362333758' for key 'PRIMARY'
2018-11-20 11:17:14 ERROR Crawler:292 - L ERR_WRITE : Contents write failed : Duplicate entry '13991215746' for key 'PRIMARY'
2018-11-20 11:17:14 ERROR Crawler:292 - L ERR_WRITE : Contents write failed : Duplicate entry '11944329566' for key 'PRIMARY'
2018-11-20 11:17:14 ERROR Crawler:292 - L ERR_WRITE : Contents write failed : Duplicate entry '11139404385' for key 'PRIMARY'
2018-11-20 11:17:14 ERROR Crawler:292 - L ERR_WRITE : Contents write failed : Duplicate entry '6190123697' for key 'PRIMARY'
2018-11-20 11:17:14 ERROR Crawler:292 - L ERR_WRITE : Contents write failed : Duplicate entry '14279948820' for key 'PRIMARY'
2018-11-20 11:17:14 ERROR Crawler:292 - L ERR_WRITE : Contents write failed : Duplicate entry '13956259736' for key 'PRIMARY'
2018-11-20 11:17:14 ERROR Crawler:292 - L ERR_WRITE : Contents write failed : Duplicate entry '11139409220' for key 'PRIMARY'
2018-11-20 11:17:14 ERROR Crawler:292 - L ERR_WRITE : Contents write failed : Duplicate entry '14840257540' for key 'PRIMARY'
2018-11-20 11:17:14 ERROR Crawler:292 - L ERR_WRITE : Contents write failed : Duplicate entry '14330232624' for key 'PRIMARY'
2018-11-20 11:17:14 ERROR Crawler:292 - L ERR_WRITE : Contents write failed : Duplicate entry '13956414083' for key 'PRIMARY'
2018-11-20 11:17:14 ERROR Crawler:292 - L ERR_WRITE : Contents write failed : Duplicate entry '14286849216' for key 'PRIMARY'
2018-11-20 11:17:14 ERROR Crawler:292 - L ERR_WRITE : Contents write failed : Duplicate entry '14045894664' for key 'PRIMARY'
2018-11-20 11:17:14 ERROR Crawler:292 - L ERR_WRITE : Contents write failed : Duplicate entry '7605616677' for key 'PRIMARY'
2018-11-20 11:17:14 ERROR Crawler:292 - L ERR_WRITE : Contents write failed : Duplicate entry '13991210247' for key 'PRIMARY'
2018-11-20 11:17:14 ERROR Crawler:292 - L ERR_WRITE : Contents write failed : Duplicate entry '14548627446' for key 'PRIMARY'
2018-11-20 11:17:14 ERROR Crawler:292 - L ERR_WRITE : Contents write failed : Duplicate entry '14279994118' for key 'PRIMARY'
2018-11-20 11:17:14 ERROR Crawler:292 - L ERR_WRITE : Contents write failed : Duplicate entry '14279926104' for key 'PRIMARY'
2018-11-20 11:17:14 ERROR Crawler:292 - L ERR_WRITE : Contents write failed : Duplicate entry '13956333602' for key 'PRIMARY'
2018-11-20 11:17:14 ERROR Crawler:292 - L ERR_WRITE : Contents write failed : Duplicate entry '14079571405' for key 'PRIMARY'
2018-11-20 11:17:14 ERROR Crawler:292 - L ERR_WRITE : Contents write failed : Duplicate entry '13955031102' for key 'PRIMARY'
2018-11-20 11:17:14 ERROR Crawler:292 - L ERR_WRITE : Contents write failed : Duplicate entry '14279910086' for key 'PRIMARY'
2018-11-20 11:17:14 ERROR Crawler:292 - L ERR_WRITE : Contents write failed : Duplicate entry '81303771187' for key 'PRIMARY'
2018-11-20 11:17:14 ERROR Crawler:292 - L ERR_WRITE : Contents write failed : Duplicate entry '13955031515' for key 'PRIMARY'
2018-11-20 11:17:14 ERROR Crawler:292 - L ERR_WRITE : Contents write failed : Duplicate entry '80439667909' for key 'PRIMARY'
2018-11-20 11:17:14 ERROR Crawler:292 - L ERR_WRITE : Contents write failed : Duplicate entry '14279932718' for key 'PRIMARY'
2018-11-20 11:17:14 ERROR Crawler:292 - L ERR_WRITE : Contents write failed : Duplicate entry '13955849077' for key 'PRIMARY'
2018-11-20 11:17:14 ERROR Crawler:292 - L ERR_WRITE : Contents write failed : Duplicate entry '14279984215' for key 'PRIMARY'
2018-11-20 11:17:14 ERROR Crawler:292 - L ERR_WRITE : Contents write failed : Duplicate entry '13956256877' for key 'PRIMARY'
2018-11-20 11:17:14 ERROR Crawler:292 - L ERR_WRITE : Contents write failed : Duplicate entry '14630074540' for key 'PRIMARY'
2018-11-20 11:17:14 ERROR Crawler:292 - L ERR_WRITE : Contents write failed : Duplicate entry '14637736411' for key 'PRIMARY'
2018-11-20 11:17:14 ERROR Crawler:292 - L ERR_WRITE : Contents write failed : Duplicate entry '13956334543' for key 'PRIMARY'
2018-11-20 11:17:14 ERROR Crawler:292 - L ERR_WRITE : Contents write failed : Duplicate entry '14279983793' for key 'PRIMARY'
2018-11-20 11:17:14 ERROR Crawler:292 - L ERR_WRITE : Contents write failed : Duplicate entry '13991227783' for key 'PRIMARY'
2018-11-20 11:17:14 ERROR Crawler:292 - L ERR_WRITE : Contents write failed : Duplicate entry '14286810032' for key 'PRIMARY'
2018-11-20 11:17:14 ERROR Crawler:292 - L ERR_WRITE : Contents write failed : Duplicate entry '14146764934' for key 'PRIMARY'
2018-11-20 11:17:14 ERROR Crawler:292 - L ERR_WRITE : Contents write failed : Duplicate entry '13975904049' for key 'PRIMARY'
2018-11-20 11:17:14 ERROR Crawler:292 - L ERR_WRITE : Contents write failed : Duplicate entry '11918231568' for key 'PRIMARY'
2018-11-20 11:17:14 ERROR Crawler:292 - L ERR_WRITE : Contents write failed : Duplicate entry '13955828195' for key 'PRIMARY'
2018-11-20 11:17:14 ERROR Crawler:292 - L ERR_WRITE : Contents write failed : Duplicate entry '14279972080' for key 'PRIMARY'
2018-11-20 11:17:14 ERROR Crawler:292 - L ERR_WRITE : Contents write failed : Duplicate entry '14279938662' for key 'PRIMARY'
2018-11-20 11:17:14 ERROR Crawler:292 - L ERR_WRITE : Contents write failed : Duplicate entry '13955808727' for key 'PRIMARY'
2018-11-20 11:17:14 ERROR Crawler:292 - L ERR_WRITE : Contents write failed : Duplicate entry '14739919229' for key 'PRIMARY'
2018-11-20 11:17:14 ERROR Crawler:292 - L ERR_WRITE : Contents write failed : Duplicate entry '14286802533' for key 'PRIMARY'
2018-11-20 11:17:14 ERROR Crawler:292 - L ERR_WRITE : Contents write failed : Duplicate entry '14428158697' for key 'PRIMARY'
2018-11-20 11:17:14 ERROR Crawler:292 - L ERR_WRITE : Contents write failed : Duplicate entry '14330218459' for key 'PRIMARY'
2018-11-20 11:17:14 ERROR Crawler:292 - L ERR_WRITE : Contents write failed : Duplicate entry '13956179348' for key 'PRIMARY'
2018-11-20 11:17:14 ERROR Crawler:292 - L ERR_WRITE : Contents write failed : Duplicate entry '14330265560' for key 'PRIMARY'
2018-11-20 11:17:14 ERROR Crawler:292 - L ERR_WRITE : Contents write failed : Duplicate entry '14338575141' for key 'PRIMARY'
2018-11-20 11:17:14 ERROR Crawler:292 - L ERR_WRITE : Contents write failed : Duplicate entry '13997170491' for key 'PRIMARY'
2018-11-20 11:17:14 ERROR Crawler:292 - L ERR_WRITE : Contents write failed : Duplicate entry '13955495268' for key 'PRIMARY'
2018-11-20 11:17:14 ERROR Crawler:292 - L ERR_WRITE : Contents write failed : Duplicate entry '13955495882' for key 'PRIMARY'
2018-11-20 11:17:14 ERROR Crawler:292 - L ERR_WRITE : Contents write failed : Duplicate entry '13956257359' for key 'PRIMARY'
2018-11-20 11:17:14 ERROR Crawler:292 - L ERR_WRITE : Contents write failed : Duplicate entry '13955807512' for key 'PRIMARY'
2018-11-20 11:17:14 ERROR Crawler:292 - L ERR_WRITE : Contents write failed : Duplicate entry '14220664323' for key 'PRIMARY'
2018-11-20 11:17:14 ERROR Crawler:292 - L ERR_WRITE : Contents write failed : Duplicate entry '13956406817' for key 'PRIMARY'
2018-11-20 11:17:14 ERROR Crawler:292 - L ERR_WRITE : Contents write failed : Duplicate entry '13955033933' for key 'PRIMARY'
2018-11-20 11:17:14 ERROR Crawler:292 - L ERR_WRITE : Contents write failed : Duplicate entry '13956053337' for key 'PRIMARY'
2018-11-20 11:17:14 ERROR Crawler:292 - L ERR_WRITE : Contents write failed : Duplicate entry '14279933585' for key 'PRIMARY'
2018-11-20 11:17:14 ERROR Crawler:292 - L ERR_WRITE : Contents write failed : Duplicate entry '14279927348' for key 'PRIMARY'
2018-11-20 11:17:14 ERROR Crawler:292 - L ERR_WRITE : Contents write failed : Duplicate entry '13955796796' for key 'PRIMARY'
2018-11-20 11:17:14 ERROR Crawler:292 - L ERR_WRITE : Contents write failed : Duplicate entry '14279909260' for key 'PRIMARY'
2018-11-20 11:17:14 ERROR Crawler:292 - L ERR_WRITE : Contents write failed : Duplicate entry '14966513848' for key 'PRIMARY'
2018-11-20 11:17:14 ERROR Crawler:292 - L ERR_WRITE : Contents write failed : Duplicate entry '14279950878' for key 'PRIMARY'
2018-11-20 11:17:14 ERROR Crawler:292 - L ERR_WRITE : Contents write failed : Duplicate entry '12260346762' for key 'PRIMARY'
2018-11-20 11:17:14 INFO  Crawler:297 - [Progress 8] elaped time : 00:00:09, curSave : 0, Totalsave : 0, curErr : 240, totalErr : 240, remain_work : 2, total : 10
2018-11-20 11:17:14 INFO  Crawler:297 - [Progress 9] elaped time : 00:00:09, curSave : 0, Totalsave : 0, curErr : 240, totalErr : 240, remain_work : 1, total : 10
2018-11-20 11:17:14 INFO  Crawler:297 - [Progress 10] elaped time : 00:00:09, curSave : 0, Totalsave : 0, curErr : 240, totalErr : 240, remain_work : 3, total : 13
2018-11-20 11:17:15 ERROR Crawler:288 - [ERR URL] https://search.shopping.naver.com/search/all.nhn?frm=NVSHPAG&pagingSize=80&query=%EA%B8%B0%EC%95%84&origQuery=%EA%B8%B0%EC%95%84&pagingIndex=4&viewType=list&sort=rel
2018-11-20 11:17:15 ERROR Crawler:292 - L ERR_WRITE : Contents write failed : Duplicate entry '14286932912' for key 'PRIMARY'
2018-11-20 11:17:15 ERROR Crawler:292 - L ERR_WRITE : Contents write failed : Duplicate entry '13956417201' for key 'PRIMARY'
2018-11-20 11:17:15 ERROR Crawler:292 - L ERR_WRITE : Contents write failed : Duplicate entry '13956334549' for key 'PRIMARY'
2018-11-20 11:17:15 ERROR Crawler:292 - L ERR_WRITE : Contents write failed : Duplicate entry '14280011511' for key 'PRIMARY'
2018-11-20 11:17:15 ERROR Crawler:292 - L ERR_WRITE : Contents write failed : Duplicate entry '14279916813' for key 'PRIMARY'
2018-11-20 11:17:15 ERROR Crawler:292 - L ERR_WRITE : Contents write failed : Duplicate entry '13956259682' for key 'PRIMARY'
2018-11-20 11:17:15 ERROR Crawler:292 - L ERR_WRITE : Contents write failed : Duplicate entry '13956155139' for key 'PRIMARY'
2018-11-20 11:17:15 ERROR Crawler:292 - L ERR_WRITE : Contents write failed : Duplicate entry '14330213140' for key 'PRIMARY'
2018-11-20 11:17:15 ERROR Crawler:292 - L ERR_WRITE : Contents write failed : Duplicate entry '14045630888' for key 'PRIMARY'
2018-11-20 11:17:15 ERROR Crawler:292 - L ERR_WRITE : Contents write failed : Duplicate entry '14139535112' for key 'PRIMARY'
2018-11-20 11:17:15 ERROR Crawler:292 - L ERR_WRITE : Contents write failed : Duplicate entry '13956282782' for key 'PRIMARY'
2018-11-20 11:17:15 ERROR Crawler:292 - L ERR_WRITE : Contents write failed : Duplicate entry '13955785695' for key 'PRIMARY'
2018-11-20 11:17:15 ERROR Crawler:292 - L ERR_WRITE : Contents write failed : Duplicate entry '14292361367' for key 'PRIMARY'
2018-11-20 11:17:15 ERROR Crawler:292 - L ERR_WRITE : Contents write failed : Duplicate entry '13955030717' for key 'PRIMARY'
2018-11-20 11:17:15 ERROR Crawler:292 - L ERR_WRITE : Contents write failed : Duplicate entry '10591571693' for key 'PRIMARY'
2018-11-20 11:17:15 ERROR Crawler:292 - L ERR_WRITE : Contents write failed : Duplicate entry '14286840077' for key 'PRIMARY'
2018-11-20 11:17:15 ERROR Crawler:292 - L ERR_WRITE : Contents write failed : Duplicate entry '13956181769' for key 'PRIMARY'
2018-11-20 11:17:15 ERROR Crawler:292 - L ERR_WRITE : Contents write failed : Duplicate entry '15990468285' for key 'PRIMARY'
2018-11-20 11:17:15 ERROR Crawler:292 - L ERR_WRITE : Contents write failed : Duplicate entry '13976029675' for key 'PRIMARY'
2018-11-20 11:17:15 ERROR Crawler:292 - L ERR_WRITE : Contents write failed : Duplicate entry '14101587154' for key 'PRIMARY'
2018-11-20 11:17:15 ERROR Crawler:292 - L ERR_WRITE : Contents write failed : Duplicate entry '80046577416' for key 'PRIMARY'
2018-11-20 11:17:15 ERROR Crawler:292 - L ERR_WRITE : Contents write failed : Duplicate entry '11836904112' for key 'PRIMARY'
2018-11-20 11:17:15 ERROR Crawler:292 - L ERR_WRITE : Contents write failed : Duplicate entry '12600817356' for key 'PRIMARY'
2018-11-20 11:17:15 ERROR Crawler:292 - L ERR_WRITE : Contents write failed : Duplicate entry '14822965802' for key 'PRIMARY'
2018-11-20 11:17:15 ERROR Crawler:292 - L ERR_WRITE : Contents write failed : Duplicate entry '10918868750' for key 'PRIMARY'
2018-11-20 11:17:15 ERROR Crawler:292 - L ERR_WRITE : Contents write failed : Duplicate entry '16146975944' for key 'PRIMARY'
2018-11-20 11:17:15 ERROR Crawler:292 - L ERR_WRITE : Contents write failed : Duplicate entry '16146892010' for key 'PRIMARY'
2018-11-20 11:17:15 ERROR Crawler:292 - L ERR_WRITE : Contents write failed : Duplicate entry '11139408951' for key 'PRIMARY'
2018-11-20 11:17:15 ERROR Crawler:292 - L ERR_WRITE : Contents write failed : Duplicate entry '11829642241' for key 'PRIMARY'
2018-11-20 11:17:15 ERROR Crawler:292 - L ERR_WRITE : Contents write failed : Duplicate entry '80182397180' for key 'PRIMARY'
2018-11-20 11:17:15 ERROR Crawler:292 - L ERR_WRITE : Contents write failed : Duplicate entry '14780872340' for key 'PRIMARY'
2018-11-20 11:17:15 ERROR Crawler:292 - L ERR_WRITE : Contents write failed : Duplicate entry '14204821004' for key 'PRIMARY'
2018-11-20 11:17:15 ERROR Crawler:292 - L ERR_WRITE : Contents write failed : Duplicate entry '13170570930' for key 'PRIMARY'
2018-11-20 11:17:15 ERROR Crawler:292 - L ERR_WRITE : Contents write failed : Duplicate entry '13286097727' for key 'PRIMARY'
2018-11-20 11:17:15 ERROR Crawler:292 - L ERR_WRITE : Contents write failed : Duplicate entry '13955152853' for key 'PRIMARY'
2018-11-20 11:17:15 ERROR Crawler:292 - L ERR_WRITE : Contents write failed : Duplicate entry '7752412782' for key 'PRIMARY'
2018-11-20 11:17:15 ERROR Crawler:292 - L ERR_WRITE : Contents write failed : Duplicate entry '10588885834' for key 'PRIMARY'
2018-11-20 11:17:15 ERROR Crawler:292 - L ERR_WRITE : Contents write failed : Duplicate entry '15727861838' for key 'PRIMARY'
2018-11-20 11:17:15 ERROR Crawler:292 - L ERR_WRITE : Contents write failed : Duplicate entry '14202320402' for key 'PRIMARY'
2018-11-20 11:17:15 ERROR Crawler:292 - L ERR_WRITE : Contents write failed : Duplicate entry '13887663835' for key 'PRIMARY'
2018-11-20 11:17:15 ERROR Crawler:292 - L ERR_WRITE : Contents write failed : Duplicate entry '9729781715' for key 'PRIMARY'
2018-11-20 11:17:15 ERROR Crawler:292 - L ERR_WRITE : Contents write failed : Duplicate entry '11915824426' for key 'PRIMARY'
2018-11-20 11:17:15 ERROR Crawler:292 - L ERR_WRITE : Contents write failed : Duplicate entry '7556174440' for key 'PRIMARY'
2018-11-20 11:17:15 ERROR Crawler:292 - L ERR_WRITE : Contents write failed : Duplicate entry '10519673608' for key 'PRIMARY'
2018-11-20 11:17:15 ERROR Crawler:292 - L ERR_WRITE : Contents write failed : Duplicate entry '11485973490' for key 'PRIMARY'
2018-11-20 11:17:15 ERROR Crawler:292 - L ERR_WRITE : Contents write failed : Duplicate entry '10587056783' for key 'PRIMARY'
2018-11-20 11:17:15 ERROR Crawler:292 - L ERR_WRITE : Contents write failed : Duplicate entry '10593237847' for key 'PRIMARY'
2018-11-20 11:17:15 ERROR Crawler:292 - L ERR_WRITE : Contents write failed : Duplicate entry '7556430734' for key 'PRIMARY'
2018-11-20 11:17:15 ERROR Crawler:292 - L ERR_WRITE : Contents write failed : Duplicate entry '13286098258' for key 'PRIMARY'
2018-11-20 11:17:15 ERROR Crawler:292 - L ERR_WRITE : Contents write failed : Duplicate entry '11485974294' for key 'PRIMARY'
2018-11-20 11:17:15 ERROR Crawler:292 - L ERR_WRITE : Contents write failed : Duplicate entry '14202296269' for key 'PRIMARY'
2018-11-20 11:17:15 ERROR Crawler:292 - L ERR_WRITE : Contents write failed : Duplicate entry '9400148031' for key 'PRIMARY'
2018-11-20 11:17:15 ERROR Crawler:292 - L ERR_WRITE : Contents write failed : Duplicate entry '11139408952' for key 'PRIMARY'
2018-11-20 11:17:15 ERROR Crawler:292 - L ERR_WRITE : Contents write failed : Duplicate entry '11139409250' for key 'PRIMARY'
2018-11-20 11:17:15 ERROR Crawler:292 - L ERR_WRITE : Contents write failed : Duplicate entry '12089288374' for key 'PRIMARY'
2018-11-20 11:17:15 ERROR Crawler:292 - L ERR_WRITE : Contents write failed : Duplicate entry '14283907288' for key 'PRIMARY'
2018-11-20 11:17:15 ERROR Crawler:292 - L ERR_WRITE : Contents write failed : Duplicate entry '80182397215' for key 'PRIMARY'
2018-11-20 11:17:15 ERROR Crawler:292 - L ERR_WRITE : Contents write failed : Duplicate entry '15887607855' for key 'PRIMARY'
2018-11-20 11:17:15 ERROR Crawler:292 - L ERR_WRITE : Contents write failed : Duplicate entry '13763268528' for key 'PRIMARY'
2018-11-20 11:17:15 ERROR Crawler:292 - L ERR_WRITE : Contents write failed : Duplicate entry '16113514452' for key 'PRIMARY'
2018-11-20 11:17:15 ERROR Crawler:292 - L ERR_WRITE : Contents write failed : Duplicate entry '12232626969' for key 'PRIMARY'
2018-11-20 11:17:15 ERROR Crawler:292 - L ERR_WRITE : Contents write failed : Duplicate entry '9400148896' for key 'PRIMARY'
2018-11-20 11:17:15 ERROR Crawler:292 - L ERR_WRITE : Contents write failed : Duplicate entry '80182397255' for key 'PRIMARY'
2018-11-20 11:17:15 ERROR Crawler:292 - L ERR_WRITE : Contents write failed : Duplicate entry '13170570901' for key 'PRIMARY'
2018-11-20 11:17:15 ERROR Crawler:292 - L ERR_WRITE : Contents write failed : Duplicate entry '12232630786' for key 'PRIMARY'
2018-11-20 11:17:15 ERROR Crawler:292 - L ERR_WRITE : Contents write failed : Duplicate entry '12751161636' for key 'PRIMARY'
2018-11-20 11:17:15 ERROR Crawler:292 - L ERR_WRITE : Contents write failed : Duplicate entry '80320637425' for key 'PRIMARY'
2018-11-20 11:17:15 ERROR Crawler:292 - L ERR_WRITE : Contents write failed : Duplicate entry '13763268529' for key 'PRIMARY'
2018-11-20 11:17:15 ERROR Crawler:292 - L ERR_WRITE : Contents write failed : Duplicate entry '13170570916' for key 'PRIMARY'
2018-11-20 11:17:15 ERROR Crawler:292 - L ERR_WRITE : Contents write failed : Duplicate entry '12232630036' for key 'PRIMARY'
2018-11-20 11:17:15 ERROR Crawler:292 - L ERR_WRITE : Contents write failed : Duplicate entry '80182397188' for key 'PRIMARY'
2018-11-20 11:17:15 ERROR Crawler:292 - L ERR_WRITE : Contents write failed : Duplicate entry '11915824425' for key 'PRIMARY'
2018-11-20 11:17:15 ERROR Crawler:292 - L ERR_WRITE : Contents write failed : Duplicate entry '12232627978' for key 'PRIMARY'
2018-11-20 11:17:15 ERROR Crawler:292 - L ERR_WRITE : Contents write failed : Duplicate entry '11915824427' for key 'PRIMARY'
2018-11-20 11:17:15 ERROR Crawler:292 - L ERR_WRITE : Contents write failed : Duplicate entry '12234706045' for key 'PRIMARY'
2018-11-20 11:17:15 ERROR Crawler:292 - L ERR_WRITE : Contents write failed : Duplicate entry '14206350979' for key 'PRIMARY'
2018-11-20 11:17:15 ERROR Crawler:292 - L ERR_WRITE : Contents write failed : Duplicate entry '80220040533' for key 'PRIMARY'
2018-11-20 11:17:15 ERROR Crawler:292 - L ERR_WRITE : Contents write failed : Duplicate entry '14428149766' for key 'PRIMARY'
2018-11-20 11:17:15 ERROR Crawler:292 - L ERR_WRITE : Contents write failed : Duplicate entry '12104427477' for key 'PRIMARY'
2018-11-20 11:17:15 ERROR Crawler:292 - L ERR_WRITE : Contents write failed : Duplicate entry '13920346913' for key 'PRIMARY'
2018-11-20 11:17:15 INFO  Crawler:297 - [Progress 11] elaped time : 00:00:10, curSave : 0, Totalsave : 0, curErr : 320, totalErr : 320, remain_work : 2, total : 13
2018-11-20 11:17:15 INFO  Crawler:297 - [Progress 12] elaped time : 00:00:10, curSave : 0, Totalsave : 0, curErr : 320, totalErr : 320, remain_work : 1, total : 13
2018-11-20 11:17:15 INFO  Crawler:297 - [Progress 13] elaped time : 00:00:10, curSave : 0, Totalsave : 0, curErr : 320, totalErr : 320, remain_work : 3, total : 16
2018-11-20 11:17:16 INFO  Crawler:297 - [Progress 14] elaped time : 00:00:11, curSave : 80, Totalsave : 80, curErr : 320, totalErr : 320, remain_work : 2, total : 16
2018-11-20 11:17:16 INFO  Crawler:297 - [Progress 15] elaped time : 00:00:11, curSave : 80, Totalsave : 80, curErr : 320, totalErr : 320, remain_work : 1, total : 16
2018-11-20 11:17:17 INFO  Crawler:297 - [Progress 16] elaped time : 00:00:11, curSave : 80, Totalsave : 80, curErr : 320, totalErr : 320, remain_work : 3, total : 19
2018-11-20 11:17:17 INFO  Crawler:297 - [Progress 17] elaped time : 00:00:12, curSave : 160, Totalsave : 160, curErr : 320, totalErr : 320, remain_work : 2, total : 19
2018-11-20 11:17:18 INFO  Crawler:297 - [Progress 18] elaped time : 00:00:12, curSave : 160, Totalsave : 160, curErr : 320, totalErr : 320, remain_work : 1, total : 19
2018-11-20 11:17:18 INFO  Crawler:297 - [Progress 19] elaped time : 00:00:13, curSave : 160, Totalsave : 160, curErr : 320, totalErr : 320, remain_work : 3, total : 22
2018-11-20 11:17:18 INFO  Crawler:297 - [Progress 20] elaped time : 00:00:13, curSave : 240, Totalsave : 240, curErr : 320, totalErr : 320, remain_work : 2, total : 22
2018-11-20 11:17:19 INFO  Crawler:297 - [Progress 21] elaped time : 00:00:13, curSave : 240, Totalsave : 240, curErr : 320, totalErr : 320, remain_work : 1, total : 22
2018-11-20 11:17:19 INFO  Crawler:297 - [Progress 22] elaped time : 00:00:14, curSave : 240, Totalsave : 240, curErr : 320, totalErr : 320, remain_work : 3, total : 25
2018-11-20 11:17:20 INFO  Crawler:297 - [Progress 23] elaped time : 00:00:14, curSave : 320, Totalsave : 320, curErr : 320, totalErr : 320, remain_work : 2, total : 25
2018-11-20 11:17:20 INFO  Crawler:297 - [Progress 24] elaped time : 00:00:15, curSave : 320, Totalsave : 320, curErr : 320, totalErr : 320, remain_work : 1, total : 25
2018-11-20 11:17:20 INFO  Crawler:297 - [Progress 25] elaped time : 00:00:15, curSave : 320, Totalsave : 320, curErr : 320, totalErr : 320, remain_work : 3, total : 28
2018-11-20 11:17:21 ERROR Crawler:288 - [ERR URL] https://search.shopping.naver.com/search/all.nhn?frm=NVSHPAG&pagingSize=80&query=%EA%B8%B0%EC%95%84&origQuery=%EA%B8%B0%EC%95%84&pagingIndex=9&viewType=list&sort=rel
2018-11-20 11:17:21 ERROR Crawler:292 - L ERR_WRITE : Contents write failed : Duplicate entry '81350128423' for key 'PRIMARY'
2018-11-20 11:17:21 ERROR Crawler:292 - L ERR_WRITE : Contents write failed : Duplicate entry '81350128090' for key 'PRIMARY'
2018-11-20 11:17:21 ERROR Crawler:292 - L ERR_WRITE : Contents write failed : Duplicate entry '81350133290' for key 'PRIMARY'
2018-11-20 11:17:21 ERROR Crawler:292 - L ERR_WRITE : Contents write failed : Duplicate entry '10090552500' for key 'PRIMARY'
2018-11-20 11:17:21 INFO  Crawler:297 - [Progress 26] elaped time : 00:00:16, curSave : 396, Totalsave : 396, curErr : 324, totalErr : 324, remain_work : 2, total : 28
2018-11-20 11:17:21 INFO  Crawler:297 - [Progress 27] elaped time : 00:00:16, curSave : 396, Totalsave : 396, curErr : 324, totalErr : 324, remain_work : 1, total : 28
2018-11-20 11:17:21 INFO  Crawler:297 - [Progress 28] elaped time : 00:00:16, curSave : 396, Totalsave : 396, curErr : 324, totalErr : 324, remain_work : 3, total : 31
2018-11-20 11:17:22 ERROR Crawler:288 - [ERR URL] https://search.shopping.naver.com/search/all.nhn?frm=NVSHPAG&pagingSize=80&query=%EA%B8%B0%EC%95%84&origQuery=%EA%B8%B0%EC%95%84&pagingIndex=10&viewType=list&sort=rel
2018-11-20 11:17:22 ERROR Crawler:292 - L ERR_WRITE : Contents write failed : Duplicate entry '11763949679' for key 'PRIMARY'
2018-11-20 11:17:22 INFO  Crawler:297 - [Progress 29] elaped time : 00:00:17, curSave : 475, Totalsave : 475, curErr : 325, totalErr : 325, remain_work : 2, total : 31
2018-11-20 11:17:22 INFO  Crawler:297 - [Progress 30] elaped time : 00:00:17, curSave : 475, Totalsave : 475, curErr : 325, totalErr : 325, remain_work : 1, total : 31
2018-11-20 11:17:22 INFO  Crawler:297 - [Progress 31] elaped time : 00:00:17, curSave : 475, Totalsave : 475, curErr : 325, totalErr : 325, remain_work : 3, total : 34
2018-11-20 11:17:23 ERROR Crawler:288 - [ERR URL] https://search.shopping.naver.com/search/all.nhn?frm=NVSHPAG&pagingSize=80&query=%EA%B8%B0%EC%95%84&origQuery=%EA%B8%B0%EC%95%84&pagingIndex=11&viewType=list&sort=rel
2018-11-20 11:17:23 ERROR Crawler:292 - L ERR_WRITE : Contents write failed : Duplicate entry '15646897673' for key 'PRIMARY'
2018-11-20 11:17:23 INFO  Crawler:297 - [Progress 32] elaped time : 00:00:18, curSave : 554, Totalsave : 554, curErr : 326, totalErr : 326, remain_work : 2, total : 34
2018-11-20 11:17:23 INFO  Crawler:297 - [Progress 33] elaped time : 00:00:18, curSave : 554, Totalsave : 554, curErr : 326, totalErr : 326, remain_work : 1, total : 34
2018-11-20 11:17:24 INFO  Crawler:297 - [Progress 34] elaped time : 00:00:18, curSave : 554, Totalsave : 554, curErr : 326, totalErr : 326, remain_work : 3, total : 37
2018-11-20 11:17:24 INFO  Crawler:297 - [Progress 35] elaped time : 00:00:19, curSave : 634, Totalsave : 634, curErr : 326, totalErr : 326, remain_work : 2, total : 37
2018-11-20 11:17:24 INFO  Crawler:297 - [Progress 36] elaped time : 00:00:19, curSave : 634, Totalsave : 634, curErr : 326, totalErr : 326, remain_work : 1, total : 37
2018-11-20 11:17:25 INFO  Crawler:297 - [Progress 37] elaped time : 00:00:20, curSave : 634, Totalsave : 634, curErr : 326, totalErr : 326, remain_work : 3, total : 40
2018-11-20 11:17:25 ERROR Crawler:288 - [ERR URL] https://search.shopping.naver.com/search/all.nhn?frm=NVSHPAG&pagingSize=80&query=%EA%B8%B0%EC%95%84&origQuery=%EA%B8%B0%EC%95%84&pagingIndex=13&viewType=list&sort=rel
2018-11-20 11:17:25 ERROR Crawler:292 - L ERR_WRITE : Contents write failed : Duplicate entry '16080370740' for key 'PRIMARY'
2018-11-20 11:17:25 ERROR Crawler:292 - L ERR_WRITE : Contents write failed : Duplicate entry '16053267838' for key 'PRIMARY'
2018-11-20 11:17:25 ERROR Crawler:292 - L ERR_WRITE : Contents write failed : Duplicate entry '15786635914' for key 'PRIMARY'
2018-11-20 11:17:25 INFO  Crawler:297 - [Progress 38] elaped time : 00:00:20, curSave : 711, Totalsave : 711, curErr : 329, totalErr : 329, remain_work : 2, total : 40
2018-11-20 11:17:26 INFO  Crawler:297 - [Progress 39] elaped time : 00:00:20, curSave : 711, Totalsave : 711, curErr : 329, totalErr : 329, remain_work : 1, total : 40
2018-11-20 11:17:26 INFO  Crawler:297 - [Progress 40] elaped time : 00:00:21, curSave : 711, Totalsave : 711, curErr : 329, totalErr : 329, remain_work : 3, total : 43
2018-11-20 11:17:26 ERROR Crawler:288 - [ERR URL] https://search.shopping.naver.com/search/all.nhn?frm=NVSHPAG&pagingSize=80&query=%EA%B8%B0%EC%95%84&origQuery=%EA%B8%B0%EC%95%84&pagingIndex=14&viewType=list&sort=rel
2018-11-20 11:17:26 ERROR Crawler:292 - L ERR_WRITE : Contents write failed : Duplicate entry '15797918906' for key 'PRIMARY'
2018-11-20 11:17:26 ERROR Crawler:292 - L ERR_WRITE : Contents write failed : Duplicate entry '15786216913' for key 'PRIMARY'
2018-11-20 11:17:26 INFO  Crawler:297 - [Progress 41] elaped time : 00:00:21, curSave : 789, Totalsave : 789, curErr : 331, totalErr : 331, remain_work : 2, total : 43
2018-11-20 11:17:27 INFO  Crawler:297 - [Progress 42] elaped time : 00:00:22, curSave : 789, Totalsave : 789, curErr : 331, totalErr : 331, remain_work : 1, total : 43
2018-11-20 11:17:27 INFO  Crawler:297 - [Progress 43] elaped time : 00:00:22, curSave : 789, Totalsave : 789, curErr : 331, totalErr : 331, remain_work : 3, total : 46
2018-11-20 11:17:28 ERROR Crawler:288 - [ERR URL] https://search.shopping.naver.com/search/all.nhn?frm=NVSHPAG&pagingSize=80&query=%EA%B8%B0%EC%95%84&origQuery=%EA%B8%B0%EC%95%84&pagingIndex=15&viewType=list&sort=rel
2018-11-20 11:17:28 ERROR Crawler:292 - L ERR_WRITE : Contents write failed : Duplicate entry '15824304223' for key 'PRIMARY'
2018-11-20 11:17:28 ERROR Crawler:292 - L ERR_WRITE : Contents write failed : Duplicate entry '15786216913' for key 'PRIMARY'
2018-11-20 11:17:28 INFO  Crawler:297 - [Progress 44] elaped time : 00:00:22, curSave : 867, Totalsave : 867, curErr : 333, totalErr : 333, remain_work : 2, total : 46
2018-11-20 11:17:28 INFO  Crawler:297 - [Progress 45] elaped time : 00:00:23, curSave : 867, Totalsave : 867, curErr : 333, totalErr : 333, remain_work : 1, total : 46
2018-11-20 11:17:28 INFO  Crawler:297 - [Progress 46] elaped time : 00:00:23, curSave : 867, Totalsave : 867, curErr : 333, totalErr : 333, remain_work : 3, total : 49
2018-11-20 11:17:29 ERROR Crawler:288 - [ERR URL] https://search.shopping.naver.com/search/all.nhn?frm=NVSHPAG&pagingSize=80&query=%EA%B8%B0%EC%95%84&origQuery=%EA%B8%B0%EC%95%84&pagingIndex=16&viewType=list&sort=rel
2018-11-20 11:17:29 ERROR Crawler:292 - L ERR_WRITE : Contents write failed : Duplicate entry '81354147418' for key 'PRIMARY'
2018-11-20 11:17:29 INFO  Crawler:297 - [Progress 47] elaped time : 00:00:24, curSave : 946, Totalsave : 946, curErr : 334, totalErr : 334, remain_work : 2, total : 49
2018-11-20 11:17:29 INFO  Crawler:297 - [Progress 48] elaped time : 00:00:24, curSave : 946, Totalsave : 946, curErr : 334, totalErr : 334, remain_work : 1, total : 49
2018-11-20 11:17:29 INFO  Crawler:297 - [Progress 49] elaped time : 00:00:24, curSave : 946, Totalsave : 946, curErr : 334, totalErr : 334, remain_work : 3, total : 52
2018-11-20 11:17:30 INFO  Crawler:297 - [Progress 50] elaped time : 00:00:25, curSave : 1026, Totalsave : 1026, curErr : 334, totalErr : 334, remain_work : 2, total : 52
2018-11-20 11:17:30 INFO  Crawler:297 - [Progress 51] elaped time : 00:00:25, curSave : 1026, Totalsave : 1026, curErr : 334, totalErr : 334, remain_work : 1, total : 52
2018-11-20 11:17:30 INFO  Crawler:297 - [Progress 52] elaped time : 00:00:25, curSave : 1026, Totalsave : 1026, curErr : 334, totalErr : 334, remain_work : 3, total : 55
2018-11-20 11:17:31 INFO  Crawler:297 - [Progress 53] elaped time : 00:00:26, curSave : 1106, Totalsave : 1106, curErr : 334, totalErr : 334, remain_work : 2, total : 55
2018-11-20 11:17:31 INFO  Crawler:297 - [Progress 54] elaped time : 00:00:26, curSave : 1106, Totalsave : 1106, curErr : 334, totalErr : 334, remain_work : 1, total : 55
2018-11-20 11:17:32 INFO  Crawler:297 - [Progress 55] elaped time : 00:00:27, curSave : 1106, Totalsave : 1106, curErr : 334, totalErr : 334, remain_work : 3, total : 58
2018-11-20 11:17:32 INFO  Crawler:297 - [Progress 56] elaped time : 00:00:27, curSave : 1186, Totalsave : 1186, curErr : 334, totalErr : 334, remain_work : 2, total : 58
2018-11-20 11:17:33 INFO  Crawler:297 - [Progress 57] elaped time : 00:00:28, curSave : 1186, Totalsave : 1186, curErr : 334, totalErr : 334, remain_work : 1, total : 58
2018-11-20 11:17:33 INFO  Crawler:297 - [Progress 58] elaped time : 00:00:28, curSave : 1186, Totalsave : 1186, curErr : 334, totalErr : 334, remain_work : 3, total : 61
2018-11-20 11:17:34 INFO  Crawler:297 - [Progress 59] elaped time : 00:00:29, curSave : 1266, Totalsave : 1266, curErr : 334, totalErr : 334, remain_work : 2, total : 61
2018-11-20 11:17:34 INFO  Crawler:297 - [Progress 60] elaped time : 00:00:29, curSave : 1266, Totalsave : 1266, curErr : 334, totalErr : 334, remain_work : 1, total : 61
2018-11-20 11:17:34 INFO  Crawler:297 - [Progress 61] elaped time : 00:00:29, curSave : 1266, Totalsave : 1266, curErr : 334, totalErr : 334, remain_work : 3, total : 64
2018-11-20 11:17:35 ERROR Crawler:288 - [ERR URL] https://search.shopping.naver.com/search/all.nhn?frm=NVSHPAG&pagingSize=80&query=%EA%B8%B0%EC%95%84&origQuery=%EA%B8%B0%EC%95%84&pagingIndex=21&viewType=list&sort=rel
2018-11-20 11:17:35 ERROR Crawler:292 - L ERR_WRITE : Contents write failed : Duplicate entry '15799517404' for key 'PRIMARY'
2018-11-20 11:17:35 ERROR Crawler:292 - L ERR_WRITE : Contents write failed : Duplicate entry '15798933006' for key 'PRIMARY'
2018-11-20 11:17:35 INFO  Crawler:297 - [Progress 62] elaped time : 00:00:30, curSave : 1344, Totalsave : 1344, curErr : 336, totalErr : 336, remain_work : 2, total : 64
2018-11-20 11:17:35 INFO  Crawler:297 - [Progress 63] elaped time : 00:00:30, curSave : 1344, Totalsave : 1344, curErr : 336, totalErr : 336, remain_work : 1, total : 64
2018-11-20 11:17:36 INFO  Crawler:297 - [Progress 64] elaped time : 00:00:30, curSave : 1344, Totalsave : 1344, curErr : 336, totalErr : 336, remain_work : 3, total : 67
2018-11-20 11:17:36 ERROR Crawler:288 - [ERR URL] https://search.shopping.naver.com/search/all.nhn?frm=NVSHPAG&pagingSize=80&query=%EA%B8%B0%EC%95%84&origQuery=%EA%B8%B0%EC%95%84&pagingIndex=22&viewType=list&sort=rel
2018-11-20 11:17:36 ERROR Crawler:292 - L ERR_WRITE : Contents write failed : Duplicate entry '15798933006' for key 'PRIMARY'
2018-11-20 11:17:36 INFO  Crawler:297 - [Progress 65] elaped time : 00:00:31, curSave : 1423, Totalsave : 1423, curErr : 337, totalErr : 337, remain_work : 2, total : 67
2018-11-20 11:17:36 INFO  Crawler:297 - [Progress 66] elaped time : 00:00:31, curSave : 1423, Totalsave : 1423, curErr : 337, totalErr : 337, remain_work : 1, total : 67
2018-11-20 11:17:37 INFO  Crawler:297 - [Progress 67] elaped time : 00:00:32, curSave : 1423, Totalsave : 1423, curErr : 337, totalErr : 337, remain_work : 3, total : 70
2018-11-20 11:17:37 ERROR Crawler:288 - [ERR URL] https://search.shopping.naver.com/search/all.nhn?frm=NVSHPAG&pagingSize=80&query=%EA%B8%B0%EC%95%84&origQuery=%EA%B8%B0%EC%95%84&pagingIndex=23&viewType=list&sort=rel
2018-11-20 11:17:37 ERROR Crawler:292 - L ERR_WRITE : Contents write failed : Duplicate entry '15797907181' for key 'PRIMARY'
2018-11-20 11:17:37 ERROR Crawler:292 - L ERR_WRITE : Contents write failed : Duplicate entry '15798930373' for key 'PRIMARY'
2018-11-20 11:17:37 INFO  Crawler:297 - [Progress 68] elaped time : 00:00:32, curSave : 1501, Totalsave : 1501, curErr : 339, totalErr : 339, remain_work : 2, total : 70
2018-11-20 11:17:38 INFO  Crawler:297 - [Progress 69] elaped time : 00:00:32, curSave : 1501, Totalsave : 1501, curErr : 339, totalErr : 339, remain_work : 1, total : 70
2018-11-20 11:17:38 INFO  Crawler:297 - [Progress 70] elaped time : 00:00:33, curSave : 1501, Totalsave : 1501, curErr : 339, totalErr : 339, remain_work : 3, total : 73
2018-11-20 11:17:39 ERROR Crawler:288 - [ERR URL] https://search.shopping.naver.com/search/all.nhn?frm=NVSHPAG&pagingSize=80&query=%EA%B8%B0%EC%95%84&origQuery=%EA%B8%B0%EC%95%84&pagingIndex=24&viewType=list&sort=rel
2018-11-20 11:17:39 ERROR Crawler:292 - L ERR_WRITE : Contents write failed : Duplicate entry '15798930373' for key 'PRIMARY'
2018-11-20 11:17:39 ERROR Crawler:292 - L ERR_WRITE : Contents write failed : Duplicate entry '15798934666' for key 'PRIMARY'
2018-11-20 11:17:39 ERROR Crawler:292 - L ERR_WRITE : Contents write failed : Duplicate entry '15844273426' for key 'PRIMARY'
2018-11-20 11:17:39 ERROR Crawler:292 - L ERR_WRITE : Contents write failed : Duplicate entry '15798933528' for key 'PRIMARY'
2018-11-20 11:17:39 INFO  Crawler:297 - [Progress 71] elaped time : 00:00:33, curSave : 1577, Totalsave : 1577, curErr : 343, totalErr : 343, remain_work : 2, total : 73
2018-11-20 11:17:39 INFO  Crawler:297 - [Progress 72] elaped time : 00:00:34, curSave : 1577, Totalsave : 1577, curErr : 343, totalErr : 343, remain_work : 1, total : 73
2018-11-20 11:17:39 INFO  Crawler:297 - [Progress 73] elaped time : 00:00:34, curSave : 1577, Totalsave : 1577, curErr : 343, totalErr : 343, remain_work : 3, total : 76
2018-11-20 11:17:40 ERROR Crawler:288 - [ERR URL] https://search.shopping.naver.com/search/all.nhn?frm=NVSHPAG&pagingSize=80&query=%EA%B8%B0%EC%95%84&origQuery=%EA%B8%B0%EC%95%84&pagingIndex=25&viewType=list&sort=rel
2018-11-20 11:17:40 ERROR Crawler:292 - L ERR_WRITE : Contents write failed : Duplicate entry '15798933528' for key 'PRIMARY'
2018-11-20 11:17:40 INFO  Crawler:297 - [Progress 74] elaped time : 00:00:35, curSave : 1656, Totalsave : 1656, curErr : 344, totalErr : 344, remain_work : 2, total : 76
2018-11-20 11:17:40 INFO  Crawler:297 - [Progress 75] elaped time : 00:00:35, curSave : 1656, Totalsave : 1656, curErr : 344, totalErr : 344, remain_work : 1, total : 76
2018-11-20 11:17:40 INFO  Crawler:297 - [Progress 76] elaped time : 00:00:35, curSave : 1656, Totalsave : 1656, curErr : 344, totalErr : 344, remain_work : 3, total : 79
2018-11-20 11:17:41 ERROR Crawler:288 - [ERR URL] https://search.shopping.naver.com/search/all.nhn?frm=NVSHPAG&pagingSize=80&query=%EA%B8%B0%EC%95%84&origQuery=%EA%B8%B0%EC%95%84&pagingIndex=26&viewType=list&sort=rel
2018-11-20 11:17:41 ERROR Crawler:292 - L ERR_WRITE : Contents write failed : Duplicate entry '15798930837' for key 'PRIMARY'
2018-11-20 11:17:41 ERROR Crawler:292 - L ERR_WRITE : Contents write failed : Duplicate entry '15798933476' for key 'PRIMARY'
2018-11-20 11:17:41 INFO  Crawler:297 - [Progress 77] elaped time : 00:00:36, curSave : 1734, Totalsave : 1734, curErr : 346, totalErr : 346, remain_work : 2, total : 79
2018-11-20 11:17:41 INFO  Crawler:297 - [Progress 78] elaped time : 00:00:36, curSave : 1734, Totalsave : 1734, curErr : 346, totalErr : 346, remain_work : 1, total : 79
2018-11-20 11:17:41 INFO  Crawler:297 - [Progress 79] elaped time : 00:00:36, curSave : 1734, Totalsave : 1734, curErr : 346, totalErr : 346, remain_work : 3, total : 82
2018-11-20 11:17:42 ERROR Crawler:288 - [ERR URL] https://search.shopping.naver.com/search/all.nhn?frm=NVSHPAG&pagingSize=80&query=%EA%B8%B0%EC%95%84&origQuery=%EA%B8%B0%EC%95%84&pagingIndex=27&viewType=list&sort=rel
2018-11-20 11:17:42 ERROR Crawler:292 - L ERR_WRITE : Contents write failed : Duplicate entry '15798933476' for key 'PRIMARY'
2018-11-20 11:17:42 ERROR Crawler:292 - L ERR_WRITE : Contents write failed : Duplicate entry '15817923089' for key 'PRIMARY'
2018-11-20 11:17:42 ERROR Crawler:292 - L ERR_WRITE : Contents write failed : Duplicate entry '15798928775' for key 'PRIMARY'
2018-11-20 11:17:42 ERROR Crawler:292 - L ERR_WRITE : Contents write failed : Duplicate entry '15798933939' for key 'PRIMARY'
2018-11-20 11:17:42 INFO  Crawler:297 - [Progress 80] elaped time : 00:00:37, curSave : 1810, Totalsave : 1810, curErr : 350, totalErr : 350, remain_work : 2, total : 82
2018-11-20 11:17:43 INFO  Crawler:297 - [Progress 81] elaped time : 00:00:37, curSave : 1810, Totalsave : 1810, curErr : 350, totalErr : 350, remain_work : 1, total : 82
2018-11-20 11:17:43 INFO  Crawler:297 - [Progress 82] elaped time : 00:00:38, curSave : 1810, Totalsave : 1810, curErr : 350, totalErr : 350, remain_work : 3, total : 85
